2026-02-10 00:05:21 - Ablation - INFO - ============================================================
2026-02-10 00:05:21 - Ablation - INFO - M6 消融实验套件
2026-02-10 00:05:21 - Ablation - INFO - ============================================================
2026-02-10 00:05:22 - Ablation - INFO - 
==================================================
2026-02-10 00:05:22 - Ablation - INFO - 消融实验: pure_ml
2026-02-10 00:05:22 - Ablation - INFO - ==================================================
2026-02-10 00:08:04 - Ablation - INFO -   pure_ml: RMSE=1696378, MAPE=174.1%, Test_MAPE=50.2%, 耗时=159.4s
2026-02-10 00:08:04 - Ablation - INFO - 
==================================================
2026-02-10 00:08:04 - Ablation - INFO - 消融实验: pinn_light
2026-02-10 00:08:04 - Ablation - INFO - ==================================================
2026-02-10 00:10:34 - Ablation - INFO -   pinn_light: RMSE=1815955, MAPE=186.6%, Test_MAPE=50.7%, 耗时=148.9s
2026-02-10 00:10:34 - Ablation - INFO - 
==================================================
2026-02-10 00:10:34 - Ablation - INFO - 消融实验: pinn_full
2026-02-10 00:10:34 - Ablation - INFO - ==================================================
2026-02-10 00:13:14 - Ablation - INFO -   pinn_full: RMSE=1815955, MAPE=186.6%, Test_MAPE=50.7%, 耗时=158.9s
2026-02-10 00:13:14 - Ablation - INFO - 消融对比图已保存: C:\Users\16281\Desktop\cpedc_project\outputs\mk_pinn_dt_v2\figs\M6_ablation_qg_comparison.png
2026-02-10 00:13:14 - Ablation - INFO - 消融指标对比图已保存: C:\Users\16281\Desktop\cpedc_project\outputs\mk_pinn_dt_v2\figs\M6_ablation_metrics_comparison.png
2026-02-10 00:13:14 - Ablation - INFO - PDE 残差对比图已保存: C:\Users\16281\Desktop\cpedc_project\outputs\mk_pinn_dt_v2\figs\M6_ablation_pde_residual.png
2026-02-10 00:13:14 - Ablation - INFO - 消融报告已保存: C:\Users\16281\Desktop\cpedc_project\outputs\mk_pinn_dt_v2\reports\M6_ablation_report.md
2026-02-10 00:13:14 - Ablation - INFO - 
============================================================
2026-02-10 00:13:14 - Ablation - INFO - 消融实验摘要
2026-02-10 00:13:14 - Ablation - INFO - ============================================================
2026-02-10 00:13:14 - Ablation - INFO -   pure_ml        : RMSE= 1696378, MAPE= 174.1%, Test_MAPE=  50.2%
2026-02-10 00:13:14 - Ablation - INFO -   pinn_light     : RMSE= 1815955, MAPE= 186.6%, Test_MAPE=  50.7%
2026-02-10 00:13:14 - Ablation - INFO -   pinn_full      : RMSE= 1815955, MAPE= 186.6%, Test_MAPE=  50.7%
