2026-02-25 18:28:04 - Connectivity - INFO -   SYX211: 附表3无效, 用附表8补充 k=0.037 mD (气水同层)
2026-02-25 18:28:04 - Connectivity - INFO -   SY9: 基质k=0.2331 mD → PINN反演k_frac=8.98 mD (裂缝增强)
2026-02-25 18:28:04 - Connectivity - INFO - 各井渗透率(mD): SY101=0.0584, SY102=0.0122, SY116=0.0215, SY13=0.0444, SY201=0.0904, SY9=8.9755, SYX211=0.0370
2026-02-25 18:28:04 - Connectivity - INFO -   SY101: Sw_avg=20.0% (有效储厚加权, h_total=41.7m)
2026-02-25 18:28:04 - Connectivity - INFO -   SY13: Sw_avg=11.8% (有效储厚加权, h_total=41.7m)
2026-02-25 18:28:04 - Connectivity - INFO -   SY201: Sw_avg=12.2% (有效储厚加权, h_total=37.9m)
2026-02-25 18:28:04 - Connectivity - INFO -   SY9: Sw_avg=15.0% (有效储厚加权, h_total=48.4m)
2026-02-25 18:28:04 - Connectivity - INFO -   SY102: Sw_avg=16.8% (有效储厚加权, h_total=45.4m)
2026-02-25 18:28:04 - Connectivity - INFO -   SY116: Sw_avg=27.0% (有效储厚加权, h_total=39.3m)
2026-02-25 18:28:04 - Connectivity - INFO -   SYX211: Sw_avg=30.3% (有效储厚加权, h_total=6.0m)
2026-02-25 18:28:04 - Connectivity - INFO - 附表8 Sw提取完成: 7 口井
2026-02-25 18:28:04 - Connectivity - INFO -   SY101: RT N=402 (有效段[4592.5,4638.8] + [4642.0,4645.8]), geomean=287.5, min=7.9, P10=47.8 Ω·m
2026-02-25 18:28:04 - Connectivity - INFO -   SY13: RT N=339 (有效段[4574.5,4579.8] + [4592.9,4604.4] + [4607.6,4633.5]), geomean=2369.3, min=459.6, P10=749.3 Ω·m
2026-02-25 18:28:04 - Connectivity - INFO -   SY201: RT N=326 (有效段[4548.2,4555.5] + [4575.5,4608.8]), geomean=2009.7, min=70.9, P10=758.7 Ω·m
2026-02-25 18:28:04 - Connectivity - INFO -   SY9: RT N=408 (有效段[4548.6,4564.9] + [4573.4,4607.9]), geomean=668.9, min=35.1, P10=235.0 Ω·m
2026-02-25 18:28:04 - Connectivity - INFO -   SY102: RT N=395 (有效段[4626.8,4676.0]), geomean=801.5, min=172.2, P10=307.6 Ω·m
2026-02-25 18:28:04 - Connectivity - INFO -   SY116: RT N=378 (有效段[4631.6,4637.1] + [4639.0,4680.5]), geomean=381.4, min=72.3, P10=223.2 Ω·m
2026-02-25 18:28:04 - Connectivity - INFO -   SYX211: RT N=330 (有效段[5004.5,5029.8] + [5030.8,5046.5]), geomean=160.7, min=39.5, P10=81.0 Ω·m
2026-02-25 18:28:04 - Connectivity - INFO - RT统计量提取完成(有效储层段): 7 口井
2026-02-25 18:28:04 - Connectivity - INFO - 各井MK底海拔: SYX211=-4417.2m, SY116=-4396.5m, SY13=-4370.4m, SY102=-4364.8m, SY101=-4361.1m, SY201=-4323.7m, SY9=-4310.6m
2026-02-25 18:28:04 - Connectivity - INFO - M2构造面重采样: MK底海拔 [-4413.9, -4314.1]m, GWC=-4385.0m, 低于GWC网格占比=9.6%
2026-02-25 18:28:04 - Connectivity - INFO - M2厚度场重采样: h ∈ [82.8, 93.9]m (sampler复用)
2026-02-25 18:28:04 - Connectivity - INFO - ConnectivityAnalyzer 初始化: 7 口井, 网格 80×80, 实测k约束 7 口, Sw约束 7 口, 构造约束 7 口, GWC=-4385.0m
2026-02-25 18:28:04 - Connectivity - INFO - IDW渗透率场构建完成: 7个控制点 (SY9, SY13, SY201, SY101, SY102, SY116, SYX211), k范围 [0.0122, 8.92] mD
2026-02-25 18:28:04 - Connectivity - INFO - IDW Sw场构建完成: 7个控制点 (SY9, SY13, SY201, SY101, SY102, SY116, SYX211), Sw范围 [11.8, 30.3] %
2026-02-25 18:28:04 - Connectivity - INFO - Sw流体因子校正: Sw_ref=15.0% (5口纯气井中位数, 排除SYX211+SY102), F_Sw范围 [0.823, 1.034]
2026-02-25 18:28:04 - Connectivity - INFO -   SY101: Sw=20.0% → F_Sw=0.941
2026-02-25 18:28:04 - Connectivity - INFO -   SY102: Sw=16.8% → F_Sw=0.978
2026-02-25 18:28:04 - Connectivity - INFO -   SY116: Sw=27.0% → F_Sw=0.859
2026-02-25 18:28:04 - Connectivity - INFO -   SY13: Sw=11.8% → F_Sw=1.037
2026-02-25 18:28:04 - Connectivity - INFO -   SY201: Sw=12.2% → F_Sw=1.032
2026-02-25 18:28:04 - Connectivity - INFO -   SY9: Sw=15.0% → F_Sw=1.000
2026-02-25 18:28:04 - Connectivity - INFO -   SYX211: Sw=30.3% → F_Sw=0.820
2026-02-25 18:28:04 - Connectivity - INFO - 构造阻力因子: γ=1.0, scale=50.0m, S_factor ∈ [1.000, 4.127]
2026-02-25 18:28:04 - Connectivity - INFO - 连通性矩阵计算完成: 7×7
