2026-02-14 22:21:11 - GasPVT - INFO - 解析 PVT 数据: data/raw/附表5-PVT数据__2油藏流体恒质膨胀数据表.csv
2026-02-14 22:21:11 - GasPVT - INFO -   温度: [16.5, 46.5, 78.0, 109.0, 140.32] ℃, 共 5 个
2026-02-14 22:21:11 - GasPVT - INFO -   压力范围: [12.0, 75.7] MPa, 共 25 个点
2026-02-14 22:21:11 - GasPVT - INFO - 解析 PVT 数据: data/raw/附表5-PVT数据__4不同温度下的体积系数.csv
2026-02-14 22:21:11 - GasPVT - INFO -   温度: [16.5, 46.5, 78.0, 109.0, 140.32] ℃, 共 5 个
2026-02-14 22:21:11 - GasPVT - INFO -   压力范围: [12.0, 75.7] MPa, 共 25 个点
2026-02-14 22:21:11 - GasPVT - INFO - 解析 PVT 数据: data/raw/附表5-PVT数据__3不同温度下的压缩系数.csv
2026-02-14 22:21:11 - GasPVT - INFO -   温度: [16.5, 46.5, 78.0, 109.0, 140.32] ℃, 共 5 个
2026-02-14 22:21:11 - GasPVT - INFO -   压力范围: [14.0, 75.7] MPa, 共 24 个点
2026-02-14 22:21:11 - GasPVT - INFO - 解析 PVT 数据: data/raw/附表5-PVT数据__6不同温度下的密度模拟计算.csv
2026-02-14 22:21:11 - GasPVT - INFO -   温度: [16.5, 46.5, 78.0, 109.0, 140.32] ℃, 共 5 个
2026-02-14 22:21:11 - GasPVT - INFO -   压力范围: [12.0, 75.7] MPa, 共 25 个点
2026-02-14 22:21:11 - GasPVT - INFO - 解析热膨胀系数数据: data/raw/附表5-PVT数据__5不同温度下的热膨胀系数.csv
2026-02-14 22:21:11 - GasPVT - INFO -   温度区间: [(16.5, 46.5), (46.5, 78.0), (78.0, 109.0), (109.0, 140.32)]
2026-02-14 22:21:11 - GasPVT - INFO -   代表温度(中点): [31.5, 62.25, 93.5, 124.66] ℃
2026-02-14 22:21:11 - GasPVT - INFO -   压力范围: [12.0, 75.7] MPa, 共 25 个点
2026-02-14 22:21:11 - GasPVT - INFO - GasPVT 初始化完成: T=[16.5, 46.5, 78.0, 109.0, 140.32] ℃, p=[12.0, 75.7] MPa
2026-02-14 22:21:11 - GasPVT - WARNING - cg pressure(MPa): 0 个值 < 12.0, 1 个值 > 75.7321，已 clamp 到表范围，物性取端点值
2026-02-14 22:21:11 - GasPVT - INFO - 解析 PVT 数据: data/raw/附表5-PVT数据__2油藏流体恒质膨胀数据表.csv
2026-02-14 22:21:11 - GasPVT - INFO -   温度: [16.5, 46.5, 78.0, 109.0, 140.32] ℃, 共 5 个
2026-02-14 22:21:11 - GasPVT - INFO -   压力范围: [12.0, 75.7] MPa, 共 25 个点
2026-02-14 22:21:11 - GasPVT - INFO - 解析 PVT 数据: data/raw/附表5-PVT数据__4不同温度下的体积系数.csv
2026-02-14 22:21:11 - GasPVT - INFO -   温度: [16.5, 46.5, 78.0, 109.0, 140.32] ℃, 共 5 个
2026-02-14 22:21:11 - GasPVT - INFO -   压力范围: [12.0, 75.7] MPa, 共 25 个点
2026-02-14 22:21:11 - GasPVT - INFO - 解析 PVT 数据: data/raw/附表5-PVT数据__3不同温度下的压缩系数.csv
2026-02-14 22:21:11 - GasPVT - INFO -   温度: [16.5, 46.5, 78.0, 109.0, 140.32] ℃, 共 5 个
2026-02-14 22:21:11 - GasPVT - INFO -   压力范围: [14.0, 75.7] MPa, 共 24 个点
2026-02-14 22:21:11 - GasPVT - INFO - 解析 PVT 数据: data/raw/附表5-PVT数据__6不同温度下的密度模拟计算.csv
2026-02-14 22:21:11 - GasPVT - INFO -   温度: [16.5, 46.5, 78.0, 109.0, 140.32] ℃, 共 5 个
2026-02-14 22:21:11 - GasPVT - INFO -   压力范围: [12.0, 75.7] MPa, 共 25 个点
2026-02-14 22:21:11 - GasPVT - INFO - 解析热膨胀系数数据: data/raw/附表5-PVT数据__5不同温度下的热膨胀系数.csv
2026-02-14 22:21:11 - GasPVT - INFO -   温度区间: [(16.5, 46.5), (46.5, 78.0), (78.0, 109.0), (109.0, 140.32)]
2026-02-14 22:21:11 - GasPVT - INFO -   代表温度(中点): [31.5, 62.25, 93.5, 124.66] ℃
2026-02-14 22:21:11 - GasPVT - INFO -   压力范围: [12.0, 75.7] MPa, 共 25 个点
2026-02-14 22:21:11 - GasPVT - INFO - GasPVT 初始化完成: T=[16.5, 46.5, 78.0, 109.0, 140.32] ℃, p=[12.0, 75.7] MPa
2026-02-14 22:21:11 - GasPVT - WARNING - Bg pressure(MPa): 0 个值 < 12.0, 1 个值 > 75.7321，已 clamp 到表范围，物性取端点值
