2026-02-14 13:58:30 - M1_DataProcessor - INFO - 📂 成功定位配置文件: C:\Users\16281\Desktop\cpedc_project\config.yaml
2026-02-14 13:58:30 - M1_DataProcessor - INFO - ================================================================================
2026-02-14 13:58:30 - M1_DataProcessor - INFO - M1 数据处理器初始化完成
2026-02-14 13:58:30 - M1_DataProcessor - INFO - ================================================================================
2026-02-14 13:58:30 - M1_DataProcessor - INFO - 
================================================================================
2026-02-14 13:58:30 - M1_DataProcessor - INFO - 开始执行 M1 数据处理流程
2026-02-14 13:58:30 - M1_DataProcessor - INFO - ================================================================================

2026-02-14 13:58:30 - M1_DataProcessor - INFO - 正在加载井位数据...
2026-02-14 13:58:30 - M1_DataProcessor - INFO - 成功加载 7 口井的位置数据
2026-02-14 13:58:30 - M1_DataProcessor - INFO - 正在计算井眼3D轨迹...
2026-02-14 13:58:30 - M1_DataProcessor - INFO -   处理 SY9...
2026-02-14 13:58:30 - M1_DataProcessor - INFO -   处理 SY13...
2026-02-14 13:58:30 - M1_DataProcessor - WARNING - SY13 井斜首测点MD=500.00m（非0），自动补插井口点（MD=0, TVD=0）
2026-02-14 13:58:30 - M1_DataProcessor - INFO - SY13 补插井口点后，测点数: 203
2026-02-14 13:58:30 - M1_DataProcessor - INFO -   处理 SY201...
2026-02-14 13:58:31 - M1_DataProcessor - WARNING - SY201 井斜首测点MD=500.00m（非0），自动补插井口点（MD=0, TVD=0）
2026-02-14 13:58:31 - M1_DataProcessor - INFO - SY201 补插井口点后，测点数: 169
2026-02-14 13:58:31 - M1_DataProcessor - INFO -   处理 SY101...
2026-02-14 13:58:31 - M1_DataProcessor - INFO -   处理 SY102...
2026-02-14 13:58:31 - M1_DataProcessor - WARNING - SY102 TVD累计与井斜表tvd_m的最大误差: 1.57m
2026-02-14 13:58:31 - M1_DataProcessor - INFO -   处理 SY116...
2026-02-14 13:58:45 - M1_DataProcessor - INFO -   处理 SYX211...
2026-02-14 13:58:45 - M1_DataProcessor - WARNING - SYX211 井斜首测点MD=525.00m（非0），自动补插井口点（MD=0, TVD=0）
2026-02-14 13:58:45 - M1_DataProcessor - INFO - SYX211 补插井口点后，测点数: 186
2026-02-14 13:58:46 - M1_DataProcessor - INFO - 成功计算 7 口井的轨迹，共 44943 个测点
2026-02-14 13:58:46 - M1_DataProcessor - INFO - 正在加载分层数据...
2026-02-14 13:58:46 - M1_DataProcessor - INFO - 成功加载 7 口井的分层数据
2026-02-14 13:58:46 - M1_DataProcessor - INFO - 正在提取MK段代表点...
2026-02-14 13:58:46 - M1_DataProcessor - INFO - 成功提取 7 口井的MK段代表点
2026-02-14 13:58:46 - M1_DataProcessor - INFO - 正在加载 SY9 生产数据...
2026-02-14 13:58:46 - M1_DataProcessor - INFO - 成功加载 1332 天的生产数据
2026-02-14 13:58:46 - M1_DataProcessor - INFO - 正在生成数据质量报告...
2026-02-14 13:58:46 - M1_DataProcessor - INFO - 数据质量报告已保存: C:\Users\16281\Desktop\cpedc_project\outputs\mk_pinn_dt_v2\reports\M1_data_quality_report.md
2026-02-14 13:58:46 - M1_DataProcessor - INFO - 
================================================================================
2026-02-14 13:58:46 - M1_DataProcessor - INFO - ✅ M1 数据处理流程执行完成！
2026-02-14 13:58:46 - M1_DataProcessor - INFO - ================================================================================

