2026-02-21 19:39:29 - M4_Run - INFO - cwd set to: C:\Users\16281\Desktop\cpedc_project
2026-02-21 19:39:31 - M4_Run - INFO - ============================================================
2026-02-21 19:39:31 - M4_Run - INFO - M4 PINN 基线训练
2026-02-21 19:39:31 - M4_Run - INFO - ============================================================
2026-02-21 19:39:31 - M4_Run - INFO -   设备: cpu
2026-02-21 19:39:31 - M4_Run - INFO -   训练步数: 20000
2026-02-21 19:39:31 - M4_Run - INFO -   debug_nan: False
2026-02-21 19:39:31 - M4_Run - INFO - 初始化采样器...
2026-02-21 19:39:35 - M4_Run - INFO - 初始化 M4 网络...
2026-02-21 19:39:35 - M4_Run - INFO -   参数量: 416,258
2026-02-21 19:39:35 - M4_Run - INFO - 初始化损失函数...
2026-02-21 19:39:35 - M4_Run - INFO - 初始化 M4 训练器...
2026-02-21 19:39:36 - M4_Run - INFO - 开始 M4 分阶段训练...
2026-02-22 01:06:34 - M4_Run - INFO - M4 训练完成! 耗时: 19618.2s
2026-02-22 01:06:34 - M4_Run - INFO - 生成训练曲线与压力对比图...
2026-02-22 01:06:36 - M4_Run - INFO - 执行 M4 验收...
2026-02-22 01:06:38 - M4_Run - INFO - M4 验收通过 ✅
2026-02-22 01:06:38 - M4_Run - INFO - ============================================================
2026-02-22 01:06:38 - M4_Run - INFO - M4 训练结果摘要
2026-02-22 01:06:38 - M4_Run - INFO - ============================================================
2026-02-22 01:06:38 - M4_Run - INFO -   最终总损失: 1.206680e+01
2026-02-22 01:06:38 - M4_Run - INFO -   最终 IC 损失: 1.768238e-03
2026-02-22 01:06:38 - M4_Run - INFO -   最终 BC 损失: 9.084959e-04
2026-02-22 01:06:38 - M4_Run - INFO -   最终 PDE 损失: 3.226551e-02
2026-02-22 01:06:38 - M4_Run - INFO -   最终 Data 损失: 1.834220e+00
2026-02-22 01:06:38 - M4_Run - INFO - ============================================================
2026-02-22 01:06:38 - M4_Run - INFO - 
输出文件:
2026-02-22 01:06:38 - M4_Run - INFO -   - C:\Users\16281\Desktop\cpedc_project\outputs\mk_pinn_dt_v2\ckpt/pinn_best.pt
2026-02-22 01:06:38 - M4_Run - INFO -   - C:\Users\16281\Desktop\cpedc_project\outputs\mk_pinn_dt_v2\ckpt/pinn_final.pt
2026-02-22 01:06:38 - M4_Run - INFO -   - C:\Users\16281\Desktop\cpedc_project\outputs\mk_pinn_dt_v2\figs/M4_training_history.png
2026-02-22 01:06:38 - M4_Run - INFO -   - C:\Users\16281\Desktop\cpedc_project\outputs\mk_pinn_dt_v2\figs/M4_pressure_comparison.png
2026-02-22 01:06:38 - M4_Run - INFO -   - C:\Users\16281\Desktop\cpedc_project\outputs\mk_pinn_dt_v2\reports/M4_validation_report.md
