2026-03-04 16:20:39 - M5_Run - INFO - ============================================================
2026-03-04 16:20:39 - M5_Run - INFO - M5 单井同化训练
2026-03-04 16:20:39 - M5_Run - INFO - ============================================================
2026-03-04 16:20:39 - M5_Run - INFO -   主井: SY9
2026-03-04 16:20:39 - M5_Run - INFO -   设备: cuda
2026-03-04 16:20:39 - M5_Run - INFO -   训练步数: 20000
2026-03-04 16:20:39 - M5_Run - INFO - 初始化采样器...
2026-03-04 16:20:41 - M5_Run - INFO - 初始化 M5 网络...
2026-03-04 16:20:41 - M5_Run - INFO -   参数量: {'field_net': 416258, 'well_model': 4418, 'k_net': 15297, 'well_singularity': 1153, 'dp_wellbore': 0, 'total': 437126}
2026-03-04 16:20:41 - M5_Run - INFO - 初始化 M5 训练器...
2026-03-04 16:20:42 - M5_Run - INFO - [resume] 加载 best checkpoint 作为微调起点...
2026-03-04 16:20:42 - M5_Run - INFO - [resume] 权重已恢复, 开始微调
2026-03-04 16:20:42 - M5_Run - INFO - 开始 M5 训练...
2026-03-04 17:31:02 - M5_Run - INFO - M5 训练完成! 耗时: 4220.6s
2026-03-04 17:31:02 - M5_Run - INFO - 生成 M5 验收报告 (auto: best vs final 择优)...
2026-03-04 17:31:06 - M5_Run - INFO - ============================================================
2026-03-04 17:31:06 - M5_Run - INFO - M5 训练结果摘要
2026-03-04 17:31:06 - M5_Run - INFO - ============================================================
2026-03-04 17:31:06 - M5_Run - INFO -   反演 k_eff: 9.6803 mD
2026-03-04 17:31:06 - M5_Run - INFO -   反演 f_frac: N/A
2026-03-04 17:31:06 - M5_Run - INFO -   反演 dp_wellbore: 13.30 MPa
2026-03-04 17:31:06 - M5_Run - INFO -   最终总损失: 3.469061e+02
2026-03-04 17:31:06 - M5_Run - INFO -   最终 PDE 损失: 6.621138e+02
2026-03-04 17:31:06 - M5_Run - INFO -   最终 qg 损失: 1.135855e-01
2026-03-04 17:31:06 - M5_Run - INFO - ============================================================
2026-03-04 17:31:06 - M5_Run - INFO - 
输出文件:
2026-03-04 17:31:06 - M5_Run - INFO -   - C:\Users\16281\Desktop\cpedc_project\outputs\mk_pinn_dt_v2\figs/M5_qg_comparison_*.png
2026-03-04 17:31:06 - M5_Run - INFO -   - C:\Users\16281\Desktop\cpedc_project\outputs\mk_pinn_dt_v2\figs/M5_pwf_inversion_*.png
2026-03-04 17:31:06 - M5_Run - INFO -   - C:\Users\16281\Desktop\cpedc_project\outputs\mk_pinn_dt_v2\figs/M5_training_history.png
2026-03-04 17:31:06 - M5_Run - INFO -   - C:\Users\16281\Desktop\cpedc_project\outputs\mk_pinn_dt_v2\figs/M5_pde_residual_map.png
2026-03-04 17:31:06 - M5_Run - INFO -   - C:\Users\16281\Desktop\cpedc_project\outputs\mk_pinn_dt_v2\reports/M5_validation_report.md
2026-03-04 17:31:06 - M5_Run - INFO -   - C:\Users\16281\Desktop\cpedc_project\outputs\mk_pinn_dt_v2\reports/M5_inversion_params.json
