2026-02-12 16:42:19 - M5_Run - INFO - ============================================================
2026-02-12 16:42:19 - M5_Run - INFO - M5 单井同化训练
2026-02-12 16:42:19 - M5_Run - INFO - ============================================================
2026-02-12 16:42:19 - M5_Run - INFO -   主井: SY9
2026-02-12 16:42:19 - M5_Run - INFO -   设备: cuda
2026-02-12 16:42:19 - M5_Run - INFO -   训练步数: 50000
2026-02-12 16:42:19 - M5_Run - INFO - 初始化采样器...
2026-02-12 16:42:21 - M5_Run - INFO - 初始化 M5 网络...
2026-02-12 16:42:21 - M5_Run - INFO -   参数量: {'field_net': 416258, 'well_model': 1156, 'k_net': 15297, 'dp_wellbore': 1, 'total': 432712}
2026-02-12 16:42:21 - M5_Run - INFO - 初始化 M5 训练器...
2026-02-12 16:42:22 - M5_Run - WARNING - 未找到 m5_pinn_last.pt，将从头训练
2026-02-12 16:42:22 - M5_Run - INFO - 开始 M5 训练...
2026-02-12 17:56:40 - M5_Run - INFO - M5 训练完成! 耗时: 4458.5s
2026-02-12 17:56:40 - M5_Run - INFO - 生成 M5 验收报告...
2026-02-12 17:56:45 - M5_Run - INFO - ============================================================
2026-02-12 17:56:45 - M5_Run - INFO - M5 训练结果摘要
2026-02-12 17:56:45 - M5_Run - INFO - ============================================================
2026-02-12 17:56:45 - M5_Run - INFO -   反演 k_eff: 0.1460 mD
2026-02-12 17:56:45 - M5_Run - INFO -   反演 f_frac: 32.54
2026-02-12 17:56:45 - M5_Run - INFO -   反演 dp_wellbore: 5.00 MPa
2026-02-12 17:56:45 - M5_Run - INFO -   最终总损失: 1.917356e+01
2026-02-12 17:56:45 - M5_Run - INFO -   最终 PDE 损失: 4.693736e-03
2026-02-12 17:56:45 - M5_Run - INFO -   最终 qg 损失: 1.325861e+00
2026-02-12 17:56:45 - M5_Run - INFO - ============================================================
2026-02-12 17:56:45 - M5_Run - INFO - 
输出文件:
2026-02-12 17:56:45 - M5_Run - INFO -   - C:\Users\16281\Desktop\cpedc_project\outputs\mk_pinn_dt_v2\figs/M5_qg_comparison_*.png
2026-02-12 17:56:45 - M5_Run - INFO -   - C:\Users\16281\Desktop\cpedc_project\outputs\mk_pinn_dt_v2\figs/M5_pwf_inversion_*.png
2026-02-12 17:56:45 - M5_Run - INFO -   - C:\Users\16281\Desktop\cpedc_project\outputs\mk_pinn_dt_v2\figs/M5_training_history.png
2026-02-12 17:56:45 - M5_Run - INFO -   - C:\Users\16281\Desktop\cpedc_project\outputs\mk_pinn_dt_v2\figs/M5_pde_residual_map.png
2026-02-12 17:56:45 - M5_Run - INFO -   - C:\Users\16281\Desktop\cpedc_project\outputs\mk_pinn_dt_v2\reports/M5_validation_report.md
2026-02-12 17:56:45 - M5_Run - INFO -   - C:\Users\16281\Desktop\cpedc_project\outputs\mk_pinn_dt_v2\reports/M5_inversion_params.json
