2026-02-17 01:14:38 - M5Trainer - INFO -   torch.compile 已跳过 (Triton 不支持 Windows, 使用 eager 模式)
2026-02-17 01:14:38 - M5Trainer - INFO - k_frac 独立参数组: lr=5.00e-03 (factor=5.0)
2026-02-17 01:14:38 - M5Trainer - INFO - k_net 学习率: 1.00e-04 (factor=0.1, warmup=2000 steps)
2026-02-17 01:14:38 - M5Trainer - INFO -   井 SY9: 1332 条同化数据 (train=932, val=199, test=201)
2026-02-17 01:14:38 - M5Trainer - INFO -   M3 PVT cg(76.0, 140.32) = 0.009744
2026-02-17 01:14:38 - M5Trainer - INFO -   M3 PVT Bg(76.0, 140.32) = 0.002577
2026-02-17 01:14:38 - M5Trainer - INFO -   PDE 缩放: αx=0.029719, αy=0.074361
2026-02-17 01:14:38 - M5Trainer - INFO - M5Trainer 初始化完成: device=cuda, lr=0.001, max_steps=5000, relobralo=True, rar=True
2026-02-17 01:14:38 - M5Trainer - INFO - ============================================================
2026-02-17 01:14:38 - M5Trainer - INFO - M5 PINN 井—藏耦合同化训练开始
2026-02-17 01:14:38 - M5Trainer - INFO - ============================================================
2026-02-17 01:14:38 - M5Trainer - INFO - 训练阶段: A[0-500] B[500-1750] C[1750-3500] D[3500-5000]
2026-02-17 01:14:38 - M5Trainer - INFO - --- M5 单位/量纲诊断 (train 第 1 步前) ---
2026-02-17 01:14:38 - M5Trainer - INFO -   qg_obs 范围: 0.00e+00 ~ 8.39e+05 m³/d, 均值: 2.97e+05 m³/d
2026-02-17 01:14:39 - M5Trainer - INFO -   qg_pred 范围: 3.84e+05 ~ 3.86e+05
2026-02-17 01:14:39 - M5Trainer - INFO -   p_wf 范围: 7.43e+01 ~ 7.43e+01 MPa
2026-02-17 01:14:39 - M5Trainer - INFO -   p_field @ well: 7.50e+01 MPa
2026-02-17 01:14:39 - M5Trainer - INFO -   k_frac = 5.4020 mD
2026-02-17 01:14:39 - M5Trainer - INFO -   WI_raw = 4.309845e-13 [检查单位]
2026-02-17 01:14:39 - M5Trainer - INFO -   dp_wellbore = 12.00 MPa
2026-02-17 01:14:39 - M5Trainer - INFO -   Bg_ref = 2.576898e-03
2026-02-17 01:14:39 - M5Trainer - INFO -   qg_obs 范围: 0.00e+00 ~ 8.39e+05 m³/d
2026-02-17 01:14:39 - M5Trainer - INFO -   qg_obs 中位数 = 3.07e+05 m³/d
2026-02-17 01:14:39 - M5Trainer - INFO -   ✅ v9: PDE源项已升级为时变 source(x,y,t) = qg_obs(t) * kernel(x,y)
2026-02-17 01:14:39 - M5Trainer - INFO -   ✅ 每个PDE配点使用其时刻对应的真实观测产量（线性插值）
2026-02-17 01:14:39 - M5Trainer - INFO - --- 诊断结束 ---
2026-02-17 01:14:39 - M5Trainer - INFO -   [shape] SY9: qg pred=(1332, 1) vs obs=(1332, 1), p_wf pred=(1332, 1) vs p_obs=(1332, 1)
2026-02-17 01:14:39 - M5Trainer - INFO -   [Sw约束v9] Sw=[0.260, 0.260, 0.260], 权重=500, 惩罚=0.000000 (低=0.0000, 高=0.0000)
2026-02-17 01:14:39 - M5Trainer - INFO -   ✅ k_frac_mD.grad = 3.819433e-02 (PDE梯度贯通)
2026-02-17 01:14:39 - M5Trainer - INFO -   ✅ k_net: 18 组参数收到梯度
2026-02-17 01:14:39 - M5Trainer - INFO -   [梯度验收] SY9: qg_obs range=[0.0, 838700.0]
2026-02-17 01:14:39 - M5Trainer - INFO -   [Sw监控] SY9: Sw=[0.2600, 0.2600, 0.2600], krg_min=6.751000e-01
2026-02-17 01:14:39 - M5Trainer - INFO -   [best更新] val_score=98.7237 (step 0)
2026-02-17 01:14:39 - M5Trainer - INFO - [Step     0/5000] Stage A | L=8.2397e+02 (IC=1.000e+00, BC=1.000e+00, PDE=1.611e+06, Qg=4.581e-01, Qz=1.480e+01, SwB=0.000e+00) | k_frac=5.4017 mD, dp=12.00 MPa | Sw=[0.260,0.260] | 0.7s
2026-02-17 01:14:39 - M5Trainer - INFO -   [k_frac诊断] grad=3.8194e-02, k_frac=5.401737 mD
2026-02-17 01:14:51 - M5Trainer - INFO - [Step   100/5000] Stage A | L=3.2154e+02 (IC=8.989e-03, BC=1.249e-02, PDE=1.988e+06, Qg=5.336e-01, Qz=2.248e+00, SwB=0.000e+00) | k_frac=5.2673 mD, dp=12.02 MPa | Sw=[0.198,0.493] | 13.1s
2026-02-17 01:15:04 - M5Trainer - INFO -   [梯度验收] SY9: qg_obs range=[0.0, 838700.0]
2026-02-17 01:15:04 - M5Trainer - INFO - [Step   200/5000] Stage A | L=2.9457e+02 (IC=4.819e-02, BC=3.328e-02, PDE=1.739e+06, Qg=4.064e-01, Qz=1.641e+00, SwB=0.000e+00) | k_frac=5.0523 mD, dp=12.05 MPa | Sw=[0.155,0.822] | 25.6s
2026-02-17 01:15:16 - M5Trainer - INFO - [Step   300/5000] Stage A | L=3.7784e+02 (IC=5.133e-02, BC=2.798e-02, PDE=1.922e+06, Qg=3.681e-01, Qz=3.369e+00, SwB=0.000e+00) | k_frac=5.0217 mD, dp=12.05 MPa | Sw=[0.146,0.702] | 37.8s
2026-02-17 01:15:28 - M5Trainer - INFO -   [梯度验收] SY9: qg_obs range=[0.0, 838700.0]
2026-02-17 01:15:28 - M5Trainer - INFO - [Step   400/5000] Stage A | L=3.6871e+02 (IC=4.412e-02, BC=5.171e-02, PDE=1.875e+06, Qg=3.635e-01, Qz=3.392e+00, SwB=0.000e+00) | k_frac=4.9813 mD, dp=12.05 MPa | Sw=[0.156,0.678] | 50.1s
2026-02-17 01:15:41 - M5Trainer - INFO -   [Sw约束v9] Sw=[0.126, 0.382, 0.848], 权重=300, 惩罚=0.000000 (低=0.0000, 高=0.0000)
2026-02-17 01:15:41 - M5Trainer - INFO -   [Sw监控] SY9: Sw=[0.6649, 0.7332, 0.8480], krg_min=1.198414e-02
2026-02-17 01:15:41 - M5Trainer - INFO - [Step   500/5000] Stage B | L=1.4797e+03 (IC=8.655e-02, BC=7.452e-02, PDE=1.637e+06, Qg=3.838e-01, Qz=1.698e+00, SwB=0.000e+00) | k_frac=4.9394 mD, dp=12.05 MPa | Sw=[0.126,0.764] | 62.4s
2026-02-17 01:15:41 - M5Trainer - INFO -   [k_frac诊断] grad=-1.5880e-01, k_frac=4.939408 mD
2026-02-17 01:15:53 - M5Trainer - INFO -   [梯度验收] SY9: qg_obs range=[0.0, 838700.0]
2026-02-17 01:15:53 - M5Trainer - INFO - [Step   600/5000] Stage B | L=1.4969e+03 (IC=2.229e-01, BC=1.361e-01, PDE=1.619e+06, Qg=3.877e-01, Qz=2.107e+00, SwB=2.272e-10) | k_frac=4.9168 mD, dp=12.05 MPa | Sw=[0.141,0.761] | 74.9s
2026-02-17 01:16:06 - M5Trainer - INFO - [Step   700/5000] Stage B | L=2.1262e+03 (IC=1.188e-01, BC=6.258e-02, PDE=1.957e+06, Qg=3.948e-01, Qz=3.808e+00, SwB=4.659e-09) | k_frac=4.8985 mD, dp=12.05 MPa | Sw=[0.141,0.845] | 87.5s
2026-02-17 01:16:18 - M5Trainer - INFO -   [梯度验收] SY9: qg_obs range=[0.0, 838700.0]
2026-02-17 01:16:18 - M5Trainer - INFO - [Step   800/5000] Stage B | L=1.9159e+03 (IC=1.900e-01, BC=1.139e-01, PDE=1.770e+06, Qg=4.350e-01, Qz=2.660e+00, SwB=5.035e-09) | k_frac=4.8483 mD, dp=12.06 MPa | Sw=[0.123,0.815] | 100.0s
2026-02-17 01:16:31 - M5Trainer - INFO - [Step   900/5000] Stage B | L=1.6372e+03 (IC=1.263e-01, BC=8.260e-02, PDE=1.501e+06, Qg=4.175e-01, Qz=3.066e+00, SwB=0.000e+00) | k_frac=4.8185 mD, dp=12.06 MPa | Sw=[0.125,0.791] | 112.6s
2026-02-17 01:16:43 - M5Trainer - INFO -   [Sw约束v9] Sw=[0.123, 0.427, 0.845], 权重=300, 惩罚=0.000000 (低=0.0000, 高=0.0000)
2026-02-17 01:16:43 - M5Trainer - INFO -   [梯度验收] SY9: qg_obs range=[0.0, 838700.0]
2026-02-17 01:16:43 - M5Trainer - INFO -   [Sw监控] SY9: Sw=[0.6380, 0.7193, 0.8453], krg_min=1.270679e-02
2026-02-17 01:16:43 - M5Trainer - INFO - [Step  1000/5000] Stage B | L=1.5209e+03 (IC=1.989e-01, BC=1.297e-01, PDE=1.425e+06, Qg=4.011e-01, Qz=3.527e+00, SwB=0.000e+00) | k_frac=4.7663 mD, dp=12.06 MPa | Sw=[0.123,0.828] | 125.1s
2026-02-17 01:16:43 - M5Trainer - INFO -   [k_frac诊断] grad=1.9709e-01, k_frac=4.766273 mD
2026-02-17 01:16:56 - M5Trainer - INFO - [Step  1100/5000] Stage B | L=2.1176e+03 (IC=7.195e-02, BC=6.532e-02, PDE=1.670e+06, Qg=3.895e-01, Qz=4.040e+00, SwB=2.628e-08) | k_frac=4.7055 mD, dp=12.07 MPa | Sw=[0.125,0.805] | 137.9s
2026-02-17 01:17:09 - M5Trainer - INFO -   [梯度验收] SY9: qg_obs range=[0.0, 838700.0]
2026-02-17 01:17:09 - M5Trainer - INFO - [Step  1200/5000] Stage B | L=2.3284e+03 (IC=3.866e-01, BC=2.479e-01, PDE=1.894e+06, Qg=3.797e-01, Qz=3.320e+00, SwB=2.566e-08) | k_frac=4.6616 mD, dp=12.07 MPa | Sw=[0.129,0.841] | 150.7s
2026-02-17 01:17:22 - M5Trainer - INFO - [Step  1300/5000] Stage B | L=2.0314e+03 (IC=9.806e-02, BC=7.448e-02, PDE=1.520e+06, Qg=3.746e-01, Qz=2.440e+00, SwB=1.233e-07) | k_frac=4.6086 mD, dp=12.08 MPa | Sw=[0.127,0.847] | 163.6s
2026-02-17 01:17:35 - M5Trainer - INFO -   [梯度验收] SY9: qg_obs range=[0.0, 838700.0]
2026-02-17 01:17:35 - M5Trainer - INFO - [Step  1400/5000] Stage B | L=2.2733e+03 (IC=6.834e-02, BC=6.237e-02, PDE=1.564e+06, Qg=3.911e-01, Qz=1.716e+00, SwB=5.085e-07) | k_frac=4.5356 mD, dp=12.08 MPa | Sw=[0.125,0.815] | 176.4s
2026-02-17 01:17:48 - M5Trainer - INFO -   [Sw约束v9] Sw=[0.122, 0.423, 0.859], 权重=300, 惩罚=0.000000 (低=0.0000, 高=0.0000)
2026-02-17 01:17:48 - M5Trainer - INFO -   [Sw监控] SY9: Sw=[0.6376, 0.7281, 0.8590], krg_min=9.264460e-03
2026-02-17 01:17:48 - M5Trainer - INFO - [Step  1500/5000] Stage B | L=2.1583e+03 (IC=1.643e-01, BC=7.151e-02, PDE=1.524e+06, Qg=3.608e-01, Qz=2.239e+00, SwB=2.219e-07) | k_frac=4.4928 mD, dp=12.09 MPa | Sw=[0.122,0.824] | 189.3s
2026-02-17 01:17:48 - M5Trainer - INFO -   [k_frac诊断] grad=-3.1958e-02, k_frac=4.492794 mD
2026-02-17 01:18:01 - M5Trainer - INFO -   [梯度验收] SY9: qg_obs range=[0.0, 838700.0]
2026-02-17 01:18:01 - M5Trainer - INFO - [Step  1600/5000] Stage B | L=2.1281e+03 (IC=1.257e-01, BC=1.176e-01, PDE=1.512e+06, Qg=3.578e-01, Qz=3.954e+00, SwB=2.894e-07) | k_frac=4.4554 mD, dp=12.09 MPa | Sw=[0.133,0.820] | 202.4s
2026-02-17 01:18:14 - M5Trainer - INFO - [Step  1700/5000] Stage B | L=2.1491e+03 (IC=1.469e-01, BC=6.107e-02, PDE=1.443e+06, Qg=3.849e-01, Qz=3.264e+00, SwB=7.474e-07) | k_frac=4.3960 mD, dp=12.10 MPa | Sw=[0.122,0.829] | 215.6s
2026-02-17 01:18:27 - M5Trainer - INFO -   [梯度验收] SY9: qg_obs range=[0.0, 838700.0]
2026-02-17 01:18:27 - M5Trainer - INFO - [Step  1800/5000] Stage C | L=1.1917e+04 (IC=1.294e-01, BC=1.409e-01, PDE=1.590e+06, Qg=3.794e-01, Qz=2.239e+00, SwB=3.086e-07) | k_frac=4.3666 mD, dp=12.11 MPa | Sw=[0.126,0.794] | 228.8s
2026-02-17 01:18:40 - M5Trainer - INFO - [Step  1900/5000] Stage C | L=1.4452e+04 (IC=8.947e-02, BC=6.216e-02, PDE=1.672e+06, Qg=3.699e-01, Qz=2.253e+00, SwB=4.737e-07) | k_frac=4.3213 mD, dp=12.11 MPa | Sw=[0.126,0.860] | 241.9s
2026-02-17 01:18:53 - M5Trainer - INFO -   [Sw约束v9] Sw=[0.123, 0.450, 0.856], 权重=200, 惩罚=0.000000 (低=0.0000, 高=0.0000)
2026-02-17 01:18:53 - M5Trainer - INFO -   [Sw监控] SY9: Sw=[0.6001, 0.7136, 0.8562], krg_min=9.921430e-03
2026-02-17 01:18:53 - M5Trainer - INFO - [Step  2000/5000] Stage C | L=1.3284e+04 (IC=3.116e-01, BC=2.888e-01, PDE=1.748e+06, Qg=3.778e-01, Qz=2.559e+00, SwB=3.002e-08) | k_frac=4.2614 mD, dp=12.12 MPa | Sw=[0.130,0.810] | 255.1s
2026-02-17 01:18:53 - M5Trainer - INFO -   [k_frac诊断] grad=2.1099e-01, k_frac=4.261369 mD
2026-02-17 01:19:07 - M5Trainer - INFO - [Step  2100/5000] Stage C | L=1.4104e+04 (IC=1.089e-01, BC=5.296e-02, PDE=1.440e+06, Qg=3.685e-01, Qz=1.975e+00, SwB=3.774e-07) | k_frac=4.2259 mD, dp=12.14 MPa | Sw=[0.124,0.835] | 268.6s
2026-02-17 01:19:20 - M5Trainer - INFO - [Step  2200/5000] Stage C | L=1.5934e+04 (IC=2.097e-01, BC=2.122e-01, PDE=1.531e+06, Qg=3.845e-01, Qz=2.278e+00, SwB=1.701e-06) | k_frac=4.1735 mD, dp=12.15 MPa | Sw=[0.125,0.839] | 282.1s
2026-02-17 01:19:34 - M5Trainer - INFO - [Step  2300/5000] Stage C | L=1.8165e+04 (IC=2.172e-01, BC=1.249e-01, PDE=1.660e+06, Qg=3.704e-01, Qz=2.415e+00, SwB=1.909e-06) | k_frac=4.1486 mD, dp=12.16 MPa | Sw=[0.121,0.867] | 295.5s
2026-02-17 01:19:47 - M5Trainer - INFO - [Step  2400/5000] Stage C | L=1.4493e+04 (IC=3.446e-01, BC=1.260e-01, PDE=1.509e+06, Qg=3.508e-01, Qz=2.835e+00, SwB=1.366e-06) | k_frac=4.1185 mD, dp=12.17 MPa | Sw=[0.124,0.855] | 309.1s
2026-02-17 01:20:01 - M5Trainer - INFO -   [Sw约束v9] Sw=[0.121, 0.432, 0.867], 权重=200, 惩罚=0.000002 (低=0.0000, 高=0.0000)
2026-02-17 01:20:01 - M5Trainer - INFO -   [Sw监控] SY9: Sw=[0.6064, 0.7172, 0.8674], krg_min=7.428322e-03
2026-02-17 01:20:01 - M5Trainer - INFO - [Step  2500/5000] Stage C | L=1.7352e+04 (IC=1.575e-01, BC=1.023e-01, PDE=1.445e+06, Qg=3.887e-01, Qz=2.911e+00, SwB=1.835e-06) | k_frac=4.1000 mD, dp=12.18 MPa | Sw=[0.127,0.855] | 322.6s
2026-02-17 01:20:01 - M5Trainer - INFO -   [k_frac诊断] grad=2.0465e-01, k_frac=4.099967 mD
2026-02-17 01:20:15 - M5Trainer - INFO - [Step  2600/5000] Stage C | L=1.7590e+04 (IC=2.505e-01, BC=9.273e-02, PDE=1.431e+06, Qg=3.861e-01, Qz=1.943e+00, SwB=4.692e-06) | k_frac=4.0699 mD, dp=12.19 MPa | Sw=[0.121,0.868] | 336.4s
2026-02-17 01:20:29 - M5Trainer - INFO - [Step  2700/5000] Stage C | L=1.6300e+04 (IC=1.844e-01, BC=6.991e-02, PDE=1.406e+06, Qg=3.783e-01, Qz=2.747e+00, SwB=3.528e-06) | k_frac=4.0482 mD, dp=12.20 MPa | Sw=[0.124,0.858] | 350.3s
2026-02-17 01:20:42 - M5Trainer - INFO - [Step  2800/5000] Stage C | L=1.7280e+04 (IC=1.265e-01, BC=5.265e-02, PDE=1.412e+06, Qg=3.573e-01, Qz=2.316e+00, SwB=4.047e-06) | k_frac=4.0266 mD, dp=12.21 MPa | Sw=[0.121,0.868] | 364.1s
2026-02-17 01:20:56 - M5Trainer - INFO - [Step  2900/5000] Stage C | L=2.2476e+04 (IC=1.173e-01, BC=5.739e-02, PDE=1.618e+06, Qg=3.479e-01, Qz=1.913e+00, SwB=1.908e-06) | k_frac=4.0011 mD, dp=12.22 MPa | Sw=[0.121,0.867] | 378.0s
2026-02-17 01:21:10 - M5Trainer - INFO -   [Sw约束v9] Sw=[0.121, 0.427, 0.870], 权重=200, 惩罚=0.000003 (低=0.0000, 高=0.0000)
2026-02-17 01:21:10 - M5Trainer - INFO -   [Sw监控] SY9: Sw=[0.6201, 0.7165, 0.8695], krg_min=6.981809e-03
2026-02-17 01:21:10 - M5Trainer - INFO - [Step  3000/5000] Stage C | L=1.5524e+04 (IC=1.740e-01, BC=8.119e-02, PDE=1.317e+06, Qg=3.662e-01, Qz=2.168e+00, SwB=3.111e-06) | k_frac=3.9851 mD, dp=12.23 MPa | Sw=[0.123,0.868] | 392.0s
2026-02-17 01:21:10 - M5Trainer - INFO -   [k_frac诊断] grad=1.2754e-01, k_frac=3.985146 mD
2026-02-17 01:21:24 - M5Trainer - INFO - [Step  3100/5000] Stage C | L=1.4820e+04 (IC=2.424e-01, BC=1.183e-01, PDE=1.287e+06, Qg=3.790e-01, Qz=1.456e+00, SwB=8.827e-07) | k_frac=3.9627 mD, dp=12.24 MPa | Sw=[0.122,0.854] | 406.1s
2026-02-17 01:21:39 - M5Trainer - INFO - [Step  3200/5000] Stage C | L=1.9749e+04 (IC=1.417e-01, BC=8.356e-02, PDE=1.443e+06, Qg=3.596e-01, Qz=1.768e+00, SwB=1.248e-08) | k_frac=3.9393 mD, dp=12.25 MPa | Sw=[0.122,0.845] | 420.2s
2026-02-17 01:21:53 - M5Trainer - INFO - [Step  3300/5000] Stage C | L=1.3796e+04 (IC=1.982e-01, BC=8.169e-02, PDE=1.151e+06, Qg=3.820e-01, Qz=1.275e+00, SwB=3.669e-07) | k_frac=3.9232 mD, dp=12.26 MPa | Sw=[0.121,0.859] | 434.3s
2026-02-17 01:22:07 - M5Trainer - INFO - [Step  3400/5000] Stage C | L=1.5550e+04 (IC=1.230e-01, BC=6.674e-02, PDE=1.176e+06, Qg=3.499e-01, Qz=1.441e+00, SwB=1.225e-06) | k_frac=3.9150 mD, dp=12.27 MPa | Sw=[0.121,0.854] | 448.4s
2026-02-17 01:22:21 - M5Trainer - INFO -   [Sw约束v9] Sw=[0.121, 0.421, 0.865], 权重=100, 惩罚=0.000001 (低=0.0000, 高=0.0000)
2026-02-17 01:22:21 - M5Trainer - INFO -   [Sw监控] SY9: Sw=[0.6049, 0.7230, 0.8648], krg_min=7.977993e-03
2026-02-17 01:22:21 - M5Trainer - INFO - [Step  3500/5000] Stage D | L=1.5036e+04 (IC=1.240e-01, BC=1.283e-01, PDE=1.185e+06, Qg=3.593e-01, Qz=1.798e+00, SwB=7.022e-07) | k_frac=3.9033 mD, dp=12.27 MPa | Sw=[0.123,0.863] | 462.6s
2026-02-17 01:22:21 - M5Trainer - INFO -   [k_frac诊断] grad=-1.3751e-01, k_frac=3.903338 mD
2026-02-17 01:22:35 - M5Trainer - INFO - [Step  3600/5000] Stage D | L=1.4166e+04 (IC=1.931e-01, BC=6.807e-02, PDE=1.126e+06, Qg=3.180e-01, Qz=1.449e+00, SwB=1.570e-06) | k_frac=3.8982 mD, dp=12.28 MPa | Sw=[0.123,0.854] | 477.1s
2026-02-17 01:22:50 - M5Trainer - INFO - [Step  3700/5000] Stage D | L=1.6566e+04 (IC=1.478e-01, BC=9.909e-02, PDE=1.242e+06, Qg=3.363e-01, Qz=1.480e+00, SwB=1.388e-06) | k_frac=3.8913 mD, dp=12.28 MPa | Sw=[0.127,0.855] | 491.6s
2026-02-17 01:23:04 - M5Trainer - INFO - [Step  3800/5000] Stage D | L=1.9351e+04 (IC=1.788e-01, BC=8.983e-02, PDE=1.376e+06, Qg=3.304e-01, Qz=1.554e+00, SwB=3.142e-07) | k_frac=3.8870 mD, dp=12.29 MPa | Sw=[0.131,0.852] | 506.1s
2026-02-17 01:23:19 - M5Trainer - INFO - [Step  3900/5000] Stage D | L=1.7210e+04 (IC=2.463e-01, BC=9.874e-02, PDE=1.308e+06, Qg=3.392e-01, Qz=1.358e+00, SwB=5.582e-06) | k_frac=3.8815 mD, dp=12.29 MPa | Sw=[0.121,0.867] | 520.7s
2026-02-17 01:23:34 - M5Trainer - INFO -   [Sw约束v9] Sw=[0.121, 0.399, 0.866], 权重=100, 惩罚=0.000004 (低=0.0000, 高=0.0000)
2026-02-17 01:23:34 - M5Trainer - INFO -   [Sw监控] SY9: Sw=[0.5366, 0.7150, 0.8664], krg_min=7.621476e-03
2026-02-17 01:23:34 - M5Trainer - INFO - [Step  4000/5000] Stage D | L=1.4258e+04 (IC=2.348e-01, BC=9.581e-02, PDE=1.162e+06, Qg=3.222e-01, Qz=1.378e+00, SwB=4.103e-06) | k_frac=3.8803 mD, dp=12.29 MPa | Sw=[0.121,0.863] | 535.3s
2026-02-17 01:23:34 - M5Trainer - INFO -   [k_frac诊断] grad=4.8020e-02, k_frac=3.880256 mD
2026-02-17 01:23:49 - M5Trainer - INFO - [Step  4100/5000] Stage D | L=1.1945e+04 (IC=2.315e-01, BC=9.239e-02, PDE=1.037e+06, Qg=3.308e-01, Qz=1.265e+00, SwB=4.008e-06) | k_frac=3.8762 mD, dp=12.30 MPa | Sw=[0.121,0.864] | 550.2s
2026-02-17 01:24:03 - M5Trainer - INFO - [Step  4200/5000] Stage D | L=1.3070e+04 (IC=1.252e-01, BC=1.035e-01, PDE=1.079e+06, Qg=3.238e-01, Qz=1.715e+00, SwB=3.551e-06) | k_frac=3.8732 mD, dp=12.30 MPa | Sw=[0.123,0.865] | 565.2s
2026-02-17 01:24:18 - M5Trainer - INFO - [Step  4300/5000] Stage D | L=1.1306e+04 (IC=1.434e-01, BC=8.938e-02, PDE=9.814e+05, Qg=3.244e-01, Qz=1.572e+00, SwB=2.550e-06) | k_frac=3.8732 mD, dp=12.30 MPa | Sw=[0.121,0.859] | 580.1s
2026-02-17 01:24:33 - M5Trainer - INFO - [Step  4400/5000] Stage D | L=1.2615e+04 (IC=2.607e-01, BC=1.096e-01, PDE=1.098e+06, Qg=3.075e-01, Qz=1.517e+00, SwB=3.723e-07) | k_frac=3.8713 mD, dp=12.30 MPa | Sw=[0.124,0.846] | 594.9s
2026-02-17 01:24:48 - M5Trainer - INFO -   [Sw约束v9] Sw=[0.121, 0.403, 0.866], 权重=100, 惩罚=0.000001 (低=0.0000, 高=0.0000)
2026-02-17 01:24:48 - M5Trainer - INFO -   [Sw监控] SY9: Sw=[0.6009, 0.7099, 0.8629], krg_min=8.388205e-03
2026-02-17 01:24:48 - M5Trainer - INFO - [Step  4500/5000] Stage D | L=1.1636e+04 (IC=2.075e-01, BC=1.062e-01, PDE=1.025e+06, Qg=3.008e-01, Qz=1.499e+00, SwB=6.357e-07) | k_frac=3.8697 mD, dp=12.30 MPa | Sw=[0.123,0.849] | 609.8s
2026-02-17 01:24:48 - M5Trainer - INFO -   [k_frac诊断] grad=1.0795e-01, k_frac=3.869742 mD
2026-02-17 01:25:03 - M5Trainer - INFO - [Step  4600/5000] Stage D | L=1.3433e+04 (IC=1.832e-01, BC=9.702e-02, PDE=1.101e+06, Qg=3.035e-01, Qz=1.506e+00, SwB=9.167e-07) | k_frac=3.8687 mD, dp=12.30 MPa | Sw=[0.122,0.858] | 625.2s
2026-02-17 01:25:19 - M5Trainer - INFO - [Step  4700/5000] Stage D | L=1.0541e+04 (IC=1.941e-01, BC=1.036e-01, PDE=9.562e+05, Qg=3.020e-01, Qz=1.441e+00, SwB=1.104e-06) | k_frac=3.8687 mD, dp=12.30 MPa | Sw=[0.124,0.861] | 640.5s
2026-02-17 01:25:34 - M5Trainer - INFO - [Step  4800/5000] Stage D | L=1.1168e+04 (IC=1.493e-01, BC=9.811e-02, PDE=9.699e+05, Qg=3.001e-01, Qz=1.436e+00, SwB=1.070e-06) | k_frac=3.8683 mD, dp=12.30 MPa | Sw=[0.126,0.862] | 655.8s
2026-02-17 01:25:49 - M5Trainer - INFO - [Step  4900/5000] Stage D | L=9.5317e+03 (IC=2.559e-01, BC=1.049e-01, PDE=9.158e+05, Qg=2.989e-01, Qz=1.443e+00, SwB=8.796e-07) | k_frac=3.8682 mD, dp=12.30 MPa | Sw=[0.130,0.853] | 671.0s
2026-02-17 01:26:05 - M5Trainer - INFO - [Step  4999/5000] Stage D | L=1.1704e+04 (IC=1.524e-01, BC=1.139e-01, PDE=1.006e+06, Qg=2.984e-01, Qz=1.437e+00, SwB=8.656e-07) | k_frac=3.8682 mD, dp=12.30 MPa | Sw=[0.123,0.855] | 686.2s
2026-02-17 01:26:05 - M5Trainer - INFO - 
M5 训练完成! 耗时: 686.2s, 最佳验证分数(val_score): 87.8411
2026-02-17 01:26:05 - M5Trainer - INFO - 配置快照已保存: C:\Users\16281\Desktop\cpedc_project\outputs\mk_pinn_dt_v2\resolved_config_m5.json
2026-02-17 01:26:05 - M5Trainer - INFO - 反演参数审计: C:\Users\16281\Desktop\cpedc_project\outputs\mk_pinn_dt_v2\reports\M5_inversion_params.json
2026-02-17 01:26:05 - M5Trainer - INFO -   history 已恢复 (5000 步)
2026-02-17 01:26:05 - M5Trainer - INFO - 已加载 M5 检查点: C:\Users\16281\Desktop\cpedc_project\outputs\mk_pinn_dt_v2\ckpt\m5_pinn_best.pt
2026-02-17 01:26:05 - M5Trainer - INFO - qg 对比图已保存: C:\Users\16281\Desktop\cpedc_project\outputs\mk_pinn_dt_v2\figs\M5_qg_comparison_SY9.png
2026-02-17 01:26:05 - M5Trainer - INFO - p_wf 反演图已保存: C:\Users\16281\Desktop\cpedc_project\outputs\mk_pinn_dt_v2\figs\M5_pwf_inversion_SY9.png
2026-02-17 01:26:06 - M5Trainer - INFO - 训练曲线图已保存: C:\Users\16281\Desktop\cpedc_project\outputs\mk_pinn_dt_v2\figs\M5_training_history.png
2026-02-17 01:26:06 - M5Trainer - INFO - 残差热力图已保存: C:\Users\16281\Desktop\cpedc_project\outputs\mk_pinn_dt_v2\figs\M5_pde_residual_map.png
2026-02-17 01:26:07 - M5Trainer - INFO - M6 连通性分析完成
2026-02-17 01:26:09 - M5Trainer - INFO - M7 水侵预警分析完成
2026-02-17 01:26:09 - M5Trainer - INFO -   history 已恢复 (5000 步)
2026-02-17 01:26:09 - M5Trainer - INFO - 已加载 M5 检查点: C:\Users\16281\Desktop\cpedc_project\outputs\mk_pinn_dt_v2\ckpt\m5_pinn_final.pt
2026-02-17 01:26:09 - M5Trainer - INFO -   history 已恢复 (5000 步)
2026-02-17 01:26:09 - M5Trainer - INFO - 已加载 M5 检查点: C:\Users\16281\Desktop\cpedc_project\outputs\mk_pinn_dt_v2\ckpt\m5_pinn_best.pt
2026-02-17 01:26:09 - M5Trainer - INFO - M5 验收报告已保存: C:\Users\16281\Desktop\cpedc_project\outputs\mk_pinn_dt_v2\reports\M5_validation_report.md
