2026-02-18 18:41:32 - M5Trainer - INFO -   torch.compile 已跳过 (Triton 不支持 Windows, 使用 eager 模式)
2026-02-18 18:41:32 - M5Trainer - INFO - k_frac 独立参数组: lr=3.00e-03 (factor=3.0)
2026-02-18 18:41:33 - M5Trainer - INFO - k_net 学习率: 1.00e-04 (factor=0.1, warmup=2000 steps)
2026-02-18 18:41:33 - M5Trainer - INFO -   井 SY9: 1332 条同化数据 (train=799, val=266, test=267)
    开井点数 (q>1): train=745, val=88, test=121
    有效压力点: val_p=109, test_p=121
2026-02-18 18:41:33 - M5Trainer - INFO -   train time window(norm): [0.0000, 0.5995]
2026-02-18 18:41:33 - M5Trainer - INFO -   M3 PVT cg(76.0, 140.32) = 0.009744
2026-02-18 18:41:33 - M5Trainer - INFO -   M3 PVT Bg(76.0, 140.32) = 0.002577
2026-02-18 18:41:33 - M5Trainer - INFO -   PDE 缩放: αx=0.029719, αy=0.074361
2026-02-18 18:41:33 - M5Trainer - INFO - M5Trainer 初始化完成: device=cuda, lr=0.001, max_steps=18000, relobralo=True, rar=True
2026-02-18 18:41:33 - M5Trainer - INFO - ============================================================
2026-02-18 18:41:33 - M5Trainer - INFO - M5 PINN 井—藏耦合同化训练开始
2026-02-18 18:41:33 - M5Trainer - INFO - ============================================================
2026-02-18 18:41:33 - M5Trainer - INFO - 训练阶段: A[0-1800] B[1800-6300] C[6300-12600] D[12600-18000]
2026-02-18 18:41:33 - M5Trainer - INFO -   qg_nearzero 权重: A=3.0, B=6.0->9.0, C=12.0, D=3.0, enable=True
2026-02-18 18:41:33 - M5Trainer - INFO - --- M5 单位/量纲诊断 (train 第 1 步前) ---
2026-02-18 18:41:33 - M5Trainer - INFO -   qg_obs 范围: 0.00e+00 ~ 8.39e+05 m³/d, 均值: 2.97e+05 m³/d
2026-02-18 18:41:33 - M5Trainer - INFO -   qg_pred 范围: 3.83e+05 ~ 3.92e+05
2026-02-18 18:41:33 - M5Trainer - INFO -   p_wf 范围: 7.43e+01 ~ 7.43e+01 MPa
2026-02-18 18:41:33 - M5Trainer - INFO -   p_field @ well: 7.50e+01 MPa
2026-02-18 18:41:33 - M5Trainer - INFO -   k_frac = 5.4020 mD
2026-02-18 18:41:33 - M5Trainer - INFO -   WI_raw = 4.309845e-13 [检查单位]
2026-02-18 18:41:33 - M5Trainer - INFO -   dp_wellbore = 12.00 MPa
2026-02-18 18:41:33 - M5Trainer - INFO -   Bg_ref = 2.576898e-03
2026-02-18 18:41:33 - M5Trainer - INFO -   qg_obs 范围: 0.00e+00 ~ 8.39e+05 m³/d
2026-02-18 18:41:33 - M5Trainer - INFO -   qg_obs 中位数 = 3.07e+05 m³/d
2026-02-18 18:41:33 - M5Trainer - INFO -   ✅ v9: PDE源项已升级为时变 source(x,y,t) = qg_obs(t) * kernel(x,y)
2026-02-18 18:41:33 - M5Trainer - INFO -   ✅ 每个PDE配点使用其时刻对应的真实观测产量（线性插值）
2026-02-18 18:41:33 - M5Trainer - INFO - --- 诊断结束 ---
2026-02-18 18:41:33 - M5Trainer - INFO -   [shape] SY9: qg pred=(1332, 1) vs obs=(1332, 1), p_wf pred=(1332, 1) vs p_obs=(1332, 1)
2026-02-18 18:41:34 - M5Trainer - INFO -   [Sw约束v9] Sw=[0.260, 0.260, 0.260], 权重=500, 惩罚=0.000000 (低=0.0000, 高=0.0000)
2026-02-18 18:41:34 - M5Trainer - INFO -   ✅ k_frac_mD.grad = -6.112643e-03 (PDE梯度贯通)
2026-02-18 18:41:34 - M5Trainer - INFO -   ✅ k_net: 18 组参数收到梯度
2026-02-18 18:41:34 - M5Trainer - INFO -   [梯度验收] SY9: qg_obs range=[0.0, 838700.0]
2026-02-18 18:41:34 - M5Trainer - INFO -   [Sw监控] SY9: Sw=[0.2600, 0.2600, 0.2600], krg_min=6.751000e-01
2026-02-18 18:41:34 - M5Trainer - INFO - [Step     0/18000] Stage A | L=7.8710e+02 (IC=1.000e+00, BC=1.000e+00, PDE=1.611e+06, Qg=3.026e-01, Qz=1.270e-01, Sd=3.639e-01, SwB=0.000e+00) | k_frac=5.4022 mD, dp=12.00 MPa | Sw=[0.260,0.260] | 0.7s
2026-02-18 18:41:34 - M5Trainer - INFO -   [k_frac诊断] grad=-6.1126e-03, k_frac=5.402157 mD
2026-02-18 18:41:47 - M5Trainer - INFO - [Step   100/18000] Stage A | L=3.0657e+02 (IC=8.053e-03, BC=1.087e-02, PDE=1.988e+06, Qg=2.928e-01, Qz=1.320e-01, Sd=7.102e-01, SwB=0.000e+00) | k_frac=5.4102 mD, dp=12.02 MPa | Sw=[0.246,0.282] | 14.1s
2026-02-18 18:42:01 - M5Trainer - INFO -   [梯度验收] SY9: qg_obs range=[0.0, 838700.0]
2026-02-18 18:42:01 - M5Trainer - INFO - [Step   200/18000] Stage A | L=1.8556e+02 (IC=2.467e-02, BC=1.685e-02, PDE=1.738e+06, Qg=3.256e-01, Qz=7.677e-02, Sd=1.491e+01, SwB=0.000e+00) | k_frac=5.1742 mD, dp=12.06 MPa | Sw=[0.148,0.636] | 28.2s
2026-02-18 18:42:16 - M5Trainer - INFO - [Step   300/18000] Stage A | L=2.5449e+02 (IC=7.796e-02, BC=7.087e-02, PDE=1.921e+06, Qg=2.674e-01, Qz=5.970e-02, Sd=1.784e+01, SwB=0.000e+00) | k_frac=5.0837 mD, dp=12.07 MPa | Sw=[0.170,0.470] | 43.0s
2026-02-18 18:42:32 - M5Trainer - INFO -   [梯度验收] SY9: qg_obs range=[0.0, 838700.0]
2026-02-18 18:42:32 - M5Trainer - INFO - [Step   400/18000] Stage A | L=3.2705e+02 (IC=1.075e-01, BC=9.283e-02, PDE=1.874e+06, Qg=2.180e-01, Qz=4.631e-02, Sd=2.273e+01, SwB=0.000e+00) | k_frac=5.0181 mD, dp=12.08 MPa | Sw=[0.152,0.552] | 58.7s
2026-02-18 18:42:46 - M5Trainer - INFO -   [Sw约束v9] Sw=[0.152, 0.291, 0.739], 权重=500, 惩罚=0.000000 (低=0.0000, 高=0.0000)
2026-02-18 18:42:46 - M5Trainer - INFO -   [Sw监控] SY9: Sw=[0.1597, 0.5361, 0.7505], krg_min=5.170122e-02
2026-02-18 18:42:46 - M5Trainer - INFO - [Step   500/18000] Stage A | L=2.4748e+02 (IC=7.677e-02, BC=5.947e-02, PDE=1.574e+06, Qg=2.252e-01, Qz=3.459e-02, Sd=2.401e+01, SwB=0.000e+00) | k_frac=4.9781 mD, dp=12.08 MPa | Sw=[0.152,0.614] | 73.3s
2026-02-18 18:42:46 - M5Trainer - INFO -   [k_frac诊断] grad=1.6116e-01, k_frac=4.978113 mD
2026-02-18 18:43:02 - M5Trainer - INFO -   [梯度验收] SY9: qg_obs range=[0.0, 838700.0]
2026-02-18 18:43:02 - M5Trainer - INFO - [Step   600/18000] Stage A | L=2.4773e+02 (IC=3.093e-02, BC=2.198e-02, PDE=1.554e+06, Qg=2.191e-01, Qz=2.134e-02, Sd=2.307e+01, SwB=0.000e+00) | k_frac=4.9232 mD, dp=12.09 MPa | Sw=[0.152,0.669] | 88.6s
2026-02-18 18:43:18 - M5Trainer - INFO - [Step   700/18000] Stage A | L=3.3345e+02 (IC=1.663e-01, BC=2.173e-01, PDE=1.865e+06, Qg=2.466e-01, Qz=2.752e-02, Sd=2.212e+01, SwB=0.000e+00) | k_frac=4.8633 mD, dp=12.11 MPa | Sw=[0.156,0.594] | 104.5s
2026-02-18 18:43:33 - M5Trainer - INFO -   [梯度验收] SY9: qg_obs range=[0.0, 838700.0]
2026-02-18 18:43:33 - M5Trainer - INFO - [Step   800/18000] Stage A | L=3.1194e+02 (IC=5.516e-02, BC=4.347e-02, PDE=1.697e+06, Qg=2.655e-01, Qz=2.493e-02, Sd=2.361e+01, SwB=0.000e+00) | k_frac=4.8252 mD, dp=12.12 MPa | Sw=[0.149,0.580] | 120.1s
2026-02-18 18:43:49 - M5Trainer - INFO - [Step   900/18000] Stage A | L=2.5094e+02 (IC=3.170e-02, BC=2.144e-02, PDE=1.445e+06, Qg=2.339e-01, Qz=1.812e-02, Sd=2.341e+01, SwB=0.000e+00) | k_frac=4.7748 mD, dp=12.13 MPa | Sw=[0.143,0.634] | 135.6s
2026-02-18 18:44:04 - M5Trainer - INFO -   [Sw约束v9] Sw=[0.144, 0.296, 0.762], 权重=500, 惩罚=0.000000 (低=0.0000, 高=0.0000)
2026-02-18 18:44:04 - M5Trainer - INFO -   [梯度验收] SY9: qg_obs range=[0.0, 838700.0]
2026-02-18 18:44:04 - M5Trainer - INFO -   [Sw监控] SY9: Sw=[0.4496, 0.6033, 0.7639], krg_min=4.461825e-02
2026-02-18 18:44:04 - M5Trainer - INFO - [Step  1000/18000] Stage A | L=2.0854e+02 (IC=1.111e-01, BC=1.297e-01, PDE=1.360e+06, Qg=2.247e-01, Qz=2.251e-02, Sd=2.320e+01, SwB=0.000e+00) | k_frac=4.7366 mD, dp=12.14 MPa | Sw=[0.143,0.640] | 151.2s
2026-02-18 18:44:04 - M5Trainer - INFO -   [k_frac诊断] grad=1.6380e-01, k_frac=4.736642 mD
2026-02-18 18:44:20 - M5Trainer - INFO - [Step  1100/18000] Stage A | L=2.5726e+02 (IC=7.523e-02, BC=5.522e-02, PDE=1.586e+06, Qg=2.248e-01, Qz=2.447e-02, Sd=2.490e+01, SwB=0.000e+00) | k_frac=4.6988 mD, dp=12.16 MPa | Sw=[0.143,0.649] | 167.0s
2026-02-18 18:44:36 - M5Trainer - INFO -   [梯度验收] SY9: qg_obs range=[0.0, 838700.0]
2026-02-18 18:44:36 - M5Trainer - INFO - [Step  1200/18000] Stage A | L=3.3239e+02 (IC=6.429e-02, BC=6.435e-02, PDE=1.791e+06, Qg=2.281e-01, Qz=1.601e-02, Sd=2.351e+01, SwB=0.000e+00) | k_frac=4.6561 mD, dp=12.17 MPa | Sw=[0.146,0.703] | 182.6s
2026-02-18 18:44:51 - M5Trainer - INFO - [Step  1300/18000] Stage A | L=2.5753e+02 (IC=3.951e-02, BC=2.368e-02, PDE=1.444e+06, Qg=2.143e-01, Qz=1.610e-02, Sd=2.309e+01, SwB=0.000e+00) | k_frac=4.6040 mD, dp=12.19 MPa | Sw=[0.141,0.668] | 197.9s
2026-02-18 18:45:07 - M5Trainer - INFO -   [梯度验收] SY9: qg_obs range=[0.0, 838700.0]
2026-02-18 18:45:07 - M5Trainer - INFO - [Step  1400/18000] Stage A | L=2.7073e+02 (IC=4.586e-02, BC=4.395e-02, PDE=1.487e+06, Qg=3.589e-01, Qz=2.095e-02, Sd=2.742e+01, SwB=0.000e+00) | k_frac=4.5875 mD, dp=12.20 MPa | Sw=[0.148,0.565] | 213.3s
2026-02-18 18:45:22 - M5Trainer - INFO -   [Sw约束v9] Sw=[0.138, 0.293, 0.775], 权重=500, 惩罚=0.000000 (低=0.0000, 高=0.0000)
2026-02-18 18:45:22 - M5Trainer - INFO -   [Sw监控] SY9: Sw=[0.4331, 0.6405, 0.7699], krg_min=4.160868e-02
2026-02-18 18:45:22 - M5Trainer - INFO - [Step  1500/18000] Stage A | L=2.5840e+02 (IC=4.918e-02, BC=3.520e-02, PDE=1.460e+06, Qg=2.609e-01, Qz=1.920e-02, Sd=2.416e+01, SwB=0.000e+00) | k_frac=4.5199 mD, dp=12.22 MPa | Sw=[0.138,0.674] | 228.7s
2026-02-18 18:45:22 - M5Trainer - INFO -   [k_frac诊断] grad=-1.9632e-01, k_frac=4.519930 mD
2026-02-18 18:45:37 - M5Trainer - INFO -   [梯度验收] SY9: qg_obs range=[0.0, 838700.0]
2026-02-18 18:45:37 - M5Trainer - INFO - [Step  1600/18000] Stage A | L=2.5467e+02 (IC=5.831e-02, BC=5.503e-02, PDE=1.449e+06, Qg=2.158e-01, Qz=1.396e-02, Sd=2.389e+01, SwB=0.000e+00) | k_frac=4.4890 mD, dp=12.23 MPa | Sw=[0.142,0.628] | 243.9s
2026-02-18 18:45:52 - M5Trainer - INFO - [Step  1700/18000] Stage A | L=2.4107e+02 (IC=4.210e-02, BC=4.190e-02, PDE=1.385e+06, Qg=2.782e-01, Qz=1.661e-02, Sd=2.733e+01, SwB=0.000e+00) | k_frac=4.4695 mD, dp=12.24 MPa | Sw=[0.145,0.602] | 259.1s
2026-02-18 18:46:07 - M5Trainer - INFO -   [梯度验收] SY9: qg_obs range=[0.0, 838700.0]
2026-02-18 18:46:07 - M5Trainer - INFO - [Step  1800/18000] Stage B | L=1.5916e+03 (IC=2.426e-02, BC=2.066e-02, PDE=1.520e+06, Qg=2.139e-01, Qz=1.217e-02, Sd=2.496e+01, SwB=0.000e+00) | k_frac=4.4297 mD, dp=12.26 MPa | Sw=[0.142,0.641] | 274.2s
2026-02-18 18:46:23 - M5Trainer - INFO - [Step  1900/18000] Stage B | L=1.6401e+03 (IC=6.508e-02, BC=6.156e-02, PDE=1.596e+06, Qg=2.423e-01, Qz=1.218e-03, Sd=6.349e-01, SwB=0.000e+00) | k_frac=4.3746 mD, dp=12.50 MPa | Sw=[0.147,0.685] | 289.3s
2026-02-18 18:46:38 - M5Trainer - INFO -   [Sw约束v9] Sw=[0.141, 0.292, 0.727], 权重=300, 惩罚=0.000000 (低=0.0000, 高=0.0000)
2026-02-18 18:46:38 - M5Trainer - INFO -   [Sw监控] SY9: Sw=[0.4448, 0.5887, 0.7267], krg_min=6.564614e-02
2026-02-18 18:46:38 - M5Trainer - INFO -   [best更新] val_score=26.0230 (step 2000)
2026-02-18 18:46:38 - M5Trainer - INFO - [Step  2000/18000] Stage B | L=1.5424e+03 (IC=1.515e-01, BC=1.778e-01, PDE=1.663e+06, Qg=2.225e-01, Qz=7.782e-04, Sd=3.867e-01, SwB=0.000e+00) | k_frac=4.3380 mD, dp=12.60 MPa | Sw=[0.145,0.605] | 304.5s
2026-02-18 18:46:38 - M5Trainer - INFO -   [k_frac诊断] grad=-1.9226e-01, k_frac=4.338010 mD
2026-02-18 18:46:53 - M5Trainer - INFO - [Step  2100/18000] Stage B | L=1.5728e+03 (IC=7.385e-02, BC=4.586e-02, PDE=1.377e+06, Qg=2.130e-01, Qz=7.415e-04, Sd=4.374e-01, SwB=0.000e+00) | k_frac=4.3064 mD, dp=12.68 MPa | Sw=[0.148,0.672] | 320.0s
2026-02-18 18:47:09 - M5Trainer - INFO - [Step  2200/18000] Stage B | L=1.7355e+03 (IC=7.162e-02, BC=7.015e-02, PDE=1.463e+06, Qg=2.180e-01, Qz=1.655e-03, Sd=4.236e-01, SwB=0.000e+00) | k_frac=4.2869 mD, dp=12.78 MPa | Sw=[0.146,0.619] | 335.6s
2026-02-18 18:47:24 - M5Trainer - INFO - [Step  2300/18000] Stage B | L=2.0532e+03 (IC=5.726e-02, BC=3.889e-02, PDE=1.579e+06, Qg=2.279e-01, Qz=8.537e-04, Sd=3.714e-01, SwB=0.000e+00) | k_frac=4.2582 mD, dp=12.87 MPa | Sw=[0.144,0.635] | 351.1s
2026-02-18 18:47:40 - M5Trainer - INFO - [Step  2400/18000] Stage B | L=1.3663e+03 (IC=1.080e-01, BC=8.073e-02, PDE=1.440e+06, Qg=1.956e-01, Qz=1.517e-03, Sd=4.670e-01, SwB=0.000e+00) | k_frac=4.2316 mD, dp=12.97 MPa | Sw=[0.148,0.584] | 366.7s
2026-02-18 18:47:55 - M5Trainer - INFO -   [Sw约束v9] Sw=[0.148, 0.267, 0.678], 权重=300, 惩罚=0.000000 (低=0.0000, 高=0.0000)
2026-02-18 18:47:55 - M5Trainer - INFO -   [Sw监控] SY9: Sw=[0.3926, 0.5455, 0.6944], krg_min=8.723917e-02
2026-02-18 18:47:55 - M5Trainer - INFO - [Step  2500/18000] Stage B | L=1.7437e+03 (IC=4.442e-02, BC=3.374e-02, PDE=1.380e+06, Qg=2.255e-01, Qz=1.375e-03, Sd=3.971e-01, SwB=0.000e+00) | k_frac=4.2001 mD, dp=13.08 MPa | Sw=[0.148,0.587] | 382.2s
2026-02-18 18:47:55 - M5Trainer - INFO -   [k_frac诊断] grad=2.1679e-01, k_frac=4.200091 mD
2026-02-18 18:48:11 - M5Trainer - INFO - [Step  2600/18000] Stage B | L=1.3473e+03 (IC=5.292e-02, BC=7.005e-02, PDE=1.365e+06, Qg=2.315e-01, Qz=1.627e-03, Sd=3.792e-01, SwB=0.000e+00) | k_frac=4.1858 mD, dp=13.18 MPa | Sw=[0.152,0.589] | 398.2s
2026-02-18 18:48:27 - M5Trainer - INFO - [Step  2700/18000] Stage B | L=1.3277e+03 (IC=1.492e-01, BC=1.798e-01, PDE=1.342e+06, Qg=2.125e-01, Qz=8.201e-03, Sd=3.518e-01, SwB=0.000e+00) | k_frac=4.1454 mD, dp=13.29 MPa | Sw=[0.152,0.558] | 414.1s
2026-02-18 18:48:43 - M5Trainer - INFO - [Step  2800/18000] Stage B | L=1.6470e+03 (IC=6.626e-02, BC=4.888e-02, PDE=1.350e+06, Qg=2.533e-01, Qz=5.062e-03, Sd=3.788e-01, SwB=0.000e+00) | k_frac=4.1268 mD, dp=13.40 MPa | Sw=[0.156,0.577] | 430.1s
2026-02-18 18:48:59 - M5Trainer - INFO - [Step  2900/18000] Stage B | L=1.9256e+03 (IC=8.760e-02, BC=8.926e-02, PDE=1.541e+06, Qg=1.982e-01, Qz=3.268e-03, Sd=3.098e-01, SwB=0.000e+00) | k_frac=4.0633 mD, dp=13.54 MPa | Sw=[0.153,0.574] | 446.0s
2026-02-18 18:49:15 - M5Trainer - INFO -   [Sw约束v9] Sw=[0.154, 0.270, 0.594], 权重=300, 惩罚=0.000000 (低=0.0000, 高=0.0000)
2026-02-18 18:49:15 - M5Trainer - INFO -   [Sw监控] SY9: Sw=[0.3909, 0.4985, 0.5923], krg_min=1.756217e-01
2026-02-18 18:49:15 - M5Trainer - INFO - [Step  3000/18000] Stage B | L=1.5937e+03 (IC=6.440e-02, BC=5.811e-02, PDE=1.298e+06, Qg=2.330e-01, Qz=4.116e-03, Sd=3.496e-01, SwB=0.000e+00) | k_frac=4.0088 mD, dp=13.68 MPa | Sw=[0.154,0.551] | 462.0s
2026-02-18 18:49:15 - M5Trainer - INFO -   [k_frac诊断] grad=2.6824e-01, k_frac=4.008849 mD
2026-02-18 18:49:31 - M5Trainer - INFO - [Step  3100/18000] Stage B | L=1.5178e+03 (IC=7.285e-02, BC=7.632e-02, PDE=1.268e+06, Qg=2.134e-01, Qz=2.061e-03, Sd=3.205e-01, SwB=0.000e+00) | k_frac=3.9830 mD, dp=13.79 MPa | Sw=[0.152,0.609] | 478.3s
2026-02-18 18:49:48 - M5Trainer - INFO - [Step  3200/18000] Stage B | L=1.5791e+03 (IC=6.444e-02, BC=5.555e-02, PDE=1.420e+06, Qg=2.286e-01, Qz=2.847e-03, Sd=2.394e-01, SwB=0.000e+00) | k_frac=3.9703 mD, dp=13.89 MPa | Sw=[0.160,0.542] | 494.6s
2026-02-18 18:50:04 - M5Trainer - INFO - [Step  3300/18000] Stage B | L=1.4028e+03 (IC=6.301e-02, BC=4.538e-02, PDE=1.134e+06, Qg=2.243e-01, Qz=4.623e-03, Sd=3.318e-01, SwB=0.000e+00) | k_frac=3.9330 mD, dp=13.99 MPa | Sw=[0.166,0.517] | 510.8s
2026-02-18 18:50:20 - M5Trainer - INFO - [Step  3400/18000] Stage B | L=1.3841e+03 (IC=5.062e-02, BC=2.087e-02, PDE=1.157e+06, Qg=1.993e-01, Qz=2.656e-03, Sd=2.539e-01, SwB=0.000e+00) | k_frac=3.9063 mD, dp=14.11 MPa | Sw=[0.164,0.515] | 527.1s
2026-02-18 18:50:36 - M5Trainer - INFO -   [Sw约束v9] Sw=[0.156, 0.304, 0.574], 权重=300, 惩罚=0.000000 (低=0.0000, 高=0.0000)
2026-02-18 18:50:37 - M5Trainer - INFO -   [Sw监控] SY9: Sw=[0.2854, 0.4587, 0.5714], krg_min=1.974165e-01
2026-02-18 18:50:37 - M5Trainer - INFO - [Step  3500/18000] Stage B | L=7.9936e+02 (IC=4.495e-01, BC=3.876e-01, PDE=1.190e+06, Qg=2.522e-01, Qz=4.594e-03, Sd=2.919e-01, SwB=0.000e+00) | k_frac=3.8821 mD, dp=14.22 MPa | Sw=[0.167,0.524] | 543.4s
2026-02-18 18:50:37 - M5Trainer - INFO -   [k_frac诊断] grad=1.6712e-01, k_frac=3.882065 mD
2026-02-18 18:50:53 - M5Trainer - INFO - [Step  3600/18000] Stage B | L=1.1570e+03 (IC=1.319e-01, BC=1.071e-01, PDE=1.131e+06, Qg=2.188e-01, Qz=6.321e-03, Sd=3.234e-01, SwB=0.000e+00) | k_frac=3.8447 mD, dp=14.31 MPa | Sw=[0.161,0.520] | 560.0s
2026-02-18 18:51:10 - M5Trainer - INFO - [Step  3700/18000] Stage B | L=1.6733e+03 (IC=5.248e-02, BC=5.509e-02, PDE=1.248e+06, Qg=2.027e-01, Qz=3.829e-03, Sd=2.220e-01, SwB=0.000e+00) | k_frac=3.8157 mD, dp=14.42 MPa | Sw=[0.177,0.515] | 576.7s
2026-02-18 18:51:27 - M5Trainer - INFO - [Step  3800/18000] Stage B | L=1.9233e+03 (IC=5.820e-02, BC=3.118e-02, PDE=1.384e+06, Qg=2.120e-01, Qz=4.009e-03, Sd=3.099e-01, SwB=0.000e+00) | k_frac=3.7598 mD, dp=14.55 MPa | Sw=[0.155,0.527] | 593.4s
2026-02-18 18:51:43 - M5Trainer - INFO - [Step  3900/18000] Stage B | L=1.5435e+03 (IC=1.367e-01, BC=9.600e-02, PDE=1.315e+06, Qg=2.174e-01, Qz=3.743e-03, Sd=3.141e-01, SwB=0.000e+00) | k_frac=3.7397 mD, dp=14.65 MPa | Sw=[0.172,0.581] | 610.0s
2026-02-18 18:52:00 - M5Trainer - INFO -   [Sw约束v9] Sw=[0.164, 0.274, 0.547], 权重=300, 惩罚=0.000000 (低=0.0000, 高=0.0000)
2026-02-18 18:52:00 - M5Trainer - INFO -   [Sw监控] SY9: Sw=[0.1986, 0.4337, 0.5450], krg_min=2.268938e-01
2026-02-18 18:52:00 - M5Trainer - INFO - [Step  4000/18000] Stage B | L=1.7202e+03 (IC=5.542e-02, BC=2.189e-02, PDE=1.229e+06, Qg=2.094e-01, Qz=5.522e-03, Sd=2.820e-01, SwB=0.000e+00) | k_frac=3.7211 mD, dp=14.74 MPa | Sw=[0.177,0.511] | 626.7s
2026-02-18 18:52:00 - M5Trainer - INFO -   [k_frac诊断] grad=3.3398e-01, k_frac=3.721112 mD
2026-02-18 18:52:17 - M5Trainer - INFO - [Step  4100/18000] Stage B | L=1.1060e+03 (IC=1.682e-01, BC=8.223e-02, PDE=1.090e+06, Qg=2.043e-01, Qz=3.042e-03, Sd=1.962e-01, SwB=0.000e+00) | k_frac=3.7138 mD, dp=14.82 MPa | Sw=[0.191,0.509] | 643.7s
2026-02-18 18:52:34 - M5Trainer - INFO - [Step  4200/18000] Stage B | L=1.1826e+03 (IC=5.372e-02, BC=2.500e-02, PDE=1.137e+06, Qg=1.954e-01, Qz=4.699e-03, Sd=2.153e-01, SwB=0.000e+00) | k_frac=3.7195 mD, dp=14.87 MPa | Sw=[0.199,0.525] | 661.0s
2026-02-18 18:52:52 - M5Trainer - INFO - [Step  4300/18000] Stage B | L=1.2533e+03 (IC=9.457e-02, BC=2.956e-02, PDE=1.028e+06, Qg=2.159e-01, Qz=2.762e-03, Sd=2.321e-01, SwB=0.000e+00) | k_frac=3.7156 mD, dp=14.94 MPa | Sw=[0.184,0.537] | 679.3s
2026-02-18 18:53:10 - M5Trainer - INFO - [Step  4400/18000] Stage B | L=7.2321e+02 (IC=1.633e-01, BC=5.523e-02, PDE=1.159e+06, Qg=2.048e-01, Qz=4.643e-03, Sd=2.468e-01, SwB=0.000e+00) | k_frac=3.7101 mD, dp=15.00 MPa | Sw=[0.194,0.511] | 697.0s
2026-02-18 18:53:28 - M5Trainer - INFO -   [Sw约束v9] Sw=[0.169, 0.270, 0.582], 权重=300, 惩罚=0.000000 (低=0.0000, 高=0.0000)
2026-02-18 18:53:28 - M5Trainer - INFO -   [Sw监控] SY9: Sw=[0.2082, 0.4530, 0.5823], krg_min=1.858454e-01
2026-02-18 18:53:28 - M5Trainer - INFO - [Step  4500/18000] Stage B | L=1.3158e+03 (IC=6.359e-02, BC=1.262e-02, PDE=1.036e+06, Qg=2.021e-01, Qz=3.549e-03, Sd=2.485e-01, SwB=0.000e+00) | k_frac=3.7071 mD, dp=15.06 MPa | Sw=[0.184,0.525] | 715.1s
2026-02-18 18:53:28 - M5Trainer - INFO -   [k_frac诊断] grad=-3.3021e-01, k_frac=3.707081 mD
2026-02-18 18:53:47 - M5Trainer - INFO - [Step  4600/18000] Stage B | L=1.5675e+03 (IC=6.447e-02, BC=2.549e-02, PDE=1.123e+06, Qg=2.219e-01, Qz=3.129e-03, Sd=1.850e-01, SwB=0.000e+00) | k_frac=3.7085 mD, dp=15.12 MPa | Sw=[0.200,0.509] | 733.9s
2026-02-18 18:54:05 - M5Trainer - INFO - [Step  4700/18000] Stage B | L=1.2871e+03 (IC=6.348e-02, BC=2.013e-02, PDE=9.727e+05, Qg=1.964e-01, Qz=3.528e-03, Sd=1.941e-01, SwB=0.000e+00) | k_frac=3.6843 mD, dp=15.20 MPa | Sw=[0.208,0.543] | 751.7s
2026-02-18 18:54:23 - M5Trainer - INFO - [Step  4800/18000] Stage B | L=1.1793e+03 (IC=6.290e-02, BC=3.501e-02, PDE=9.877e+05, Qg=2.094e-01, Qz=5.209e-03, Sd=1.993e-01, SwB=0.000e+00) | k_frac=3.6852 mD, dp=15.24 MPa | Sw=[0.192,0.524] | 769.4s
2026-02-18 18:54:40 - M5Trainer - INFO - [Step  4900/18000] Stage B | L=1.0264e+03 (IC=1.327e-01, BC=7.211e-02, PDE=9.310e+05, Qg=2.030e-01, Qz=3.697e-03, Sd=2.186e-01, SwB=0.000e+00) | k_frac=3.6806 mD, dp=15.29 MPa | Sw=[0.192,0.552] | 786.9s
2026-02-18 18:54:58 - M5Trainer - INFO -   [Sw约束v9] Sw=[0.183, 0.263, 0.535], 权重=300, 惩罚=0.000000 (低=0.0000, 高=0.0000)
2026-02-18 18:54:58 - M5Trainer - INFO -   [Sw监控] SY9: Sw=[0.1901, 0.4046, 0.5345], krg_min=2.391498e-01
2026-02-18 18:54:58 - M5Trainer - INFO -   [best更新] val_score=20.1223 (step 5000)
2026-02-18 18:54:58 - M5Trainer - INFO - [Step  5000/18000] Stage B | L=1.3681e+03 (IC=8.793e-02, BC=1.254e-02, PDE=9.831e+05, Qg=1.962e-01, Qz=5.169e-03, Sd=1.983e-01, SwB=0.000e+00) | k_frac=3.6831 mD, dp=15.32 MPa | Sw=[0.184,0.484] | 804.5s
2026-02-18 18:54:58 - M5Trainer - INFO -   [k_frac诊断] grad=-4.2220e-01, k_frac=3.683053 mD
2026-02-18 18:55:16 - M5Trainer - INFO - [Step  5100/18000] Stage B | L=1.0824e+03 (IC=8.839e-02, BC=2.993e-02, PDE=9.634e+05, Qg=2.174e-01, Qz=3.180e-03, Sd=1.565e-01, SwB=0.000e+00) | k_frac=3.6814 mD, dp=15.37 MPa | Sw=[0.182,0.549] | 822.5s
2026-02-18 18:55:34 - M5Trainer - INFO - [Step  5200/18000] Stage B | L=1.2572e+03 (IC=1.117e-01, BC=7.342e-02, PDE=1.005e+06, Qg=2.411e-01, Qz=7.597e-03, Sd=1.718e-01, SwB=0.000e+00) | k_frac=3.6957 mD, dp=15.41 MPa | Sw=[0.175,0.472] | 840.5s
2026-02-18 18:55:52 - M5Trainer - INFO - [Step  5300/18000] Stage B | L=1.6597e+03 (IC=8.023e-02, BC=3.165e-02, PDE=1.083e+06, Qg=2.052e-01, Qz=4.319e-03, Sd=1.543e-01, SwB=0.000e+00) | k_frac=3.6921 mD, dp=15.47 MPa | Sw=[0.172,0.470] | 858.5s
2026-02-18 18:56:10 - M5Trainer - INFO - [Step  5400/18000] Stage B | L=1.3394e+03 (IC=6.189e-02, BC=2.623e-02, PDE=9.506e+05, Qg=2.114e-01, Qz=4.649e-03, Sd=1.454e-01, SwB=0.000e+00) | k_frac=3.6842 mD, dp=15.52 MPa | Sw=[0.173,0.464] | 876.5s
2026-02-18 18:56:28 - M5Trainer - INFO -   [Sw约束v9] Sw=[0.155, 0.284, 0.539], 权重=300, 惩罚=0.000000 (低=0.0000, 高=0.0000)
2026-02-18 18:56:28 - M5Trainer - INFO -   [Sw监控] SY9: Sw=[0.1598, 0.4133, 0.5393], krg_min=2.335397e-01
2026-02-18 18:56:28 - M5Trainer - INFO - [Step  5500/18000] Stage B | L=1.1799e+03 (IC=5.974e-02, BC=2.067e-02, PDE=8.258e+05, Qg=1.948e-01, Qz=2.523e-03, Sd=9.768e-02, SwB=0.000e+00) | k_frac=3.6771 mD, dp=15.57 MPa | Sw=[0.169,0.501] | 894.6s
2026-02-18 18:56:28 - M5Trainer - INFO -   [k_frac诊断] grad=-1.1159e-01, k_frac=3.677094 mD
2026-02-18 18:56:46 - M5Trainer - INFO - [Step  5600/18000] Stage B | L=1.5136e+03 (IC=6.881e-02, BC=5.679e-02, PDE=1.013e+06, Qg=2.064e-01, Qz=3.342e-03, Sd=1.203e-01, SwB=0.000e+00) | k_frac=3.6742 mD, dp=15.61 MPa | Sw=[0.179,0.458] | 913.0s
2026-02-18 18:57:05 - M5Trainer - INFO - [Step  5700/18000] Stage B | L=8.4374e+02 (IC=1.984e-01, BC=1.638e-01, PDE=8.265e+05, Qg=2.075e-01, Qz=2.662e-03, Sd=1.147e-01, SwB=0.000e+00) | k_frac=3.6626 mD, dp=15.67 MPa | Sw=[0.162,0.507] | 931.3s
2026-02-18 18:57:23 - M5Trainer - INFO - [Step  5800/18000] Stage B | L=1.2302e+03 (IC=1.838e-01, BC=2.159e-02, PDE=8.993e+05, Qg=1.955e-01, Qz=2.837e-03, Sd=1.255e-01, SwB=0.000e+00) | k_frac=3.6657 mD, dp=15.71 MPa | Sw=[0.191,0.503] | 949.7s
2026-02-18 18:57:41 - M5Trainer - INFO - [Step  5900/18000] Stage B | L=1.2325e+03 (IC=1.252e-01, BC=6.734e-02, PDE=8.967e+05, Qg=1.963e-01, Qz=3.719e-03, Sd=1.278e-01, SwB=0.000e+00) | k_frac=3.6595 mD, dp=15.74 MPa | Sw=[0.170,0.490] | 968.0s
2026-02-18 18:57:59 - M5Trainer - INFO -   [Sw约束v9] Sw=[0.172, 0.284, 0.520], 权重=300, 惩罚=0.000000 (低=0.0000, 高=0.0000)
2026-02-18 18:58:00 - M5Trainer - INFO -   [Sw监控] SY9: Sw=[0.1808, 0.3950, 0.5182], krg_min=2.589115e-01
2026-02-18 18:58:00 - M5Trainer - INFO - [Step  6000/18000] Stage B | L=5.2797e+02 (IC=3.220e-01, BC=3.321e-01, PDE=8.390e+05, Qg=2.202e-01, Qz=3.823e-03, Sd=1.192e-01, SwB=0.000e+00) | k_frac=3.6743 mD, dp=15.76 MPa | Sw=[0.189,0.444] | 986.4s
2026-02-18 18:58:00 - M5Trainer - INFO -   [k_frac诊断] grad=-1.2278e-01, k_frac=3.674294 mD
2026-02-18 18:58:18 - M5Trainer - INFO - [Step  6100/18000] Stage B | L=1.2845e+03 (IC=8.615e-02, BC=2.257e-02, PDE=8.028e+05, Qg=1.963e-01, Qz=2.556e-03, Sd=1.041e-01, SwB=0.000e+00) | k_frac=3.6735 mD, dp=15.77 MPa | Sw=[0.200,0.530] | 1005.2s
2026-02-18 18:58:37 - M5Trainer - INFO - [Step  6200/18000] Stage B | L=1.3153e+03 (IC=1.270e-01, BC=5.545e-02, PDE=9.010e+05, Qg=1.968e-01, Qz=2.994e-03, Sd=1.184e-01, SwB=0.000e+00) | k_frac=3.6828 mD, dp=15.81 MPa | Sw=[0.177,0.514] | 1024.0s
2026-02-18 18:58:56 - M5Trainer - INFO - [Step  6300/18000] Stage C | L=6.3778e+03 (IC=5.853e-02, BC=1.937e-02, PDE=8.668e+05, Qg=2.018e-01, Qz=3.910e-03, Sd=1.137e-01, SwB=0.000e+00) | k_frac=3.6849 mD, dp=15.84 MPa | Sw=[0.167,0.493] | 1042.7s
2026-02-18 18:59:15 - M5Trainer - INFO - [Step  6400/18000] Stage C | L=5.3720e+03 (IC=1.100e-01, BC=4.722e-02, PDE=8.636e+05, Qg=1.964e-01, Qz=2.707e-03, Sd=9.103e-02, SwB=0.000e+00) | k_frac=3.6863 mD, dp=15.86 MPa | Sw=[0.155,0.475] | 1061.5s
2026-02-18 18:59:33 - M5Trainer - INFO -   [Sw约束v9] Sw=[0.149, 0.268, 0.543], 权重=200, 惩罚=0.000000 (低=0.0000, 高=0.0000)
2026-02-18 18:59:33 - M5Trainer - INFO -   [Sw监控] SY9: Sw=[0.1502, 0.4167, 0.5421], krg_min=2.301984e-01
2026-02-18 18:59:33 - M5Trainer - INFO - [Step  6500/18000] Stage C | L=6.3911e+03 (IC=1.057e-01, BC=3.719e-02, PDE=8.556e+05, Qg=2.097e-01, Qz=2.131e-03, Sd=7.778e-02, SwB=0.000e+00) | k_frac=3.6853 mD, dp=15.87 MPa | Sw=[0.156,0.528] | 1080.3s
2026-02-18 18:59:33 - M5Trainer - INFO -   [k_frac诊断] grad=2.8389e-01, k_frac=3.685314 mD
2026-02-18 18:59:53 - M5Trainer - INFO - [Step  6600/18000] Stage C | L=6.8261e+03 (IC=1.570e-01, BC=2.998e-02, PDE=9.003e+05, Qg=1.978e-01, Qz=2.002e-03, Sd=9.789e-02, SwB=0.000e+00) | k_frac=3.6941 mD, dp=15.89 MPa | Sw=[0.144,0.546] | 1099.5s
2026-02-18 19:00:12 - M5Trainer - INFO - [Step  6700/18000] Stage C | L=6.4499e+03 (IC=1.333e-01, BC=2.706e-02, PDE=8.561e+05, Qg=2.022e-01, Qz=2.751e-03, Sd=9.041e-02, SwB=0.000e+00) | k_frac=3.6850 mD, dp=15.91 MPa | Sw=[0.157,0.517] | 1118.7s
2026-02-18 19:00:31 - M5Trainer - INFO - [Step  6800/18000] Stage C | L=7.4699e+03 (IC=7.270e-02, BC=2.012e-02, PDE=8.991e+05, Qg=2.186e-01, Qz=3.450e-03, Sd=1.040e-01, SwB=0.000e+00) | k_frac=3.6947 mD, dp=15.91 MPa | Sw=[0.155,0.506] | 1137.9s
2026-02-18 19:00:50 - M5Trainer - INFO - [Step  6900/18000] Stage C | L=5.3161e+03 (IC=8.553e-02, BC=2.825e-02, PDE=7.691e+05, Qg=2.623e-01, Qz=4.758e-03, Sd=1.897e-01, SwB=0.000e+00) | k_frac=3.7116 mD, dp=15.93 MPa | Sw=[0.155,0.543] | 1157.1s
2026-02-18 19:01:09 - M5Trainer - INFO -   [Sw约束v9] Sw=[0.147, 0.277, 0.567], 权重=200, 惩罚=0.000000 (低=0.0000, 高=0.0000)
2026-02-18 19:01:10 - M5Trainer - INFO -   [Sw监控] SY9: Sw=[0.1474, 0.4084, 0.5674], krg_min=2.018080e-01
2026-02-18 19:01:10 - M5Trainer - INFO - [Step  7000/18000] Stage C | L=4.7056e+03 (IC=7.374e-02, BC=1.800e-02, PDE=6.677e+05, Qg=2.214e-01, Qz=2.417e-03, Sd=1.206e-01, SwB=0.000e+00) | k_frac=3.7092 mD, dp=15.95 MPa | Sw=[0.150,0.513] | 1176.4s
2026-02-18 19:01:10 - M5Trainer - INFO -   [k_frac诊断] grad=2.1304e-01, k_frac=3.709235 mD
2026-02-18 19:01:29 - M5Trainer - INFO - [Step  7100/18000] Stage C | L=5.0612e+03 (IC=1.370e-01, BC=2.013e-02, PDE=7.350e+05, Qg=2.177e-01, Qz=3.165e-03, Sd=1.101e-01, SwB=0.000e+00) | k_frac=3.7158 mD, dp=15.98 MPa | Sw=[0.158,0.536] | 1196.0s
2026-02-18 19:01:49 - M5Trainer - INFO - [Step  7200/18000] Stage C | L=6.1342e+03 (IC=6.194e-02, BC=2.515e-02, PDE=7.643e+05, Qg=2.016e-01, Qz=2.639e-03, Sd=9.661e-02, SwB=0.000e+00) | k_frac=3.7102 mD, dp=16.00 MPa | Sw=[0.151,0.487] | 1215.6s
2026-02-18 19:02:08 - M5Trainer - INFO - [Step  7300/18000] Stage C | L=5.2426e+03 (IC=7.710e-02, BC=3.395e-02, PDE=7.659e+05, Qg=1.974e-01, Qz=2.584e-03, Sd=1.093e-01, SwB=0.000e+00) | k_frac=3.7304 mD, dp=16.02 MPa | Sw=[0.149,0.509] | 1235.2s
2026-02-18 19:02:28 - M5Trainer - INFO - [Step  7400/18000] Stage C | L=7.5443e+03 (IC=1.022e-01, BC=1.604e-02, PDE=8.727e+05, Qg=2.037e-01, Qz=2.733e-03, Sd=8.670e-02, SwB=0.000e+00) | k_frac=3.7356 mD, dp=16.04 MPa | Sw=[0.155,0.490] | 1254.9s
2026-02-18 19:02:48 - M5Trainer - INFO -   [Sw约束v9] Sw=[0.147, 0.279, 0.539], 权重=200, 惩罚=0.000000 (低=0.0000, 高=0.0000)
2026-02-18 19:02:48 - M5Trainer - INFO -   [Sw监控] SY9: Sw=[0.1473, 0.3846, 0.5367], krg_min=2.365693e-01
2026-02-18 19:02:48 - M5Trainer - INFO - [Step  7500/18000] Stage C | L=5.1298e+03 (IC=1.224e-01, BC=2.245e-02, PDE=7.087e+05, Qg=2.307e-01, Qz=2.852e-03, Sd=1.032e-01, SwB=0.000e+00) | k_frac=3.7399 mD, dp=16.09 MPa | Sw=[0.147,0.465] | 1274.5s
2026-02-18 19:02:48 - M5Trainer - INFO -   [k_frac诊断] grad=4.8824e-01, k_frac=3.739895 mD
2026-02-18 19:03:08 - M5Trainer - INFO - [Step  7600/18000] Stage C | L=4.9901e+03 (IC=1.172e-01, BC=3.487e-02, PDE=6.734e+05, Qg=1.997e-01, Qz=2.620e-03, Sd=8.764e-02, SwB=0.000e+00) | k_frac=3.7414 mD, dp=16.11 MPa | Sw=[0.150,0.516] | 1294.7s
2026-02-18 19:03:28 - M5Trainer - INFO - [Step  7700/18000] Stage C | L=4.8817e+03 (IC=1.514e-01, BC=6.136e-02, PDE=6.894e+05, Qg=2.163e-01, Qz=3.330e-03, Sd=9.111e-02, SwB=0.000e+00) | k_frac=3.7422 mD, dp=16.14 MPa | Sw=[0.148,0.487] | 1314.7s
2026-02-18 19:03:48 - M5Trainer - INFO - [Step  7800/18000] Stage C | L=5.6303e+03 (IC=7.144e-02, BC=2.068e-02, PDE=6.738e+05, Qg=2.078e-01, Qz=2.882e-03, Sd=9.442e-02, SwB=0.000e+00) | k_frac=3.7370 mD, dp=16.17 MPa | Sw=[0.147,0.472] | 1334.8s
2026-02-18 19:04:08 - M5Trainer - INFO - [Step  7900/18000] Stage C | L=6.1081e+03 (IC=5.095e-02, BC=1.804e-02, PDE=7.065e+05, Qg=1.964e-01, Qz=2.382e-03, Sd=7.666e-02, SwB=0.000e+00) | k_frac=3.7432 mD, dp=16.19 MPa | Sw=[0.150,0.480] | 1354.9s
2026-02-18 19:04:28 - M5Trainer - INFO -   [Sw约束v9] Sw=[0.148, 0.312, 0.527], 权重=200, 惩罚=0.000000 (低=0.0000, 高=0.0000)
2026-02-18 19:04:28 - M5Trainer - INFO -   [Sw监控] SY9: Sw=[0.1478, 0.4018, 0.5185], krg_min=2.585384e-01
2026-02-18 19:04:28 - M5Trainer - INFO - [Step  8000/18000] Stage C | L=4.2360e+03 (IC=8.761e-02, BC=3.988e-02, PDE=5.833e+05, Qg=1.900e-01, Qz=2.615e-03, Sd=7.185e-02, SwB=0.000e+00) | k_frac=3.7440 mD, dp=16.21 MPa | Sw=[0.156,0.492] | 1374.9s
2026-02-18 19:04:28 - M5Trainer - INFO -   [k_frac诊断] grad=-4.3155e-01, k_frac=3.744034 mD
2026-02-18 19:04:49 - M5Trainer - INFO - [Step  8100/18000] Stage C | L=4.7462e+03 (IC=1.073e-01, BC=3.825e-02, PDE=5.959e+05, Qg=1.919e-01, Qz=2.327e-03, Sd=7.352e-02, SwB=0.000e+00) | k_frac=3.7469 mD, dp=16.23 MPa | Sw=[0.156,0.527] | 1395.4s
2026-02-18 19:05:09 - M5Trainer - INFO - [Step  8200/18000] Stage C | L=4.1548e+03 (IC=1.283e-01, BC=4.435e-02, PDE=6.206e+05, Qg=1.987e-01, Qz=1.931e-03, Sd=6.874e-02, SwB=0.000e+00) | k_frac=3.7513 mD, dp=16.25 MPa | Sw=[0.145,0.524] | 1415.9s
2026-02-18 19:05:30 - M5Trainer - INFO - [Step  8300/18000] Stage C | L=4.7433e+03 (IC=1.190e-01, BC=3.150e-02, PDE=6.077e+05, Qg=1.909e-01, Qz=1.506e-03, Sd=6.218e-02, SwB=0.000e+00) | k_frac=3.7537 mD, dp=16.27 MPa | Sw=[0.144,0.499] | 1436.5s
2026-02-18 19:05:50 - M5Trainer - INFO - [Step  8400/18000] Stage C | L=4.1628e+03 (IC=1.335e-01, BC=5.323e-02, PDE=5.749e+05, Qg=1.999e-01, Qz=1.822e-03, Sd=6.979e-02, SwB=0.000e+00) | k_frac=3.7521 mD, dp=16.28 MPa | Sw=[0.143,0.529] | 1457.0s
2026-02-18 19:06:11 - M5Trainer - INFO -   [Sw约束v9] Sw=[0.143, 0.268, 0.536], 权重=200, 惩罚=0.000000 (低=0.0000, 高=0.0000)
2026-02-18 19:06:11 - M5Trainer - INFO -   [Sw监控] SY9: Sw=[0.1429, 0.3932, 0.5283], krg_min=2.465432e-01
2026-02-18 19:06:11 - M5Trainer - INFO - [Step  8500/18000] Stage C | L=4.5653e+03 (IC=2.319e-01, BC=4.642e-02, PDE=6.283e+05, Qg=2.066e-01, Qz=2.348e-03, Sd=7.553e-02, SwB=0.000e+00) | k_frac=3.7589 mD, dp=16.30 MPa | Sw=[0.143,0.503] | 1477.5s
2026-02-18 19:06:11 - M5Trainer - INFO -   [k_frac诊断] grad=1.3596e-01, k_frac=3.758913 mD
2026-02-18 19:06:32 - M5Trainer - INFO - [Step  8600/18000] Stage C | L=4.1869e+03 (IC=1.206e-01, BC=6.096e-02, PDE=5.593e+05, Qg=2.063e-01, Qz=1.982e-03, Sd=5.640e-02, SwB=0.000e+00) | k_frac=3.7616 mD, dp=16.32 MPa | Sw=[0.146,0.481] | 1498.6s
2026-02-18 19:06:53 - M5Trainer - INFO - [Step  8700/18000] Stage C | L=4.1777e+03 (IC=1.940e-01, BC=6.639e-02, PDE=5.674e+05, Qg=1.979e-01, Qz=1.254e-03, Sd=5.585e-02, SwB=0.000e+00) | k_frac=3.7682 mD, dp=16.35 MPa | Sw=[0.139,0.504] | 1519.6s
2026-02-18 19:07:14 - M5Trainer - INFO - [Step  8800/18000] Stage C | L=4.0972e+03 (IC=1.138e-01, BC=4.500e-02, PDE=5.304e+05, Qg=2.075e-01, Qz=1.737e-03, Sd=5.780e-02, SwB=0.000e+00) | k_frac=3.7693 mD, dp=16.37 MPa | Sw=[0.138,0.514] | 1540.8s
2026-02-18 19:07:37 - M5Trainer - INFO - [Step  8900/18000] Stage C | L=5.3630e+03 (IC=1.436e-01, BC=3.487e-02, PDE=5.963e+05, Qg=1.987e-01, Qz=1.323e-03, Sd=7.211e-02, SwB=0.000e+00) | k_frac=3.7753 mD, dp=16.38 MPa | Sw=[0.137,0.549] | 1563.4s
2026-02-18 19:07:59 - M5Trainer - INFO -   [Sw约束v9] Sw=[0.136, 0.268, 0.602], 权重=200, 惩罚=0.000000 (低=0.0000, 高=0.0000)
2026-02-18 19:07:59 - M5Trainer - INFO -   [Sw监控] SY9: Sw=[0.1365, 0.4166, 0.5914], krg_min=1.764557e-01
2026-02-18 19:07:59 - M5Trainer - INFO - [Step  9000/18000] Stage C | L=3.6774e+03 (IC=1.771e-01, BC=8.124e-02, PDE=5.197e+05, Qg=1.929e-01, Qz=1.471e-03, Sd=6.143e-02, SwB=0.000e+00) | k_frac=3.7761 mD, dp=16.41 MPa | Sw=[0.137,0.496] | 1585.9s
2026-02-18 19:07:59 - M5Trainer - INFO -   [k_frac诊断] grad=3.1257e-01, k_frac=3.776067 mD
2026-02-18 19:08:21 - M5Trainer - INFO - [Step  9100/18000] Stage C | L=4.2579e+03 (IC=1.906e-01, BC=3.322e-02, PDE=5.282e+05, Qg=2.136e-01, Qz=1.235e-03, Sd=5.980e-02, SwB=0.000e+00) | k_frac=3.7817 mD, dp=16.43 MPa | Sw=[0.136,0.525] | 1607.6s
2026-02-18 19:08:42 - M5Trainer - INFO - [Step  9200/18000] Stage C | L=4.8628e+03 (IC=1.273e-01, BC=3.444e-02, PDE=5.427e+05, Qg=1.843e-01, Qz=1.105e-03, Sd=5.268e-02, SwB=0.000e+00) | k_frac=3.7791 mD, dp=16.45 MPa | Sw=[0.137,0.529] | 1629.3s
2026-02-18 19:09:04 - M5Trainer - INFO - [Step  9300/18000] Stage C | L=4.9363e+03 (IC=1.042e-01, BC=2.787e-02, PDE=5.196e+05, Qg=1.987e-01, Qz=7.508e-04, Sd=4.379e-02, SwB=0.000e+00) | k_frac=3.7783 mD, dp=16.47 MPa | Sw=[0.133,0.583] | 1651.0s
2026-02-18 19:09:26 - M5Trainer - INFO - [Step  9400/18000] Stage C | L=4.2048e+03 (IC=1.488e-01, BC=5.149e-02, PDE=5.008e+05, Qg=2.094e-01, Qz=8.638e-04, Sd=4.293e-02, SwB=0.000e+00) | k_frac=3.7746 mD, dp=16.49 MPa | Sw=[0.134,0.533] | 1672.8s
2026-02-18 19:09:47 - M5Trainer - INFO -   [Sw约束v9] Sw=[0.130, 0.267, 0.748], 权重=200, 惩罚=0.000000 (低=0.0000, 高=0.0000)
2026-02-18 19:09:48 - M5Trainer - INFO -   [Sw监控] SY9: Sw=[0.1304, 0.4220, 0.7398], krg_min=5.778457e-02
2026-02-18 19:09:48 - M5Trainer - INFO - [Step  9500/18000] Stage C | L=3.9463e+03 (IC=1.011e-01, BC=4.981e-02, PDE=4.631e+05, Qg=1.974e-01, Qz=7.517e-04, Sd=5.671e-02, SwB=0.000e+00) | k_frac=3.7814 mD, dp=16.52 MPa | Sw=[0.131,0.562] | 1694.5s
2026-02-18 19:09:48 - M5Trainer - INFO -   [k_frac诊断] grad=8.4143e-02, k_frac=3.781409 mD
2026-02-18 19:10:10 - M5Trainer - INFO - [Step  9600/18000] Stage C | L=3.9494e+03 (IC=1.703e-01, BC=4.283e-02, PDE=4.868e+05, Qg=1.903e-01, Qz=1.227e-03, Sd=5.534e-02, SwB=0.000e+00) | k_frac=3.7811 mD, dp=16.55 MPa | Sw=[0.135,0.527] | 1716.5s
2026-02-18 19:10:32 - M5Trainer - INFO - [Step  9700/18000] Stage C | L=4.7838e+03 (IC=1.884e-01, BC=7.250e-02, PDE=5.401e+05, Qg=1.946e-01, Qz=9.139e-04, Sd=5.509e-02, SwB=0.000e+00) | k_frac=3.7798 mD, dp=16.59 MPa | Sw=[0.133,0.544] | 1738.6s
2026-02-18 19:10:54 - M5Trainer - INFO - [Step  9800/18000] Stage C | L=3.3209e+03 (IC=1.912e-01, BC=1.358e-01, PDE=4.708e+05, Qg=1.930e-01, Qz=1.427e-03, Sd=5.479e-02, SwB=0.000e+00) | k_frac=3.7824 mD, dp=16.62 MPa | Sw=[0.136,0.482] | 1760.6s
2026-02-18 19:11:16 - M5Trainer - INFO - [Step  9900/18000] Stage C | L=3.8494e+03 (IC=2.181e-01, BC=3.677e-02, PDE=4.438e+05, Qg=2.011e-01, Qz=8.938e-04, Sd=5.533e-02, SwB=0.000e+00) | k_frac=3.7810 mD, dp=16.66 MPa | Sw=[0.133,0.556] | 1782.6s
2026-02-18 19:11:38 - M5Trainer - INFO -   [Sw约束v9] Sw=[0.131, 0.271, 0.730], 权重=200, 惩罚=0.000000 (低=0.0000, 高=0.0000)
2026-02-18 19:11:38 - M5Trainer - INFO -   [Sw监控] SY9: Sw=[0.1312, 0.4222, 0.7227], krg_min=6.814243e-02
2026-02-18 19:11:38 - M5Trainer - INFO - [Step 10000/18000] Stage C | L=3.8368e+03 (IC=1.780e-01, BC=4.190e-02, PDE=4.356e+05, Qg=2.066e-01, Qz=9.155e-04, Sd=5.819e-02, SwB=0.000e+00) | k_frac=3.7842 mD, dp=16.69 MPa | Sw=[0.132,0.583] | 1804.7s
2026-02-18 19:11:38 - M5Trainer - INFO -   [k_frac诊断] grad=3.4318e-01, k_frac=3.784218 mD
2026-02-18 19:12:00 - M5Trainer - INFO - [Step 10100/18000] Stage C | L=1.1192e+03 (IC=9.735e-02, BC=3.260e-02, PDE=4.304e+05, Qg=2.004e-01, Qz=1.714e-03, Sd=6.393e-02, SwB=0.000e+00) | k_frac=3.7855 mD, dp=16.72 MPa | Sw=[0.137,0.486] | 1827.2s
2026-02-18 19:12:23 - M5Trainer - INFO - [Step 10200/18000] Stage C | L=4.9123e+03 (IC=5.138e-02, BC=4.162e-02, PDE=4.733e+05, Qg=1.900e-01, Qz=9.821e-04, Sd=4.815e-02, SwB=0.000e+00) | k_frac=3.7860 mD, dp=16.76 MPa | Sw=[0.135,0.536] | 1849.6s
2026-02-18 19:12:45 - M5Trainer - INFO - [Step 10300/18000] Stage C | L=3.6141e+03 (IC=1.998e-01, BC=1.151e-01, PDE=4.384e+05, Qg=2.025e-01, Qz=1.047e-03, Sd=4.063e-02, SwB=0.000e+00) | k_frac=3.7831 mD, dp=16.79 MPa | Sw=[0.135,0.511] | 1872.1s
2026-02-18 19:13:08 - M5Trainer - INFO - [Step 10400/18000] Stage C | L=4.5268e+03 (IC=1.289e-01, BC=2.486e-02, PDE=4.684e+05, Qg=2.173e-01, Qz=8.700e-04, Sd=5.061e-02, SwB=0.000e+00) | k_frac=3.7847 mD, dp=16.83 MPa | Sw=[0.130,0.764] | 1894.5s
2026-02-18 19:13:30 - M5Trainer - INFO -   [Sw约束v9] Sw=[0.129, 0.320, 0.809], 权重=200, 惩罚=0.000000 (低=0.0000, 高=0.0000)
2026-02-18 19:13:30 - M5Trainer - INFO -   [Sw监控] SY9: Sw=[0.1298, 0.4367, 0.8044], krg_min=2.632437e-02
2026-02-18 19:13:30 - M5Trainer - INFO - [Step 10500/18000] Stage C | L=3.6227e+03 (IC=1.169e-01, BC=4.639e-02, PDE=4.104e+05, Qg=2.475e-01, Qz=6.069e-04, Sd=3.820e-02, SwB=0.000e+00) | k_frac=3.7796 mD, dp=16.86 MPa | Sw=[0.146,0.566] | 1917.0s
2026-02-18 19:13:30 - M5Trainer - INFO -   [k_frac诊断] grad=-5.0838e-01, k_frac=3.779564 mD
2026-02-18 19:13:53 - M5Trainer - INFO - [Step 10600/18000] Stage C | L=3.9225e+03 (IC=2.025e-01, BC=1.150e-01, PDE=4.423e+05, Qg=1.992e-01, Qz=7.190e-04, Sd=4.896e-02, SwB=0.000e+00) | k_frac=3.7876 mD, dp=16.87 MPa | Sw=[0.134,0.572] | 1940.0s
2026-02-18 19:14:16 - M5Trainer - INFO - [Step 10700/18000] Stage C | L=4.3795e+03 (IC=1.561e-01, BC=6.102e-02, PDE=4.258e+05, Qg=1.874e-01, Qz=1.255e-03, Sd=5.356e-02, SwB=0.000e+00) | k_frac=3.7882 mD, dp=16.91 MPa | Sw=[0.144,0.562] | 1963.0s
2026-02-18 19:14:39 - M5Trainer - INFO - [Step 10800/18000] Stage C | L=4.1005e+03 (IC=2.195e-01, BC=5.476e-02, PDE=4.122e+05, Qg=1.901e-01, Qz=8.701e-04, Sd=4.892e-02, SwB=0.000e+00) | k_frac=3.7901 mD, dp=16.93 MPa | Sw=[0.137,0.563] | 1986.0s
2026-02-18 19:15:02 - M5Trainer - INFO - [Step 10900/18000] Stage C | L=2.6193e+03 (IC=3.905e-01, BC=7.236e-02, PDE=3.667e+05, Qg=2.206e-01, Qz=9.278e-04, Sd=4.371e-02, SwB=0.000e+00) | k_frac=3.7902 mD, dp=16.95 MPa | Sw=[0.142,0.557] | 2009.0s
2026-02-18 19:15:25 - M5Trainer - INFO -   [Sw约束v9] Sw=[0.131, 0.360, 0.771], 权重=200, 惩罚=0.000000 (低=0.0000, 高=0.0000)
2026-02-18 19:15:25 - M5Trainer - INFO -   [Sw监控] SY9: Sw=[0.1312, 0.4087, 0.6887], krg_min=9.134004e-02
2026-02-18 19:15:25 - M5Trainer - INFO - [Step 11000/18000] Stage C | L=3.0473e+03 (IC=2.168e-01, BC=6.810e-02, PDE=3.481e+05, Qg=2.081e-01, Qz=1.118e-03, Sd=4.735e-02, SwB=0.000e+00) | k_frac=3.7921 mD, dp=16.98 MPa | Sw=[0.133,0.491] | 2032.0s
2026-02-18 19:15:25 - M5Trainer - INFO -   [k_frac诊断] grad=9.2332e-02, k_frac=3.792094 mD
2026-02-18 19:15:49 - M5Trainer - INFO - [Step 11100/18000] Stage C | L=3.6885e+03 (IC=1.139e-01, BC=8.131e-02, PDE=3.638e+05, Qg=1.945e-01, Qz=1.004e-03, Sd=4.308e-02, SwB=0.000e+00) | k_frac=3.7929 mD, dp=16.98 MPa | Sw=[0.216,0.758] | 2055.6s
2026-02-18 19:16:12 - M5Trainer - INFO - [Step 11200/18000] Stage C | L=3.8721e+03 (IC=1.653e-01, BC=6.390e-02, PDE=3.704e+05, Qg=1.989e-01, Qz=9.212e-04, Sd=4.626e-02, SwB=0.000e+00) | k_frac=3.7983 mD, dp=17.00 MPa | Sw=[0.131,0.579] | 2079.2s
2026-02-18 19:16:36 - M5Trainer - INFO - [Step 11300/18000] Stage C | L=4.1242e+03 (IC=1.459e-01, BC=5.269e-02, PDE=3.666e+05, Qg=1.834e-01, Qz=8.488e-04, Sd=4.494e-02, SwB=0.000e+00) | k_frac=3.7997 mD, dp=17.03 MPa | Sw=[0.142,0.567] | 2102.8s
2026-02-18 19:17:00 - M5Trainer - INFO - [Step 11400/18000] Stage C | L=3.9984e+03 (IC=2.269e-01, BC=6.031e-02, PDE=3.671e+05, Qg=2.032e-01, Qz=6.489e-04, Sd=4.186e-02, SwB=0.000e+00) | k_frac=3.8006 mD, dp=17.06 MPa | Sw=[0.141,0.620] | 2126.5s
2026-02-18 19:17:23 - M5Trainer - INFO -   [Sw约束v9] Sw=[0.127, 0.338, 0.825], 权重=200, 惩罚=0.000000 (低=0.0000, 高=0.0000)
2026-02-18 19:17:23 - M5Trainer - INFO -   [Sw监控] SY9: Sw=[0.1269, 0.4158, 0.6110], krg_min=1.571047e-01
2026-02-18 19:17:23 - M5Trainer - INFO - [Step 11500/18000] Stage C | L=3.7686e+03 (IC=1.585e-01, BC=5.555e-02, PDE=3.502e+05, Qg=1.917e-01, Qz=9.707e-04, Sd=4.881e-02, SwB=0.000e+00) | k_frac=3.8044 mD, dp=17.09 MPa | Sw=[0.169,0.537] | 2150.1s
2026-02-18 19:17:23 - M5Trainer - INFO -   [k_frac诊断] grad=3.1533e-01, k_frac=3.804399 mD
2026-02-18 19:17:47 - M5Trainer - INFO - [Step 11600/18000] Stage C | L=3.5638e+03 (IC=1.364e-01, BC=4.809e-02, PDE=3.249e+05, Qg=1.906e-01, Qz=9.185e-04, Sd=4.815e-02, SwB=0.000e+00) | k_frac=3.8059 mD, dp=17.12 MPa | Sw=[0.163,0.564] | 2174.3s
2026-02-18 19:18:12 - M5Trainer - INFO - [Step 11700/18000] Stage C | L=3.5095e+03 (IC=1.310e-01, BC=5.285e-02, PDE=3.177e+05, Qg=1.844e-01, Qz=7.385e-04, Sd=4.138e-02, SwB=0.000e+00) | k_frac=3.8089 mD, dp=17.14 MPa | Sw=[0.126,0.609] | 2198.4s
2026-02-18 19:18:36 - M5Trainer - INFO - [Step 11800/18000] Stage C | L=2.9163e+03 (IC=1.859e-01, BC=6.775e-02, PDE=2.968e+05, Qg=1.867e-01, Qz=6.904e-04, Sd=4.034e-02, SwB=0.000e+00) | k_frac=3.8112 mD, dp=17.17 MPa | Sw=[0.149,0.537] | 2222.5s
2026-02-18 19:19:00 - M5Trainer - INFO - [Step 11900/18000] Stage C | L=4.2981e+03 (IC=1.833e-01, BC=5.060e-02, PDE=3.547e+05, Qg=1.989e-01, Qz=6.345e-04, Sd=4.259e-02, SwB=0.000e+00) | k_frac=3.8142 mD, dp=17.19 MPa | Sw=[0.158,0.575] | 2246.6s
2026-02-18 19:19:24 - M5Trainer - INFO -   [Sw约束v9] Sw=[0.125, 0.336, 0.829], 权重=200, 惩罚=0.000000 (低=0.0000, 高=0.0000)
2026-02-18 19:19:24 - M5Trainer - INFO -   [Sw监控] SY9: Sw=[0.1252, 0.4293, 0.5988], krg_min=1.690196e-01
2026-02-18 19:19:24 - M5Trainer - INFO - [Step 12000/18000] Stage C | L=3.6604e+03 (IC=1.825e-01, BC=6.473e-02, PDE=3.311e+05, Qg=1.869e-01, Qz=7.337e-04, Sd=4.118e-02, SwB=0.000e+00) | k_frac=3.8190 mD, dp=17.22 MPa | Sw=[0.174,0.604] | 2270.8s
2026-02-18 19:19:24 - M5Trainer - INFO -   [k_frac诊断] grad=4.0419e-01, k_frac=3.819049 mD
2026-02-18 19:19:49 - M5Trainer - INFO - [Step 12100/18000] Stage C | L=3.7499e+03 (IC=1.579e-01, BC=6.765e-02, PDE=3.266e+05, Qg=1.814e-01, Qz=7.046e-04, Sd=3.896e-02, SwB=0.000e+00) | k_frac=3.8209 mD, dp=17.24 MPa | Sw=[0.125,0.599] | 2295.4s
2026-02-18 19:20:13 - M5Trainer - INFO - [Step 12200/18000] Stage C | L=2.6317e+03 (IC=2.978e-01, BC=8.212e-02, PDE=2.924e+05, Qg=1.841e-01, Qz=8.715e-04, Sd=3.648e-02, SwB=0.000e+00) | k_frac=3.8230 mD, dp=17.26 MPa | Sw=[0.153,0.557] | 2320.0s
2026-02-18 19:20:38 - M5Trainer - INFO - [Step 12300/18000] Stage C | L=3.5440e+03 (IC=2.166e-01, BC=7.785e-02, PDE=3.114e+05, Qg=1.863e-01, Qz=7.628e-04, Sd=3.276e-02, SwB=0.000e+00) | k_frac=3.8192 mD, dp=17.28 MPa | Sw=[0.146,0.554] | 2344.6s
2026-02-18 19:21:03 - M5Trainer - INFO - [Step 12400/18000] Stage C | L=4.0910e+03 (IC=1.512e-01, BC=4.803e-02, PDE=3.201e+05, Qg=1.805e-01, Qz=7.611e-04, Sd=3.890e-02, SwB=0.000e+00) | k_frac=3.8253 mD, dp=17.30 MPa | Sw=[0.139,0.541] | 2369.4s
2026-02-18 19:21:27 - M5Trainer - INFO -   [Sw约束v9] Sw=[0.126, 0.312, 0.820], 权重=200, 惩罚=0.000000 (低=0.0000, 高=0.0000)
2026-02-18 19:21:27 - M5Trainer - INFO -   [Sw监控] SY9: Sw=[0.1253, 0.4231, 0.5853], krg_min=1.827602e-01
2026-02-18 19:21:27 - M5Trainer - INFO - [Step 12500/18000] Stage C | L=3.7210e+03 (IC=1.250e-01, BC=5.847e-02, PDE=3.042e+05, Qg=1.813e-01, Qz=8.291e-04, Sd=3.622e-02, SwB=0.000e+00) | k_frac=3.8258 mD, dp=17.32 MPa | Sw=[0.126,0.622] | 2394.1s
2026-02-18 19:21:27 - M5Trainer - INFO -   [k_frac诊断] grad=2.4454e-01, k_frac=3.825761 mD
2026-02-18 19:21:52 - M5Trainer - INFO - [Step 12600/18000] Stage D | L=3.6442e+03 (IC=1.846e-01, BC=4.823e-02, PDE=2.915e+05, Qg=1.880e-01, Qz=8.226e-04, Sd=3.602e-02, SwB=0.000e+00) | k_frac=3.8289 mD, dp=17.34 MPa | Sw=[0.137,0.583] | 2419.2s
2026-02-18 19:22:18 - M5Trainer - INFO - [Step 12700/18000] Stage D | L=3.2302e+03 (IC=2.449e-01, BC=5.469e-02, PDE=2.776e+05, Qg=1.793e-01, Qz=9.632e-04, Sd=3.802e-02, SwB=0.000e+00) | k_frac=3.8312 mD, dp=17.35 MPa | Sw=[0.155,0.508] | 2444.4s
2026-02-18 19:22:43 - M5Trainer - INFO - [Step 12800/18000] Stage D | L=3.6810e+03 (IC=1.999e-01, BC=5.304e-02, PDE=2.958e+05, Qg=1.813e-01, Qz=9.290e-04, Sd=4.137e-02, SwB=0.000e+00) | k_frac=3.8324 mD, dp=17.35 MPa | Sw=[0.147,0.502] | 2469.5s
2026-02-18 19:23:08 - M5Trainer - INFO - [Step 12900/18000] Stage D | L=4.3130e+03 (IC=2.638e-01, BC=4.741e-02, PDE=3.269e+05, Qg=1.803e-01, Qz=9.390e-04, Sd=3.996e-02, SwB=0.000e+00) | k_frac=3.8322 mD, dp=17.36 MPa | Sw=[0.127,0.553] | 2494.6s
2026-02-18 19:23:33 - M5Trainer - INFO -   [Sw约束v9] Sw=[0.126, 0.296, 0.805], 权重=100, 惩罚=0.000000 (低=0.0000, 高=0.0000)
2026-02-18 19:23:33 - M5Trainer - INFO -   [Sw监控] SY9: Sw=[0.1258, 0.4263, 0.5820], krg_min=1.862268e-01
2026-02-18 19:23:33 - M5Trainer - INFO - [Step 13000/18000] Stage D | L=2.9802e+03 (IC=1.495e-01, BC=5.469e-02, PDE=2.551e+05, Qg=1.749e-01, Qz=9.798e-04, Sd=4.105e-02, SwB=0.000e+00) | k_frac=3.8340 mD, dp=17.37 MPa | Sw=[0.126,0.489] | 2519.8s
2026-02-18 19:23:33 - M5Trainer - INFO -   [k_frac诊断] grad=-3.7694e-01, k_frac=3.833996 mD
2026-02-18 19:23:59 - M5Trainer - INFO - [Step 13100/18000] Stage D | L=2.9712e+03 (IC=3.154e-01, BC=4.644e-02, PDE=2.634e+05, Qg=1.766e-01, Qz=1.094e-03, Sd=4.100e-02, SwB=0.000e+00) | k_frac=3.8350 mD, dp=17.38 MPa | Sw=[0.128,0.550] | 2545.8s
2026-02-18 19:24:25 - M5Trainer - INFO - [Step 13200/18000] Stage D | L=3.2894e+03 (IC=3.064e-01, BC=6.159e-02, PDE=2.844e+05, Qg=1.719e-01, Qz=1.124e-03, Sd=4.158e-02, SwB=0.000e+00) | k_frac=3.8355 mD, dp=17.39 MPa | Sw=[0.129,0.771] | 2571.5s
2026-02-18 19:24:50 - M5Trainer - INFO - [Step 13300/18000] Stage D | L=3.2642e+03 (IC=3.093e-01, BC=4.842e-02, PDE=2.743e+05, Qg=1.754e-01, Qz=1.120e-03, Sd=4.106e-02, SwB=0.000e+00) | k_frac=3.8363 mD, dp=17.39 MPa | Sw=[0.131,0.514] | 2596.9s
2026-02-18 19:25:16 - M5Trainer - INFO - [Step 13400/18000] Stage D | L=3.0265e+03 (IC=2.433e-01, BC=5.457e-02, PDE=2.588e+05, Qg=1.739e-01, Qz=1.046e-03, Sd=4.120e-02, SwB=0.000e+00) | k_frac=3.8371 mD, dp=17.40 MPa | Sw=[0.129,0.547] | 2622.5s
2026-02-18 19:25:41 - M5Trainer - INFO -   [Sw约束v9] Sw=[0.126, 0.294, 0.800], 权重=100, 惩罚=0.000000 (低=0.0000, 高=0.0000)
2026-02-18 19:25:41 - M5Trainer - INFO -   [Sw监控] SY9: Sw=[0.1259, 0.4226, 0.5696], krg_min=1.994040e-01
2026-02-18 19:25:41 - M5Trainer - INFO - [Step 13500/18000] Stage D | L=2.9300e+03 (IC=2.114e-01, BC=5.565e-02, PDE=2.495e+05, Qg=1.779e-01, Qz=1.058e-03, Sd=3.679e-02, SwB=0.000e+00) | k_frac=3.8373 mD, dp=17.41 MPa | Sw=[0.150,0.542] | 2648.2s
2026-02-18 19:25:41 - M5Trainer - INFO -   [k_frac诊断] grad=1.6516e-01, k_frac=3.837264 mD
2026-02-18 19:26:08 - M5Trainer - INFO - [Step 13600/18000] Stage D | L=2.6723e+03 (IC=3.472e-01, BC=6.105e-02, PDE=2.450e+05, Qg=1.779e-01, Qz=1.040e-03, Sd=4.061e-02, SwB=0.000e+00) | k_frac=3.8379 mD, dp=17.42 MPa | Sw=[0.142,0.470] | 2674.4s
2026-02-18 19:26:34 - M5Trainer - INFO - [Step 13700/18000] Stage D | L=2.5816e+03 (IC=3.316e-01, BC=5.279e-02, PDE=2.351e+05, Qg=1.728e-01, Qz=1.090e-03, Sd=4.115e-02, SwB=0.000e+00) | k_frac=3.8399 mD, dp=17.42 MPa | Sw=[0.135,0.491] | 2700.5s
2026-02-18 19:27:00 - M5Trainer - INFO - [Step 13800/18000] Stage D | L=2.6065e+03 (IC=3.093e-01, BC=6.829e-02, PDE=2.402e+05, Qg=1.745e-01, Qz=1.078e-03, Sd=4.596e-02, SwB=0.000e+00) | k_frac=3.8411 mD, dp=17.43 MPa | Sw=[0.127,0.515] | 2726.6s
2026-02-18 19:27:26 - M5Trainer - INFO - [Step 13900/18000] Stage D | L=3.0340e+03 (IC=3.059e-01, BC=6.564e-02, PDE=2.595e+05, Qg=1.694e-01, Qz=1.124e-03, Sd=4.332e-02, SwB=0.000e+00) | k_frac=3.8401 mD, dp=17.44 MPa | Sw=[0.155,0.492] | 2752.7s
2026-02-18 19:27:52 - M5Trainer - INFO -   [Sw约束v9] Sw=[0.125, 0.289, 0.808], 权重=100, 惩罚=0.000000 (低=0.0000, 高=0.0000)
2026-02-18 19:27:52 - M5Trainer - INFO -   [Sw监控] SY9: Sw=[0.1252, 0.4251, 0.5775], krg_min=1.909228e-01
2026-02-18 19:27:52 - M5Trainer - INFO - [Step 14000/18000] Stage D | L=2.6502e+03 (IC=2.197e-01, BC=5.897e-02, PDE=2.330e+05, Qg=1.691e-01, Qz=1.171e-03, Sd=4.692e-02, SwB=0.000e+00) | k_frac=3.8414 mD, dp=17.45 MPa | Sw=[0.141,0.578] | 2778.9s
2026-02-18 19:27:52 - M5Trainer - INFO -   [k_frac诊断] grad=3.6742e-01, k_frac=3.841436 mD
2026-02-18 19:28:19 - M5Trainer - INFO - [Step 14100/18000] Stage D | L=2.3958e+03 (IC=2.358e-01, BC=7.021e-02, PDE=2.192e+05, Qg=1.710e-01, Qz=1.090e-03, Sd=4.429e-02, SwB=0.000e+00) | k_frac=3.8417 mD, dp=17.45 MPa | Sw=[0.147,0.644] | 2805.5s
2026-02-18 19:28:45 - M5Trainer - INFO - [Step 14200/18000] Stage D | L=2.1220e+03 (IC=1.941e-01, BC=7.487e-02, PDE=2.017e+05, Qg=1.712e-01, Qz=1.185e-03, Sd=4.642e-02, SwB=0.000e+00) | k_frac=3.8424 mD, dp=17.46 MPa | Sw=[0.127,0.559] | 2832.1s
2026-02-18 19:29:12 - M5Trainer - INFO - [Step 14300/18000] Stage D | L=2.1741e+03 (IC=3.568e-01, BC=6.924e-02, PDE=2.093e+05, Qg=1.754e-01, Qz=1.181e-03, Sd=4.696e-02, SwB=0.000e+00) | k_frac=3.8431 mD, dp=17.47 MPa | Sw=[0.127,0.505] | 2858.7s
2026-02-18 19:29:38 - M5Trainer - INFO - [Step 14400/18000] Stage D | L=2.5242e+03 (IC=2.516e-01, BC=7.772e-02, PDE=2.256e+05, Qg=1.695e-01, Qz=1.170e-03, Sd=4.611e-02, SwB=0.000e+00) | k_frac=3.8434 mD, dp=17.47 MPa | Sw=[0.152,0.522] | 2885.3s
2026-02-18 19:30:05 - M5Trainer - INFO -   [Sw约束v9] Sw=[0.125, 0.282, 0.789], 权重=100, 惩罚=0.000000 (低=0.0000, 高=0.0000)
2026-02-18 19:30:05 - M5Trainer - INFO -   [Sw监控] SY9: Sw=[0.1249, 0.4273, 0.5795], krg_min=1.888371e-01
2026-02-18 19:30:05 - M5Trainer - INFO - [Step 14500/18000] Stage D | L=2.3703e+03 (IC=2.569e-01, BC=8.024e-02, PDE=2.160e+05, Qg=1.715e-01, Qz=1.166e-03, Sd=4.591e-02, SwB=0.000e+00) | k_frac=3.8437 mD, dp=17.48 MPa | Sw=[0.126,0.506] | 2911.8s
2026-02-18 19:30:05 - M5Trainer - INFO -   [k_frac诊断] grad=-4.8444e-01, k_frac=3.843674 mD
2026-02-18 19:30:32 - M5Trainer - INFO - [Step 14600/18000] Stage D | L=2.2472e+03 (IC=2.868e-01, BC=7.790e-02, PDE=2.082e+05, Qg=1.697e-01, Qz=1.193e-03, Sd=4.608e-02, SwB=0.000e+00) | k_frac=3.8442 mD, dp=17.48 MPa | Sw=[0.126,0.566] | 2938.9s
2026-02-18 19:30:59 - M5Trainer - INFO - [Step 14700/18000] Stage D | L=2.3657e+03 (IC=3.879e-01, BC=7.827e-02, PDE=2.162e+05, Qg=1.719e-01, Qz=1.183e-03, Sd=4.517e-02, SwB=0.000e+00) | k_frac=3.8443 mD, dp=17.49 MPa | Sw=[0.131,0.694] | 2965.9s
2026-02-18 19:31:26 - M5Trainer - INFO - [Step 14800/18000] Stage D | L=1.9196e+03 (IC=2.716e-01, BC=8.574e-02, PDE=1.874e+05, Qg=1.698e-01, Qz=1.208e-03, Sd=4.725e-02, SwB=0.000e+00) | k_frac=3.8455 mD, dp=17.49 MPa | Sw=[0.128,0.555] | 2992.9s
2026-02-18 19:31:53 - M5Trainer - INFO - [Step 14900/18000] Stage D | L=2.1053e+03 (IC=3.690e-01, BC=7.496e-02, PDE=1.984e+05, Qg=1.693e-01, Qz=1.165e-03, Sd=4.481e-02, SwB=0.000e+00) | k_frac=3.8452 mD, dp=17.50 MPa | Sw=[0.126,0.588] | 3020.1s
2026-02-18 19:32:20 - M5Trainer - INFO -   [Sw约束v9] Sw=[0.125, 0.281, 0.786], 权重=100, 惩罚=0.000000 (低=0.0000, 高=0.0000)
2026-02-18 19:32:21 - M5Trainer - INFO -   [Sw监控] SY9: Sw=[0.1248, 0.4260, 0.5777], krg_min=1.907530e-01
2026-02-18 19:32:21 - M5Trainer - INFO - [Step 15000/18000] Stage D | L=2.3731e+03 (IC=2.393e-01, BC=9.283e-02, PDE=2.086e+05, Qg=1.701e-01, Qz=1.195e-03, Sd=4.515e-02, SwB=0.000e+00) | k_frac=3.8454 mD, dp=17.50 MPa | Sw=[0.134,0.690] | 3047.4s
2026-02-18 19:32:21 - M5Trainer - INFO -   [k_frac诊断] grad=-5.4434e-01, k_frac=3.845423 mD
2026-02-18 19:32:48 - M5Trainer - INFO - [Step 15100/18000] Stage D | L=2.2569e+03 (IC=3.802e-01, BC=8.155e-02, PDE=2.041e+05, Qg=1.706e-01, Qz=1.290e-03, Sd=4.704e-02, SwB=0.000e+00) | k_frac=3.8462 mD, dp=17.51 MPa | Sw=[0.126,0.513] | 3075.1s
2026-02-18 19:33:16 - M5Trainer - INFO - [Step 15200/18000] Stage D | L=1.9909e+03 (IC=3.604e-01, BC=9.637e-02, PDE=1.884e+05, Qg=1.673e-01, Qz=1.263e-03, Sd=4.495e-02, SwB=0.000e+00) | k_frac=3.8459 mD, dp=17.51 MPa | Sw=[0.142,0.465] | 3102.8s
2026-02-18 19:33:44 - M5Trainer - INFO - [Step 15300/18000] Stage D | L=1.9864e+03 (IC=3.053e-01, BC=9.254e-02, PDE=1.859e+05, Qg=1.678e-01, Qz=1.276e-03, Sd=4.502e-02, SwB=0.000e+00) | k_frac=3.8464 mD, dp=17.52 MPa | Sw=[0.158,0.558] | 3130.5s
2026-02-18 19:34:11 - M5Trainer - INFO - [Step 15400/18000] Stage D | L=1.6907e+03 (IC=5.246e-01, BC=9.125e-02, PDE=1.720e+05, Qg=1.667e-01, Qz=1.196e-03, Sd=4.452e-02, SwB=0.000e+00) | k_frac=3.8469 mD, dp=17.52 MPa | Sw=[0.139,0.646] | 3158.1s
2026-02-18 19:34:39 - M5Trainer - INFO -   [Sw约束v9] Sw=[0.125, 0.280, 0.806], 权重=100, 惩罚=0.000000 (低=0.0000, 高=0.0000)
2026-02-18 19:34:39 - M5Trainer - INFO -   [Sw监控] SY9: Sw=[0.1248, 0.4248, 0.5766], krg_min=1.919194e-01
2026-02-18 19:34:39 - M5Trainer - INFO - [Step 15500/18000] Stage D | L=2.0348e+03 (IC=3.850e-01, BC=8.125e-02, PDE=1.872e+05, Qg=1.668e-01, Qz=1.241e-03, Sd=4.510e-02, SwB=0.000e+00) | k_frac=3.8471 mD, dp=17.52 MPa | Sw=[0.158,0.563] | 3185.6s
2026-02-18 19:34:39 - M5Trainer - INFO -   [k_frac诊断] grad=1.1323e-01, k_frac=3.847112 mD
2026-02-18 19:35:07 - M5Trainer - INFO - [Step 15600/18000] Stage D | L=1.9178e+03 (IC=3.560e-01, BC=8.307e-02, PDE=1.771e+05, Qg=1.682e-01, Qz=1.276e-03, Sd=4.616e-02, SwB=0.000e+00) | k_frac=3.8472 mD, dp=17.53 MPa | Sw=[0.126,0.608] | 3213.4s
2026-02-18 19:35:34 - M5Trainer - INFO - [Step 15700/18000] Stage D | L=2.2973e+03 (IC=3.905e-01, BC=8.607e-02, PDE=1.977e+05, Qg=1.676e-01, Qz=1.202e-03, Sd=4.430e-02, SwB=0.000e+00) | k_frac=3.8472 mD, dp=17.53 MPa | Sw=[0.126,0.531] | 3241.1s
2026-02-18 19:36:02 - M5Trainer - INFO - [Step 15800/18000] Stage D | L=1.9895e+03 (IC=4.092e-01, BC=9.064e-02, PDE=1.819e+05, Qg=1.674e-01, Qz=1.257e-03, Sd=4.518e-02, SwB=0.000e+00) | k_frac=3.8474 mD, dp=17.53 MPa | Sw=[0.151,0.726] | 3268.9s
2026-02-18 19:36:31 - M5Trainer - INFO - [Step 15900/18000] Stage D | L=2.1933e+03 (IC=2.320e-01, BC=8.442e-02, PDE=1.847e+05, Qg=1.670e-01, Qz=1.235e-03, Sd=4.509e-02, SwB=0.000e+00) | k_frac=3.8474 mD, dp=17.53 MPa | Sw=[0.126,0.477] | 3297.7s
2026-02-18 19:36:59 - M5Trainer - INFO -   [Sw约束v9] Sw=[0.125, 0.279, 0.804], 权重=100, 惩罚=0.000000 (低=0.0000, 高=0.0000)
2026-02-18 19:36:59 - M5Trainer - INFO -   [Sw监控] SY9: Sw=[0.1247, 0.4258, 0.5779], krg_min=1.904941e-01
2026-02-18 19:36:59 - M5Trainer - INFO - [Step 16000/18000] Stage D | L=1.9822e+03 (IC=3.140e-01, BC=8.037e-02, PDE=1.758e+05, Qg=1.667e-01, Qz=1.230e-03, Sd=4.565e-02, SwB=0.000e+00) | k_frac=3.8477 mD, dp=17.54 MPa | Sw=[0.125,0.558] | 3325.8s
2026-02-18 19:36:59 - M5Trainer - INFO -   [k_frac诊断] grad=4.7574e-01, k_frac=3.847664 mD
2026-02-18 19:37:28 - M5Trainer - INFO - [Step 16100/18000] Stage D | L=1.9610e+03 (IC=3.785e-01, BC=7.725e-02, PDE=1.745e+05, Qg=1.660e-01, Qz=1.272e-03, Sd=4.567e-02, SwB=0.000e+00) | k_frac=3.8478 mD, dp=17.54 MPa | Sw=[0.128,0.552] | 3354.3s
2026-02-18 19:37:56 - M5Trainer - INFO - [Step 16200/18000] Stage D | L=1.5826e+03 (IC=3.915e-01, BC=8.454e-02, PDE=1.520e+05, Qg=1.663e-01, Qz=1.275e-03, Sd=4.597e-02, SwB=0.000e+00) | k_frac=3.8479 mD, dp=17.54 MPa | Sw=[0.127,0.670] | 3383.1s
2026-02-18 19:38:26 - M5Trainer - INFO - [Step 16300/18000] Stage D | L=1.9178e+03 (IC=4.503e-01, BC=7.905e-02, PDE=1.707e+05, Qg=1.674e-01, Qz=1.233e-03, Sd=4.593e-02, SwB=0.000e+00) | k_frac=3.8480 mD, dp=17.54 MPa | Sw=[0.153,0.511] | 3412.4s
2026-02-18 19:38:55 - M5Trainer - INFO - [Step 16400/18000] Stage D | L=2.0348e+03 (IC=2.332e-01, BC=7.601e-02, PDE=1.699e+05, Qg=1.674e-01, Qz=1.236e-03, Sd=4.532e-02, SwB=0.000e+00) | k_frac=3.8479 mD, dp=17.54 MPa | Sw=[0.155,0.732] | 3442.2s
2026-02-18 19:39:23 - M5Trainer - INFO -   [Sw约束v9] Sw=[0.125, 0.280, 0.806], 权重=100, 惩罚=0.000000 (低=0.0000, 高=0.0000)
2026-02-18 19:39:24 - M5Trainer - INFO -   [Sw监控] SY9: Sw=[0.1245, 0.4259, 0.5781], krg_min=1.902500e-01
2026-02-18 19:39:24 - M5Trainer - INFO - [Step 16500/18000] Stage D | L=1.7250e+03 (IC=3.979e-01, BC=8.927e-02, PDE=1.589e+05, Qg=1.671e-01, Qz=1.239e-03, Sd=4.555e-02, SwB=0.000e+00) | k_frac=3.8481 mD, dp=17.55 MPa | Sw=[0.125,0.534] | 3470.5s
2026-02-18 19:39:24 - M5Trainer - INFO -   [k_frac诊断] grad=-5.1877e-01, k_frac=3.848081 mD
2026-02-18 19:39:52 - M5Trainer - INFO - [Step 16600/18000] Stage D | L=1.5772e+03 (IC=4.108e-01, BC=8.960e-02, PDE=1.494e+05, Qg=1.655e-01, Qz=1.245e-03, Sd=4.610e-02, SwB=0.000e+00) | k_frac=3.8483 mD, dp=17.55 MPa | Sw=[0.126,0.543] | 3498.9s
2026-02-18 19:40:22 - M5Trainer - INFO - [Step 16700/18000] Stage D | L=1.6287e+03 (IC=4.191e-01, BC=8.994e-02, PDE=1.517e+05, Qg=1.656e-01, Qz=1.254e-03, Sd=4.589e-02, SwB=0.000e+00) | k_frac=3.8483 mD, dp=17.55 MPa | Sw=[0.153,0.648] | 3528.4s
2026-02-18 19:40:52 - M5Trainer - INFO - [Step 16800/18000] Stage D | L=1.8011e+03 (IC=3.060e-01, BC=8.389e-02, PDE=1.555e+05, Qg=1.660e-01, Qz=1.244e-03, Sd=4.554e-02, SwB=0.000e+00) | k_frac=3.8482 mD, dp=17.55 MPa | Sw=[0.133,0.543] | 3558.7s
2026-02-18 19:41:21 - M5Trainer - INFO - [Step 16900/18000] Stage D | L=1.7464e+03 (IC=2.291e-01, BC=8.589e-02, PDE=1.502e+05, Qg=1.649e-01, Qz=1.246e-03, Sd=4.529e-02, SwB=0.000e+00) | k_frac=3.8482 mD, dp=17.55 MPa | Sw=[0.127,0.581] | 3587.8s
2026-02-18 19:41:50 - M5Trainer - INFO -   [Sw约束v9] Sw=[0.124, 0.280, 0.808], 权重=100, 惩罚=0.000000 (低=0.0000, 高=0.0000)
2026-02-18 19:41:50 - M5Trainer - INFO -   [Sw监控] SY9: Sw=[0.1244, 0.4256, 0.5785], krg_min=1.898622e-01
2026-02-18 19:41:50 - M5Trainer - INFO - [Step 17000/18000] Stage D | L=1.5930e+03 (IC=4.065e-01, BC=9.221e-02, PDE=1.466e+05, Qg=1.644e-01, Qz=1.237e-03, Sd=4.543e-02, SwB=0.000e+00) | k_frac=3.8484 mD, dp=17.55 MPa | Sw=[0.157,0.518] | 3616.9s
2026-02-18 19:41:50 - M5Trainer - INFO -   [k_frac诊断] grad=-5.2927e-01, k_frac=3.848359 mD
2026-02-18 19:42:19 - M5Trainer - INFO - [Step 17100/18000] Stage D | L=1.6450e+03 (IC=2.032e-01, BC=9.719e-02, PDE=1.435e+05, Qg=1.650e-01, Qz=1.235e-03, Sd=4.544e-02, SwB=0.000e+00) | k_frac=3.8484 mD, dp=17.55 MPa | Sw=[0.128,0.480] | 3646.2s
2026-02-18 19:42:49 - M5Trainer - INFO - [Step 17200/18000] Stage D | L=1.6926e+03 (IC=4.024e-01, BC=8.468e-02, PDE=1.493e+05, Qg=1.644e-01, Qz=1.235e-03, Sd=4.545e-02, SwB=0.000e+00) | k_frac=3.8484 mD, dp=17.55 MPa | Sw=[0.152,0.534] | 3676.2s
2026-02-18 19:43:19 - M5Trainer - INFO - [Step 17300/18000] Stage D | L=1.5600e+03 (IC=3.754e-01, BC=8.150e-02, PDE=1.399e+05, Qg=1.640e-01, Qz=1.231e-03, Sd=4.543e-02, SwB=0.000e+00) | k_frac=3.8484 mD, dp=17.55 MPa | Sw=[0.131,0.558] | 3706.0s
2026-02-18 19:43:49 - M5Trainer - INFO - [Step 17400/18000] Stage D | L=1.7126e+03 (IC=2.982e-01, BC=8.687e-02, PDE=1.467e+05, Qg=1.639e-01, Qz=1.235e-03, Sd=4.549e-02, SwB=0.000e+00) | k_frac=3.8484 mD, dp=17.55 MPa | Sw=[0.126,0.486] | 3736.1s
2026-02-18 19:44:19 - M5Trainer - INFO -   [Sw约束v9] Sw=[0.124, 0.281, 0.807], 权重=100, 惩罚=0.000000 (低=0.0000, 高=0.0000)
2026-02-18 19:44:20 - M5Trainer - INFO -   [Sw监控] SY9: Sw=[0.1244, 0.4256, 0.5787], krg_min=1.896757e-01
2026-02-18 19:44:20 - M5Trainer - INFO - [Step 17500/18000] Stage D | L=1.4943e+03 (IC=5.261e-01, BC=1.038e-01, PDE=1.402e+05, Qg=1.636e-01, Qz=1.235e-03, Sd=4.550e-02, SwB=0.000e+00) | k_frac=3.8484 mD, dp=17.55 MPa | Sw=[0.150,0.505] | 3766.4s
2026-02-18 19:44:20 - M5Trainer - INFO -   [k_frac诊断] grad=3.8385e-01, k_frac=3.848416 mD
2026-02-18 19:44:50 - M5Trainer - INFO - [Step 17600/18000] Stage D | L=1.5781e+03 (IC=2.937e-01, BC=8.092e-02, PDE=1.371e+05, Qg=1.632e-01, Qz=1.235e-03, Sd=4.551e-02, SwB=0.000e+00) | k_frac=3.8484 mD, dp=17.55 MPa | Sw=[0.127,0.490] | 3797.1s
2026-02-18 19:45:21 - M5Trainer - INFO - [Step 17700/18000] Stage D | L=1.5055e+03 (IC=3.128e-01, BC=9.131e-02, PDE=1.334e+05, Qg=1.632e-01, Qz=1.235e-03, Sd=4.550e-02, SwB=0.000e+00) | k_frac=3.8484 mD, dp=17.55 MPa | Sw=[0.125,0.512] | 3827.8s
2026-02-18 19:45:53 - M5Trainer - INFO - [Step 17800/18000] Stage D | L=1.5649e+03 (IC=3.736e-01, BC=8.141e-02, PDE=1.361e+05, Qg=1.633e-01, Qz=1.235e-03, Sd=4.551e-02, SwB=0.000e+00) | k_frac=3.8484 mD, dp=17.55 MPa | Sw=[0.126,0.506] | 3859.4s
2026-02-18 19:46:23 - M5Trainer - INFO - [Step 17900/18000] Stage D | L=1.5060e+03 (IC=4.975e-01, BC=7.856e-02, PDE=1.344e+05, Qg=1.631e-01, Qz=1.234e-03, Sd=4.551e-02, SwB=0.000e+00) | k_frac=3.8484 mD, dp=17.55 MPa | Sw=[0.143,0.483] | 3890.1s
2026-02-18 19:46:54 - M5Trainer - INFO - [Step 17999/18000] Stage D | L=1.5120e+03 (IC=3.820e-01, BC=1.024e-01, PDE=1.338e+05, Qg=1.632e-01, Qz=1.235e-03, Sd=4.551e-02, SwB=0.000e+00) | k_frac=3.8484 mD, dp=17.55 MPa | Sw=[0.126,0.553] | 3920.8s
2026-02-18 19:46:54 - M5Trainer - INFO - 
M5 训练完成! 耗时: 3920.8s, 最佳验证分数(val_score): 18.2508
2026-02-18 19:46:54 - M5Trainer - INFO - 配置快照已保存: C:\Users\16281\Desktop\cpedc_project\outputs\mk_pinn_dt_v2\resolved_config_m5.json
2026-02-18 19:46:54 - M5Trainer - INFO - 反演参数审计: C:\Users\16281\Desktop\cpedc_project\outputs\mk_pinn_dt_v2\reports\M5_inversion_params.json
2026-02-18 19:46:54 - M5Trainer - INFO -   history 已恢复 (7601 步)
2026-02-18 19:46:54 - M5Trainer - INFO -   best_step=7600
2026-02-18 19:46:54 - M5Trainer - INFO - 已加载 M5 检查点: C:\Users\16281\Desktop\cpedc_project\outputs\mk_pinn_dt_v2\ckpt\m5_pinn_best.pt
2026-02-18 19:46:54 - M5Trainer - INFO -   history 已恢复 (7601 步)
2026-02-18 19:46:54 - M5Trainer - INFO -   best_step=7600
2026-02-18 19:46:54 - M5Trainer - INFO - 已加载 M5 检查点: C:\Users\16281\Desktop\cpedc_project\outputs\mk_pinn_dt_v2\ckpt\m5_pinn_best.pt
2026-02-18 19:46:54 - M5Trainer - INFO -   history 已恢复 (18000 步)
2026-02-18 19:46:54 - M5Trainer - INFO - 已加载 M5 检查点: C:\Users\16281\Desktop\cpedc_project\outputs\mk_pinn_dt_v2\ckpt\m5_pinn_final.pt
2026-02-18 19:46:54 - M5Trainer - INFO -   history 已恢复 (18000 步)
2026-02-18 19:46:54 - M5Trainer - INFO - 已加载 M5 检查点: C:\Users\16281\Desktop\cpedc_project\outputs\mk_pinn_dt_v2\ckpt\m5_pinn_final.pt
2026-02-18 19:46:54 - M5Trainer - INFO - generate_report: 自动择优采用 final checkpoint, qg_score=7.9298
2026-02-18 19:46:54 - M5Trainer - INFO - 反演参数审计: C:\Users\16281\Desktop\cpedc_project\outputs\mk_pinn_dt_v2\reports\M5_inversion_params.json
2026-02-18 19:46:55 - M5Trainer - INFO - qg 对比图已保存: C:\Users\16281\Desktop\cpedc_project\outputs\mk_pinn_dt_v2\figs\M5_qg_comparison_SY9.png
2026-02-18 19:46:55 - M5Trainer - INFO - p_wf 反演图已保存: C:\Users\16281\Desktop\cpedc_project\outputs\mk_pinn_dt_v2\figs\M5_pwf_inversion_SY9.png
2026-02-18 19:46:56 - M5Trainer - INFO - 训练曲线图已保存: C:\Users\16281\Desktop\cpedc_project\outputs\mk_pinn_dt_v2\figs\M5_training_history.png
2026-02-18 19:46:56 - M5Trainer - INFO - 残差热力图已保存: C:\Users\16281\Desktop\cpedc_project\outputs\mk_pinn_dt_v2\figs\M5_pde_residual_map.png
2026-02-18 19:46:58 - M5Trainer - INFO - M6 连通性分析完成
2026-02-18 19:46:59 - M5Trainer - INFO - M7 水侵预警分析完成
2026-02-18 19:46:59 - M5Trainer - INFO -   history 已恢复 (7601 步)
2026-02-18 19:46:59 - M5Trainer - INFO -   best_step=7600
2026-02-18 19:46:59 - M5Trainer - INFO - 已加载 M5 检查点: C:\Users\16281\Desktop\cpedc_project\outputs\mk_pinn_dt_v2\ckpt\m5_pinn_best.pt
2026-02-18 19:46:59 - M5Trainer - INFO -   history 已恢复 (18000 步)
2026-02-18 19:46:59 - M5Trainer - INFO - 已加载 M5 检查点: C:\Users\16281\Desktop\cpedc_project\outputs\mk_pinn_dt_v2\ckpt\m5_pinn_final.pt
2026-02-18 19:46:59 - M5Trainer - INFO - M5 验收报告已保存: C:\Users\16281\Desktop\cpedc_project\outputs\mk_pinn_dt_v2\reports\M5_validation_report.md
