2026-02-19 21:08:59 - M5Trainer - INFO -   torch.compile 已跳过 (Triton 不支持 Windows, 使用 eager 模式)
2026-02-19 21:08:59 - M5Trainer - INFO - k_frac 独立参数组: lr=3.00e-03 (factor=3.0)
2026-02-19 21:09:00 - M5Trainer - INFO - k_net 学习率: 1.00e-04 (factor=0.1, warmup=2000 steps)
2026-02-19 21:09:00 - M5Trainer - INFO -   井 SY9: 1332 条同化数据 (train=799, val=266, test=267)
    开井点数 (q>1): train=745, val=88, test=121
    有效压力点: val_p=109, test_p=121
2026-02-19 21:09:00 - M5Trainer - INFO -   train time window(norm): [0.0000, 0.5995]
2026-02-19 21:09:00 - M5Trainer - INFO -   M3 PVT cg(76.0, 140.32) = 0.009744
2026-02-19 21:09:00 - M5Trainer - INFO -   M3 PVT Bg(76.0, 140.32) = 0.002577
2026-02-19 21:09:00 - M5Trainer - INFO -   PDE 缩放: αx=0.029719, αy=0.074361
2026-02-19 21:09:00 - M5Trainer - INFO - M5Trainer 初始化完成: device=cuda, lr=0.001, max_steps=20000, relobralo=True, rar=True
2026-02-19 21:09:00 - M5Trainer - INFO - ============================================================
2026-02-19 21:09:00 - M5Trainer - INFO - M5 PINN 井—藏耦合同化训练开始
2026-02-19 21:09:00 - M5Trainer - INFO - ============================================================
2026-02-19 21:09:00 - M5Trainer - INFO - 训练阶段: A[0-2000] B[2000-7000] C[7000-14000] D[14000-20000]
2026-02-19 21:09:00 - M5Trainer - INFO -   qg_nearzero 权重: A=3.0, B=6.0->9.0, C=12.0, D=3.0, enable=True
2026-02-19 21:09:00 - M5Trainer - INFO - --- M5 单位/量纲诊断 (train 第 1 步前) ---
2026-02-19 21:09:00 - M5Trainer - INFO -   qg_obs 范围: 0.00e+00 ~ 8.39e+05 m³/d, 均值: 2.97e+05 m³/d
2026-02-19 21:09:00 - M5Trainer - INFO -   qg_pred 范围: 3.86e+05 ~ 3.99e+05
2026-02-19 21:09:00 - M5Trainer - INFO -   p_wf 范围: 7.43e+01 ~ 7.43e+01 MPa
2026-02-19 21:09:00 - M5Trainer - INFO -   p_field @ well: 7.50e+01 MPa
2026-02-19 21:09:00 - M5Trainer - INFO -   k_frac = 5.4020 mD
2026-02-19 21:09:00 - M5Trainer - INFO -   WI_raw = 4.309845e-13 [检查单位]
2026-02-19 21:09:00 - M5Trainer - INFO -   dp_wellbore = 12.00 MPa
2026-02-19 21:09:00 - M5Trainer - INFO -   Bg_ref = 2.576898e-03
2026-02-19 21:09:00 - M5Trainer - INFO -   qg_obs 范围: 0.00e+00 ~ 8.39e+05 m³/d
2026-02-19 21:09:00 - M5Trainer - INFO -   qg_obs 中位数 = 3.07e+05 m³/d
2026-02-19 21:09:00 - M5Trainer - INFO -   ✅ v9: PDE源项已升级为时变 source(x,y,t) = qg_obs(t) * kernel(x,y)
2026-02-19 21:09:00 - M5Trainer - INFO -   ✅ 每个PDE配点使用其时刻对应的真实观测产量（线性插值）
2026-02-19 21:09:00 - M5Trainer - INFO - --- 诊断结束 ---
2026-02-19 21:09:00 - M5Trainer - INFO -   [shape] SY9: qg pred=(1332, 1) vs obs=(1332, 1), p_wf pred=(1332, 1) vs p_obs=(1332, 1)
2026-02-19 21:09:00 - M5Trainer - INFO -   [Sw约束v9] Sw=[0.260, 0.260, 0.260], 权重=500, 惩罚=0.000000 (低=0.0000, 高=0.0000)
2026-02-19 21:09:01 - M5Trainer - INFO -   ✅ k_frac_mD.grad = -6.601566e-03 (PDE梯度贯通)
2026-02-19 21:09:01 - M5Trainer - INFO -   ✅ k_net: 18 组参数收到梯度
2026-02-19 21:09:01 - M5Trainer - INFO -   [梯度验收] SY9: qg_obs range=[0.0, 838700.0]
2026-02-19 21:09:01 - M5Trainer - INFO -   [Sw监控] SY9: Sw=[0.2600, 0.2600, 0.2600], krg_min=6.751000e-01
2026-02-19 21:09:01 - M5Trainer - INFO - [Step     0/20000] Stage A | L=7.8526e+02 (IC=1.000e+00, BC=1.000e+00, PDE=1.611e+06, Qg=2.976e-01, Qz=1.312e-01, Sd=3.747e-01, SwB=0.000e+00) | k_frac=5.4022 mD, dp=12.00 MPa | Sw=[0.260,0.260] | 0.8s
2026-02-19 21:09:01 - M5Trainer - INFO -   [k_frac诊断] grad=-6.6016e-03, k_frac=5.402157 mD
2026-02-19 21:09:17 - M5Trainer - INFO - [Step   100/20000] Stage A | L=3.0696e+02 (IC=1.014e-02, BC=1.340e-02, PDE=1.988e+06, Qg=2.768e-01, Qz=1.159e-01, Sd=7.094e-01, SwB=0.000e+00) | k_frac=5.4128 mD, dp=12.02 MPa | Sw=[0.240,0.289] | 16.8s
2026-02-19 21:09:32 - M5Trainer - INFO -   [梯度验收] SY9: qg_obs range=[0.0, 838700.0]
2026-02-19 21:09:32 - M5Trainer - INFO - [Step   200/20000] Stage A | L=1.5370e+02 (IC=2.979e-02, BC=1.249e-02, PDE=1.738e+06, Qg=3.569e-01, Qz=6.412e-02, Sd=1.176e+01, SwB=0.000e+00) | k_frac=5.2022 mD, dp=12.06 MPa | Sw=[0.153,0.644] | 32.0s
2026-02-19 21:09:47 - M5Trainer - INFO - [Step   300/20000] Stage A | L=3.0710e+02 (IC=1.002e-01, BC=6.095e-02, PDE=1.921e+06, Qg=2.152e-01, Qz=6.198e-02, Sd=1.400e+01, SwB=0.000e+00) | k_frac=5.0953 mD, dp=12.07 MPa | Sw=[0.155,0.555] | 46.7s
2026-02-19 21:10:01 - M5Trainer - INFO -   [梯度验收] SY9: qg_obs range=[0.0, 838700.0]
2026-02-19 21:10:01 - M5Trainer - INFO - [Step   400/20000] Stage A | L=3.0750e+02 (IC=4.506e-02, BC=3.067e-02, PDE=1.875e+06, Qg=2.242e-01, Qz=3.897e-02, Sd=2.073e+01, SwB=0.000e+00) | k_frac=5.0666 mD, dp=12.07 MPa | Sw=[0.149,0.611] | 60.9s
2026-02-19 21:10:15 - M5Trainer - INFO -   [Sw约束v9] Sw=[0.143, 0.309, 0.753], 权重=500, 惩罚=0.000000 (低=0.0000, 高=0.0000)
2026-02-19 21:10:15 - M5Trainer - INFO -   [Sw监控] SY9: Sw=[0.5554, 0.6596, 0.7578], krg_min=4.779382e-02
2026-02-19 21:10:15 - M5Trainer - INFO - [Step   500/20000] Stage A | L=2.1690e+02 (IC=1.086e-01, BC=6.665e-02, PDE=1.482e+06, Qg=2.720e-01, Qz=2.839e-02, Sd=2.197e+01, SwB=0.000e+00) | k_frac=5.0454 mD, dp=12.08 MPa | Sw=[0.148,0.676] | 75.2s
2026-02-19 21:10:15 - M5Trainer - INFO -   [k_frac诊断] grad=-1.6752e-01, k_frac=5.045450 mD
2026-02-19 21:10:30 - M5Trainer - INFO -   [梯度验收] SY9: qg_obs range=[0.0, 838700.0]
2026-02-19 21:10:30 - M5Trainer - INFO - [Step   600/20000] Stage A | L=1.7275e+02 (IC=7.986e-02, BC=4.324e-02, PDE=1.460e+06, Qg=2.154e-01, Qz=3.015e-02, Sd=2.414e+01, SwB=0.000e+00) | k_frac=5.0260 mD, dp=12.08 MPa | Sw=[0.152,0.653] | 89.7s
2026-02-19 21:10:44 - M5Trainer - INFO - [Step   700/20000] Stage A | L=2.5530e+02 (IC=3.061e-02, BC=5.137e-02, PDE=1.732e+06, Qg=2.275e-01, Qz=2.013e-02, Sd=2.499e+01, SwB=0.000e+00) | k_frac=5.0037 mD, dp=12.09 MPa | Sw=[0.159,0.654] | 104.2s
2026-02-19 21:10:58 - M5Trainer - INFO -   [梯度验收] SY9: qg_obs range=[0.0, 838700.0]
2026-02-19 21:10:58 - M5Trainer - INFO - [Step   800/20000] Stage A | L=2.0689e+02 (IC=3.756e-02, BC=1.843e-02, PDE=1.588e+06, Qg=2.300e-01, Qz=2.125e-02, Sd=2.469e+01, SwB=0.000e+00) | k_frac=4.9771 mD, dp=12.09 MPa | Sw=[0.146,0.662] | 118.7s
2026-02-19 21:11:13 - M5Trainer - INFO - [Step   900/20000] Stage A | L=2.1958e+02 (IC=3.856e-02, BC=2.946e-02, PDE=1.361e+06, Qg=2.286e-01, Qz=1.762e-02, Sd=2.429e+01, SwB=0.000e+00) | k_frac=4.9491 mD, dp=12.09 MPa | Sw=[0.141,0.681] | 133.2s
2026-02-19 21:11:27 - M5Trainer - INFO -   [Sw约束v9] Sw=[0.142, 0.333, 0.761], 权重=500, 惩罚=0.000000 (低=0.0000, 高=0.0000)
2026-02-19 21:11:27 - M5Trainer - INFO -   [梯度验收] SY9: qg_obs range=[0.0, 838700.0]
2026-02-19 21:11:28 - M5Trainer - INFO -   [Sw监控] SY9: Sw=[0.5939, 0.6633, 0.7629], krg_min=4.512470e-02
2026-02-19 21:11:28 - M5Trainer - INFO - [Step  1000/20000] Stage A | L=1.9286e+02 (IC=1.427e-01, BC=1.084e-01, PDE=1.259e+06, Qg=2.177e-01, Qz=2.823e-02, Sd=2.558e+01, SwB=0.000e+00) | k_frac=4.9322 mD, dp=12.09 MPa | Sw=[0.144,0.663] | 147.7s
2026-02-19 21:11:28 - M5Trainer - INFO -   [k_frac诊断] grad=1.7509e-01, k_frac=4.932229 mD
2026-02-19 21:11:42 - M5Trainer - INFO - [Step  1100/20000] Stage A | L=2.5984e+02 (IC=3.072e-02, BC=2.627e-02, PDE=1.455e+06, Qg=2.286e-01, Qz=2.287e-02, Sd=2.802e+01, SwB=0.000e+00) | k_frac=4.8918 mD, dp=12.10 MPa | Sw=[0.145,0.684] | 162.5s
2026-02-19 21:11:57 - M5Trainer - INFO -   [梯度验收] SY9: qg_obs range=[0.0, 838700.0]
2026-02-19 21:11:57 - M5Trainer - INFO - [Step  1200/20000] Stage A | L=2.6019e+02 (IC=5.735e-02, BC=6.758e-02, PDE=1.635e+06, Qg=2.384e-01, Qz=1.639e-02, Sd=2.796e+01, SwB=0.000e+00) | k_frac=4.8683 mD, dp=12.10 MPa | Sw=[0.148,0.677] | 177.3s
2026-02-19 21:12:12 - M5Trainer - INFO - [Step  1300/20000] Stage A | L=2.2903e+02 (IC=2.820e-02, BC=2.701e-02, PDE=1.324e+06, Qg=2.420e-01, Qz=1.795e-02, Sd=2.677e+01, SwB=0.000e+00) | k_frac=4.8280 mD, dp=12.11 MPa | Sw=[0.145,0.680] | 192.1s
2026-02-19 21:12:27 - M5Trainer - INFO -   [梯度验收] SY9: qg_obs range=[0.0, 838700.0]
2026-02-19 21:12:27 - M5Trainer - INFO - [Step  1400/20000] Stage A | L=2.1534e+02 (IC=1.252e-01, BC=1.632e-01, PDE=1.369e+06, Qg=2.182e-01, Qz=2.036e-02, Sd=2.770e+01, SwB=0.000e+00) | k_frac=4.8105 mD, dp=12.11 MPa | Sw=[0.152,0.662] | 207.0s
2026-02-19 21:12:42 - M5Trainer - INFO -   [Sw约束v9] Sw=[0.134, 0.352, 0.766], 权重=500, 惩罚=0.000000 (低=0.0000, 高=0.0000)
2026-02-19 21:12:42 - M5Trainer - INFO -   [Sw监控] SY9: Sw=[0.6282, 0.6814, 0.7689], krg_min=4.209145e-02
2026-02-19 21:12:42 - M5Trainer - INFO - [Step  1500/20000] Stage A | L=1.9775e+02 (IC=2.624e-02, BC=2.431e-02, PDE=1.229e+06, Qg=2.380e-01, Qz=2.669e-02, Sd=3.084e+01, SwB=0.000e+00) | k_frac=4.7795 mD, dp=12.11 MPa | Sw=[0.141,0.695] | 222.4s
2026-02-19 21:12:42 - M5Trainer - INFO -   [k_frac诊断] grad=-1.6321e-01, k_frac=4.779487 mD
2026-02-19 21:12:57 - M5Trainer - INFO -   [梯度验收] SY9: qg_obs range=[0.0, 838700.0]
2026-02-19 21:12:57 - M5Trainer - INFO - [Step  1600/20000] Stage A | L=2.0497e+02 (IC=4.978e-02, BC=3.738e-02, PDE=1.219e+06, Qg=2.209e-01, Qz=1.830e-02, Sd=3.287e+01, SwB=0.000e+00) | k_frac=4.7682 mD, dp=12.10 MPa | Sw=[0.137,0.692] | 237.3s
2026-02-19 21:13:11 - M5Trainer - INFO - [Step  1700/20000] Stage A | L=2.0028e+02 (IC=4.811e-02, BC=2.392e-02, PDE=1.171e+06, Qg=3.401e-01, Qz=1.177e-02, Sd=2.939e+01, SwB=0.000e+00) | k_frac=4.7226 mD, dp=12.11 MPa | Sw=[0.134,0.707] | 251.2s
2026-02-19 21:13:24 - M5Trainer - INFO -   [梯度验收] SY9: qg_obs range=[0.0, 838700.0]
2026-02-19 21:13:24 - M5Trainer - INFO - [Step  1800/20000] Stage A | L=2.1149e+02 (IC=2.974e-02, BC=2.034e-02, PDE=1.268e+06, Qg=2.547e-01, Qz=2.115e-02, Sd=3.548e+01, SwB=0.000e+00) | k_frac=4.7199 mD, dp=12.11 MPa | Sw=[0.145,0.675] | 264.7s
2026-02-19 21:13:38 - M5Trainer - INFO - [Step  1900/20000] Stage A | L=1.8484e+02 (IC=1.959e-01, BC=2.718e-01, PDE=1.326e+06, Qg=2.174e-01, Qz=1.665e-02, Sd=3.259e+01, SwB=0.000e+00) | k_frac=4.6913 mD, dp=12.11 MPa | Sw=[0.145,0.692] | 278.6s
2026-02-19 21:13:52 - M5Trainer - INFO -   [Sw约束v9] Sw=[0.133, 0.371, 0.783], 权重=300, 惩罚=0.000000 (低=0.0000, 高=0.0000)
2026-02-19 21:13:52 - M5Trainer - INFO -   [Sw监控] SY9: Sw=[0.5819, 0.6721, 0.7827], krg_min=3.553379e-02
2026-02-19 21:13:52 - M5Trainer - INFO - [Step  2000/20000] Stage B | L=1.3540e+03 (IC=7.549e-02, BC=9.122e-02, PDE=1.284e+06, Qg=2.066e-01, Qz=2.025e-02, Sd=3.469e+01, SwB=0.000e+00) | k_frac=4.6715 mD, dp=12.11 MPa | Sw=[0.145,0.712] | 292.3s
2026-02-19 21:13:52 - M5Trainer - INFO -   [k_frac诊断] grad=-1.4156e-01, k_frac=4.671467 mD
2026-02-19 21:14:06 - M5Trainer - INFO - [Step  2100/20000] Stage B | L=8.8949e+02 (IC=3.705e-02, BC=3.482e-02, PDE=1.081e+06, Qg=2.330e-01, Qz=1.631e-03, Sd=4.331e-01, SwB=0.000e+00) | k_frac=4.6373 mD, dp=12.33 MPa | Sw=[0.155,0.613] | 306.2s
2026-02-19 21:14:20 - M5Trainer - INFO - [Step  2200/20000] Stage B | L=1.1601e+03 (IC=1.046e-01, BC=9.708e-02, PDE=1.148e+06, Qg=2.070e-01, Qz=2.805e-03, Sd=7.482e-01, SwB=0.000e+00) | k_frac=4.5601 mD, dp=12.45 MPa | Sw=[0.152,0.569] | 320.3s
2026-02-19 21:14:34 - M5Trainer - INFO - [Step  2300/20000] Stage B | L=1.1349e+03 (IC=2.086e-01, BC=1.512e-01, PDE=1.218e+06, Qg=2.435e-01, Qz=1.044e-03, Sd=3.572e-01, SwB=0.000e+00) | k_frac=4.4955 mD, dp=12.57 MPa | Sw=[0.142,0.638] | 334.4s
2026-02-19 21:14:48 - M5Trainer - INFO - [Step  2400/20000] Stage B | L=1.2280e+03 (IC=3.389e-02, BC=3.225e-02, PDE=1.120e+06, Qg=2.561e-01, Qz=2.970e-03, Sd=3.988e-01, SwB=0.000e+00) | k_frac=4.4423 mD, dp=12.68 MPa | Sw=[0.154,0.545] | 348.3s
2026-02-19 21:15:02 - M5Trainer - INFO -   [Sw约束v9] Sw=[0.144, 0.324, 0.687], 权重=300, 惩罚=0.000000 (低=0.0000, 高=0.0000)
2026-02-19 21:15:02 - M5Trainer - INFO -   [Sw监控] SY9: Sw=[0.3807, 0.5433, 0.6970], krg_min=8.535192e-02
2026-02-19 21:15:02 - M5Trainer - INFO - [Step  2500/20000] Stage B | L=8.4375e+02 (IC=9.191e-02, BC=7.614e-02, PDE=1.050e+06, Qg=2.350e-01, Qz=1.283e-03, Sd=3.746e-01, SwB=0.000e+00) | k_frac=4.3653 mD, dp=12.80 MPa | Sw=[0.162,0.602] | 362.4s
2026-02-19 21:15:02 - M5Trainer - INFO -   [k_frac诊断] grad=-2.9016e-01, k_frac=4.365255 mD
2026-02-19 21:15:17 - M5Trainer - INFO - [Step  2600/20000] Stage B | L=1.0379e+03 (IC=1.102e-01, BC=6.630e-02, PDE=1.032e+06, Qg=2.062e-01, Qz=2.028e-03, Sd=3.718e-01, SwB=0.000e+00) | k_frac=4.3143 mD, dp=12.93 MPa | Sw=[0.151,0.575] | 376.8s
2026-02-19 21:15:31 - M5Trainer - INFO - [Step  2700/20000] Stage B | L=1.0901e+03 (IC=5.998e-02, BC=7.396e-02, PDE=1.015e+06, Qg=2.528e-01, Qz=3.279e-03, Sd=5.676e-01, SwB=0.000e+00) | k_frac=4.2927 mD, dp=13.04 MPa | Sw=[0.158,0.589] | 391.0s
2026-02-19 21:15:45 - M5Trainer - INFO - [Step  2800/20000] Stage B | L=1.2655e+03 (IC=3.882e-02, BC=2.853e-02, PDE=1.030e+06, Qg=2.136e-01, Qz=1.786e-03, Sd=3.478e-01, SwB=0.000e+00) | k_frac=4.2516 mD, dp=13.16 MPa | Sw=[0.155,0.638] | 405.3s
2026-02-19 21:15:59 - M5Trainer - INFO - [Step  2900/20000] Stage B | L=1.2333e+03 (IC=1.220e-01, BC=1.206e-01, PDE=1.155e+06, Qg=3.025e-01, Qz=5.245e-03, Sd=5.321e-01, SwB=0.000e+00) | k_frac=4.2326 mD, dp=13.28 MPa | Sw=[0.154,0.591] | 419.6s
2026-02-19 21:16:14 - M5Trainer - INFO -   [Sw约束v9] Sw=[0.144, 0.322, 0.648], 权重=300, 惩罚=0.000000 (低=0.0000, 高=0.0000)
2026-02-19 21:16:14 - M5Trainer - INFO -   [Sw监控] SY9: Sw=[0.3352, 0.5103, 0.6463], krg_min=1.250761e-01
2026-02-19 21:16:14 - M5Trainer - INFO - [Step  3000/20000] Stage B | L=1.0320e+03 (IC=9.852e-02, BC=7.804e-02, PDE=1.004e+06, Qg=2.140e-01, Qz=2.591e-03, Sd=3.965e-01, SwB=0.000e+00) | k_frac=4.1770 mD, dp=13.40 MPa | Sw=[0.169,0.518] | 434.1s
2026-02-19 21:16:14 - M5Trainer - INFO -   [k_frac诊断] grad=2.2445e-01, k_frac=4.176989 mD
2026-02-19 21:16:29 - M5Trainer - INFO - [Step  3100/20000] Stage B | L=1.0159e+03 (IC=9.859e-02, BC=8.749e-02, PDE=9.821e+05, Qg=2.084e-01, Qz=2.103e-03, Sd=3.044e-01, SwB=0.000e+00) | k_frac=4.1546 mD, dp=13.50 MPa | Sw=[0.146,0.575] | 448.8s
2026-02-19 21:16:43 - M5Trainer - INFO - [Step  3200/20000] Stage B | L=1.3826e+03 (IC=3.612e-02, BC=2.659e-02, PDE=1.083e+06, Qg=2.113e-01, Qz=2.269e-03, Sd=3.182e-01, SwB=0.000e+00) | k_frac=4.1229 mD, dp=13.63 MPa | Sw=[0.167,0.608] | 463.3s
2026-02-19 21:16:58 - M5Trainer - INFO - [Step  3300/20000] Stage B | L=9.5619e+02 (IC=4.651e-02, BC=3.285e-02, PDE=8.806e+05, Qg=2.123e-01, Qz=2.263e-03, Sd=3.047e-01, SwB=0.000e+00) | k_frac=4.0946 mD, dp=13.74 MPa | Sw=[0.153,0.530] | 478.0s
2026-02-19 21:17:12 - M5Trainer - INFO - [Step  3400/20000] Stage B | L=7.3109e+02 (IC=5.774e-02, BC=4.862e-02, PDE=8.876e+05, Qg=2.651e-01, Qz=3.549e-03, Sd=4.383e-01, SwB=0.000e+00) | k_frac=4.0663 mD, dp=13.88 MPa | Sw=[0.153,0.551] | 492.7s
2026-02-19 21:17:27 - M5Trainer - INFO -   [Sw约束v9] Sw=[0.143, 0.310, 0.634], 权重=300, 惩罚=0.000000 (低=0.0000, 高=0.0000)
2026-02-19 21:17:27 - M5Trainer - INFO -   [Sw监控] SY9: Sw=[0.2730, 0.4873, 0.6312], krg_min=1.382979e-01
2026-02-19 21:17:27 - M5Trainer - INFO - [Step  3500/20000] Stage B | L=1.1160e+03 (IC=4.635e-02, BC=3.271e-02, PDE=9.056e+05, Qg=2.189e-01, Qz=2.442e-03, Sd=3.105e-01, SwB=0.000e+00) | k_frac=4.0204 mD, dp=14.00 MPa | Sw=[0.160,0.578] | 507.5s
2026-02-19 21:17:27 - M5Trainer - INFO -   [k_frac诊断] grad=-2.4803e-01, k_frac=4.020402 mD
2026-02-19 21:17:42 - M5Trainer - INFO - [Step  3600/20000] Stage B | L=8.8331e+02 (IC=1.241e-01, BC=7.974e-02, PDE=8.721e+05, Qg=2.215e-01, Qz=3.446e-03, Sd=4.147e-01, SwB=0.000e+00) | k_frac=3.9994 mD, dp=14.12 MPa | Sw=[0.167,0.549] | 522.4s
2026-02-19 21:17:57 - M5Trainer - INFO - [Step  3700/20000] Stage B | L=1.3246e+03 (IC=3.379e-02, BC=2.526e-02, PDE=9.595e+05, Qg=2.361e-01, Qz=4.148e-03, Sd=3.246e-01, SwB=0.000e+00) | k_frac=3.9767 mD, dp=14.23 MPa | Sw=[0.184,0.557] | 537.3s
2026-02-19 21:18:12 - M5Trainer - INFO - [Step  3800/20000] Stage B | L=1.4102e+03 (IC=3.985e-02, BC=3.836e-02, PDE=1.032e+06, Qg=2.058e-01, Qz=4.429e-03, Sd=2.987e-01, SwB=0.000e+00) | k_frac=3.9463 mD, dp=14.35 MPa | Sw=[0.167,0.565] | 552.3s
2026-02-19 21:18:27 - M5Trainer - INFO - [Step  3900/20000] Stage B | L=1.3777e+03 (IC=3.784e-02, BC=1.836e-02, PDE=9.775e+05, Qg=2.134e-01, Qz=3.524e-03, Sd=2.715e-01, SwB=0.000e+00) | k_frac=3.9352 mD, dp=14.44 MPa | Sw=[0.173,0.562] | 566.9s
2026-02-19 21:18:41 - M5Trainer - INFO -   [Sw约束v9] Sw=[0.154, 0.300, 0.563], 权重=300, 惩罚=0.000000 (低=0.0000, 高=0.0000)
2026-02-19 21:18:41 - M5Trainer - INFO -   [Sw监控] SY9: Sw=[0.2202, 0.4466, 0.5598], krg_min=2.101058e-01
2026-02-19 21:18:41 - M5Trainer - INFO - [Step  4000/20000] Stage B | L=1.2320e+03 (IC=3.076e-02, BC=2.298e-02, PDE=9.198e+05, Qg=1.941e-01, Qz=5.084e-03, Sd=2.842e-01, SwB=0.000e+00) | k_frac=3.9053 mD, dp=14.56 MPa | Sw=[0.170,0.525] | 581.6s
2026-02-19 21:18:41 - M5Trainer - INFO -   [k_frac诊断] grad=-3.9045e-01, k_frac=3.905255 mD
2026-02-19 21:18:56 - M5Trainer - INFO - [Step  4100/20000] Stage B | L=1.0624e+03 (IC=5.731e-02, BC=2.299e-02, PDE=8.466e+05, Qg=2.043e-01, Qz=3.280e-03, Sd=2.441e-01, SwB=0.000e+00) | k_frac=3.8753 mD, dp=14.66 MPa | Sw=[0.168,0.509] | 596.5s
2026-02-19 21:19:11 - M5Trainer - INFO - [Step  4200/20000] Stage B | L=9.5774e+02 (IC=7.350e-02, BC=5.655e-02, PDE=8.801e+05, Qg=2.107e-01, Qz=5.010e-03, Sd=2.639e-01, SwB=0.000e+00) | k_frac=3.8845 mD, dp=14.73 MPa | Sw=[0.184,0.531] | 611.4s
2026-02-19 21:19:26 - M5Trainer - INFO - [Step  4300/20000] Stage B | L=1.0482e+03 (IC=5.823e-02, BC=5.607e-02, PDE=8.080e+05, Qg=2.358e-01, Qz=4.689e-03, Sd=2.245e-01, SwB=0.000e+00) | k_frac=3.8496 mD, dp=14.81 MPa | Sw=[0.187,0.476] | 626.3s
2026-02-19 21:19:41 - M5Trainer - INFO - [Step  4400/20000] Stage B | L=9.9265e+02 (IC=1.282e-01, BC=8.482e-02, PDE=8.835e+05, Qg=2.073e-01, Qz=4.767e-03, Sd=2.639e-01, SwB=0.000e+00) | k_frac=3.8693 mD, dp=14.87 MPa | Sw=[0.194,0.513] | 641.1s
2026-02-19 21:19:56 - M5Trainer - INFO -   [Sw约束v9] Sw=[0.160, 0.277, 0.577], 权重=300, 惩罚=0.000000 (低=0.0000, 高=0.0000)
2026-02-19 21:19:56 - M5Trainer - INFO -   [Sw监控] SY9: Sw=[0.2048, 0.4072, 0.5780], krg_min=1.904062e-01
2026-02-19 21:19:56 - M5Trainer - INFO - [Step  4500/20000] Stage B | L=1.1987e+03 (IC=4.705e-02, BC=2.483e-02, PDE=8.554e+05, Qg=2.445e-01, Qz=4.030e-03, Sd=2.268e-01, SwB=0.000e+00) | k_frac=3.8509 mD, dp=14.96 MPa | Sw=[0.177,0.493] | 656.0s
2026-02-19 21:19:56 - M5Trainer - INFO -   [k_frac诊断] grad=-3.7322e-01, k_frac=3.850906 mD
2026-02-19 21:20:11 - M5Trainer - INFO - [Step  4600/20000] Stage B | L=1.3869e+03 (IC=2.692e-02, BC=1.265e-02, PDE=9.250e+05, Qg=2.153e-01, Qz=6.121e-03, Sd=1.952e-01, SwB=0.000e+00) | k_frac=3.8494 mD, dp=15.02 MPa | Sw=[0.176,0.441] | 671.2s
2026-02-19 21:20:26 - M5Trainer - INFO - [Step  4700/20000] Stage B | L=1.1539e+03 (IC=3.577e-02, BC=1.904e-02, PDE=8.077e+05, Qg=2.217e-01, Qz=5.200e-03, Sd=1.813e-01, SwB=0.000e+00) | k_frac=3.8086 mD, dp=15.14 MPa | Sw=[0.171,0.501] | 686.5s
2026-02-19 21:20:42 - M5Trainer - INFO - [Step  4800/20000] Stage B | L=1.0472e+03 (IC=3.768e-02, BC=2.716e-02, PDE=8.151e+05, Qg=2.188e-01, Qz=6.947e-03, Sd=2.117e-01, SwB=0.000e+00) | k_frac=3.8189 mD, dp=15.20 MPa | Sw=[0.179,0.507] | 701.8s
2026-02-19 21:20:57 - M5Trainer - INFO - [Step  4900/20000] Stage B | L=3.9899e+02 (IC=7.272e-01, BC=4.301e-01, PDE=7.781e+05, Qg=2.065e-01, Qz=4.552e-03, Sd=1.849e-01, SwB=0.000e+00) | k_frac=3.8150 mD, dp=15.25 MPa | Sw=[0.171,0.463] | 717.2s
2026-02-19 21:21:12 - M5Trainer - INFO -   [Sw约束v9] Sw=[0.152, 0.292, 0.582], 权重=300, 惩罚=0.000000 (低=0.0000, 高=0.0000)
2026-02-19 21:21:12 - M5Trainer - INFO -   [Sw监控] SY9: Sw=[0.1770, 0.4406, 0.5787], krg_min=1.897128e-01
2026-02-19 21:21:12 - M5Trainer - INFO -   [best更新] val_score=18.6542 (step 5000)
2026-02-19 21:21:12 - M5Trainer - INFO - [Step  5000/20000] Stage B | L=1.0790e+03 (IC=7.642e-02, BC=4.358e-02, PDE=8.119e+05, Qg=2.086e-01, Qz=3.485e-03, Sd=2.001e-01, SwB=0.000e+00) | k_frac=3.8278 mD, dp=15.30 MPa | Sw=[0.165,0.542] | 732.5s
2026-02-19 21:21:12 - M5Trainer - INFO -   [k_frac诊断] grad=-2.4918e-02, k_frac=3.827828 mD
2026-02-19 21:21:28 - M5Trainer - INFO - [Step  5100/20000] Stage B | L=9.9682e+02 (IC=7.935e-02, BC=5.985e-02, PDE=8.052e+05, Qg=2.048e-01, Qz=3.784e-03, Sd=1.838e-01, SwB=0.000e+00) | k_frac=3.8311 mD, dp=15.35 MPa | Sw=[0.162,0.553] | 748.2s
2026-02-19 21:21:44 - M5Trainer - INFO - [Step  5200/20000] Stage B | L=1.1224e+03 (IC=6.453e-02, BC=3.999e-02, PDE=8.494e+05, Qg=2.131e-01, Qz=4.752e-03, Sd=1.837e-01, SwB=0.000e+00) | k_frac=3.8273 mD, dp=15.40 MPa | Sw=[0.166,0.545] | 764.0s
2026-02-19 21:22:00 - M5Trainer - INFO - [Step  5300/20000] Stage B | L=1.0555e+03 (IC=6.800e-02, BC=3.240e-02, PDE=9.065e+05, Qg=1.988e-01, Qz=3.463e-03, Sd=1.459e-01, SwB=0.000e+00) | k_frac=3.8146 mD, dp=15.45 MPa | Sw=[0.174,0.508] | 779.8s
2026-02-19 21:22:15 - M5Trainer - INFO - [Step  5400/20000] Stage B | L=1.0596e+03 (IC=6.469e-02, BC=2.922e-02, PDE=8.055e+05, Qg=2.389e-01, Qz=4.043e-03, Sd=1.969e-01, SwB=0.000e+00) | k_frac=3.8276 mD, dp=15.46 MPa | Sw=[0.160,0.514] | 795.4s
2026-02-19 21:22:31 - M5Trainer - INFO -   [Sw约束v9] Sw=[0.155, 0.286, 0.536], 权重=300, 惩罚=0.000000 (低=0.0000, 高=0.0000)
2026-02-19 21:22:31 - M5Trainer - INFO -   [Sw监控] SY9: Sw=[0.1676, 0.4143, 0.5367], krg_min=2.366121e-01
2026-02-19 21:22:31 - M5Trainer - INFO - [Step  5500/20000] Stage B | L=8.5203e+02 (IC=1.101e-01, BC=7.417e-02, PDE=7.212e+05, Qg=2.394e-01, Qz=4.001e-03, Sd=1.511e-01, SwB=0.000e+00) | k_frac=3.8239 mD, dp=15.52 MPa | Sw=[0.168,0.502] | 811.2s
2026-02-19 21:22:31 - M5Trainer - INFO -   [k_frac诊断] grad=4.6497e-01, k_frac=3.823947 mD
2026-02-19 21:22:47 - M5Trainer - INFO - [Step  5600/20000] Stage B | L=1.2685e+03 (IC=7.900e-02, BC=5.630e-02, PDE=8.734e+05, Qg=2.248e-01, Qz=2.832e-03, Sd=1.119e-01, SwB=0.000e+00) | k_frac=3.8094 mD, dp=15.58 MPa | Sw=[0.168,0.495] | 827.2s
2026-02-19 21:23:03 - M5Trainer - INFO - [Step  5700/20000] Stage B | L=1.0370e+03 (IC=4.747e-02, BC=2.900e-02, PDE=7.243e+05, Qg=1.917e-01, Qz=3.964e-03, Sd=1.395e-01, SwB=0.000e+00) | k_frac=3.8084 mD, dp=15.62 MPa | Sw=[0.178,0.482] | 843.2s
2026-02-19 21:23:19 - M5Trainer - INFO - [Step  5800/20000] Stage B | L=8.8299e+02 (IC=1.622e-01, BC=8.198e-02, PDE=7.832e+05, Qg=2.086e-01, Qz=4.092e-03, Sd=1.259e-01, SwB=0.000e+00) | k_frac=3.8104 mD, dp=15.67 MPa | Sw=[0.163,0.445] | 859.2s
2026-02-19 21:23:35 - M5Trainer - INFO - [Step  5900/20000] Stage B | L=1.0184e+03 (IC=1.097e-01, BC=8.470e-02, PDE=7.790e+05, Qg=2.153e-01, Qz=2.854e-03, Sd=1.056e-01, SwB=0.000e+00) | k_frac=3.8102 mD, dp=15.71 MPa | Sw=[0.164,0.454] | 875.3s
2026-02-19 21:23:51 - M5Trainer - INFO -   [Sw约束v9] Sw=[0.156, 0.278, 0.534], 权重=300, 惩罚=0.000000 (低=0.0000, 高=0.0000)
2026-02-19 21:23:51 - M5Trainer - INFO -   [Sw监控] SY9: Sw=[0.1592, 0.4098, 0.5343], krg_min=2.393819e-01
2026-02-19 21:23:51 - M5Trainer - INFO - [Step  6000/20000] Stage B | L=1.0537e+03 (IC=6.658e-02, BC=3.598e-02, PDE=7.013e+05, Qg=1.984e-01, Qz=3.829e-03, Sd=1.339e-01, SwB=0.000e+00) | k_frac=3.8089 mD, dp=15.76 MPa | Sw=[0.175,0.471] | 891.5s
2026-02-19 21:23:51 - M5Trainer - INFO -   [k_frac诊断] grad=-6.3093e-02, k_frac=3.808935 mD
2026-02-19 21:24:08 - M5Trainer - INFO - [Step  6100/20000] Stage B | L=9.6931e+02 (IC=6.093e-02, BC=4.276e-02, PDE=6.829e+05, Qg=1.975e-01, Qz=3.644e-03, Sd=1.178e-01, SwB=0.000e+00) | k_frac=3.7999 mD, dp=15.80 MPa | Sw=[0.165,0.473] | 907.8s
2026-02-19 21:24:24 - M5Trainer - INFO - [Step  6200/20000] Stage B | L=1.1035e+03 (IC=1.043e-01, BC=5.280e-02, PDE=7.542e+05, Qg=2.129e-01, Qz=3.634e-03, Sd=1.040e-01, SwB=0.000e+00) | k_frac=3.8004 mD, dp=15.84 MPa | Sw=[0.162,0.441] | 924.3s
2026-02-19 21:24:40 - M5Trainer - INFO - [Step  6300/20000] Stage B | L=9.6905e+02 (IC=1.315e-01, BC=9.032e-02, PDE=7.313e+05, Qg=1.923e-01, Qz=3.486e-03, Sd=1.240e-01, SwB=0.000e+00) | k_frac=3.8166 mD, dp=15.87 MPa | Sw=[0.157,0.479] | 940.7s
2026-02-19 21:24:57 - M5Trainer - INFO - [Step  6400/20000] Stage B | L=8.8202e+02 (IC=2.009e-01, BC=7.744e-02, PDE=7.276e+05, Qg=1.923e-01, Qz=3.304e-03, Sd=9.532e-02, SwB=0.000e+00) | k_frac=3.8124 mD, dp=15.89 MPa | Sw=[0.171,0.509] | 957.1s
2026-02-19 21:25:13 - M5Trainer - INFO -   [Sw约束v9] Sw=[0.154, 0.279, 0.544], 权重=300, 惩罚=0.000000 (低=0.0000, 高=0.0000)
2026-02-19 21:25:13 - M5Trainer - INFO -   [Sw监控] SY9: Sw=[0.1694, 0.4154, 0.5435], krg_min=2.286245e-01
2026-02-19 21:25:13 - M5Trainer - INFO - [Step  6500/20000] Stage B | L=9.8372e+02 (IC=1.123e-01, BC=7.957e-02, PDE=7.097e+05, Qg=1.987e-01, Qz=2.922e-03, Sd=1.018e-01, SwB=0.000e+00) | k_frac=3.8123 mD, dp=15.94 MPa | Sw=[0.168,0.502] | 973.6s
2026-02-19 21:25:13 - M5Trainer - INFO -   [k_frac诊断] grad=-2.3284e-01, k_frac=3.812319 mD
2026-02-19 21:25:30 - M5Trainer - INFO - [Step  6600/20000] Stage B | L=1.2663e+03 (IC=7.540e-02, BC=3.178e-02, PDE=7.370e+05, Qg=2.156e-01, Qz=2.963e-03, Sd=8.211e-02, SwB=0.000e+00) | k_frac=3.8064 mD, dp=16.00 MPa | Sw=[0.158,0.507] | 990.2s
2026-02-19 21:25:47 - M5Trainer - INFO - [Step  6700/20000] Stage B | L=1.1231e+03 (IC=1.490e-01, BC=2.811e-02, PDE=7.000e+05, Qg=2.301e-01, Qz=2.178e-03, Sd=8.743e-02, SwB=0.000e+00) | k_frac=3.8019 mD, dp=16.05 MPa | Sw=[0.159,0.500] | 1006.9s
2026-02-19 21:26:03 - M5Trainer - INFO - [Step  6800/20000] Stage B | L=1.0840e+03 (IC=1.215e-01, BC=6.914e-02, PDE=7.399e+05, Qg=1.943e-01, Qz=2.457e-03, Sd=9.955e-02, SwB=0.000e+00) | k_frac=3.8090 mD, dp=16.10 MPa | Sw=[0.162,0.542] | 1023.7s
2026-02-19 21:26:20 - M5Trainer - INFO - [Step  6900/20000] Stage B | L=1.0414e+03 (IC=8.635e-02, BC=7.122e-02, PDE=6.469e+05, Qg=2.209e-01, Qz=4.683e-03, Sd=1.283e-01, SwB=0.000e+00) | k_frac=3.8130 mD, dp=16.16 MPa | Sw=[0.164,0.523] | 1040.4s
2026-02-19 21:26:37 - M5Trainer - INFO -   [Sw约束v9] Sw=[0.156, 0.281, 0.517], 权重=200, 惩罚=0.000000 (低=0.0000, 高=0.0000)
2026-02-19 21:26:37 - M5Trainer - INFO -   [Sw监控] SY9: Sw=[0.1816, 0.3992, 0.5166], krg_min=2.609116e-01
2026-02-19 21:26:37 - M5Trainer - INFO - [Step  7000/20000] Stage C | L=3.3826e+03 (IC=1.442e-01, BC=7.549e-02, PDE=5.790e+05, Qg=1.959e-01, Qz=3.520e-03, Sd=9.640e-02, SwB=0.000e+00) | k_frac=3.8007 mD, dp=16.20 MPa | Sw=[0.170,0.472] | 1057.2s
2026-02-19 21:26:37 - M5Trainer - INFO -   [k_frac诊断] grad=1.3021e-02, k_frac=3.800660 mD
2026-02-19 21:26:54 - M5Trainer - INFO - [Step  7100/20000] Stage C | L=4.0099e+03 (IC=1.013e-01, BC=4.461e-02, PDE=6.242e+05, Qg=2.069e-01, Qz=2.573e-03, Sd=7.461e-02, SwB=0.000e+00) | k_frac=3.8093 mD, dp=16.21 MPa | Sw=[0.156,0.519] | 1074.3s
2026-02-19 21:27:11 - M5Trainer - INFO - [Step  7200/20000] Stage C | L=4.0004e+03 (IC=1.470e-01, BC=7.870e-02, PDE=6.529e+05, Qg=2.172e-01, Qz=2.970e-03, Sd=9.968e-02, SwB=0.000e+00) | k_frac=3.8242 mD, dp=16.21 MPa | Sw=[0.152,0.536] | 1091.5s
2026-02-19 21:27:28 - M5Trainer - INFO - [Step  7300/20000] Stage C | L=4.0675e+03 (IC=1.599e-01, BC=1.181e-01, PDE=6.556e+05, Qg=2.087e-01, Qz=2.013e-03, Sd=7.001e-02, SwB=0.000e+00) | k_frac=3.8149 mD, dp=16.23 MPa | Sw=[0.147,0.529] | 1108.6s
2026-02-19 21:27:45 - M5Trainer - INFO - [Step  7400/20000] Stage C | L=5.9668e+03 (IC=1.329e-01, BC=5.302e-02, PDE=7.414e+05, Qg=2.163e-01, Qz=1.561e-03, Sd=7.110e-02, SwB=0.000e+00) | k_frac=3.8143 mD, dp=16.24 MPa | Sw=[0.147,0.585] | 1125.7s
2026-02-19 21:28:03 - M5Trainer - INFO -   [Sw约束v9] Sw=[0.140, 0.286, 0.606], 权重=200, 惩罚=0.000000 (低=0.0000, 高=0.0000)
2026-02-19 21:28:03 - M5Trainer - INFO -   [Sw监控] SY9: Sw=[0.1398, 0.4303, 0.5540], krg_min=2.165753e-01
2026-02-19 21:28:03 - M5Trainer - INFO - [Step  7500/20000] Stage C | L=4.5438e+03 (IC=1.412e-01, BC=5.629e-02, PDE=6.168e+05, Qg=2.110e-01, Qz=1.945e-03, Sd=8.031e-02, SwB=0.000e+00) | k_frac=3.8247 mD, dp=16.25 MPa | Sw=[0.142,0.585] | 1142.9s
2026-02-19 21:28:03 - M5Trainer - INFO -   [k_frac诊断] grad=-4.0373e-01, k_frac=3.824686 mD
2026-02-19 21:28:20 - M5Trainer - INFO - [Step  7600/20000] Stage C | L=2.3148e+03 (IC=3.885e-01, BC=4.020e-01, PDE=5.790e+05, Qg=2.016e-01, Qz=1.774e-03, Sd=7.626e-02, SwB=0.000e+00) | k_frac=3.8349 mD, dp=16.27 MPa | Sw=[0.140,0.582] | 1160.4s
2026-02-19 21:28:38 - M5Trainer - INFO - [Step  7700/20000] Stage C | L=4.1497e+03 (IC=1.410e-01, BC=8.833e-02, PDE=5.971e+05, Qg=2.110e-01, Qz=2.079e-03, Sd=7.481e-02, SwB=0.000e+00) | k_frac=3.8373 mD, dp=16.29 MPa | Sw=[0.142,0.597] | 1178.0s
2026-02-19 21:28:55 - M5Trainer - INFO - [Step  7800/20000] Stage C | L=4.5426e+03 (IC=7.868e-02, BC=5.640e-02, PDE=5.762e+05, Qg=2.392e-01, Qz=1.107e-03, Sd=6.856e-02, SwB=0.000e+00) | k_frac=3.8421 mD, dp=16.30 MPa | Sw=[0.134,0.612] | 1195.7s
2026-02-19 21:29:13 - M5Trainer - INFO - [Step  7900/20000] Stage C | L=4.9315e+03 (IC=9.495e-02, BC=4.760e-02, PDE=6.074e+05, Qg=1.863e-01, Qz=1.879e-03, Sd=8.669e-02, SwB=0.000e+00) | k_frac=3.8519 mD, dp=16.32 MPa | Sw=[0.137,0.579] | 1213.4s
2026-02-19 21:29:31 - M5Trainer - INFO -   [Sw约束v9] Sw=[0.135, 0.289, 0.635], 权重=200, 惩罚=0.000000 (低=0.0000, 高=0.0000)
2026-02-19 21:29:31 - M5Trainer - INFO -   [Sw监控] SY9: Sw=[0.1375, 0.4437, 0.5769], krg_min=1.915753e-01
2026-02-19 21:29:31 - M5Trainer - INFO - [Step  8000/20000] Stage C | L=3.7081e+03 (IC=1.209e-01, BC=4.867e-02, PDE=5.114e+05, Qg=2.067e-01, Qz=1.714e-03, Sd=9.148e-02, SwB=0.000e+00) | k_frac=3.8531 mD, dp=16.34 MPa | Sw=[0.137,0.619] | 1230.9s
2026-02-19 21:29:31 - M5Trainer - INFO -   [k_frac诊断] grad=-3.5458e-01, k_frac=3.853093 mD
2026-02-19 21:29:49 - M5Trainer - INFO - [Step  8100/20000] Stage C | L=3.6828e+03 (IC=1.615e-01, BC=6.911e-02, PDE=5.297e+05, Qg=2.273e-01, Qz=1.401e-03, Sd=8.280e-02, SwB=0.000e+00) | k_frac=3.8554 mD, dp=16.36 MPa | Sw=[0.135,0.612] | 1248.9s
2026-02-19 21:30:07 - M5Trainer - INFO - [Step  8200/20000] Stage C | L=4.1958e+03 (IC=1.338e-01, BC=6.363e-02, PDE=5.434e+05, Qg=1.869e-01, Qz=1.456e-03, Sd=7.059e-02, SwB=0.000e+00) | k_frac=3.8613 mD, dp=16.38 MPa | Sw=[0.135,0.647] | 1266.8s
2026-02-19 21:30:24 - M5Trainer - INFO - [Step  8300/20000] Stage C | L=3.3786e+03 (IC=2.231e-01, BC=1.218e-01, PDE=5.277e+05, Qg=2.008e-01, Qz=2.403e-03, Sd=9.674e-02, SwB=0.000e+00) | k_frac=3.8595 mD, dp=16.41 MPa | Sw=[0.136,0.583] | 1284.7s
2026-02-19 21:30:42 - M5Trainer - INFO - [Step  8400/20000] Stage C | L=3.0157e+03 (IC=2.460e-01, BC=1.163e-01, PDE=4.993e+05, Qg=1.917e-01, Qz=2.047e-03, Sd=7.711e-02, SwB=0.000e+00) | k_frac=3.8645 mD, dp=16.43 MPa | Sw=[0.134,0.640] | 1302.6s
2026-02-19 21:31:00 - M5Trainer - INFO -   [Sw约束v9] Sw=[0.129, 0.290, 0.694], 权重=200, 惩罚=0.000000 (低=0.0000, 高=0.0000)
2026-02-19 21:31:00 - M5Trainer - INFO -   [Sw监控] SY9: Sw=[0.1318, 0.4236, 0.5394], krg_min=2.334519e-01
2026-02-19 21:31:00 - M5Trainer - INFO - [Step  8500/20000] Stage C | L=4.3483e+03 (IC=1.492e-01, BC=6.169e-02, PDE=5.313e+05, Qg=2.165e-01, Qz=1.921e-03, Sd=6.715e-02, SwB=0.000e+00) | k_frac=3.8639 mD, dp=16.46 MPa | Sw=[0.131,0.669] | 1320.7s
2026-02-19 21:31:00 - M5Trainer - INFO -   [k_frac诊断] grad=-3.4015e-02, k_frac=3.863917 mD
2026-02-19 21:31:19 - M5Trainer - INFO - [Step  8600/20000] Stage C | L=4.0469e+03 (IC=9.580e-02, BC=4.968e-02, PDE=4.782e+05, Qg=2.246e-01, Qz=1.073e-03, Sd=5.214e-02, SwB=0.000e+00) | k_frac=3.8671 mD, dp=16.48 MPa | Sw=[0.131,0.688] | 1339.1s
2026-02-19 21:31:37 - M5Trainer - INFO - [Step  8700/20000] Stage C | L=3.3295e+03 (IC=3.148e-01, BC=9.542e-02, PDE=4.891e+05, Qg=2.143e-01, Qz=1.894e-03, Sd=6.703e-02, SwB=0.000e+00) | k_frac=3.8721 mD, dp=16.51 MPa | Sw=[0.129,0.695] | 1357.4s
2026-02-19 21:31:56 - M5Trainer - INFO - [Step  8800/20000] Stage C | L=2.3102e+03 (IC=3.964e-01, BC=3.518e-01, PDE=4.570e+05, Qg=2.135e-01, Qz=9.399e-04, Sd=5.302e-02, SwB=0.000e+00) | k_frac=3.8771 mD, dp=16.53 MPa | Sw=[0.128,0.679] | 1375.8s
2026-02-19 21:32:14 - M5Trainer - INFO - [Step  8900/20000] Stage C | L=4.4717e+03 (IC=2.135e-01, BC=9.872e-02, PDE=5.432e+05, Qg=2.051e-01, Qz=1.382e-03, Sd=7.858e-02, SwB=0.000e+00) | k_frac=3.8751 mD, dp=16.56 MPa | Sw=[0.126,0.757] | 1394.2s
2026-02-19 21:32:32 - M5Trainer - INFO -   [Sw约束v9] Sw=[0.128, 0.292, 0.723], 权重=200, 惩罚=0.000000 (低=0.0000, 高=0.0000)
2026-02-19 21:32:32 - M5Trainer - INFO -   [Sw监控] SY9: Sw=[0.1280, 0.4183, 0.6603], krg_min=1.133475e-01
2026-02-19 21:32:32 - M5Trainer - INFO - [Step  9000/20000] Stage C | L=3.2305e+03 (IC=2.766e-01, BC=9.347e-02, PDE=4.666e+05, Qg=2.335e-01, Qz=1.640e-03, Sd=7.583e-02, SwB=0.000e+00) | k_frac=3.8700 mD, dp=16.55 MPa | Sw=[0.129,0.720] | 1412.6s
2026-02-19 21:32:32 - M5Trainer - INFO -   [k_frac诊断] grad=-5.7903e-02, k_frac=3.869994 mD
2026-02-19 21:32:51 - M5Trainer - INFO - [Step  9100/20000] Stage C | L=3.5448e+03 (IC=3.095e-01, BC=9.079e-02, PDE=4.631e+05, Qg=2.100e-01, Qz=1.013e-03, Sd=6.696e-02, SwB=0.000e+00) | k_frac=3.8743 mD, dp=16.57 MPa | Sw=[0.124,0.786] | 1431.3s
2026-02-19 21:33:10 - M5Trainer - INFO - [Step  9200/20000] Stage C | L=4.0228e+03 (IC=2.048e-01, BC=9.821e-02, PDE=4.759e+05, Qg=2.306e-01, Qz=1.290e-03, Sd=8.280e-02, SwB=0.000e+00) | k_frac=3.8847 mD, dp=16.59 MPa | Sw=[0.123,0.780] | 1450.1s
2026-02-19 21:33:29 - M5Trainer - INFO - [Step  9300/20000] Stage C | L=3.5877e+03 (IC=2.957e-01, BC=1.567e-01, PDE=4.693e+05, Qg=1.934e-01, Qz=8.573e-04, Sd=3.509e-02, SwB=0.000e+00) | k_frac=3.8837 mD, dp=16.62 MPa | Sw=[0.124,0.778] | 1468.8s
2026-02-19 21:33:47 - M5Trainer - INFO - [Step  9400/20000] Stage C | L=3.6901e+03 (IC=2.923e-01, BC=1.215e-01, PDE=4.493e+05, Qg=2.009e-01, Qz=8.172e-04, Sd=5.524e-02, SwB=0.000e+00) | k_frac=3.8794 mD, dp=16.66 MPa | Sw=[0.123,0.778] | 1487.6s
2026-02-19 21:34:06 - M5Trainer - INFO -   [Sw约束v9] Sw=[0.122, 0.300, 0.833], 权重=200, 惩罚=0.000000 (低=0.0000, 高=0.0000)
2026-02-19 21:34:06 - M5Trainer - INFO -   [Sw监控] SY9: Sw=[0.1231, 0.4133, 0.6210], krg_min=1.476668e-01
2026-02-19 21:34:06 - M5Trainer - INFO - [Step  9500/20000] Stage C | L=3.1559e+03 (IC=1.888e-01, BC=1.118e-01, PDE=4.264e+05, Qg=1.912e-01, Qz=1.118e-03, Sd=5.795e-02, SwB=0.000e+00) | k_frac=3.8867 mD, dp=16.68 MPa | Sw=[0.122,0.806] | 1506.4s
2026-02-19 21:34:06 - M5Trainer - INFO -   [k_frac诊断] grad=2.9013e-01, k_frac=3.886701 mD
2026-02-19 21:34:25 - M5Trainer - INFO - [Step  9600/20000] Stage C | L=3.8020e+03 (IC=2.596e-01, BC=8.132e-02, PDE=4.361e+05, Qg=2.066e-01, Qz=9.827e-04, Sd=6.516e-02, SwB=0.000e+00) | k_frac=3.8902 mD, dp=16.71 MPa | Sw=[0.123,0.805] | 1525.5s
2026-02-19 21:34:44 - M5Trainer - INFO - [Step  9700/20000] Stage C | L=4.6086e+03 (IC=2.318e-01, BC=1.059e-01, PDE=4.845e+05, Qg=1.874e-01, Qz=1.032e-03, Sd=4.838e-02, SwB=0.000e+00) | k_frac=3.8972 mD, dp=16.73 MPa | Sw=[0.122,0.787] | 1544.5s
2026-02-19 21:35:03 - M5Trainer - INFO - [Step  9800/20000] Stage C | L=3.6824e+03 (IC=2.770e-01, BC=7.270e-02, PDE=4.173e+05, Qg=2.090e-01, Qz=1.267e-03, Sd=6.026e-02, SwB=0.000e+00) | k_frac=3.8924 mD, dp=16.76 MPa | Sw=[0.123,0.757] | 1563.6s
2026-02-19 21:35:22 - M5Trainer - INFO - [Step  9900/20000] Stage C | L=3.2590e+03 (IC=2.607e-01, BC=7.139e-02, PDE=4.179e+05, Qg=1.912e-01, Qz=1.694e-03, Sd=6.019e-02, SwB=0.000e+00) | k_frac=3.8921 mD, dp=16.77 MPa | Sw=[0.123,0.769] | 1582.6s
2026-02-19 21:35:41 - M5Trainer - INFO -   [Sw约束v9] Sw=[0.122, 0.286, 0.841], 权重=200, 惩罚=0.000000 (低=0.0000, 高=0.0000)
2026-02-19 21:35:42 - M5Trainer - INFO -   [Sw监控] SY9: Sw=[0.1225, 0.4188, 0.8278], krg_min=1.794054e-02
2026-02-19 21:35:42 - M5Trainer - INFO - [Step 10000/20000] Stage C | L=3.0915e+03 (IC=2.842e-01, BC=1.200e-01, PDE=4.139e+05, Qg=2.180e-01, Qz=1.922e-03, Sd=6.491e-02, SwB=0.000e+00) | k_frac=3.8984 mD, dp=16.77 MPa | Sw=[0.122,0.821] | 1601.8s
2026-02-19 21:35:42 - M5Trainer - INFO -   [k_frac诊断] grad=-2.6262e-01, k_frac=3.898424 mD
2026-02-19 21:36:01 - M5Trainer - INFO - [Step 10100/20000] Stage C | L=3.3945e+03 (IC=1.782e-01, BC=7.348e-02, PDE=3.985e+05, Qg=2.231e-01, Qz=1.188e-03, Sd=6.105e-02, SwB=0.000e+00) | k_frac=3.9039 mD, dp=16.77 MPa | Sw=[0.122,0.825] | 1621.1s
2026-02-19 21:36:20 - M5Trainer - INFO - [Step 10200/20000] Stage C | L=3.3936e+03 (IC=3.976e-01, BC=2.030e-01, PDE=4.412e+05, Qg=2.125e-01, Qz=1.230e-03, Sd=6.908e-02, SwB=3.750e-11) | k_frac=3.9152 mD, dp=16.78 MPa | Sw=[0.121,0.824] | 1640.6s
2026-02-19 21:36:40 - M5Trainer - INFO - [Step 10300/20000] Stage C | L=3.8172e+03 (IC=2.209e-01, BC=9.277e-02, PDE=4.129e+05, Qg=1.907e-01, Qz=1.905e-03, Sd=6.176e-02, SwB=0.000e+00) | k_frac=3.9139 mD, dp=16.79 MPa | Sw=[0.121,0.805] | 1659.9s
2026-02-19 21:36:59 - M5Trainer - INFO - [Step 10400/20000] Stage C | L=4.8117e+03 (IC=1.675e-01, BC=6.942e-02, PDE=4.558e+05, Qg=2.420e-01, Qz=2.592e-03, Sd=6.107e-02, SwB=0.000e+00) | k_frac=3.9252 mD, dp=16.80 MPa | Sw=[0.121,0.824] | 1679.3s
2026-02-19 21:37:18 - M5Trainer - INFO -   [Sw约束v9] Sw=[0.121, 0.287, 0.854], 权重=200, 惩罚=0.000000 (低=0.0000, 高=0.0000)
2026-02-19 21:37:19 - M5Trainer - INFO -   [Sw监控] SY9: Sw=[0.1216, 0.4091, 0.5626], krg_min=2.070503e-01
2026-02-19 21:37:19 - M5Trainer - INFO - [Step 10500/20000] Stage C | L=3.1421e+03 (IC=3.717e-01, BC=1.551e-01, PDE=3.854e+05, Qg=2.084e-01, Qz=1.133e-03, Sd=4.598e-02, SwB=4.057e-09) | k_frac=3.9130 mD, dp=16.80 MPa | Sw=[0.121,0.820] | 1698.8s
2026-02-19 21:37:19 - M5Trainer - INFO -   [k_frac诊断] grad=-1.7751e-01, k_frac=3.912956 mD
2026-02-19 21:37:38 - M5Trainer - INFO - [Step 10600/20000] Stage C | L=2.6916e+03 (IC=6.324e-01, BC=2.735e-01, PDE=4.315e+05, Qg=2.201e-01, Qz=8.840e-04, Sd=4.735e-02, SwB=1.394e-07) | k_frac=3.9106 mD, dp=16.81 MPa | Sw=[0.121,0.843] | 1718.7s
2026-02-19 21:37:58 - M5Trainer - INFO - [Step 10700/20000] Stage C | L=3.9514e+03 (IC=2.147e-01, BC=7.520e-02, PDE=4.129e+05, Qg=2.062e-01, Qz=1.495e-03, Sd=6.302e-02, SwB=4.337e-08) | k_frac=3.9205 mD, dp=16.83 MPa | Sw=[0.121,0.835] | 1738.6s
2026-02-19 21:38:18 - M5Trainer - INFO - [Step 10800/20000] Stage C | L=3.5686e+03 (IC=2.500e-01, BC=7.788e-02, PDE=3.942e+05, Qg=1.994e-01, Qz=1.378e-03, Sd=5.232e-02, SwB=6.947e-08) | k_frac=3.9217 mD, dp=16.83 MPa | Sw=[0.121,0.847] | 1758.5s
2026-02-19 21:38:38 - M5Trainer - INFO - [Step 10900/20000] Stage C | L=3.0669e+03 (IC=4.186e-01, BC=1.209e-01, PDE=3.585e+05, Qg=2.073e-01, Qz=1.054e-03, Sd=4.027e-02, SwB=5.133e-07) | k_frac=3.9224 mD, dp=16.84 MPa | Sw=[0.121,0.837] | 1778.4s
2026-02-19 21:38:58 - M5Trainer - INFO -   [Sw约束v9] Sw=[0.121, 0.276, 0.861], 权重=200, 惩罚=0.000000 (低=0.0000, 高=0.0000)
2026-02-19 21:38:58 - M5Trainer - INFO -   [Sw监控] SY9: Sw=[0.1216, 0.4089, 0.7030], krg_min=8.117956e-02
2026-02-19 21:38:58 - M5Trainer - INFO - [Step 11000/20000] Stage C | L=2.4343e+03 (IC=4.224e-01, BC=1.682e-01, PDE=3.143e+05, Qg=2.053e-01, Qz=1.078e-03, Sd=3.860e-02, SwB=2.830e-07) | k_frac=3.9224 mD, dp=16.85 MPa | Sw=[0.121,0.834] | 1798.4s
2026-02-19 21:38:58 - M5Trainer - INFO -   [k_frac诊断] grad=1.0808e-01, k_frac=3.922359 mD
2026-02-19 21:39:19 - M5Trainer - INFO - [Step 11100/20000] Stage C | L=2.9266e+03 (IC=1.624e-01, BC=1.247e-01, PDE=3.230e+05, Qg=1.877e-01, Qz=1.562e-03, Sd=5.848e-02, SwB=2.848e-07) | k_frac=3.9280 mD, dp=16.86 MPa | Sw=[0.122,0.860] | 1818.8s
2026-02-19 21:39:39 - M5Trainer - INFO - [Step 11200/20000] Stage C | L=3.4208e+03 (IC=1.918e-01, BC=6.219e-02, PDE=3.302e+05, Qg=1.922e-01, Qz=1.108e-03, Sd=4.760e-02, SwB=1.960e-07) | k_frac=3.9240 mD, dp=16.89 MPa | Sw=[0.121,0.858] | 1839.2s
2026-02-19 21:39:59 - M5Trainer - INFO - [Step 11300/20000] Stage C | L=3.2685e+03 (IC=2.285e-01, BC=8.545e-02, PDE=3.275e+05, Qg=2.064e-01, Qz=1.654e-03, Sd=5.457e-02, SwB=4.926e-09) | k_frac=3.9276 mD, dp=16.92 MPa | Sw=[0.121,0.823] | 1859.6s
2026-02-19 21:40:20 - M5Trainer - INFO - [Step 11400/20000] Stage C | L=3.5446e+03 (IC=1.869e-01, BC=6.147e-02, PDE=3.288e+05, Qg=1.940e-01, Qz=1.392e-03, Sd=4.654e-02, SwB=5.904e-08) | k_frac=3.9191 mD, dp=16.95 MPa | Sw=[0.122,0.832] | 1880.1s
2026-02-19 21:40:40 - M5Trainer - INFO -   [Sw约束v9] Sw=[0.121, 0.283, 0.854], 权重=200, 惩罚=0.000000 (低=0.0000, 高=0.0000)
2026-02-19 21:40:40 - M5Trainer - INFO -   [Sw监控] SY9: Sw=[0.1221, 0.4105, 0.5352], krg_min=2.384014e-01
2026-02-19 21:40:40 - M5Trainer - INFO - [Step 11500/20000] Stage C | L=3.0425e+03 (IC=2.028e-01, BC=4.557e-02, PDE=2.943e+05, Qg=1.980e-01, Qz=1.536e-03, Sd=4.757e-02, SwB=1.654e-08) | k_frac=3.9278 mD, dp=16.98 MPa | Sw=[0.121,0.850] | 1900.5s
2026-02-19 21:40:40 - M5Trainer - INFO -   [k_frac诊断] grad=3.8815e-01, k_frac=3.927763 mD
2026-02-19 21:41:01 - M5Trainer - INFO - [Step 11600/20000] Stage C | L=2.4384e+03 (IC=2.745e-01, BC=9.029e-02, PDE=2.754e+05, Qg=1.884e-01, Qz=1.645e-03, Sd=5.154e-02, SwB=5.308e-09) | k_frac=3.9267 mD, dp=17.01 MPa | Sw=[0.121,0.832] | 1921.4s
2026-02-19 21:41:22 - M5Trainer - INFO - [Step 11700/20000] Stage C | L=2.5793e+03 (IC=2.124e-01, BC=6.611e-02, PDE=2.719e+05, Qg=1.776e-01, Qz=1.848e-03, Sd=5.556e-02, SwB=5.634e-11) | k_frac=3.9228 mD, dp=17.04 MPa | Sw=[0.122,0.826] | 1942.2s
2026-02-19 21:41:43 - M5Trainer - INFO - [Step 11800/20000] Stage C | L=2.2297e+03 (IC=3.538e-01, BC=8.091e-02, PDE=2.586e+05, Qg=1.953e-01, Qz=1.826e-03, Sd=6.273e-02, SwB=2.718e-10) | k_frac=3.9273 mD, dp=17.07 MPa | Sw=[0.122,0.815] | 1963.0s
2026-02-19 21:42:04 - M5Trainer - INFO - [Step 11900/20000] Stage C | L=3.1715e+03 (IC=1.931e-01, BC=9.695e-02, PDE=3.006e+05, Qg=1.863e-01, Qz=1.423e-03, Sd=4.633e-02, SwB=6.011e-09) | k_frac=3.9277 mD, dp=17.10 MPa | Sw=[0.122,0.835] | 1983.7s
2026-02-19 21:42:24 - M5Trainer - INFO -   [Sw约束v9] Sw=[0.121, 0.289, 0.849], 权重=200, 惩罚=0.000000 (低=0.0000, 高=0.0000)
2026-02-19 21:42:24 - M5Trainer - INFO -   [Sw监控] SY9: Sw=[0.1223, 0.4118, 0.5480], krg_min=2.234896e-01
2026-02-19 21:42:24 - M5Trainer - INFO - [Step 12000/20000] Stage C | L=2.6152e+03 (IC=3.062e-01, BC=9.131e-02, PDE=2.759e+05, Qg=1.931e-01, Qz=1.425e-03, Sd=5.016e-02, SwB=0.000e+00) | k_frac=3.9276 mD, dp=17.13 MPa | Sw=[0.122,0.824] | 2004.6s
2026-02-19 21:42:24 - M5Trainer - INFO -   [k_frac诊断] grad=8.6812e-02, k_frac=3.927613 mD
2026-02-19 21:42:46 - M5Trainer - INFO - [Step 12100/20000] Stage C | L=2.9489e+03 (IC=1.721e-01, BC=5.730e-02, PDE=2.726e+05, Qg=1.800e-01, Qz=1.200e-03, Sd=4.654e-02, SwB=1.485e-09) | k_frac=3.9314 mD, dp=17.17 MPa | Sw=[0.121,0.804] | 2025.8s
2026-02-19 21:43:07 - M5Trainer - INFO - [Step 12200/20000] Stage C | L=2.3799e+03 (IC=1.775e-01, BC=5.856e-02, PDE=2.454e+05, Qg=1.936e-01, Qz=1.279e-03, Sd=3.983e-02, SwB=0.000e+00) | k_frac=3.9321 mD, dp=17.20 MPa | Sw=[0.122,0.784] | 2047.1s
2026-02-19 21:43:28 - M5Trainer - INFO - [Step 12300/20000] Stage C | L=2.8043e+03 (IC=2.234e-01, BC=5.972e-02, PDE=2.600e+05, Qg=2.153e-01, Qz=1.179e-03, Sd=4.265e-02, SwB=0.000e+00) | k_frac=3.9290 mD, dp=17.23 MPa | Sw=[0.122,0.797] | 2068.4s
2026-02-19 21:43:50 - M5Trainer - INFO - [Step 12400/20000] Stage C | L=2.9236e+03 (IC=1.718e-01, BC=5.675e-02, PDE=2.646e+05, Qg=1.963e-01, Qz=1.090e-03, Sd=3.714e-02, SwB=1.724e-09) | k_frac=3.9369 mD, dp=17.26 MPa | Sw=[0.122,0.812] | 2089.8s
2026-02-19 21:44:11 - M5Trainer - INFO -   [Sw约束v9] Sw=[0.122, 0.289, 0.849], 权重=200, 惩罚=0.000000 (低=0.0000, 高=0.0000)
2026-02-19 21:44:11 - M5Trainer - INFO -   [Sw监控] SY9: Sw=[0.1228, 0.4293, 0.5689], krg_min=2.001932e-01
2026-02-19 21:44:11 - M5Trainer - INFO - [Step 12500/20000] Stage C | L=2.4247e+03 (IC=1.467e-01, BC=6.270e-02, PDE=2.441e+05, Qg=1.897e-01, Qz=1.475e-03, Sd=5.603e-02, SwB=0.000e+00) | k_frac=3.9446 mD, dp=17.28 MPa | Sw=[0.122,0.808] | 2111.1s
2026-02-19 21:44:11 - M5Trainer - INFO -   [k_frac诊断] grad=1.1289e-01, k_frac=3.944643 mD
2026-02-19 21:44:33 - M5Trainer - INFO - [Step 12600/20000] Stage C | L=2.7750e+03 (IC=2.231e-01, BC=4.089e-02, PDE=2.488e+05, Qg=1.939e-01, Qz=1.328e-03, Sd=4.381e-02, SwB=0.000e+00) | k_frac=3.9383 mD, dp=17.31 MPa | Sw=[0.122,0.812] | 2132.8s
2026-02-19 21:44:54 - M5Trainer - INFO - [Step 12700/20000] Stage C | L=2.2059e+03 (IC=2.468e-01, BC=7.443e-02, PDE=2.211e+05, Qg=1.898e-01, Qz=1.097e-03, Sd=4.190e-02, SwB=0.000e+00) | k_frac=3.9413 mD, dp=17.33 MPa | Sw=[0.122,0.791] | 2154.5s
2026-02-19 21:45:16 - M5Trainer - INFO - [Step 12800/20000] Stage C | L=1.4533e+03 (IC=3.991e-01, BC=1.944e-01, PDE=2.372e+05, Qg=2.008e-01, Qz=1.135e-03, Sd=5.079e-02, SwB=0.000e+00) | k_frac=3.9449 mD, dp=17.36 MPa | Sw=[0.122,0.833] | 2176.2s
2026-02-19 21:45:38 - M5Trainer - INFO - [Step 12900/20000] Stage C | L=2.9104e+03 (IC=2.616e-01, BC=7.995e-02, PDE=2.573e+05, Qg=1.978e-01, Qz=1.340e-03, Sd=5.459e-02, SwB=0.000e+00) | k_frac=3.9476 mD, dp=17.37 MPa | Sw=[0.122,0.816] | 2197.9s
2026-02-19 21:45:59 - M5Trainer - INFO -   [Sw约束v9] Sw=[0.121, 0.291, 0.847], 权重=200, 惩罚=0.000000 (低=0.0000, 高=0.0000)
2026-02-19 21:45:59 - M5Trainer - INFO -   [Sw监控] SY9: Sw=[0.1225, 0.4290, 0.5557], krg_min=2.147315e-01
2026-02-19 21:45:59 - M5Trainer - INFO - [Step 13000/20000] Stage C | L=2.0717e+03 (IC=1.218e-01, BC=5.200e-02, PDE=1.964e+05, Qg=1.902e-01, Qz=1.278e-03, Sd=4.778e-02, SwB=0.000e+00) | k_frac=3.9545 mD, dp=17.39 MPa | Sw=[0.122,0.778] | 2219.6s
2026-02-19 21:45:59 - M5Trainer - INFO -   [k_frac诊断] grad=-4.9992e-01, k_frac=3.954526 mD
2026-02-19 21:46:22 - M5Trainer - INFO - [Step 13100/20000] Stage C | L=1.9009e+03 (IC=2.364e-01, BC=6.641e-02, PDE=2.081e+05, Qg=1.927e-01, Qz=1.359e-03, Sd=4.284e-02, SwB=0.000e+00) | k_frac=3.9542 mD, dp=17.41 MPa | Sw=[0.124,0.812] | 2241.8s
2026-02-19 21:46:44 - M5Trainer - INFO - [Step 13200/20000] Stage C | L=2.3721e+03 (IC=1.800e-01, BC=5.497e-02, PDE=2.164e+05, Qg=1.838e-01, Qz=1.425e-03, Sd=4.738e-02, SwB=0.000e+00) | k_frac=3.9566 mD, dp=17.43 MPa | Sw=[0.123,0.819] | 2263.9s
2026-02-19 21:47:06 - M5Trainer - INFO - [Step 13300/20000] Stage C | L=1.9858e+03 (IC=2.363e-01, BC=5.243e-02, PDE=2.133e+05, Qg=1.889e-01, Qz=1.334e-03, Sd=4.786e-02, SwB=0.000e+00) | k_frac=3.9594 mD, dp=17.45 MPa | Sw=[0.123,0.784] | 2286.1s
2026-02-19 21:47:28 - M5Trainer - INFO - [Step 13400/20000] Stage C | L=2.1196e+03 (IC=2.192e-01, BC=4.366e-02, PDE=1.995e+05, Qg=1.813e-01, Qz=1.199e-03, Sd=4.158e-02, SwB=0.000e+00) | k_frac=3.9593 mD, dp=17.46 MPa | Sw=[0.121,0.825] | 2308.4s
2026-02-19 21:47:50 - M5Trainer - INFO -   [Sw约束v9] Sw=[0.121, 0.292, 0.833], 权重=200, 惩罚=0.000000 (低=0.0000, 高=0.0000)
2026-02-19 21:47:50 - M5Trainer - INFO -   [Sw监控] SY9: Sw=[0.1223, 0.4234, 0.5585], krg_min=2.116117e-01
2026-02-19 21:47:50 - M5Trainer - INFO - [Step 13500/20000] Stage C | L=1.8327e+03 (IC=2.044e-01, BC=4.409e-02, PDE=1.787e+05, Qg=1.943e-01, Qz=1.268e-03, Sd=4.924e-02, SwB=0.000e+00) | k_frac=3.9637 mD, dp=17.48 MPa | Sw=[0.123,0.828] | 2330.6s
2026-02-19 21:47:50 - M5Trainer - INFO -   [k_frac诊断] grad=-3.4249e-01, k_frac=3.963667 mD
2026-02-19 21:48:13 - M5Trainer - INFO - [Step 13600/20000] Stage C | L=1.8170e+03 (IC=2.292e-01, BC=6.205e-02, PDE=1.751e+05, Qg=1.887e-01, Qz=1.148e-03, Sd=4.194e-02, SwB=0.000e+00) | k_frac=3.9639 mD, dp=17.50 MPa | Sw=[0.122,0.830] | 2353.2s
2026-02-19 21:48:36 - M5Trainer - INFO - [Step 13700/20000] Stage C | L=1.7305e+03 (IC=2.664e-01, BC=4.608e-02, PDE=1.640e+05, Qg=1.953e-01, Qz=1.082e-03, Sd=3.685e-02, SwB=0.000e+00) | k_frac=3.9629 mD, dp=17.51 MPa | Sw=[0.124,0.797] | 2375.8s
2026-02-19 21:48:58 - M5Trainer - INFO - [Step 13800/20000] Stage C | L=1.8056e+03 (IC=2.398e-01, BC=8.348e-02, PDE=1.722e+05, Qg=1.849e-01, Qz=1.178e-03, Sd=4.188e-02, SwB=0.000e+00) | k_frac=3.9682 mD, dp=17.53 MPa | Sw=[0.122,0.818] | 2398.4s
2026-02-19 21:49:21 - M5Trainer - INFO - [Step 13900/20000] Stage C | L=2.1452e+03 (IC=1.534e-01, BC=5.846e-02, PDE=1.814e+05, Qg=1.873e-01, Qz=1.099e-03, Sd=4.170e-02, SwB=1.760e-08) | k_frac=3.9677 mD, dp=17.54 MPa | Sw=[0.122,0.807] | 2421.1s
2026-02-19 21:49:43 - M5Trainer - INFO -   [Sw约束v9] Sw=[0.121, 0.293, 0.856], 权重=100, 惩罚=0.000000 (低=0.0000, 高=0.0000)
2026-02-19 21:49:43 - M5Trainer - INFO -   [Sw监控] SY9: Sw=[0.1218, 0.4132, 0.5492], krg_min=2.220974e-01
2026-02-19 21:49:43 - M5Trainer - INFO - [Step 14000/20000] Stage D | L=1.8753e+03 (IC=1.588e-01, BC=5.475e-02, PDE=1.595e+05, Qg=1.803e-01, Qz=1.240e-03, Sd=4.064e-02, SwB=8.922e-09) | k_frac=3.9702 mD, dp=17.56 MPa | Sw=[0.121,0.804] | 2443.7s
2026-02-19 21:49:43 - M5Trainer - INFO -   [k_frac诊断] grad=3.0432e-01, k_frac=3.970173 mD
2026-02-19 21:50:06 - M5Trainer - INFO - [Step 14100/20000] Stage D | L=1.6289e+03 (IC=3.436e-01, BC=6.312e-02, PDE=1.513e+05, Qg=1.805e-01, Qz=1.235e-03, Sd=4.343e-02, SwB=8.017e-09) | k_frac=3.9708 mD, dp=17.56 MPa | Sw=[0.123,0.826] | 2466.7s
2026-02-19 21:50:29 - M5Trainer - INFO - [Step 14200/20000] Stage D | L=1.5982e+03 (IC=1.931e-01, BC=5.798e-02, PDE=1.414e+05, Qg=1.771e-01, Qz=1.274e-03, Sd=4.287e-02, SwB=1.033e-09) | k_frac=3.9715 mD, dp=17.57 MPa | Sw=[0.121,0.810] | 2489.7s
2026-02-19 21:50:52 - M5Trainer - INFO - [Step 14300/20000] Stage D | L=1.5075e+03 (IC=4.127e-01, BC=6.152e-02, PDE=1.447e+05, Qg=1.813e-01, Qz=1.166e-03, Sd=4.535e-02, SwB=4.009e-08) | k_frac=3.9722 mD, dp=17.58 MPa | Sw=[0.121,0.830] | 2512.7s
2026-02-19 21:51:16 - M5Trainer - INFO - [Step 14400/20000] Stage D | L=1.8672e+03 (IC=1.917e-01, BC=5.293e-02, PDE=1.559e+05, Qg=1.733e-01, Qz=1.300e-03, Sd=4.654e-02, SwB=3.711e-09) | k_frac=3.9747 mD, dp=17.58 MPa | Sw=[0.122,0.766] | 2535.8s
2026-02-19 21:51:38 - M5Trainer - INFO -   [Sw约束v9] Sw=[0.121, 0.296, 0.850], 权重=100, 惩罚=0.000000 (低=0.0000, 高=0.0000)
2026-02-19 21:51:39 - M5Trainer - INFO -   [Sw监控] SY9: Sw=[0.1216, 0.4264, 0.5578], krg_min=2.123622e-01
2026-02-19 21:51:39 - M5Trainer - INFO - [Step 14500/20000] Stage D | L=1.5289e+03 (IC=2.820e-01, BC=7.228e-02, PDE=1.388e+05, Qg=1.814e-01, Qz=1.277e-03, Sd=4.829e-02, SwB=0.000e+00) | k_frac=3.9765 mD, dp=17.59 MPa | Sw=[0.121,0.827] | 2558.7s
2026-02-19 21:51:39 - M5Trainer - INFO -   [k_frac诊断] grad=3.0839e-01, k_frac=3.976523 mD
2026-02-19 21:52:02 - M5Trainer - INFO - [Step 14600/20000] Stage D | L=1.4707e+03 (IC=3.371e-01, BC=7.141e-02, PDE=1.368e+05, Qg=1.698e-01, Qz=1.244e-03, Sd=4.710e-02, SwB=5.299e-09) | k_frac=3.9770 mD, dp=17.60 MPa | Sw=[0.122,0.812] | 2582.1s
2026-02-19 21:52:25 - M5Trainer - INFO - [Step 14700/20000] Stage D | L=1.5576e+03 (IC=3.115e-01, BC=6.548e-02, PDE=1.390e+05, Qg=1.756e-01, Qz=1.323e-03, Sd=4.789e-02, SwB=2.935e-09) | k_frac=3.9778 mD, dp=17.60 MPa | Sw=[0.122,0.839] | 2605.5s
2026-02-19 21:52:49 - M5Trainer - INFO - [Step 14800/20000] Stage D | L=1.3191e+03 (IC=2.762e-01, BC=7.119e-02, PDE=1.218e+05, Qg=1.787e-01, Qz=1.231e-03, Sd=4.676e-02, SwB=3.006e-11) | k_frac=3.9782 mD, dp=17.61 MPa | Sw=[0.122,0.823] | 2628.9s
2026-02-19 21:53:12 - M5Trainer - INFO - [Step 14900/20000] Stage D | L=1.4721e+03 (IC=2.685e-01, BC=5.724e-02, PDE=1.287e+05, Qg=1.689e-01, Qz=1.235e-03, Sd=4.656e-02, SwB=1.896e-09) | k_frac=3.9794 mD, dp=17.61 MPa | Sw=[0.122,0.808] | 2652.3s
2026-02-19 21:53:35 - M5Trainer - INFO -   [Sw约束v9] Sw=[0.121, 0.295, 0.855], 权重=100, 惩罚=0.000000 (低=0.0000, 高=0.0000)
2026-02-19 21:53:35 - M5Trainer - INFO -   [Sw监控] SY9: Sw=[0.1216, 0.4303, 0.5586], krg_min=2.115228e-01
2026-02-19 21:53:35 - M5Trainer - INFO - [Step 15000/20000] Stage D | L=1.4830e+03 (IC=2.236e-01, BC=6.581e-02, PDE=1.264e+05, Qg=1.696e-01, Qz=1.297e-03, Sd=4.935e-02, SwB=3.108e-09) | k_frac=3.9803 mD, dp=17.62 MPa | Sw=[0.122,0.840] | 2675.7s
2026-02-19 21:53:35 - M5Trainer - INFO -   [k_frac诊断] grad=-3.9095e-01, k_frac=3.980336 mD
2026-02-19 21:53:59 - M5Trainer - INFO - [Step 15100/20000] Stage D | L=1.3876e+03 (IC=2.755e-01, BC=8.066e-02, PDE=1.252e+05, Qg=1.686e-01, Qz=1.275e-03, Sd=4.566e-02, SwB=2.159e-09) | k_frac=3.9791 mD, dp=17.62 MPa | Sw=[0.123,0.809] | 2699.6s
2026-02-19 21:54:23 - M5Trainer - INFO - [Step 15200/20000] Stage D | L=1.2813e+03 (IC=3.114e-01, BC=7.193e-02, PDE=1.170e+05, Qg=1.704e-01, Qz=1.300e-03, Sd=4.911e-02, SwB=7.059e-09) | k_frac=3.9807 mD, dp=17.63 MPa | Sw=[0.122,0.813] | 2723.6s
2026-02-19 21:54:47 - M5Trainer - INFO - [Step 15300/20000] Stage D | L=1.3086e+03 (IC=2.560e-01, BC=7.086e-02, PDE=1.141e+05, Qg=1.762e-01, Qz=1.266e-03, Sd=4.870e-02, SwB=1.375e-08) | k_frac=3.9809 mD, dp=17.64 MPa | Sw=[0.121,0.824] | 2747.4s
2026-02-19 21:55:11 - M5Trainer - INFO - [Step 15400/20000] Stage D | L=1.1246e+03 (IC=4.357e-01, BC=6.956e-02, PDE=1.072e+05, Qg=1.781e-01, Qz=1.342e-03, Sd=5.058e-02, SwB=9.438e-09) | k_frac=3.9817 mD, dp=17.64 MPa | Sw=[0.122,0.828] | 2771.2s
2026-02-19 21:55:35 - M5Trainer - INFO -   [Sw约束v9] Sw=[0.121, 0.295, 0.855], 权重=100, 惩罚=0.000000 (低=0.0000, 高=0.0000)
2026-02-19 21:55:35 - M5Trainer - INFO -   [Sw监控] SY9: Sw=[0.1215, 0.4296, 0.5599], krg_min=2.100217e-01
2026-02-19 21:55:35 - M5Trainer - INFO - [Step 15500/20000] Stage D | L=1.2930e+03 (IC=3.322e-01, BC=6.128e-02, PDE=1.135e+05, Qg=1.735e-01, Qz=1.286e-03, Sd=4.951e-02, SwB=6.014e-09) | k_frac=3.9819 mD, dp=17.64 MPa | Sw=[0.122,0.803] | 2795.2s
2026-02-19 21:55:35 - M5Trainer - INFO -   [k_frac诊断] grad=-4.0462e-01, k_frac=3.981936 mD
2026-02-19 21:55:59 - M5Trainer - INFO - [Step 15600/20000] Stage D | L=1.2203e+03 (IC=2.223e-01, BC=6.531e-02, PDE=1.086e+05, Qg=1.685e-01, Qz=1.363e-03, Sd=5.131e-02, SwB=3.579e-09) | k_frac=3.9823 mD, dp=17.65 MPa | Sw=[0.122,0.830] | 2819.5s
2026-02-19 21:56:24 - M5Trainer - INFO - [Step 15700/20000] Stage D | L=1.4543e+03 (IC=2.695e-01, BC=6.608e-02, PDE=1.184e+05, Qg=1.673e-01, Qz=1.334e-03, Sd=5.008e-02, SwB=9.632e-09) | k_frac=3.9827 mD, dp=17.65 MPa | Sw=[0.122,0.819] | 2843.8s
2026-02-19 21:56:48 - M5Trainer - INFO - [Step 15800/20000] Stage D | L=1.3024e+03 (IC=3.068e-01, BC=7.488e-02, PDE=1.111e+05, Qg=1.689e-01, Qz=1.322e-03, Sd=5.044e-02, SwB=3.296e-09) | k_frac=3.9833 mD, dp=17.66 MPa | Sw=[0.123,0.817] | 2868.2s
2026-02-19 21:57:12 - M5Trainer - INFO - [Step 15900/20000] Stage D | L=1.3831e+03 (IC=1.979e-01, BC=6.968e-02, PDE=1.118e+05, Qg=1.698e-01, Qz=1.331e-03, Sd=4.981e-02, SwB=7.479e-09) | k_frac=3.9836 mD, dp=17.66 MPa | Sw=[0.121,0.825] | 2892.5s
2026-02-19 21:57:36 - M5Trainer - INFO -   [Sw约束v9] Sw=[0.121, 0.297, 0.855], 权重=100, 惩罚=0.000000 (低=0.0000, 高=0.0000)
2026-02-19 21:57:37 - M5Trainer - INFO -   [Sw监控] SY9: Sw=[0.1215, 0.4284, 0.5738], krg_min=1.949110e-01
2026-02-19 21:57:37 - M5Trainer - INFO - [Step 16000/20000] Stage D | L=1.2234e+03 (IC=3.112e-01, BC=6.178e-02, PDE=1.043e+05, Qg=1.736e-01, Qz=1.342e-03, Sd=4.987e-02, SwB=4.593e-09) | k_frac=3.9843 mD, dp=17.67 MPa | Sw=[0.122,0.820] | 2916.9s
2026-02-19 21:57:37 - M5Trainer - INFO -   [k_frac诊断] grad=4.3458e-01, k_frac=3.984285 mD
2026-02-19 21:58:01 - M5Trainer - INFO - [Step 16100/20000] Stage D | L=1.2540e+03 (IC=3.099e-01, BC=5.098e-02, PDE=1.038e+05, Qg=1.708e-01, Qz=1.317e-03, Sd=4.925e-02, SwB=2.034e-09) | k_frac=3.9839 mD, dp=17.67 MPa | Sw=[0.122,0.829] | 2941.6s
2026-02-19 21:58:26 - M5Trainer - INFO - [Step 16200/20000] Stage D | L=1.0339e+03 (IC=3.307e-01, BC=8.104e-02, PDE=9.402e+04, Qg=1.678e-01, Qz=1.320e-03, Sd=5.062e-02, SwB=7.585e-11) | k_frac=3.9844 mD, dp=17.67 MPa | Sw=[0.122,0.783] | 2966.5s
2026-02-19 21:58:51 - M5Trainer - INFO - [Step 16300/20000] Stage D | L=1.1338e+03 (IC=3.875e-01, BC=6.299e-02, PDE=1.012e+05, Qg=1.701e-01, Qz=1.322e-03, Sd=4.845e-02, SwB=3.164e-09) | k_frac=3.9843 mD, dp=17.68 MPa | Sw=[0.122,0.796] | 2991.3s
2026-02-19 21:59:16 - M5Trainer - INFO - [Step 16400/20000] Stage D | L=1.2704e+03 (IC=2.164e-01, BC=8.117e-02, PDE=1.025e+05, Qg=1.677e-01, Qz=1.365e-03, Sd=5.019e-02, SwB=2.838e-09) | k_frac=3.9850 mD, dp=17.68 MPa | Sw=[0.121,0.784] | 3016.2s
2026-02-19 21:59:41 - M5Trainer - INFO -   [Sw约束v9] Sw=[0.121, 0.299, 0.851], 权重=100, 惩罚=0.000000 (低=0.0000, 高=0.0000)
2026-02-19 21:59:41 - M5Trainer - INFO -   [Sw监控] SY9: Sw=[0.1216, 0.4263, 0.5605], krg_min=2.093992e-01
2026-02-19 21:59:41 - M5Trainer - INFO - [Step 16500/20000] Stage D | L=1.1650e+03 (IC=3.720e-01, BC=7.657e-02, PDE=9.965e+04, Qg=1.670e-01, Qz=1.368e-03, Sd=4.834e-02, SwB=4.027e-10) | k_frac=3.9848 mD, dp=17.69 MPa | Sw=[0.122,0.739] | 3041.0s
2026-02-19 21:59:41 - M5Trainer - INFO -   [k_frac诊断] grad=2.7405e-02, k_frac=3.984849 mD
2026-02-19 22:00:06 - M5Trainer - INFO - [Step 16600/20000] Stage D | L=9.8654e+02 (IC=4.231e-01, BC=7.205e-02, PDE=8.787e+04, Qg=1.647e-01, Qz=1.342e-03, Sd=4.888e-02, SwB=2.211e-09) | k_frac=3.9851 mD, dp=17.69 MPa | Sw=[0.123,0.823] | 3066.3s
2026-02-19 22:00:31 - M5Trainer - INFO - [Step 16700/20000] Stage D | L=1.0462e+03 (IC=4.096e-01, BC=7.475e-02, PDE=9.090e+04, Qg=1.667e-01, Qz=1.361e-03, Sd=4.875e-02, SwB=1.652e-09) | k_frac=3.9851 mD, dp=17.69 MPa | Sw=[0.122,0.833] | 3091.5s
2026-02-19 22:00:57 - M5Trainer - INFO - [Step 16800/20000] Stage D | L=1.0805e+03 (IC=2.976e-01, BC=7.076e-02, PDE=8.930e+04, Qg=1.709e-01, Qz=1.298e-03, Sd=4.749e-02, SwB=1.666e-09) | k_frac=3.9852 mD, dp=17.70 MPa | Sw=[0.122,0.835] | 3116.7s
2026-02-19 22:01:22 - M5Trainer - INFO - [Step 16900/20000] Stage D | L=1.0393e+03 (IC=3.559e-01, BC=7.410e-02, PDE=8.862e+04, Qg=1.666e-01, Qz=1.302e-03, Sd=4.724e-02, SwB=1.924e-09) | k_frac=3.9862 mD, dp=17.70 MPa | Sw=[0.122,0.819] | 3142.2s
2026-02-19 22:01:47 - M5Trainer - INFO -   [Sw约束v9] Sw=[0.121, 0.296, 0.852], 权重=100, 惩罚=0.000000 (低=0.0000, 高=0.0000)
2026-02-19 22:01:47 - M5Trainer - INFO -   [Sw监控] SY9: Sw=[0.1216, 0.4275, 0.5722], krg_min=1.965863e-01
2026-02-19 22:01:47 - M5Trainer - INFO - [Step 17000/20000] Stage D | L=9.9826e+02 (IC=3.682e-01, BC=5.930e-02, PDE=8.428e+04, Qg=1.656e-01, Qz=1.306e-03, Sd=4.730e-02, SwB=1.159e-09) | k_frac=3.9860 mD, dp=17.70 MPa | Sw=[0.122,0.739] | 3167.5s
2026-02-19 22:01:47 - M5Trainer - INFO -   [k_frac诊断] grad=1.4092e-02, k_frac=3.986028 mD
2026-02-19 22:02:13 - M5Trainer - INFO - [Step 17100/20000] Stage D | L=1.0510e+03 (IC=2.124e-01, BC=6.502e-02, PDE=8.359e+04, Qg=1.664e-01, Qz=1.285e-03, Sd=4.662e-02, SwB=5.994e-10) | k_frac=3.9859 mD, dp=17.70 MPa | Sw=[0.122,0.823] | 3193.2s
2026-02-19 22:02:39 - M5Trainer - INFO - [Step 17200/20000] Stage D | L=1.0494e+03 (IC=2.909e-01, BC=8.069e-02, PDE=8.580e+04, Qg=1.646e-01, Qz=1.312e-03, Sd=4.680e-02, SwB=9.328e-10) | k_frac=3.9861 mD, dp=17.71 MPa | Sw=[0.121,0.848] | 3219.0s
2026-02-19 22:03:04 - M5Trainer - INFO - [Step 17300/20000] Stage D | L=1.0126e+03 (IC=2.684e-01, BC=6.534e-02, PDE=8.121e+04, Qg=1.664e-01, Qz=1.315e-03, Sd=4.665e-02, SwB=1.809e-09) | k_frac=3.9861 mD, dp=17.71 MPa | Sw=[0.122,0.819] | 3244.7s
2026-02-19 22:03:30 - M5Trainer - INFO - [Step 17400/20000] Stage D | L=1.0910e+03 (IC=2.449e-01, BC=5.403e-02, PDE=8.395e+04, Qg=1.639e-01, Qz=1.302e-03, Sd=4.676e-02, SwB=5.155e-10) | k_frac=3.9863 mD, dp=17.71 MPa | Sw=[0.121,0.827] | 3270.5s
2026-02-19 22:03:56 - M5Trainer - INFO -   [Sw约束v9] Sw=[0.121, 0.298, 0.852], 权重=100, 惩罚=0.000000 (低=0.0000, 高=0.0000)
2026-02-19 22:03:56 - M5Trainer - INFO -   [Sw监控] SY9: Sw=[0.1216, 0.4263, 0.5550], krg_min=2.154446e-01
2026-02-19 22:03:56 - M5Trainer - INFO - [Step 17500/20000] Stage D | L=9.8099e+02 (IC=4.998e-01, BC=6.993e-02, PDE=8.277e+04, Qg=1.652e-01, Qz=1.316e-03, Sd=4.689e-02, SwB=8.606e-10) | k_frac=3.9865 mD, dp=17.71 MPa | Sw=[0.122,0.796] | 3296.4s
2026-02-19 22:03:56 - M5Trainer - INFO -   [k_frac诊断] grad=4.2471e-01, k_frac=3.986548 mD
2026-02-19 22:04:22 - M5Trainer - INFO - [Step 17600/20000] Stage D | L=9.8040e+02 (IC=2.884e-01, BC=7.886e-02, PDE=7.881e+04, Qg=1.694e-01, Qz=1.317e-03, Sd=4.645e-02, SwB=5.415e-10) | k_frac=3.9867 mD, dp=17.71 MPa | Sw=[0.122,0.803] | 3322.7s
2026-02-19 22:04:49 - M5Trainer - INFO - [Step 17700/20000] Stage D | L=9.8366e+02 (IC=2.504e-01, BC=6.649e-02, PDE=7.720e+04, Qg=1.651e-01, Qz=1.312e-03, Sd=4.596e-02, SwB=1.682e-09) | k_frac=3.9866 mD, dp=17.72 MPa | Sw=[0.122,0.822] | 3348.9s
2026-02-19 22:05:15 - M5Trainer - INFO - [Step 17800/20000] Stage D | L=1.0002e+03 (IC=3.335e-01, BC=6.271e-02, PDE=7.909e+04, Qg=1.641e-01, Qz=1.321e-03, Sd=4.663e-02, SwB=0.000e+00) | k_frac=3.9868 mD, dp=17.72 MPa | Sw=[0.121,0.816] | 3375.3s
2026-02-19 22:05:41 - M5Trainer - INFO - [Step 17900/20000] Stage D | L=9.6261e+02 (IC=3.837e-01, BC=6.732e-02, PDE=7.723e+04, Qg=1.643e-01, Qz=1.338e-03, Sd=4.687e-02, SwB=4.481e-13) | k_frac=3.9866 mD, dp=17.72 MPa | Sw=[0.123,0.828] | 3401.5s
2026-02-19 22:06:07 - M5Trainer - INFO -   [Sw约束v9] Sw=[0.121, 0.300, 0.850], 权重=100, 惩罚=0.000000 (低=0.0000, 高=0.0000)
2026-02-19 22:06:08 - M5Trainer - INFO -   [Sw监控] SY9: Sw=[0.1216, 0.4262, 0.5549], krg_min=2.156605e-01
2026-02-19 22:06:08 - M5Trainer - INFO - [Step 18000/20000] Stage D | L=8.5805e+02 (IC=3.155e-01, BC=6.467e-02, PDE=6.967e+04, Qg=1.641e-01, Qz=1.320e-03, Sd=4.670e-02, SwB=4.556e-12) | k_frac=3.9869 mD, dp=17.72 MPa | Sw=[0.122,0.823] | 3427.9s
2026-02-19 22:06:08 - M5Trainer - INFO -   [k_frac诊断] grad=-4.3144e-01, k_frac=3.986868 mD
2026-02-19 22:06:34 - M5Trainer - INFO - [Step 18100/20000] Stage D | L=9.1527e+02 (IC=3.198e-01, BC=7.151e-02, PDE=7.283e+04, Qg=1.640e-01, Qz=1.316e-03, Sd=4.645e-02, SwB=0.000e+00) | k_frac=3.9870 mD, dp=17.72 MPa | Sw=[0.121,0.802] | 3454.7s
2026-02-19 22:07:01 - M5Trainer - INFO - [Step 18200/20000] Stage D | L=8.8823e+02 (IC=2.813e-01, BC=6.583e-02, PDE=6.936e+04, Qg=1.642e-01, Qz=1.327e-03, Sd=4.674e-02, SwB=0.000e+00) | k_frac=3.9870 mD, dp=17.72 MPa | Sw=[0.122,0.823] | 3481.4s
2026-02-19 22:07:28 - M5Trainer - INFO - [Step 18300/20000] Stage D | L=9.1135e+02 (IC=3.554e-01, BC=6.987e-02, PDE=7.225e+04, Qg=1.638e-01, Qz=1.319e-03, Sd=4.672e-02, SwB=4.885e-10) | k_frac=3.9872 mD, dp=17.73 MPa | Sw=[0.122,0.800] | 3508.2s
2026-02-19 22:07:55 - M5Trainer - INFO - [Step 18400/20000] Stage D | L=9.7880e+02 (IC=4.214e-01, BC=6.058e-02, PDE=7.567e+04, Qg=1.639e-01, Qz=1.321e-03, Sd=4.644e-02, SwB=0.000e+00) | k_frac=3.9871 mD, dp=17.73 MPa | Sw=[0.121,0.835] | 3535.0s
2026-02-19 22:08:21 - M5Trainer - INFO -   [Sw约束v9] Sw=[0.121, 0.302, 0.849], 权重=100, 惩罚=0.000000 (低=0.0000, 高=0.0000)
2026-02-19 22:08:22 - M5Trainer - INFO -   [Sw监控] SY9: Sw=[0.1216, 0.4265, 0.5619], krg_min=2.078090e-01
2026-02-19 22:08:22 - M5Trainer - INFO - [Step 18500/20000] Stage D | L=8.1801e+02 (IC=3.669e-01, BC=6.006e-02, PDE=6.517e+04, Qg=1.636e-01, Qz=1.320e-03, Sd=4.639e-02, SwB=0.000e+00) | k_frac=3.9870 mD, dp=17.73 MPa | Sw=[0.122,0.821] | 3561.9s
2026-02-19 22:08:22 - M5Trainer - INFO -   [k_frac诊断] grad=-2.3567e-01, k_frac=3.987032 mD
2026-02-19 22:08:49 - M5Trainer - INFO - [Step 18600/20000] Stage D | L=9.4102e+02 (IC=3.146e-01, BC=5.962e-02, PDE=7.076e+04, Qg=1.633e-01, Qz=1.322e-03, Sd=4.646e-02, SwB=0.000e+00) | k_frac=3.9871 mD, dp=17.73 MPa | Sw=[0.122,0.813] | 3589.1s
2026-02-19 22:09:16 - M5Trainer - INFO - [Step 18700/20000] Stage D | L=8.7928e+02 (IC=4.338e-01, BC=6.077e-02, PDE=6.872e+04, Qg=1.624e-01, Qz=1.323e-03, Sd=4.643e-02, SwB=0.000e+00) | k_frac=3.9872 mD, dp=17.73 MPa | Sw=[0.121,0.827] | 3616.5s
2026-02-19 22:09:43 - M5Trainer - INFO - [Step 18800/20000] Stage D | L=8.6528e+02 (IC=2.780e-01, BC=6.035e-02, PDE=6.505e+04, Qg=1.626e-01, Qz=1.326e-03, Sd=4.654e-02, SwB=0.000e+00) | k_frac=3.9872 mD, dp=17.73 MPa | Sw=[0.121,0.817] | 3643.6s
2026-02-19 22:10:11 - M5Trainer - INFO - [Step 18900/20000] Stage D | L=8.9620e+02 (IC=2.657e-01, BC=6.938e-02, PDE=6.705e+04, Qg=1.626e-01, Qz=1.328e-03, Sd=4.650e-02, SwB=0.000e+00) | k_frac=3.9872 mD, dp=17.73 MPa | Sw=[0.122,0.841] | 3670.9s
2026-02-19 22:10:38 - M5Trainer - INFO -   [Sw约束v9] Sw=[0.121, 0.301, 0.849], 权重=100, 惩罚=0.000000 (低=0.0000, 高=0.0000)
2026-02-19 22:10:38 - M5Trainer - INFO -   [Sw监控] SY9: Sw=[0.1216, 0.4263, 0.5654], krg_min=2.039717e-01
2026-02-19 22:10:38 - M5Trainer - INFO - [Step 19000/20000] Stage D | L=8.1904e+02 (IC=2.217e-01, BC=6.869e-02, PDE=6.172e+04, Qg=1.615e-01, Qz=1.330e-03, Sd=4.657e-02, SwB=0.000e+00) | k_frac=3.9872 mD, dp=17.73 MPa | Sw=[0.121,0.824] | 3698.2s
2026-02-19 22:10:38 - M5Trainer - INFO -   [k_frac诊断] grad=3.8870e-01, k_frac=3.987166 mD
2026-02-19 22:11:06 - M5Trainer - INFO - [Step 19100/20000] Stage D | L=8.3952e+02 (IC=2.915e-01, BC=6.412e-02, PDE=6.296e+04, Qg=1.620e-01, Qz=1.330e-03, Sd=4.647e-02, SwB=0.000e+00) | k_frac=3.9871 mD, dp=17.73 MPa | Sw=[0.121,0.767] | 3726.0s
2026-02-19 22:11:34 - M5Trainer - INFO - [Step 19200/20000] Stage D | L=8.3649e+02 (IC=3.697e-01, BC=6.483e-02, PDE=6.342e+04, Qg=1.613e-01, Qz=1.333e-03, Sd=4.659e-02, SwB=0.000e+00) | k_frac=3.9872 mD, dp=17.73 MPa | Sw=[0.121,0.813] | 3753.9s
2026-02-19 22:12:01 - M5Trainer - INFO - [Step 19300/20000] Stage D | L=9.3960e+02 (IC=2.400e-01, BC=5.331e-02, PDE=6.616e+04, Qg=1.609e-01, Qz=1.334e-03, Sd=4.661e-02, SwB=0.000e+00) | k_frac=3.9872 mD, dp=17.73 MPa | Sw=[0.122,0.814] | 3781.7s
2026-02-19 22:12:29 - M5Trainer - INFO - [Step 19400/20000] Stage D | L=8.2402e+02 (IC=2.666e-01, BC=6.752e-02, PDE=6.089e+04, Qg=1.609e-01, Qz=1.335e-03, Sd=4.662e-02, SwB=0.000e+00) | k_frac=3.9872 mD, dp=17.73 MPa | Sw=[0.121,0.847] | 3809.4s
2026-02-19 22:12:57 - M5Trainer - INFO -   [Sw约束v9] Sw=[0.121, 0.301, 0.849], 权重=100, 惩罚=0.000000 (低=0.0000, 高=0.0000)
2026-02-19 22:12:57 - M5Trainer - INFO -   [Sw监控] SY9: Sw=[0.1216, 0.4262, 0.5596], krg_min=2.103639e-01
2026-02-19 22:12:57 - M5Trainer - INFO - [Step 19500/20000] Stage D | L=7.8102e+02 (IC=3.046e-01, BC=6.214e-02, PDE=5.833e+04, Qg=1.611e-01, Qz=1.335e-03, Sd=4.663e-02, SwB=0.000e+00) | k_frac=3.9872 mD, dp=17.73 MPa | Sw=[0.123,0.835] | 3837.3s
2026-02-19 22:12:57 - M5Trainer - INFO -   [k_frac诊断] grad=-2.8866e-01, k_frac=3.987156 mD
2026-02-19 22:13:25 - M5Trainer - INFO - [Step 19600/20000] Stage D | L=7.5907e+02 (IC=4.091e-01, BC=6.116e-02, PDE=5.785e+04, Qg=1.607e-01, Qz=1.335e-03, Sd=4.663e-02, SwB=0.000e+00) | k_frac=3.9872 mD, dp=17.73 MPa | Sw=[0.121,0.820] | 3865.2s
2026-02-19 22:13:53 - M5Trainer - INFO - [Step 19700/20000] Stage D | L=7.4239e+02 (IC=2.366e-01, BC=7.543e-02, PDE=5.511e+04, Qg=1.606e-01, Qz=1.335e-03, Sd=4.664e-02, SwB=0.000e+00) | k_frac=3.9872 mD, dp=17.73 MPa | Sw=[0.121,0.803] | 3893.0s
2026-02-19 22:14:20 - M5Trainer - INFO - [Step 19800/20000] Stage D | L=8.2601e+02 (IC=2.127e-01, BC=6.355e-02, PDE=5.862e+04, Qg=1.606e-01, Qz=1.335e-03, Sd=4.664e-02, SwB=0.000e+00) | k_frac=3.9872 mD, dp=17.73 MPa | Sw=[0.122,0.814] | 3920.7s
2026-02-19 22:14:48 - M5Trainer - INFO - [Step 19900/20000] Stage D | L=7.9991e+02 (IC=2.684e-01, BC=6.315e-02, PDE=5.744e+04, Qg=1.604e-01, Qz=1.335e-03, Sd=4.664e-02, SwB=1.442e-12) | k_frac=3.9872 mD, dp=17.73 MPa | Sw=[0.121,0.837] | 3948.7s
2026-02-19 22:15:16 - M5Trainer - INFO - [Step 19999/20000] Stage D | L=7.9727e+02 (IC=1.734e-01, BC=6.933e-02, PDE=5.468e+04, Qg=1.604e-01, Qz=1.335e-03, Sd=4.664e-02, SwB=0.000e+00) | k_frac=3.9872 mD, dp=17.73 MPa | Sw=[0.122,0.726] | 3976.0s
2026-02-19 22:15:16 - M5Trainer - INFO - 
M5 训练完成! 耗时: 3976.0s, 最佳验证分数(val_score): 17.7575
2026-02-19 22:15:16 - M5Trainer - INFO - 配置快照已保存: C:\Users\16281\Desktop\cpedc_project\outputs\mk_pinn_dt_v2\resolved_config_m5.json
2026-02-19 22:15:16 - M5Trainer - INFO - 反演参数审计: C:\Users\16281\Desktop\cpedc_project\outputs\mk_pinn_dt_v2\reports\M5_inversion_params.json
2026-02-19 22:15:16 - M5Trainer - INFO -   history 已恢复 (6201 步)
2026-02-19 22:15:16 - M5Trainer - INFO -   best_step=6200
2026-02-19 22:15:16 - M5Trainer - INFO - 已加载 M5 检查点: C:\Users\16281\Desktop\cpedc_project\outputs\mk_pinn_dt_v2\ckpt\m5_pinn_best.pt
2026-02-19 22:15:16 - M5Trainer - INFO - generate_report: 自动择优采用 best checkpoint, qg_score=11.8985
2026-02-19 22:15:16 - M5Trainer - INFO - 反演参数审计: C:\Users\16281\Desktop\cpedc_project\outputs\mk_pinn_dt_v2\reports\M5_inversion_params.json
2026-02-19 22:15:16 - M5Trainer - INFO - qg 对比图已保存: C:\Users\16281\Desktop\cpedc_project\outputs\mk_pinn_dt_v2\figs\M5_qg_comparison_SY9.png
2026-02-19 22:15:16 - M5Trainer - INFO - p_wf 反演图已保存: C:\Users\16281\Desktop\cpedc_project\outputs\mk_pinn_dt_v2\figs\M5_pwf_inversion_SY9.png
2026-02-19 22:15:17 - M5Trainer - INFO - 训练曲线图已保存: C:\Users\16281\Desktop\cpedc_project\outputs\mk_pinn_dt_v2\figs\M5_training_history.png
2026-02-19 22:15:18 - M5Trainer - INFO - 残差热力图已保存: C:\Users\16281\Desktop\cpedc_project\outputs\mk_pinn_dt_v2\figs\M5_pde_residual_map.png
2026-02-19 22:15:19 - M5Trainer - INFO - M6 连通性分析完成
2026-02-19 22:15:20 - M5Trainer - INFO - M7 水侵预警分析完成
2026-02-19 22:15:20 - M5Trainer - INFO -   history 已恢复 (20000 步)
2026-02-19 22:15:20 - M5Trainer - INFO - 已加载 M5 检查点: C:\Users\16281\Desktop\cpedc_project\outputs\mk_pinn_dt_v2\ckpt\m5_pinn_final.pt
2026-02-19 22:15:20 - M5Trainer - INFO -   history 已恢复 (6201 步)
2026-02-19 22:15:20 - M5Trainer - INFO -   best_step=6200
2026-02-19 22:15:20 - M5Trainer - INFO - 已加载 M5 检查点: C:\Users\16281\Desktop\cpedc_project\outputs\mk_pinn_dt_v2\ckpt\m5_pinn_best.pt
2026-02-19 22:15:20 - M5Trainer - INFO - M5 验收报告已保存: C:\Users\16281\Desktop\cpedc_project\outputs\mk_pinn_dt_v2\reports\M5_validation_report.md
