2026-02-19 11:14:54 - M5Trainer - INFO -   torch.compile 已跳过 (Triton 不支持 Windows, 使用 eager 模式)
2026-02-19 11:14:54 - M5Trainer - INFO - k_frac 独立参数组: lr=3.00e-03 (factor=3.0)
2026-02-19 11:14:55 - M5Trainer - INFO - k_net 学习率: 1.00e-04 (factor=0.1, warmup=2000 steps)
2026-02-19 11:14:55 - M5Trainer - INFO -   井 SY9: 1332 条同化数据 (train=799, val=266, test=267)
    开井点数 (q>1): train=745, val=88, test=121
    有效压力点: val_p=109, test_p=121
2026-02-19 11:14:55 - M5Trainer - INFO -   train time window(norm): [0.0000, 0.5995]
2026-02-19 11:14:55 - M5Trainer - INFO -   M3 PVT cg(76.0, 140.32) = 0.009744
2026-02-19 11:14:56 - M5Trainer - INFO -   M3 PVT Bg(76.0, 140.32) = 0.002577
2026-02-19 11:14:56 - M5Trainer - INFO -   PDE 缩放: αx=0.029719, αy=0.074361
2026-02-19 11:14:56 - M5Trainer - INFO - M5Trainer 初始化完成: device=cuda, lr=0.001, max_steps=5000, relobralo=True, rar=True
2026-02-19 11:14:56 - M5Trainer - INFO - ============================================================
2026-02-19 11:14:56 - M5Trainer - INFO - M5 PINN 井—藏耦合同化训练开始
2026-02-19 11:14:56 - M5Trainer - INFO - ============================================================
2026-02-19 11:14:56 - M5Trainer - INFO - 训练阶段: A[0-500] B[500-1750] C[1750-3500] D[3500-5000]
2026-02-19 11:14:56 - M5Trainer - INFO -   qg_nearzero 权重: A=3.0, B=6.0->9.0, C=12.0, D=3.0, enable=True
2026-02-19 11:14:56 - M5Trainer - INFO - --- M5 单位/量纲诊断 (train 第 1 步前) ---
2026-02-19 11:14:56 - M5Trainer - INFO -   qg_obs 范围: 0.00e+00 ~ 8.39e+05 m³/d, 均值: 2.97e+05 m³/d
2026-02-19 11:14:56 - M5Trainer - INFO -   qg_pred 范围: 3.76e+05 ~ 3.97e+05
2026-02-19 11:14:56 - M5Trainer - INFO -   p_wf 范围: 7.43e+01 ~ 7.43e+01 MPa
2026-02-19 11:14:56 - M5Trainer - INFO -   p_field @ well: 7.50e+01 MPa
2026-02-19 11:14:56 - M5Trainer - INFO -   k_frac = 5.4020 mD
2026-02-19 11:14:56 - M5Trainer - INFO -   WI_raw = 4.309845e-13 [检查单位]
2026-02-19 11:14:56 - M5Trainer - INFO -   dp_wellbore = 12.00 MPa
2026-02-19 11:14:56 - M5Trainer - INFO -   Bg_ref = 2.576898e-03
2026-02-19 11:14:56 - M5Trainer - INFO -   qg_obs 范围: 0.00e+00 ~ 8.39e+05 m³/d
2026-02-19 11:14:56 - M5Trainer - INFO -   qg_obs 中位数 = 3.07e+05 m³/d
2026-02-19 11:14:56 - M5Trainer - INFO -   ✅ v9: PDE源项已升级为时变 source(x,y,t) = qg_obs(t) * kernel(x,y)
2026-02-19 11:14:56 - M5Trainer - INFO -   ✅ 每个PDE配点使用其时刻对应的真实观测产量（线性插值）
2026-02-19 11:14:56 - M5Trainer - INFO - --- 诊断结束 ---
2026-02-19 11:14:56 - M5Trainer - INFO -   [shape] SY9: qg pred=(1332, 1) vs obs=(1332, 1), p_wf pred=(1332, 1) vs p_obs=(1332, 1)
2026-02-19 11:14:57 - M5Trainer - INFO -   [Sw约束v9] Sw=[0.260, 0.260, 0.260], 权重=500, 惩罚=0.000000 (低=0.0000, 高=0.0000)
2026-02-19 11:14:58 - M5Trainer - INFO -   ✅ k_frac_mD.grad = -5.642775e-03 (PDE梯度贯通)
2026-02-19 11:14:58 - M5Trainer - INFO -   ✅ k_net: 18 组参数收到梯度
2026-02-19 11:14:58 - M5Trainer - INFO -   [梯度验收] SY9: qg_obs range=[0.0, 838700.0]
2026-02-19 11:14:58 - M5Trainer - INFO -   [Sw监控] SY9: Sw=[0.2600, 0.2600, 0.2600], krg_min=6.751000e-01
2026-02-19 11:14:58 - M5Trainer - INFO - [Step     0/5000] Stage A | L=6.0187e+02 (IC=0.000e+00, BC=0.000e+00, PDE=0.000e+00, Qg=3.049e-01, Qz=1.247e-01, Sd=3.592e-01, SwB=0.000e+00) | k_frac=5.4022 mD, dp=12.00 MPa | Sw=[0.260,0.260] | 2.2s
2026-02-19 11:14:58 - M5Trainer - INFO -   [k_frac诊断] grad=-5.6428e-03, k_frac=5.402157 mD
2026-02-19 11:15:17 - M5Trainer - INFO - [Step   100/5000] Stage A | L=1.1024e+02 (IC=0.000e+00, BC=0.000e+00, PDE=0.000e+00, Qg=3.317e-01, Qz=2.322e-01, Sd=8.120e-01, SwB=0.000e+00) | k_frac=5.4146 mD, dp=12.02 MPa | Sw=[0.260,0.260] | 21.2s
2026-02-19 11:15:34 - M5Trainer - INFO -   [梯度验收] SY9: qg_obs range=[0.0, 838700.0]
2026-02-19 11:15:34 - M5Trainer - INFO - [Step   200/5000] Stage A | L=2.4243e+01 (IC=0.000e+00, BC=0.000e+00, PDE=0.000e+00, Qg=3.199e-01, Qz=8.152e-01, Sd=3.013e+00, SwB=0.000e+00) | k_frac=5.0811 mD, dp=12.07 MPa | Sw=[0.260,0.260] | 38.5s
2026-02-19 11:15:51 - M5Trainer - INFO - [Step   300/5000] Stage A | L=3.5248e+01 (IC=0.000e+00, BC=0.000e+00, PDE=0.000e+00, Qg=2.529e-01, Qz=2.060e-01, Sd=7.891e-01, SwB=0.000e+00) | k_frac=4.8481 mD, dp=12.13 MPa | Sw=[0.260,0.260] | 55.5s
2026-02-19 11:16:08 - M5Trainer - INFO -   [梯度验收] SY9: qg_obs range=[0.0, 838700.0]
2026-02-19 11:16:08 - M5Trainer - INFO - [Step   400/5000] Stage A | L=3.2747e+01 (IC=0.000e+00, BC=0.000e+00, PDE=0.000e+00, Qg=2.427e-01, Qz=1.342e-01, Sd=5.332e-01, SwB=0.000e+00) | k_frac=4.6753 mD, dp=12.21 MPa | Sw=[0.158,0.422] | 72.7s
2026-02-19 11:16:25 - M5Trainer - INFO -   [Sw约束v9] Sw=[0.171, 0.261, 0.418], 权重=300, 惩罚=0.000000 (低=0.0000, 高=0.0000)
2026-02-19 11:16:25 - M5Trainer - INFO -   [Sw监控] SY9: Sw=[0.1744, 0.2177, 0.2461], krg_min=6.751000e-01
2026-02-19 11:16:25 - M5Trainer - INFO - [Step   500/5000] Stage B | L=1.4603e+02 (IC=0.000e+00, BC=0.000e+00, PDE=0.000e+00, Qg=2.467e-01, Qz=9.399e-02, Sd=4.041e-01, SwB=0.000e+00) | k_frac=4.3688 mD, dp=12.36 MPa | Sw=[0.176,0.377] | 90.0s
2026-02-19 11:16:26 - M5Trainer - INFO -   [k_frac诊断] grad=1.5661e+00, k_frac=4.368797 mD
2026-02-19 11:16:43 - M5Trainer - INFO -   [梯度验收] SY9: qg_obs range=[0.0, 838700.0]
2026-02-19 11:16:43 - M5Trainer - INFO - [Step   600/5000] Stage B | L=1.5719e+02 (IC=0.000e+00, BC=0.000e+00, PDE=0.000e+00, Qg=2.236e-01, Qz=2.502e-02, Sd=9.575e-02, SwB=0.000e+00) | k_frac=4.1840 mD, dp=12.48 MPa | Sw=[0.138,0.458] | 107.4s
2026-02-19 11:17:01 - M5Trainer - INFO - [Step   700/5000] Stage B | L=1.2072e+02 (IC=0.000e+00, BC=0.000e+00, PDE=0.000e+00, Qg=2.186e-01, Qz=2.068e-02, Sd=8.208e-02, SwB=0.000e+00) | k_frac=4.0813 mD, dp=12.57 MPa | Sw=[0.143,0.464] | 125.0s
2026-02-19 11:17:18 - M5Trainer - INFO -   [梯度验收] SY9: qg_obs range=[0.0, 838700.0]
2026-02-19 11:17:18 - M5Trainer - INFO - [Step   800/5000] Stage B | L=1.8761e+02 (IC=0.000e+00, BC=0.000e+00, PDE=0.000e+00, Qg=2.162e-01, Qz=1.729e-02, Sd=6.948e-02, SwB=0.000e+00) | k_frac=3.9381 mD, dp=12.74 MPa | Sw=[0.170,0.423] | 142.5s
2026-02-19 11:17:36 - M5Trainer - INFO - [Step   900/5000] Stage B | L=1.8388e+02 (IC=0.000e+00, BC=0.000e+00, PDE=0.000e+00, Qg=2.120e-01, Qz=1.677e-02, Sd=7.345e-02, SwB=0.000e+00) | k_frac=3.7844 mD, dp=12.95 MPa | Sw=[0.156,0.426] | 160.1s
2026-02-19 11:17:53 - M5Trainer - INFO -   [Sw约束v9] Sw=[0.150, 0.289, 0.500], 权重=300, 惩罚=0.000000 (低=0.0000, 高=0.0000)
2026-02-19 11:17:53 - M5Trainer - INFO -   [梯度验收] SY9: qg_obs range=[0.0, 838700.0]
2026-02-19 11:17:53 - M5Trainer - INFO -   [Sw监控] SY9: Sw=[0.1303, 0.2131, 0.3846], krg_min=4.497447e-01
2026-02-19 11:17:53 - M5Trainer - INFO - [Step  1000/5000] Stage B | L=1.9378e+02 (IC=0.000e+00, BC=0.000e+00, PDE=0.000e+00, Qg=2.117e-01, Qz=1.563e-02, Sd=7.285e-02, SwB=0.000e+00) | k_frac=3.6472 mD, dp=13.16 MPa | Sw=[0.156,0.448] | 177.9s
2026-02-19 11:17:53 - M5Trainer - INFO -   [k_frac诊断] grad=-1.1621e+00, k_frac=3.647173 mD
2026-02-19 11:18:11 - M5Trainer - INFO - [Step  1100/5000] Stage B | L=1.9131e+02 (IC=0.000e+00, BC=0.000e+00, PDE=0.000e+00, Qg=2.177e-01, Qz=1.519e-02, Sd=7.724e-02, SwB=0.000e+00) | k_frac=3.5230 mD, dp=13.35 MPa | Sw=[0.179,0.431] | 195.5s
2026-02-19 11:18:29 - M5Trainer - INFO -   [梯度验收] SY9: qg_obs range=[0.0, 838700.0]
2026-02-19 11:18:29 - M5Trainer - INFO - [Step  1200/5000] Stage B | L=1.9844e+02 (IC=0.000e+00, BC=0.000e+00, PDE=0.000e+00, Qg=2.182e-01, Qz=1.531e-02, Sd=8.459e-02, SwB=0.000e+00) | k_frac=3.4101 mD, dp=13.54 MPa | Sw=[0.139,0.438] | 213.2s
2026-02-19 11:18:46 - M5Trainer - INFO - [Step  1300/5000] Stage B | L=2.2199e+02 (IC=0.000e+00, BC=0.000e+00, PDE=0.000e+00, Qg=2.199e-01, Qz=1.202e-02, Sd=6.961e-02, SwB=0.000e+00) | k_frac=3.2871 mD, dp=13.76 MPa | Sw=[0.166,0.461] | 230.7s
2026-02-19 11:19:04 - M5Trainer - INFO -   [梯度验收] SY9: qg_obs range=[0.0, 838700.0]
2026-02-19 11:19:04 - M5Trainer - INFO - [Step  1400/5000] Stage B | L=2.0927e+02 (IC=0.000e+00, BC=0.000e+00, PDE=0.000e+00, Qg=2.059e-01, Qz=1.098e-02, Sd=6.658e-02, SwB=0.000e+00) | k_frac=3.1751 mD, dp=13.95 MPa | Sw=[0.153,0.471] | 248.2s
2026-02-19 11:19:21 - M5Trainer - INFO -   [Sw约束v9] Sw=[0.126, 0.286, 0.613], 权重=300, 惩罚=0.000000 (低=0.0000, 高=0.0000)
2026-02-19 11:19:22 - M5Trainer - INFO -   [Sw监控] SY9: Sw=[0.1258, 0.2426, 0.4440], krg_min=3.583913e-01
2026-02-19 11:19:22 - M5Trainer - INFO - [Step  1500/5000] Stage B | L=2.6058e+02 (IC=0.000e+00, BC=0.000e+00, PDE=0.000e+00, Qg=2.452e-01, Qz=1.155e-02, Sd=7.558e-02, SwB=0.000e+00) | k_frac=3.0844 mD, dp=14.12 MPa | Sw=[0.155,0.426] | 266.1s
2026-02-19 11:19:22 - M5Trainer - INFO -   [k_frac诊断] grad=-9.1392e-01, k_frac=3.084371 mD
2026-02-19 11:19:39 - M5Trainer - INFO -   [梯度验收] SY9: qg_obs range=[0.0, 838700.0]
2026-02-19 11:19:40 - M5Trainer - INFO - [Step  1600/5000] Stage B | L=2.2238e+02 (IC=0.000e+00, BC=0.000e+00, PDE=0.000e+00, Qg=2.081e-01, Qz=9.170e-03, Sd=5.851e-02, SwB=0.000e+00) | k_frac=3.0127 mD, dp=14.30 MPa | Sw=[0.182,0.449] | 284.0s
2026-02-19 11:19:57 - M5Trainer - INFO - [Step  1700/5000] Stage B | L=2.1338e+02 (IC=0.000e+00, BC=0.000e+00, PDE=0.000e+00, Qg=2.145e-01, Qz=1.048e-02, Sd=7.110e-02, SwB=0.000e+00) | k_frac=2.9617 mD, dp=14.45 MPa | Sw=[0.192,0.401] | 301.9s
2026-02-19 11:20:15 - M5Trainer - INFO -   [梯度验收] SY9: qg_obs range=[0.0, 838700.0]
2026-02-19 11:20:15 - M5Trainer - INFO - [Step  1800/5000] Stage C | L=4.1442e+02 (IC=0.000e+00, BC=0.000e+00, PDE=0.000e+00, Qg=2.560e-01, Qz=1.013e-02, Sd=7.263e-02, SwB=0.000e+00) | k_frac=2.9181 mD, dp=14.57 MPa | Sw=[0.161,0.502] | 320.0s
2026-02-19 11:20:33 - M5Trainer - INFO - [Step  1900/5000] Stage C | L=3.2657e+02 (IC=0.000e+00, BC=0.000e+00, PDE=0.000e+00, Qg=2.092e-01, Qz=1.014e-02, Sd=7.357e-02, SwB=0.000e+00) | k_frac=2.8884 mD, dp=14.62 MPa | Sw=[0.150,0.520] | 337.8s
2026-02-19 11:20:51 - M5Trainer - INFO -   [Sw约束v9] Sw=[0.135, 0.300, 0.565], 权重=200, 惩罚=0.000000 (低=0.0000, 高=0.0000)
2026-02-19 11:20:51 - M5Trainer - INFO -   [Sw监控] SY9: Sw=[0.1343, 0.2221, 0.4360], krg_min=3.700862e-01
2026-02-19 11:20:51 - M5Trainer - INFO - [Step  2000/5000] Stage C | L=3.2503e+02 (IC=0.000e+00, BC=0.000e+00, PDE=0.000e+00, Qg=2.105e-01, Qz=1.053e-02, Sd=8.187e-02, SwB=0.000e+00) | k_frac=2.8672 mD, dp=14.68 MPa | Sw=[0.153,0.490] | 355.7s
2026-02-19 11:20:51 - M5Trainer - INFO -   [k_frac诊断] grad=-6.7868e-03, k_frac=2.867215 mD
2026-02-19 11:21:09 - M5Trainer - INFO - [Step  2100/5000] Stage C | L=4.1043e+02 (IC=0.000e+00, BC=0.000e+00, PDE=0.000e+00, Qg=2.284e-01, Qz=1.105e-02, Sd=8.688e-02, SwB=0.000e+00) | k_frac=2.8467 mD, dp=14.75 MPa | Sw=[0.153,0.540] | 373.6s
2026-02-19 11:21:27 - M5Trainer - INFO - [Step  2200/5000] Stage C | L=3.8500e+02 (IC=0.000e+00, BC=0.000e+00, PDE=0.000e+00, Qg=2.056e-01, Qz=8.661e-03, Sd=6.569e-02, SwB=0.000e+00) | k_frac=2.8152 mD, dp=14.85 MPa | Sw=[0.174,0.453] | 391.5s
2026-02-19 11:21:45 - M5Trainer - INFO - [Step  2300/5000] Stage C | L=4.0691e+02 (IC=0.000e+00, BC=0.000e+00, PDE=0.000e+00, Qg=2.107e-01, Qz=7.894e-03, Sd=6.035e-02, SwB=0.000e+00) | k_frac=2.7801 mD, dp=14.94 MPa | Sw=[0.185,0.427] | 409.3s
2026-02-19 11:22:03 - M5Trainer - INFO - [Step  2400/5000] Stage C | L=4.0801e+02 (IC=0.000e+00, BC=0.000e+00, PDE=0.000e+00, Qg=2.116e-01, Qz=8.871e-03, Sd=7.249e-02, SwB=0.000e+00) | k_frac=2.7615 mD, dp=15.02 MPa | Sw=[0.159,0.445] | 427.2s
2026-02-19 11:22:20 - M5Trainer - INFO -   [Sw约束v9] Sw=[0.136, 0.313, 0.561], 权重=200, 惩罚=0.000000 (低=0.0000, 高=0.0000)
2026-02-19 11:22:21 - M5Trainer - INFO -   [Sw监控] SY9: Sw=[0.1352, 0.2407, 0.4456], krg_min=3.561433e-01
2026-02-19 11:22:21 - M5Trainer - INFO - [Step  2500/5000] Stage C | L=4.1768e+02 (IC=0.000e+00, BC=0.000e+00, PDE=0.000e+00, Qg=2.072e-01, Qz=6.529e-03, Sd=4.586e-02, SwB=0.000e+00) | k_frac=2.7467 mD, dp=15.11 MPa | Sw=[0.167,0.447] | 445.0s
2026-02-19 11:22:21 - M5Trainer - INFO -   [k_frac诊断] grad=-1.0732e+00, k_frac=2.746744 mD
2026-02-19 11:22:39 - M5Trainer - INFO - [Step  2600/5000] Stage C | L=4.4397e+02 (IC=0.000e+00, BC=0.000e+00, PDE=0.000e+00, Qg=2.190e-01, Qz=7.256e-03, Sd=5.550e-02, SwB=0.000e+00) | k_frac=2.7231 mD, dp=15.19 MPa | Sw=[0.160,0.509] | 463.0s
2026-02-19 11:22:57 - M5Trainer - INFO - [Step  2700/5000] Stage C | L=4.1992e+02 (IC=0.000e+00, BC=0.000e+00, PDE=0.000e+00, Qg=2.117e-01, Qz=7.036e-03, Sd=5.323e-02, SwB=0.000e+00) | k_frac=2.7116 mD, dp=15.27 MPa | Sw=[0.159,0.461] | 481.6s
2026-02-19 11:23:15 - M5Trainer - INFO - [Step  2800/5000] Stage C | L=4.6182e+02 (IC=0.000e+00, BC=0.000e+00, PDE=0.000e+00, Qg=2.176e-01, Qz=5.559e-03, Sd=3.913e-02, SwB=0.000e+00) | k_frac=2.6881 mD, dp=15.35 MPa | Sw=[0.153,0.471] | 499.9s
2026-02-19 11:23:34 - M5Trainer - INFO - [Step  2900/5000] Stage C | L=4.2896e+02 (IC=0.000e+00, BC=0.000e+00, PDE=0.000e+00, Qg=2.072e-01, Qz=5.911e-03, Sd=4.382e-02, SwB=0.000e+00) | k_frac=2.6788 mD, dp=15.43 MPa | Sw=[0.153,0.495] | 518.0s
2026-02-19 11:23:52 - M5Trainer - INFO -   [Sw约束v9] Sw=[0.142, 0.288, 0.551], 权重=200, 惩罚=0.000000 (低=0.0000, 高=0.0000)
2026-02-19 11:23:52 - M5Trainer - INFO -   [Sw监控] SY9: Sw=[0.1384, 0.2179, 0.4120], krg_min=4.064153e-01
2026-02-19 11:23:52 - M5Trainer - INFO - [Step  3000/5000] Stage C | L=4.2733e+02 (IC=0.000e+00, BC=0.000e+00, PDE=0.000e+00, Qg=2.050e-01, Qz=6.258e-03, Sd=4.753e-02, SwB=0.000e+00) | k_frac=2.6657 mD, dp=15.49 MPa | Sw=[0.152,0.484] | 536.6s
2026-02-19 11:23:52 - M5Trainer - INFO -   [k_frac诊断] grad=-8.0774e-01, k_frac=2.665728 mD
2026-02-19 11:24:11 - M5Trainer - INFO - [Step  3100/5000] Stage C | L=4.4768e+02 (IC=0.000e+00, BC=0.000e+00, PDE=0.000e+00, Qg=2.107e-01, Qz=6.034e-03, Sd=4.587e-02, SwB=0.000e+00) | k_frac=2.6525 mD, dp=15.55 MPa | Sw=[0.153,0.464] | 555.1s
2026-02-19 11:24:29 - M5Trainer - INFO - [Step  3200/5000] Stage C | L=4.2622e+02 (IC=0.000e+00, BC=0.000e+00, PDE=0.000e+00, Qg=2.034e-01, Qz=6.508e-03, Sd=5.125e-02, SwB=0.000e+00) | k_frac=2.6481 mD, dp=15.61 MPa | Sw=[0.154,0.432] | 573.0s
2026-02-19 11:24:46 - M5Trainer - INFO - [Step  3300/5000] Stage C | L=4.2779e+02 (IC=0.000e+00, BC=0.000e+00, PDE=0.000e+00, Qg=2.036e-01, Qz=6.480e-03, Sd=5.166e-02, SwB=0.000e+00) | k_frac=2.6378 mD, dp=15.65 MPa | Sw=[0.153,0.440] | 590.9s
2026-02-19 11:25:04 - M5Trainer - INFO - [Step  3400/5000] Stage C | L=4.2913e+02 (IC=0.000e+00, BC=0.000e+00, PDE=0.000e+00, Qg=2.032e-01, Qz=6.495e-03, Sd=5.187e-02, SwB=0.000e+00) | k_frac=2.6328 mD, dp=15.69 MPa | Sw=[0.153,0.488] | 608.5s
2026-02-19 11:25:22 - M5Trainer - INFO -   [Sw约束v9] Sw=[0.146, 0.298, 0.533], 权重=100, 惩罚=0.000000 (低=0.0000, 高=0.0000)
2026-02-19 11:25:22 - M5Trainer - INFO -   [Sw监控] SY9: Sw=[0.1387, 0.2230, 0.4159], krg_min=4.003778e-01
2026-02-19 11:25:22 - M5Trainer - INFO - [Step  3500/5000] Stage D | L=6.6204e+02 (IC=0.000e+00, BC=0.000e+00, PDE=0.000e+00, Qg=2.085e-01, Qz=6.318e-03, Sd=5.015e-02, SwB=0.000e+00) | k_frac=2.6249 mD, dp=15.73 MPa | Sw=[0.155,0.495] | 626.6s
2026-02-19 11:25:22 - M5Trainer - INFO -   [k_frac诊断] grad=-1.7470e+00, k_frac=2.624949 mD
2026-02-19 11:25:40 - M5Trainer - INFO - [Step  3600/5000] Stage D | L=6.2840e+02 (IC=0.000e+00, BC=0.000e+00, PDE=0.000e+00, Qg=2.012e-01, Qz=6.356e-03, Sd=5.048e-02, SwB=0.000e+00) | k_frac=2.6248 mD, dp=15.75 MPa | Sw=[0.155,0.509] | 644.5s
2026-02-19 11:25:56 - M5Trainer - INFO - [Step  3700/5000] Stage D | L=6.2136e+02 (IC=0.000e+00, BC=0.000e+00, PDE=0.000e+00, Qg=2.010e-01, Qz=6.428e-03, Sd=5.203e-02, SwB=0.000e+00) | k_frac=2.6218 mD, dp=15.76 MPa | Sw=[0.154,0.510] | 660.3s
2026-02-19 11:26:10 - M5Trainer - INFO - [Step  3800/5000] Stage D | L=6.0874e+02 (IC=0.000e+00, BC=0.000e+00, PDE=0.000e+00, Qg=2.005e-01, Qz=6.610e-03, Sd=5.406e-02, SwB=0.000e+00) | k_frac=2.6202 mD, dp=15.77 MPa | Sw=[0.152,0.503] | 674.1s
2026-02-19 11:26:23 - M5Trainer - INFO - [Step  3900/5000] Stage D | L=6.1823e+02 (IC=0.000e+00, BC=0.000e+00, PDE=0.000e+00, Qg=2.023e-01, Qz=6.303e-03, Sd=5.020e-02, SwB=0.000e+00) | k_frac=2.6195 mD, dp=15.77 MPa | Sw=[0.145,0.524] | 687.7s
2026-02-19 11:26:37 - M5Trainer - INFO -   [Sw约束v9] Sw=[0.144, 0.301, 0.540], 权重=100, 惩罚=0.000000 (低=0.0000, 高=0.0000)
2026-02-19 11:26:37 - M5Trainer - INFO -   [Sw监控] SY9: Sw=[0.1391, 0.2217, 0.4219], krg_min=3.911476e-01
2026-02-19 11:26:37 - M5Trainer - INFO - [Step  4000/5000] Stage D | L=6.0949e+02 (IC=0.000e+00, BC=0.000e+00, PDE=0.000e+00, Qg=1.998e-01, Qz=6.469e-03, Sd=5.221e-02, SwB=0.000e+00) | k_frac=2.6191 mD, dp=15.78 MPa | Sw=[0.154,0.524] | 701.7s
2026-02-19 11:26:37 - M5Trainer - INFO -   [k_frac诊断] grad=1.9873e+00, k_frac=2.619065 mD
2026-02-19 11:26:51 - M5Trainer - INFO - [Step  4100/5000] Stage D | L=6.1377e+02 (IC=0.000e+00, BC=0.000e+00, PDE=0.000e+00, Qg=2.012e-01, Qz=6.474e-03, Sd=5.230e-02, SwB=0.000e+00) | k_frac=2.6180 mD, dp=15.79 MPa | Sw=[0.153,0.518] | 715.3s
2026-02-19 11:27:05 - M5Trainer - INFO - [Step  4200/5000] Stage D | L=6.0180e+02 (IC=0.000e+00, BC=0.000e+00, PDE=0.000e+00, Qg=1.998e-01, Qz=6.539e-03, Sd=5.304e-02, SwB=0.000e+00) | k_frac=2.6179 mD, dp=15.79 MPa | Sw=[0.152,0.518] | 729.3s
2026-02-19 11:27:19 - M5Trainer - INFO - [Step  4300/5000] Stage D | L=5.9534e+02 (IC=0.000e+00, BC=0.000e+00, PDE=0.000e+00, Qg=2.003e-01, Qz=6.467e-03, Sd=5.211e-02, SwB=0.000e+00) | k_frac=2.6176 mD, dp=15.80 MPa | Sw=[0.154,0.511] | 743.5s
2026-02-19 11:27:33 - M5Trainer - INFO - [Step  4400/5000] Stage D | L=6.0448e+02 (IC=0.000e+00, BC=0.000e+00, PDE=0.000e+00, Qg=2.000e-01, Qz=6.588e-03, Sd=5.356e-02, SwB=0.000e+00) | k_frac=2.6175 mD, dp=15.80 MPa | Sw=[0.154,0.511] | 757.8s
2026-02-19 11:27:47 - M5Trainer - INFO -   [Sw约束v9] Sw=[0.141, 0.298, 0.535], 权重=100, 惩罚=0.000000 (低=0.0000, 高=0.0000)
2026-02-19 11:27:47 - M5Trainer - INFO -   [Sw监控] SY9: Sw=[0.1398, 0.2225, 0.4244], krg_min=3.874987e-01
2026-02-19 11:27:47 - M5Trainer - INFO - [Step  4500/5000] Stage D | L=5.9072e+02 (IC=0.000e+00, BC=0.000e+00, PDE=0.000e+00, Qg=1.990e-01, Qz=6.527e-03, Sd=5.286e-02, SwB=0.000e+00) | k_frac=2.6170 mD, dp=15.80 MPa | Sw=[0.147,0.512] | 771.4s
2026-02-19 11:27:47 - M5Trainer - INFO -   [k_frac诊断] grad=8.7801e-01, k_frac=2.616981 mD
2026-02-19 11:28:01 - M5Trainer - INFO - [Step  4600/5000] Stage D | L=5.9048e+02 (IC=0.000e+00, BC=0.000e+00, PDE=0.000e+00, Qg=1.985e-01, Qz=6.569e-03, Sd=5.338e-02, SwB=0.000e+00) | k_frac=2.6168 mD, dp=15.81 MPa | Sw=[0.153,0.517] | 785.1s
2026-02-19 11:28:15 - M5Trainer - INFO - [Step  4700/5000] Stage D | L=5.8876e+02 (IC=0.000e+00, BC=0.000e+00, PDE=0.000e+00, Qg=1.989e-01, Qz=6.556e-03, Sd=5.327e-02, SwB=0.000e+00) | k_frac=2.6167 mD, dp=15.81 MPa | Sw=[0.154,0.517] | 799.6s
2026-02-19 11:28:30 - M5Trainer - INFO - [Step  4800/5000] Stage D | L=5.8578e+02 (IC=0.000e+00, BC=0.000e+00, PDE=0.000e+00, Qg=1.983e-01, Qz=6.565e-03, Sd=5.340e-02, SwB=0.000e+00) | k_frac=2.6167 mD, dp=15.81 MPa | Sw=[0.154,0.516] | 814.3s
2026-02-19 11:28:44 - M5Trainer - INFO - [Step  4900/5000] Stage D | L=5.8211e+02 (IC=0.000e+00, BC=0.000e+00, PDE=0.000e+00, Qg=1.982e-01, Qz=6.560e-03, Sd=5.335e-02, SwB=0.000e+00) | k_frac=2.6167 mD, dp=15.81 MPa | Sw=[0.152,0.497] | 828.5s
2026-02-19 11:28:58 - M5Trainer - INFO - [Step  4999/5000] Stage D | L=5.7829e+02 (IC=0.000e+00, BC=0.000e+00, PDE=0.000e+00, Qg=1.980e-01, Qz=6.560e-03, Sd=5.335e-02, SwB=0.000e+00) | k_frac=2.6167 mD, dp=15.81 MPa | Sw=[0.152,0.507] | 842.6s
2026-02-19 11:28:58 - M5Trainer - INFO - 
M5 训练完成! 耗时: 842.6s, 最佳验证分数(val_score): 18.8697
2026-02-19 11:28:58 - M5Trainer - INFO - 配置快照已保存: C:\Users\16281\Desktop\cpedc_project\outputs\mk_pinn_dt_v2\M6_ablation\pure_ml\resolved_config_m5.json
2026-02-19 11:28:58 - M5Trainer - INFO - 反演参数审计: C:\Users\16281\Desktop\cpedc_project\outputs\mk_pinn_dt_v2\M6_ablation\pure_ml\reports\M5_inversion_params.json
2026-02-19 11:29:00 - M5Trainer - INFO -   torch.compile 已跳过 (Triton 不支持 Windows, 使用 eager 模式)
2026-02-19 11:29:00 - M5Trainer - INFO - k_frac 独立参数组: lr=3.00e-03 (factor=3.0)
2026-02-19 11:29:00 - M5Trainer - INFO -   井 SY9: 1332 条同化数据 (train=799, val=266, test=267)
    开井点数 (q>1): train=745, val=88, test=121
    有效压力点: val_p=109, test_p=121
2026-02-19 11:29:00 - M5Trainer - INFO -   train time window(norm): [0.0000, 0.5995]
2026-02-19 11:29:00 - M5Trainer - INFO -   M3 PVT cg(76.0, 140.32) = 0.009744
2026-02-19 11:29:00 - M5Trainer - INFO -   M3 PVT Bg(76.0, 140.32) = 0.002577
2026-02-19 11:29:00 - M5Trainer - INFO -   PDE 缩放: αx=0.029719, αy=0.074361
2026-02-19 11:29:00 - M5Trainer - INFO - M5Trainer 初始化完成: device=cuda, lr=0.001, max_steps=5000, relobralo=True, rar=True
2026-02-19 11:29:00 - M5Trainer - INFO - ============================================================
2026-02-19 11:29:00 - M5Trainer - INFO - M5 PINN 井—藏耦合同化训练开始
2026-02-19 11:29:00 - M5Trainer - INFO - ============================================================
2026-02-19 11:29:00 - M5Trainer - INFO - 训练阶段: A[0-500] B[500-1750] C[1750-3500] D[3500-5000]
2026-02-19 11:29:00 - M5Trainer - INFO -   qg_nearzero 权重: A=3.0, B=6.0->9.0, C=12.0, D=3.0, enable=True
2026-02-19 11:29:00 - M5Trainer - INFO - --- M5 单位/量纲诊断 (train 第 1 步前) ---
2026-02-19 11:29:00 - M5Trainer - INFO -   qg_obs 范围: 0.00e+00 ~ 8.39e+05 m³/d, 均值: 2.97e+05 m³/d
2026-02-19 11:29:00 - M5Trainer - INFO -   qg_pred 范围: 3.92e+05 ~ 4.12e+05
2026-02-19 11:29:00 - M5Trainer - INFO -   p_wf 范围: 7.43e+01 ~ 7.43e+01 MPa
2026-02-19 11:29:00 - M5Trainer - INFO -   p_field @ well: 7.50e+01 MPa
2026-02-19 11:29:00 - M5Trainer - INFO -   k_frac = 5.4020 mD
2026-02-19 11:29:00 - M5Trainer - INFO -   WI_raw = 4.309845e-13 [检查单位]
2026-02-19 11:29:00 - M5Trainer - INFO -   dp_wellbore = 12.00 MPa
2026-02-19 11:29:00 - M5Trainer - INFO -   Bg_ref = 2.576898e-03
2026-02-19 11:29:00 - M5Trainer - INFO -   qg_obs 范围: 0.00e+00 ~ 8.39e+05 m³/d
2026-02-19 11:29:00 - M5Trainer - INFO -   qg_obs 中位数 = 3.07e+05 m³/d
2026-02-19 11:29:00 - M5Trainer - INFO -   ✅ v9: PDE源项已升级为时变 source(x,y,t) = qg_obs(t) * kernel(x,y)
2026-02-19 11:29:00 - M5Trainer - INFO -   ✅ 每个PDE配点使用其时刻对应的真实观测产量（线性插值）
2026-02-19 11:29:00 - M5Trainer - INFO - --- 诊断结束 ---
2026-02-19 11:29:00 - M5Trainer - INFO -   [shape] SY9: qg pred=(1332, 1) vs obs=(1332, 1), p_wf pred=(1332, 1) vs p_obs=(1332, 1)
2026-02-19 11:29:00 - M5Trainer - INFO -   [Sw约束v9] Sw=[0.260, 0.260, 0.260], 权重=500, 惩罚=0.000000 (低=0.0000, 高=0.0000)
2026-02-19 11:29:00 - M5Trainer - INFO -   ✅ k_frac_mD.grad = -8.620303e-03 (PDE梯度贯通)
2026-02-19 11:29:00 - M5Trainer - INFO -   [梯度验收] SY9: qg_obs range=[0.0, 838700.0]
2026-02-19 11:29:00 - M5Trainer - INFO -   [Sw监控] SY9: Sw=[0.2600, 0.2600, 0.2600], krg_min=6.751000e-01
2026-02-19 11:29:00 - M5Trainer - INFO - [Step     0/5000] Stage A | L=7.8154e+02 (IC=1.000e+00, BC=1.000e+00, PDE=1.611e+06, Qg=2.877e-01, Qz=1.269e-01, Sd=3.650e-01, SwB=0.000e+00) | k_frac=5.4022 mD, dp=12.00 MPa | Sw=[0.260,0.260] | 0.3s
2026-02-19 11:29:00 - M5Trainer - INFO -   [k_frac诊断] grad=-8.6203e-03, k_frac=5.402157 mD
2026-02-19 11:29:22 - M5Trainer - INFO - [Step   100/5000] Stage A | L=3.0321e+02 (IC=1.281e-02, BC=1.481e-02, PDE=1.989e+06, Qg=2.364e-01, Qz=7.622e-02, Sd=7.013e-01, SwB=0.000e+00) | k_frac=5.3939 mD, dp=12.02 MPa | Sw=[0.203,0.491] | 22.4s
2026-02-19 11:29:45 - M5Trainer - INFO -   [梯度验收] SY9: qg_obs range=[0.0, 838700.0]
2026-02-19 11:29:45 - M5Trainer - INFO - [Step   200/5000] Stage A | L=1.7484e+02 (IC=6.890e-02, BC=2.850e-02, PDE=1.739e+06, Qg=2.525e-01, Qz=3.139e-02, Sd=1.773e+01, SwB=0.000e+00) | k_frac=5.2710 mD, dp=12.05 MPa | Sw=[0.137,0.717] | 45.0s
2026-02-19 11:30:12 - M5Trainer - INFO - [Step   300/5000] Stage A | L=3.4186e+02 (IC=5.104e-02, BC=2.626e-02, PDE=1.922e+06, Qg=2.041e-01, Qz=1.962e-02, Sd=1.823e+01, SwB=0.000e+00) | k_frac=5.2581 mD, dp=12.05 MPa | Sw=[0.143,0.706] | 72.1s
2026-02-19 11:30:37 - M5Trainer - INFO -   [梯度验收] SY9: qg_obs range=[0.0, 838700.0]
2026-02-19 11:30:37 - M5Trainer - INFO - [Step   400/5000] Stage A | L=3.4841e+02 (IC=5.388e-02, BC=3.517e-02, PDE=1.875e+06, Qg=2.068e-01, Qz=1.919e-02, Sd=1.841e+01, SwB=0.000e+00) | k_frac=5.2464 mD, dp=12.06 MPa | Sw=[0.138,0.686] | 96.7s
2026-02-19 11:30:59 - M5Trainer - INFO -   [Sw约束v9] Sw=[0.139, 0.339, 0.754], 权重=300, 惩罚=0.000000 (低=0.0000, 高=0.0000)
2026-02-19 11:30:59 - M5Trainer - INFO -   [Sw监控] SY9: Sw=[0.6098, 0.6803, 0.7561], krg_min=4.869206e-02
2026-02-19 11:30:59 - M5Trainer - INFO - [Step   500/5000] Stage B | L=1.2190e+03 (IC=1.331e-01, BC=1.095e-01, PDE=1.255e+06, Qg=2.484e-01, Qz=2.770e-02, Sd=2.090e+01, SwB=0.000e+00) | k_frac=5.2418 mD, dp=12.06 MPa | Sw=[0.139,0.696] | 119.3s
2026-02-19 11:30:59 - M5Trainer - INFO -   [k_frac诊断] grad=1.9268e-01, k_frac=5.241830 mD
2026-02-19 11:31:22 - M5Trainer - INFO -   [梯度验收] SY9: qg_obs range=[0.0, 838700.0]
2026-02-19 11:31:22 - M5Trainer - INFO - [Step   600/5000] Stage B | L=1.2381e+03 (IC=7.018e-02, BC=3.406e-02, PDE=1.230e+06, Qg=2.137e-01, Qz=2.729e-03, Sd=5.240e-01, SwB=0.000e+00) | k_frac=5.2370 mD, dp=12.11 MPa | Sw=[0.143,0.622] | 142.1s
2026-02-19 11:31:44 - M5Trainer - INFO - [Step   700/5000] Stage B | L=1.6415e+03 (IC=1.004e-01, BC=4.760e-02, PDE=1.419e+06, Qg=2.158e-01, Qz=1.226e-03, Sd=3.463e-01, SwB=0.000e+00) | k_frac=5.1966 mD, dp=12.14 MPa | Sw=[0.138,0.714] | 164.3s
2026-02-19 11:32:07 - M5Trainer - INFO -   [梯度验收] SY9: qg_obs range=[0.0, 838700.0]
2026-02-19 11:32:07 - M5Trainer - INFO - [Step   800/5000] Stage B | L=1.4629e+03 (IC=2.367e-01, BC=2.442e-01, PDE=1.326e+06, Qg=2.126e-01, Qz=7.462e-04, Sd=2.414e-01, SwB=0.000e+00) | k_frac=5.1678 mD, dp=12.17 MPa | Sw=[0.137,0.707] | 186.9s
2026-02-19 11:32:28 - M5Trainer - INFO - [Step   900/5000] Stage B | L=1.3931e+03 (IC=6.301e-02, BC=9.304e-02, PDE=1.157e+06, Qg=2.029e-01, Qz=1.005e-03, Sd=2.120e-01, SwB=0.000e+00) | k_frac=5.1507 mD, dp=12.20 MPa | Sw=[0.136,0.676] | 207.7s
2026-02-19 11:32:49 - M5Trainer - INFO -   [Sw约束v9] Sw=[0.136, 0.364, 0.688], 权重=300, 惩罚=0.000000 (低=0.0000, 高=0.0000)
2026-02-19 11:32:49 - M5Trainer - INFO -   [梯度验收] SY9: qg_obs range=[0.0, 838700.0]
2026-02-19 11:32:49 - M5Trainer - INFO -   [Sw监控] SY9: Sw=[0.5611, 0.6411, 0.6879], krg_min=9.195580e-02
2026-02-19 11:32:49 - M5Trainer - INFO - [Step  1000/5000] Stage B | L=1.2812e+03 (IC=5.966e-02, BC=4.768e-02, PDE=1.048e+06, Qg=2.405e-01, Qz=1.648e-03, Sd=2.595e-01, SwB=0.000e+00) | k_frac=5.1251 mD, dp=12.24 MPa | Sw=[0.136,0.678] | 229.3s
2026-02-19 11:32:49 - M5Trainer - INFO -   [k_frac诊断] grad=2.2964e-01, k_frac=5.125110 mD
2026-02-19 11:33:11 - M5Trainer - INFO - [Step  1100/5000] Stage B | L=1.5127e+03 (IC=1.773e-01, BC=1.563e-01, PDE=1.192e+06, Qg=1.961e-01, Qz=2.368e-03, Sd=2.088e-01, SwB=0.000e+00) | k_frac=5.0961 mD, dp=12.29 MPa | Sw=[0.138,0.674] | 250.7s
2026-02-19 11:33:32 - M5Trainer - INFO -   [梯度验收] SY9: qg_obs range=[0.0, 838700.0]
2026-02-19 11:33:32 - M5Trainer - INFO - [Step  1200/5000] Stage B | L=2.0432e+03 (IC=8.559e-02, BC=4.887e-02, PDE=1.321e+06, Qg=2.022e-01, Qz=1.326e-03, Sd=1.716e-01, SwB=0.000e+00) | k_frac=5.0815 mD, dp=12.34 MPa | Sw=[0.137,0.678] | 272.3s
2026-02-19 11:33:54 - M5Trainer - INFO - [Step  1300/5000] Stage B | L=1.5845e+03 (IC=7.052e-02, BC=5.858e-02, PDE=1.084e+06, Qg=2.325e-01, Qz=1.033e-03, Sd=1.815e-01, SwB=0.000e+00) | k_frac=5.0567 mD, dp=12.39 MPa | Sw=[0.138,0.667] | 293.8s
2026-02-19 11:34:20 - M5Trainer - INFO -   [梯度验收] SY9: qg_obs range=[0.0, 838700.0]
2026-02-19 11:34:20 - M5Trainer - INFO - [Step  1400/5000] Stage B | L=1.6346e+03 (IC=1.615e-01, BC=1.275e-01, PDE=1.125e+06, Qg=2.108e-01, Qz=1.578e-03, Sd=2.075e-01, SwB=0.000e+00) | k_frac=5.0393 mD, dp=12.44 MPa | Sw=[0.143,0.631] | 320.3s
2026-02-19 11:34:43 - M5Trainer - INFO -   [Sw约束v9] Sw=[0.139, 0.374, 0.656], 权重=300, 惩罚=0.000000 (低=0.0000, 高=0.0000)
2026-02-19 11:34:43 - M5Trainer - INFO -   [Sw监控] SY9: Sw=[0.5576, 0.6196, 0.6556], krg_min=1.172215e-01
2026-02-19 11:34:43 - M5Trainer - INFO - [Step  1500/5000] Stage B | L=1.8083e+03 (IC=5.467e-02, BC=4.284e-02, PDE=1.093e+06, Qg=2.351e-01, Qz=2.448e-03, Sd=2.208e-01, SwB=0.000e+00) | k_frac=5.0282 mD, dp=12.50 MPa | Sw=[0.145,0.640] | 343.4s
2026-02-19 11:34:43 - M5Trainer - INFO -   [k_frac诊断] grad=2.3435e-01, k_frac=5.028173 mD
2026-02-19 11:35:06 - M5Trainer - INFO -   [梯度验收] SY9: qg_obs range=[0.0, 838700.0]
2026-02-19 11:35:06 - M5Trainer - INFO - [Step  1600/5000] Stage B | L=1.8941e+03 (IC=6.540e-02, BC=5.744e-02, PDE=1.085e+06, Qg=2.360e-01, Qz=1.463e-03, Sd=1.578e-01, SwB=0.000e+00) | k_frac=5.0038 mD, dp=12.56 MPa | Sw=[0.136,0.682] | 366.2s
2026-02-19 11:35:29 - M5Trainer - INFO - [Step  1700/5000] Stage B | L=1.6835e+03 (IC=1.692e-01, BC=1.322e-01, PDE=1.045e+06, Qg=2.130e-01, Qz=1.240e-03, Sd=1.628e-01, SwB=0.000e+00) | k_frac=4.9822 mD, dp=12.63 MPa | Sw=[0.146,0.671] | 389.0s
2026-02-19 11:35:52 - M5Trainer - INFO -   [梯度验收] SY9: qg_obs range=[0.0, 838700.0]
2026-02-19 11:35:52 - M5Trainer - INFO - [Step  1800/5000] Stage C | L=9.5165e+03 (IC=1.166e-01, BC=1.110e-01, PDE=1.122e+06, Qg=2.340e-01, Qz=1.271e-03, Sd=1.325e-01, SwB=0.000e+00) | k_frac=4.9480 mD, dp=12.69 MPa | Sw=[0.140,0.653] | 412.4s
2026-02-19 11:36:15 - M5Trainer - INFO - [Step  1900/5000] Stage C | L=9.8029e+03 (IC=1.747e-01, BC=2.417e-01, PDE=1.171e+06, Qg=2.129e-01, Qz=1.286e-03, Sd=1.256e-01, SwB=0.000e+00) | k_frac=4.9223 mD, dp=12.72 MPa | Sw=[0.142,0.636] | 435.2s
2026-02-19 11:36:38 - M5Trainer - INFO -   [Sw约束v9] Sw=[0.138, 0.368, 0.673], 权重=200, 惩罚=0.000000 (低=0.0000, 高=0.0000)
2026-02-19 11:36:38 - M5Trainer - INFO -   [Sw监控] SY9: Sw=[0.5193, 0.6180, 0.6689], krg_min=1.064068e-01
2026-02-19 11:36:38 - M5Trainer - INFO - [Step  2000/5000] Stage C | L=1.2919e+04 (IC=6.966e-02, BC=5.416e-02, PDE=1.205e+06, Qg=2.023e-01, Qz=9.203e-04, Sd=1.114e-01, SwB=0.000e+00) | k_frac=4.9012 mD, dp=12.76 MPa | Sw=[0.142,0.646] | 458.0s
2026-02-19 11:36:38 - M5Trainer - INFO -   [k_frac诊断] grad=-2.4483e-01, k_frac=4.901213 mD
2026-02-19 11:37:00 - M5Trainer - INFO - [Step  2100/5000] Stage C | L=9.7650e+03 (IC=1.079e-01, BC=6.834e-02, PDE=1.021e+06, Qg=2.055e-01, Qz=1.218e-03, Sd=1.528e-01, SwB=0.000e+00) | k_frac=4.8856 mD, dp=12.80 MPa | Sw=[0.143,0.658] | 480.5s
2026-02-19 11:37:24 - M5Trainer - INFO - [Step  2200/5000] Stage C | L=1.0956e+04 (IC=1.363e-01, BC=8.576e-02, PDE=1.083e+06, Qg=2.077e-01, Qz=1.289e-03, Sd=1.407e-01, SwB=0.000e+00) | k_frac=4.8649 mD, dp=12.84 MPa | Sw=[0.141,0.632] | 503.6s
2026-02-19 11:37:46 - M5Trainer - INFO - [Step  2300/5000] Stage C | L=1.1931e+04 (IC=1.678e-01, BC=7.070e-02, PDE=1.145e+06, Qg=2.484e-01, Qz=2.056e-03, Sd=2.552e-01, SwB=0.000e+00) | k_frac=4.8455 mD, dp=12.88 MPa | Sw=[0.144,0.650] | 526.0s
2026-02-19 11:38:09 - M5Trainer - INFO - [Step  2400/5000] Stage C | L=1.1186e+04 (IC=1.464e-01, BC=8.815e-02, PDE=1.056e+06, Qg=2.158e-01, Qz=9.122e-04, Sd=1.439e-01, SwB=0.000e+00) | k_frac=4.8118 mD, dp=12.92 MPa | Sw=[0.136,0.673] | 548.7s
2026-02-19 11:38:33 - M5Trainer - INFO -   [Sw约束v9] Sw=[0.140, 0.358, 0.655], 权重=200, 惩罚=0.000000 (低=0.0000, 高=0.0000)
2026-02-19 11:38:33 - M5Trainer - INFO -   [Sw监控] SY9: Sw=[0.4730, 0.5955, 0.6561], krg_min=1.167860e-01
2026-02-19 11:38:33 - M5Trainer - INFO - [Step  2500/5000] Stage C | L=1.1811e+04 (IC=8.763e-02, BC=7.231e-02, PDE=1.025e+06, Qg=1.888e-01, Qz=1.272e-03, Sd=1.529e-01, SwB=0.000e+00) | k_frac=4.7980 mD, dp=12.96 MPa | Sw=[0.144,0.620] | 573.5s
2026-02-19 11:38:33 - M5Trainer - INFO -   [k_frac诊断] grad=-1.9283e-01, k_frac=4.797978 mD
2026-02-19 11:39:01 - M5Trainer - INFO - [Step  2600/5000] Stage C | L=1.1557e+04 (IC=1.006e-01, BC=8.505e-02, PDE=1.007e+06, Qg=2.050e-01, Qz=7.051e-04, Sd=1.362e-01, SwB=0.000e+00) | k_frac=4.7794 mD, dp=13.01 MPa | Sw=[0.138,0.638] | 600.9s
2026-02-19 11:39:29 - M5Trainer - INFO - [Step  2700/5000] Stage C | L=1.1800e+04 (IC=8.153e-02, BC=5.224e-02, PDE=9.908e+05, Qg=2.337e-01, Qz=1.710e-03, Sd=2.103e-01, SwB=0.000e+00) | k_frac=4.7714 mD, dp=13.05 MPa | Sw=[0.147,0.657] | 628.6s
2026-02-19 11:39:50 - M5Trainer - INFO - [Step  2800/5000] Stage C | L=1.2801e+04 (IC=6.753e-02, BC=4.970e-02, PDE=1.005e+06, Qg=2.252e-01, Qz=1.814e-03, Sd=1.855e-01, SwB=0.000e+00) | k_frac=4.7521 mD, dp=13.10 MPa | Sw=[0.144,0.608] | 649.9s
2026-02-19 11:40:11 - M5Trainer - INFO - [Step  2900/5000] Stage C | L=1.4083e+04 (IC=1.540e-01, BC=1.304e-01, PDE=1.124e+06, Qg=2.042e-01, Qz=1.132e-03, Sd=1.519e-01, SwB=0.000e+00) | k_frac=4.7375 mD, dp=13.14 MPa | Sw=[0.144,0.638] | 670.8s
2026-02-19 11:40:31 - M5Trainer - INFO -   [Sw约束v9] Sw=[0.141, 0.327, 0.650], 权重=200, 惩罚=0.000000 (低=0.0000, 高=0.0000)
2026-02-19 11:40:32 - M5Trainer - INFO -   [Sw监控] SY9: Sw=[0.4340, 0.5715, 0.6505], krg_min=1.214430e-01
2026-02-19 11:40:32 - M5Trainer - INFO - [Step  3000/5000] Stage C | L=1.2980e+04 (IC=6.896e-02, BC=8.060e-02, PDE=9.793e+05, Qg=2.022e-01, Qz=1.050e-03, Sd=1.196e-01, SwB=0.000e+00) | k_frac=4.7181 mD, dp=13.18 MPa | Sw=[0.143,0.588] | 691.6s
2026-02-19 11:40:32 - M5Trainer - INFO -   [k_frac诊断] grad=-2.6148e-01, k_frac=4.718131 mD
2026-02-19 11:40:53 - M5Trainer - INFO - [Step  3100/5000] Stage C | L=1.2773e+04 (IC=8.216e-02, BC=6.756e-02, PDE=9.581e+05, Qg=2.028e-01, Qz=1.420e-03, Sd=1.524e-01, SwB=0.000e+00) | k_frac=4.7066 mD, dp=13.23 MPa | Sw=[0.142,0.595] | 712.6s
2026-02-19 11:41:14 - M5Trainer - INFO - [Step  3200/5000] Stage C | L=1.5721e+04 (IC=8.806e-02, BC=4.995e-02, PDE=1.054e+06, Qg=2.027e-01, Qz=1.390e-03, Sd=1.280e-01, SwB=0.000e+00) | k_frac=4.6967 mD, dp=13.26 MPa | Sw=[0.142,0.584] | 734.0s
2026-02-19 11:41:35 - M5Trainer - INFO - [Step  3300/5000] Stage C | L=1.0443e+04 (IC=1.630e-01, BC=6.823e-02, PDE=8.594e+05, Qg=2.191e-01, Qz=1.028e-03, Sd=1.374e-01, SwB=0.000e+00) | k_frac=4.6902 mD, dp=13.30 MPa | Sw=[0.143,0.622] | 755.3s
2026-02-19 11:41:56 - M5Trainer - INFO - [Step  3400/5000] Stage C | L=1.1825e+04 (IC=8.375e-02, BC=6.284e-02, PDE=8.672e+05, Qg=1.852e-01, Qz=1.263e-03, Sd=1.471e-01, SwB=0.000e+00) | k_frac=4.6889 mD, dp=13.32 MPa | Sw=[0.142,0.606] | 776.4s
2026-02-19 11:42:17 - M5Trainer - INFO -   [Sw约束v9] Sw=[0.138, 0.323, 0.661], 权重=100, 惩罚=0.000000 (低=0.0000, 高=0.0000)
2026-02-19 11:42:18 - M5Trainer - INFO -   [Sw监控] SY9: Sw=[0.1435, 0.5594, 0.6584], krg_min=1.149304e-01
2026-02-19 11:42:18 - M5Trainer - INFO - [Step  3500/5000] Stage D | L=1.2322e+04 (IC=7.708e-02, BC=9.004e-02, PDE=8.880e+05, Qg=2.101e-01, Qz=1.095e-03, Sd=1.350e-01, SwB=0.000e+00) | k_frac=4.6850 mD, dp=13.35 MPa | Sw=[0.143,0.635] | 797.7s
2026-02-19 11:42:18 - M5Trainer - INFO -   [k_frac诊断] grad=-2.8176e-01, k_frac=4.685012 mD
2026-02-19 11:42:39 - M5Trainer - INFO - [Step  3600/5000] Stage D | L=1.1347e+04 (IC=1.204e-01, BC=6.548e-02, PDE=8.556e+05, Qg=2.065e-01, Qz=1.318e-03, Sd=1.493e-01, SwB=0.000e+00) | k_frac=4.6866 mD, dp=13.36 MPa | Sw=[0.141,0.612] | 818.7s
2026-02-19 11:43:00 - M5Trainer - INFO - [Step  3700/5000] Stage D | L=1.3653e+04 (IC=9.509e-02, BC=6.135e-02, PDE=9.404e+05, Qg=1.849e-01, Qz=1.143e-03, Sd=1.631e-01, SwB=0.000e+00) | k_frac=4.6854 mD, dp=13.36 MPa | Sw=[0.141,0.638] | 839.8s
2026-02-19 11:43:21 - M5Trainer - INFO - [Step  3800/5000] Stage D | L=1.5670e+04 (IC=8.492e-02, BC=4.845e-02, PDE=1.010e+06, Qg=1.838e-01, Qz=1.066e-03, Sd=1.600e-01, SwB=0.000e+00) | k_frac=4.6851 mD, dp=13.37 MPa | Sw=[0.140,0.639] | 861.4s
2026-02-19 11:43:49 - M5Trainer - INFO - [Step  3900/5000] Stage D | L=1.3600e+04 (IC=1.143e-01, BC=6.206e-02, PDE=9.560e+05, Qg=1.755e-01, Qz=1.165e-03, Sd=1.661e-01, SwB=0.000e+00) | k_frac=4.6852 mD, dp=13.37 MPa | Sw=[0.141,0.666] | 889.0s
2026-02-19 11:44:12 - M5Trainer - INFO -   [Sw约束v9] Sw=[0.137, 0.312, 0.664], 权重=100, 惩罚=0.000000 (低=0.0000, 高=0.0000)
2026-02-19 11:44:13 - M5Trainer - INFO -   [Sw监控] SY9: Sw=[0.1391, 0.5568, 0.6640], krg_min=1.103404e-01
2026-02-19 11:44:13 - M5Trainer - INFO - [Step  4000/5000] Stage D | L=1.1265e+04 (IC=1.181e-01, BC=8.363e-02, PDE=8.741e+05, Qg=1.757e-01, Qz=1.181e-03, Sd=1.752e-01, SwB=0.000e+00) | k_frac=4.6858 mD, dp=13.38 MPa | Sw=[0.144,0.614] | 912.6s
2026-02-19 11:44:13 - M5Trainer - INFO -   [k_frac诊断] grad=-1.1384e-01, k_frac=4.685802 mD
2026-02-19 11:44:35 - M5Trainer - INFO - [Step  4100/5000] Stage D | L=9.8097e+03 (IC=1.456e-01, BC=6.905e-02, PDE=8.093e+05, Qg=1.735e-01, Qz=1.196e-03, Sd=1.818e-01, SwB=0.000e+00) | k_frac=4.6863 mD, dp=13.38 MPa | Sw=[0.137,0.613] | 935.1s
2026-02-19 11:44:57 - M5Trainer - INFO - [Step  4200/5000] Stage D | L=1.1264e+04 (IC=7.824e-02, BC=6.303e-02, PDE=8.410e+05, Qg=1.740e-01, Qz=1.266e-03, Sd=1.809e-01, SwB=0.000e+00) | k_frac=4.6865 mD, dp=13.38 MPa | Sw=[0.138,0.643] | 957.3s
2026-02-19 11:45:20 - M5Trainer - INFO - [Step  4300/5000] Stage D | L=9.6168e+03 (IC=9.526e-02, BC=6.208e-02, PDE=7.753e+05, Qg=1.766e-01, Qz=1.286e-03, Sd=1.869e-01, SwB=0.000e+00) | k_frac=4.6870 mD, dp=13.39 MPa | Sw=[0.137,0.646] | 979.7s
2026-02-19 11:45:42 - M5Trainer - INFO - [Step  4400/5000] Stage D | L=1.0607e+04 (IC=1.460e-01, BC=5.370e-02, PDE=8.412e+05, Qg=1.732e-01, Qz=1.255e-03, Sd=1.901e-01, SwB=0.000e+00) | k_frac=4.6870 mD, dp=13.39 MPa | Sw=[0.136,0.628] | 1002.0s
2026-02-19 11:46:04 - M5Trainer - INFO -   [Sw约束v9] Sw=[0.136, 0.317, 0.667], 权重=100, 惩罚=0.000000 (低=0.0000, 高=0.0000)
2026-02-19 11:46:05 - M5Trainer - INFO -   [Sw监控] SY9: Sw=[0.1389, 0.5601, 0.6687], krg_min=1.066169e-01
2026-02-19 11:46:05 - M5Trainer - INFO - [Step  4500/5000] Stage D | L=9.8730e+03 (IC=1.147e-01, BC=6.799e-02, PDE=8.018e+05, Qg=1.724e-01, Qz=1.238e-03, Sd=1.906e-01, SwB=0.000e+00) | k_frac=4.6874 mD, dp=13.39 MPa | Sw=[0.137,0.618] | 1024.7s
2026-02-19 11:46:05 - M5Trainer - INFO -   [k_frac诊断] grad=-2.2946e-01, k_frac=4.687434 mD
2026-02-19 11:46:28 - M5Trainer - INFO - [Step  4600/5000] Stage D | L=1.1063e+04 (IC=1.073e-01, BC=8.465e-02, PDE=8.652e+05, Qg=1.708e-01, Qz=1.241e-03, Sd=1.941e-01, SwB=0.000e+00) | k_frac=4.6880 mD, dp=13.39 MPa | Sw=[0.142,0.635] | 1047.7s
2026-02-19 11:46:50 - M5Trainer - INFO - [Step  4700/5000] Stage D | L=8.6327e+03 (IC=1.163e-01, BC=9.668e-02, PDE=7.558e+05, Qg=1.710e-01, Qz=1.259e-03, Sd=1.938e-01, SwB=0.000e+00) | k_frac=4.6881 mD, dp=13.39 MPa | Sw=[0.137,0.624] | 1069.6s
2026-02-19 11:47:12 - M5Trainer - INFO - [Step  4800/5000] Stage D | L=9.1198e+03 (IC=9.454e-02, BC=8.323e-02, PDE=7.612e+05, Qg=1.698e-01, Qz=1.253e-03, Sd=1.947e-01, SwB=0.000e+00) | k_frac=4.6882 mD, dp=13.39 MPa | Sw=[0.140,0.635] | 1092.5s
2026-02-19 11:47:35 - M5Trainer - INFO - [Step  4900/5000] Stage D | L=8.2059e+03 (IC=1.168e-01, BC=9.570e-02, PDE=7.296e+05, Qg=1.689e-01, Qz=1.254e-03, Sd=1.950e-01, SwB=0.000e+00) | k_frac=4.6883 mD, dp=13.39 MPa | Sw=[0.141,0.654] | 1114.6s
2026-02-19 11:47:57 - M5Trainer - INFO - [Step  4999/5000] Stage D | L=9.5705e+03 (IC=1.064e-01, BC=8.599e-02, PDE=7.870e+05, Qg=1.689e-01, Qz=1.254e-03, Sd=1.950e-01, SwB=0.000e+00) | k_frac=4.6883 mD, dp=13.39 MPa | Sw=[0.136,0.652] | 1136.8s
2026-02-19 11:47:57 - M5Trainer - INFO - 
M5 训练完成! 耗时: 1136.8s, 最佳验证分数(val_score): 18.7165
2026-02-19 11:47:57 - M5Trainer - INFO - 配置快照已保存: C:\Users\16281\Desktop\cpedc_project\outputs\mk_pinn_dt_v2\M6_ablation\pinn_const_k\resolved_config_m5.json
2026-02-19 11:47:57 - M5Trainer - INFO - 反演参数审计: C:\Users\16281\Desktop\cpedc_project\outputs\mk_pinn_dt_v2\M6_ablation\pinn_const_k\reports\M5_inversion_params.json
2026-02-19 11:47:59 - M5Trainer - INFO -   torch.compile 已跳过 (Triton 不支持 Windows, 使用 eager 模式)
2026-02-19 11:47:59 - M5Trainer - INFO - k_frac 独立参数组: lr=3.00e-03 (factor=3.0)
2026-02-19 11:47:59 - M5Trainer - INFO - k_net 学习率: 1.00e-04 (factor=0.1, warmup=2000 steps)
2026-02-19 11:47:59 - M5Trainer - INFO -   井 SY9: 1332 条同化数据 (train=799, val=266, test=267)
    开井点数 (q>1): train=745, val=88, test=121
    有效压力点: val_p=109, test_p=121
2026-02-19 11:47:59 - M5Trainer - INFO -   train time window(norm): [0.0000, 0.5995]
2026-02-19 11:47:59 - M5Trainer - INFO -   M3 PVT cg(76.0, 140.32) = 0.009744
2026-02-19 11:47:59 - M5Trainer - INFO -   M3 PVT Bg(76.0, 140.32) = 0.002577
2026-02-19 11:47:59 - M5Trainer - INFO -   PDE 缩放: αx=0.029719, αy=0.074361
2026-02-19 11:47:59 - M5Trainer - INFO - M5Trainer 初始化完成: device=cuda, lr=0.001, max_steps=5000, relobralo=True, rar=True
2026-02-19 11:47:59 - M5Trainer - INFO - ============================================================
2026-02-19 11:47:59 - M5Trainer - INFO - M5 PINN 井—藏耦合同化训练开始
2026-02-19 11:47:59 - M5Trainer - INFO - ============================================================
2026-02-19 11:47:59 - M5Trainer - INFO - 训练阶段: A[0-500] B[500-1750] C[1750-3500] D[3500-5000]
2026-02-19 11:47:59 - M5Trainer - INFO -   qg_nearzero 权重: A=3.0, B=6.0->9.0, C=12.0, D=3.0, enable=True
2026-02-19 11:47:59 - M5Trainer - INFO - --- M5 单位/量纲诊断 (train 第 1 步前) ---
2026-02-19 11:47:59 - M5Trainer - INFO -   qg_obs 范围: 0.00e+00 ~ 8.39e+05 m³/d, 均值: 2.97e+05 m³/d
2026-02-19 11:47:59 - M5Trainer - INFO -   qg_pred 范围: 3.90e+05 ~ 3.99e+05
2026-02-19 11:47:59 - M5Trainer - INFO -   p_wf 范围: 7.43e+01 ~ 7.43e+01 MPa
2026-02-19 11:47:59 - M5Trainer - INFO -   p_field @ well: 7.50e+01 MPa
2026-02-19 11:47:59 - M5Trainer - INFO -   k_frac = 5.4020 mD
2026-02-19 11:47:59 - M5Trainer - INFO -   WI_raw = 4.309845e-13 [检查单位]
2026-02-19 11:47:59 - M5Trainer - INFO -   dp_wellbore = 12.00 MPa
2026-02-19 11:47:59 - M5Trainer - INFO -   Bg_ref = 2.576898e-03
2026-02-19 11:47:59 - M5Trainer - INFO -   qg_obs 范围: 0.00e+00 ~ 8.39e+05 m³/d
2026-02-19 11:47:59 - M5Trainer - INFO -   qg_obs 中位数 = 3.07e+05 m³/d
2026-02-19 11:47:59 - M5Trainer - INFO -   ✅ v9: PDE源项已升级为时变 source(x,y,t) = qg_obs(t) * kernel(x,y)
2026-02-19 11:47:59 - M5Trainer - INFO -   ✅ 每个PDE配点使用其时刻对应的真实观测产量（线性插值）
2026-02-19 11:47:59 - M5Trainer - INFO - --- 诊断结束 ---
2026-02-19 11:47:59 - M5Trainer - INFO -   [shape] SY9: qg pred=(1332, 1) vs obs=(1332, 1), p_wf pred=(1332, 1) vs p_obs=(1332, 1)
2026-02-19 11:47:59 - M5Trainer - INFO -   [Sw约束v9] Sw=[0.260, 0.260, 0.260], 权重=500, 惩罚=0.000000 (低=0.0000, 高=0.0000)
2026-02-19 11:47:59 - M5Trainer - INFO -   ✅ k_frac_mD.grad = -6.792066e-03 (PDE梯度贯通)
2026-02-19 11:47:59 - M5Trainer - INFO -   ✅ k_net: 18 组参数收到梯度
2026-02-19 11:47:59 - M5Trainer - INFO -   [梯度验收] SY9: qg_obs range=[0.0, 838700.0]
2026-02-19 11:47:59 - M5Trainer - INFO -   [Sw监控] SY9: Sw=[0.2600, 0.2600, 0.2600], krg_min=6.751000e-01
2026-02-19 11:47:59 - M5Trainer - INFO - [Step     0/5000] Stage A | L=9.7059e+02 (IC=1.000e+00, BC=1.000e+00, PDE=1.611e+06, Qg=2.959e-01, Qz=1.259e-01, Sd=3.631e-01, SwB=0.000e+00) | k_frac=5.4022 mD, dp=12.00 MPa | Sw=[0.260,0.260] | 0.4s
2026-02-19 11:47:59 - M5Trainer - INFO -   [k_frac诊断] grad=-6.7921e-03, k_frac=5.402157 mD
2026-02-19 11:48:30 - M5Trainer - INFO - [Step   100/5000] Stage A | L=5.0613e+02 (IC=8.161e-03, BC=1.060e-02, PDE=1.988e+06, Qg=2.709e-01, Qz=1.267e-01, Sd=6.542e-01, SwB=0.000e+00) | k_frac=5.3985 mD, dp=12.02 MPa | Sw=[0.240,0.286] | 31.1s
2026-02-19 11:49:01 - M5Trainer - INFO -   [梯度验收] SY9: qg_obs range=[0.0, 838700.0]
2026-02-19 11:49:01 - M5Trainer - INFO - [Step   200/5000] Stage A | L=2.3189e+02 (IC=2.976e-02, BC=2.312e-02, PDE=1.738e+06, Qg=3.737e-01, Qz=4.386e-02, Sd=1.010e+01, SwB=0.000e+00) | k_frac=5.1857 mD, dp=12.06 MPa | Sw=[0.151,0.647] | 61.8s
2026-02-19 11:49:32 - M5Trainer - INFO - [Step   300/5000] Stage A | L=4.9437e+02 (IC=7.677e-02, BC=6.033e-02, PDE=1.921e+06, Qg=2.437e-01, Qz=5.937e-02, Sd=1.197e+01, SwB=0.000e+00) | k_frac=5.0639 mD, dp=12.07 MPa | Sw=[0.176,0.485] | 93.1s
2026-02-19 11:50:03 - M5Trainer - INFO -   [梯度验收] SY9: qg_obs range=[0.0, 838700.0]
2026-02-19 11:50:03 - M5Trainer - INFO - [Step   400/5000] Stage A | L=5.8288e+02 (IC=5.100e-02, BC=5.651e-02, PDE=1.873e+06, Qg=2.186e-01, Qz=4.555e-02, Sd=1.969e+01, SwB=0.000e+00) | k_frac=4.9994 mD, dp=12.08 MPa | Sw=[0.160,0.523] | 124.2s
2026-02-19 11:50:33 - M5Trainer - INFO -   [Sw约束v9] Sw=[0.149, 0.289, 0.745], 权重=300, 惩罚=0.000000 (低=0.0000, 高=0.0000)
2026-02-19 11:50:34 - M5Trainer - INFO -   [Sw监控] SY9: Sw=[0.1613, 0.5466, 0.7473], krg_min=5.347541e-02
2026-02-19 11:50:34 - M5Trainer - INFO - [Step   500/5000] Stage B | L=2.3821e+03 (IC=8.683e-02, BC=9.045e-02, PDE=1.582e+06, Qg=2.072e-01, Qz=3.686e-02, Sd=2.273e+01, SwB=0.000e+00) | k_frac=4.9448 mD, dp=12.09 MPa | Sw=[0.152,0.613] | 154.8s
2026-02-19 11:50:34 - M5Trainer - INFO -   [k_frac诊断] grad=-1.9582e-01, k_frac=4.944751 mD
2026-02-19 11:51:05 - M5Trainer - INFO -   [梯度验收] SY9: qg_obs range=[0.0, 838700.0]
2026-02-19 11:51:05 - M5Trainer - INFO - [Step   600/5000] Stage B | L=2.7539e+03 (IC=1.031e-01, BC=1.237e-01, PDE=1.562e+06, Qg=2.173e-01, Qz=1.012e-02, Sd=4.753e-01, SwB=0.000e+00) | k_frac=4.8843 mD, dp=12.19 MPa | Sw=[0.186,0.501] | 185.8s
2026-02-19 11:51:36 - M5Trainer - INFO - [Step   700/5000] Stage B | L=4.3143e+03 (IC=1.032e-01, BC=1.353e-01, PDE=1.877e+06, Qg=2.372e-01, Qz=4.779e-03, Sd=3.974e-01, SwB=0.000e+00) | k_frac=4.7985 mD, dp=12.25 MPa | Sw=[0.167,0.475] | 217.0s
2026-02-19 11:52:11 - M5Trainer - INFO -   [梯度验收] SY9: qg_obs range=[0.0, 838700.0]
2026-02-19 11:52:11 - M5Trainer - INFO - [Step   800/5000] Stage B | L=3.7091e+03 (IC=5.589e-02, BC=4.870e-02, PDE=1.706e+06, Qg=2.146e-01, Qz=3.433e-03, Sd=3.037e-01, SwB=0.000e+00) | k_frac=4.7293 mD, dp=12.30 MPa | Sw=[0.151,0.511] | 252.2s
2026-02-19 11:52:50 - M5Trainer - INFO - [Step   900/5000] Stage B | L=2.7071e+03 (IC=3.143e-01, BC=3.065e-01, PDE=1.452e+06, Qg=2.132e-01, Qz=4.837e-03, Sd=2.476e-01, SwB=0.000e+00) | k_frac=4.6652 mD, dp=12.35 MPa | Sw=[0.157,0.516] | 291.6s
2026-02-19 11:53:26 - M5Trainer - INFO -   [Sw约束v9] Sw=[0.147, 0.281, 0.586], 权重=300, 惩罚=0.000000 (低=0.0000, 高=0.0000)
2026-02-19 11:53:27 - M5Trainer - INFO -   [梯度验收] SY9: qg_obs range=[0.0, 838700.0]
2026-02-19 11:53:27 - M5Trainer - INFO -   [Sw监控] SY9: Sw=[0.1548, 0.4599, 0.6011], krg_min=1.668126e-01
2026-02-19 11:53:27 - M5Trainer - INFO - [Step  1000/5000] Stage B | L=2.9533e+03 (IC=4.026e-02, BC=2.761e-02, PDE=1.347e+06, Qg=2.410e-01, Qz=7.243e-03, Sd=2.508e-01, SwB=0.000e+00) | k_frac=4.6240 mD, dp=12.40 MPa | Sw=[0.157,0.565] | 327.8s
2026-02-19 11:53:27 - M5Trainer - INFO -   [k_frac诊断] grad=3.2934e-01, k_frac=4.623993 mD
2026-02-19 11:54:01 - M5Trainer - INFO - [Step  1100/5000] Stage B | L=3.6159e+03 (IC=3.029e-01, BC=2.816e-01, PDE=1.570e+06, Qg=2.044e-01, Qz=3.717e-03, Sd=2.014e-01, SwB=0.000e+00) | k_frac=4.5555 mD, dp=12.45 MPa | Sw=[0.149,0.571] | 361.9s
2026-02-19 11:54:33 - M5Trainer - INFO -   [梯度验收] SY9: qg_obs range=[0.0, 838700.0]
2026-02-19 11:54:33 - M5Trainer - INFO - [Step  1200/5000] Stage B | L=4.7910e+03 (IC=1.187e-01, BC=6.545e-02, PDE=1.772e+06, Qg=2.369e-01, Qz=9.644e-03, Sd=2.367e-01, SwB=0.000e+00) | k_frac=4.5103 mD, dp=12.50 MPa | Sw=[0.149,0.553] | 393.9s
2026-02-19 11:55:05 - M5Trainer - INFO - [Step  1300/5000] Stage B | L=4.0585e+03 (IC=1.204e-01, BC=1.206e-01, PDE=1.429e+06, Qg=2.176e-01, Qz=9.938e-03, Sd=2.196e-01, SwB=0.000e+00) | k_frac=4.4657 mD, dp=12.56 MPa | Sw=[0.153,0.595] | 425.7s
2026-02-19 11:55:35 - M5Trainer - INFO -   [梯度验收] SY9: qg_obs range=[0.0, 838700.0]
2026-02-19 11:55:35 - M5Trainer - INFO - [Step  1400/5000] Stage B | L=4.4805e+03 (IC=4.859e-02, BC=4.842e-02, PDE=1.472e+06, Qg=2.367e-01, Qz=3.711e-03, Sd=2.415e-01, SwB=0.000e+00) | k_frac=4.4227 mD, dp=12.61 MPa | Sw=[0.142,0.549] | 456.5s
2026-02-19 11:56:07 - M5Trainer - INFO -   [Sw约束v9] Sw=[0.144, 0.288, 0.609], 权重=300, 惩罚=0.000000 (低=0.0000, 高=0.0000)
2026-02-19 11:56:07 - M5Trainer - INFO -   [Sw监控] SY9: Sw=[0.3211, 0.5007, 0.6077], krg_min=1.602585e-01
2026-02-19 11:56:07 - M5Trainer - INFO - [Step  1500/5000] Stage B | L=4.3749e+03 (IC=9.265e-02, BC=8.892e-02, PDE=1.447e+06, Qg=2.156e-01, Qz=4.003e-03, Sd=2.024e-01, SwB=0.000e+00) | k_frac=4.3750 mD, dp=12.68 MPa | Sw=[0.148,0.588] | 488.0s
2026-02-19 11:56:07 - M5Trainer - INFO -   [k_frac诊断] grad=2.5507e-01, k_frac=4.374985 mD
2026-02-19 11:56:38 - M5Trainer - INFO -   [梯度验收] SY9: qg_obs range=[0.0, 838700.0]
2026-02-19 11:56:38 - M5Trainer - INFO - [Step  1600/5000] Stage B | L=4.8140e+03 (IC=4.051e-02, BC=7.149e-02, PDE=1.435e+06, Qg=1.989e-01, Qz=2.412e-03, Sd=1.876e-01, SwB=0.000e+00) | k_frac=4.3376 mD, dp=12.74 MPa | Sw=[0.145,0.587] | 519.2s
2026-02-19 11:57:09 - M5Trainer - INFO - [Step  1700/5000] Stage B | L=4.5771e+03 (IC=3.091e-02, BC=3.671e-02, PDE=1.373e+06, Qg=2.141e-01, Qz=2.500e-03, Sd=1.754e-01, SwB=0.000e+00) | k_frac=4.3130 mD, dp=12.81 MPa | Sw=[0.142,0.590] | 550.0s
2026-02-19 11:57:40 - M5Trainer - INFO -   [梯度验收] SY9: qg_obs range=[0.0, 838700.0]
2026-02-19 11:57:40 - M5Trainer - INFO - [Step  1800/5000] Stage C | L=2.4304e+04 (IC=1.764e-01, BC=1.295e-01, PDE=1.505e+06, Qg=2.053e-01, Qz=4.165e-03, Sd=1.614e-01, SwB=0.000e+00) | k_frac=4.2910 mD, dp=12.86 MPa | Sw=[0.151,0.565] | 581.2s
2026-02-19 11:58:12 - M5Trainer - INFO - [Step  1900/5000] Stage C | L=2.4053e+04 (IC=2.242e-01, BC=2.265e-01, PDE=1.580e+06, Qg=2.594e-01, Qz=2.141e-03, Sd=1.601e-01, SwB=0.000e+00) | k_frac=4.2441 mD, dp=12.91 MPa | Sw=[0.144,0.596] | 612.7s
2026-02-19 11:58:43 - M5Trainer - INFO -   [Sw约束v9] Sw=[0.137, 0.292, 0.649], 权重=200, 惩罚=0.000000 (低=0.0000, 高=0.0000)
2026-02-19 11:58:43 - M5Trainer - INFO -   [Sw监控] SY9: Sw=[0.1392, 0.5229, 0.6435], krg_min=1.274843e-01
2026-02-19 11:58:43 - M5Trainer - INFO - [Step  2000/5000] Stage C | L=2.3395e+04 (IC=3.245e-01, BC=2.787e-01, PDE=1.613e+06, Qg=3.717e-01, Qz=1.550e-03, Sd=1.150e-01, SwB=0.000e+00) | k_frac=4.1995 mD, dp=12.98 MPa | Sw=[0.139,0.627] | 644.3s
2026-02-19 11:58:43 - M5Trainer - INFO -   [k_frac诊断] grad=-2.9795e-01, k_frac=4.199544 mD
2026-02-19 11:59:15 - M5Trainer - INFO - [Step  2100/5000] Stage C | L=2.5357e+04 (IC=9.309e-02, BC=9.391e-02, PDE=1.337e+06, Qg=2.425e-01, Qz=3.767e-03, Sd=1.408e-01, SwB=0.000e+00) | k_frac=4.1811 mD, dp=13.03 MPa | Sw=[0.142,0.579] | 675.7s
2026-02-19 11:59:45 - M5Trainer - INFO - [Step  2200/5000] Stage C | L=3.1268e+04 (IC=5.645e-02, BC=9.280e-02, PDE=1.421e+06, Qg=2.147e-01, Qz=2.839e-03, Sd=1.305e-01, SwB=0.000e+00) | k_frac=4.1438 mD, dp=13.10 MPa | Sw=[0.140,0.579] | 706.2s
2026-02-19 12:00:16 - M5Trainer - INFO - [Step  2300/5000] Stage C | L=3.3047e+04 (IC=1.428e-01, BC=1.450e-01, PDE=1.531e+06, Qg=2.564e-01, Qz=1.036e-03, Sd=1.584e-01, SwB=0.000e+00) | k_frac=4.1339 mD, dp=13.16 MPa | Sw=[0.135,0.665] | 737.6s
2026-02-19 12:00:48 - M5Trainer - INFO - [Step  2400/5000] Stage C | L=3.0600e+04 (IC=1.098e-01, BC=1.224e-01, PDE=1.397e+06, Qg=2.179e-01, Qz=1.374e-03, Sd=2.074e-01, SwB=0.000e+00) | k_frac=4.1367 mD, dp=13.21 MPa | Sw=[0.135,0.638] | 768.8s
2026-02-19 12:01:19 - M5Trainer - INFO -   [Sw约束v9] Sw=[0.134, 0.257, 0.673], 权重=200, 惩罚=0.000000 (低=0.0000, 高=0.0000)
2026-02-19 12:01:19 - M5Trainer - INFO -   [Sw监控] SY9: Sw=[0.1367, 0.4768, 0.6719], krg_min=1.040526e-01
2026-02-19 12:01:19 - M5Trainer - INFO - [Step  2500/5000] Stage C | L=3.0702e+04 (IC=1.053e-01, BC=1.088e-01, PDE=1.325e+06, Qg=2.287e-01, Qz=1.327e-03, Sd=1.966e-01, SwB=0.000e+00) | k_frac=4.1174 mD, dp=13.27 MPa | Sw=[0.135,0.607] | 800.0s
2026-02-19 12:01:19 - M5Trainer - INFO -   [k_frac诊断] grad=-8.0041e-02, k_frac=4.117416 mD
2026-02-19 12:01:50 - M5Trainer - INFO - [Step  2600/5000] Stage C | L=2.8920e+04 (IC=1.756e-01, BC=2.029e-01, PDE=1.310e+06, Qg=1.908e-01, Qz=1.365e-03, Sd=1.446e-01, SwB=0.000e+00) | k_frac=4.0942 mD, dp=13.32 MPa | Sw=[0.136,0.552] | 830.8s
2026-02-19 12:02:21 - M5Trainer - INFO - [Step  2700/5000] Stage C | L=3.0090e+04 (IC=1.002e-01, BC=1.507e-01, PDE=1.288e+06, Qg=2.426e-01, Qz=7.510e-04, Sd=1.237e-01, SwB=0.000e+00) | k_frac=4.0822 mD, dp=13.37 MPa | Sw=[0.134,0.671] | 861.7s
2026-02-19 12:02:53 - M5Trainer - INFO - [Step  2800/5000] Stage C | L=2.9053e+04 (IC=1.227e-01, BC=1.324e-01, PDE=1.297e+06, Qg=2.311e-01, Qz=2.613e-03, Sd=2.075e-01, SwB=0.000e+00) | k_frac=4.0916 mD, dp=13.41 MPa | Sw=[0.138,0.587] | 893.7s
2026-02-19 12:03:29 - M5Trainer - INFO - [Step  2900/5000] Stage C | L=4.1714e+04 (IC=1.010e-01, BC=1.071e-01, PDE=1.476e+06, Qg=2.267e-01, Qz=1.913e-03, Sd=1.596e-01, SwB=0.000e+00) | k_frac=4.0868 mD, dp=13.46 MPa | Sw=[0.137,0.619] | 930.2s
2026-02-19 12:04:02 - M5Trainer - INFO -   [Sw约束v9] Sw=[0.135, 0.242, 0.652], 权重=200, 惩罚=0.000000 (低=0.0000, 高=0.0000)
2026-02-19 12:04:02 - M5Trainer - INFO -   [Sw监控] SY9: Sw=[0.1382, 0.4431, 0.6480], krg_min=1.236276e-01
2026-02-19 12:04:02 - M5Trainer - INFO - [Step  3000/5000] Stage C | L=3.0079e+04 (IC=9.382e-02, BC=1.062e-01, PDE=1.216e+06, Qg=2.329e-01, Qz=6.251e-03, Sd=1.747e-01, SwB=0.000e+00) | k_frac=4.0940 mD, dp=13.50 MPa | Sw=[0.137,0.604] | 963.4s
2026-02-19 12:04:02 - M5Trainer - INFO -   [k_frac诊断] grad=2.3067e-01, k_frac=4.093952 mD
2026-02-19 12:04:30 - M5Trainer - INFO - [Step  3100/5000] Stage C | L=2.8330e+04 (IC=8.698e-02, BC=9.077e-02, PDE=1.187e+06, Qg=2.216e-01, Qz=2.326e-03, Sd=2.078e-01, SwB=0.000e+00) | k_frac=4.0965 mD, dp=13.54 MPa | Sw=[0.133,0.607] | 991.2s
2026-02-19 12:04:57 - M5Trainer - INFO - [Step  3200/5000] Stage C | L=4.0004e+04 (IC=9.701e-02, BC=9.667e-02, PDE=1.325e+06, Qg=2.127e-01, Qz=1.764e-03, Sd=1.719e-01, SwB=0.000e+00) | k_frac=4.0946 mD, dp=13.58 MPa | Sw=[0.134,0.619] | 1018.6s
2026-02-19 12:05:27 - M5Trainer - INFO - [Step  3300/5000] Stage C | L=2.8780e+04 (IC=9.082e-02, BC=5.254e-02, PDE=1.062e+06, Qg=2.183e-01, Qz=1.959e-03, Sd=1.596e-01, SwB=0.000e+00) | k_frac=4.1040 mD, dp=13.60 MPa | Sw=[0.134,0.658] | 1047.7s
2026-02-19 12:05:56 - M5Trainer - INFO - [Step  3400/5000] Stage C | L=3.0385e+04 (IC=7.706e-02, BC=6.518e-02, PDE=1.079e+06, Qg=2.202e-01, Qz=1.743e-03, Sd=1.769e-01, SwB=0.000e+00) | k_frac=4.1103 mD, dp=13.62 MPa | Sw=[0.136,0.642] | 1077.3s
2026-02-19 12:06:24 - M5Trainer - INFO -   [Sw约束v9] Sw=[0.134, 0.231, 0.673], 权重=100, 惩罚=0.000000 (低=0.0000, 高=0.0000)
2026-02-19 12:06:24 - M5Trainer - INFO -   [Sw监控] SY9: Sw=[0.1365, 0.4318, 0.6676], krg_min=1.074486e-01
2026-02-19 12:06:24 - M5Trainer - INFO - [Step  3500/5000] Stage D | L=3.2278e+04 (IC=5.966e-02, BC=6.198e-02, PDE=1.093e+06, Qg=2.150e-01, Qz=1.374e-03, Sd=1.654e-01, SwB=0.000e+00) | k_frac=4.1176 mD, dp=13.64 MPa | Sw=[0.135,0.619] | 1105.1s
2026-02-19 12:06:24 - M5Trainer - INFO -   [k_frac诊断] grad=2.4225e-01, k_frac=4.117591 mD
2026-02-19 12:06:52 - M5Trainer - INFO - [Step  3600/5000] Stage D | L=2.8726e+04 (IC=7.624e-02, BC=8.113e-02, PDE=1.043e+06, Qg=1.976e-01, Qz=1.284e-03, Sd=1.645e-01, SwB=0.000e+00) | k_frac=4.1183 mD, dp=13.65 MPa | Sw=[0.136,0.625] | 1132.8s
2026-02-19 12:07:20 - M5Trainer - INFO - [Step  3700/5000] Stage D | L=3.3062e+04 (IC=7.816e-02, BC=6.975e-02, PDE=1.150e+06, Qg=1.989e-01, Qz=1.202e-03, Sd=1.952e-01, SwB=0.000e+00) | k_frac=4.1232 mD, dp=13.65 MPa | Sw=[0.134,0.676] | 1161.5s
2026-02-19 12:07:51 - M5Trainer - INFO - [Step  3800/5000] Stage D | L=3.7705e+04 (IC=8.235e-02, BC=7.885e-02, PDE=1.262e+06, Qg=1.969e-01, Qz=1.087e-03, Sd=2.003e-01, SwB=0.000e+00) | k_frac=4.1235 mD, dp=13.66 MPa | Sw=[0.134,0.600] | 1192.2s
2026-02-19 12:08:19 - M5Trainer - INFO - [Step  3900/5000] Stage D | L=3.4082e+04 (IC=9.211e-02, BC=6.834e-02, PDE=1.198e+06, Qg=1.928e-01, Qz=1.018e-03, Sd=2.082e-01, SwB=0.000e+00) | k_frac=4.1250 mD, dp=13.66 MPa | Sw=[0.133,0.686] | 1220.2s
2026-02-19 12:08:46 - M5Trainer - INFO -   [Sw约束v9] Sw=[0.133, 0.240, 0.693], 权重=100, 惩罚=0.000000 (低=0.0000, 高=0.0000)
2026-02-19 12:08:47 - M5Trainer - INFO -   [Sw监控] SY9: Sw=[0.1341, 0.4580, 0.6860], krg_min=9.335380e-02
2026-02-19 12:08:47 - M5Trainer - INFO - [Step  4000/5000] Stage D | L=2.9701e+04 (IC=7.963e-02, BC=7.886e-02, PDE=1.102e+06, Qg=1.968e-01, Qz=9.210e-04, Sd=2.030e-01, SwB=0.000e+00) | k_frac=4.1255 mD, dp=13.67 MPa | Sw=[0.133,0.680] | 1247.8s
2026-02-19 12:08:47 - M5Trainer - INFO -   [k_frac诊断] grad=-2.6211e-01, k_frac=4.125533 mD
2026-02-19 12:09:18 - M5Trainer - INFO - [Step  4100/5000] Stage D | L=2.4280e+04 (IC=1.141e-01, BC=6.271e-02, PDE=9.914e+05, Qg=1.943e-01, Qz=9.116e-04, Sd=2.111e-01, SwB=0.000e+00) | k_frac=4.1267 mD, dp=13.67 MPa | Sw=[0.133,0.655] | 1278.6s
2026-02-19 12:09:45 - M5Trainer - INFO - [Step  4200/5000] Stage D | L=2.7011e+04 (IC=7.428e-02, BC=5.284e-02, PDE=1.032e+06, Qg=1.961e-01, Qz=8.954e-04, Sd=2.130e-01, SwB=0.000e+00) | k_frac=4.1274 mD, dp=13.67 MPa | Sw=[0.132,0.681] | 1306.5s
2026-02-19 12:10:09 - M5Trainer - INFO - [Step  4300/5000] Stage D | L=2.1575e+04 (IC=7.772e-02, BC=6.420e-02, PDE=9.345e+05, Qg=1.971e-01, Qz=8.724e-04, Sd=2.168e-01, SwB=0.000e+00) | k_frac=4.1281 mD, dp=13.67 MPa | Sw=[0.133,0.692] | 1330.2s
2026-02-19 12:10:32 - M5Trainer - INFO - [Step  4400/5000] Stage D | L=2.5755e+04 (IC=8.386e-02, BC=7.084e-02, PDE=1.042e+06, Qg=1.940e-01, Qz=8.612e-04, Sd=2.171e-01, SwB=0.000e+00) | k_frac=4.1284 mD, dp=13.67 MPa | Sw=[0.133,0.653] | 1352.9s
2026-02-19 12:10:54 - M5Trainer - INFO -   [Sw约束v9] Sw=[0.132, 0.241, 0.704], 权重=100, 惩罚=0.000000 (低=0.0000, 高=0.0000)
2026-02-19 12:10:55 - M5Trainer - INFO -   [Sw监控] SY9: Sw=[0.1339, 0.4657, 0.6916], krg_min=8.924603e-02
2026-02-19 12:10:55 - M5Trainer - INFO - [Step  4500/5000] Stage D | L=2.2714e+04 (IC=8.068e-02, BC=8.219e-02, PDE=9.752e+05, Qg=1.950e-01, Qz=8.519e-04, Sd=2.180e-01, SwB=0.000e+00) | k_frac=4.1285 mD, dp=13.67 MPa | Sw=[0.133,0.678] | 1375.7s
2026-02-19 12:10:55 - M5Trainer - INFO -   [k_frac诊断] grad=-1.5942e-01, k_frac=4.128547 mD
2026-02-19 12:11:18 - M5Trainer - INFO - [Step  4600/5000] Stage D | L=2.5000e+04 (IC=8.821e-02, BC=9.285e-02, PDE=1.056e+06, Qg=1.954e-01, Qz=8.635e-04, Sd=2.177e-01, SwB=0.000e+00) | k_frac=4.1287 mD, dp=13.67 MPa | Sw=[0.133,0.689] | 1398.7s
2026-02-19 12:11:40 - M5Trainer - INFO - [Step  4700/5000] Stage D | L=2.0043e+04 (IC=8.052e-02, BC=8.882e-02, PDE=9.166e+05, Qg=1.950e-01, Qz=8.622e-04, Sd=2.178e-01, SwB=0.000e+00) | k_frac=4.1286 mD, dp=13.67 MPa | Sw=[0.133,0.694] | 1421.4s
2026-02-19 12:12:03 - M5Trainer - INFO - [Step  4800/5000] Stage D | L=2.1040e+04 (IC=7.353e-02, BC=7.841e-02, PDE=9.281e+05, Qg=1.945e-01, Qz=8.578e-04, Sd=2.165e-01, SwB=0.000e+00) | k_frac=4.1286 mD, dp=13.67 MPa | Sw=[0.133,0.678] | 1444.4s
2026-02-19 12:12:26 - M5Trainer - INFO - [Step  4900/5000] Stage D | L=1.9094e+04 (IC=8.148e-02, BC=7.744e-02, PDE=8.796e+05, Qg=1.940e-01, Qz=8.591e-04, Sd=2.161e-01, SwB=0.000e+00) | k_frac=4.1286 mD, dp=13.67 MPa | Sw=[0.133,0.703] | 1467.4s
2026-02-19 12:12:49 - M5Trainer - INFO - [Step  4999/5000] Stage D | L=2.1960e+04 (IC=8.315e-02, BC=8.605e-02, PDE=9.608e+05, Qg=1.936e-01, Qz=8.595e-04, Sd=2.164e-01, SwB=0.000e+00) | k_frac=4.1286 mD, dp=13.67 MPa | Sw=[0.133,0.693] | 1490.0s
2026-02-19 12:12:49 - M5Trainer - INFO - 
M5 训练完成! 耗时: 1490.0s, 最佳验证分数(val_score): 17.5722
2026-02-19 12:12:49 - M5Trainer - INFO - 配置快照已保存: C:\Users\16281\Desktop\cpedc_project\outputs\mk_pinn_dt_v2\M6_ablation\pinn_knet\resolved_config_m5.json
2026-02-19 12:12:49 - M5Trainer - INFO - 反演参数审计: C:\Users\16281\Desktop\cpedc_project\outputs\mk_pinn_dt_v2\M6_ablation\pinn_knet\reports\M5_inversion_params.json
