2026-02-17 02:01:07 - M5Trainer - INFO -   torch.compile 已跳过 (Triton 不支持 Windows, 使用 eager 模式)
2026-02-17 02:01:07 - M5Trainer - INFO - k_frac 独立参数组: lr=5.00e-03 (factor=5.0)
2026-02-17 02:01:08 - M5Trainer - INFO - k_net 学习率: 1.00e-04 (factor=0.1, warmup=2000 steps)
2026-02-17 02:01:08 - M5Trainer - INFO -   井 SY9: 1332 条同化数据 (train=799, val=133, test=400)
    开井点数 (q>1): train=745, val=88, test=121
    有效压力点: val_p=109, test_p=121
2026-02-17 02:01:08 - M5Trainer - INFO -   M3 PVT cg(76.0, 140.32) = 0.009744
2026-02-17 02:01:08 - M5Trainer - INFO -   M3 PVT Bg(76.0, 140.32) = 0.002577
2026-02-17 02:01:08 - M5Trainer - INFO -   PDE 缩放: αx=0.029719, αy=0.074361
2026-02-17 02:01:08 - M5Trainer - INFO - M5Trainer 初始化完成: device=cuda, lr=0.001, max_steps=5000, relobralo=True, rar=True
2026-02-17 02:01:08 - M5Trainer - INFO - ============================================================
2026-02-17 02:01:08 - M5Trainer - INFO - M5 PINN 井—藏耦合同化训练开始
2026-02-17 02:01:08 - M5Trainer - INFO - ============================================================
2026-02-17 02:01:08 - M5Trainer - INFO - 训练阶段: A[0-500] B[500-1750] C[1750-3500] D[3500-5000]
2026-02-17 02:01:08 - M5Trainer - INFO - --- M5 单位/量纲诊断 (train 第 1 步前) ---
2026-02-17 02:01:08 - M5Trainer - INFO -   qg_obs 范围: 0.00e+00 ~ 8.39e+05 m³/d, 均值: 2.97e+05 m³/d
2026-02-17 02:01:08 - M5Trainer - INFO -   qg_pred 范围: 3.86e+05 ~ 3.95e+05
2026-02-17 02:01:08 - M5Trainer - INFO -   p_wf 范围: 7.43e+01 ~ 7.43e+01 MPa
2026-02-17 02:01:08 - M5Trainer - INFO -   p_field @ well: 7.50e+01 MPa
2026-02-17 02:01:08 - M5Trainer - INFO -   k_frac = 5.4020 mD
2026-02-17 02:01:08 - M5Trainer - INFO -   WI_raw = 4.309845e-13 [检查单位]
2026-02-17 02:01:08 - M5Trainer - INFO -   dp_wellbore = 12.00 MPa
2026-02-17 02:01:08 - M5Trainer - INFO -   Bg_ref = 2.576898e-03
2026-02-17 02:01:08 - M5Trainer - INFO -   qg_obs 范围: 0.00e+00 ~ 8.39e+05 m³/d
2026-02-17 02:01:08 - M5Trainer - INFO -   qg_obs 中位数 = 3.07e+05 m³/d
2026-02-17 02:01:08 - M5Trainer - INFO -   ✅ v9: PDE源项已升级为时变 source(x,y,t) = qg_obs(t) * kernel(x,y)
2026-02-17 02:01:08 - M5Trainer - INFO -   ✅ 每个PDE配点使用其时刻对应的真实观测产量（线性插值）
2026-02-17 02:01:08 - M5Trainer - INFO - --- 诊断结束 ---
2026-02-17 02:01:08 - M5Trainer - INFO -   [shape] SY9: qg pred=(1332, 1) vs obs=(1332, 1), p_wf pred=(1332, 1) vs p_obs=(1332, 1)
2026-02-17 02:01:08 - M5Trainer - INFO -   [Sw约束v9] Sw=[0.260, 0.260, 0.260], 权重=500, 惩罚=0.000000 (低=0.0000, 高=0.0000)
2026-02-17 02:01:08 - M5Trainer - INFO -   ✅ k_frac_mD.grad = 3.193920e-02 (PDE梯度贯通)
2026-02-17 02:01:08 - M5Trainer - INFO -   ✅ k_net: 18 组参数收到梯度
2026-02-17 02:01:08 - M5Trainer - INFO -   [梯度验收] SY9: qg_obs range=[0.0, 838700.0]
2026-02-17 02:01:08 - M5Trainer - INFO -   [Sw监控] SY9: Sw=[0.2600, 0.2600, 0.2600], krg_min=6.751000e-01
2026-02-17 02:01:08 - M5Trainer - INFO -   [best更新] val_score=64.7318 (step 0)
2026-02-17 02:01:08 - M5Trainer - INFO - [Step     0/5000] Stage A | L=8.2369e+02 (IC=1.000e+00, BC=1.000e+00, PDE=1.611e+06, Qg=4.560e-01, Qz=1.542e+01, SwB=0.000e+00) | k_frac=5.4017 mD, dp=12.00 MPa | Sw=[0.260,0.260] | 0.7s
2026-02-17 02:01:08 - M5Trainer - INFO -   [k_frac诊断] grad=3.1939e-02, k_frac=5.401737 mD
2026-02-17 02:01:21 - M5Trainer - INFO - [Step   100/5000] Stage A | L=3.2178e+02 (IC=6.988e-03, BC=6.989e-03, PDE=1.987e+06, Qg=5.615e-01, Qz=2.770e+00, SwB=0.000e+00) | k_frac=5.2610 mD, dp=12.02 MPa | Sw=[0.217,0.377] | 13.4s
2026-02-17 02:01:33 - M5Trainer - INFO -   [梯度验收] SY9: qg_obs range=[0.0, 838700.0]
2026-02-17 02:01:34 - M5Trainer - INFO - [Step   200/5000] Stage A | L=2.7524e+02 (IC=4.638e-02, BC=2.750e-02, PDE=1.739e+06, Qg=4.256e-01, Qz=1.436e+00, SwB=0.000e+00) | k_frac=5.0319 mD, dp=12.05 MPa | Sw=[0.153,0.801] | 25.9s
2026-02-17 02:01:46 - M5Trainer - INFO - [Step   300/5000] Stage A | L=3.7322e+02 (IC=1.011e-01, BC=5.892e-02, PDE=1.922e+06, Qg=3.719e-01, Qz=3.659e+00, SwB=0.000e+00) | k_frac=4.9919 mD, dp=12.05 MPa | Sw=[0.158,0.723] | 38.5s
2026-02-17 02:01:58 - M5Trainer - INFO -   [梯度验收] SY9: qg_obs range=[0.0, 838700.0]
2026-02-17 02:01:58 - M5Trainer - INFO - [Step   400/5000] Stage A | L=3.6121e+02 (IC=6.306e-02, BC=7.306e-02, PDE=1.875e+06, Qg=3.735e-01, Qz=2.779e+00, SwB=0.000e+00) | k_frac=4.9590 mD, dp=12.05 MPa | Sw=[0.147,0.668] | 50.9s
2026-02-17 02:02:11 - M5Trainer - INFO -   [Sw约束v9] Sw=[0.140, 0.322, 0.850], 权重=300, 惩罚=0.000000 (低=0.0000, 高=0.0000)
2026-02-17 02:02:11 - M5Trainer - INFO -   [Sw监控] SY9: Sw=[0.6426, 0.7158, 0.8496], krg_min=1.156758e-02
2026-02-17 02:02:11 - M5Trainer - INFO - [Step   500/5000] Stage B | L=1.1795e+03 (IC=4.618e-02, BC=3.783e-02, PDE=1.410e+06, Qg=3.778e-01, Qz=2.993e+00, SwB=0.000e+00) | k_frac=4.9281 mD, dp=12.05 MPa | Sw=[0.153,0.677] | 63.2s
2026-02-17 02:02:11 - M5Trainer - INFO -   [k_frac诊断] grad=2.1112e-01, k_frac=4.928086 mD
2026-02-17 02:02:23 - M5Trainer - INFO -   [梯度验收] SY9: qg_obs range=[0.0, 838700.0]
2026-02-17 02:02:23 - M5Trainer - INFO - [Step   600/5000] Stage B | L=1.2173e+03 (IC=8.484e-02, BC=8.112e-02, PDE=1.387e+06, Qg=4.012e-01, Qz=3.105e+00, SwB=0.000e+00) | k_frac=4.8857 mD, dp=12.05 MPa | Sw=[0.137,0.844] | 75.9s
2026-02-17 02:02:36 - M5Trainer - INFO - [Step   700/5000] Stage B | L=1.7127e+03 (IC=1.048e-01, BC=6.465e-02, PDE=1.631e+06, Qg=3.895e-01, Qz=3.187e+00, SwB=0.000e+00) | k_frac=4.8565 mD, dp=12.05 MPa | Sw=[0.141,0.715] | 88.4s
2026-02-17 02:02:49 - M5Trainer - INFO -   [梯度验收] SY9: qg_obs range=[0.0, 838700.0]
2026-02-17 02:02:49 - M5Trainer - INFO - [Step   800/5000] Stage B | L=1.5018e+03 (IC=2.180e-01, BC=1.298e-01, PDE=1.505e+06, Qg=3.888e-01, Qz=3.707e+00, SwB=0.000e+00) | k_frac=4.8080 mD, dp=12.06 MPa | Sw=[0.132,0.738] | 101.0s
2026-02-17 02:03:01 - M5Trainer - INFO - [Step   900/5000] Stage B | L=1.4005e+03 (IC=8.737e-02, BC=6.089e-02, PDE=1.298e+06, Qg=3.891e-01, Qz=2.534e+00, SwB=1.842e-09) | k_frac=4.7653 mD, dp=12.06 MPa | Sw=[0.128,0.715] | 113.6s
2026-02-17 02:03:14 - M5Trainer - INFO -   [Sw约束v9] Sw=[0.123, 0.428, 0.854], 权重=300, 惩罚=0.000000 (低=0.0000, 高=0.0000)
2026-02-17 02:03:14 - M5Trainer - INFO -   [梯度验收] SY9: qg_obs range=[0.0, 838700.0]
2026-02-17 02:03:14 - M5Trainer - INFO -   [Sw监控] SY9: Sw=[0.6370, 0.7375, 0.8542], krg_min=1.041959e-02
2026-02-17 02:03:14 - M5Trainer - INFO - [Step  1000/5000] Stage B | L=1.5167e+03 (IC=2.294e-01, BC=1.137e-01, PDE=1.232e+06, Qg=4.256e-01, Qz=1.648e+00, SwB=5.542e-08) | k_frac=4.6801 mD, dp=12.07 MPa | Sw=[0.129,0.777] | 126.1s
2026-02-17 02:03:14 - M5Trainer - INFO -   [k_frac诊断] grad=6.5309e-02, k_frac=4.680142 mD
2026-02-17 02:03:26 - M5Trainer - INFO - [Step  1100/5000] Stage B | L=1.8967e+03 (IC=1.850e-01, BC=1.510e-01, PDE=1.422e+06, Qg=4.210e-01, Qz=3.735e+00, SwB=6.977e-09) | k_frac=4.6305 mD, dp=12.07 MPa | Sw=[0.136,0.671] | 138.8s
2026-02-17 02:03:39 - M5Trainer - INFO -   [梯度验收] SY9: qg_obs range=[0.0, 838700.0]
2026-02-17 02:03:39 - M5Trainer - INFO - [Step  1200/5000] Stage B | L=2.2731e+03 (IC=1.203e-01, BC=3.914e-02, PDE=1.593e+06, Qg=3.817e-01, Qz=2.358e+00, SwB=0.000e+00) | k_frac=4.5549 mD, dp=12.08 MPa | Sw=[0.124,0.834] | 151.6s
2026-02-17 02:03:52 - M5Trainer - INFO - [Step  1300/5000] Stage B | L=1.7454e+03 (IC=1.283e-01, BC=4.326e-02, PDE=1.294e+06, Qg=4.101e-01, Qz=1.382e+00, SwB=6.409e-07) | k_frac=4.4795 mD, dp=12.08 MPa | Sw=[0.123,0.859] | 164.6s
2026-02-17 02:04:05 - M5Trainer - INFO -   [梯度验收] SY9: qg_obs range=[0.0, 838700.0]
2026-02-17 02:04:05 - M5Trainer - INFO - [Step  1400/5000] Stage B | L=1.9530e+03 (IC=1.407e-01, BC=4.408e-02, PDE=1.338e+06, Qg=4.330e-01, Qz=1.274e+00, SwB=2.432e-07) | k_frac=4.4157 mD, dp=12.09 MPa | Sw=[0.124,0.805] | 177.7s
2026-02-17 02:04:18 - M5Trainer - INFO -   [Sw约束v9] Sw=[0.123, 0.265, 0.862], 权重=300, 惩罚=0.000000 (低=0.0000, 高=0.0000)
2026-02-17 02:04:18 - M5Trainer - INFO -   [Sw监控] SY9: Sw=[0.6404, 0.7328, 0.8621], krg_min=8.554072e-03
2026-02-17 02:04:18 - M5Trainer - INFO - [Step  1500/5000] Stage B | L=1.7028e+03 (IC=2.360e-01, BC=1.893e-01, PDE=1.304e+06, Qg=3.732e-01, Qz=2.219e+00, SwB=4.571e-07) | k_frac=4.3794 mD, dp=12.09 MPa | Sw=[0.125,0.768] | 190.7s
2026-02-17 02:04:18 - M5Trainer - INFO -   [k_frac诊断] grad=-1.6158e-01, k_frac=4.379353 mD
2026-02-17 02:04:31 - M5Trainer - INFO -   [梯度验收] SY9: qg_obs range=[0.0, 838700.0]
2026-02-17 02:04:31 - M5Trainer - INFO - [Step  1600/5000] Stage B | L=1.8336e+03 (IC=1.965e-01, BC=1.353e-01, PDE=1.295e+06, Qg=4.014e-01, Qz=2.192e+00, SwB=2.725e-07) | k_frac=4.3415 mD, dp=12.10 MPa | Sw=[0.124,0.707] | 203.9s
2026-02-17 02:04:45 - M5Trainer - INFO - [Step  1700/5000] Stage B | L=1.8788e+03 (IC=1.991e-01, BC=9.199e-02, PDE=1.244e+06, Qg=3.885e-01, Qz=1.288e+00, SwB=1.027e-07) | k_frac=4.2927 mD, dp=12.11 MPa | Sw=[0.125,0.742] | 217.1s
2026-02-17 02:04:58 - M5Trainer - INFO -   [梯度验收] SY9: qg_obs range=[0.0, 838700.0]
2026-02-17 02:04:58 - M5Trainer - INFO - [Step  1800/5000] Stage C | L=1.1052e+04 (IC=2.044e-01, BC=9.847e-02, PDE=1.352e+06, Qg=4.005e-01, Qz=3.092e+00, SwB=4.932e-08) | k_frac=4.2118 mD, dp=12.12 MPa | Sw=[0.122,0.828] | 230.2s
2026-02-17 02:05:11 - M5Trainer - INFO - [Step  1900/5000] Stage C | L=1.1842e+04 (IC=1.701e-01, BC=9.295e-02, PDE=1.412e+06, Qg=3.710e-01, Qz=2.675e+00, SwB=4.634e-07) | k_frac=4.1297 mD, dp=12.14 MPa | Sw=[0.122,0.860] | 243.3s
2026-02-17 02:05:24 - M5Trainer - INFO -   [Sw约束v9] Sw=[0.121, 0.296, 0.865], 权重=200, 惩罚=0.000000 (低=0.0000, 高=0.0000)
2026-02-17 02:05:24 - M5Trainer - INFO -   [Sw监控] SY9: Sw=[0.6200, 0.7264, 0.8651], krg_min=7.913172e-03
2026-02-17 02:05:24 - M5Trainer - INFO - [Step  2000/5000] Stage C | L=1.3487e+04 (IC=1.460e-01, BC=5.822e-02, PDE=1.382e+06, Qg=3.937e-01, Qz=1.872e+00, SwB=4.232e-07) | k_frac=4.0914 mD, dp=12.15 MPa | Sw=[0.122,0.775] | 256.7s
2026-02-17 02:05:24 - M5Trainer - INFO -   [k_frac诊断] grad=-2.0462e-01, k_frac=4.091389 mD
2026-02-17 02:05:38 - M5Trainer - INFO - [Step  2100/5000] Stage C | L=1.0083e+04 (IC=1.973e-01, BC=9.647e-02, PDE=1.180e+06, Qg=4.181e-01, Qz=3.019e+00, SwB=2.152e-07) | k_frac=4.0679 mD, dp=12.17 MPa | Sw=[0.128,0.731] | 270.6s
2026-02-17 02:05:52 - M5Trainer - INFO - [Step  2200/5000] Stage C | L=1.3382e+04 (IC=2.017e-01, BC=8.000e-02, PDE=1.240e+06, Qg=3.642e-01, Qz=2.781e+00, SwB=2.265e-07) | k_frac=4.0323 mD, dp=12.18 MPa | Sw=[0.125,0.731] | 284.4s
2026-02-17 02:06:05 - M5Trainer - INFO - [Step  2300/5000] Stage C | L=1.4440e+04 (IC=2.590e-01, BC=4.873e-02, PDE=1.323e+06, Qg=3.992e-01, Qz=1.156e+00, SwB=1.068e-06) | k_frac=3.9800 mD, dp=12.20 MPa | Sw=[0.122,0.862] | 297.8s
2026-02-17 02:06:19 - M5Trainer - INFO - [Step  2400/5000] Stage C | L=1.2472e+04 (IC=2.796e-01, BC=7.376e-02, PDE=1.225e+06, Qg=3.640e-01, Qz=1.838e+00, SwB=5.173e-07) | k_frac=3.9431 mD, dp=12.22 MPa | Sw=[0.122,0.670] | 311.3s
2026-02-17 02:06:32 - M5Trainer - INFO -   [Sw约束v9] Sw=[0.122, 0.271, 0.865], 权重=200, 惩罚=0.000001 (低=0.0000, 高=0.0000)
2026-02-17 02:06:32 - M5Trainer - INFO -   [Sw监控] SY9: Sw=[0.5264, 0.7051, 0.8647], krg_min=7.989998e-03
2026-02-17 02:06:32 - M5Trainer - INFO - [Step  2500/5000] Stage C | L=1.2967e+04 (IC=1.497e-01, BC=4.268e-02, PDE=1.176e+06, Qg=3.557e-01, Qz=2.166e+00, SwB=8.581e-07) | k_frac=3.9143 mD, dp=12.23 MPa | Sw=[0.124,0.792] | 324.8s
2026-02-17 02:06:32 - M5Trainer - INFO -   [k_frac诊断] grad=-1.1262e-01, k_frac=3.914347 mD
2026-02-17 02:06:46 - M5Trainer - INFO - [Step  2600/5000] Stage C | L=1.2375e+04 (IC=2.081e-01, BC=5.158e-02, PDE=1.170e+06, Qg=3.728e-01, Qz=2.579e+00, SwB=8.864e-07) | k_frac=3.8770 mD, dp=12.25 MPa | Sw=[0.125,0.750] | 338.6s
2026-02-17 02:07:00 - M5Trainer - INFO - [Step  2700/5000] Stage C | L=1.3313e+04 (IC=1.469e-01, BC=4.305e-02, PDE=1.154e+06, Qg=3.653e-01, Qz=2.078e+00, SwB=8.303e-07) | k_frac=3.8651 mD, dp=12.27 MPa | Sw=[0.123,0.750] | 352.5s
2026-02-17 02:07:14 - M5Trainer - INFO - [Step  2800/5000] Stage C | L=1.3229e+04 (IC=2.063e-01, BC=5.373e-02, PDE=1.155e+06, Qg=3.699e-01, Qz=1.883e+00, SwB=6.983e-07) | k_frac=3.8401 mD, dp=12.28 MPa | Sw=[0.124,0.864] | 366.4s
2026-02-17 02:07:28 - M5Trainer - INFO - [Step  2900/5000] Stage C | L=1.6262e+04 (IC=2.062e-01, BC=6.903e-02, PDE=1.287e+06, Qg=3.694e-01, Qz=1.851e+00, SwB=1.044e-06) | k_frac=3.8128 mD, dp=12.30 MPa | Sw=[0.123,0.866] | 380.2s
2026-02-17 02:07:42 - M5Trainer - INFO -   [Sw约束v9] Sw=[0.122, 0.259, 0.867], 权重=200, 惩罚=0.000001 (低=0.0000, 高=0.0000)
2026-02-17 02:07:42 - M5Trainer - INFO -   [Sw监控] SY9: Sw=[0.4512, 0.6976, 0.8673], krg_min=7.446251e-03
2026-02-17 02:07:42 - M5Trainer - INFO - [Step  3000/5000] Stage C | L=1.2691e+04 (IC=2.232e-01, BC=4.142e-02, PDE=1.081e+06, Qg=3.474e-01, Qz=2.062e+00, SwB=6.873e-07) | k_frac=3.7895 mD, dp=12.31 MPa | Sw=[0.123,0.663] | 394.4s
2026-02-17 02:07:42 - M5Trainer - INFO -   [k_frac诊断] grad=2.1328e-01, k_frac=3.789463 mD
2026-02-17 02:07:56 - M5Trainer - INFO - [Step  3100/5000] Stage C | L=1.2414e+04 (IC=2.009e-01, BC=7.399e-02, PDE=1.059e+06, Qg=3.638e-01, Qz=2.057e+00, SwB=8.727e-07) | k_frac=3.7768 mD, dp=12.33 MPa | Sw=[0.124,0.762] | 408.9s
2026-02-17 02:08:11 - M5Trainer - INFO - [Step  3200/5000] Stage C | L=1.5309e+04 (IC=1.356e-01, BC=6.190e-02, PDE=1.161e+06, Qg=3.512e-01, Qz=2.105e+00, SwB=1.104e-06) | k_frac=3.7576 mD, dp=12.35 MPa | Sw=[0.134,0.714] | 423.9s
2026-02-17 02:08:26 - M5Trainer - INFO - [Step  3300/5000] Stage C | L=1.1785e+04 (IC=1.770e-01, BC=5.189e-02, PDE=9.777e+05, Qg=3.735e-01, Qz=2.275e+00, SwB=1.384e-06) | k_frac=3.7476 mD, dp=12.36 MPa | Sw=[0.128,0.767] | 438.0s
2026-02-17 02:08:40 - M5Trainer - INFO - [Step  3400/5000] Stage C | L=1.2564e+04 (IC=2.016e-01, BC=4.708e-02, PDE=1.000e+06, Qg=3.585e-01, Qz=1.834e+00, SwB=7.564e-07) | k_frac=3.7298 mD, dp=12.37 MPa | Sw=[0.123,0.648] | 452.2s
2026-02-17 02:08:54 - M5Trainer - INFO -   [Sw约束v9] Sw=[0.122, 0.274, 0.869], 权重=100, 惩罚=0.000001 (低=0.0000, 高=0.0000)
2026-02-17 02:08:54 - M5Trainer - INFO -   [Sw监控] SY9: Sw=[0.5723, 0.6990, 0.8690], krg_min=7.093962e-03
2026-02-17 02:08:54 - M5Trainer - INFO - [Step  3500/5000] Stage D | L=1.2383e+04 (IC=1.743e-01, BC=6.412e-02, PDE=9.775e+05, Qg=3.481e-01, Qz=1.901e+00, SwB=8.595e-07) | k_frac=3.7250 mD, dp=12.39 MPa | Sw=[0.123,0.832] | 466.5s
2026-02-17 02:08:54 - M5Trainer - INFO -   [k_frac诊断] grad=1.7366e-01, k_frac=3.725026 mD
2026-02-17 02:09:09 - M5Trainer - INFO - [Step  3600/5000] Stage D | L=1.1798e+04 (IC=2.011e-01, BC=4.688e-02, PDE=9.355e+05, Qg=3.396e-01, Qz=1.655e+00, SwB=1.652e-06) | k_frac=3.7226 mD, dp=12.39 MPa | Sw=[0.131,0.734] | 481.1s
2026-02-17 02:09:23 - M5Trainer - INFO - [Step  3700/5000] Stage D | L=1.3259e+04 (IC=1.778e-01, BC=5.483e-02, PDE=1.004e+06, Qg=3.321e-01, Qz=1.896e+00, SwB=1.198e-06) | k_frac=3.7228 mD, dp=12.39 MPa | Sw=[0.134,0.733] | 495.8s
2026-02-17 02:09:38 - M5Trainer - INFO - [Step  3800/5000] Stage D | L=1.4989e+04 (IC=1.735e-01, BC=6.854e-02, PDE=1.089e+06, Qg=3.394e-01, Qz=1.656e+00, SwB=8.871e-07) | k_frac=3.7190 mD, dp=12.40 MPa | Sw=[0.123,0.729] | 510.4s
2026-02-17 02:09:53 - M5Trainer - INFO - [Step  3900/5000] Stage D | L=1.3919e+04 (IC=2.119e-01, BC=6.839e-02, PDE=1.057e+06, Qg=3.480e-01, Qz=1.641e+00, SwB=1.060e-06) | k_frac=3.7148 mD, dp=12.40 MPa | Sw=[0.131,0.870] | 525.0s
2026-02-17 02:10:07 - M5Trainer - INFO -   [Sw约束v9] Sw=[0.123, 0.260, 0.870], 权重=100, 惩罚=0.000001 (低=0.0000, 高=0.0000)
2026-02-17 02:10:07 - M5Trainer - INFO -   [Sw监控] SY9: Sw=[0.3642, 0.6985, 0.8698], krg_min=6.920352e-03
2026-02-17 02:10:07 - M5Trainer - INFO - [Step  4000/5000] Stage D | L=1.1911e+04 (IC=2.039e-01, BC=7.771e-02, PDE=9.731e+05, Qg=3.305e-01, Qz=1.782e+00, SwB=1.006e-06) | k_frac=3.7175 mD, dp=12.40 MPa | Sw=[0.139,0.708] | 539.5s
2026-02-17 02:10:07 - M5Trainer - INFO -   [k_frac诊断] grad=1.3013e-01, k_frac=3.717458 mD
2026-02-17 02:10:22 - M5Trainer - INFO - [Step  4100/5000] Stage D | L=9.7448e+03 (IC=2.624e-01, BC=8.116e-02, PDE=8.818e+05, Qg=3.350e-01, Qz=1.814e+00, SwB=1.341e-06) | k_frac=3.7150 mD, dp=12.40 MPa | Sw=[0.132,0.693] | 554.3s
2026-02-17 02:10:37 - M5Trainer - INFO - [Step  4200/5000] Stage D | L=1.0648e+04 (IC=1.575e-01, BC=8.926e-02, PDE=8.991e+05, Qg=3.375e-01, Qz=1.638e+00, SwB=1.868e-06) | k_frac=3.7145 mD, dp=12.41 MPa | Sw=[0.137,0.870] | 569.2s
2026-02-17 02:10:52 - M5Trainer - INFO - [Step  4300/5000] Stage D | L=9.2903e+03 (IC=1.912e-01, BC=7.560e-02, PDE=8.298e+05, Qg=3.242e-01, Qz=1.784e+00, SwB=1.764e-06) | k_frac=3.7162 mD, dp=12.41 MPa | Sw=[0.137,0.727] | 584.1s
2026-02-17 02:11:07 - M5Trainer - INFO - [Step  4400/5000] Stage D | L=1.0446e+04 (IC=2.763e-01, BC=8.540e-02, PDE=9.159e+05, Qg=3.287e-01, Qz=1.759e+00, SwB=1.328e-06) | k_frac=3.7158 mD, dp=12.41 MPa | Sw=[0.132,0.831] | 599.0s
2026-02-17 02:11:21 - M5Trainer - INFO -   [Sw约束v9] Sw=[0.123, 0.261, 0.870], 权重=100, 惩罚=0.000001 (低=0.0000, 高=0.0000)
2026-02-17 02:11:21 - M5Trainer - INFO -   [Sw监控] SY9: Sw=[0.2620, 0.7010, 0.8705], krg_min=6.799967e-03
2026-02-17 02:11:22 - M5Trainer - INFO - [Step  4500/5000] Stage D | L=9.3347e+03 (IC=2.446e-01, BC=9.953e-02, PDE=8.564e+05, Qg=3.232e-01, Qz=1.769e+00, SwB=9.885e-07) | k_frac=3.7159 mD, dp=12.41 MPa | Sw=[0.130,0.748] | 613.9s
2026-02-17 02:11:22 - M5Trainer - INFO -   [k_frac诊断] grad=-1.3838e-01, k_frac=3.715874 mD
2026-02-17 02:11:37 - M5Trainer - INFO - [Step  4600/5000] Stage D | L=1.0467e+04 (IC=2.116e-01, BC=9.495e-02, PDE=9.027e+05, Qg=3.260e-01, Qz=1.768e+00, SwB=1.187e-06) | k_frac=3.7156 mD, dp=12.41 MPa | Sw=[0.129,0.731] | 629.3s
2026-02-17 02:11:52 - M5Trainer - INFO - [Step  4700/5000] Stage D | L=8.7189e+03 (IC=2.379e-01, BC=9.520e-02, PDE=8.142e+05, Qg=3.228e-01, Qz=1.773e+00, SwB=1.590e-06) | k_frac=3.7156 mD, dp=12.41 MPa | Sw=[0.134,0.858] | 644.7s
2026-02-17 02:12:08 - M5Trainer - INFO - [Step  4800/5000] Stage D | L=9.6248e+03 (IC=1.551e-01, BC=8.561e-02, PDE=8.339e+05, Qg=3.214e-01, Qz=1.774e+00, SwB=1.619e-06) | k_frac=3.7156 mD, dp=12.41 MPa | Sw=[0.125,0.867] | 660.0s
2026-02-17 02:12:23 - M5Trainer - INFO - [Step  4900/5000] Stage D | L=8.1785e+03 (IC=2.414e-01, BC=1.081e-01, PDE=7.862e+05, Qg=3.205e-01, Qz=1.771e+00, SwB=1.423e-06) | k_frac=3.7155 mD, dp=12.41 MPa | Sw=[0.127,0.753] | 675.5s
2026-02-17 02:12:39 - M5Trainer - INFO - [Step  4999/5000] Stage D | L=9.6993e+03 (IC=1.766e-01, BC=1.074e-01, PDE=8.520e+05, Qg=3.207e-01, Qz=1.771e+00, SwB=1.246e-06) | k_frac=3.7155 mD, dp=12.41 MPa | Sw=[0.136,0.868] | 691.2s
2026-02-17 02:12:39 - M5Trainer - INFO - 
M5 训练完成! 耗时: 691.2s, 最佳验证分数(val_score): 51.4002
2026-02-17 02:12:39 - M5Trainer - INFO - 配置快照已保存: C:\Users\16281\Desktop\cpedc_project\outputs\mk_pinn_dt_v2\resolved_config_m5.json
2026-02-17 02:12:39 - M5Trainer - INFO - 反演参数审计: C:\Users\16281\Desktop\cpedc_project\outputs\mk_pinn_dt_v2\reports\M5_inversion_params.json
2026-02-17 02:12:39 - M5Trainer - INFO -   history 已恢复 (801 步)
2026-02-17 02:12:39 - M5Trainer - INFO -   best_step=800
2026-02-17 02:12:39 - M5Trainer - INFO - 已加载 M5 检查点: C:\Users\16281\Desktop\cpedc_project\outputs\mk_pinn_dt_v2\ckpt\m5_pinn_best.pt
2026-02-17 02:12:39 - M5Trainer - INFO - generate_report: 加载 best checkpoint from C:\Users\16281\Desktop\cpedc_project\outputs\mk_pinn_dt_v2\ckpt\m5_pinn_best.pt
2026-02-17 02:12:39 - M5Trainer - INFO -   history 已恢复 (801 步)
2026-02-17 02:12:39 - M5Trainer - INFO -   best_step=800
2026-02-17 02:12:39 - M5Trainer - INFO - 已加载 M5 检查点: C:\Users\16281\Desktop\cpedc_project\outputs\mk_pinn_dt_v2\ckpt\m5_pinn_best.pt
2026-02-17 02:12:39 - M5Trainer - INFO - 反演参数审计: C:\Users\16281\Desktop\cpedc_project\outputs\mk_pinn_dt_v2\reports\M5_inversion_params.json
2026-02-17 02:12:39 - M5Trainer - INFO - qg 对比图已保存: C:\Users\16281\Desktop\cpedc_project\outputs\mk_pinn_dt_v2\figs\M5_qg_comparison_SY9.png
2026-02-17 02:12:39 - M5Trainer - INFO - p_wf 反演图已保存: C:\Users\16281\Desktop\cpedc_project\outputs\mk_pinn_dt_v2\figs\M5_pwf_inversion_SY9.png
2026-02-17 02:12:40 - M5Trainer - INFO - 训练曲线图已保存: C:\Users\16281\Desktop\cpedc_project\outputs\mk_pinn_dt_v2\figs\M5_training_history.png
2026-02-17 02:12:40 - M5Trainer - INFO - 残差热力图已保存: C:\Users\16281\Desktop\cpedc_project\outputs\mk_pinn_dt_v2\figs\M5_pde_residual_map.png
2026-02-17 02:12:42 - M5Trainer - INFO - M6 连通性分析完成
2026-02-17 02:12:43 - M5Trainer - INFO - M7 水侵预警分析完成
2026-02-17 02:12:43 - M5Trainer - INFO -   history 已恢复 (5000 步)
2026-02-17 02:12:43 - M5Trainer - INFO - 已加载 M5 检查点: C:\Users\16281\Desktop\cpedc_project\outputs\mk_pinn_dt_v2\ckpt\m5_pinn_final.pt
2026-02-17 02:12:43 - M5Trainer - INFO -   history 已恢复 (801 步)
2026-02-17 02:12:43 - M5Trainer - INFO -   best_step=800
2026-02-17 02:12:43 - M5Trainer - INFO - 已加载 M5 检查点: C:\Users\16281\Desktop\cpedc_project\outputs\mk_pinn_dt_v2\ckpt\m5_pinn_best.pt
2026-02-17 02:12:43 - M5Trainer - INFO - M5 验收报告已保存: C:\Users\16281\Desktop\cpedc_project\outputs\mk_pinn_dt_v2\reports\M5_validation_report.md
