2026-02-09 23:49:25 - M5Trainer - INFO -   井 SY9: 1025 条同化数据
2026-02-09 23:49:25 - M5Trainer - INFO -   M3 PVT cg(76.0, 141.39) = 0.009744
2026-02-09 23:49:25 - M5Trainer - INFO -   M3 PVT Bg(76.0, 141.39) = 0.002577
2026-02-09 23:49:25 - M5Trainer - INFO -   PDE 缩放: αx=1.017765, αy=2.546600
2026-02-09 23:49:25 - M5Trainer - INFO - M5Trainer 初始化完成: device=cuda, lr=0.001, max_steps=8000, relobralo=True, rar=True
2026-02-09 23:49:25 - M5Trainer - INFO - ============================================================
2026-02-09 23:49:25 - M5Trainer - INFO - M5 PINN 井—藏耦合同化训练开始
2026-02-09 23:49:25 - M5Trainer - INFO - ============================================================
2026-02-09 23:49:25 - M5Trainer - INFO - 训练阶段: A[0-1600] B[1600-4000] C[4000-6400] D[6400-8000]
2026-02-09 23:49:25 - M5Trainer - INFO - [Step     0/8000] Stage A | L=2.3776e+02 (IC=1.834e+01, BC=1.087e+01, PDE=0.000e+00, Qg=2.601e+10) | k=5.00 mD, f=10.0 | Sw=[0.076,0.708] | 0.5s
2026-02-09 23:49:27 - M5Trainer - INFO - [Step   100/8000] Stage A | L=4.8889e-01 (IC=3.265e-02, BC=3.248e-02, PDE=0.000e+00, Qg=4.022e+10) | k=5.00 mD, f=10.0 | Sw=[0.034,0.339] | 2.1s
2026-02-09 23:49:28 - M5Trainer - INFO - [Step   200/8000] Stage A | L=9.0944e-05 (IC=1.267e-02, BC=1.130e-02, PDE=0.000e+00, Qg=3.955e+10) | k=5.00 mD, f=10.0 | Sw=[0.029,0.302] | 3.6s
2026-02-09 23:49:30 - M5Trainer - INFO - [Step   300/8000] Stage A | L=3.8697e-06 (IC=3.316e-03, BC=4.103e-04, PDE=0.000e+00, Qg=3.935e+10) | k=5.00 mD, f=10.0 | Sw=[0.023,0.282] | 5.2s
2026-02-09 23:49:31 - M5Trainer - INFO - [Step   400/8000] Stage A | L=1.1961e-04 (IC=6.940e-03, BC=1.700e-02, PDE=0.000e+00, Qg=4.063e+10) | k=5.00 mD, f=10.0 | Sw=[0.023,0.298] | 6.5s
2026-02-09 23:49:33 - M5Trainer - INFO - [Step   500/8000] Stage A | L=6.2824e-04 (IC=3.372e-02, BC=1.068e-02, PDE=0.000e+00, Qg=3.503e+10) | k=5.00 mD, f=10.0 | Sw=[0.040,0.316] | 7.9s
2026-02-09 23:49:34 - M5Trainer - INFO - [Step   600/8000] Stage A | L=8.1375e-06 (IC=2.651e-03, BC=2.741e-03, PDE=0.000e+00, Qg=3.499e+10) | k=5.00 mD, f=10.0 | Sw=[0.030,0.324] | 9.2s
2026-02-09 23:49:35 - M5Trainer - INFO - [Step   700/8000] Stage A | L=7.9181e-06 (IC=2.277e-03, BC=2.624e-03, PDE=0.000e+00, Qg=3.502e+10) | k=5.00 mD, f=10.0 | Sw=[0.026,0.305] | 10.5s
2026-02-09 23:49:37 - M5Trainer - INFO - [Step   800/8000] Stage A | L=9.6615e-06 (IC=1.940e-03, BC=3.022e-03, PDE=0.000e+00, Qg=3.515e+10) | k=5.00 mD, f=10.0 | Sw=[0.041,0.317] | 11.7s
2026-02-09 23:49:38 - M5Trainer - INFO - [Step   900/8000] Stage A | L=5.9111e-06 (IC=2.258e-03, BC=1.064e-03, PDE=0.000e+00, Qg=3.516e+10) | k=5.00 mD, f=10.0 | Sw=[0.030,0.310] | 13.0s
2026-02-09 23:49:39 - M5Trainer - INFO - [Step  1000/8000] Stage A | L=5.9892e-06 (IC=2.121e-03, BC=9.936e-04, PDE=0.000e+00, Qg=3.524e+10) | k=5.00 mD, f=10.0 | Sw=[0.036,0.299] | 14.3s
2026-02-09 23:49:40 - M5Trainer - INFO - [Step  1100/8000] Stage A | L=4.7052e-06 (IC=1.730e-03, BC=8.920e-04, PDE=0.000e+00, Qg=3.531e+10) | k=5.00 mD, f=10.0 | Sw=[0.036,0.297] | 15.5s
2026-02-09 23:49:42 - M5Trainer - INFO - [Step  1200/8000] Stage A | L=5.3635e-06 (IC=1.733e-03, BC=8.890e-04, PDE=0.000e+00, Qg=3.538e+10) | k=5.00 mD, f=10.0 | Sw=[0.022,0.308] | 16.8s
2026-02-09 23:49:43 - M5Trainer - INFO - [Step  1300/8000] Stage A | L=5.7781e-06 (IC=1.658e-03, BC=9.378e-04, PDE=0.000e+00, Qg=3.546e+10) | k=5.00 mD, f=10.0 | Sw=[0.019,0.313] | 18.1s
2026-02-09 23:49:44 - M5Trainer - INFO - [Step  1400/8000] Stage A | L=4.9911e-06 (IC=1.513e-03, BC=6.720e-04, PDE=0.000e+00, Qg=3.553e+10) | k=5.00 mD, f=10.0 | Sw=[0.035,0.309] | 19.4s
2026-02-09 23:49:46 - M5Trainer - INFO - [Step  1500/8000] Stage A | L=4.9047e-06 (IC=1.400e-03, BC=6.601e-04, PDE=0.000e+00, Qg=3.562e+10) | k=5.00 mD, f=10.0 | Sw=[0.030,0.306] | 20.8s
2026-02-09 23:49:47 - M5Trainer - INFO - [Step  1600/8000] Stage B | L=2.0362e+10 (IC=1.637e-03, BC=4.496e-04, PDE=0.000e+00, Qg=3.565e+10) | k=5.00 mD, f=10.0 | Sw=[0.078,0.531] | 22.0s
2026-02-09 23:49:51 - M5Trainer - INFO - [Step  1700/8000] Stage B | L=4.8614e-02 (IC=2.683e-01, BC=3.571e-02, PDE=2.375e+00, Qg=1.034e+04) | k=4.97 mD, f=10.0 | Sw=[0.200,0.997] | 26.6s
2026-02-09 23:49:56 - M5Trainer - INFO - [Step  1800/8000] Stage B | L=4.0860e-03 (IC=4.357e-02, BC=4.296e-03, PDE=2.579e+00, Qg=5.324e+03) | k=4.96 mD, f=10.0 | Sw=[0.257,0.994] | 31.0s
2026-02-09 23:50:00 - M5Trainer - INFO - [Step  1900/8000] Stage B | L=5.9789e-01 (IC=3.825e-01, BC=1.750e-01, PDE=2.722e+01, Qg=1.899e+02) | k=4.96 mD, f=10.0 | Sw=[0.380,0.995] | 35.5s
2026-02-09 23:50:05 - M5Trainer - INFO - [Step  2000/8000] Stage B | L=1.2907e-03 (IC=1.633e-02, BC=7.846e-04, PDE=7.701e-01, Qg=1.877e+03) | k=4.96 mD, f=10.0 | Sw=[0.289,0.997] | 40.2s
2026-02-09 23:50:10 - M5Trainer - INFO - [Step  2100/8000] Stage B | L=2.0148e-03 (IC=2.186e-02, BC=9.579e-04, PDE=3.237e-01, Qg=1.114e+03) | k=4.96 mD, f=10.0 | Sw=[0.290,0.997] | 45.3s
2026-02-09 23:50:16 - M5Trainer - INFO - [Step  2200/8000] Stage B | L=1.6456e-03 (IC=1.739e-02, BC=1.679e-04, PDE=2.438e-01, Qg=6.893e+02) | k=4.96 mD, f=10.0 | Sw=[0.304,0.998] | 50.9s
2026-02-09 23:50:20 - M5Trainer - INFO - [Step  2300/8000] Stage B | L=2.9091e-03 (IC=2.082e-02, BC=2.060e-04, PDE=2.420e-01, Qg=6.774e+02) | k=4.95 mD, f=10.0 | Sw=[0.289,0.998] | 55.3s
2026-02-09 23:50:25 - M5Trainer - INFO - [Step  2400/8000] Stage B | L=8.9595e-01 (IC=2.515e-01, BC=2.673e-01, PDE=5.849e-01, Qg=1.294e+02) | k=4.95 mD, f=10.0 | Sw=[0.236,0.995] | 59.7s
2026-02-09 23:50:29 - M5Trainer - INFO - [Step  2500/8000] Stage B | L=2.3307e-03 (IC=1.342e-02, BC=5.134e-04, PDE=4.782e-01, Qg=4.746e+02) | k=4.95 mD, f=9.9 | Sw=[0.278,0.996] | 64.0s
2026-02-09 23:50:33 - M5Trainer - INFO - [Step  2600/8000] Stage B | L=1.8960e-01 (IC=5.200e-02, BC=5.364e-03, PDE=5.988e+00, Qg=2.536e+01) | k=4.95 mD, f=9.9 | Sw=[0.374,0.996] | 68.4s
2026-02-09 23:50:38 - M5Trainer - INFO - [Step  2700/8000] Stage B | L=1.8851e-03 (IC=1.226e-02, BC=4.845e-05, PDE=1.723e-01, Qg=5.572e+02) | k=4.95 mD, f=9.9 | Sw=[0.328,0.997] | 72.7s
2026-02-09 23:50:42 - M5Trainer - INFO - [Step  2800/8000] Stage B | L=2.7389e-03 (IC=1.418e-02, BC=4.001e-04, PDE=1.735e-01, Qg=3.236e+02) | k=4.94 mD, f=9.9 | Sw=[0.298,0.997] | 77.0s
2026-02-09 23:50:46 - M5Trainer - INFO - [Step  2900/8000] Stage B | L=2.3207e-02 (IC=3.988e-02, BC=3.945e-03, PDE=3.786e-01, Qg=4.430e+01) | k=4.94 mD, f=9.9 | Sw=[0.493,0.996] | 81.4s
2026-02-09 23:50:51 - M5Trainer - INFO - [Step  3000/8000] Stage B | L=3.0872e-03 (IC=1.272e-02, BC=5.473e-04, PDE=2.186e-01, Qg=4.157e+02) | k=4.94 mD, f=9.9 | Sw=[0.392,0.996] | 85.8s
2026-02-09 23:50:55 - M5Trainer - INFO - [Step  3100/8000] Stage B | L=2.7675e-03 (IC=1.095e-02, BC=6.091e-05, PDE=2.090e-01, Qg=3.490e+02) | k=4.94 mD, f=9.9 | Sw=[0.423,0.996] | 90.3s
2026-02-09 23:51:00 - M5Trainer - INFO - [Step  3200/8000] Stage B | L=1.5406e-02 (IC=2.567e-02, BC=9.415e-03, PDE=2.626e-01, Qg=1.926e+02) | k=4.94 mD, f=9.9 | Sw=[0.514,0.995] | 95.0s
2026-02-09 23:51:05 - M5Trainer - INFO - [Step  3300/8000] Stage B | L=5.7057e-03 (IC=1.456e-02, BC=1.507e-04, PDE=2.058e-01, Qg=5.518e+02) | k=4.93 mD, f=9.9 | Sw=[0.421,0.993] | 99.6s
2026-02-09 23:51:09 - M5Trainer - INFO - [Step  3400/8000] Stage B | L=4.5414e-03 (IC=1.270e-02, BC=1.012e-03, PDE=1.744e-01, Qg=3.876e+02) | k=4.93 mD, f=9.9 | Sw=[0.477,0.993] | 104.4s
2026-02-09 23:51:14 - M5Trainer - INFO - [Step  3500/8000] Stage B | L=3.2660e-03 (IC=6.780e-03, BC=4.372e-04, PDE=2.926e-01, Qg=1.952e+02) | k=4.93 mD, f=9.9 | Sw=[0.281,0.994] | 109.2s
2026-02-09 23:51:19 - M5Trainer - INFO - [Step  3600/8000] Stage B | L=1.0833e-02 (IC=1.898e-02, BC=2.474e-05, PDE=1.456e-01, Qg=9.966e+00) | k=4.92 mD, f=9.9 | Sw=[0.290,0.994] | 113.9s
2026-02-09 23:51:23 - M5Trainer - INFO - [Step  3700/8000] Stage B | L=2.7419e-03 (IC=5.645e-03, BC=9.352e-04, PDE=1.986e-01, Qg=4.958e+02) | k=4.92 mD, f=9.9 | Sw=[0.462,0.990] | 118.5s
2026-02-09 23:51:28 - M5Trainer - INFO - [Step  3800/8000] Stage B | L=1.0582e-03 (IC=1.437e-03, BC=1.390e-05, PDE=1.555e-01, Qg=5.097e+00) | k=4.92 mD, f=9.9 | Sw=[0.366,0.989] | 123.3s
2026-02-09 23:51:33 - M5Trainer - INFO - [Step  3900/8000] Stage B | L=1.5010e-03 (IC=7.862e-04, BC=6.507e-05, PDE=1.716e-01, Qg=5.234e+00) | k=4.92 mD, f=9.9 | Sw=[0.648,0.989] | 128.0s
2026-02-09 23:51:38 - M5Trainer - INFO - [Step  4000/8000] Stage C | L=2.2305e-03 (IC=1.023e-03, BC=1.402e-05, PDE=1.897e-01, Qg=8.668e+00) | k=4.92 mD, f=9.9 | Sw=[0.313,0.988] | 132.7s
2026-02-09 23:51:42 - M5Trainer - INFO - [Step  4100/8000] Stage C | L=2.1789e-03 (IC=1.983e-03, BC=1.833e-05, PDE=1.662e-01, Qg=1.749e+01) | k=4.92 mD, f=9.9 | Sw=[0.424,0.988] | 137.4s
2026-02-09 23:51:47 - M5Trainer - INFO - [Step  4200/8000] Stage C | L=2.4352e-03 (IC=1.334e-03, BC=6.683e-06, PDE=1.635e-01, Qg=5.349e+00) | k=4.92 mD, f=9.9 | Sw=[0.386,0.987] | 142.1s
2026-02-09 23:51:52 - M5Trainer - INFO - [Step  4300/8000] Stage C | L=2.9490e-03 (IC=1.332e-03, BC=4.710e-06, PDE=1.651e-01, Qg=5.164e+00) | k=4.92 mD, f=9.9 | Sw=[0.426,0.987] | 146.8s
2026-02-09 23:51:57 - M5Trainer - INFO - [Step  4400/8000] Stage C | L=3.7457e-03 (IC=2.014e-03, BC=2.013e-06, PDE=1.743e-01, Qg=6.335e+00) | k=4.92 mD, f=9.9 | Sw=[0.341,0.983] | 151.6s
2026-02-09 23:52:01 - M5Trainer - INFO - [Step  4500/8000] Stage C | L=5.8126e-03 (IC=1.614e-03, BC=1.796e-05, PDE=2.022e-01, Qg=5.956e+00) | k=4.92 mD, f=9.9 | Sw=[0.457,0.982] | 156.4s
2026-02-09 23:52:06 - M5Trainer - INFO - [Step  4600/8000] Stage C | L=5.3209e-03 (IC=1.865e-03, BC=1.177e-05, PDE=1.767e-01, Qg=7.114e+00) | k=4.92 mD, f=9.9 | Sw=[0.323,0.975] | 161.1s
2026-02-09 23:52:11 - M5Trainer - INFO - [Step  4700/8000] Stage C | L=5.4782e-03 (IC=1.419e-03, BC=5.529e-06, PDE=1.669e-01, Qg=6.144e+00) | k=4.92 mD, f=9.9 | Sw=[0.351,0.960] | 166.0s
2026-02-09 23:52:16 - M5Trainer - INFO - [Step  4800/8000] Stage C | L=2.1154e-02 (IC=1.254e-02, BC=1.973e-03, PDE=2.081e-01, Qg=1.771e+02) | k=4.92 mD, f=9.9 | Sw=[0.390,0.812] | 170.9s
2026-02-09 23:52:21 - M5Trainer - INFO - [Step  4900/8000] Stage C | L=6.1890e-03 (IC=1.576e-03, BC=4.287e-06, PDE=1.714e-01, Qg=5.401e+00) | k=4.91 mD, f=9.9 | Sw=[0.322,0.971] | 175.8s
2026-02-09 23:52:25 - M5Trainer - INFO - [Step  5000/8000] Stage C | L=7.1183e-03 (IC=1.829e-03, BC=1.698e-06, PDE=1.673e-01, Qg=4.802e+00) | k=4.91 mD, f=9.9 | Sw=[0.505,0.958] | 180.6s
2026-02-09 23:52:30 - M5Trainer - INFO - [Step  5100/8000] Stage C | L=5.6804e-03 (IC=1.597e-03, BC=3.851e-06, PDE=1.369e-01, Qg=3.473e+00) | k=4.91 mD, f=9.9 | Sw=[0.354,0.894] | 185.1s
2026-02-09 23:52:35 - M5Trainer - INFO - [Step  5200/8000] Stage C | L=1.1971e-03 (IC=8.872e-04, BC=3.172e-06, PDE=5.662e-02, Qg=1.324e+01) | k=4.91 mD, f=9.9 | Sw=[0.248,0.612] | 190.2s
2026-02-09 23:52:40 - M5Trainer - INFO - [Step  5300/8000] Stage C | L=6.6678e-03 (IC=9.641e-04, BC=1.588e-06, PDE=1.426e-01, Qg=2.192e+01) | k=4.89 mD, f=9.9 | Sw=[0.358,0.865] | 195.2s
2026-02-09 23:52:45 - M5Trainer - INFO - [Step  5400/8000] Stage C | L=1.9508e-03 (IC=9.033e-04, BC=1.632e-06, PDE=6.901e-02, Qg=9.002e+00) | k=4.89 mD, f=9.9 | Sw=[0.272,0.624] | 199.8s
2026-02-09 23:52:50 - M5Trainer - INFO - [Step  5500/8000] Stage C | L=1.3902e+00 (IC=1.209e-02, BC=8.435e-03, PDE=8.797e-02, Qg=7.529e+03) | k=4.89 mD, f=9.9 | Sw=[0.356,0.701] | 205.2s
2026-02-09 23:52:56 - M5Trainer - INFO - [Step  5600/8000] Stage C | L=3.5359e-03 (IC=1.110e-03, BC=9.189e-06, PDE=8.701e-02, Qg=4.669e+00) | k=4.88 mD, f=9.9 | Sw=[0.264,0.709] | 210.9s
2026-02-09 23:53:01 - M5Trainer - INFO - [Step  5700/8000] Stage C | L=2.3154e-02 (IC=7.076e-03, BC=7.073e-03, PDE=1.289e-01, Qg=3.375e+02) | k=4.87 mD, f=9.9 | Sw=[0.279,0.845] | 215.9s
2026-02-09 23:53:06 - M5Trainer - INFO - [Step  5800/8000] Stage C | L=2.6267e-03 (IC=1.163e-03, BC=2.892e-06, PDE=6.539e-02, Qg=4.830e+00) | k=4.87 mD, f=9.9 | Sw=[0.243,0.653] | 221.0s
2026-02-09 23:53:11 - M5Trainer - INFO - [Step  5900/8000] Stage C | L=9.2220e-04 (IC=7.381e-04, BC=2.952e-06, PDE=3.447e-02, Qg=1.090e+01) | k=4.87 mD, f=9.9 | Sw=[0.227,0.505] | 226.2s
2026-02-09 23:53:16 - M5Trainer - INFO - [Step  6000/8000] Stage C | L=1.0946e-02 (IC=2.807e-03, BC=2.479e-04, PDE=7.364e-02, Qg=3.397e+02) | k=4.87 mD, f=9.9 | Sw=[0.307,0.703] | 231.5s
2026-02-09 23:53:22 - M5Trainer - INFO - [Step  6100/8000] Stage C | L=5.0529e-03 (IC=1.309e-03, BC=7.080e-06, PDE=7.479e-02, Qg=3.676e+00) | k=4.86 mD, f=9.9 | Sw=[0.280,0.718] | 236.9s
2026-02-09 23:53:27 - M5Trainer - INFO - [Step  6200/8000] Stage C | L=4.3304e-03 (IC=1.241e-03, BC=8.354e-06, PDE=6.417e-02, Qg=4.704e+00) | k=4.86 mD, f=9.9 | Sw=[0.275,0.696] | 242.3s
2026-02-09 23:53:33 - M5Trainer - INFO - [Step  6300/8000] Stage C | L=3.5898e-03 (IC=1.083e-03, BC=9.826e-06, PDE=5.428e-02, Qg=5.007e+00) | k=4.85 mD, f=9.8 | Sw=[0.260,0.660] | 247.8s
2026-02-09 23:53:38 - M5Trainer - INFO - [Step  6400/8000] Stage D | L=3.3216e-03 (IC=7.605e-04, BC=5.915e-06, PDE=5.017e-02, Qg=5.005e+00) | k=4.85 mD, f=9.8 | Sw=[0.249,0.623] | 253.1s
2026-02-09 23:53:43 - M5Trainer - INFO - [Step  6500/8000] Stage D | L=6.5605e-04 (IC=6.575e-04, BC=8.707e-06, PDE=1.902e-02, Qg=1.036e+01) | k=4.85 mD, f=9.8 | Sw=[0.217,0.466] | 258.4s
2026-02-09 23:53:49 - M5Trainer - INFO - [Step  6600/8000] Stage D | L=2.1469e+00 (IC=9.129e-04, BC=4.553e-04, PDE=1.394e-02, Qg=4.538e+03) | k=4.85 mD, f=9.8 | Sw=[0.219,0.419] | 263.6s
2026-02-09 23:53:54 - M5Trainer - INFO - [Step  6700/8000] Stage D | L=8.7074e-03 (IC=3.367e-03, BC=1.199e-04, PDE=3.130e-02, Qg=1.843e+02) | k=4.85 mD, f=9.8 | Sw=[0.283,0.577] | 268.9s
2026-02-09 23:53:59 - M5Trainer - INFO - [Step  6800/8000] Stage D | L=1.5712e-03 (IC=8.406e-04, BC=2.357e-06, PDE=2.319e-02, Qg=3.877e+01) | k=4.85 mD, f=9.8 | Sw=[0.253,0.527] | 274.4s
2026-02-09 23:54:05 - M5Trainer - INFO - [Step  6900/8000] Stage D | L=3.2208e-03 (IC=7.594e-04, BC=6.102e-05, PDE=2.132e-02, Qg=1.143e+02) | k=4.84 mD, f=9.8 | Sw=[0.255,0.505] | 279.8s
2026-02-09 23:54:10 - M5Trainer - INFO - [Step  7000/8000] Stage D | L=2.0698e-03 (IC=6.915e-04, BC=1.770e-05, PDE=2.655e-02, Qg=6.213e+00) | k=4.84 mD, f=9.8 | Sw=[0.259,0.528] | 284.9s
2026-02-09 23:54:15 - M5Trainer - INFO - [Step  7100/8000] Stage D | L=1.9597e-03 (IC=7.734e-04, BC=7.515e-06, PDE=2.377e-02, Qg=5.057e+00) | k=4.84 mD, f=9.8 | Sw=[0.254,0.528] | 289.9s
2026-02-09 23:54:21 - M5Trainer - INFO - [Step  7200/8000] Stage D | L=1.6414e-03 (IC=5.417e-04, BC=9.422e-06, PDE=2.100e-02, Qg=5.387e+00) | k=4.84 mD, f=9.8 | Sw=[0.248,0.504] | 295.7s
2026-02-09 23:54:26 - M5Trainer - INFO - [Step  7300/8000] Stage D | L=1.6511e-03 (IC=5.889e-04, BC=9.842e-06, PDE=1.956e-02, Qg=5.811e+00) | k=4.84 mD, f=9.8 | Sw=[0.244,0.489] | 300.8s
2026-02-09 23:54:31 - M5Trainer - INFO - [Step  7400/8000] Stage D | L=1.0532e-03 (IC=3.628e-04, BC=9.300e-06, PDE=1.485e-02, Qg=8.128e+00) | k=4.84 mD, f=9.8 | Sw=[0.233,0.440] | 305.9s
2026-02-09 23:54:36 - M5Trainer - INFO - [Step  7500/8000] Stage D | L=7.6251e-04 (IC=4.437e-04, BC=7.837e-06, PDE=1.098e-02, Qg=9.463e+00) | k=4.84 mD, f=9.8 | Sw=[0.224,0.416] | 311.1s
2026-02-09 23:54:41 - M5Trainer - INFO - [Step  7600/8000] Stage D | L=5.5703e-04 (IC=2.876e-04, BC=9.796e-06, PDE=8.980e-03, Qg=1.028e+01) | k=4.84 mD, f=9.8 | Sw=[0.224,0.391] | 316.1s
2026-02-09 23:54:46 - M5Trainer - INFO - [Step  7700/8000] Stage D | L=5.0113e-04 (IC=2.386e-04, BC=1.006e-05, PDE=7.980e-03, Qg=1.051e+01) | k=4.84 mD, f=9.8 | Sw=[0.223,0.380] | 321.2s
2026-02-09 23:54:51 - M5Trainer - INFO - [Step  7800/8000] Stage D | L=4.8941e-04 (IC=2.306e-04, BC=1.034e-05, PDE=7.331e-03, Qg=1.066e+01) | k=4.84 mD, f=9.8 | Sw=[0.223,0.378] | 326.4s
2026-02-09 23:54:56 - M5Trainer - INFO - [Step  7900/8000] Stage D | L=4.5584e-04 (IC=1.865e-04, BC=1.074e-05, PDE=6.676e-03, Qg=1.054e+01) | k=4.84 mD, f=9.8 | Sw=[0.224,0.366] | 331.1s
2026-02-09 23:55:01 - M5Trainer - INFO - [Step  7999/8000] Stage D | L=4.6715e-04 (IC=2.043e-04, BC=1.067e-05, PDE=6.251e-03, Qg=1.048e+01) | k=4.84 mD, f=9.8 | Sw=[0.225,0.363] | 336.0s
2026-02-09 23:55:01 - M5Trainer - INFO - 
M5 训练完成! 耗时: 336.0s, 最佳损失: 2.1404e-07
2026-02-09 23:55:01 - M5Trainer - INFO - 配置快照已保存: C:\Users\16281\Desktop\cpedc_project\outputs\mk_pinn_dt_v2\resolved_config_m5.json
2026-02-09 23:55:01 - M5Trainer - INFO - 反演参数审计: C:\Users\16281\Desktop\cpedc_project\outputs\mk_pinn_dt_v2\reports\M5_inversion_params.json
2026-02-09 23:55:01 - M5Trainer - INFO - qg 对比图已保存: C:\Users\16281\Desktop\cpedc_project\outputs\mk_pinn_dt_v2\figs\M5_qg_comparison_SY9.png
2026-02-09 23:55:01 - M5Trainer - INFO - p_wf 反演图已保存: C:\Users\16281\Desktop\cpedc_project\outputs\mk_pinn_dt_v2\figs\M5_pwf_inversion_SY9.png
2026-02-09 23:55:03 - M5Trainer - INFO - 训练曲线图已保存: C:\Users\16281\Desktop\cpedc_project\outputs\mk_pinn_dt_v2\figs\M5_training_history.png
2026-02-09 23:55:03 - M5Trainer - INFO - 残差热力图已保存: C:\Users\16281\Desktop\cpedc_project\outputs\mk_pinn_dt_v2\figs\M5_pde_residual_map.png
2026-02-09 23:55:03 - M5Trainer - INFO - M5 验收报告已保存: C:\Users\16281\Desktop\cpedc_project\outputs\mk_pinn_dt_v2\reports\M5_validation_report.md
