2026-02-13 12:50:14 - M5Trainer - INFO -   torch.compile 已跳过 (Triton 不支持 Windows, 使用 eager 模式)
2026-02-13 12:50:14 - M5Trainer - INFO - k_net 学习率: 1.00e-04 (factor=0.1, warmup=2000 steps)
2026-02-13 12:50:14 - M5Trainer - INFO -   井 SY9: 1025 条同化数据
2026-02-13 12:50:14 - M5Trainer - INFO -   M3 PVT cg(76.0, 141.39) = 0.009744
2026-02-13 12:50:14 - M5Trainer - INFO -   M3 PVT Bg(76.0, 141.39) = 0.002577
2026-02-13 12:50:14 - M5Trainer - INFO -   PDE 缩放: αx=0.029719, αy=0.074361
2026-02-13 12:50:14 - M5Trainer - INFO - M5Trainer 初始化完成: device=cuda, lr=0.001, max_steps=50000, relobralo=True, rar=True
2026-02-13 12:50:14 - M5Trainer - INFO - ============================================================
2026-02-13 12:50:14 - M5Trainer - INFO - M5 PINN 井—藏耦合同化训练开始
2026-02-13 12:50:14 - M5Trainer - INFO - ============================================================
2026-02-13 12:50:14 - M5Trainer - INFO - 训练阶段: A[0-5000] B[5000-17500] C[17500-35000] D[35000-50000]
2026-02-13 12:50:14 - M5Trainer - INFO - --- M5 单位/量纲诊断 (train 第 1 步前) ---
2026-02-13 12:50:14 - M5Trainer - INFO -   qg_obs 范围: 0.00e+00 ~ 8.39e+05 m³/d, 均值: 3.86e+05 m³/d
2026-02-13 12:50:15 - M5Trainer - INFO -   qg_pred 范围: 1.08e+06 ~ 1.10e+06
2026-02-13 12:50:15 - M5Trainer - INFO -   p_wf 范围: 5.46e+01 ~ 5.50e+01 MPa
2026-02-13 12:50:15 - M5Trainer - INFO -   p_field @ well: 7.50e+01 MPa
2026-02-13 12:50:15 - M5Trainer - INFO -   k_frac = 5.4020 mD
2026-02-13 12:50:15 - M5Trainer - INFO -   WI_raw = 4.309845e-13 [检查单位]
2026-02-13 12:50:15 - M5Trainer - INFO -   dp_wellbore = 12.00 MPa
2026-02-13 12:50:15 - M5Trainer - INFO -   Bg_ref = 2.576898e-03
2026-02-13 12:50:15 - M5Trainer - INFO - --- 诊断结束 ---
2026-02-13 12:50:15 - M5Trainer - INFO -   ✅ k_frac_mD.grad = -1.935307e-19 (PDE梯度贯通)
2026-02-13 12:50:15 - M5Trainer - INFO -   ✅ k_net: 18 组参数收到梯度
2026-02-13 12:50:15 - M5Trainer - INFO -   [梯度验收] SY9: qg_obs range=[0.0, 838700.0]
2026-02-13 12:50:15 - M5Trainer - INFO -   [Sw监控] SY9: Sw=[0.2600, 0.2600, 0.2600], krg_min=6.751000e-01
2026-02-13 12:50:15 - M5Trainer - INFO - [Step     0/50000] Stage A | L=1.3139e+05 (IC=1.000e+00, BC=1.000e+00, PDE=1.312e+07, Qg=1.796e+01, SwB=0.000e+00) | k_frac=5.4020 mD, dp=12.00 MPa | Sw=[0.260,0.260] | 0.6s
2026-02-13 12:50:31 - M5Trainer - INFO - [Step   100/50000] Stage A | L=2.0665e+02 (IC=5.284e-01, BC=2.088e-01, PDE=9.651e+03, Qg=6.580e+00, SwB=1.613e-02) | k_frac=5.4020 mD, dp=11.97 MPa | Sw=[0.153,0.782] | 16.2s
2026-02-13 12:50:47 - M5Trainer - INFO -   [梯度验收] SY9: qg_obs range=[0.0, 838700.0]
2026-02-13 12:50:47 - M5Trainer - INFO - [Step   200/50000] Stage A | L=7.5940e+00 (IC=7.024e-03, BC=5.952e-03, PDE=5.669e+00, Qg=7.445e+00, SwB=9.176e-03) | k_frac=5.4020 mD, dp=11.92 MPa | Sw=[0.163,0.719] | 33.0s
2026-02-13 12:51:03 - M5Trainer - INFO - [Step   300/50000] Stage A | L=7.5218e+00 (IC=1.390e-02, BC=1.384e-02, PDE=8.263e+03, Qg=6.146e+00, SwB=2.236e-07) | k_frac=5.4020 mD, dp=11.92 MPa | Sw=[0.201,0.348] | 48.5s
2026-02-13 12:51:18 - M5Trainer - INFO -   [梯度验收] SY9: qg_obs range=[0.0, 838700.0]
2026-02-13 12:51:18 - M5Trainer - INFO - [Step   400/50000] Stage A | L=7.9822e+00 (IC=4.661e-02, BC=3.112e-02, PDE=1.323e+04, Qg=5.767e+00, SwB=8.028e-08) | k_frac=5.4020 mD, dp=11.92 MPa | Sw=[0.201,0.362] | 63.7s
2026-02-13 12:51:33 - M5Trainer - INFO -   [Sw监控] SY9: Sw=[0.2012, 0.3198, 0.4825], krg_min=3.047099e-01
2026-02-13 12:51:33 - M5Trainer - INFO - [Step   500/50000] Stage A | L=9.1247e+00 (IC=3.208e-02, BC=3.469e-02, PDE=1.137e+04, Qg=5.471e+00, SwB=0.000e+00) | k_frac=5.4020 mD, dp=11.93 MPa | Sw=[0.199,0.339] | 79.1s
2026-02-13 12:51:49 - M5Trainer - INFO -   [梯度验收] SY9: qg_obs range=[0.0, 838700.0]
2026-02-13 12:51:49 - M5Trainer - INFO - [Step   600/50000] Stage A | L=8.5532e+00 (IC=7.725e-03, BC=4.644e-03, PDE=8.217e+03, Qg=5.648e+00, SwB=1.739e-08) | k_frac=5.4020 mD, dp=11.95 MPa | Sw=[0.214,0.349] | 94.6s
2026-02-13 12:52:04 - M5Trainer - INFO - [Step   700/50000] Stage A | L=8.8390e+00 (IC=7.717e-03, BC=9.046e-03, PDE=9.611e+03, Qg=5.511e+00, SwB=1.292e-08) | k_frac=5.4020 mD, dp=11.97 MPa | Sw=[0.216,0.540] | 110.0s
2026-02-13 12:52:20 - M5Trainer - INFO -   [梯度验收] SY9: qg_obs range=[0.0, 838700.0]
2026-02-13 12:52:20 - M5Trainer - INFO - [Step   800/50000] Stage A | L=1.0365e+01 (IC=3.712e-02, BC=3.908e-02, PDE=3.177e+04, Qg=4.804e+00, SwB=1.749e-06) | k_frac=5.4020 mD, dp=12.01 MPa | Sw=[0.208,0.380] | 125.5s
2026-02-13 12:52:35 - M5Trainer - INFO - [Step   900/50000] Stage A | L=9.0424e+00 (IC=1.834e-02, BC=1.064e-02, PDE=9.850e+03, Qg=5.497e+00, SwB=8.238e-07) | k_frac=5.4020 mD, dp=12.05 MPa | Sw=[0.219,0.370] | 141.0s
2026-02-13 12:52:51 - M5Trainer - INFO -   [梯度验收] SY9: qg_obs range=[0.0, 838700.0]
2026-02-13 12:52:51 - M5Trainer - INFO -   [Sw监控] SY9: Sw=[0.2289, 0.3753, 0.6740], krg_min=1.024589e-01
2026-02-13 12:52:51 - M5Trainer - INFO - [Step  1000/50000] Stage A | L=9.4819e+00 (IC=9.350e-03, BC=1.088e-02, PDE=1.539e+04, Qg=5.011e+00, SwB=1.469e-08) | k_frac=5.4020 mD, dp=12.10 MPa | Sw=[0.203,0.386] | 156.6s
2026-02-13 12:53:07 - M5Trainer - INFO - [Step  1100/50000] Stage A | L=8.9910e+00 (IC=1.691e-02, BC=1.779e-02, PDE=8.566e+03, Qg=5.273e+00, SwB=1.115e-06) | k_frac=5.4020 mD, dp=12.18 MPa | Sw=[0.208,0.324] | 172.5s
2026-02-13 12:53:23 - M5Trainer - INFO -   [梯度验收] SY9: qg_obs range=[0.0, 838700.0]
2026-02-13 12:53:23 - M5Trainer - INFO - [Step  1200/50000] Stage A | L=9.2778e+00 (IC=1.325e-02, BC=1.267e-02, PDE=1.291e+04, Qg=5.143e+00, SwB=9.489e-06) | k_frac=5.4020 mD, dp=12.27 MPa | Sw=[0.216,0.398] | 188.2s
2026-02-13 12:53:38 - M5Trainer - INFO - [Step  1300/50000] Stage A | L=9.5880e+00 (IC=1.274e-02, BC=1.678e-02, PDE=9.466e+03, Qg=5.330e+00, SwB=5.702e-06) | k_frac=5.4020 mD, dp=12.37 MPa | Sw=[0.203,0.494] | 203.8s
2026-02-13 12:53:54 - M5Trainer - INFO -   [梯度验收] SY9: qg_obs range=[0.0, 838700.0]
2026-02-13 12:53:54 - M5Trainer - INFO - [Step  1400/50000] Stage A | L=9.3803e+00 (IC=2.792e-02, BC=2.159e-02, PDE=1.088e+04, Qg=5.105e+00, SwB=6.535e-05) | k_frac=5.4020 mD, dp=12.51 MPa | Sw=[0.216,0.488] | 219.6s
2026-02-13 12:54:10 - M5Trainer - INFO -   [Sw监控] SY9: Sw=[0.1807, 0.4486, 0.7513], krg_min=5.128034e-02
2026-02-13 12:54:10 - M5Trainer - INFO - [Step  1500/50000] Stage A | L=1.0819e+01 (IC=4.232e-02, BC=2.909e-02, PDE=1.527e+03, Qg=5.908e+00, SwB=1.895e-04) | k_frac=5.4020 mD, dp=12.65 MPa | Sw=[0.196,0.482] | 235.2s
2026-02-13 12:54:25 - M5Trainer - INFO -   [梯度验收] SY9: qg_obs range=[0.0, 838700.0]
2026-02-13 12:54:25 - M5Trainer - INFO - [Step  1600/50000] Stage A | L=9.8618e+00 (IC=2.145e-02, BC=2.531e-02, PDE=1.521e+04, Qg=4.565e+00, SwB=2.765e-05) | k_frac=5.4020 mD, dp=12.76 MPa | Sw=[0.189,0.385] | 251.1s
2026-02-13 12:54:41 - M5Trainer - INFO - [Step  1700/50000] Stage A | L=1.0980e+01 (IC=6.101e-03, BC=7.690e-03, PDE=1.453e+04, Qg=4.852e+00, SwB=1.425e-05) | k_frac=5.4020 mD, dp=12.91 MPa | Sw=[0.183,0.620] | 266.8s
2026-02-13 12:54:58 - M5Trainer - INFO -   [梯度验收] SY9: qg_obs range=[0.0, 838700.0]
2026-02-13 12:54:58 - M5Trainer - INFO - [Step  1800/50000] Stage A | L=1.0285e+01 (IC=3.603e-02, BC=2.589e-02, PDE=1.216e+04, Qg=4.679e+00, SwB=7.454e-06) | k_frac=5.4019 mD, dp=13.04 MPa | Sw=[0.182,0.366] | 283.6s
2026-02-13 12:55:15 - M5Trainer - INFO - [Step  1900/50000] Stage A | L=1.0516e+01 (IC=1.267e-02, BC=1.164e-02, PDE=8.885e+03, Qg=4.857e+00, SwB=2.812e-05) | k_frac=5.4019 mD, dp=13.22 MPa | Sw=[0.206,0.370] | 300.3s
2026-02-13 12:55:31 - M5Trainer - INFO -   [Sw监控] SY9: Sw=[0.1773, 0.3733, 0.6630], krg_min=1.111147e-01
2026-02-13 12:55:31 - M5Trainer - INFO - [Step  2000/50000] Stage A | L=1.0458e+01 (IC=9.740e-03, BC=1.056e-02, PDE=7.529e+03, Qg=4.774e+00, SwB=2.895e-05) | k_frac=5.4020 mD, dp=13.44 MPa | Sw=[0.195,0.465] | 316.5s
2026-02-13 12:55:47 - M5Trainer - INFO - [Step  2100/50000] Stage A | L=9.2247e+00 (IC=1.214e-02, BC=1.169e-02, PDE=4.155e+03, Qg=4.853e+00, SwB=5.238e-03) | k_frac=5.4019 mD, dp=13.64 MPa | Sw=[0.160,0.652] | 332.9s
2026-02-13 12:56:04 - M5Trainer - INFO - [Step  2200/50000] Stage A | L=9.5316e+00 (IC=1.223e-02, BC=1.998e-02, PDE=1.492e+02, Qg=4.918e+00, SwB=7.736e-04) | k_frac=5.4019 mD, dp=13.75 MPa | Sw=[0.200,0.713] | 349.4s
2026-02-13 12:56:21 - M5Trainer - INFO - [Step  2300/50000] Stage A | L=1.0698e+01 (IC=2.522e-02, BC=3.122e-02, PDE=2.496e+03, Qg=5.456e+00, SwB=9.220e-04) | k_frac=5.4018 mD, dp=13.91 MPa | Sw=[0.174,0.676] | 366.5s
2026-02-13 12:56:37 - M5Trainer - INFO - [Step  2400/50000] Stage A | L=7.8882e+00 (IC=2.200e-02, BC=2.958e-02, PDE=4.714e+03, Qg=3.889e+00, SwB=8.134e-03) | k_frac=5.4018 mD, dp=14.03 MPa | Sw=[0.169,0.722] | 382.8s
2026-02-13 12:56:54 - M5Trainer - INFO -   [Sw监控] SY9: Sw=[0.6211, 0.7534, 0.8263], krg_min=1.842501e-02
2026-02-13 12:56:54 - M5Trainer - INFO - [Step  2500/50000] Stage A | L=1.2023e+01 (IC=1.689e-02, BC=2.745e-02, PDE=1.230e+04, Qg=4.841e+00, SwB=8.660e-03) | k_frac=5.4018 mD, dp=14.15 MPa | Sw=[0.153,0.758] | 399.3s
2026-02-13 12:57:12 - M5Trainer - INFO - [Step  2600/50000] Stage A | L=9.7814e+00 (IC=1.594e-02, BC=1.204e-02, PDE=3.774e+03, Qg=4.373e+00, SwB=2.653e-03) | k_frac=5.4018 mD, dp=14.25 MPa | Sw=[0.187,0.604] | 417.2s
2026-02-13 12:57:28 - M5Trainer - INFO - [Step  2700/50000] Stage A | L=5.9667e+00 (IC=3.902e-02, BC=5.171e-02, PDE=3.582e+03, Qg=2.380e+00, SwB=2.277e-03) | k_frac=5.4017 mD, dp=14.43 MPa | Sw=[0.209,0.751] | 433.9s
2026-02-13 12:57:45 - M5Trainer - INFO - [Step  2800/50000] Stage A | L=7.5673e+00 (IC=3.862e-02, BC=3.661e-02, PDE=2.508e+03, Qg=3.241e+00, SwB=6.414e-03) | k_frac=5.4017 mD, dp=14.60 MPa | Sw=[0.178,0.500] | 450.7s
2026-02-13 12:58:02 - M5Trainer - INFO - [Step  2900/50000] Stage A | L=1.4496e+01 (IC=1.119e-02, BC=1.039e-02, PDE=2.026e+04, Qg=1.461e+00, SwB=1.037e-02) | k_frac=5.4017 mD, dp=14.75 MPa | Sw=[0.180,0.714] | 467.6s
2026-02-13 12:58:18 - M5Trainer - INFO -   [Sw监控] SY9: Sw=[0.1616, 0.7512, 0.8464], krg_min=1.241229e-02
2026-02-13 12:58:18 - M5Trainer - INFO - [Step  3000/50000] Stage A | L=6.2503e+00 (IC=8.090e-03, BC=7.483e-03, PDE=4.209e+02, Qg=2.345e+00, SwB=4.424e-03) | k_frac=5.4017 mD, dp=14.87 MPa | Sw=[0.213,0.590] | 484.0s
2026-02-13 12:58:34 - M5Trainer - INFO - [Step  3100/50000] Stage A | L=5.7960e+00 (IC=1.499e-02, BC=1.221e-02, PDE=1.104e+03, Qg=1.910e+00, SwB=6.519e-03) | k_frac=5.4017 mD, dp=15.02 MPa | Sw=[0.190,0.529] | 500.0s
2026-02-13 12:58:50 - M5Trainer - INFO - [Step  3200/50000] Stage A | L=6.1060e+00 (IC=3.530e-03, BC=5.041e-03, PDE=4.331e+03, Qg=1.518e+00, SwB=8.907e-03) | k_frac=5.4017 mD, dp=15.14 MPa | Sw=[0.157,0.777] | 516.0s
2026-02-13 12:59:07 - M5Trainer - INFO - [Step  3300/50000] Stage A | L=9.1244e+00 (IC=1.182e-01, BC=1.072e-01, PDE=5.238e+02, Qg=7.158e-01, SwB=5.613e-03) | k_frac=5.4017 mD, dp=15.17 MPa | Sw=[0.206,0.657] | 532.9s
2026-02-13 12:59:24 - M5Trainer - INFO - [Step  3400/50000] Stage A | L=4.7628e+00 (IC=1.753e-02, BC=3.245e-02, PDE=1.168e+03, Qg=7.832e-01, SwB=1.050e-02) | k_frac=5.4017 mD, dp=15.21 MPa | Sw=[0.208,0.676] | 550.0s
2026-02-13 12:59:41 - M5Trainer - INFO -   [Sw监控] SY9: Sw=[0.1499, 0.7547, 0.8597], krg_min=9.113056e-03
2026-02-13 12:59:41 - M5Trainer - INFO - [Step  3500/50000] Stage A | L=7.5580e+00 (IC=2.346e-02, BC=1.836e-02, PDE=6.913e+03, Qg=1.524e+00, SwB=6.910e-03) | k_frac=5.4017 mD, dp=15.17 MPa | Sw=[0.200,0.700] | 567.0s
2026-02-13 12:59:59 - M5Trainer - INFO - [Step  3600/50000] Stage A | L=1.0655e+01 (IC=1.164e-02, BC=1.298e-02, PDE=3.055e+03, Qg=3.384e+00, SwB=1.380e-02) | k_frac=5.4017 mD, dp=15.15 MPa | Sw=[0.200,0.665] | 584.3s
2026-02-13 13:00:16 - M5Trainer - INFO - [Step  3700/50000] Stage A | L=5.4042e+00 (IC=1.658e-02, BC=2.140e-02, PDE=2.270e+02, Qg=1.086e+00, SwB=1.460e-02) | k_frac=5.4017 mD, dp=15.22 MPa | Sw=[0.182,0.817] | 601.7s
2026-02-13 13:00:33 - M5Trainer - INFO - [Step  3800/50000] Stage A | L=5.0875e+00 (IC=1.764e-02, BC=1.496e-02, PDE=1.170e+02, Qg=6.741e-01, SwB=5.779e-03) | k_frac=5.4017 mD, dp=15.27 MPa | Sw=[0.171,0.527] | 619.0s
2026-02-13 13:00:51 - M5Trainer - INFO - [Step  3900/50000] Stage A | L=7.4718e+00 (IC=4.700e-03, BC=4.439e-03, PDE=7.921e+02, Qg=2.025e+00, SwB=1.333e-02) | k_frac=5.4017 mD, dp=15.29 MPa | Sw=[0.169,0.753] | 636.4s
2026-02-13 13:01:08 - M5Trainer - INFO -   [Sw监控] SY9: Sw=[0.1472, 0.7692, 0.8758], krg_min=5.776551e-03
2026-02-13 13:01:08 - M5Trainer - INFO - [Step  4000/50000] Stage A | L=6.2353e+00 (IC=2.019e-02, BC=2.963e-02, PDE=3.591e+03, Qg=1.145e+00, SwB=1.203e-02) | k_frac=5.4017 mD, dp=15.38 MPa | Sw=[0.182,0.540] | 653.6s
2026-02-13 13:01:26 - M5Trainer - INFO - [Step  4100/50000] Stage A | L=1.7252e+01 (IC=2.476e-02, BC=1.930e-02, PDE=1.344e+04, Qg=3.402e-01, SwB=7.134e-03) | k_frac=5.4017 mD, dp=15.35 MPa | Sw=[0.194,0.474] | 671.2s
2026-02-13 13:01:43 - M5Trainer - INFO - [Step  4200/50000] Stage A | L=5.3655e+00 (IC=7.654e-03, BC=6.450e-03, PDE=7.554e+02, Qg=4.752e-01, SwB=4.372e-03) | k_frac=5.4017 mD, dp=15.29 MPa | Sw=[0.208,0.816] | 689.0s
2026-02-13 13:02:01 - M5Trainer - INFO - [Step  4300/50000] Stage A | L=6.0565e+00 (IC=6.012e-03, BC=6.058e-03, PDE=2.139e+03, Qg=6.676e-01, SwB=1.516e-02) | k_frac=5.4018 mD, dp=15.16 MPa | Sw=[0.147,0.794] | 706.8s
2026-02-13 13:02:19 - M5Trainer - INFO - [Step  4400/50000] Stage A | L=5.7269e+00 (IC=2.221e-02, BC=1.916e-02, PDE=4.356e+02, Qg=1.026e+00, SwB=1.627e-02) | k_frac=5.4018 mD, dp=15.19 MPa | Sw=[0.202,0.829] | 724.9s
2026-02-13 13:02:37 - M5Trainer - INFO -   [Sw监控] SY9: Sw=[0.1670, 0.7991, 0.8727], krg_min=6.368873e-03
2026-02-13 13:02:37 - M5Trainer - INFO - [Step  4500/50000] Stage A | L=9.4162e+00 (IC=2.563e-02, BC=2.618e-02, PDE=6.634e+03, Qg=7.575e-01, SwB=2.946e-02) | k_frac=5.4017 mD, dp=15.07 MPa | Sw=[0.163,0.833] | 743.0s
2026-02-13 13:02:55 - M5Trainer - INFO - [Step  4600/50000] Stage A | L=1.0362e+01 (IC=9.287e-03, BC=5.816e-03, PDE=6.657e+03, Qg=5.024e-01, SwB=8.480e-03) | k_frac=5.4018 mD, dp=15.02 MPa | Sw=[0.207,0.802] | 760.5s
2026-02-13 13:03:10 - M5Trainer - INFO - [Step  4700/50000] Stage A | L=5.4953e+00 (IC=2.640e-02, BC=2.621e-02, PDE=2.269e+03, Qg=4.297e-01, SwB=4.180e-03) | k_frac=5.4018 mD, dp=14.95 MPa | Sw=[0.217,0.512] | 776.1s
2026-02-13 13:03:28 - M5Trainer - INFO - [Step  4800/50000] Stage A | L=7.6863e+00 (IC=2.439e-02, BC=2.774e-02, PDE=3.433e+03, Qg=1.649e+00, SwB=3.775e-02) | k_frac=5.4018 mD, dp=14.90 MPa | Sw=[0.149,0.780] | 793.2s
2026-02-13 13:03:45 - M5Trainer - INFO - [Step  4900/50000] Stage A | L=5.5941e+00 (IC=5.203e-03, BC=3.963e-03, PDE=2.343e+02, Qg=7.807e-01, SwB=6.461e-03) | k_frac=5.4018 mD, dp=14.80 MPa | Sw=[0.211,0.561] | 810.3s
2026-02-13 13:04:02 - M5Trainer - INFO -   [Sw监控] SY9: Sw=[0.1894, 0.8109, 0.8751], krg_min=5.910339e-03
2026-02-13 13:04:02 - M5Trainer - INFO - [Step  5000/50000] Stage B | L=7.6797e+01 (IC=9.791e-03, BC=7.917e-03, PDE=2.965e+02, Qg=3.667e-01, SwB=1.395e-02) | k_frac=5.4019 mD, dp=14.82 MPa | Sw=[0.156,0.776] | 827.4s
2026-02-13 13:04:19 - M5Trainer - INFO - [Step  5100/50000] Stage B | L=9.5366e+00 (IC=2.368e-02, BC=2.381e-02, PDE=4.317e+02, Qg=7.034e-01, SwB=5.715e-02) | k_frac=5.4018 mD, dp=15.17 MPa | Sw=[0.142,0.793] | 844.3s
2026-02-13 13:04:36 - M5Trainer - INFO - [Step  5200/50000] Stage B | L=1.4458e+01 (IC=4.304e-02, BC=4.239e-02, PDE=1.733e+03, Qg=2.248e+00, SwB=7.211e-02) | k_frac=5.4017 mD, dp=15.32 MPa | Sw=[0.140,0.821] | 861.2s
2026-02-13 13:04:52 - M5Trainer - INFO - [Step  5300/50000] Stage B | L=7.6068e+00 (IC=6.656e-02, BC=7.106e-02, PDE=4.949e+02, Qg=7.448e-01, SwB=6.355e-02) | k_frac=5.4017 mD, dp=15.45 MPa | Sw=[0.180,0.871] | 878.1s
2026-02-13 13:05:09 - M5Trainer - INFO - [Step  5400/50000] Stage B | L=1.1817e+01 (IC=2.677e-02, BC=2.619e-02, PDE=8.663e+02, Qg=1.839e+00, SwB=6.795e-02) | k_frac=5.4017 mD, dp=15.39 MPa | Sw=[0.157,0.848] | 894.9s
2026-02-13 13:05:26 - M5Trainer - INFO -   [Sw监控] SY9: Sw=[0.1452, 0.8705, 0.8795], krg_min=5.119597e-03
2026-02-13 13:05:26 - M5Trainer - INFO - [Step  5500/50000] Stage B | L=2.7763e+01 (IC=4.989e-02, BC=4.391e-02, PDE=2.773e+03, Qg=1.649e+00, SwB=6.639e-02) | k_frac=5.4017 mD, dp=15.49 MPa | Sw=[0.139,0.879] | 911.8s
2026-02-13 13:05:43 - M5Trainer - INFO - [Step  5600/50000] Stage B | L=1.0915e+01 (IC=9.621e-03, BC=4.820e-03, PDE=3.671e+02, Qg=9.758e-01, SwB=7.458e-02) | k_frac=5.4016 mD, dp=15.59 MPa | Sw=[0.154,0.878] | 928.9s
2026-02-13 13:06:01 - M5Trainer - INFO - [Step  5700/50000] Stage B | L=9.0158e+00 (IC=1.981e-02, BC=1.882e-02, PDE=1.186e+02, Qg=7.503e-01, SwB=7.121e-02) | k_frac=5.4016 mD, dp=15.69 MPa | Sw=[0.185,0.873] | 946.3s
2026-02-13 13:06:18 - M5Trainer - INFO - [Step  5800/50000] Stage B | L=1.4289e+01 (IC=1.607e-02, BC=1.060e-02, PDE=8.910e+02, Qg=6.949e-01, SwB=4.479e-02) | k_frac=5.4017 mD, dp=15.72 MPa | Sw=[0.157,0.417] | 963.6s
2026-02-13 13:06:36 - M5Trainer - INFO - [Step  5900/50000] Stage B | L=8.9744e+00 (IC=2.744e-02, BC=3.515e-02, PDE=3.086e+02, Qg=1.087e+00, SwB=5.216e-02) | k_frac=5.4016 mD, dp=15.84 MPa | Sw=[0.223,0.873] | 981.3s
2026-02-13 13:06:53 - M5Trainer - INFO -   [Sw监控] SY9: Sw=[0.1924, 0.8670, 0.8792], krg_min=5.174974e-03
2026-02-13 13:06:53 - M5Trainer - INFO - [Step  6000/50000] Stage B | L=6.9877e+00 (IC=5.440e-02, BC=6.214e-02, PDE=1.533e+02, Qg=5.888e-01, SwB=6.295e-02) | k_frac=5.4016 mD, dp=15.92 MPa | Sw=[0.179,0.812] | 998.4s
2026-02-13 13:07:10 - M5Trainer - INFO - [Step  6100/50000] Stage B | L=7.6764e+00 (IC=2.966e-02, BC=3.498e-02, PDE=1.038e+02, Qg=4.099e-01, SwB=3.858e-02) | k_frac=5.4017 mD, dp=15.88 MPa | Sw=[0.187,0.433] | 1015.9s
2026-02-13 13:07:28 - M5Trainer - INFO - [Step  6200/50000] Stage B | L=9.6631e+00 (IC=3.046e-02, BC=2.093e-02, PDE=3.990e+02, Qg=5.244e-01, SwB=9.685e-02) | k_frac=5.4017 mD, dp=15.95 MPa | Sw=[0.150,0.721] | 1033.4s
2026-02-13 13:07:45 - M5Trainer - INFO - [Step  6300/50000] Stage B | L=1.4132e+02 (IC=8.152e-03, BC=4.567e-03, PDE=3.053e+03, Qg=5.536e-01, SwB=6.386e-02) | k_frac=5.4017 mD, dp=16.02 MPa | Sw=[0.175,0.868] | 1051.0s
