2026-02-27 21:13:44 - M5Trainer - INFO -   torch.compile 已跳过 (Triton 不支持 Windows, 使用 eager 模式)
2026-02-27 21:13:44 - M5Trainer - INFO - k_frac 独立参数组: lr=2.00e-03 (factor=2.0)
2026-02-27 21:13:44 - M5Trainer - INFO -   [v3.17] well_singularity 参数组: 1153 params, lr=1.00e-03
2026-02-27 21:13:44 - M5Trainer - INFO -   [v3.14] Corey 指数可学习: ng₀=1.0846, nw₀=4.4071 (SY13 拟合先验, lr_factor=3.0)
2026-02-27 21:13:44 - M5Trainer - INFO -   [v3.14] well_model.relperm = loss_fn.relperm (共享实例)
2026-02-27 21:13:44 - M5Trainer - INFO - k_net 学习率: 1.00e-04 (factor=0.1, warmup=2000 steps)
2026-02-27 21:13:44 - M5Trainer - INFO -   井 SY9: 1332 条同化数据 (train=865, val=199, test=268)
    开井点数 (q>1): train=801, val=32, test=121
    有效压力点: val_p=43, test_p=121
2026-02-27 21:13:44 - M5Trainer - INFO -   train time window(norm): [0.0000, 0.6491]
2026-02-27 21:13:44 - M5Trainer - INFO -   well_h[SY9] = 48.4 m (有效储厚)
2026-02-27 21:13:44 - M5Trainer - INFO -   well_h[SY13] = 41.6 m (有效储厚)
2026-02-27 21:13:44 - M5Trainer - INFO -   well_h[SY201] = 37.9 m (有效储厚)
2026-02-27 21:13:44 - M5Trainer - INFO -   well_h[SY101] = 41.7 m (有效储厚)
2026-02-27 21:13:44 - M5Trainer - INFO -   well_h[SY102] = 45.4 m (有效储厚)
2026-02-27 21:13:44 - M5Trainer - INFO -   well_h[SY116] = 39.3 m (有效储厚)
2026-02-27 21:13:44 - M5Trainer - INFO -   well_h[SYX211] = 6.0 m (有效储厚)
2026-02-27 21:13:44 - M5Trainer - INFO -   [TDS→Sw] SY9: 173个采样点, t_day=[1, 3518], TDS=[55, 105158] mg/L, Sw_tds=[0.260, 0.938], Swc=0.260, Sgr=0.062
2026-02-27 21:13:44 - M5Trainer - INFO -   [TDS→Sw] 共加载 173 个TDS→Sw软标签点
2026-02-27 21:13:44 - M5Trainer - INFO -   M3 PVT cg(76.0, 140.32) = 0.009744
2026-02-27 21:13:44 - M5Trainer - INFO -   M3 PVT Bg(76.0, 140.32) = 0.002577
2026-02-27 21:13:44 - M5Trainer - INFO -   PDE 缩放: αx=0.101777, αy=0.254660
2026-02-27 21:13:44 - M5Trainer - INFO - M5Trainer 初始化完成: device=cuda, lr=0.001, max_steps=80000, relobralo=True, rar=True
2026-02-27 21:13:44 - M5Trainer - INFO - ============================================================
2026-02-27 21:13:44 - M5Trainer - INFO - M5 PINN 井—藏耦合同化训练开始
2026-02-27 21:13:44 - M5Trainer - INFO - ============================================================
2026-02-27 21:13:44 - M5Trainer - INFO -   阶段权重已被 config 覆盖 (train.stages 或 training_stages.stage_*.weights)
2026-02-27 21:13:44 - M5Trainer - INFO - 训练阶段: A[0-6400] B[6400-22400] C[22400-44800] D[44800-80000]
2026-02-27 21:13:44 - M5Trainer - INFO -   qg_nearzero 权重: A=3.0, B=6.0->9.0, C=12.0, D=7.0, enable=True
2026-02-27 21:13:44 - M5Trainer - INFO - --- M5 单位/量纲诊断 (train 第 1 步前) ---
2026-02-27 21:13:44 - M5Trainer - INFO -   qg_obs 范围: 0.00e+00 ~ 8.39e+05 m³/d, 均值: 2.97e+05 m³/d
2026-02-27 21:13:44 - M5Trainer - INFO -   qg_pred 范围: 1.49e+05 ~ 1.55e+05
2026-02-27 21:13:44 - M5Trainer - INFO -   p_wf 范围: 7.43e+01 ~ 7.43e+01 MPa
2026-02-27 21:13:44 - M5Trainer - INFO -   p_field @ well: 7.50e+01 MPa
2026-02-27 21:13:44 - M5Trainer - INFO -   k_frac = 8.0000 mD
2026-02-27 21:13:44 - M5Trainer - INFO -   WI_raw = 3.352697e-13 [检查单位]
2026-02-27 21:13:44 - M5Trainer - INFO -   dp_wellbore = 13.30 MPa
2026-02-27 21:13:44 - M5Trainer - INFO -   Bg_ref = 2.576898e-03
2026-02-27 21:13:44 - M5Trainer - INFO -   qg_obs 范围: 0.00e+00 ~ 8.39e+05 m³/d
2026-02-27 21:13:44 - M5Trainer - INFO -   qg_obs 中位数 = 3.07e+05 m³/d
2026-02-27 21:13:44 - M5Trainer - INFO -   ✅ v9: PDE源项已升级为时变 source(x,y,t) = qg_obs(t) * kernel(x,y)
2026-02-27 21:13:44 - M5Trainer - INFO -   ✅ 每个PDE配点使用其时刻对应的真实观测产量（线性插值）
2026-02-27 21:13:44 - M5Trainer - INFO - --- 诊断结束 ---
2026-02-27 21:13:44 - M5Trainer - INFO -   [v3.13] Stage A+B 冻结 k_frac=8.0000 mD (Stage C 解冻)
2026-02-27 21:13:44 - M5Trainer - INFO -   [v3.14] Stage A+B 冻结 ng=1.0846, nw=4.4071 (Stage C 解冻)
2026-02-27 21:13:44 - M5Trainer - INFO -   [shape] SY9: qg pred=(1332, 1) vs obs=(1332, 1), p_wf pred=(1332, 1) vs p_obs=(1332, 1)
2026-02-27 21:13:45 - M5Trainer - WARNING -   ⚠️ k_eff_mD.grad 为 None 或零! 可辨识性可能受损
2026-02-27 21:13:45 - M5Trainer - INFO -   ✅ k_net: 18 组参数收到梯度
2026-02-27 21:13:45 - M5Trainer - INFO -   [梯度验收] SY9: qg_obs range=[0.0, 838700.0]
2026-02-27 21:13:45 - M5Trainer - INFO -   [Sw监控] SY9: Sw=[0.1500, 0.1500, 0.1500], krg_min=6.751000e-01
2026-02-27 21:13:45 - M5Trainer - INFO - [Step     0/80000] A | L=3.4059e+02 | 0.9s
2026-02-27 21:13:45 - M5Trainer - INFO -   loss: IC=1.00e+00 BC=1.00e+00 PDE=1.67e+02 Qg=1.69e+00 Sd=3.44e-01 TDS=0.00e+00
2026-02-27 21:13:45 - M5Trainer - INFO -   param: k=8.000mD dp=13.3 ng=1.085 nw=4.407 Sw=[0.150,0.150] | A(t)=[-0.00,-0.00,-0.00]
2026-02-27 21:13:45 - M5Trainer - INFO -   [k_frac诊断] grad=None, k_frac=8.000001 mD
2026-02-27 21:14:16 - M5Trainer - INFO - [Step   100/80000] A | L=2.0276e+02 | 32.6s
2026-02-27 21:14:16 - M5Trainer - INFO -   loss: IC=5.02e-02 BC=4.61e-01 PDE=1.48e+02 Qg=1.62e+00 Sd=3.64e-01 TDS=0.00e+00
2026-02-27 21:14:16 - M5Trainer - INFO -   param: k=8.000mD dp=13.3 ng=1.085 nw=4.407 Sw=[0.147,0.155] | A(t)=[-0.00,-0.00,-0.00]
2026-02-27 21:14:48 - M5Trainer - INFO -   [梯度验收] SY9: qg_obs range=[0.0, 838700.0]
2026-02-27 21:14:48 - M5Trainer - INFO - [Step   200/80000] A | L=4.6294e+01 | 64.2s
2026-02-27 21:14:48 - M5Trainer - INFO -   loss: IC=7.97e-03 BC=1.58e-02 PDE=1.66e+02 Qg=1.18e+00 Sd=5.31e-01 TDS=0.00e+00
2026-02-27 21:14:48 - M5Trainer - INFO -   param: k=8.000mD dp=13.3 ng=1.085 nw=4.407 Sw=[0.139,0.156] | A(t)=[-0.01,-0.01,-0.01]
2026-02-27 21:15:19 - M5Trainer - INFO - [Step   300/80000] A | L=2.0497e+01 | 95.5s
2026-02-27 21:15:19 - M5Trainer - INFO -   loss: IC=3.75e-02 BC=2.96e-02 PDE=1.60e+02 Qg=4.79e-01 Sd=1.31e+00 TDS=0.00e+00
2026-02-27 21:15:19 - M5Trainer - INFO -   param: k=8.000mD dp=13.3 ng=1.085 nw=4.407 Sw=[0.134,0.169] | A(t)=[-0.04,-0.05,-0.05]
2026-02-27 21:15:49 - M5Trainer - INFO -   [梯度验收] SY9: qg_obs range=[0.0, 838700.0]
2026-02-27 21:15:49 - M5Trainer - INFO - [Step   400/80000] A | L=1.9919e+01 | 125.5s
2026-02-27 21:15:49 - M5Trainer - INFO -   loss: IC=1.30e-02 BC=2.22e-02 PDE=1.51e+02 Qg=4.35e-01 Sd=1.63e+00 TDS=0.00e+00
2026-02-27 21:15:49 - M5Trainer - INFO -   param: k=8.000mD dp=13.3 ng=1.085 nw=4.407 Sw=[0.133,0.179] | A(t)=[-0.09,-0.12,-0.14]
2026-02-27 21:16:19 - M5Trainer - INFO -   [Sw监控] SY9: Sw=[0.1189, 0.1495, 0.1806], krg_min=6.751000e-01
2026-02-27 21:16:19 - M5Trainer - INFO - [Step   500/80000] A | L=2.2213e+01 | 155.2s
2026-02-27 21:16:19 - M5Trainer - INFO -   loss: IC=1.76e-01 BC=1.01e-01 PDE=1.99e+02 Qg=4.26e-01 Sd=1.72e+00 TDS=0.00e+00
2026-02-27 21:16:19 - M5Trainer - INFO -   param: k=8.000mD dp=13.3 ng=1.085 nw=4.407 Sw=[0.139,0.175] | A(t)=[-0.28,-0.38,-0.47]
2026-02-27 21:16:19 - M5Trainer - INFO -   [k_frac诊断] grad=None, k_frac=8.000001 mD
2026-02-27 21:16:50 - M5Trainer - INFO -   [梯度验收] SY9: qg_obs range=[0.0, 838700.0]
2026-02-27 21:16:50 - M5Trainer - INFO - [Step   600/80000] A | L=2.1208e+01 | 185.8s
2026-02-27 21:16:50 - M5Trainer - INFO -   loss: IC=1.51e-02 BC=1.52e-02 PDE=1.89e+02 Qg=4.17e-01 Sd=1.81e+00 TDS=0.00e+00
2026-02-27 21:16:50 - M5Trainer - INFO -   param: k=8.000mD dp=13.3 ng=1.085 nw=4.407 Sw=[0.136,0.184] | A(t)=[-0.60,-0.82,-1.02]
2026-02-27 21:17:23 - M5Trainer - INFO - [Step   700/80000] A | L=2.0901e+01 | 219.3s
2026-02-27 21:17:23 - M5Trainer - INFO -   loss: IC=1.07e-02 BC=1.37e-02 PDE=1.74e+02 Qg=4.05e-01 Sd=1.96e+00 TDS=0.00e+00
2026-02-27 21:17:23 - M5Trainer - INFO -   param: k=8.000mD dp=13.3 ng=1.085 nw=4.407 Sw=[0.124,0.189] | A(t)=[-1.14,-1.53,-1.87]
2026-02-27 21:17:55 - M5Trainer - INFO -   [梯度验收] SY9: qg_obs range=[0.0, 838700.0]
2026-02-27 21:17:55 - M5Trainer - INFO - [Step   800/80000] A | L=2.5725e+01 | 251.3s
2026-02-27 21:17:55 - M5Trainer - INFO -   loss: IC=3.80e-01 BC=1.70e-01 PDE=1.88e+02 Qg=3.84e-01 Sd=2.11e+00 TDS=0.00e+00
2026-02-27 21:17:55 - M5Trainer - INFO -   param: k=8.000mD dp=13.3 ng=1.085 nw=4.407 Sw=[0.136,0.197] | A(t)=[-1.82,-2.38,-2.80]
2026-02-27 21:18:26 - M5Trainer - INFO - [Step   900/80000] A | L=2.1082e+01 | 282.6s
2026-02-27 21:18:26 - M5Trainer - INFO -   loss: IC=1.32e-02 BC=2.15e-02 PDE=1.94e+02 Qg=3.75e-01 Sd=2.28e+00 TDS=0.00e+00
2026-02-27 21:18:26 - M5Trainer - INFO -   param: k=8.000mD dp=13.3 ng=1.085 nw=4.407 Sw=[0.146,0.194] | A(t)=[-2.23,-2.88,-3.34]
2026-02-27 21:18:58 - M5Trainer - INFO -   [梯度验收] SY9: qg_obs range=[0.0, 838700.0]
2026-02-27 21:18:58 - M5Trainer - INFO -   [Sw监控] SY9: Sw=[0.1374, 0.1649, 0.1911], krg_min=6.751000e-01
2026-02-27 21:18:58 - M5Trainer - INFO - [Step  1000/80000] A | L=2.5754e+01 | 314.4s
2026-02-27 21:18:58 - M5Trainer - INFO -   loss: IC=1.14e-01 BC=8.79e-02 PDE=2.43e+02 Qg=3.71e-01 Sd=1.94e+00 TDS=0.00e+00
2026-02-27 21:18:58 - M5Trainer - INFO -   param: k=8.000mD dp=13.3 ng=1.085 nw=4.407 Sw=[0.137,0.186] | A(t)=[-2.65,-3.34,-3.80]
2026-02-27 21:18:58 - M5Trainer - INFO -   [k_frac诊断] grad=None, k_frac=8.000001 mD
2026-02-27 21:19:30 - M5Trainer - INFO - [Step  1100/80000] A | L=2.4373e+01 | 346.2s
2026-02-27 21:19:30 - M5Trainer - INFO -   loss: IC=1.88e-02 BC=2.33e-02 PDE=2.34e+02 Qg=3.67e-01 Sd=1.66e+00 TDS=0.00e+00
2026-02-27 21:19:30 - M5Trainer - INFO -   param: k=8.000mD dp=13.3 ng=1.085 nw=4.407 Sw=[0.136,0.189] | A(t)=[-2.80,-3.51,-3.96]
2026-02-27 21:20:02 - M5Trainer - INFO -   [梯度验收] SY9: qg_obs range=[0.0, 838700.0]
2026-02-27 21:20:02 - M5Trainer - INFO - [Step  1200/80000] A | L=2.5525e+01 | 378.4s
2026-02-27 21:20:02 - M5Trainer - INFO -   loss: IC=3.50e-02 BC=3.35e-02 PDE=2.37e+02 Qg=3.60e-01 Sd=1.12e+00 TDS=0.00e+00
2026-02-27 21:20:02 - M5Trainer - INFO -   param: k=8.000mD dp=13.3 ng=1.085 nw=4.407 Sw=[0.142,0.186] | A(t)=[-2.86,-3.60,-4.06]
2026-02-27 21:20:34 - M5Trainer - INFO - [Step  1300/80000] A | L=2.8192e+01 | 410.2s
2026-02-27 21:20:34 - M5Trainer - INFO -   loss: IC=2.93e-02 BC=2.69e-02 PDE=2.30e+02 Qg=3.55e-01 Sd=7.28e-01 TDS=0.00e+00
2026-02-27 21:20:34 - M5Trainer - INFO -   param: k=8.000mD dp=13.3 ng=1.085 nw=4.407 Sw=[0.139,0.187] | A(t)=[-2.88,-3.63,-4.10]
2026-02-27 21:21:06 - M5Trainer - INFO -   [梯度验收] SY9: qg_obs range=[0.0, 838700.0]
2026-02-27 21:21:06 - M5Trainer - INFO - [Step  1400/80000] A | L=3.1710e+01 | 442.2s
2026-02-27 21:21:06 - M5Trainer - INFO -   loss: IC=2.36e-02 BC=3.37e-02 PDE=2.46e+02 Qg=3.48e-01 Sd=3.24e-01 TDS=0.00e+00
2026-02-27 21:21:06 - M5Trainer - INFO -   param: k=8.000mD dp=13.3 ng=1.085 nw=4.407 Sw=[0.144,0.200] | A(t)=[-3.01,-3.79,-4.26]
2026-02-27 21:21:39 - M5Trainer - INFO -   [Sw监控] SY9: Sw=[0.1386, 0.1669, 0.2032], krg_min=6.751000e-01
2026-02-27 21:21:39 - M5Trainer - INFO - [Step  1500/80000] A | L=3.4943e+01 | 475.0s
2026-02-27 21:21:39 - M5Trainer - INFO -   loss: IC=3.11e-02 BC=3.06e-02 PDE=2.94e+02 Qg=3.44e-01 Sd=2.20e-01 TDS=0.00e+00
2026-02-27 21:21:39 - M5Trainer - INFO -   param: k=8.000mD dp=13.3 ng=1.085 nw=4.407 Sw=[0.139,0.184] | A(t)=[-3.10,-3.88,-4.35]
2026-02-27 21:21:39 - M5Trainer - INFO -   [k_frac诊断] grad=None, k_frac=8.000001 mD
2026-02-27 21:22:12 - M5Trainer - INFO -   [梯度验收] SY9: qg_obs range=[0.0, 838700.0]
2026-02-27 21:22:12 - M5Trainer - INFO - [Step  1600/80000] A | L=3.5322e+01 | 507.8s
2026-02-27 21:22:12 - M5Trainer - INFO -   loss: IC=2.96e-02 BC=5.22e-02 PDE=2.85e+02 Qg=3.42e-01 Sd=1.21e-01 TDS=0.00e+00
2026-02-27 21:22:12 - M5Trainer - INFO -   param: k=8.000mD dp=13.3 ng=1.085 nw=4.407 Sw=[0.134,0.182] | A(t)=[-3.03,-3.84,-4.32]
2026-02-27 21:22:45 - M5Trainer - INFO - [Step  1700/80000] A | L=3.7001e+01 | 540.8s
2026-02-27 21:22:45 - M5Trainer - INFO -   loss: IC=4.16e-02 BC=7.76e-02 PDE=2.97e+02 Qg=3.42e-01 Sd=6.32e-02 TDS=0.00e+00
2026-02-27 21:22:45 - M5Trainer - INFO -   param: k=8.000mD dp=13.3 ng=1.085 nw=4.407 Sw=[0.141,0.200] | A(t)=[-3.05,-3.88,-4.36]
2026-02-27 21:23:18 - M5Trainer - INFO -   [梯度验收] SY9: qg_obs range=[0.0, 838700.0]
2026-02-27 21:23:18 - M5Trainer - INFO - [Step  1800/80000] A | L=4.2791e+01 | 573.9s
2026-02-27 21:23:18 - M5Trainer - INFO -   loss: IC=2.49e-02 BC=2.71e-02 PDE=2.77e+02 Qg=3.39e-01 Sd=4.64e-02 TDS=0.00e+00
2026-02-27 21:23:18 - M5Trainer - INFO -   param: k=8.000mD dp=13.3 ng=1.085 nw=4.407 Sw=[0.138,0.185] | A(t)=[-3.12,-3.96,-4.44]
2026-02-27 21:23:51 - M5Trainer - INFO - [Step  1900/80000] A | L=3.8547e+01 | 606.9s
2026-02-27 21:23:51 - M5Trainer - INFO -   loss: IC=1.51e-02 BC=3.38e-02 PDE=2.78e+02 Qg=3.39e-01 Sd=3.00e-02 TDS=0.00e+00
2026-02-27 21:23:51 - M5Trainer - INFO -   param: k=8.000mD dp=13.3 ng=1.085 nw=4.407 Sw=[0.140,0.176] | A(t)=[-3.05,-3.91,-4.41]
2026-02-27 21:24:24 - M5Trainer - INFO -   [Sw监控] SY9: Sw=[0.1297, 0.1713, 0.2100], krg_min=6.751000e-01
2026-02-27 21:24:24 - M5Trainer - INFO - [Step  2000/80000] A | L=4.6289e+01 | 640.4s
2026-02-27 21:24:24 - M5Trainer - INFO -   loss: IC=3.11e-02 BC=2.98e-02 PDE=3.11e+02 Qg=3.47e-01 Sd=2.93e-02 TDS=0.00e+00
2026-02-27 21:24:24 - M5Trainer - INFO -   param: k=8.000mD dp=13.3 ng=1.085 nw=4.407 Sw=[0.139,0.205] | A(t)=[-3.01,-3.90,-4.42]
2026-02-27 21:24:24 - M5Trainer - INFO -   [k_frac诊断] grad=None, k_frac=8.000001 mD
2026-02-27 21:24:58 - M5Trainer - INFO - [Step  2100/80000] A | L=4.5504e+01 | 674.4s
2026-02-27 21:24:58 - M5Trainer - INFO -   loss: IC=3.00e-02 BC=3.88e-02 PDE=3.16e+02 Qg=3.34e-01 Sd=1.91e-02 TDS=0.00e+00
2026-02-27 21:24:58 - M5Trainer - INFO -   param: k=8.000mD dp=13.3 ng=1.085 nw=4.407 Sw=[0.131,0.214] | A(t)=[-2.73,-3.72,-4.30]
2026-02-27 21:25:32 - M5Trainer - INFO - [Step  2200/80000] A | L=4.7058e+01 | 708.3s
2026-02-27 21:25:32 - M5Trainer - INFO -   loss: IC=2.36e-02 BC=2.07e-02 PDE=3.22e+02 Qg=3.31e-01 Sd=2.12e-02 TDS=0.00e+00
2026-02-27 21:25:32 - M5Trainer - INFO -   param: k=8.000mD dp=13.3 ng=1.085 nw=4.407 Sw=[0.133,0.224] | A(t)=[-2.72,-3.78,-4.39]
2026-02-27 21:26:06 - M5Trainer - INFO - [Step  2300/80000] A | L=4.1411e+01 | 742.0s
2026-02-27 21:26:06 - M5Trainer - INFO -   loss: IC=2.20e-02 BC=2.42e-02 PDE=3.09e+02 Qg=3.30e-01 Sd=2.80e-02 TDS=0.00e+00
2026-02-27 21:26:06 - M5Trainer - INFO -   param: k=8.000mD dp=13.3 ng=1.085 nw=4.407 Sw=[0.136,0.210] | A(t)=[-2.75,-3.84,-4.46]
2026-02-27 21:26:40 - M5Trainer - INFO - [Step  2400/80000] A | L=4.6403e+01 | 776.2s
2026-02-27 21:26:40 - M5Trainer - INFO -   loss: IC=2.15e-02 BC=2.32e-02 PDE=3.16e+02 Qg=3.26e-01 Sd=2.64e-02 TDS=0.00e+00
2026-02-27 21:26:40 - M5Trainer - INFO -   param: k=8.000mD dp=13.3 ng=1.085 nw=4.407 Sw=[0.133,0.220] | A(t)=[-2.70,-3.83,-4.46]
2026-02-27 21:27:15 - M5Trainer - INFO -   [Sw监控] SY9: Sw=[0.1254, 0.1714, 0.2173], krg_min=6.751000e-01
2026-02-27 21:27:15 - M5Trainer - INFO - [Step  2500/80000] A | L=4.6530e+01 | 810.7s
2026-02-27 21:27:15 - M5Trainer - INFO -   loss: IC=1.61e-02 BC=3.49e-02 PDE=3.45e+02 Qg=3.18e-01 Sd=4.20e-02 TDS=0.00e+00
2026-02-27 21:27:15 - M5Trainer - INFO -   param: k=8.000mD dp=13.3 ng=1.085 nw=4.407 Sw=[0.135,0.208] | A(t)=[-2.91,-4.04,-4.65]
2026-02-27 21:27:15 - M5Trainer - INFO -   [k_frac诊断] grad=None, k_frac=8.000001 mD
2026-02-27 21:27:49 - M5Trainer - INFO - [Step  2600/80000] A | L=3.9906e+01 | 845.4s
2026-02-27 21:27:49 - M5Trainer - INFO -   loss: IC=1.09e-02 BC=2.09e-02 PDE=3.39e+02 Qg=3.12e-01 Sd=4.49e-02 TDS=0.00e+00
2026-02-27 21:27:49 - M5Trainer - INFO -   param: k=8.000mD dp=13.3 ng=1.085 nw=4.407 Sw=[0.137,0.216] | A(t)=[-3.07,-4.19,-4.78]
2026-02-27 21:28:24 - M5Trainer - INFO - [Step  2700/80000] A | L=4.8128e+01 | 880.0s
2026-02-27 21:28:24 - M5Trainer - INFO -   loss: IC=1.32e-02 BC=2.41e-02 PDE=3.41e+02 Qg=3.09e-01 Sd=5.72e-02 TDS=0.00e+00
2026-02-27 21:28:24 - M5Trainer - INFO -   param: k=8.000mD dp=13.3 ng=1.085 nw=4.407 Sw=[0.132,0.202] | A(t)=[-3.10,-4.23,-4.81]
2026-02-27 21:28:58 - M5Trainer - INFO - [Step  2800/80000] A | L=4.7119e+01 | 914.6s
2026-02-27 21:28:58 - M5Trainer - INFO -   loss: IC=1.65e-02 BC=1.99e-02 PDE=3.42e+02 Qg=3.06e-01 Sd=6.80e-02 TDS=0.00e+00
2026-02-27 21:28:58 - M5Trainer - INFO -   param: k=8.000mD dp=13.3 ng=1.085 nw=4.407 Sw=[0.138,0.203] | A(t)=[-3.03,-4.19,-4.80]
2026-02-27 21:29:33 - M5Trainer - INFO - [Step  2900/80000] A | L=5.1389e+01 | 949.5s
2026-02-27 21:29:33 - M5Trainer - INFO -   loss: IC=4.20e-02 BC=3.78e-02 PDE=3.43e+02 Qg=3.05e-01 Sd=7.45e-02 TDS=0.00e+00
2026-02-27 21:29:33 - M5Trainer - INFO -   param: k=8.000mD dp=13.3 ng=1.085 nw=4.407 Sw=[0.138,0.201] | A(t)=[-3.15,-4.32,-4.92]
2026-02-27 21:30:09 - M5Trainer - INFO -   [Sw监控] SY9: Sw=[0.1347, 0.1770, 0.2230], krg_min=6.751000e-01
2026-02-27 21:30:09 - M5Trainer - INFO - [Step  3000/80000] A | L=3.7901e+01 | 984.8s
2026-02-27 21:30:09 - M5Trainer - INFO -   loss: IC=6.16e-02 BC=7.36e-02 PDE=3.74e+02 Qg=3.08e-01 Sd=7.93e-02 TDS=0.00e+00
2026-02-27 21:30:09 - M5Trainer - INFO -   param: k=8.000mD dp=13.3 ng=1.085 nw=4.407 Sw=[0.143,0.206] | A(t)=[-3.28,-4.45,-5.03]
2026-02-27 21:30:09 - M5Trainer - INFO -   [k_frac诊断] grad=None, k_frac=8.000001 mD
2026-02-27 21:30:44 - M5Trainer - INFO - [Step  3100/80000] A | L=5.0227e+01 | 1020.2s
2026-02-27 21:30:44 - M5Trainer - INFO -   loss: IC=7.00e-03 BC=2.39e-02 PDE=3.76e+02 Qg=3.06e-01 Sd=6.22e-02 TDS=0.00e+00
2026-02-27 21:30:44 - M5Trainer - INFO -   param: k=8.000mD dp=13.3 ng=1.085 nw=4.407 Sw=[0.132,0.258] | A(t)=[-3.26,-4.45,-5.03]
2026-02-27 21:31:20 - M5Trainer - INFO - [Step  3200/80000] A | L=4.1631e+01 | 1055.7s
2026-02-27 21:31:20 - M5Trainer - INFO -   loss: IC=3.76e-02 BC=6.15e-02 PDE=3.64e+02 Qg=3.04e-01 Sd=7.50e-02 TDS=0.00e+00
2026-02-27 21:31:20 - M5Trainer - INFO -   param: k=8.000mD dp=13.3 ng=1.085 nw=4.407 Sw=[0.082,0.251] | A(t)=[-3.27,-4.47,-5.05]
2026-02-27 21:31:55 - M5Trainer - INFO - [Step  3300/80000] A | L=3.6921e+01 | 1091.0s
2026-02-27 21:31:55 - M5Trainer - INFO -   loss: IC=2.20e-02 BC=3.24e-02 PDE=3.65e+02 Qg=2.99e-01 Sd=7.63e-02 TDS=0.00e+00
2026-02-27 21:31:55 - M5Trainer - INFO -   param: k=8.000mD dp=13.3 ng=1.085 nw=4.407 Sw=[0.093,0.212] | A(t)=[-3.02,-4.30,-4.94]
2026-02-27 21:32:31 - M5Trainer - INFO - [Step  3400/80000] A | L=4.9112e+01 | 1127.2s
2026-02-27 21:32:31 - M5Trainer - INFO -   loss: IC=2.41e-02 BC=2.35e-02 PDE=3.62e+02 Qg=3.23e-01 Sd=6.26e-02 TDS=0.00e+00
2026-02-27 21:32:31 - M5Trainer - INFO -   param: k=8.000mD dp=13.3 ng=1.085 nw=4.407 Sw=[0.086,0.234] | A(t)=[-3.23,-4.50,-5.10]
2026-02-27 21:33:08 - M5Trainer - INFO -   [Sw监控] SY9: Sw=[0.0967, 0.1918, 0.3918], krg_min=5.339854e-01
2026-02-27 21:33:08 - M5Trainer - INFO - [Step  3500/80000] A | L=3.0951e+01 | 1164.6s
2026-02-27 21:33:08 - M5Trainer - INFO -   loss: IC=6.31e-02 BC=5.55e-02 PDE=3.88e+02 Qg=2.96e-01 Sd=8.51e-02 TDS=0.00e+00
2026-02-27 21:33:08 - M5Trainer - INFO -   param: k=8.000mD dp=13.3 ng=1.085 nw=4.407 Sw=[0.088,0.378] | A(t)=[-3.31,-4.56,-5.14]
2026-02-27 21:33:08 - M5Trainer - INFO -   [k_frac诊断] grad=None, k_frac=8.000001 mD
2026-02-27 21:33:46 - M5Trainer - INFO - [Step  3600/80000] A | L=5.7422e+01 | 1202.4s
2026-02-27 21:33:46 - M5Trainer - INFO -   loss: IC=2.10e-02 BC=1.62e-02 PDE=3.89e+02 Qg=3.05e-01 Sd=6.43e-02 TDS=0.00e+00
2026-02-27 21:33:46 - M5Trainer - INFO -   param: k=8.000mD dp=13.3 ng=1.085 nw=4.407 Sw=[0.105,0.260] | A(t)=[-3.71,-4.91,-5.44]
2026-02-27 21:34:24 - M5Trainer - INFO - [Step  3700/80000] A | L=4.7682e+01 | 1240.1s
2026-02-27 21:34:24 - M5Trainer - INFO -   loss: IC=1.84e-02 BC=3.71e-02 PDE=3.87e+02 Qg=2.89e-01 Sd=6.27e-02 TDS=0.00e+00
2026-02-27 21:34:24 - M5Trainer - INFO -   param: k=8.000mD dp=13.3 ng=1.085 nw=4.407 Sw=[0.088,0.355] | A(t)=[-3.47,-4.71,-5.28]
2026-02-27 21:35:02 - M5Trainer - INFO - [Step  3800/80000] A | L=3.7279e+01 | 1277.9s
2026-02-27 21:35:02 - M5Trainer - INFO -   loss: IC=4.27e-02 BC=5.34e-02 PDE=3.78e+02 Qg=2.90e-01 Sd=7.58e-02 TDS=0.00e+00
2026-02-27 21:35:02 - M5Trainer - INFO -   param: k=8.000mD dp=13.3 ng=1.085 nw=4.407 Sw=[0.100,0.265] | A(t)=[-3.32,-4.61,-5.20]
2026-02-27 21:35:40 - M5Trainer - INFO - [Step  3900/80000] A | L=4.5656e+01 | 1315.9s
2026-02-27 21:35:40 - M5Trainer - INFO -   loss: IC=1.94e-02 BC=2.48e-02 PDE=3.75e+02 Qg=2.91e-01 Sd=7.10e-02 TDS=0.00e+00
2026-02-27 21:35:40 - M5Trainer - INFO -   param: k=8.000mD dp=13.3 ng=1.085 nw=4.407 Sw=[0.094,0.263] | A(t)=[-3.04,-4.40,-5.05]
2026-02-27 21:36:18 - M5Trainer - INFO -   [Sw监控] SY9: Sw=[0.1118, 0.2051, 0.3744], krg_min=5.525070e-01
2026-02-27 21:36:18 - M5Trainer - INFO - [Step  4000/80000] A | L=5.5523e+01 | 1354.4s
2026-02-27 21:36:18 - M5Trainer - INFO -   loss: IC=2.21e-02 BC=3.09e-02 PDE=3.94e+02 Qg=3.09e-01 Sd=5.53e-02 TDS=0.00e+00
2026-02-27 21:36:18 - M5Trainer - INFO -   param: k=8.000mD dp=13.3 ng=1.085 nw=4.407 Sw=[0.098,0.236] | A(t)=[-2.93,-4.37,-5.05]
2026-02-27 21:36:18 - M5Trainer - INFO -   [k_frac诊断] grad=None, k_frac=8.000001 mD
2026-02-27 21:36:57 - M5Trainer - INFO - [Step  4100/80000] A | L=4.6923e+01 | 1393.1s
2026-02-27 21:36:57 - M5Trainer - INFO -   loss: IC=2.09e-02 BC=2.05e-02 PDE=4.04e+02 Qg=3.00e-01 Sd=4.86e-02 TDS=0.00e+00
2026-02-27 21:36:57 - M5Trainer - INFO -   param: k=8.000mD dp=13.3 ng=1.085 nw=4.407 Sw=[0.087,0.305] | A(t)=[-2.94,-4.42,-5.11]
2026-02-27 21:37:36 - M5Trainer - INFO - [Step  4200/80000] A | L=3.6220e+01 | 1432.0s
2026-02-27 21:37:36 - M5Trainer - INFO -   loss: IC=1.46e-02 BC=3.02e-02 PDE=4.05e+02 Qg=2.64e-01 Sd=6.87e-02 TDS=0.00e+00
2026-02-27 21:37:36 - M5Trainer - INFO -   param: k=8.000mD dp=13.3 ng=1.085 nw=4.407 Sw=[0.089,0.380] | A(t)=[-3.00,-4.47,-5.15]
2026-02-27 21:38:15 - M5Trainer - INFO - [Step  4300/80000] A | L=2.9585e+01 | 1471.1s
2026-02-27 21:38:15 - M5Trainer - INFO -   loss: IC=4.27e-02 BC=5.68e-02 PDE=4.05e+02 Qg=2.63e-01 Sd=5.65e-02 TDS=0.00e+00
2026-02-27 21:38:15 - M5Trainer - INFO -   param: k=8.000mD dp=13.3 ng=1.085 nw=4.407 Sw=[0.089,0.351] | A(t)=[-3.23,-4.67,-5.30]
2026-02-27 21:38:54 - M5Trainer - INFO - [Step  4400/80000] A | L=3.3499e+01 | 1510.3s
2026-02-27 21:38:54 - M5Trainer - INFO -   loss: IC=3.04e-02 BC=3.04e-02 PDE=3.97e+02 Qg=2.56e-01 Sd=5.46e-02 TDS=0.00e+00
2026-02-27 21:38:54 - M5Trainer - INFO -   param: k=8.000mD dp=13.3 ng=1.085 nw=4.407 Sw=[0.074,0.377] | A(t)=[-3.73,-5.07,-5.61]
2026-02-27 21:39:33 - M5Trainer - INFO -   [Sw监控] SY9: Sw=[0.1213, 0.2531, 0.4204], krg_min=5.037354e-01
2026-02-27 21:39:33 - M5Trainer - INFO - [Step  4500/80000] A | L=3.9936e+01 | 1549.5s
2026-02-27 21:39:33 - M5Trainer - INFO -   loss: IC=3.34e-02 BC=2.26e-02 PDE=4.22e+02 Qg=2.49e-01 Sd=7.98e-02 TDS=0.00e+00
2026-02-27 21:39:33 - M5Trainer - INFO -   param: k=8.000mD dp=13.3 ng=1.085 nw=4.407 Sw=[0.080,0.383] | A(t)=[-3.75,-5.09,-5.61]
2026-02-27 21:39:33 - M5Trainer - INFO -   [k_frac诊断] grad=None, k_frac=8.000001 mD
2026-02-27 21:40:13 - M5Trainer - INFO - [Step  4600/80000] A | L=3.7449e+01 | 1589.5s
2026-02-27 21:40:13 - M5Trainer - INFO -   loss: IC=2.41e-02 BC=2.77e-02 PDE=4.32e+02 Qg=2.49e-01 Sd=7.70e-02 TDS=0.00e+00
2026-02-27 21:40:13 - M5Trainer - INFO -   param: k=8.000mD dp=13.3 ng=1.085 nw=4.407 Sw=[0.078,0.376] | A(t)=[-3.21,-4.68,-5.31]
2026-02-27 21:40:53 - M5Trainer - INFO - [Step  4700/80000] A | L=2.7979e+01 | 1629.4s
2026-02-27 21:40:53 - M5Trainer - INFO -   loss: IC=2.47e-02 BC=2.10e-02 PDE=4.30e+02 Qg=2.41e-01 Sd=7.51e-02 TDS=0.00e+00
2026-02-27 21:40:53 - M5Trainer - INFO -   param: k=8.000mD dp=13.3 ng=1.085 nw=4.407 Sw=[0.076,0.409] | A(t)=[-3.38,-4.85,-5.45]
2026-02-27 21:41:33 - M5Trainer - INFO - [Step  4800/80000] A | L=4.4149e+01 | 1669.3s
2026-02-27 21:41:33 - M5Trainer - INFO -   loss: IC=1.54e-02 BC=2.09e-02 PDE=4.19e+02 Qg=2.36e-01 Sd=6.69e-02 TDS=0.00e+00
2026-02-27 21:41:33 - M5Trainer - INFO -   param: k=8.000mD dp=13.3 ng=1.085 nw=4.407 Sw=[0.086,0.431] | A(t)=[-3.45,-4.90,-5.48]
2026-02-27 21:42:13 - M5Trainer - INFO - [Step  4900/80000] A | L=3.9681e+01 | 1709.3s
2026-02-27 21:42:13 - M5Trainer - INFO -   loss: IC=2.90e-02 BC=2.55e-02 PDE=4.35e+02 Qg=2.36e-01 Sd=7.14e-02 TDS=0.00e+00
2026-02-27 21:42:13 - M5Trainer - INFO -   param: k=8.000mD dp=13.3 ng=1.085 nw=4.407 Sw=[0.101,0.439] | A(t)=[-3.47,-4.95,-5.52]
2026-02-27 21:42:54 - M5Trainer - INFO -   [Sw监控] SY9: Sw=[0.1070, 0.2685, 0.4413], krg_min=4.817837e-01
2026-02-27 21:42:54 - M5Trainer - INFO - [Step  5000/80000] A | L=3.2681e+01 | 1749.8s
2026-02-27 21:42:54 - M5Trainer - INFO -   loss: IC=2.47e-02 BC=2.58e-02 PDE=4.29e+02 Qg=2.31e-01 Sd=6.67e-02 TDS=0.00e+00
2026-02-27 21:42:54 - M5Trainer - INFO -   param: k=8.000mD dp=13.3 ng=1.085 nw=4.407 Sw=[0.090,0.437] | A(t)=[-3.68,-5.08,-5.61]
2026-02-27 21:42:54 - M5Trainer - INFO -   [k_frac诊断] grad=None, k_frac=8.000001 mD
2026-02-27 21:43:35 - M5Trainer - INFO - [Step  5100/80000] A | L=4.1269e+01 | 1790.7s
2026-02-27 21:43:35 - M5Trainer - INFO -   loss: IC=2.16e-02 BC=5.00e-02 PDE=4.29e+02 Qg=2.30e-01 Sd=6.05e-02 TDS=0.00e+00
2026-02-27 21:43:35 - M5Trainer - INFO -   param: k=8.000mD dp=13.3 ng=1.085 nw=4.407 Sw=[0.101,0.411] | A(t)=[-3.67,-5.12,-5.65]
2026-02-27 21:44:15 - M5Trainer - INFO - [Step  5200/80000] A | L=4.0117e+01 | 1831.7s
2026-02-27 21:44:15 - M5Trainer - INFO -   loss: IC=2.65e-02 BC=2.73e-02 PDE=4.36e+02 Qg=2.32e-01 Sd=4.90e-02 TDS=0.00e+00
2026-02-27 21:44:15 - M5Trainer - INFO -   param: k=8.000mD dp=13.3 ng=1.085 nw=4.407 Sw=[0.081,0.436] | A(t)=[-3.18,-4.73,-5.35]
2026-02-27 21:44:56 - M5Trainer - INFO - [Step  5300/80000] A | L=4.3609e+01 | 1872.5s
2026-02-27 21:44:56 - M5Trainer - INFO -   loss: IC=2.33e-02 BC=2.70e-02 PDE=4.30e+02 Qg=2.44e-01 Sd=4.45e-02 TDS=0.00e+00
2026-02-27 21:44:56 - M5Trainer - INFO -   param: k=8.000mD dp=13.3 ng=1.085 nw=4.407 Sw=[0.096,0.444] | A(t)=[-3.22,-4.78,-5.39]
2026-02-27 21:45:38 - M5Trainer - INFO - [Step  5400/80000] A | L=3.2559e+01 | 1913.8s
2026-02-27 21:45:38 - M5Trainer - INFO -   loss: IC=1.06e-02 BC=3.31e-02 PDE=4.29e+02 Qg=2.30e-01 Sd=4.41e-02 TDS=0.00e+00
2026-02-27 21:45:38 - M5Trainer - INFO -   param: k=8.000mD dp=13.3 ng=1.085 nw=4.407 Sw=[0.110,0.393] | A(t)=[-3.08,-4.70,-5.33]
2026-02-27 21:46:19 - M5Trainer - INFO -   [Sw监控] SY9: Sw=[0.0750, 0.2623, 0.4450], krg_min=4.778698e-01
2026-02-27 21:46:19 - M5Trainer - INFO - [Step  5500/80000] A | L=2.7871e+01 | 1955.4s
2026-02-27 21:46:19 - M5Trainer - INFO -   loss: IC=2.83e-02 BC=2.53e-02 PDE=4.44e+02 Qg=2.27e-01 Sd=4.24e-02 TDS=0.00e+00
2026-02-27 21:46:19 - M5Trainer - INFO -   param: k=8.000mD dp=13.3 ng=1.085 nw=4.407 Sw=[0.102,0.445] | A(t)=[-3.25,-4.84,-5.44]
2026-02-27 21:46:19 - M5Trainer - INFO -   [k_frac诊断] grad=None, k_frac=8.000001 mD
2026-02-27 21:47:01 - M5Trainer - INFO - [Step  5600/80000] A | L=3.1211e+01 | 1997.3s
2026-02-27 21:47:01 - M5Trainer - INFO -   loss: IC=2.05e-02 BC=2.62e-02 PDE=4.38e+02 Qg=2.25e-01 Sd=4.10e-02 TDS=0.00e+00
2026-02-27 21:47:01 - M5Trainer - INFO -   param: k=8.000mD dp=13.3 ng=1.085 nw=4.407 Sw=[0.095,0.413] | A(t)=[-3.37,-4.94,-5.51]
2026-02-27 21:47:43 - M5Trainer - INFO - [Step  5700/80000] A | L=3.8336e+01 | 2039.6s
2026-02-27 21:47:43 - M5Trainer - INFO -   loss: IC=8.17e-03 BC=1.35e-02 PDE=4.50e+02 Qg=2.25e-01 Sd=3.75e-02 TDS=0.00e+00
2026-02-27 21:47:43 - M5Trainer - INFO -   param: k=8.000mD dp=13.3 ng=1.085 nw=4.407 Sw=[0.104,0.411] | A(t)=[-3.88,-5.33,-5.79]
2026-02-27 21:48:26 - M5Trainer - INFO - [Step  5800/80000] A | L=2.8346e+01 | 2082.2s
2026-02-27 21:48:26 - M5Trainer - INFO -   loss: IC=2.32e-02 BC=2.22e-02 PDE=4.46e+02 Qg=2.33e-01 Sd=4.08e-02 TDS=0.00e+00
2026-02-27 21:48:26 - M5Trainer - INFO -   param: k=8.000mD dp=13.3 ng=1.085 nw=4.407 Sw=[0.096,0.441] | A(t)=[-4.26,-5.59,-5.99]
2026-02-27 21:49:08 - M5Trainer - INFO - [Step  5900/80000] A | L=4.6848e+01 | 2124.2s
2026-02-27 21:49:08 - M5Trainer - INFO -   loss: IC=1.33e-02 BC=1.98e-02 PDE=4.46e+02 Qg=2.30e-01 Sd=2.98e-02 TDS=0.00e+00
2026-02-27 21:49:08 - M5Trainer - INFO -   param: k=8.000mD dp=13.3 ng=1.085 nw=4.407 Sw=[0.100,0.445] | A(t)=[-4.06,-5.46,-5.89]
2026-02-27 21:49:51 - M5Trainer - INFO -   [Sw监控] SY9: Sw=[0.1148, 0.2887, 0.4466], krg_min=4.762178e-01
2026-02-27 21:49:51 - M5Trainer - INFO - [Step  6000/80000] A | L=4.2593e+01 | 2166.9s
2026-02-27 21:49:51 - M5Trainer - INFO -   loss: IC=8.59e-03 BC=2.25e-02 PDE=4.46e+02 Qg=2.27e-01 Sd=4.06e-02 TDS=0.00e+00
2026-02-27 21:49:51 - M5Trainer - INFO -   param: k=8.000mD dp=13.3 ng=1.085 nw=4.407 Sw=[0.085,0.415] | A(t)=[-3.62,-5.17,-5.68]
2026-02-27 21:49:51 - M5Trainer - INFO -   [k_frac诊断] grad=None, k_frac=8.000001 mD
2026-02-27 21:50:33 - M5Trainer - INFO - [Step  6100/80000] A | L=3.7469e+01 | 2209.7s
2026-02-27 21:50:33 - M5Trainer - INFO -   loss: IC=3.92e-02 BC=6.37e-02 PDE=4.55e+02 Qg=2.19e-01 Sd=4.74e-02 TDS=0.00e+00
2026-02-27 21:50:33 - M5Trainer - INFO -   param: k=8.000mD dp=13.3 ng=1.085 nw=4.407 Sw=[0.088,0.406] | A(t)=[-3.45,-5.06,-5.61]
2026-02-27 21:51:17 - M5Trainer - INFO - [Step  6200/80000] A | L=4.1240e+01 | 2253.0s
2026-02-27 21:51:17 - M5Trainer - INFO -   loss: IC=2.68e-02 BC=2.51e-02 PDE=4.45e+02 Qg=2.20e-01 Sd=3.71e-02 TDS=0.00e+00
2026-02-27 21:51:17 - M5Trainer - INFO -   param: k=8.000mD dp=13.3 ng=1.085 nw=4.407 Sw=[0.086,0.413] | A(t)=[-3.34,-5.00,-5.58]
2026-02-27 21:52:00 - M5Trainer - INFO - [Step  6300/80000] A | L=3.7557e+01 | 2296.5s
2026-02-27 21:52:00 - M5Trainer - INFO -   loss: IC=1.99e-02 BC=3.90e-02 PDE=4.60e+02 Qg=2.14e-01 Sd=4.83e-02 TDS=0.00e+00
2026-02-27 21:52:00 - M5Trainer - INFO -   param: k=8.000mD dp=13.3 ng=1.085 nw=4.407 Sw=[0.073,0.425] | A(t)=[-3.31,-5.03,-5.63]
2026-02-27 21:52:44 - M5Trainer - INFO - [Step  6400/80000] B | L=8.1796e+01 | 2340.6s
2026-02-27 21:52:44 - M5Trainer - INFO -   loss: IC=1.01e-02 BC=2.28e-02 PDE=4.52e+02 Qg=2.14e-01 Sd=3.34e-02 TDS=1.61e-01
2026-02-27 21:52:44 - M5Trainer - INFO -   param: k=8.000mD dp=13.3 ng=1.085 nw=4.407 Sw=[0.061,0.447] | A(t)=[-3.36,-5.12,-5.70]
2026-02-27 21:53:28 - M5Trainer - INFO -   [Sw监控] SY9: Sw=[0.1225, 0.3014, 0.4478], krg_min=4.749681e-01
2026-02-27 21:53:28 - M5Trainer - INFO - [Step  6500/80000] B | L=8.6965e+01 | 2384.3s
2026-02-27 21:53:28 - M5Trainer - INFO -   loss: IC=2.03e-02 BC=3.31e-02 PDE=4.51e+02 Qg=2.16e-01 Sd=2.49e-02 TDS=1.63e-01
2026-02-27 21:53:28 - M5Trainer - INFO -   param: k=8.000mD dp=13.3 ng=1.085 nw=4.407 Sw=[0.084,0.420] | A(t)=[-3.29,-5.10,-5.70]
2026-02-27 21:53:28 - M5Trainer - INFO -   [k_frac诊断] grad=None, k_frac=8.000001 mD
2026-02-27 21:54:12 - M5Trainer - INFO - [Step  6600/80000] B | L=7.5139e+01 | 2428.6s
2026-02-27 21:54:12 - M5Trainer - INFO -   loss: IC=2.71e-02 BC=4.35e-02 PDE=4.45e+02 Qg=2.21e-01 Sd=1.90e-02 TDS=2.01e-01
2026-02-27 21:54:12 - M5Trainer - INFO -   param: k=8.000mD dp=13.3 ng=1.085 nw=4.407 Sw=[0.074,0.415] | A(t)=[-3.31,-5.15,-5.75]
2026-02-27 21:54:57 - M5Trainer - INFO - [Step  6700/80000] B | L=7.9169e+01 | 2473.1s
2026-02-27 21:54:57 - M5Trainer - INFO -   loss: IC=6.95e-02 BC=7.11e-02 PDE=4.55e+02 Qg=2.16e-01 Sd=2.14e-02 TDS=1.83e-01
2026-02-27 21:54:57 - M5Trainer - INFO -   param: k=8.000mD dp=13.3 ng=1.085 nw=4.407 Sw=[0.077,0.432] | A(t)=[-3.75,-5.44,-5.93]
2026-02-27 21:55:42 - M5Trainer - INFO - [Step  6800/80000] B | L=7.0403e+01 | 2517.7s
2026-02-27 21:55:42 - M5Trainer - INFO -   loss: IC=3.59e-02 BC=5.06e-02 PDE=4.55e+02 Qg=2.10e-01 Sd=1.78e-02 TDS=1.68e-01
2026-02-27 21:55:42 - M5Trainer - INFO -   param: k=8.000mD dp=13.3 ng=1.085 nw=4.407 Sw=[0.080,0.421] | A(t)=[-3.40,-5.22,-5.78]
2026-02-27 21:56:26 - M5Trainer - INFO - [Step  6900/80000] B | L=7.8579e+01 | 2562.4s
2026-02-27 21:56:26 - M5Trainer - INFO -   loss: IC=1.02e-02 BC=2.48e-02 PDE=4.64e+02 Qg=2.11e-01 Sd=2.00e-02 TDS=1.56e-01
2026-02-27 21:56:26 - M5Trainer - INFO -   param: k=8.000mD dp=13.3 ng=1.085 nw=4.407 Sw=[0.063,0.419] | A(t)=[-3.72,-5.46,-5.95]
2026-02-27 21:57:13 - M5Trainer - INFO -   [Sw监控] SY9: Sw=[0.0561, 0.2880, 0.4474], krg_min=4.753002e-01
2026-02-27 21:57:13 - M5Trainer - INFO - [Step  7000/80000] B | L=1.0384e+02 | 2609.3s
2026-02-27 21:57:13 - M5Trainer - INFO -   loss: IC=9.13e-03 BC=1.89e-02 PDE=4.70e+02 Qg=2.16e-01 Sd=1.76e-02 TDS=1.77e-01
2026-02-27 21:57:13 - M5Trainer - INFO -   param: k=8.000mD dp=13.3 ng=1.085 nw=4.407 Sw=[0.073,0.432] | A(t)=[-4.87,-6.17,-6.46]
2026-02-27 21:57:13 - M5Trainer - INFO -   [k_frac诊断] grad=None, k_frac=8.000001 mD
2026-02-27 21:57:57 - M5Trainer - INFO - [Step  7100/80000] B | L=6.7689e+01 | 2653.3s
2026-02-27 21:57:57 - M5Trainer - INFO -   loss: IC=2.81e-02 BC=4.12e-02 PDE=4.54e+02 Qg=2.17e-01 Sd=1.17e-02 TDS=1.48e-01
2026-02-27 21:57:57 - M5Trainer - INFO -   param: k=8.000mD dp=13.3 ng=1.085 nw=4.407 Sw=[0.075,0.419] | A(t)=[-5.56,-6.62,-6.81]
2026-02-27 21:58:41 - M5Trainer - INFO - [Step  7200/80000] B | L=6.0098e+01 | 2697.4s
2026-02-27 21:58:41 - M5Trainer - INFO -   loss: IC=4.63e-02 BC=4.30e-02 PDE=4.59e+02 Qg=2.12e-01 Sd=1.45e-02 TDS=1.89e-01
2026-02-27 21:58:41 - M5Trainer - INFO -   param: k=8.000mD dp=13.3 ng=1.085 nw=4.407 Sw=[0.073,0.439] | A(t)=[-6.43,-7.24,-7.37]
2026-02-27 21:59:25 - M5Trainer - INFO - [Step  7300/80000] B | L=1.0502e+02 | 2741.0s
2026-02-27 21:59:25 - M5Trainer - INFO -   loss: IC=1.82e-02 BC=1.42e-02 PDE=4.57e+02 Qg=2.09e-01 Sd=1.06e-02 TDS=2.07e-01
2026-02-27 21:59:25 - M5Trainer - INFO -   param: k=8.000mD dp=13.3 ng=1.085 nw=4.407 Sw=[0.077,0.436] | A(t)=[-6.87,-7.59,-7.69]
2026-02-27 22:00:11 - M5Trainer - INFO - [Step  7400/80000] B | L=7.0965e+01 | 2787.7s
2026-02-27 22:00:11 - M5Trainer - INFO -   loss: IC=3.39e-02 BC=8.00e-02 PDE=4.61e+02 Qg=2.20e-01 Sd=9.05e-03 TDS=1.63e-01
2026-02-27 22:00:11 - M5Trainer - INFO -   param: k=8.000mD dp=13.3 ng=1.085 nw=4.407 Sw=[0.086,0.444] | A(t)=[-6.52,-7.36,-7.48]
2026-02-27 22:00:55 - M5Trainer - INFO -   [Sw监控] SY9: Sw=[0.0621, 0.3121, 0.4474], krg_min=4.753472e-01
2026-02-27 22:00:55 - M5Trainer - INFO - [Step  7500/80000] B | L=8.1133e+01 | 2830.8s
2026-02-27 22:00:55 - M5Trainer - INFO -   loss: IC=5.53e-02 BC=4.81e-02 PDE=4.65e+02 Qg=2.15e-01 Sd=1.02e-02 TDS=1.87e-01
2026-02-27 22:00:55 - M5Trainer - INFO -   param: k=8.000mD dp=13.3 ng=1.085 nw=4.407 Sw=[0.067,0.391] | A(t)=[-6.09,-7.09,-7.24]
2026-02-27 22:00:55 - M5Trainer - INFO -   [k_frac诊断] grad=None, k_frac=8.000001 mD
2026-02-27 22:01:40 - M5Trainer - INFO - [Step  7600/80000] B | L=6.4629e+01 | 2875.7s
2026-02-27 22:01:40 - M5Trainer - INFO -   loss: IC=5.54e-02 BC=4.84e-02 PDE=4.66e+02 Qg=2.10e-01 Sd=1.06e-02 TDS=1.67e-01
2026-02-27 22:01:40 - M5Trainer - INFO -   param: k=8.000mD dp=13.3 ng=1.085 nw=4.407 Sw=[0.069,0.307] | A(t)=[-6.29,-7.21,-7.34]
2026-02-27 22:02:24 - M5Trainer - INFO - [Step  7700/80000] B | L=7.7458e+01 | 2920.3s
2026-02-27 22:02:24 - M5Trainer - INFO -   loss: IC=2.79e-02 BC=4.88e-02 PDE=4.70e+02 Qg=2.03e-01 Sd=1.03e-02 TDS=1.65e-01
2026-02-27 22:02:24 - M5Trainer - INFO -   param: k=8.000mD dp=13.3 ng=1.085 nw=4.407 Sw=[0.077,0.438] | A(t)=[-6.23,-7.14,-7.27]
2026-02-27 22:03:12 - M5Trainer - INFO - [Step  7800/80000] B | L=5.0006e+01 | 2967.7s
2026-02-27 22:03:12 - M5Trainer - INFO -   loss: IC=1.26e-01 BC=1.23e-01 PDE=4.65e+02 Qg=2.10e-01 Sd=1.06e-02 TDS=1.84e-01
2026-02-27 22:03:12 - M5Trainer - INFO -   param: k=8.000mD dp=13.3 ng=1.085 nw=4.407 Sw=[0.075,0.442] | A(t)=[-6.43,-7.29,-7.41]
2026-02-27 22:03:57 - M5Trainer - INFO - [Step  7900/80000] B | L=7.9848e+01 | 3012.8s
2026-02-27 22:03:57 - M5Trainer - INFO -   loss: IC=9.90e-03 BC=1.91e-02 PDE=4.74e+02 Qg=2.05e-01 Sd=1.00e-02 TDS=1.90e-01
2026-02-27 22:03:57 - M5Trainer - INFO -   param: k=8.000mD dp=13.3 ng=1.085 nw=4.407 Sw=[0.066,0.438] | A(t)=[-6.80,-7.60,-7.70]
2026-02-27 22:04:40 - M5Trainer - INFO -   [Sw监控] SY9: Sw=[0.0676, 0.2985, 0.4486], krg_min=4.740323e-01
2026-02-27 22:04:40 - M5Trainer - INFO - [Step  8000/80000] B | L=6.9474e+01 | 3056.3s
2026-02-27 22:04:40 - M5Trainer - INFO -   loss: IC=3.85e-02 BC=3.44e-02 PDE=4.71e+02 Qg=2.09e-01 Sd=1.09e-02 TDS=1.72e-01
2026-02-27 22:04:40 - M5Trainer - INFO -   param: k=8.000mD dp=13.3 ng=1.085 nw=4.407 Sw=[0.075,0.441] | A(t)=[-7.19,-7.95,-8.03]
2026-02-27 22:04:40 - M5Trainer - INFO -   [k_frac诊断] grad=None, k_frac=8.000001 mD
2026-02-27 22:05:27 - M5Trainer - INFO - [Step  8100/80000] B | L=9.3767e+01 | 3102.8s
2026-02-27 22:05:27 - M5Trainer - INFO -   loss: IC=3.42e-02 BC=6.59e-02 PDE=4.73e+02 Qg=2.07e-01 Sd=7.71e-03 TDS=1.87e-01
2026-02-27 22:05:27 - M5Trainer - INFO -   param: k=8.000mD dp=13.3 ng=1.085 nw=4.407 Sw=[0.077,0.403] | A(t)=[-6.96,-7.85,-7.95]
2026-02-27 22:06:14 - M5Trainer - INFO - [Step  8200/80000] B | L=7.8951e+01 | 3150.5s
2026-02-27 22:06:14 - M5Trainer - INFO -   loss: IC=1.28e-02 BC=2.26e-02 PDE=4.59e+02 Qg=2.06e-01 Sd=8.38e-03 TDS=1.65e-01
2026-02-27 22:06:14 - M5Trainer - INFO -   param: k=8.000mD dp=13.3 ng=1.085 nw=4.407 Sw=[0.082,0.361] | A(t)=[-7.39,-8.19,-8.27]
2026-02-27 22:07:02 - M5Trainer - INFO - [Step  8300/80000] B | L=7.7381e+01 | 3197.8s
2026-02-27 22:07:02 - M5Trainer - INFO -   loss: IC=4.61e-02 BC=1.84e-02 PDE=4.68e+02 Qg=2.10e-01 Sd=8.98e-03 TDS=1.67e-01
2026-02-27 22:07:02 - M5Trainer - INFO -   param: k=8.000mD dp=13.3 ng=1.085 nw=4.407 Sw=[0.073,0.402] | A(t)=[-7.45,-8.36,-8.45]
2026-02-27 22:07:48 - M5Trainer - INFO - [Step  8400/80000] B | L=7.6643e+01 | 3244.1s
2026-02-27 22:07:48 - M5Trainer - INFO -   loss: IC=1.47e-02 BC=2.00e-02 PDE=4.64e+02 Qg=2.03e-01 Sd=8.20e-03 TDS=1.68e-01
2026-02-27 22:07:48 - M5Trainer - INFO -   param: k=8.000mD dp=13.3 ng=1.085 nw=4.407 Sw=[0.079,0.441] | A(t)=[-7.45,-8.44,-8.53]
2026-02-27 22:08:33 - M5Trainer - INFO -   [Sw监控] SY9: Sw=[0.0981, 0.3121, 0.4488], krg_min=4.739084e-01
2026-02-27 22:08:33 - M5Trainer - INFO - [Step  8500/80000] B | L=8.2160e+01 | 3289.1s
2026-02-27 22:08:33 - M5Trainer - INFO -   loss: IC=1.43e-02 BC=3.89e-02 PDE=4.63e+02 Qg=2.09e-01 Sd=7.08e-03 TDS=1.55e-01
2026-02-27 22:08:33 - M5Trainer - INFO -   param: k=8.000mD dp=13.3 ng=1.085 nw=4.407 Sw=[0.077,0.424] | A(t)=[-7.47,-8.55,-8.65]
2026-02-27 22:08:33 - M5Trainer - INFO -   [k_frac诊断] grad=None, k_frac=8.000001 mD
2026-02-27 22:09:19 - M5Trainer - INFO - [Step  8600/80000] B | L=1.1737e+02 | 3334.8s
2026-02-27 22:09:19 - M5Trainer - INFO -   loss: IC=1.53e-02 BC=2.02e-02 PDE=4.63e+02 Qg=2.02e-01 Sd=8.68e-03 TDS=1.81e-01
2026-02-27 22:09:19 - M5Trainer - INFO -   param: k=8.000mD dp=13.3 ng=1.085 nw=4.407 Sw=[0.080,0.447] | A(t)=[-7.47,-8.66,-8.75]
2026-02-27 22:10:07 - M5Trainer - INFO - [Step  8700/80000] B | L=7.7693e+01 | 3383.5s
2026-02-27 22:10:07 - M5Trainer - INFO -   loss: IC=2.01e-02 BC=2.70e-02 PDE=4.72e+02 Qg=2.02e-01 Sd=9.14e-03 TDS=1.67e-01
2026-02-27 22:10:07 - M5Trainer - INFO -   param: k=8.000mD dp=13.3 ng=1.085 nw=4.407 Sw=[0.073,0.421] | A(t)=[-7.31,-8.56,-8.67]
2026-02-27 22:10:56 - M5Trainer - INFO - [Step  8800/80000] B | L=5.3237e+01 | 3432.5s
2026-02-27 22:10:56 - M5Trainer - INFO -   loss: IC=1.25e-01 BC=9.34e-02 PDE=4.72e+02 Qg=2.05e-01 Sd=8.10e-03 TDS=1.89e-01
2026-02-27 22:10:56 - M5Trainer - INFO -   param: k=8.000mD dp=13.3 ng=1.085 nw=4.407 Sw=[0.085,0.444] | A(t)=[-7.46,-8.65,-8.73]
2026-02-27 22:11:46 - M5Trainer - INFO - [Step  8900/80000] B | L=9.9136e+01 | 3481.7s
2026-02-27 22:11:46 - M5Trainer - INFO -   loss: IC=8.79e-02 BC=3.96e-02 PDE=4.71e+02 Qg=2.13e-01 Sd=6.18e-03 TDS=1.89e-01
2026-02-27 22:11:46 - M5Trainer - INFO -   param: k=8.000mD dp=13.3 ng=1.085 nw=4.407 Sw=[0.082,0.449] | A(t)=[-7.27,-8.58,-8.68]
2026-02-27 22:12:35 - M5Trainer - INFO -   [Sw监控] SY9: Sw=[0.0625, 0.3015, 0.4491], krg_min=4.735107e-01
2026-02-27 22:12:35 - M5Trainer - INFO -   [best更新] val_score=18.2403 (step 9000)
2026-02-27 22:12:35 - M5Trainer - INFO - [Step  9000/80000] B | L=7.8113e+01 | 3531.0s
2026-02-27 22:12:35 - M5Trainer - INFO -   loss: IC=1.74e-02 BC=3.37e-02 PDE=4.72e+02 Qg=2.04e-01 Sd=6.20e-03 TDS=1.89e-01
2026-02-27 22:12:35 - M5Trainer - INFO -   param: k=8.000mD dp=13.3 ng=1.085 nw=4.407 Sw=[0.082,0.439] | A(t)=[-7.38,-8.43,-8.50]
2026-02-27 22:12:35 - M5Trainer - INFO -   [k_frac诊断] grad=None, k_frac=8.000001 mD
2026-02-27 22:13:26 - M5Trainer - INFO - [Step  9100/80000] B | L=8.5084e+01 | 3581.9s
2026-02-27 22:13:26 - M5Trainer - INFO -   loss: IC=5.57e-03 BC=1.40e-02 PDE=4.68e+02 Qg=2.12e-01 Sd=1.16e-02 TDS=2.02e-01
2026-02-27 22:13:26 - M5Trainer - INFO -   param: k=8.000mD dp=13.3 ng=1.085 nw=4.407 Sw=[0.070,0.427] | A(t)=[-7.55,-8.60,-8.66]
2026-02-27 22:14:17 - M5Trainer - INFO - [Step  9200/80000] B | L=7.3597e+01 | 3633.2s
2026-02-27 22:14:17 - M5Trainer - INFO -   loss: IC=4.38e-02 BC=4.09e-02 PDE=4.71e+02 Qg=2.09e-01 Sd=7.21e-03 TDS=1.76e-01
2026-02-27 22:14:17 - M5Trainer - INFO -   param: k=8.000mD dp=13.3 ng=1.085 nw=4.407 Sw=[0.088,0.441] | A(t)=[-7.51,-8.72,-8.79]
2026-02-27 22:15:04 - M5Trainer - INFO - [Step  9300/80000] B | L=8.3948e+01 | 3679.9s
2026-02-27 22:15:04 - M5Trainer - INFO -   loss: IC=8.76e-03 BC=1.50e-02 PDE=4.80e+02 Qg=2.10e-01 Sd=1.10e-02 TDS=1.56e-01
2026-02-27 22:15:04 - M5Trainer - INFO -   param: k=8.000mD dp=13.3 ng=1.085 nw=4.407 Sw=[0.068,0.447] | A(t)=[-7.46,-8.68,-8.74]
2026-02-27 22:15:53 - M5Trainer - INFO - [Step  9400/80000] B | L=7.9122e+01 | 3729.4s
2026-02-27 22:15:53 - M5Trainer - INFO -   loss: IC=2.11e-02 BC=2.57e-02 PDE=4.75e+02 Qg=2.09e-01 Sd=6.89e-03 TDS=1.68e-01
2026-02-27 22:15:53 - M5Trainer - INFO -   param: k=8.000mD dp=13.3 ng=1.085 nw=4.407 Sw=[0.074,0.442] | A(t)=[-7.47,-8.70,-8.75]
2026-02-27 22:16:44 - M5Trainer - INFO -   [Sw监控] SY9: Sw=[0.0584, 0.3139, 0.4491], krg_min=4.735323e-01
2026-02-27 22:16:44 - M5Trainer - INFO - [Step  9500/80000] B | L=6.7394e+01 | 3779.8s
2026-02-27 22:16:44 - M5Trainer - INFO -   loss: IC=3.52e-02 BC=6.26e-02 PDE=4.78e+02 Qg=2.02e-01 Sd=5.67e-03 TDS=1.87e-01
2026-02-27 22:16:44 - M5Trainer - INFO -   param: k=8.000mD dp=13.3 ng=1.085 nw=4.407 Sw=[0.079,0.388] | A(t)=[-7.54,-8.67,-8.71]
2026-02-27 22:16:44 - M5Trainer - INFO -   [k_frac诊断] grad=None, k_frac=8.000001 mD
2026-02-27 22:17:34 - M5Trainer - INFO - [Step  9600/80000] B | L=8.2471e+01 | 3829.9s
2026-02-27 22:17:34 - M5Trainer - INFO -   loss: IC=2.22e-02 BC=4.03e-02 PDE=4.88e+02 Qg=2.03e-01 Sd=7.55e-03 TDS=1.74e-01
2026-02-27 22:17:34 - M5Trainer - INFO -   param: k=8.000mD dp=13.3 ng=1.085 nw=4.407 Sw=[0.074,0.438] | A(t)=[-7.06,-8.56,-8.61]
2026-02-27 22:18:25 - M5Trainer - INFO - [Step  9700/80000] B | L=6.2931e+01 | 3881.3s
2026-02-27 22:18:25 - M5Trainer - INFO -   loss: IC=1.49e-01 BC=1.26e-01 PDE=4.91e+02 Qg=2.03e-01 Sd=7.41e-03 TDS=1.69e-01
2026-02-27 22:18:25 - M5Trainer - INFO -   param: k=8.000mD dp=13.3 ng=1.085 nw=4.407 Sw=[0.072,0.413] | A(t)=[-6.91,-8.36,-8.42]
2026-02-27 22:19:17 - M5Trainer - INFO - [Step  9800/80000] B | L=7.4829e+01 | 3933.5s
2026-02-27 22:19:17 - M5Trainer - INFO -   loss: IC=2.20e-02 BC=4.17e-02 PDE=4.81e+02 Qg=2.05e-01 Sd=7.29e-03 TDS=2.13e-01
2026-02-27 22:19:17 - M5Trainer - INFO -   param: k=8.000mD dp=13.3 ng=1.085 nw=4.407 Sw=[0.064,0.439] | A(t)=[-7.33,-8.56,-8.60]
2026-02-27 22:20:10 - M5Trainer - INFO - [Step  9900/80000] B | L=7.8497e+01 | 3986.0s
2026-02-27 22:20:10 - M5Trainer - INFO -   loss: IC=1.74e-02 BC=2.62e-02 PDE=4.87e+02 Qg=2.06e-01 Sd=7.18e-03 TDS=1.90e-01
2026-02-27 22:20:10 - M5Trainer - INFO -   param: k=8.000mD dp=13.3 ng=1.085 nw=4.407 Sw=[0.063,0.444] | A(t)=[-7.48,-8.64,-8.67]
2026-02-27 22:20:58 - M5Trainer - INFO -   [Sw监控] SY9: Sw=[0.0589, 0.2862, 0.4492], krg_min=4.734161e-01
2026-02-27 22:20:58 - M5Trainer - INFO -   [best更新] val_score=17.3455 (step 10000)
2026-02-27 22:20:58 - M5Trainer - INFO - [Step 10000/80000] B | L=8.7992e+01 | 4034.6s
2026-02-27 22:20:58 - M5Trainer - INFO -   loss: IC=8.82e-03 BC=1.45e-02 PDE=4.83e+02 Qg=2.09e-01 Sd=7.06e-03 TDS=2.11e-01
2026-02-27 22:20:58 - M5Trainer - INFO -   param: k=8.000mD dp=13.3 ng=1.085 nw=4.407 Sw=[0.071,0.438] | A(t)=[-7.52,-8.64,-8.66]
2026-02-27 22:20:58 - M5Trainer - INFO -   [k_frac诊断] grad=None, k_frac=8.000001 mD
2026-02-27 22:21:48 - M5Trainer - INFO - [Step 10100/80000] B | L=8.1388e+01 | 4084.1s
2026-02-27 22:21:48 - M5Trainer - INFO -   loss: IC=1.40e-02 BC=2.57e-02 PDE=4.82e+02 Qg=2.11e-01 Sd=8.59e-03 TDS=1.89e-01
2026-02-27 22:21:48 - M5Trainer - INFO -   param: k=8.000mD dp=13.3 ng=1.085 nw=4.407 Sw=[0.068,0.390] | A(t)=[-7.52,-8.62,-8.64]
2026-02-27 22:22:38 - M5Trainer - INFO - [Step 10200/80000] B | L=7.4119e+01 | 4134.4s
2026-02-27 22:22:38 - M5Trainer - INFO -   loss: IC=2.27e-02 BC=3.84e-02 PDE=4.87e+02 Qg=2.05e-01 Sd=4.92e-03 TDS=1.99e-01
2026-02-27 22:22:38 - M5Trainer - INFO -   param: k=8.000mD dp=13.3 ng=1.085 nw=4.407 Sw=[0.077,0.411] | A(t)=[-7.33,-8.61,-8.63]
2026-02-27 22:23:31 - M5Trainer - INFO - [Step 10300/80000] B | L=7.5366e+01 | 4187.1s
2026-02-27 22:23:31 - M5Trainer - INFO -   loss: IC=1.91e-02 BC=4.19e-02 PDE=4.97e+02 Qg=2.04e-01 Sd=7.76e-03 TDS=1.85e-01
2026-02-27 22:23:31 - M5Trainer - INFO -   param: k=8.000mD dp=13.3 ng=1.085 nw=4.407 Sw=[0.075,0.433] | A(t)=[-7.39,-8.47,-8.48]
2026-02-27 22:24:21 - M5Trainer - INFO - [Step 10400/80000] B | L=8.3902e+01 | 4237.1s
2026-02-27 22:24:21 - M5Trainer - INFO -   loss: IC=1.60e-02 BC=2.32e-02 PDE=4.97e+02 Qg=2.06e-01 Sd=5.15e-03 TDS=1.85e-01
2026-02-27 22:24:21 - M5Trainer - INFO -   param: k=8.000mD dp=13.3 ng=1.085 nw=4.407 Sw=[0.087,0.407] | A(t)=[-7.33,-8.58,-8.60]
2026-02-27 22:25:14 - M5Trainer - INFO -   [Sw监控] SY9: Sw=[0.0527, 0.2966, 0.4493], krg_min=4.733852e-01
2026-02-27 22:25:14 - M5Trainer - INFO - [Step 10500/80000] B | L=7.9123e+01 | 4290.4s
2026-02-27 22:25:14 - M5Trainer - INFO -   loss: IC=1.29e-02 BC=9.32e-03 PDE=4.93e+02 Qg=2.04e-01 Sd=6.97e-03 TDS=2.02e-01
2026-02-27 22:25:14 - M5Trainer - INFO -   param: k=8.000mD dp=13.3 ng=1.085 nw=4.407 Sw=[0.088,0.441] | A(t)=[-7.34,-8.58,-8.59]
2026-02-27 22:25:14 - M5Trainer - INFO -   [k_frac诊断] grad=None, k_frac=8.000001 mD
2026-02-27 22:26:07 - M5Trainer - INFO - [Step 10600/80000] B | L=8.8187e+01 | 4343.5s
2026-02-27 22:26:07 - M5Trainer - INFO -   loss: IC=1.25e-02 BC=2.04e-02 PDE=4.87e+02 Qg=2.11e-01 Sd=7.48e-03 TDS=1.74e-01
2026-02-27 22:26:07 - M5Trainer - INFO -   param: k=8.000mD dp=13.3 ng=1.085 nw=4.407 Sw=[0.089,0.448] | A(t)=[-7.38,-8.59,-8.60]
2026-02-27 22:27:01 - M5Trainer - INFO - [Step 10700/80000] B | L=8.3789e+01 | 4397.3s
2026-02-27 22:27:01 - M5Trainer - INFO -   loss: IC=3.23e-02 BC=4.31e-02 PDE=4.93e+02 Qg=2.12e-01 Sd=5.60e-03 TDS=2.35e-01
2026-02-27 22:27:01 - M5Trainer - INFO -   param: k=8.000mD dp=13.3 ng=1.085 nw=4.407 Sw=[0.064,0.425] | A(t)=[-7.17,-8.52,-8.53]
2026-02-27 22:27:53 - M5Trainer - INFO - [Step 10800/80000] B | L=7.4369e+01 | 4449.5s
2026-02-27 22:27:53 - M5Trainer - INFO -   loss: IC=2.56e-02 BC=3.11e-02 PDE=4.88e+02 Qg=2.03e-01 Sd=7.07e-03 TDS=1.92e-01
2026-02-27 22:27:53 - M5Trainer - INFO -   param: k=8.000mD dp=13.3 ng=1.085 nw=4.407 Sw=[0.071,0.309] | A(t)=[-7.22,-8.63,-8.64]
2026-02-27 22:28:44 - M5Trainer - INFO - [Step 10900/80000] B | L=8.8532e+01 | 4500.7s
2026-02-27 22:28:44 - M5Trainer - INFO -   loss: IC=1.06e-02 BC=1.66e-02 PDE=4.90e+02 Qg=2.06e-01 Sd=4.72e-03 TDS=1.80e-01
2026-02-27 22:28:44 - M5Trainer - INFO -   param: k=8.000mD dp=13.3 ng=1.085 nw=4.407 Sw=[0.078,0.427] | A(t)=[-7.35,-8.63,-8.64]
2026-02-27 22:29:37 - M5Trainer - INFO -   [Sw监控] SY9: Sw=[0.0532, 0.3112, 0.4490], krg_min=4.736511e-01
2026-02-27 22:29:37 - M5Trainer - INFO - [Step 11000/80000] B | L=7.6020e+01 | 4553.6s
2026-02-27 22:29:37 - M5Trainer - INFO -   loss: IC=2.82e-02 BC=3.52e-02 PDE=4.94e+02 Qg=2.09e-01 Sd=5.58e-03 TDS=2.04e-01
2026-02-27 22:29:37 - M5Trainer - INFO -   param: k=8.000mD dp=13.3 ng=1.085 nw=4.407 Sw=[0.066,0.226] | A(t)=[-7.38,-8.61,-8.62]
2026-02-27 22:29:37 - M5Trainer - INFO -   [k_frac诊断] grad=None, k_frac=8.000001 mD
2026-02-27 22:30:29 - M5Trainer - INFO - [Step 11100/80000] B | L=8.6002e+01 | 4605.6s
2026-02-27 22:30:29 - M5Trainer - INFO -   loss: IC=1.14e-02 BC=1.52e-02 PDE=5.00e+02 Qg=2.10e-01 Sd=7.99e-03 TDS=1.94e-01
2026-02-27 22:30:29 - M5Trainer - INFO -   param: k=8.000mD dp=13.3 ng=1.085 nw=4.407 Sw=[0.086,0.428] | A(t)=[-7.43,-8.70,-8.71]
2026-02-27 22:31:23 - M5Trainer - INFO - [Step 11200/80000] B | L=8.2808e+01 | 4659.2s
2026-02-27 22:31:23 - M5Trainer - INFO -   loss: IC=7.13e-03 BC=1.85e-02 PDE=4.98e+02 Qg=2.02e-01 Sd=5.98e-03 TDS=1.75e-01
2026-02-27 22:31:23 - M5Trainer - INFO -   param: k=8.000mD dp=13.3 ng=1.085 nw=4.407 Sw=[0.066,0.447] | A(t)=[-7.26,-8.57,-8.58]
2026-02-27 22:32:21 - M5Trainer - INFO - [Step 11300/80000] B | L=8.5221e+01 | 4716.7s
2026-02-27 22:32:21 - M5Trainer - INFO -   loss: IC=8.77e-03 BC=1.41e-02 PDE=4.85e+02 Qg=2.00e-01 Sd=4.79e-03 TDS=2.07e-01
2026-02-27 22:32:21 - M5Trainer - INFO -   param: k=8.000mD dp=13.3 ng=1.085 nw=4.407 Sw=[0.076,0.430] | A(t)=[-7.30,-8.56,-8.56]
2026-02-27 22:33:14 - M5Trainer - INFO - [Step 11400/80000] B | L=8.7558e+01 | 4770.2s
2026-02-27 22:33:14 - M5Trainer - INFO -   loss: IC=1.03e-02 BC=1.67e-02 PDE=4.92e+02 Qg=2.00e-01 Sd=3.76e-03 TDS=1.91e-01
2026-02-27 22:33:14 - M5Trainer - INFO -   param: k=8.000mD dp=13.3 ng=1.085 nw=4.407 Sw=[0.082,0.216] | A(t)=[-7.39,-8.60,-8.60]
2026-02-27 22:34:10 - M5Trainer - INFO -   [Sw监控] SY9: Sw=[0.0534, 0.2994, 0.4493], krg_min=4.733421e-01
2026-02-27 22:34:10 - M5Trainer - INFO - [Step 11500/80000] B | L=8.9951e+01 | 4826.3s
2026-02-27 22:34:10 - M5Trainer - INFO -   loss: IC=5.10e-03 BC=9.50e-03 PDE=5.00e+02 Qg=2.01e-01 Sd=5.36e-03 TDS=2.08e-01
2026-02-27 22:34:10 - M5Trainer - INFO -   param: k=8.000mD dp=13.3 ng=1.085 nw=4.407 Sw=[0.073,0.445] | A(t)=[-7.29,-8.50,-8.50]
2026-02-27 22:34:10 - M5Trainer - INFO -   [k_frac诊断] grad=None, k_frac=8.000001 mD
2026-02-27 22:35:08 - M5Trainer - INFO - [Step 11600/80000] B | L=8.1438e+01 | 4884.4s
2026-02-27 22:35:08 - M5Trainer - INFO -   loss: IC=1.28e-02 BC=2.46e-02 PDE=5.00e+02 Qg=1.99e-01 Sd=3.77e-03 TDS=2.01e-01
2026-02-27 22:35:08 - M5Trainer - INFO -   param: k=8.000mD dp=13.3 ng=1.085 nw=4.407 Sw=[0.075,0.429] | A(t)=[-7.16,-8.57,-8.57]
2026-02-27 22:36:04 - M5Trainer - INFO - [Step 11700/80000] B | L=7.6976e+01 | 4940.2s
2026-02-27 22:36:04 - M5Trainer - INFO -   loss: IC=2.19e-02 BC=2.97e-02 PDE=4.98e+02 Qg=1.99e-01 Sd=3.93e-03 TDS=2.00e-01
2026-02-27 22:36:04 - M5Trainer - INFO -   param: k=8.000mD dp=13.3 ng=1.085 nw=4.407 Sw=[0.067,0.444] | A(t)=[-7.01,-8.52,-8.52]
2026-02-27 22:37:01 - M5Trainer - INFO - [Step 11800/80000] B | L=8.8233e+01 | 4996.8s
2026-02-27 22:37:01 - M5Trainer - INFO -   loss: IC=8.12e-03 BC=9.21e-03 PDE=5.04e+02 Qg=2.00e-01 Sd=4.41e-03 TDS=1.90e-01
2026-02-27 22:37:01 - M5Trainer - INFO -   param: k=8.000mD dp=13.3 ng=1.085 nw=4.407 Sw=[0.084,0.448] | A(t)=[-7.26,-8.54,-8.54]
2026-02-27 22:37:54 - M5Trainer - INFO - [Step 11900/80000] B | L=5.9368e+01 | 5050.5s
2026-02-27 22:37:54 - M5Trainer - INFO -   loss: IC=4.73e-02 BC=7.35e-02 PDE=4.97e+02 Qg=2.00e-01 Sd=3.72e-03 TDS=1.87e-01
2026-02-27 22:37:54 - M5Trainer - INFO -   param: k=8.000mD dp=13.3 ng=1.085 nw=4.407 Sw=[0.075,0.441] | A(t)=[-7.19,-8.46,-8.46]
2026-02-27 22:38:52 - M5Trainer - INFO -   [Sw监控] SY9: Sw=[0.0548, 0.3173, 0.4494], krg_min=4.732817e-01
2026-02-27 22:38:52 - M5Trainer - INFO -   [best更新] val_score=15.9789 (step 12000)
2026-02-27 22:38:52 - M5Trainer - INFO - [Step 12000/80000] B | L=5.6921e+01 | 5107.9s
2026-02-27 22:38:52 - M5Trainer - INFO -   loss: IC=1.49e-02 BC=2.22e-02 PDE=5.05e+02 Qg=2.04e-01 Sd=4.97e-03 TDS=2.11e-01
2026-02-27 22:38:52 - M5Trainer - INFO -   param: k=8.000mD dp=13.3 ng=1.085 nw=4.407 Sw=[0.077,0.446] | A(t)=[-7.17,-8.56,-8.56]
2026-02-27 22:38:52 - M5Trainer - INFO -   [k_frac诊断] grad=None, k_frac=8.000001 mD
2026-02-27 22:39:51 - M5Trainer - INFO - [Step 12100/80000] B | L=1.2532e+02 | 5167.5s
2026-02-27 22:39:51 - M5Trainer - INFO -   loss: IC=8.22e-03 BC=1.31e-02 PDE=5.08e+02 Qg=2.03e-01 Sd=5.62e-03 TDS=1.93e-01
2026-02-27 22:39:51 - M5Trainer - INFO -   param: k=8.000mD dp=13.3 ng=1.085 nw=4.407 Sw=[0.073,0.398] | A(t)=[-6.97,-8.39,-8.39]
2026-02-27 22:40:47 - M5Trainer - INFO - [Step 12200/80000] B | L=4.7501e+01 | 5223.6s
2026-02-27 22:40:47 - M5Trainer - INFO -   loss: IC=1.20e-01 BC=1.98e-01 PDE=5.04e+02 Qg=1.97e-01 Sd=4.47e-03 TDS=1.81e-01
2026-02-27 22:40:47 - M5Trainer - INFO -   param: k=8.000mD dp=13.3 ng=1.085 nw=4.407 Sw=[0.083,0.439] | A(t)=[-7.02,-8.34,-8.34]
2026-02-27 22:41:43 - M5Trainer - INFO - [Step 12300/80000] B | L=6.9036e+01 | 5279.4s
2026-02-27 22:41:43 - M5Trainer - INFO -   loss: IC=3.66e-02 BC=4.19e-02 PDE=5.11e+02 Qg=1.91e-01 Sd=5.47e-03 TDS=1.91e-01
2026-02-27 22:41:43 - M5Trainer - INFO -   param: k=8.000mD dp=13.3 ng=1.085 nw=4.407 Sw=[0.080,0.351] | A(t)=[-7.04,-8.34,-8.34]
2026-02-27 22:42:39 - M5Trainer - INFO - [Step 12400/80000] B | L=1.2309e+02 | 5335.5s
2026-02-27 22:42:39 - M5Trainer - INFO -   loss: IC=1.38e-02 BC=2.44e-02 PDE=5.03e+02 Qg=2.04e-01 Sd=5.43e-03 TDS=2.03e-01
2026-02-27 22:42:39 - M5Trainer - INFO -   param: k=8.000mD dp=13.3 ng=1.085 nw=4.407 Sw=[0.084,0.440] | A(t)=[-7.25,-8.39,-8.39]
2026-02-27 22:43:38 - M5Trainer - INFO -   [Sw监控] SY9: Sw=[0.0546, 0.3252, 0.4485], krg_min=4.742300e-01
2026-02-27 22:43:38 - M5Trainer - INFO - [Step 12500/80000] B | L=8.7407e+01 | 5393.9s
2026-02-27 22:43:38 - M5Trainer - INFO -   loss: IC=1.35e-02 BC=2.18e-02 PDE=5.03e+02 Qg=2.00e-01 Sd=4.34e-03 TDS=1.80e-01
2026-02-27 22:43:38 - M5Trainer - INFO -   param: k=8.000mD dp=13.3 ng=1.085 nw=4.407 Sw=[0.090,0.392] | A(t)=[-7.17,-8.37,-8.37]
2026-02-27 22:43:38 - M5Trainer - INFO -   [k_frac诊断] grad=None, k_frac=8.000001 mD
2026-02-27 22:44:36 - M5Trainer - INFO - [Step 12600/80000] B | L=6.8272e+01 | 5452.4s
2026-02-27 22:44:36 - M5Trainer - INFO -   loss: IC=3.36e-02 BC=4.66e-02 PDE=5.17e+02 Qg=1.91e-01 Sd=4.61e-03 TDS=2.00e-01
2026-02-27 22:44:36 - M5Trainer - INFO -   param: k=8.000mD dp=13.3 ng=1.085 nw=4.407 Sw=[0.079,0.446] | A(t)=[-7.01,-8.36,-8.36]
2026-02-27 22:45:33 - M5Trainer - INFO - [Step 12700/80000] B | L=1.1787e+02 | 5509.4s
2026-02-27 22:45:33 - M5Trainer - INFO -   loss: IC=1.72e-02 BC=3.00e-02 PDE=5.02e+02 Qg=1.96e-01 Sd=4.93e-03 TDS=2.32e-01
2026-02-27 22:45:33 - M5Trainer - INFO -   param: k=8.000mD dp=13.3 ng=1.085 nw=4.407 Sw=[0.080,0.444] | A(t)=[-6.92,-8.19,-8.19]
2026-02-27 22:46:34 - M5Trainer - INFO - [Step 12800/80000] B | L=9.2158e+01 | 5570.4s
2026-02-27 22:46:34 - M5Trainer - INFO -   loss: IC=7.63e-03 BC=1.15e-02 PDE=5.12e+02 Qg=2.00e-01 Sd=3.43e-03 TDS=2.32e-01
2026-02-27 22:46:34 - M5Trainer - INFO -   param: k=8.000mD dp=13.3 ng=1.085 nw=4.407 Sw=[0.078,0.374] | A(t)=[-7.30,-8.04,-8.04]
2026-02-27 22:47:33 - M5Trainer - INFO - [Step 12900/80000] B | L=9.2371e+01 | 5629.4s
2026-02-27 22:47:33 - M5Trainer - INFO -   loss: IC=9.21e-03 BC=1.49e-02 PDE=5.06e+02 Qg=2.06e-01 Sd=4.42e-03 TDS=2.39e-01
2026-02-27 22:47:33 - M5Trainer - INFO -   param: k=8.000mD dp=13.3 ng=1.085 nw=4.407 Sw=[0.076,0.418] | A(t)=[-7.29,-8.33,-8.33]
2026-02-27 22:48:32 - M5Trainer - INFO -   [Sw监控] SY9: Sw=[0.0513, 0.2980, 0.4494], krg_min=4.732210e-01
2026-02-27 22:48:32 - M5Trainer - INFO - [Step 13000/80000] B | L=9.0339e+01 | 5687.9s
2026-02-27 22:48:32 - M5Trainer - INFO -   loss: IC=5.07e-03 BC=1.24e-02 PDE=5.03e+02 Qg=2.00e-01 Sd=4.89e-03 TDS=2.25e-01
2026-02-27 22:48:32 - M5Trainer - INFO -   param: k=8.000mD dp=13.3 ng=1.085 nw=4.407 Sw=[0.066,0.447] | A(t)=[-7.03,-8.32,-8.32]
2026-02-27 22:48:32 - M5Trainer - INFO -   [k_frac诊断] grad=None, k_frac=8.000001 mD
2026-02-27 22:49:31 - M5Trainer - INFO - [Step 13100/80000] B | L=8.7389e+01 | 5747.1s
2026-02-27 22:49:31 - M5Trainer - INFO -   loss: IC=1.40e-02 BC=1.81e-02 PDE=5.16e+02 Qg=2.03e-01 Sd=5.25e-03 TDS=1.95e-01
2026-02-27 22:49:31 - M5Trainer - INFO -   param: k=8.000mD dp=13.3 ng=1.085 nw=4.407 Sw=[0.074,0.422] | A(t)=[-7.04,-8.42,-8.42]
2026-02-27 22:50:34 - M5Trainer - INFO - [Step 13200/80000] B | L=7.2613e+01 | 5810.1s
2026-02-27 22:50:34 - M5Trainer - INFO -   loss: IC=2.77e-02 BC=5.61e-02 PDE=5.03e+02 Qg=2.03e-01 Sd=5.95e-03 TDS=2.32e-01
2026-02-27 22:50:34 - M5Trainer - INFO -   param: k=8.000mD dp=13.3 ng=1.085 nw=4.407 Sw=[0.072,0.446] | A(t)=[-6.55,-8.52,-8.52]
2026-02-27 22:51:39 - M5Trainer - INFO - [Step 13300/80000] B | L=8.4994e+01 | 5875.2s
2026-02-27 22:51:39 - M5Trainer - INFO -   loss: IC=1.27e-02 BC=2.20e-02 PDE=5.04e+02 Qg=2.00e-01 Sd=4.94e-03 TDS=2.05e-01
2026-02-27 22:51:39 - M5Trainer - INFO -   param: k=8.000mD dp=13.3 ng=1.085 nw=4.407 Sw=[0.086,0.446] | A(t)=[-6.98,-8.37,-8.37]
2026-02-27 22:52:40 - M5Trainer - INFO - [Step 13400/80000] B | L=8.9390e+01 | 5936.4s
2026-02-27 22:52:40 - M5Trainer - INFO -   loss: IC=1.14e-02 BC=1.47e-02 PDE=5.11e+02 Qg=1.97e-01 Sd=4.31e-03 TDS=2.04e-01
2026-02-27 22:52:40 - M5Trainer - INFO -   param: k=8.000mD dp=13.3 ng=1.085 nw=4.407 Sw=[0.083,0.420] | A(t)=[-6.59,-8.38,-8.38]
2026-02-27 22:53:47 - M5Trainer - INFO -   [Sw监控] SY9: Sw=[0.1086, 0.3010, 0.4494], krg_min=4.732146e-01
2026-02-27 22:53:47 - M5Trainer - INFO - [Step 13500/80000] B | L=1.3685e+02 | 6003.6s
2026-02-27 22:53:47 - M5Trainer - INFO -   loss: IC=6.96e-03 BC=1.79e-02 PDE=5.17e+02 Qg=2.01e-01 Sd=2.79e-03 TDS=2.22e-01
2026-02-27 22:53:47 - M5Trainer - INFO -   param: k=8.000mD dp=13.3 ng=1.085 nw=4.407 Sw=[0.062,0.444] | A(t)=[-6.88,-8.35,-8.35]
2026-02-27 22:53:47 - M5Trainer - INFO -   [k_frac诊断] grad=None, k_frac=8.000001 mD
2026-02-27 22:54:53 - M5Trainer - INFO - [Step 13600/80000] B | L=1.2184e+02 | 6068.9s
2026-02-27 22:54:53 - M5Trainer - INFO -   loss: IC=1.52e-02 BC=2.14e-02 PDE=5.17e+02 Qg=1.97e-01 Sd=3.25e-03 TDS=2.15e-01
2026-02-27 22:54:53 - M5Trainer - INFO -   param: k=8.000mD dp=13.3 ng=1.085 nw=4.407 Sw=[0.069,0.449] | A(t)=[-6.97,-7.92,-7.92]
2026-02-27 22:55:53 - M5Trainer - INFO - [Step 13700/80000] B | L=1.1370e+02 | 6129.7s
2026-02-27 22:55:53 - M5Trainer - INFO -   loss: IC=1.53e-02 BC=2.18e-02 PDE=5.04e+02 Qg=1.97e-01 Sd=4.53e-03 TDS=2.20e-01
2026-02-27 22:55:53 - M5Trainer - INFO -   param: k=8.000mD dp=13.3 ng=1.085 nw=4.407 Sw=[0.069,0.449] | A(t)=[-6.76,-8.05,-8.05]
2026-02-27 22:56:54 - M5Trainer - INFO - [Step 13800/80000] B | L=1.1380e+02 | 6190.3s
2026-02-27 22:56:54 - M5Trainer - INFO -   loss: IC=1.90e-02 BC=1.91e-02 PDE=5.12e+02 Qg=1.93e-01 Sd=3.53e-03 TDS=2.02e-01
2026-02-27 22:56:54 - M5Trainer - INFO -   param: k=8.000mD dp=13.3 ng=1.085 nw=4.407 Sw=[0.073,0.447] | A(t)=[-6.85,-7.83,-7.83]
2026-02-27 22:57:55 - M5Trainer - INFO - [Step 13900/80000] B | L=1.1832e+02 | 6250.8s
2026-02-27 22:57:55 - M5Trainer - INFO -   loss: IC=1.06e-02 BC=3.23e-02 PDE=5.14e+02 Qg=1.97e-01 Sd=3.85e-03 TDS=2.11e-01
2026-02-27 22:57:55 - M5Trainer - INFO -   param: k=8.000mD dp=13.3 ng=1.085 nw=4.407 Sw=[0.073,0.233] | A(t)=[-7.05,-7.85,-7.85]
2026-02-27 22:58:59 - M5Trainer - INFO -   [Sw监控] SY9: Sw=[0.1133, 0.3165, 0.4489], krg_min=4.737471e-01
2026-02-27 22:58:59 - M5Trainer - INFO - [Step 14000/80000] B | L=8.7605e+01 | 6315.6s
2026-02-27 22:58:59 - M5Trainer - INFO -   loss: IC=1.50e-02 BC=2.85e-02 PDE=5.19e+02 Qg=1.96e-01 Sd=5.15e-03 TDS=1.99e-01
2026-02-27 22:58:59 - M5Trainer - INFO -   param: k=8.000mD dp=13.3 ng=1.085 nw=4.407 Sw=[0.072,0.416] | A(t)=[-6.98,-7.67,-7.67]
2026-02-27 22:58:59 - M5Trainer - INFO -   [k_frac诊断] grad=None, k_frac=8.000001 mD
2026-02-27 23:00:05 - M5Trainer - INFO - [Step 14100/80000] B | L=6.0219e+01 | 6381.3s
2026-02-27 23:00:05 - M5Trainer - INFO -   loss: IC=1.12e-01 BC=7.02e-02 PDE=5.26e+02 Qg=1.95e-01 Sd=4.04e-03 TDS=2.21e-01
2026-02-27 23:00:05 - M5Trainer - INFO -   param: k=8.000mD dp=13.3 ng=1.085 nw=4.407 Sw=[0.070,0.445] | A(t)=[-7.20,-7.93,-7.93]
2026-02-27 23:01:09 - M5Trainer - INFO - [Step 14200/80000] B | L=8.1994e+01 | 6444.7s
2026-02-27 23:01:09 - M5Trainer - INFO -   loss: IC=1.87e-02 BC=3.66e-02 PDE=5.19e+02 Qg=1.98e-01 Sd=4.71e-03 TDS=2.08e-01
2026-02-27 23:01:09 - M5Trainer - INFO -   param: k=8.000mD dp=13.3 ng=1.085 nw=4.407 Sw=[0.067,0.264] | A(t)=[-7.00,-8.12,-8.12]
2026-02-27 23:02:14 - M5Trainer - INFO - [Step 14300/80000] B | L=9.9051e+01 | 6510.1s
2026-02-27 23:02:14 - M5Trainer - INFO -   loss: IC=2.05e-02 BC=2.38e-02 PDE=5.16e+02 Qg=1.95e-01 Sd=3.90e-03 TDS=2.10e-01
2026-02-27 23:02:14 - M5Trainer - INFO -   param: k=8.000mD dp=13.3 ng=1.085 nw=4.407 Sw=[0.070,0.446] | A(t)=[-7.06,-8.23,-8.23]
2026-02-27 23:03:24 - M5Trainer - INFO - [Step 14400/80000] B | L=1.3733e+02 | 6580.7s
2026-02-27 23:03:24 - M5Trainer - INFO -   loss: IC=6.73e-03 BC=1.45e-02 PDE=5.20e+02 Qg=1.95e-01 Sd=1.88e-03 TDS=2.37e-01
2026-02-27 23:03:24 - M5Trainer - INFO -   param: k=8.000mD dp=13.3 ng=1.085 nw=4.407 Sw=[0.071,0.447] | A(t)=[-7.15,-8.34,-8.34]
2026-02-27 23:04:33 - M5Trainer - INFO -   [Sw监控] SY9: Sw=[0.1139, 0.2966, 0.4496], krg_min=4.730737e-01
2026-02-27 23:04:33 - M5Trainer - INFO - [Step 14500/80000] B | L=1.2465e+02 | 6648.7s
2026-02-27 23:04:33 - M5Trainer - INFO -   loss: IC=1.13e-02 BC=1.91e-02 PDE=5.19e+02 Qg=2.03e-01 Sd=4.30e-03 TDS=2.52e-01
2026-02-27 23:04:33 - M5Trainer - INFO -   param: k=8.000mD dp=13.3 ng=1.085 nw=4.407 Sw=[0.076,0.195] | A(t)=[-6.94,-7.87,-7.87]
2026-02-27 23:04:33 - M5Trainer - INFO -   [k_frac诊断] grad=None, k_frac=8.000001 mD
2026-02-27 23:05:36 - M5Trainer - INFO - [Step 14600/80000] B | L=9.4935e+01 | 6712.0s
2026-02-27 23:05:36 - M5Trainer - INFO -   loss: IC=8.83e-02 BC=2.23e-02 PDE=5.21e+02 Qg=1.99e-01 Sd=3.71e-03 TDS=2.13e-01
2026-02-27 23:05:36 - M5Trainer - INFO -   param: k=8.000mD dp=13.3 ng=1.085 nw=4.407 Sw=[0.066,0.363] | A(t)=[-7.14,-7.80,-7.80]
2026-02-27 23:06:39 - M5Trainer - INFO - [Step 14700/80000] B | L=1.0606e+02 | 6775.2s
2026-02-27 23:06:39 - M5Trainer - INFO -   loss: IC=3.34e-02 BC=4.36e-02 PDE=5.23e+02 Qg=1.96e-01 Sd=3.91e-03 TDS=2.02e-01
2026-02-27 23:06:39 - M5Trainer - INFO -   param: k=8.000mD dp=13.3 ng=1.085 nw=4.407 Sw=[0.071,0.440] | A(t)=[-7.16,-8.06,-8.06]
2026-02-27 23:08:07 - M5Trainer - INFO - [Step 14800/80000] B | L=9.7015e+01 | 6863.3s
2026-02-27 23:08:07 - M5Trainer - INFO -   loss: IC=1.84e-02 BC=2.85e-02 PDE=5.18e+02 Qg=1.97e-01 Sd=3.52e-03 TDS=2.60e-01
2026-02-27 23:08:07 - M5Trainer - INFO -   param: k=8.000mD dp=13.3 ng=1.085 nw=4.407 Sw=[0.077,0.422] | A(t)=[-6.90,-8.14,-8.14]
2026-02-27 23:09:20 - M5Trainer - INFO - [Step 14900/80000] B | L=7.2524e+01 | 6936.7s
2026-02-27 23:09:20 - M5Trainer - INFO -   loss: IC=6.40e-02 BC=4.71e-02 PDE=5.26e+02 Qg=2.01e-01 Sd=3.84e-03 TDS=2.31e-01
2026-02-27 23:09:20 - M5Trainer - INFO -   param: k=8.000mD dp=13.3 ng=1.085 nw=4.407 Sw=[0.075,0.445] | A(t)=[-6.91,-8.22,-8.22]
2026-02-27 23:10:33 - M5Trainer - INFO -   [Sw监控] SY9: Sw=[0.1287, 0.3092, 0.4496], krg_min=4.730721e-01
2026-02-27 23:10:33 - M5Trainer - INFO - [Step 15000/80000] B | L=1.2456e+02 | 7009.4s
2026-02-27 23:10:33 - M5Trainer - INFO -   loss: IC=2.37e-02 BC=2.51e-02 PDE=5.16e+02 Qg=2.01e-01 Sd=2.71e-03 TDS=2.20e-01
2026-02-27 23:10:33 - M5Trainer - INFO -   param: k=8.000mD dp=13.3 ng=1.085 nw=4.407 Sw=[0.082,0.421] | A(t)=[-7.03,-8.34,-8.34]
2026-02-27 23:10:33 - M5Trainer - INFO -   [k_frac诊断] grad=None, k_frac=8.000001 mD
2026-02-27 23:12:27 - M5Trainer - INFO - [Step 15100/80000] B | L=7.8980e+01 | 7123.3s
2026-02-27 23:12:27 - M5Trainer - INFO -   loss: IC=2.67e-02 BC=6.07e-02 PDE=5.23e+02 Qg=1.97e-01 Sd=4.12e-03 TDS=2.02e-01
2026-02-27 23:12:27 - M5Trainer - INFO -   param: k=8.000mD dp=13.3 ng=1.085 nw=4.407 Sw=[0.088,0.441] | A(t)=[-6.71,-8.04,-8.04]
2026-02-27 23:14:28 - M5Trainer - INFO - [Step 15200/80000] B | L=6.5892e+01 | 7243.7s
2026-02-27 23:14:28 - M5Trainer - INFO -   loss: IC=1.00e-01 BC=9.52e-02 PDE=5.21e+02 Qg=1.99e-01 Sd=2.93e-03 TDS=2.87e-01
2026-02-27 23:14:28 - M5Trainer - INFO -   param: k=8.000mD dp=13.3 ng=1.085 nw=4.407 Sw=[0.058,0.415] | A(t)=[-6.28,-8.03,-8.03]
2026-02-27 23:16:33 - M5Trainer - INFO - [Step 15300/80000] B | L=8.9533e+01 | 7368.9s
2026-02-27 23:16:33 - M5Trainer - INFO -   loss: IC=1.11e-02 BC=2.12e-02 PDE=5.12e+02 Qg=1.95e-01 Sd=3.53e-03 TDS=2.16e-01
2026-02-27 23:16:33 - M5Trainer - INFO -   param: k=8.000mD dp=13.3 ng=1.085 nw=4.407 Sw=[0.063,0.356] | A(t)=[-6.83,-8.34,-8.34]
2026-02-27 23:18:16 - M5Trainer - INFO - [Step 15400/80000] B | L=9.0889e+01 | 7471.9s
2026-02-27 23:18:16 - M5Trainer - INFO -   loss: IC=1.11e-02 BC=1.87e-02 PDE=5.16e+02 Qg=1.95e-01 Sd=3.39e-03 TDS=1.99e-01
2026-02-27 23:18:16 - M5Trainer - INFO -   param: k=8.000mD dp=13.3 ng=1.085 nw=4.407 Sw=[0.066,0.443] | A(t)=[-6.92,-8.42,-8.42]
2026-02-27 23:20:19 - M5Trainer - INFO -   [Sw监控] SY9: Sw=[0.0629, 0.3261, 0.4496], krg_min=4.729798e-01
2026-02-27 23:20:19 - M5Trainer - INFO - [Step 15500/80000] B | L=8.4333e+01 | 7595.7s
2026-02-27 23:20:19 - M5Trainer - INFO -   loss: IC=1.92e-02 BC=2.68e-02 PDE=5.18e+02 Qg=1.93e-01 Sd=3.22e-03 TDS=1.99e-01
2026-02-27 23:20:19 - M5Trainer - INFO -   param: k=8.000mD dp=13.3 ng=1.085 nw=4.407 Sw=[0.066,0.445] | A(t)=[-6.89,-8.37,-8.37]
2026-02-27 23:20:19 - M5Trainer - INFO -   [k_frac诊断] grad=None, k_frac=8.000001 mD
