2026-02-11 22:48:46 - M5Trainer - INFO -   torch.compile 已跳过 (Triton 不支持 Windows, 使用 eager 模式)
2026-02-11 22:48:47 - M5Trainer - INFO - k_net 学习率: 3.00e-04 (factor=0.3, warmup=2000 steps)
2026-02-11 22:48:47 - M5Trainer - INFO -   井 SY9: 1025 条同化数据
2026-02-11 22:48:47 - M5Trainer - INFO -   M3 PVT cg(76.0, 141.39) = 0.009744
2026-02-11 22:48:47 - M5Trainer - INFO -   M3 PVT Bg(76.0, 141.39) = 0.002577
2026-02-11 22:48:47 - M5Trainer - INFO -   PDE 缩放: αx=0.029719, αy=0.074361
2026-02-11 22:48:47 - M5Trainer - INFO - M5Trainer 初始化完成: device=cuda, lr=0.001, max_steps=2000, relobralo=True, rar=True
2026-02-11 22:48:47 - M5Trainer - INFO - ============================================================
2026-02-11 22:48:47 - M5Trainer - INFO - M5 PINN 井—藏耦合同化训练开始
2026-02-11 22:48:47 - M5Trainer - INFO - ============================================================
2026-02-11 22:48:47 - M5Trainer - INFO - 训练阶段: A[0-300] B[300-800] C[800-1400] D[1400-2000]
2026-02-11 22:48:47 - M5Trainer - INFO - --- M5 单位/量纲诊断 (train 第 1 步前) ---
2026-02-11 22:48:47 - M5Trainer - INFO -   qg_obs 范围: 0.00e+00 ~ 8.39e+05 m³/d, 均值: 3.86e+05 m³/d
2026-02-11 22:48:47 - M5Trainer - INFO -   qg_pred 范围: 5.51e+06 ~ 5.52e+06
2026-02-11 22:48:47 - M5Trainer - INFO -   p_wf 范围: 4.50e+01 ~ 4.50e+01 MPa
2026-02-11 22:48:47 - M5Trainer - INFO -   p_field @ well: 5.25e+01 MPa
2026-02-11 22:48:47 - M5Trainer - INFO -   k_eff = 0.1460 mD, f_frac = 37.00
2026-02-11 22:48:47 - M5Trainer - INFO -   WI_raw = 4.309845e-13 [检查单位]
2026-02-11 22:48:47 - M5Trainer - INFO -   dp_wellbore = 5.00 MPa
2026-02-11 22:48:47 - M5Trainer - INFO -   Bg_ref = 2.576898e-03
2026-02-11 22:48:47 - M5Trainer - INFO - --- 诊断结束 ---
2026-02-11 22:48:47 - M5Trainer - INFO -   ✅ k_eff_mD.grad = 9.689877e-16 (PDE梯度贯通)
2026-02-11 22:48:47 - M5Trainer - INFO -   ✅ k_net: 18 组参数收到梯度
2026-02-11 22:48:47 - M5Trainer - INFO -   ✅ f_frac.grad = 8.900901e-05
2026-02-11 22:48:47 - M5Trainer - INFO - [Step     0/2000] Stage A | L=8.3012e+03 (IC=5.522e+02, BC=5.522e+02, PDE=1.580e+01, Qg=1.743e+02) | k=0.15 mD, f=37.0 | Sw=[0.260,0.260] | 0.6s
2026-02-11 22:49:00 - M5Trainer - INFO - [Step   100/2000] Stage A | L=1.0202e+01 (IC=7.889e-01, BC=9.458e-02, PDE=2.079e+01, Qg=1.817e+01) | k=0.15 mD, f=37.0 | Sw=[0.136,0.459] | 13.2s
2026-02-11 22:49:12 - M5Trainer - INFO - [Step   200/2000] Stage A | L=2.2483e-02 (IC=3.904e-02, BC=2.802e-03, PDE=1.847e+01, Qg=2.497e+00) | k=0.15 mD, f=37.0 | Sw=[0.161,0.477] | 25.5s
2026-02-11 22:49:24 - M5Trainer - INFO - [Step   300/2000] Stage B | L=3.6706e+01 (IC=1.960e-01, BC=5.834e-02, PDE=1.920e+01, Qg=4.894e+00) | k=0.15 mD, f=37.0 | Sw=[0.086,0.797] | 37.3s
2026-02-11 22:49:36 - M5Trainer - INFO - [Step   400/2000] Stage B | L=5.1906e+01 (IC=8.273e-01, BC=5.181e-01, PDE=2.012e+01, Qg=1.517e+00) | k=0.15 mD, f=37.0 | Sw=[0.444,0.805] | 49.0s
2026-02-11 22:49:48 - M5Trainer - INFO - [Step   500/2000] Stage B | L=6.4836e+01 (IC=8.580e-01, BC=9.313e-01, PDE=1.781e+01, Qg=4.232e+00) | k=0.15 mD, f=37.0 | Sw=[0.598,0.791] | 61.2s
2026-02-11 22:50:01 - M5Trainer - INFO - [Step   600/2000] Stage B | L=9.2524e+01 (IC=1.785e+00, BC=1.740e+00, PDE=1.914e+01, Qg=4.812e+00) | k=0.15 mD, f=36.9 | Sw=[0.692,0.764] | 73.9s
2026-02-11 22:50:13 - M5Trainer - INFO - [Step   700/2000] Stage B | L=1.2726e+02 (IC=1.612e+00, BC=1.574e+00, PDE=2.724e+01, Qg=1.116e+00) | k=0.15 mD, f=36.9 | Sw=[0.707,0.772] | 86.1s
2026-02-11 22:50:25 - M5Trainer - INFO - [Step   800/2000] Stage C | L=4.9115e+01 (IC=8.792e-01, BC=4.196e-01, PDE=3.658e+00, Qg=1.334e+00) | k=0.15 mD, f=36.8 | Sw=[0.949,0.988] | 98.5s
2026-02-11 22:50:37 - M5Trainer - INFO - [Step   900/2000] Stage C | L=4.4759e+01 (IC=5.588e-01, BC=1.263e-02, PDE=6.166e-01, Qg=1.334e+00) | k=0.15 mD, f=36.8 | Sw=[1.000,1.000] | 110.5s
2026-02-11 22:50:49 - M5Trainer - INFO - [Step  1000/2000] Stage C | L=5.0107e+01 (IC=5.496e-01, BC=2.073e-03, PDE=3.572e-01, Qg=1.334e+00) | k=0.15 mD, f=36.8 | Sw=[1.000,1.000] | 122.5s
2026-02-11 22:51:01 - M5Trainer - INFO - [Step  1100/2000] Stage C | L=4.7609e+01 (IC=5.478e-01, BC=1.740e-04, PDE=2.384e-01, Qg=1.334e+00) | k=0.15 mD, f=36.8 | Sw=[1.000,1.000] | 134.7s
2026-02-11 22:51:14 - M5Trainer - INFO - [Step  1200/2000] Stage C | L=5.0182e+01 (IC=5.479e-01, BC=3.448e-04, PDE=1.814e-01, Qg=1.334e+00) | k=0.15 mD, f=36.8 | Sw=[1.000,1.000] | 147.3s
2026-02-11 22:51:26 - M5Trainer - INFO - [Step  1300/2000] Stage C | L=5.2602e+01 (IC=5.479e-01, BC=2.705e-04, PDE=1.486e-01, Qg=1.334e+00) | k=0.15 mD, f=36.8 | Sw=[1.000,1.000] | 159.7s
2026-02-11 22:51:39 - M5Trainer - INFO - [Step  1400/2000] Stage D | L=5.4653e+01 (IC=5.478e-01, BC=1.599e-04, PDE=1.310e-01, Qg=1.334e+00) | k=0.15 mD, f=36.8 | Sw=[1.000,1.000] | 171.9s
2026-02-11 22:51:51 - M5Trainer - INFO - [Step  1500/2000] Stage D | L=5.6405e+01 (IC=5.487e-01, BC=1.208e-03, PDE=1.245e-01, Qg=1.334e+00) | k=0.15 mD, f=36.8 | Sw=[1.000,1.000] | 184.0s
2026-02-11 22:52:03 - M5Trainer - INFO - [Step  1600/2000] Stage D | L=5.4247e+01 (IC=5.483e-01, BC=6.116e-04, PDE=1.151e-01, Qg=1.334e+00) | k=0.15 mD, f=36.8 | Sw=[1.000,1.000] | 196.4s
2026-02-11 22:52:16 - M5Trainer - INFO - [Step  1700/2000] Stage D | L=5.5641e+01 (IC=5.481e-01, BC=4.620e-04, PDE=1.091e-01, Qg=1.334e+00) | k=0.15 mD, f=36.8 | Sw=[1.000,1.000] | 209.1s
2026-02-11 22:52:28 - M5Trainer - INFO - [Step  1800/2000] Stage D | L=5.3208e+01 (IC=5.480e-01, BC=3.893e-04, PDE=1.033e-01, Qg=1.334e+00) | k=0.15 mD, f=36.8 | Sw=[1.000,1.000] | 221.6s
2026-02-11 22:52:43 - M5Trainer - INFO - [Step  1900/2000] Stage D | L=5.6122e+01 (IC=5.480e-01, BC=3.624e-04, PDE=1.009e-01, Qg=1.334e+00) | k=0.15 mD, f=36.8 | Sw=[1.000,1.000] | 236.6s
2026-02-11 22:52:57 - M5Trainer - INFO - [Step  1999/2000] Stage D | L=5.7616e+01 (IC=5.480e-01, BC=3.691e-04, PDE=1.002e-01, Qg=1.334e+00) | k=0.15 mD, f=36.8 | Sw=[1.000,1.000] | 250.3s
2026-02-11 22:52:57 - M5Trainer - INFO - 
M5 训练完成! 耗时: 250.3s, 最佳损失: 1.9975e-02
2026-02-11 22:52:57 - M5Trainer - INFO - 配置快照已保存: C:\Users\16281\Desktop\cpedc_project\outputs\mk_pinn_dt_v2\resolved_config_m5.json
2026-02-11 22:52:57 - M5Trainer - INFO - 反演参数审计: C:\Users\16281\Desktop\cpedc_project\outputs\mk_pinn_dt_v2\reports\M5_inversion_params.json
2026-02-11 22:52:57 - M5Trainer - INFO - qg 对比图已保存: C:\Users\16281\Desktop\cpedc_project\outputs\mk_pinn_dt_v2\figs\M5_qg_comparison_SY9.png
2026-02-11 22:52:57 - M5Trainer - INFO - p_wf 反演图已保存: C:\Users\16281\Desktop\cpedc_project\outputs\mk_pinn_dt_v2\figs\M5_pwf_inversion_SY9.png
2026-02-11 22:52:58 - M5Trainer - INFO - 训练曲线图已保存: C:\Users\16281\Desktop\cpedc_project\outputs\mk_pinn_dt_v2\figs\M5_training_history.png
2026-02-11 22:52:59 - M5Trainer - INFO - 残差热力图已保存: C:\Users\16281\Desktop\cpedc_project\outputs\mk_pinn_dt_v2\figs\M5_pde_residual_map.png
2026-02-11 22:53:00 - M5Trainer - INFO - M6 连通性分析完成
2026-02-11 22:53:01 - M5Trainer - INFO - M7 水侵预警分析完成
2026-02-11 22:53:01 - M5Trainer - INFO - M5 验收报告已保存: C:\Users\16281\Desktop\cpedc_project\outputs\mk_pinn_dt_v2\reports\M5_validation_report.md
