2026-02-15 17:59:05 - M5Trainer - INFO -   torch.compile 已跳过 (Triton 不支持 Windows, 使用 eager 模式)
2026-02-15 17:59:05 - M5Trainer - INFO - k_frac 独立参数组: lr=1.00e-02 (factor=10.0)
2026-02-15 17:59:05 - M5Trainer - INFO - k_net 学习率: 1.00e-04 (factor=0.1, warmup=2000 steps)
2026-02-15 17:59:05 - M5Trainer - INFO -   井 SY9: 1025 条同化数据
2026-02-15 17:59:05 - M5Trainer - INFO -   M3 PVT cg(76.0, 140.32) = 0.009744
2026-02-15 17:59:05 - M5Trainer - INFO -   M3 PVT Bg(76.0, 140.32) = 0.002577
2026-02-15 17:59:05 - M5Trainer - INFO -   PDE 缩放: αx=0.029719, αy=0.074361
2026-02-15 17:59:05 - M5Trainer - INFO - M5Trainer 初始化完成: device=cuda, lr=0.001, max_steps=5000, relobralo=True, rar=True
2026-02-15 17:59:05 - M5Trainer - INFO - ============================================================
2026-02-15 17:59:05 - M5Trainer - INFO - M5 PINN 井—藏耦合同化训练开始
2026-02-15 17:59:05 - M5Trainer - INFO - ============================================================
2026-02-15 17:59:05 - M5Trainer - INFO - 训练阶段: A[0-500] B[500-1750] C[1750-3500] D[3500-5000]
2026-02-15 17:59:05 - M5Trainer - INFO - --- M5 单位/量纲诊断 (train 第 1 步前) ---
2026-02-15 17:59:05 - M5Trainer - INFO -   qg_obs 范围: 0.00e+00 ~ 8.39e+05 m³/d, 均值: 3.86e+05 m³/d
2026-02-15 17:59:06 - M5Trainer - INFO -   qg_pred 范围: 1.19e+07 ~ 1.20e+07
2026-02-15 17:59:06 - M5Trainer - INFO -   p_wf 范围: 5.35e+01 ~ 5.36e+01 MPa
2026-02-15 17:59:06 - M5Trainer - INFO -   p_field @ well: 7.50e+01 MPa
2026-02-15 17:59:06 - M5Trainer - INFO -   k_frac = 5.4020 mD
2026-02-15 17:59:06 - M5Trainer - INFO -   WI_raw = 4.309845e-13 [检查单位]
2026-02-15 17:59:06 - M5Trainer - INFO -   dp_wellbore = 12.00 MPa
2026-02-15 17:59:06 - M5Trainer - INFO -   Bg_ref = 2.576898e-03
2026-02-15 17:59:06 - M5Trainer - INFO -   qg_obs中位数 = 4.61e+05 m³/d
2026-02-15 17:59:06 - M5Trainer - INFO -   PDE源项强度 = 5.34e+00 m³/s (负值=生产)
2026-02-15 17:59:06 - M5Trainer - INFO -   ✅ 确认: PDE源项使用观测值qg_obs，而非预测值qg_pred
2026-02-15 17:59:06 - M5Trainer - INFO - --- 诊断结束 ---
2026-02-15 17:59:06 - M5Trainer - INFO -   [shape] SY9: qg pred=(1025, 1) vs obs=(1025, 1), p_wf pred=(1025, 1) vs p_obs=(1025, 1)
2026-02-15 17:59:06 - M5Trainer - WARNING -   🔒 Sw锚定v7: Sw=[0.260, 0.260, 0.260], 权重=50000, 惩罚=0.000000 (低=0.0000, 高=0.0000)
2026-02-15 17:59:06 - M5Trainer - INFO -   ✅ k_frac_mD.grad = 3.979764e+00 (PDE梯度贯通)
2026-02-15 17:59:06 - M5Trainer - INFO -   ✅ k_net: 18 组参数收到梯度
2026-02-15 17:59:06 - M5Trainer - INFO -   [梯度验收] SY9: qg_obs range=[0.0, 838700.0]
2026-02-15 17:59:06 - M5Trainer - INFO -   [Sw监控] SY9: Sw=[0.2600, 0.2600, 0.2600], krg_min=6.751000e-01
2026-02-15 17:59:06 - M5Trainer - INFO - [Step     0/5000] Stage A | L=3.6412e+04 (IC=1.000e+00, BC=1.000e+00, PDE=2.351e+06, Qg=7.176e+02, SwB=0.000e+00) | k_frac=5.4015 mD, dp=12.00 MPa | Sw=[0.260,0.260] | 0.7s
2026-02-15 17:59:06 - M5Trainer - INFO -   [k_frac诊断] grad=3.9798e+00, k_frac=5.401474 mD
2026-02-15 17:59:19 - M5Trainer - INFO - [Step   100/5000] Stage A | L=1.1163e+03 (IC=3.985e-01, BC=4.490e-01, PDE=2.590e+06, Qg=6.131e+00, SwB=0.000e+00) | k_frac=5.2998 mD, dp=11.98 MPa | Sw=[0.218,0.435] | 13.5s
2026-02-15 17:59:31 - M5Trainer - INFO -   [梯度验收] SY9: qg_obs range=[0.0, 838700.0]
2026-02-15 17:59:31 - M5Trainer - INFO - [Step   200/5000] Stage A | L=2.2187e+02 (IC=3.649e-01, BC=1.585e-01, PDE=2.409e+06, Qg=1.159e-01, SwB=0.000e+00) | k_frac=5.2395 mD, dp=11.92 MPa | Sw=[0.227,0.284] | 25.5s
2026-02-15 17:59:42 - M5Trainer - INFO - [Step   300/5000] Stage A | L=4.4346e+02 (IC=1.449e-01, BC=1.523e-01, PDE=2.511e+06, Qg=2.727e+00, SwB=0.000e+00) | k_frac=5.2069 mD, dp=11.89 MPa | Sw=[0.246,0.275] | 36.9s
2026-02-15 17:59:54 - M5Trainer - INFO -   [梯度验收] SY9: qg_obs range=[0.0, 838700.0]
2026-02-15 17:59:54 - M5Trainer - INFO - [Step   400/5000] Stage A | L=5.5507e+02 (IC=7.192e-02, BC=7.037e-02, PDE=2.664e+06, Qg=8.198e-01, SwB=0.000e+00) | k_frac=5.0526 mD, dp=11.89 MPa | Sw=[0.248,0.276] | 48.3s
2026-02-15 18:00:05 - M5Trainer - WARNING -   🔒 Sw锚定v7: Sw=[0.243, 0.260, 0.464], 权重=20000, 惩罚=0.000014 (低=0.0000, 高=0.0000)
2026-02-15 18:00:05 - M5Trainer - INFO -   [Sw监控] SY9: Sw=[0.4959, 0.6363, 0.7066], krg_min=7.874358e-02
2026-02-15 18:00:05 - M5Trainer - INFO - [Step   500/5000] Stage B | L=1.3930e+03 (IC=8.143e-03, BC=8.873e-03, PDE=1.641e+06, Qg=9.289e-01, SwB=0.000e+00) | k_frac=4.9192 mD, dp=11.87 MPa | Sw=[0.255,0.266] | 59.7s
2026-02-15 18:00:05 - M5Trainer - INFO -   [k_frac诊断] grad=2.6262e-02, k_frac=4.919200 mD
2026-02-15 18:00:18 - M5Trainer - INFO -   [梯度验收] SY9: qg_obs range=[0.0, 838700.0]
2026-02-15 18:00:18 - M5Trainer - INFO - [Step   600/5000] Stage B | L=1.7602e+03 (IC=3.081e-02, BC=2.847e-02, PDE=1.721e+06, Qg=2.161e-01, SwB=0.000e+00) | k_frac=4.7937 mD, dp=11.85 MPa | Sw=[0.249,0.281] | 72.4s
2026-02-15 18:00:30 - M5Trainer - INFO - [Step   700/5000] Stage B | L=2.3204e+03 (IC=2.084e-02, BC=1.332e-02, PDE=1.928e+06, Qg=2.519e-01, SwB=0.000e+00) | k_frac=4.6461 mD, dp=11.81 MPa | Sw=[0.250,0.269] | 84.7s
2026-02-15 18:00:42 - M5Trainer - INFO -   [梯度验收] SY9: qg_obs range=[0.0, 838700.0]
2026-02-15 18:00:42 - M5Trainer - INFO - [Step   800/5000] Stage B | L=2.0310e+03 (IC=4.563e-02, BC=4.010e-02, PDE=1.754e+06, Qg=1.672e-01, SwB=0.000e+00) | k_frac=4.4871 mD, dp=11.76 MPa | Sw=[0.207,0.269] | 96.9s
2026-02-15 18:00:54 - M5Trainer - INFO - [Step   900/5000] Stage B | L=2.0803e+03 (IC=2.405e-02, BC=1.772e-02, PDE=1.652e+06, Qg=9.156e-02, SwB=0.000e+00) | k_frac=4.2955 mD, dp=11.72 MPa | Sw=[0.246,0.275] | 108.9s
2026-02-15 18:01:06 - M5Trainer - WARNING -   🔒 Sw锚定v7: Sw=[0.182, 0.262, 0.443], 权重=20000, 惩罚=0.000054 (低=0.0000, 高=0.0000)
2026-02-15 18:01:06 - M5Trainer - INFO -   [梯度验收] SY9: qg_obs range=[0.0, 838700.0]
2026-02-15 18:01:06 - M5Trainer - INFO -   [Sw监控] SY9: Sw=[0.3142, 0.5858, 0.6616], krg_min=1.122885e-01
2026-02-15 18:01:06 - M5Trainer - INFO - [Step  1000/5000] Stage B | L=1.5042e+03 (IC=1.253e-02, BC=5.165e-03, PDE=1.320e+06, Qg=4.174e-01, SwB=0.000e+00) | k_frac=3.8487 mD, dp=11.63 MPa | Sw=[0.248,0.267] | 121.0s
2026-02-15 18:01:06 - M5Trainer - INFO -   [k_frac诊断] grad=1.6526e-02, k_frac=3.848695 mD
2026-02-15 18:01:19 - M5Trainer - INFO - [Step  1100/5000] Stage B | L=1.6572e+03 (IC=2.955e-02, BC=1.929e-02, PDE=1.385e+06, Qg=3.532e-01, SwB=0.000e+00) | k_frac=3.6545 mD, dp=11.57 MPa | Sw=[0.243,0.271] | 133.3s
2026-02-15 18:01:31 - M5Trainer - INFO -   [梯度验收] SY9: qg_obs range=[0.0, 838700.0]
2026-02-15 18:01:31 - M5Trainer - INFO - [Step  1200/5000] Stage B | L=1.9508e+03 (IC=2.685e-02, BC=2.177e-02, PDE=1.426e+06, Qg=2.856e-01, SwB=0.000e+00) | k_frac=3.4207 mD, dp=11.47 MPa | Sw=[0.247,0.277] | 145.5s
2026-02-15 18:01:44 - M5Trainer - INFO - [Step  1300/5000] Stage B | L=1.9274e+03 (IC=4.627e-02, BC=2.146e-02, PDE=1.425e+06, Qg=3.370e-01, SwB=0.000e+00) | k_frac=3.2314 mD, dp=11.40 MPa | Sw=[0.231,0.269] | 158.1s
2026-02-15 18:01:56 - M5Trainer - INFO -   [梯度验收] SY9: qg_obs range=[0.0, 838700.0]
2026-02-15 18:01:56 - M5Trainer - INFO - [Step  1400/5000] Stage B | L=1.9083e+03 (IC=5.140e-02, BC=4.503e-02, PDE=1.372e+06, Qg=1.276e-01, SwB=0.000e+00) | k_frac=3.0822 mD, dp=11.34 MPa | Sw=[0.252,0.272] | 170.3s
2026-02-15 18:02:08 - M5Trainer - WARNING -   🔒 Sw锚定v7: Sw=[0.177, 0.259, 0.496], 权重=20000, 惩罚=0.000122 (低=0.0000, 高=0.0000)
2026-02-15 18:02:08 - M5Trainer - INFO -   [Sw监控] SY9: Sw=[0.4062, 0.5666, 0.6934], krg_min=8.796537e-02
2026-02-15 18:02:08 - M5Trainer - INFO - [Step  1500/5000] Stage B | L=1.3151e+03 (IC=3.782e-02, BC=1.766e-02, PDE=1.039e+06, Qg=1.705e-01, SwB=0.000e+00) | k_frac=2.9088 mD, dp=11.30 MPa | Sw=[0.240,0.286] | 182.5s
2026-02-15 18:02:08 - M5Trainer - INFO -   [k_frac诊断] grad=2.6289e-03, k_frac=2.908787 mD
2026-02-15 18:02:20 - M5Trainer - INFO -   [梯度验收] SY9: qg_obs range=[0.0, 838700.0]
2026-02-15 18:02:20 - M5Trainer - INFO - [Step  1600/5000] Stage B | L=1.4410e+03 (IC=1.873e-02, BC=1.154e-02, PDE=1.043e+06, Qg=8.507e-02, SwB=0.000e+00) | k_frac=2.7562 mD, dp=11.25 MPa | Sw=[0.253,0.301] | 194.9s
2026-02-15 18:02:33 - M5Trainer - INFO - [Step  1700/5000] Stage B | L=1.4846e+03 (IC=2.183e-02, BC=8.705e-03, PDE=1.020e+06, Qg=7.655e-02, SwB=0.000e+00) | k_frac=2.6922 mD, dp=11.19 MPa | Sw=[0.245,0.287] | 207.3s
2026-02-15 18:02:45 - M5Trainer - INFO -   [梯度验收] SY9: qg_obs range=[0.0, 838700.0]
2026-02-15 18:02:45 - M5Trainer - INFO - [Step  1800/5000] Stage C | L=7.4197e+03 (IC=1.174e-01, BC=3.992e-02, PDE=1.064e+06, Qg=5.664e-01, SwB=0.000e+00) | k_frac=2.5585 mD, dp=11.14 MPa | Sw=[0.184,0.341] | 219.7s
2026-02-15 18:02:58 - M5Trainer - INFO - [Step  1900/5000] Stage C | L=8.2926e+03 (IC=8.824e-02, BC=4.063e-02, PDE=1.087e+06, Qg=4.299e-01, SwB=0.000e+00) | k_frac=2.0018 mD, dp=11.06 MPa | Sw=[0.138,0.296] | 232.2s
2026-02-15 18:03:10 - M5Trainer - WARNING -   🔒 Sw锚定v7: Sw=[0.127, 0.266, 0.733], 权重=10000, 惩罚=0.000983 (低=0.0001, 高=0.0002)
2026-02-15 18:03:10 - M5Trainer - INFO -   [Sw监控] SY9: Sw=[0.1563, 0.3560, 0.7629], krg_min=4.512233e-02
2026-02-15 18:03:10 - M5Trainer - INFO - [Step  2000/5000] Stage C | L=5.1311e+03 (IC=1.963e-01, BC=1.088e-01, PDE=8.722e+05, Qg=2.523e-01, SwB=0.000e+00) | k_frac=1.4447 mD, dp=10.86 MPa | Sw=[0.191,0.314] | 244.6s
2026-02-15 18:03:10 - M5Trainer - INFO -   [k_frac诊断] grad=9.4601e-03, k_frac=1.444733 mD
2026-02-15 18:03:23 - M5Trainer - INFO - [Step  2100/5000] Stage C | L=5.3885e+03 (IC=2.529e-01, BC=2.034e-01, PDE=8.592e+05, Qg=2.582e-01, SwB=0.000e+00) | k_frac=1.1089 mD, dp=10.84 MPa | Sw=[0.248,0.317] | 257.2s
2026-02-15 18:03:35 - M5Trainer - INFO - [Step  2200/5000] Stage C | L=8.0842e+03 (IC=7.771e-02, BC=2.931e-02, PDE=8.502e+05, Qg=3.082e-01, SwB=0.000e+00) | k_frac=0.9572 mD, dp=10.96 MPa | Sw=[0.189,0.338] | 269.7s
2026-02-15 18:03:48 - M5Trainer - INFO - [Step  2300/5000] Stage C | L=7.9765e+03 (IC=1.694e-01, BC=5.497e-02, PDE=8.771e+05, Qg=3.413e-01, SwB=0.000e+00) | k_frac=0.8917 mD, dp=11.07 MPa | Sw=[0.225,0.316] | 282.2s
2026-02-15 18:04:00 - M5Trainer - INFO - [Step  2400/5000] Stage C | L=8.0791e+03 (IC=1.953e-01, BC=6.199e-02, PDE=8.659e+05, Qg=3.812e-01, SwB=0.000e+00) | k_frac=0.8364 mD, dp=11.21 MPa | Sw=[0.152,0.306] | 294.9s
2026-02-15 18:04:13 - M5Trainer - WARNING -   🔒 Sw锚定v7: Sw=[0.122, 0.264, 0.787], 权重=10000, 惩罚=0.001144 (低=0.0001, 高=0.0001)
2026-02-15 18:04:13 - M5Trainer - INFO -   [Sw监控] SY9: Sw=[0.1235, 0.2914, 0.7853], krg_min=3.432858e-02
2026-02-15 18:04:13 - M5Trainer - INFO - [Step  2500/5000] Stage C | L=8.6572e+03 (IC=9.370e-02, BC=1.637e-02, PDE=7.803e+05, Qg=2.870e-01, SwB=0.000e+00) | k_frac=0.7994 mD, dp=11.28 MPa | Sw=[0.153,0.331] | 307.4s
2026-02-15 18:04:13 - M5Trainer - INFO -   [k_frac诊断] grad=3.0932e-04, k_frac=0.799445 mD
2026-02-15 18:04:26 - M5Trainer - INFO - [Step  2600/5000] Stage C | L=7.6571e+03 (IC=1.952e-01, BC=7.710e-02, PDE=7.928e+05, Qg=2.896e-01, SwB=0.000e+00) | k_frac=0.7805 mD, dp=11.33 MPa | Sw=[0.153,0.333] | 320.3s
2026-02-15 18:04:39 - M5Trainer - INFO - [Step  2700/5000] Stage C | L=1.0082e+04 (IC=6.689e-02, BC=3.430e-02, PDE=7.905e+05, Qg=2.407e-01, SwB=0.000e+00) | k_frac=0.7436 mD, dp=11.42 MPa | Sw=[0.127,0.365] | 333.3s
2026-02-15 18:04:52 - M5Trainer - INFO - [Step  2800/5000] Stage C | L=9.0819e+03 (IC=1.734e-01, BC=2.978e-02, PDE=7.803e+05, Qg=3.250e-01, SwB=0.000e+00) | k_frac=0.7127 mD, dp=11.60 MPa | Sw=[0.244,0.370] | 346.1s
2026-02-15 18:05:05 - M5Trainer - INFO - [Step  2900/5000] Stage C | L=1.0972e+04 (IC=8.086e-02, BC=2.445e-02, PDE=7.871e+05, Qg=3.398e-01, SwB=0.000e+00) | k_frac=0.6980 mD, dp=11.67 MPa | Sw=[0.121,0.342] | 359.1s
2026-02-15 18:05:17 - M5Trainer - WARNING -   🔒 Sw锚定v7: Sw=[0.121, 0.264, 0.504], 权重=10000, 惩罚=0.000721 (低=0.0002, 高=0.0000)
2026-02-15 18:05:18 - M5Trainer - INFO -   [Sw监控] SY9: Sw=[0.1217, 0.2636, 0.5103], krg_min=2.687613e-01
2026-02-15 18:05:18 - M5Trainer - INFO - [Step  3000/5000] Stage C | L=9.6721e+03 (IC=9.286e-02, BC=1.805e-02, PDE=7.139e+05, Qg=2.448e-01, SwB=0.000e+00) | k_frac=0.6817 mD, dp=11.75 MPa | Sw=[0.246,0.303] | 372.1s
2026-02-15 18:05:18 - M5Trainer - INFO -   [k_frac诊断] grad=5.4132e-03, k_frac=0.681678 mD
2026-02-15 18:05:31 - M5Trainer - INFO - [Step  3100/5000] Stage C | L=1.0026e+04 (IC=7.025e-02, BC=2.290e-02, PDE=7.136e+05, Qg=2.682e-01, SwB=0.000e+00) | k_frac=0.6764 mD, dp=11.80 MPa | Sw=[0.126,0.454] | 385.4s
2026-02-15 18:05:44 - M5Trainer - INFO - [Step  3200/5000] Stage C | L=1.0581e+04 (IC=8.946e-02, BC=2.397e-02, PDE=7.256e+05, Qg=2.205e-01, SwB=0.000e+00) | k_frac=0.6635 mD, dp=11.84 MPa | Sw=[0.128,0.385] | 398.9s
2026-02-15 18:05:58 - M5Trainer - INFO - [Step  3300/5000] Stage C | L=1.0176e+04 (IC=1.251e-01, BC=3.117e-02, PDE=7.199e+05, Qg=2.283e-01, SwB=0.000e+00) | k_frac=0.6584 mD, dp=11.88 MPa | Sw=[0.138,0.386] | 412.2s
2026-02-15 18:06:11 - M5Trainer - INFO - [Step  3400/5000] Stage C | L=1.1726e+04 (IC=9.741e-02, BC=2.216e-02, PDE=7.332e+05, Qg=2.101e-01, SwB=0.000e+00) | k_frac=0.6603 mD, dp=11.89 MPa | Sw=[0.188,0.439] | 425.6s
2026-02-15 18:06:24 - M5Trainer - WARNING -   🔒 Sw锚定v7: Sw=[0.121, 0.272, 0.840], 权重=5000, 惩罚=0.002579 (低=0.0001, 高=0.0008)
2026-02-15 18:06:24 - M5Trainer - INFO -   [Sw监控] SY9: Sw=[0.1209, 0.3334, 0.8622], krg_min=8.546823e-03
2026-02-15 18:06:24 - M5Trainer - INFO - [Step  3500/5000] Stage D | L=7.9066e+03 (IC=1.328e-01, BC=9.135e-02, PDE=6.529e+05, Qg=2.556e-01, SwB=0.000e+00) | k_frac=0.6628 mD, dp=11.91 MPa | Sw=[0.152,0.520] | 438.9s
2026-02-15 18:06:24 - M5Trainer - INFO -   [k_frac诊断] grad=-8.2081e-05, k_frac=0.662762 mD
2026-02-15 18:06:38 - M5Trainer - INFO - [Step  3600/5000] Stage D | L=8.1213e+03 (IC=1.516e-01, BC=4.841e-02, PDE=6.287e+05, Qg=2.363e-01, SwB=0.000e+00) | k_frac=0.6626 mD, dp=11.91 MPa | Sw=[0.131,0.470] | 452.6s
2026-02-15 18:06:52 - M5Trainer - INFO - [Step  3700/5000] Stage D | L=8.3011e+03 (IC=1.367e-01, BC=5.098e-02, PDE=6.257e+05, Qg=2.380e-01, SwB=0.000e+00) | k_frac=0.6624 mD, dp=11.92 MPa | Sw=[0.144,0.324] | 466.4s
2026-02-15 18:07:06 - M5Trainer - INFO - [Step  3800/5000] Stage D | L=8.2458e+03 (IC=2.164e-01, BC=5.062e-02, PDE=6.475e+05, Qg=2.428e-01, SwB=0.000e+00) | k_frac=0.6624 mD, dp=11.92 MPa | Sw=[0.170,0.346] | 480.1s
2026-02-15 18:07:19 - M5Trainer - INFO - [Step  3900/5000] Stage D | L=8.2960e+03 (IC=2.270e-01, BC=5.787e-02, PDE=6.529e+05, Qg=2.372e-01, SwB=0.000e+00) | k_frac=0.6623 mD, dp=11.92 MPa | Sw=[0.184,0.543] | 493.8s
2026-02-15 18:07:33 - M5Trainer - WARNING -   🔒 Sw锚定v7: Sw=[0.120, 0.273, 0.874], 权重=5000, 惩罚=0.003511 (低=0.0001, 高=0.0012)
2026-02-15 18:07:33 - M5Trainer - INFO -   [Sw监控] SY9: Sw=[0.1210, 0.3155, 0.8729], krg_min=6.332464e-03
2026-02-15 18:07:33 - M5Trainer - INFO - [Step  4000/5000] Stage D | L=8.0154e+03 (IC=1.848e-01, BC=5.186e-02, PDE=6.150e+05, Qg=2.298e-01, SwB=0.000e+00) | k_frac=0.6622 mD, dp=11.92 MPa | Sw=[0.226,0.561] | 507.6s
2026-02-15 18:07:33 - M5Trainer - INFO -   [k_frac诊断] grad=6.5972e-05, k_frac=0.662205 mD
2026-02-15 18:07:47 - M5Trainer - INFO - [Step  4100/5000] Stage D | L=7.2162e+03 (IC=2.536e-01, BC=4.187e-02, PDE=5.866e+05, Qg=2.269e-01, SwB=0.000e+00) | k_frac=0.6621 mD, dp=11.92 MPa | Sw=[0.141,0.639] | 521.7s
2026-02-15 18:08:01 - M5Trainer - INFO - [Step  4200/5000] Stage D | L=7.7305e+03 (IC=1.324e-01, BC=4.895e-02, PDE=5.736e+05, Qg=2.246e-01, SwB=0.000e+00) | k_frac=0.6619 mD, dp=11.92 MPa | Sw=[0.179,0.763] | 535.7s
2026-02-15 18:08:15 - M5Trainer - INFO - [Step  4300/5000] Stage D | L=7.0810e+03 (IC=1.772e-01, BC=5.742e-02, PDE=5.626e+05, Qg=2.168e-01, SwB=0.000e+00) | k_frac=0.6616 mD, dp=11.93 MPa | Sw=[0.127,0.538] | 549.8s
2026-02-15 18:08:29 - M5Trainer - INFO - [Step  4400/5000] Stage D | L=7.7629e+03 (IC=2.159e-01, BC=5.536e-02, PDE=5.976e+05, Qg=2.212e-01, SwB=0.000e+00) | k_frac=0.6613 mD, dp=11.93 MPa | Sw=[0.122,0.492] | 563.8s
2026-02-15 18:08:43 - M5Trainer - WARNING -   🔒 Sw锚定v7: Sw=[0.120, 0.267, 0.874], 权重=5000, 惩罚=0.003672 (低=0.0001, 高=0.0013)
2026-02-15 18:08:43 - M5Trainer - INFO -   [Sw监控] SY9: Sw=[0.1207, 0.2985, 0.8721], krg_min=6.481045e-03
2026-02-15 18:08:43 - M5Trainer - INFO - [Step  4500/5000] Stage D | L=6.4545e+03 (IC=2.209e-01, BC=5.053e-02, PDE=5.332e+05, Qg=2.156e-01, SwB=0.000e+00) | k_frac=0.6610 mD, dp=11.93 MPa | Sw=[0.122,0.508] | 577.9s
2026-02-15 18:08:43 - M5Trainer - INFO -   [k_frac诊断] grad=4.9767e-04, k_frac=0.661044 mD
2026-02-15 18:08:58 - M5Trainer - INFO - [Step  4600/5000] Stage D | L=6.5892e+03 (IC=1.845e-01, BC=5.288e-02, PDE=5.286e+05, Qg=2.139e-01, SwB=0.000e+00) | k_frac=0.6607 mD, dp=11.93 MPa | Sw=[0.134,0.319] | 592.2s
2026-02-15 18:09:12 - M5Trainer - INFO - [Step  4700/5000] Stage D | L=6.6953e+03 (IC=1.620e-01, BC=5.080e-02, PDE=5.237e+05, Qg=2.167e-01, SwB=0.000e+00) | k_frac=0.6604 mD, dp=11.93 MPa | Sw=[0.202,0.385] | 606.7s
2026-02-15 18:09:27 - M5Trainer - INFO - [Step  4800/5000] Stage D | L=7.1263e+03 (IC=1.544e-01, BC=4.625e-02, PDE=5.348e+05, Qg=2.151e-01, SwB=0.000e+00) | k_frac=0.6603 mD, dp=11.93 MPa | Sw=[0.130,0.359] | 621.1s
2026-02-15 18:09:41 - M5Trainer - INFO - [Step  4900/5000] Stage D | L=6.2603e+03 (IC=2.194e-01, BC=5.426e-02, PDE=5.157e+05, Qg=2.160e-01, SwB=0.000e+00) | k_frac=0.6602 mD, dp=11.93 MPa | Sw=[0.140,0.403] | 635.7s
2026-02-15 18:09:56 - M5Trainer - INFO - [Step  4999/5000] Stage D | L=7.2010e+03 (IC=1.458e-01, BC=5.099e-02, PDE=5.360e+05, Qg=2.157e-01, SwB=0.000e+00) | k_frac=0.6601 mD, dp=11.93 MPa | Sw=[0.123,0.490] | 650.1s
2026-02-15 18:09:56 - M5Trainer - INFO - 
M5 训练完成! 耗时: 650.1s, 最佳损失: 2.2187e+02
2026-02-15 18:09:56 - M5Trainer - INFO - 配置快照已保存: C:\Users\16281\Desktop\cpedc_project\outputs\mk_pinn_dt_v2\resolved_config_m5.json
2026-02-15 18:09:56 - M5Trainer - INFO - 反演参数审计: C:\Users\16281\Desktop\cpedc_project\outputs\mk_pinn_dt_v2\reports\M5_inversion_params.json
2026-02-15 18:09:56 - M5Trainer - INFO - 已加载 M5 检查点: C:\Users\16281\Desktop\cpedc_project\outputs\mk_pinn_dt_v2\ckpt\m5_pinn_best.pt
2026-02-15 18:09:56 - M5Trainer - INFO - qg 对比图已保存: C:\Users\16281\Desktop\cpedc_project\outputs\mk_pinn_dt_v2\figs\M5_qg_comparison_SY9.png
2026-02-15 18:09:56 - M5Trainer - INFO - p_wf 反演图已保存: C:\Users\16281\Desktop\cpedc_project\outputs\mk_pinn_dt_v2\figs\M5_pwf_inversion_SY9.png
2026-02-15 18:09:57 - M5Trainer - INFO - 训练曲线图已保存: C:\Users\16281\Desktop\cpedc_project\outputs\mk_pinn_dt_v2\figs\M5_training_history.png
2026-02-15 18:09:57 - M5Trainer - INFO - 残差热力图已保存: C:\Users\16281\Desktop\cpedc_project\outputs\mk_pinn_dt_v2\figs\M5_pde_residual_map.png
2026-02-15 18:09:58 - M5Trainer - INFO - M6 连通性分析完成
2026-02-15 18:10:00 - M5Trainer - INFO - M7 水侵预警分析完成
2026-02-15 18:10:00 - M5Trainer - INFO - M5 验收报告已保存: C:\Users\16281\Desktop\cpedc_project\outputs\mk_pinn_dt_v2\reports\M5_validation_report.md
