2026-02-18 20:12:28 - M5Trainer - INFO -   torch.compile 已跳过 (Triton 不支持 Windows, 使用 eager 模式)
2026-02-18 20:12:28 - M5Trainer - INFO - k_frac 独立参数组: lr=3.00e-03 (factor=3.0)
2026-02-18 20:12:29 - M5Trainer - INFO - k_net 学习率: 1.00e-04 (factor=0.1, warmup=2000 steps)
2026-02-18 20:12:29 - M5Trainer - INFO -   井 SY9: 1332 条同化数据 (train=799, val=266, test=267)
    开井点数 (q>1): train=745, val=88, test=121
    有效压力点: val_p=109, test_p=121
2026-02-18 20:12:29 - M5Trainer - INFO -   train time window(norm): [0.0000, 0.5995]
2026-02-18 20:12:29 - M5Trainer - INFO -   M3 PVT cg(76.0, 140.32) = 0.009744
2026-02-18 20:12:29 - M5Trainer - INFO -   M3 PVT Bg(76.0, 140.32) = 0.002577
2026-02-18 20:12:29 - M5Trainer - INFO -   PDE 缩放: αx=0.029719, αy=0.074361
2026-02-18 20:12:29 - M5Trainer - INFO - M5Trainer 初始化完成: device=cuda, lr=0.001, max_steps=15000, relobralo=True, rar=True
2026-02-18 20:12:29 - M5Trainer - INFO - ============================================================
2026-02-18 20:12:29 - M5Trainer - INFO - M5 PINN 井—藏耦合同化训练开始
2026-02-18 20:12:29 - M5Trainer - INFO - ============================================================
2026-02-18 20:12:29 - M5Trainer - INFO - 训练阶段: A[0-1500] B[1500-5250] C[5250-10500] D[10500-15000]
2026-02-18 20:12:29 - M5Trainer - INFO -   qg_nearzero 权重: A=3.0, B=6.0->9.0, C=12.0, D=3.0, enable=True
2026-02-18 20:12:29 - M5Trainer - INFO - --- M5 单位/量纲诊断 (train 第 1 步前) ---
2026-02-18 20:12:29 - M5Trainer - INFO -   qg_obs 范围: 0.00e+00 ~ 8.39e+05 m³/d, 均值: 2.97e+05 m³/d
2026-02-18 20:12:29 - M5Trainer - INFO -   qg_pred 范围: 3.90e+05 ~ 4.05e+05
2026-02-18 20:12:29 - M5Trainer - INFO -   p_wf 范围: 7.43e+01 ~ 7.43e+01 MPa
2026-02-18 20:12:29 - M5Trainer - INFO -   p_field @ well: 7.50e+01 MPa
2026-02-18 20:12:29 - M5Trainer - INFO -   k_frac = 5.4020 mD
2026-02-18 20:12:29 - M5Trainer - INFO -   WI_raw = 4.309845e-13 [检查单位]
2026-02-18 20:12:29 - M5Trainer - INFO -   dp_wellbore = 12.00 MPa
2026-02-18 20:12:29 - M5Trainer - INFO -   Bg_ref = 2.576898e-03
2026-02-18 20:12:29 - M5Trainer - INFO -   qg_obs 范围: 0.00e+00 ~ 8.39e+05 m³/d
2026-02-18 20:12:29 - M5Trainer - INFO -   qg_obs 中位数 = 3.07e+05 m³/d
2026-02-18 20:12:29 - M5Trainer - INFO -   ✅ v9: PDE源项已升级为时变 source(x,y,t) = qg_obs(t) * kernel(x,y)
2026-02-18 20:12:29 - M5Trainer - INFO -   ✅ 每个PDE配点使用其时刻对应的真实观测产量（线性插值）
2026-02-18 20:12:29 - M5Trainer - INFO - --- 诊断结束 ---
2026-02-18 20:12:29 - M5Trainer - INFO -   [shape] SY9: qg pred=(1332, 1) vs obs=(1332, 1), p_wf pred=(1332, 1) vs p_obs=(1332, 1)
2026-02-18 20:12:29 - M5Trainer - INFO -   [Sw约束v9] Sw=[0.260, 0.260, 0.260], 权重=500, 惩罚=0.000000 (低=0.0000, 高=0.0000)
2026-02-18 20:12:29 - M5Trainer - INFO -   ✅ k_frac_mD.grad = -6.043049e-03 (PDE梯度贯通)
2026-02-18 20:12:29 - M5Trainer - INFO -   ✅ k_net: 18 组参数收到梯度
2026-02-18 20:12:29 - M5Trainer - INFO -   [梯度验收] SY9: qg_obs range=[0.0, 838700.0]
2026-02-18 20:12:29 - M5Trainer - INFO -   [Sw监控] SY9: Sw=[0.2600, 0.2600, 0.2600], krg_min=6.751000e-01
2026-02-18 20:12:30 - M5Trainer - INFO - [Step     0/15000] Stage A | L=7.8327e+02 (IC=1.000e+00, BC=1.000e+00, PDE=1.611e+06, Qg=2.925e-01, Qz=1.256e-01, Sd=3.612e-01, SwB=0.000e+00) | k_frac=5.4022 mD, dp=12.00 MPa | Sw=[0.260,0.260] | 0.6s
2026-02-18 20:12:30 - M5Trainer - INFO -   [k_frac诊断] grad=-6.0430e-03, k_frac=5.402157 mD
2026-02-18 20:12:44 - M5Trainer - INFO - [Step   100/15000] Stage A | L=3.0134e+02 (IC=9.518e-03, BC=1.431e-02, PDE=1.988e+06, Qg=2.385e-01, Qz=7.754e-02, Sd=7.478e-01, SwB=0.000e+00) | k_frac=5.4087 mD, dp=12.02 MPa | Sw=[0.224,0.444] | 14.9s
2026-02-18 20:12:58 - M5Trainer - INFO -   [梯度验收] SY9: qg_obs range=[0.0, 838700.0]
2026-02-18 20:12:58 - M5Trainer - INFO - [Step   200/15000] Stage A | L=1.3346e+02 (IC=3.814e-02, BC=1.792e-02, PDE=1.739e+06, Qg=2.068e-01, Qz=2.143e-02, Sd=1.724e+01, SwB=0.000e+00) | k_frac=5.2735 mD, dp=12.05 MPa | Sw=[0.165,0.700] | 29.1s
2026-02-18 20:13:12 - M5Trainer - INFO - [Step   300/15000] Stage A | L=2.7513e+02 (IC=5.750e-02, BC=3.302e-02, PDE=1.922e+06, Qg=2.238e-01, Qz=2.034e-02, Sd=1.693e+01, SwB=0.000e+00) | k_frac=5.2551 mD, dp=12.05 MPa | Sw=[0.150,0.729] | 43.3s
2026-02-18 20:13:26 - M5Trainer - INFO -   [梯度验收] SY9: qg_obs range=[0.0, 838700.0]
2026-02-18 20:13:26 - M5Trainer - INFO - [Step   400/15000] Stage A | L=2.9475e+02 (IC=1.231e-01, BC=5.751e-02, PDE=1.875e+06, Qg=2.425e-01, Qz=2.392e-02, Sd=1.954e+01, SwB=0.000e+00) | k_frac=5.2523 mD, dp=12.06 MPa | Sw=[0.146,0.668] | 57.6s
2026-02-18 20:13:41 - M5Trainer - INFO -   [Sw约束v9] Sw=[0.134, 0.384, 0.762], 权重=500, 惩罚=0.000000 (低=0.0000, 高=0.0000)
2026-02-18 20:13:41 - M5Trainer - INFO -   [Sw监控] SY9: Sw=[0.6499, 0.7093, 0.7647], krg_min=4.421951e-02
2026-02-18 20:13:41 - M5Trainer - INFO - [Step   500/15000] Stage A | L=1.9464e+02 (IC=2.109e-01, BC=1.318e-01, PDE=1.431e+06, Qg=2.634e-01, Qz=2.053e-02, Sd=1.832e+01, SwB=0.000e+00) | k_frac=5.2293 mD, dp=12.06 MPa | Sw=[0.134,0.722] | 71.8s
2026-02-18 20:13:41 - M5Trainer - INFO -   [k_frac诊断] grad=-4.8760e-02, k_frac=5.229310 mD
2026-02-18 20:13:55 - M5Trainer - INFO -   [梯度验收] SY9: qg_obs range=[0.0, 838700.0]
2026-02-18 20:13:55 - M5Trainer - INFO - [Step   600/15000] Stage A | L=1.9127e+02 (IC=6.470e-02, BC=5.090e-02, PDE=1.407e+06, Qg=2.163e-01, Qz=2.622e-02, Sd=2.262e+01, SwB=0.000e+00) | k_frac=5.2261 mD, dp=12.06 MPa | Sw=[0.149,0.677] | 86.5s
2026-02-18 20:14:10 - M5Trainer - INFO - [Step   700/15000] Stage A | L=2.5020e+02 (IC=2.492e-01, BC=1.234e-01, PDE=1.657e+06, Qg=2.114e-01, Qz=2.114e-02, Sd=2.428e+01, SwB=0.000e+00) | k_frac=5.2164 mD, dp=12.06 MPa | Sw=[0.139,0.733] | 101.1s
2026-02-18 20:14:25 - M5Trainer - INFO -   [梯度验收] SY9: qg_obs range=[0.0, 838700.0]
2026-02-18 20:14:25 - M5Trainer - INFO - [Step   800/15000] Stage A | L=2.3949e+02 (IC=3.575e-02, BC=3.783e-02, PDE=1.526e+06, Qg=2.159e-01, Qz=2.297e-02, Sd=2.848e+01, SwB=0.000e+00) | k_frac=5.2015 mD, dp=12.07 MPa | Sw=[0.147,0.744] | 115.8s
2026-02-18 20:14:39 - M5Trainer - INFO - [Step   900/15000] Stage A | L=2.0236e+02 (IC=7.008e-02, BC=3.598e-02, PDE=1.314e+06, Qg=2.378e-01, Qz=3.279e-02, Sd=3.324e+01, SwB=0.000e+00) | k_frac=5.1961 mD, dp=12.07 MPa | Sw=[0.140,0.699] | 130.4s
2026-02-18 20:14:54 - M5Trainer - INFO -   [Sw约束v9] Sw=[0.134, 0.393, 0.766], 权重=500, 惩罚=0.000000 (低=0.0000, 高=0.0000)
2026-02-18 20:14:54 - M5Trainer - INFO -   [梯度验收] SY9: qg_obs range=[0.0, 838700.0]
2026-02-18 20:14:54 - M5Trainer - INFO -   [Sw监控] SY9: Sw=[0.6551, 0.7009, 0.7659], krg_min=4.358665e-02
2026-02-18 20:14:54 - M5Trainer - INFO - [Step  1000/15000] Stage A | L=1.4417e+02 (IC=4.246e-02, BC=3.153e-02, PDE=1.039e+06, Qg=2.111e-01, Qz=3.329e-02, Sd=3.091e+01, SwB=0.000e+00) | k_frac=5.1710 mD, dp=12.08 MPa | Sw=[0.136,0.695] | 145.1s
2026-02-18 20:14:54 - M5Trainer - INFO -   [k_frac诊断] grad=-1.5397e-01, k_frac=5.170988 mD
2026-02-18 20:15:09 - M5Trainer - INFO - [Step  1100/15000] Stage A | L=1.6819e+02 (IC=9.068e-02, BC=1.673e-01, PDE=1.182e+06, Qg=2.081e-01, Qz=2.819e-02, Sd=3.429e+01, SwB=0.000e+00) | k_frac=5.1553 mD, dp=12.08 MPa | Sw=[0.136,0.713] | 160.1s
2026-02-18 20:15:24 - M5Trainer - INFO -   [梯度验收] SY9: qg_obs range=[0.0, 838700.0]
2026-02-18 20:15:24 - M5Trainer - INFO - [Step  1200/15000] Stage A | L=1.9658e+02 (IC=4.465e-02, BC=2.268e-02, PDE=1.311e+06, Qg=2.116e-01, Qz=2.576e-02, Sd=3.876e+01, SwB=0.000e+00) | k_frac=5.1177 mD, dp=12.08 MPa | Sw=[0.145,0.693] | 175.0s
2026-02-18 20:15:39 - M5Trainer - INFO - [Step  1300/15000] Stage A | L=1.6317e+02 (IC=7.586e-02, BC=5.238e-02, PDE=1.074e+06, Qg=2.377e-01, Qz=1.672e-02, Sd=3.395e+01, SwB=0.000e+00) | k_frac=5.0850 mD, dp=12.08 MPa | Sw=[0.141,0.756] | 190.0s
2026-02-18 20:15:54 - M5Trainer - INFO -   [梯度验收] SY9: qg_obs range=[0.0, 838700.0]
2026-02-18 20:15:54 - M5Trainer - INFO - [Step  1400/15000] Stage A | L=1.7499e+02 (IC=3.689e-02, BC=2.752e-02, PDE=1.116e+06, Qg=1.999e-01, Qz=2.069e-02, Sd=3.777e+01, SwB=0.000e+00) | k_frac=5.0777 mD, dp=12.09 MPa | Sw=[0.149,0.714] | 204.9s
2026-02-18 20:16:09 - M5Trainer - INFO -   [Sw约束v9] Sw=[0.135, 0.385, 0.795], 权重=300, 惩罚=0.000000 (低=0.0000, 高=0.0000)
2026-02-18 20:16:09 - M5Trainer - INFO -   [Sw监控] SY9: Sw=[0.6075, 0.7010, 0.7973], krg_min=2.917646e-02
2026-02-18 20:16:09 - M5Trainer - INFO - [Step  1500/15000] Stage B | L=1.1017e+03 (IC=4.440e-02, BC=2.437e-02, PDE=9.569e+05, Qg=2.311e-01, Qz=2.045e-02, Sd=4.242e+01, SwB=0.000e+00) | k_frac=5.0654 mD, dp=12.09 MPa | Sw=[0.139,0.710] | 219.9s
2026-02-18 20:16:09 - M5Trainer - INFO -   [k_frac诊断] grad=1.0766e-01, k_frac=5.065427 mD
2026-02-18 20:16:24 - M5Trainer - INFO -   [梯度验收] SY9: qg_obs range=[0.0, 838700.0]
2026-02-18 20:16:24 - M5Trainer - INFO - [Step  1600/15000] Stage B | L=8.1389e+02 (IC=4.793e-02, BC=4.508e-02, PDE=9.488e+05, Qg=2.078e-01, Qz=2.721e-03, Sd=4.060e-01, SwB=0.000e+00) | k_frac=5.0348 mD, dp=12.29 MPa | Sw=[0.168,0.681] | 235.1s
2026-02-18 20:16:39 - M5Trainer - INFO - [Step  1700/15000] Stage B | L=8.0104e+02 (IC=3.480e-02, BC=2.864e-02, PDE=9.180e+05, Qg=1.999e-01, Qz=3.394e-03, Sd=4.130e-01, SwB=0.000e+00) | k_frac=5.0047 mD, dp=12.36 MPa | Sw=[0.148,0.688] | 250.4s
2026-02-18 20:16:54 - M5Trainer - INFO -   [梯度验收] SY9: qg_obs range=[0.0, 838700.0]
2026-02-18 20:16:54 - M5Trainer - INFO - [Step  1800/15000] Stage B | L=8.6313e+02 (IC=5.190e-02, BC=5.451e-02, PDE=9.768e+05, Qg=2.178e-01, Qz=2.259e-03, Sd=2.789e-01, SwB=0.000e+00) | k_frac=4.9849 mD, dp=12.43 MPa | Sw=[0.146,0.653] | 265.6s
2026-02-18 20:17:10 - M5Trainer - INFO - [Step  1900/15000] Stage B | L=8.1622e+02 (IC=1.796e-01, BC=1.650e-01, PDE=1.016e+06, Qg=2.572e-01, Qz=3.650e-03, Sd=4.682e-01, SwB=0.000e+00) | k_frac=4.9669 mD, dp=12.50 MPa | Sw=[0.147,0.636] | 280.8s
2026-02-18 20:17:25 - M5Trainer - INFO -   [Sw约束v9] Sw=[0.139, 0.356, 0.662], 权重=300, 惩罚=0.000000 (低=0.0000, 高=0.0000)
2026-02-18 20:17:25 - M5Trainer - INFO -   [Sw监控] SY9: Sw=[0.5236, 0.6265, 0.6606], krg_min=1.131001e-01
2026-02-18 20:17:25 - M5Trainer - INFO - [Step  2000/15000] Stage B | L=9.8969e+02 (IC=2.627e-02, BC=1.800e-02, PDE=1.022e+06, Qg=2.121e-01, Qz=2.856e-03, Sd=4.199e-01, SwB=0.000e+00) | k_frac=4.9301 mD, dp=12.57 MPa | Sw=[0.149,0.646] | 296.0s
2026-02-18 20:17:25 - M5Trainer - INFO -   [k_frac诊断] grad=-1.2717e-01, k_frac=4.930059 mD
2026-02-18 20:17:40 - M5Trainer - INFO - [Step  2100/15000] Stage B | L=9.0179e+02 (IC=9.859e-02, BC=6.317e-02, PDE=8.739e+05, Qg=2.266e-01, Qz=2.495e-03, Sd=3.201e-01, SwB=0.000e+00) | k_frac=4.9052 mD, dp=12.66 MPa | Sw=[0.153,0.624] | 311.6s
2026-02-18 20:17:56 - M5Trainer - INFO - [Step  2200/15000] Stage B | L=1.0068e+03 (IC=5.782e-02, BC=2.738e-02, PDE=9.272e+05, Qg=2.529e-01, Qz=3.752e-03, Sd=5.457e-01, SwB=0.000e+00) | k_frac=4.8789 mD, dp=12.74 MPa | Sw=[0.156,0.632] | 327.2s
2026-02-18 20:18:12 - M5Trainer - INFO - [Step  2300/15000] Stage B | L=1.1486e+03 (IC=4.167e-02, BC=2.570e-02, PDE=9.708e+05, Qg=2.366e-01, Qz=1.726e-03, Sd=3.167e-01, SwB=0.000e+00) | k_frac=4.8594 mD, dp=12.82 MPa | Sw=[0.148,0.679] | 342.8s
2026-02-18 20:18:27 - M5Trainer - INFO - [Step  2400/15000] Stage B | L=1.0702e+03 (IC=3.711e-02, BC=2.980e-02, PDE=8.992e+05, Qg=2.375e-01, Qz=1.798e-03, Sd=3.785e-01, SwB=0.000e+00) | k_frac=4.8409 mD, dp=12.90 MPa | Sw=[0.151,0.632] | 358.5s
2026-02-18 20:18:43 - M5Trainer - INFO -   [Sw约束v9] Sw=[0.143, 0.351, 0.637], 权重=300, 惩罚=0.000000 (低=0.0000, 高=0.0000)
2026-02-18 20:18:43 - M5Trainer - INFO -   [Sw监控] SY9: Sw=[0.4486, 0.5779, 0.6287], krg_min=1.405682e-01
2026-02-18 20:18:43 - M5Trainer - INFO - [Step  2500/15000] Stage B | L=9.5343e+02 (IC=3.996e-02, BC=2.672e-02, PDE=8.252e+05, Qg=2.717e-01, Qz=4.181e-03, Sd=4.816e-01, SwB=0.000e+00) | k_frac=4.8215 mD, dp=12.99 MPa | Sw=[0.151,0.629] | 374.1s
2026-02-18 20:18:43 - M5Trainer - INFO -   [k_frac诊断] grad=2.4984e-01, k_frac=4.821467 mD
2026-02-18 20:18:59 - M5Trainer - INFO - [Step  2600/15000] Stage B | L=8.9349e+02 (IC=5.115e-02, BC=3.392e-02, PDE=8.080e+05, Qg=2.159e-01, Qz=2.261e-03, Sd=3.446e-01, SwB=0.000e+00) | k_frac=4.7904 mD, dp=13.06 MPa | Sw=[0.147,0.622] | 390.2s
2026-02-18 20:19:15 - M5Trainer - INFO - [Step  2700/15000] Stage B | L=9.3682e+02 (IC=3.893e-02, BC=2.931e-02, PDE=7.954e+05, Qg=2.185e-01, Qz=4.095e-03, Sd=3.936e-01, SwB=0.000e+00) | k_frac=4.7784 mD, dp=13.15 MPa | Sw=[0.159,0.603] | 406.2s
2026-02-18 20:19:31 - M5Trainer - INFO - [Step  2800/15000] Stage B | L=9.7321e+02 (IC=2.764e-02, BC=4.842e-02, PDE=8.108e+05, Qg=2.208e-01, Qz=3.620e-03, Sd=3.354e-01, SwB=0.000e+00) | k_frac=4.7533 mD, dp=13.25 MPa | Sw=[0.151,0.616] | 422.3s
2026-02-18 20:19:47 - M5Trainer - INFO - [Step  2900/15000] Stage B | L=1.1553e+03 (IC=3.568e-02, BC=4.068e-02, PDE=8.955e+05, Qg=2.269e-01, Qz=2.312e-03, Sd=2.905e-01, SwB=0.000e+00) | k_frac=4.7399 mD, dp=13.32 MPa | Sw=[0.142,0.622] | 438.3s
2026-02-18 20:20:03 - M5Trainer - INFO -   [Sw约束v9] Sw=[0.140, 0.379, 0.676], 权重=300, 惩罚=0.000000 (低=0.0000, 高=0.0000)
2026-02-18 20:20:03 - M5Trainer - INFO -   [Sw监控] SY9: Sw=[0.4465, 0.5922, 0.6490], krg_min=1.227732e-01
2026-02-18 20:20:03 - M5Trainer - INFO - [Step  3000/15000] Stage B | L=9.5116e+02 (IC=4.822e-02, BC=2.916e-02, PDE=7.606e+05, Qg=2.244e-01, Qz=2.659e-03, Sd=3.301e-01, SwB=0.000e+00) | k_frac=4.7225 mD, dp=13.41 MPa | Sw=[0.147,0.662] | 454.4s
2026-02-18 20:20:03 - M5Trainer - INFO -   [k_frac诊断] grad=-1.4825e-01, k_frac=4.722503 mD
2026-02-18 20:20:20 - M5Trainer - INFO - [Step  3100/15000] Stage B | L=8.8950e+02 (IC=2.905e-02, BC=4.834e-02, PDE=7.466e+05, Qg=2.035e-01, Qz=3.797e-03, Sd=3.390e-01, SwB=0.000e+00) | k_frac=4.7111 mD, dp=13.49 MPa | Sw=[0.146,0.625] | 470.8s
2026-02-18 20:20:36 - M5Trainer - INFO - [Step  3200/15000] Stage B | L=1.0097e+03 (IC=5.796e-02, BC=4.243e-02, PDE=8.104e+05, Qg=1.870e-01, Qz=3.575e-03, Sd=3.136e-01, SwB=0.000e+00) | k_frac=4.6629 mD, dp=13.58 MPa | Sw=[0.154,0.596] | 487.2s
2026-02-18 20:20:52 - M5Trainer - INFO - [Step  3300/15000] Stage B | L=7.3902e+02 (IC=8.801e-02, BC=6.260e-02, PDE=6.735e+05, Qg=1.943e-01, Qz=5.013e-03, Sd=2.882e-01, SwB=0.000e+00) | k_frac=4.6364 mD, dp=13.67 MPa | Sw=[0.161,0.617] | 503.5s
2026-02-18 20:21:09 - M5Trainer - INFO - [Step  3400/15000] Stage B | L=8.7911e+02 (IC=4.176e-02, BC=1.622e-02, PDE=6.744e+05, Qg=1.886e-01, Qz=3.001e-03, Sd=2.089e-01, SwB=0.000e+00) | k_frac=4.6073 mD, dp=13.76 MPa | Sw=[0.157,0.607] | 519.9s
2026-02-18 20:21:25 - M5Trainer - INFO -   [Sw约束v9] Sw=[0.148, 0.339, 0.619], 权重=300, 惩罚=0.000000 (低=0.0000, 高=0.0000)
2026-02-18 20:21:25 - M5Trainer - INFO -   [Sw监控] SY9: Sw=[0.3865, 0.5513, 0.6225], krg_min=1.462821e-01
2026-02-18 20:21:25 - M5Trainer - INFO - [Step  3500/15000] Stage B | L=8.5241e+02 (IC=3.077e-02, BC=2.542e-02, PDE=6.312e+05, Qg=2.168e-01, Qz=1.994e-03, Sd=1.694e-01, SwB=0.000e+00) | k_frac=4.5855 mD, dp=13.83 MPa | Sw=[0.175,0.603] | 536.3s
2026-02-18 20:21:25 - M5Trainer - INFO -   [k_frac诊断] grad=-1.6604e-01, k_frac=4.585471 mD
2026-02-18 20:21:42 - M5Trainer - INFO - [Step  3600/15000] Stage B | L=7.5211e+02 (IC=3.735e-02, BC=4.130e-02, PDE=6.167e+05, Qg=2.018e-01, Qz=4.120e-03, Sd=2.446e-01, SwB=0.000e+00) | k_frac=4.5510 mD, dp=13.90 MPa | Sw=[0.165,0.577] | 553.0s
2026-02-18 20:21:59 - M5Trainer - INFO - [Step  3700/15000] Stage B | L=8.9554e+02 (IC=5.643e-02, BC=4.783e-02, PDE=6.727e+05, Qg=2.203e-01, Qz=4.641e-02, Sd=1.844e-01, SwB=0.000e+00) | k_frac=4.5270 mD, dp=13.98 MPa | Sw=[0.151,0.583] | 569.8s
2026-02-18 20:22:15 - M5Trainer - INFO - [Step  3800/15000] Stage B | L=9.1138e+02 (IC=8.796e-02, BC=4.533e-02, PDE=7.021e+05, Qg=2.263e-01, Qz=2.086e-03, Sd=1.904e-01, SwB=0.000e+00) | k_frac=4.5007 mD, dp=14.06 MPa | Sw=[0.154,0.568] | 586.5s
2026-02-18 20:22:32 - M5Trainer - INFO - [Step  3900/15000] Stage B | L=9.3347e+02 (IC=5.086e-02, BC=3.187e-02, PDE=6.644e+05, Qg=2.070e-01, Qz=2.389e-03, Sd=1.704e-01, SwB=0.000e+00) | k_frac=4.4878 mD, dp=14.11 MPa | Sw=[0.157,0.558] | 603.2s
2026-02-18 20:22:49 - M5Trainer - INFO -   [Sw约束v9] Sw=[0.140, 0.328, 0.602], 权重=300, 惩罚=0.000000 (低=0.0000, 高=0.0000)
2026-02-18 20:22:49 - M5Trainer - INFO -   [Sw监控] SY9: Sw=[0.1604, 0.5041, 0.6020], krg_min=1.659193e-01
2026-02-18 20:22:49 - M5Trainer - INFO - [Step  4000/15000] Stage B | L=7.9979e+02 (IC=3.550e-02, BC=3.543e-02, PDE=5.863e+05, Qg=1.987e-01, Qz=4.229e-03, Sd=2.223e-01, SwB=0.000e+00) | k_frac=4.4786 mD, dp=14.17 MPa | Sw=[0.154,0.552] | 619.9s
2026-02-18 20:22:49 - M5Trainer - INFO -   [k_frac诊断] grad=-2.5812e-01, k_frac=4.478635 mD
2026-02-18 20:23:06 - M5Trainer - INFO - [Step  4100/15000] Stage B | L=7.6486e+02 (IC=6.431e-02, BC=3.266e-02, PDE=5.632e+05, Qg=2.124e-01, Qz=3.113e-03, Sd=2.088e-01, SwB=0.000e+00) | k_frac=4.4432 mD, dp=14.24 MPa | Sw=[0.183,0.568] | 637.1s
2026-02-18 20:23:23 - M5Trainer - INFO - [Step  4200/15000] Stage B | L=6.4722e+02 (IC=1.502e-01, BC=1.093e-01, PDE=5.810e+05, Qg=2.104e-01, Qz=4.296e-03, Sd=2.392e-01, SwB=0.000e+00) | k_frac=4.4269 mD, dp=14.29 MPa | Sw=[0.165,0.573] | 654.2s
2026-02-18 20:23:40 - M5Trainer - INFO - [Step  4300/15000] Stage B | L=7.1419e+02 (IC=5.478e-02, BC=4.151e-02, PDE=5.451e+05, Qg=2.098e-01, Qz=3.757e-03, Sd=1.928e-01, SwB=0.000e+00) | k_frac=4.4063 mD, dp=14.37 MPa | Sw=[0.159,0.526] | 671.3s
2026-02-18 20:23:57 - M5Trainer - INFO - [Step  4400/15000] Stage B | L=8.8539e+02 (IC=5.954e-02, BC=3.983e-02, PDE=5.747e+05, Qg=2.467e-01, Qz=2.759e-03, Sd=1.102e-01, SwB=0.000e+00) | k_frac=4.3915 mD, dp=14.41 MPa | Sw=[0.163,0.584] | 688.4s
2026-02-18 20:24:14 - M5Trainer - INFO -   [Sw约束v9] Sw=[0.145, 0.327, 0.611], 权重=300, 惩罚=0.000000 (低=0.0000, 高=0.0000)
2026-02-18 20:24:14 - M5Trainer - INFO -   [Sw监控] SY9: Sw=[0.1544, 0.4780, 0.6120], krg_min=1.561896e-01
2026-02-18 20:24:14 - M5Trainer - INFO - [Step  4500/15000] Stage B | L=7.7280e+02 (IC=6.820e-02, BC=6.000e-02, PDE=5.453e+05, Qg=2.355e-01, Qz=2.783e-03, Sd=1.418e-01, SwB=0.000e+00) | k_frac=4.3747 mD, dp=14.48 MPa | Sw=[0.157,0.577] | 705.6s
2026-02-18 20:24:14 - M5Trainer - INFO -   [k_frac诊断] grad=-2.6464e-01, k_frac=4.374679 mD
2026-02-18 20:24:32 - M5Trainer - INFO - [Step  4600/15000] Stage B | L=8.7334e+02 (IC=7.011e-02, BC=3.383e-02, PDE=5.828e+05, Qg=2.173e-01, Qz=4.694e-03, Sd=1.723e-01, SwB=0.000e+00) | k_frac=4.3731 mD, dp=14.54 MPa | Sw=[0.158,0.557] | 723.3s
2026-02-18 20:24:50 - M5Trainer - INFO - [Step  4700/15000] Stage B | L=7.4601e+02 (IC=7.648e-02, BC=2.498e-02, PDE=5.193e+05, Qg=2.475e-01, Qz=4.229e-03, Sd=1.434e-01, SwB=0.000e+00) | k_frac=4.3568 mD, dp=14.61 MPa | Sw=[0.161,0.543] | 741.0s
2026-02-18 20:25:08 - M5Trainer - INFO - [Step  4800/15000] Stage B | L=7.7308e+02 (IC=5.604e-02, BC=4.257e-02, PDE=5.210e+05, Qg=2.110e-01, Qz=2.805e-03, Sd=1.201e-01, SwB=0.000e+00) | k_frac=4.3134 mD, dp=14.70 MPa | Sw=[0.159,0.570] | 758.7s
2026-02-18 20:25:25 - M5Trainer - INFO - [Step  4900/15000] Stage B | L=7.2770e+02 (IC=8.616e-02, BC=4.693e-02, PDE=5.084e+05, Qg=2.001e-01, Qz=2.633e-03, Sd=1.041e-01, SwB=0.000e+00) | k_frac=4.3102 mD, dp=14.78 MPa | Sw=[0.173,0.544] | 776.4s
2026-02-18 20:25:43 - M5Trainer - INFO -   [Sw约束v9] Sw=[0.147, 0.326, 0.584], 权重=300, 惩罚=0.000000 (低=0.0000, 高=0.0000)
2026-02-18 20:25:43 - M5Trainer - INFO -   [Sw监控] SY9: Sw=[0.1486, 0.4644, 0.5840], krg_min=1.840753e-01
2026-02-18 20:25:43 - M5Trainer - INFO - [Step  5000/15000] Stage B | L=5.0294e+02 (IC=1.760e-01, BC=1.584e-01, PDE=4.717e+05, Qg=2.083e-01, Qz=3.064e-03, Sd=1.432e-01, SwB=0.000e+00) | k_frac=4.3019 mD, dp=14.84 MPa | Sw=[0.147,0.549] | 794.1s
2026-02-18 20:25:43 - M5Trainer - INFO -   [k_frac诊断] grad=-8.8757e-02, k_frac=4.301924 mD
2026-02-18 20:26:01 - M5Trainer - INFO - [Step  5100/15000] Stage B | L=7.3759e+02 (IC=5.824e-02, BC=3.701e-02, PDE=4.778e+05, Qg=2.038e-01, Qz=2.420e-03, Sd=1.019e-01, SwB=0.000e+00) | k_frac=4.2826 mD, dp=14.94 MPa | Sw=[0.148,0.566] | 812.2s
2026-02-18 20:26:19 - M5Trainer - INFO - [Step  5200/15000] Stage B | L=8.7220e+02 (IC=4.601e-02, BC=1.875e-02, PDE=5.127e+05, Qg=2.013e-01, Qz=2.068e-03, Sd=8.507e-02, SwB=0.000e+00) | k_frac=4.2713 mD, dp=15.04 MPa | Sw=[0.158,0.512] | 830.4s
2026-02-18 20:26:37 - M5Trainer - INFO - [Step  5300/15000] Stage C | L=2.5048e+03 (IC=9.486e-02, BC=2.709e-01, PDE=5.346e+05, Qg=2.146e-01, Qz=3.176e-03, Sd=1.402e-01, SwB=0.000e+00) | k_frac=4.2698 mD, dp=15.11 MPa | Sw=[0.161,0.539] | 848.6s
2026-02-18 20:26:56 - M5Trainer - INFO - [Step  5400/15000] Stage C | L=2.8709e+03 (IC=1.466e-01, BC=6.253e-02, PDE=4.876e+05, Qg=2.182e-01, Qz=2.813e-03, Sd=1.045e-01, SwB=0.000e+00) | k_frac=4.2521 mD, dp=15.14 MPa | Sw=[0.162,0.559] | 866.8s
2026-02-18 20:27:14 - M5Trainer - INFO -   [Sw约束v9] Sw=[0.144, 0.321, 0.595], 权重=200, 惩罚=0.000000 (低=0.0000, 高=0.0000)
2026-02-18 20:27:14 - M5Trainer - INFO -   [Sw监控] SY9: Sw=[0.1446, 0.4532, 0.5762], krg_min=1.922805e-01
2026-02-18 20:27:14 - M5Trainer - INFO - [Step  5500/15000] Stage C | L=2.5726e+03 (IC=1.115e-01, BC=3.745e-02, PDE=4.203e+05, Qg=2.094e-01, Qz=2.301e-03, Sd=1.077e-01, SwB=0.000e+00) | k_frac=4.2447 mD, dp=15.17 MPa | Sw=[0.152,0.568] | 885.0s
2026-02-18 20:27:14 - M5Trainer - INFO -   [k_frac诊断] grad=-2.8742e-01, k_frac=4.244664 mD
2026-02-18 20:27:32 - M5Trainer - INFO - [Step  5600/15000] Stage C | L=3.4036e+03 (IC=9.153e-02, BC=4.440e-02, PDE=4.882e+05, Qg=2.046e-01, Qz=2.796e-03, Sd=1.155e-01, SwB=0.000e+00) | k_frac=4.2447 mD, dp=15.20 MPa | Sw=[0.150,0.525] | 903.5s
2026-02-18 20:27:51 - M5Trainer - INFO - [Step  5700/15000] Stage C | L=2.9173e+03 (IC=8.615e-02, BC=3.066e-02, PDE=4.289e+05, Qg=2.120e-01, Qz=4.326e-03, Sd=1.419e-01, SwB=0.000e+00) | k_frac=4.2456 mD, dp=15.24 MPa | Sw=[0.165,0.510] | 922.0s
2026-02-18 20:28:09 - M5Trainer - INFO - [Step  5800/15000] Stage C | L=2.9648e+03 (IC=1.307e-01, BC=4.008e-02, PDE=4.541e+05, Qg=1.898e-01, Qz=4.294e-03, Sd=1.604e-01, SwB=0.000e+00) | k_frac=4.2303 mD, dp=15.27 MPa | Sw=[0.153,0.508] | 940.5s
2026-02-18 20:28:28 - M5Trainer - INFO - [Step  5900/15000] Stage C | L=3.3813e+03 (IC=8.813e-02, BC=3.083e-02, PDE=4.473e+05, Qg=1.928e-01, Qz=2.137e-03, Sd=7.416e-02, SwB=0.000e+00) | k_frac=4.2290 mD, dp=15.30 MPa | Sw=[0.157,0.508] | 959.0s
2026-02-18 20:28:46 - M5Trainer - INFO -   [Sw约束v9] Sw=[0.142, 0.316, 0.571], 权重=200, 惩罚=0.000000 (低=0.0000, 高=0.0000)
2026-02-18 20:28:46 - M5Trainer - INFO -   [Sw监控] SY9: Sw=[0.1422, 0.4509, 0.5629], krg_min=2.067270e-01
2026-02-18 20:28:46 - M5Trainer - INFO - [Step  6000/15000] Stage C | L=2.7709e+03 (IC=6.417e-02, BC=2.259e-02, PDE=4.111e+05, Qg=1.874e-01, Qz=2.214e-03, Sd=7.994e-02, SwB=0.000e+00) | k_frac=4.2316 mD, dp=15.33 MPa | Sw=[0.161,0.543] | 977.5s
2026-02-18 20:28:46 - M5Trainer - INFO -   [k_frac诊断] grad=2.2223e-01, k_frac=4.231596 mD
2026-02-18 20:29:05 - M5Trainer - INFO - [Step  6100/15000] Stage C | L=3.1740e+03 (IC=7.543e-02, BC=2.188e-02, PDE=4.080e+05, Qg=1.940e-01, Qz=2.918e-03, Sd=9.704e-02, SwB=0.000e+00) | k_frac=4.2215 mD, dp=15.38 MPa | Sw=[0.176,0.535] | 996.5s
2026-02-18 20:29:24 - M5Trainer - INFO - [Step  6200/15000] Stage C | L=3.1205e+03 (IC=1.339e-01, BC=4.471e-02, PDE=4.333e+05, Qg=1.952e-01, Qz=2.963e-03, Sd=1.089e-01, SwB=0.000e+00) | k_frac=4.2164 mD, dp=15.42 MPa | Sw=[0.147,0.511] | 1015.4s
2026-02-18 20:29:43 - M5Trainer - INFO - [Step  6300/15000] Stage C | L=3.2733e+03 (IC=8.573e-02, BC=4.262e-02, PDE=4.314e+05, Qg=1.909e-01, Qz=2.876e-03, Sd=1.121e-01, SwB=0.000e+00) | k_frac=4.2106 mD, dp=15.46 MPa | Sw=[0.162,0.524] | 1034.3s
2026-02-18 20:30:02 - M5Trainer - INFO - [Step  6400/15000] Stage C | L=3.1517e+03 (IC=1.074e-01, BC=4.395e-02, PDE=4.253e+05, Qg=2.053e-01, Qz=4.860e-03, Sd=1.280e-01, SwB=0.000e+00) | k_frac=4.2094 mD, dp=15.51 MPa | Sw=[0.147,0.523] | 1053.2s
2026-02-18 20:30:21 - M5Trainer - INFO -   [Sw约束v9] Sw=[0.147, 0.302, 0.542], 权重=200, 惩罚=0.000000 (低=0.0000, 高=0.0000)
2026-02-18 20:30:21 - M5Trainer - INFO -   [Sw监控] SY9: Sw=[0.1468, 0.4307, 0.5404], krg_min=2.322489e-01
2026-02-18 20:30:21 - M5Trainer - INFO - [Step  6500/15000] Stage C | L=2.6032e+03 (IC=1.237e-01, BC=7.056e-02, PDE=4.053e+05, Qg=2.186e-01, Qz=4.368e-03, Sd=1.221e-01, SwB=0.000e+00) | k_frac=4.2023 mD, dp=15.56 MPa | Sw=[0.151,0.495] | 1072.1s
2026-02-18 20:30:21 - M5Trainer - INFO -   [k_frac诊断] grad=3.9122e-01, k_frac=4.202349 mD
2026-02-18 20:30:40 - M5Trainer - INFO - [Step  6600/15000] Stage C | L=2.6073e+03 (IC=1.693e-01, BC=7.290e-02, PDE=4.133e+05, Qg=2.026e-01, Qz=4.089e-03, Sd=1.413e-01, SwB=0.000e+00) | k_frac=4.1975 mD, dp=15.59 MPa | Sw=[0.162,0.559] | 1091.5s
2026-02-18 20:31:00 - M5Trainer - INFO - [Step  6700/15000] Stage C | L=2.9348e+03 (IC=1.542e-01, BC=3.446e-02, PDE=3.935e+05, Qg=1.904e-01, Qz=3.204e-03, Sd=8.883e-02, SwB=0.000e+00) | k_frac=4.1989 mD, dp=15.60 MPa | Sw=[0.143,0.546] | 1110.8s
2026-02-18 20:31:19 - M5Trainer - INFO - [Step  6800/15000] Stage C | L=3.5369e+03 (IC=9.004e-02, BC=4.121e-02, PDE=4.151e+05, Qg=2.057e-01, Qz=2.061e-03, Sd=8.494e-02, SwB=0.000e+00) | k_frac=4.2010 mD, dp=15.63 MPa | Sw=[0.139,0.565] | 1130.3s
2026-02-18 20:31:39 - M5Trainer - INFO - [Step  6900/15000] Stage C | L=2.6296e+03 (IC=8.570e-02, BC=4.819e-02, PDE=3.761e+05, Qg=2.069e-01, Qz=3.039e-03, Sd=1.066e-01, SwB=0.000e+00) | k_frac=4.2029 mD, dp=15.67 MPa | Sw=[0.152,0.557] | 1149.8s
2026-02-18 20:31:58 - M5Trainer - INFO -   [Sw约束v9] Sw=[0.138, 0.311, 0.576], 权重=200, 惩罚=0.000000 (低=0.0000, 高=0.0000)
2026-02-18 20:31:58 - M5Trainer - INFO -   [Sw监控] SY9: Sw=[0.1383, 0.4322, 0.5599], krg_min=2.100488e-01
2026-02-18 20:31:58 - M5Trainer - INFO - [Step  7000/15000] Stage C | L=2.3826e+03 (IC=1.050e-01, BC=3.070e-02, PDE=3.140e+05, Qg=1.906e-01, Qz=2.328e-03, Sd=8.717e-02, SwB=0.000e+00) | k_frac=4.2034 mD, dp=15.70 MPa | Sw=[0.140,0.539] | 1169.3s
2026-02-18 20:31:58 - M5Trainer - INFO -   [k_frac诊断] grad=-6.8021e-02, k_frac=4.203381 mD
2026-02-18 20:32:18 - M5Trainer - INFO - [Step  7100/15000] Stage C | L=2.4236e+03 (IC=1.058e-01, BC=4.736e-02, PDE=3.206e+05, Qg=2.358e-01, Qz=3.080e-03, Sd=7.573e-02, SwB=0.000e+00) | k_frac=4.2057 mD, dp=15.73 MPa | Sw=[0.167,0.511] | 1189.1s
2026-02-18 20:32:38 - M5Trainer - INFO - [Step  7200/15000] Stage C | L=2.9710e+03 (IC=6.450e-02, BC=4.253e-02, PDE=3.411e+05, Qg=2.489e-01, Qz=3.279e-03, Sd=7.151e-02, SwB=0.000e+00) | k_frac=4.2049 mD, dp=15.76 MPa | Sw=[0.138,0.547] | 1209.0s
2026-02-18 20:32:58 - M5Trainer - INFO - [Step  7300/15000] Stage C | L=2.7190e+03 (IC=1.516e-01, BC=3.066e-02, PDE=3.417e+05, Qg=1.895e-01, Qz=3.440e-03, Sd=8.750e-02, SwB=0.000e+00) | k_frac=4.1950 mD, dp=15.80 MPa | Sw=[0.136,0.528] | 1228.8s
2026-02-18 20:33:18 - M5Trainer - INFO - [Step  7400/15000] Stage C | L=3.6512e+03 (IC=9.547e-02, BC=2.563e-02, PDE=3.751e+05, Qg=1.973e-01, Qz=2.792e-03, Sd=8.320e-02, SwB=0.000e+00) | k_frac=4.1982 mD, dp=15.84 MPa | Sw=[0.137,0.563] | 1248.7s
2026-02-18 20:33:37 - M5Trainer - INFO -   [Sw约束v9] Sw=[0.135, 0.321, 0.629], 权重=200, 惩罚=0.000000 (低=0.0000, 高=0.0000)
2026-02-18 20:33:38 - M5Trainer - INFO -   [Sw监控] SY9: Sw=[0.1370, 0.4359, 0.5594], krg_min=2.106320e-01
2026-02-18 20:33:38 - M5Trainer - INFO - [Step  7500/15000] Stage C | L=2.3523e+03 (IC=1.825e-01, BC=5.268e-02, PDE=3.106e+05, Qg=1.930e-01, Qz=2.054e-03, Sd=7.265e-02, SwB=0.000e+00) | k_frac=4.1943 mD, dp=15.87 MPa | Sw=[0.137,0.546] | 1268.6s
2026-02-18 20:33:38 - M5Trainer - INFO -   [k_frac诊断] grad=2.8854e-01, k_frac=4.194311 mD
2026-02-18 20:33:58 - M5Trainer - INFO - [Step  7600/15000] Stage C | L=2.3182e+03 (IC=1.158e-01, BC=7.721e-02, PDE=2.992e+05, Qg=2.069e-01, Qz=2.572e-03, Sd=6.535e-02, SwB=0.000e+00) | k_frac=4.1941 mD, dp=15.91 MPa | Sw=[0.145,0.546] | 1288.9s
2026-02-18 20:34:18 - M5Trainer - INFO - [Step  7700/15000] Stage C | L=2.6785e+03 (IC=9.357e-02, BC=4.914e-02, PDE=3.073e+05, Qg=1.907e-01, Qz=2.314e-03, Sd=6.862e-02, SwB=0.000e+00) | k_frac=4.1956 mD, dp=15.94 MPa | Sw=[0.138,0.549] | 1309.1s
2026-02-18 20:34:38 - M5Trainer - INFO - [Step  7800/15000] Stage C | L=2.8680e+03 (IC=7.122e-02, BC=2.072e-02, PDE=2.958e+05, Qg=1.927e-01, Qz=1.741e-03, Sd=6.104e-02, SwB=0.000e+00) | k_frac=4.1965 mD, dp=15.98 MPa | Sw=[0.149,0.566] | 1329.3s
2026-02-18 20:34:58 - M5Trainer - INFO - [Step  7900/15000] Stage C | L=2.7260e+03 (IC=1.366e-01, BC=5.626e-02, PDE=3.165e+05, Qg=1.851e-01, Qz=1.609e-03, Sd=5.090e-02, SwB=0.000e+00) | k_frac=4.1980 mD, dp=16.02 MPa | Sw=[0.135,0.576] | 1349.5s
2026-02-18 20:35:19 - M5Trainer - INFO -   [Sw约束v9] Sw=[0.131, 0.267, 0.647], 权重=200, 惩罚=0.000000 (低=0.0000, 高=0.0000)
2026-02-18 20:35:19 - M5Trainer - INFO -   [Sw监控] SY9: Sw=[0.1357, 0.3967, 0.5765], krg_min=1.920169e-01
2026-02-18 20:35:19 - M5Trainer - INFO - [Step  8000/15000] Stage C | L=2.1105e+03 (IC=1.077e-01, BC=5.206e-02, PDE=2.516e+05, Qg=2.131e-01, Qz=8.159e-04, Sd=3.457e-02, SwB=0.000e+00) | k_frac=4.1819 mD, dp=16.07 MPa | Sw=[0.136,0.535] | 1369.8s
2026-02-18 20:35:19 - M5Trainer - INFO -   [k_frac诊断] grad=2.6978e-01, k_frac=4.181914 mD
2026-02-18 20:35:39 - M5Trainer - INFO - [Step  8100/15000] Stage C | L=2.2266e+03 (IC=9.217e-02, BC=3.394e-02, PDE=2.494e+05, Qg=2.116e-01, Qz=1.176e-03, Sd=4.897e-02, SwB=0.000e+00) | k_frac=4.1809 mD, dp=16.12 MPa | Sw=[0.131,0.572] | 1390.5s
2026-02-18 20:36:00 - M5Trainer - INFO - [Step  8200/15000] Stage C | L=2.1865e+03 (IC=8.143e-02, BC=2.188e-02, PDE=2.555e+05, Qg=2.095e-01, Qz=1.206e-03, Sd=5.521e-02, SwB=0.000e+00) | k_frac=4.1877 mD, dp=16.15 MPa | Sw=[0.138,0.636] | 1411.3s
2026-02-18 20:36:21 - M5Trainer - INFO - [Step  8300/15000] Stage C | L=2.2605e+03 (IC=1.132e-01, BC=3.489e-02, PDE=2.509e+05, Qg=1.976e-01, Qz=8.328e-04, Sd=6.045e-02, SwB=0.000e+00) | k_frac=4.1906 mD, dp=16.20 MPa | Sw=[0.133,0.569] | 1432.0s
2026-02-18 20:36:42 - M5Trainer - INFO - [Step  8400/15000] Stage C | L=2.1372e+03 (IC=1.192e-01, BC=2.573e-02, PDE=2.388e+05, Qg=1.867e-01, Qz=4.397e-04, Sd=7.122e-02, SwB=0.000e+00) | k_frac=4.1878 mD, dp=16.24 MPa | Sw=[0.129,0.665] | 1452.8s
2026-02-18 20:37:02 - M5Trainer - INFO -   [Sw约束v9] Sw=[0.124, 0.311, 0.795], 权重=200, 惩罚=0.000000 (低=0.0000, 高=0.0000)
2026-02-18 20:37:02 - M5Trainer - INFO -   [Sw监控] SY9: Sw=[0.1283, 0.4366, 0.6911], krg_min=8.958177e-02
2026-02-18 20:37:02 - M5Trainer - INFO - [Step  8500/15000] Stage C | L=1.8986e+03 (IC=1.173e-01, BC=3.337e-02, PDE=2.270e+05, Qg=1.910e-01, Qz=2.641e-04, Sd=5.623e-02, SwB=0.000e+00) | k_frac=4.1847 mD, dp=16.28 MPa | Sw=[0.127,0.688] | 1473.5s
2026-02-18 20:37:02 - M5Trainer - INFO -   [k_frac诊断] grad=1.3519e-02, k_frac=4.184720 mD
2026-02-18 20:37:24 - M5Trainer - INFO - [Step  8600/15000] Stage C | L=1.9496e+03 (IC=6.019e-02, BC=2.410e-02, PDE=2.115e+05, Qg=1.798e-01, Qz=9.647e-04, Sd=6.891e-02, SwB=0.000e+00) | k_frac=4.1760 mD, dp=16.34 MPa | Sw=[0.127,0.585] | 1494.8s
2026-02-18 20:37:45 - M5Trainer - INFO - [Step  8700/15000] Stage C | L=1.9385e+03 (IC=2.009e-01, BC=2.592e-02, PDE=2.192e+05, Qg=1.888e-01, Qz=3.760e-04, Sd=5.039e-02, SwB=0.000e+00) | k_frac=4.1651 mD, dp=16.40 MPa | Sw=[0.127,0.568] | 1516.0s
2026-02-18 20:38:06 - M5Trainer - INFO - [Step  8800/15000] Stage C | L=1.9129e+03 (IC=1.023e-01, BC=2.632e-02, PDE=2.045e+05, Qg=1.862e-01, Qz=2.394e-03, Sd=5.257e-02, SwB=0.000e+00) | k_frac=4.1664 mD, dp=16.45 MPa | Sw=[0.126,0.580] | 1537.4s
2026-02-18 20:38:28 - M5Trainer - INFO - [Step  8900/15000] Stage C | L=2.1617e+03 (IC=1.260e-01, BC=1.991e-02, PDE=2.203e+05, Qg=1.931e-01, Qz=2.466e-03, Sd=5.687e-02, SwB=0.000e+00) | k_frac=4.1623 mD, dp=16.49 MPa | Sw=[0.142,0.610] | 1558.7s
2026-02-18 20:38:49 - M5Trainer - INFO -   [Sw约束v9] Sw=[0.125, 0.297, 0.800], 权重=200, 惩罚=0.000000 (低=0.0000, 高=0.0000)
2026-02-18 20:38:49 - M5Trainer - INFO -   [Sw监控] SY9: Sw=[0.1294, 0.4034, 0.5439], krg_min=2.281659e-01
2026-02-18 20:38:49 - M5Trainer - INFO -   [best更新] val_score=18.6440 (step 9000)
2026-02-18 20:38:49 - M5Trainer - INFO - [Step  9000/15000] Stage C | L=1.7492e+03 (IC=1.266e-01, BC=2.983e-02, PDE=1.944e+05, Qg=1.890e-01, Qz=2.579e-03, Sd=6.409e-02, SwB=0.000e+00) | k_frac=4.1628 mD, dp=16.53 MPa | Sw=[0.130,0.616] | 1580.0s
2026-02-18 20:38:49 - M5Trainer - INFO -   [k_frac诊断] grad=1.4034e-02, k_frac=4.162844 mD
2026-02-18 20:39:11 - M5Trainer - INFO - [Step  9100/15000] Stage C | L=1.5263e+03 (IC=2.041e-01, BC=2.334e-02, PDE=1.904e+05, Qg=2.144e-01, Qz=1.023e-03, Sd=4.726e-02, SwB=0.000e+00) | k_frac=4.1621 mD, dp=16.56 MPa | Sw=[0.127,0.707] | 1601.7s
2026-02-18 20:39:32 - M5Trainer - INFO - [Step  9200/15000] Stage C | L=1.8183e+03 (IC=1.481e-01, BC=2.390e-02, PDE=1.931e+05, Qg=1.852e-01, Qz=4.414e-04, Sd=4.332e-02, SwB=0.000e+00) | k_frac=4.1611 mD, dp=16.60 MPa | Sw=[0.129,0.654] | 1623.5s
2026-02-18 20:39:54 - M5Trainer - INFO - [Step  9300/15000] Stage C | L=1.8683e+03 (IC=1.035e-01, BC=3.047e-02, PDE=1.919e+05, Qg=1.932e-01, Qz=4.804e-04, Sd=4.506e-02, SwB=0.000e+00) | k_frac=4.1598 mD, dp=16.65 MPa | Sw=[0.125,0.769] | 1645.1s
2026-02-18 20:40:16 - M5Trainer - INFO - [Step  9400/15000] Stage C | L=1.8331e+03 (IC=1.210e-01, BC=3.263e-02, PDE=1.864e+05, Qg=2.017e-01, Qz=9.287e-05, Sd=4.181e-02, SwB=1.326e-09) | k_frac=4.1593 mD, dp=16.69 MPa | Sw=[0.126,0.662] | 1666.8s
2026-02-18 20:40:37 - M5Trainer - INFO -   [Sw约束v9] Sw=[0.122, 0.244, 0.850], 权重=200, 惩罚=0.000000 (低=0.0000, 高=0.0000)
2026-02-18 20:40:37 - M5Trainer - INFO -   [Sw监控] SY9: Sw=[0.1224, 0.4408, 0.8075], krg_min=2.509587e-02
2026-02-18 20:40:37 - M5Trainer - INFO - [Step  9500/15000] Stage C | L=1.6190e+03 (IC=1.175e-01, BC=2.379e-02, PDE=1.679e+05, Qg=1.911e-01, Qz=5.129e-04, Sd=4.749e-02, SwB=2.040e-11) | k_frac=4.1565 mD, dp=16.72 MPa | Sw=[0.124,0.579] | 1688.5s
2026-02-18 20:40:37 - M5Trainer - INFO -   [k_frac诊断] grad=-2.9783e-01, k_frac=4.156460 mD
2026-02-18 20:41:00 - M5Trainer - INFO - [Step  9600/15000] Stage C | L=1.4149e+03 (IC=1.975e-01, BC=7.488e-02, PDE=1.726e+05, Qg=1.890e-01, Qz=1.266e-04, Sd=4.675e-02, SwB=0.000e+00) | k_frac=4.1641 mD, dp=16.76 MPa | Sw=[0.125,0.635] | 1710.6s
2026-02-18 20:41:22 - M5Trainer - INFO - [Step  9700/15000] Stage C | L=1.8400e+03 (IC=1.423e-01, BC=2.311e-02, PDE=1.775e+05, Qg=1.802e-01, Qz=1.411e-04, Sd=4.631e-02, SwB=0.000e+00) | k_frac=4.1616 mD, dp=16.79 MPa | Sw=[0.125,0.661] | 1732.7s
2026-02-18 20:41:44 - M5Trainer - INFO - [Step  9800/15000] Stage C | L=1.4995e+03 (IC=2.119e-01, BC=3.647e-02, PDE=1.629e+05, Qg=1.979e-01, Qz=5.562e-05, Sd=5.138e-02, SwB=1.405e-08) | k_frac=4.1593 mD, dp=16.82 MPa | Sw=[0.123,0.503] | 1754.7s
2026-02-18 20:42:06 - M5Trainer - INFO - [Step  9900/15000] Stage C | L=1.5448e+03 (IC=1.685e-01, BC=3.800e-02, PDE=1.588e+05, Qg=2.355e-01, Qz=7.031e-05, Sd=5.616e-02, SwB=5.957e-08) | k_frac=4.1585 mD, dp=16.84 MPa | Sw=[0.124,0.836] | 1776.8s
2026-02-18 20:42:28 - M5Trainer - INFO -   [Sw约束v9] Sw=[0.121, 0.248, 0.857], 权重=200, 惩罚=0.000000 (低=0.0000, 高=0.0000)
2026-02-18 20:42:28 - M5Trainer - INFO -   [Sw监控] SY9: Sw=[0.1221, 0.4511, 0.8171], krg_min=2.157517e-02
2026-02-18 20:42:28 - M5Trainer - INFO - [Step 10000/15000] Stage C | L=1.4107e+03 (IC=1.814e-01, BC=3.752e-02, PDE=1.510e+05, Qg=1.928e-01, Qz=1.039e-04, Sd=4.933e-02, SwB=1.058e-08) | k_frac=4.1585 mD, dp=16.87 MPa | Sw=[0.126,0.564] | 1798.9s
2026-02-18 20:42:28 - M5Trainer - INFO -   [k_frac诊断] grad=4.9710e-01, k_frac=4.158454 mD
2026-02-18 20:42:50 - M5Trainer - INFO - [Step 10100/15000] Stage C | L=1.5847e+03 (IC=6.796e-02, BC=3.992e-02, PDE=1.515e+05, Qg=1.852e-01, Qz=1.043e-04, Sd=4.816e-02, SwB=4.384e-09) | k_frac=4.1587 mD, dp=16.90 MPa | Sw=[0.122,0.754] | 1821.4s
2026-02-18 20:43:13 - M5Trainer - INFO - [Step 10200/15000] Stage C | L=1.6379e+03 (IC=8.758e-02, BC=3.999e-02, PDE=1.541e+05, Qg=1.854e-01, Qz=6.074e-05, Sd=5.778e-02, SwB=5.756e-08) | k_frac=4.1618 mD, dp=16.92 MPa | Sw=[0.123,0.806] | 1843.8s
2026-02-18 20:43:35 - M5Trainer - INFO - [Step 10300/15000] Stage C | L=1.7287e+03 (IC=9.792e-02, BC=2.316e-02, PDE=1.510e+05, Qg=1.927e-01, Qz=6.692e-05, Sd=4.573e-02, SwB=1.206e-07) | k_frac=4.1567 mD, dp=16.94 MPa | Sw=[0.125,0.700] | 1866.3s
2026-02-18 20:43:58 - M5Trainer - INFO - [Step 10400/15000] Stage C | L=1.7295e+03 (IC=1.392e-01, BC=3.205e-02, PDE=1.567e+05, Qg=1.817e-01, Qz=5.061e-05, Sd=4.190e-02, SwB=4.436e-08) | k_frac=4.1532 mD, dp=16.97 MPa | Sw=[0.126,0.848] | 1888.7s
2026-02-18 20:44:20 - M5Trainer - INFO -   [Sw约束v9] Sw=[0.121, 0.228, 0.865], 权重=100, 惩罚=0.000000 (低=0.0000, 高=0.0000)
2026-02-18 20:44:20 - M5Trainer - INFO -   [Sw监控] SY9: Sw=[0.1214, 0.4556, 0.8555], krg_min=1.008477e-02
2026-02-18 20:44:20 - M5Trainer - INFO - [Step 10500/15000] Stage D | L=1.3904e+03 (IC=1.558e-01, BC=5.991e-02, PDE=1.348e+05, Qg=1.954e-01, Qz=3.540e-05, Sd=4.227e-02, SwB=9.881e-08) | k_frac=4.1547 mD, dp=16.99 MPa | Sw=[0.122,0.499] | 1911.2s
2026-02-18 20:44:20 - M5Trainer - INFO -   [k_frac诊断] grad=-2.5860e-01, k_frac=4.154653 mD
2026-02-18 20:44:43 - M5Trainer - INFO - [Step 10600/15000] Stage D | L=1.5782e+03 (IC=1.211e-01, BC=2.291e-02, PDE=1.377e+05, Qg=1.738e-01, Qz=3.386e-05, Sd=4.125e-02, SwB=9.691e-08) | k_frac=4.1538 mD, dp=17.00 MPa | Sw=[0.124,0.589] | 1934.1s
2026-02-18 20:45:06 - M5Trainer - INFO - [Step 10700/15000] Stage D | L=1.5831e+03 (IC=1.132e-01, BC=3.270e-02, PDE=1.346e+05, Qg=1.746e-01, Qz=4.301e-05, Sd=4.195e-02, SwB=7.904e-08) | k_frac=4.1552 mD, dp=17.01 MPa | Sw=[0.122,0.780] | 1957.2s
2026-02-18 20:45:29 - M5Trainer - INFO - [Step 10800/15000] Stage D | L=1.4588e+03 (IC=1.774e-01, BC=3.068e-02, PDE=1.293e+05, Qg=1.956e-01, Qz=4.242e-05, Sd=4.698e-02, SwB=1.459e-07) | k_frac=4.1565 mD, dp=17.02 MPa | Sw=[0.123,0.625] | 1980.1s
2026-02-18 20:45:52 - M5Trainer - INFO - [Step 10900/15000] Stage D | L=1.3521e+03 (IC=1.971e-01, BC=3.311e-02, PDE=1.254e+05, Qg=1.729e-01, Qz=4.229e-05, Sd=4.678e-02, SwB=2.059e-07) | k_frac=4.1570 mD, dp=17.03 MPa | Sw=[0.127,0.730] | 2003.1s
2026-02-18 20:46:15 - M5Trainer - INFO -   [Sw约束v9] Sw=[0.121, 0.235, 0.866], 权重=100, 惩罚=0.000000 (低=0.0000, 高=0.0000)
2026-02-18 20:46:15 - M5Trainer - INFO -   [Sw监控] SY9: Sw=[0.1213, 0.4585, 0.8568], krg_min=9.785927e-03
2026-02-18 20:46:15 - M5Trainer - INFO - [Step 11000/15000] Stage D | L=1.2645e+03 (IC=1.289e-01, BC=2.804e-02, PDE=1.155e+05, Qg=1.733e-01, Qz=3.987e-05, Sd=4.566e-02, SwB=2.535e-07) | k_frac=4.1559 mD, dp=17.04 MPa | Sw=[0.121,0.661] | 2026.1s
2026-02-18 20:46:15 - M5Trainer - INFO -   [k_frac诊断] grad=-3.1061e-01, k_frac=4.155929 mD
2026-02-18 20:46:39 - M5Trainer - INFO - [Step 11100/15000] Stage D | L=1.3629e+03 (IC=5.217e-02, BC=2.988e-02, PDE=1.145e+05, Qg=1.759e-01, Qz=3.828e-05, Sd=4.799e-02, SwB=2.423e-07) | k_frac=4.1564 mD, dp=17.05 MPa | Sw=[0.125,0.805] | 2049.7s
2026-02-18 20:47:02 - M5Trainer - INFO - [Step 11200/15000] Stage D | L=1.3557e+03 (IC=7.548e-02, BC=3.781e-02, PDE=1.159e+05, Qg=1.731e-01, Qz=4.146e-05, Sd=4.872e-02, SwB=2.777e-07) | k_frac=4.1566 mD, dp=17.05 MPa | Sw=[0.123,0.783] | 2073.4s
2026-02-18 20:47:26 - M5Trainer - INFO - [Step 11300/15000] Stage D | L=1.2409e+03 (IC=1.428e-01, BC=4.027e-02, PDE=1.123e+05, Qg=1.725e-01, Qz=4.078e-05, Sd=5.005e-02, SwB=3.310e-07) | k_frac=4.1569 mD, dp=17.06 MPa | Sw=[0.124,0.690] | 2097.0s
2026-02-18 20:47:50 - M5Trainer - INFO - [Step 11400/15000] Stage D | L=1.2860e+03 (IC=1.164e-01, BC=4.970e-02, PDE=1.145e+05, Qg=1.727e-01, Qz=3.725e-05, Sd=4.961e-02, SwB=4.437e-07) | k_frac=4.1552 mD, dp=17.07 MPa | Sw=[0.124,0.448] | 2120.7s
2026-02-18 20:48:13 - M5Trainer - INFO -   [Sw约束v9] Sw=[0.121, 0.241, 0.866], 权重=100, 惩罚=0.000000 (低=0.0000, 高=0.0000)
2026-02-18 20:48:13 - M5Trainer - INFO -   [Sw监控] SY9: Sw=[0.1212, 0.4614, 0.8586], krg_min=9.363825e-03
2026-02-18 20:48:13 - M5Trainer - INFO - [Step 11500/15000] Stage D | L=1.3181e+03 (IC=1.257e-01, BC=3.322e-02, PDE=1.149e+05, Qg=1.746e-01, Qz=3.833e-05, Sd=5.216e-02, SwB=4.763e-07) | k_frac=4.1576 mD, dp=17.08 MPa | Sw=[0.124,0.701] | 2144.3s
2026-02-18 20:48:13 - M5Trainer - INFO -   [k_frac诊断] grad=-3.0612e-01, k_frac=4.157579 mD
2026-02-18 20:48:37 - M5Trainer - INFO - [Step 11600/15000] Stage D | L=1.1384e+03 (IC=1.760e-01, BC=5.043e-02, PDE=1.061e+05, Qg=1.762e-01, Qz=4.059e-05, Sd=5.211e-02, SwB=4.765e-07) | k_frac=4.1572 mD, dp=17.08 MPa | Sw=[0.123,0.570] | 2168.4s
2026-02-18 20:49:01 - M5Trainer - INFO - [Step 11700/15000] Stage D | L=1.1097e+03 (IC=2.255e-01, BC=3.504e-02, PDE=1.051e+05, Qg=1.789e-01, Qz=4.215e-05, Sd=5.292e-02, SwB=4.185e-07) | k_frac=4.1569 mD, dp=17.09 MPa | Sw=[0.123,0.783] | 2192.5s
2026-02-18 20:49:26 - M5Trainer - INFO - [Step 11800/15000] Stage D | L=1.0184e+03 (IC=2.506e-01, BC=5.881e-02, PDE=1.017e+05, Qg=1.711e-01, Qz=4.590e-05, Sd=5.429e-02, SwB=4.410e-07) | k_frac=4.1566 mD, dp=17.10 MPa | Sw=[0.123,0.847] | 2216.7s
2026-02-18 20:49:50 - M5Trainer - INFO - [Step 11900/15000] Stage D | L=1.2139e+03 (IC=1.777e-01, BC=4.183e-02, PDE=1.089e+05, Qg=1.745e-01, Qz=4.824e-05, Sd=5.276e-02, SwB=3.557e-07) | k_frac=4.1563 mD, dp=17.10 MPa | Sw=[0.122,0.730] | 2240.8s
2026-02-18 20:50:14 - M5Trainer - INFO -   [Sw约束v9] Sw=[0.121, 0.239, 0.863], 权重=100, 惩罚=0.000000 (低=0.0000, 高=0.0000)
2026-02-18 20:50:14 - M5Trainer - INFO -   [Sw监控] SY9: Sw=[0.1211, 0.4541, 0.8591], krg_min=9.245910e-03
2026-02-18 20:50:14 - M5Trainer - INFO - [Step 12000/15000] Stage D | L=1.0747e+03 (IC=2.143e-01, BC=4.419e-02, PDE=1.039e+05, Qg=1.682e-01, Qz=4.372e-05, Sd=5.286e-02, SwB=4.083e-07) | k_frac=4.1559 mD, dp=17.11 MPa | Sw=[0.123,0.599] | 2265.0s
2026-02-18 20:50:14 - M5Trainer - INFO -   [k_frac诊断] grad=-1.5261e-01, k_frac=4.155894 mD
2026-02-18 20:50:39 - M5Trainer - INFO - [Step 12100/15000] Stage D | L=1.0612e+03 (IC=1.218e-01, BC=3.969e-02, PDE=1.010e+05, Qg=1.712e-01, Qz=4.854e-05, Sd=5.492e-02, SwB=4.686e-07) | k_frac=4.1570 mD, dp=17.12 MPa | Sw=[0.124,0.689] | 2289.6s
2026-02-18 20:51:03 - M5Trainer - INFO - [Step 12200/15000] Stage D | L=1.0489e+03 (IC=9.568e-02, BC=4.761e-02, PDE=9.547e+04, Qg=1.676e-01, Qz=4.787e-05, Sd=5.658e-02, SwB=5.152e-07) | k_frac=4.1569 mD, dp=17.12 MPa | Sw=[0.123,0.592] | 2314.2s
2026-02-18 20:51:28 - M5Trainer - INFO - [Step 12300/15000] Stage D | L=1.0374e+03 (IC=2.543e-01, BC=4.394e-02, PDE=9.830e+04, Qg=1.727e-01, Qz=5.367e-05, Sd=5.530e-02, SwB=4.374e-07) | k_frac=4.1556 mD, dp=17.13 MPa | Sw=[0.124,0.610] | 2338.9s
2026-02-18 20:51:52 - M5Trainer - INFO - [Step 12400/15000] Stage D | L=1.0756e+03 (IC=1.649e-01, BC=5.294e-02, PDE=9.822e+04, Qg=1.691e-01, Qz=4.953e-05, Sd=5.643e-02, SwB=5.231e-07) | k_frac=4.1568 mD, dp=17.13 MPa | Sw=[0.121,0.489] | 2363.5s
2026-02-18 20:52:17 - M5Trainer - INFO -   [Sw约束v9] Sw=[0.121, 0.245, 0.863], 权重=100, 惩罚=0.000000 (低=0.0000, 高=0.0000)
2026-02-18 20:52:17 - M5Trainer - INFO -   [Sw监控] SY9: Sw=[0.1214, 0.4582, 0.8597], krg_min=9.105172e-03
2026-02-18 20:52:17 - M5Trainer - INFO - [Step 12500/15000] Stage D | L=1.0236e+03 (IC=1.397e-01, BC=4.757e-02, PDE=9.184e+04, Qg=1.687e-01, Qz=5.727e-05, Sd=5.784e-02, SwB=4.902e-07) | k_frac=4.1564 mD, dp=17.14 MPa | Sw=[0.124,0.761] | 2388.2s
2026-02-18 20:52:17 - M5Trainer - INFO -   [k_frac诊断] grad=-4.1254e-01, k_frac=4.156376 mD
2026-02-18 20:52:42 - M5Trainer - INFO - [Step 12600/15000] Stage D | L=9.9615e+02 (IC=1.633e-01, BC=6.164e-02, PDE=9.094e+04, Qg=1.668e-01, Qz=5.835e-05, Sd=5.773e-02, SwB=4.756e-07) | k_frac=4.1565 mD, dp=17.14 MPa | Sw=[0.125,0.466] | 2413.4s
2026-02-18 20:53:07 - M5Trainer - INFO - [Step 12700/15000] Stage D | L=1.0071e+03 (IC=1.626e-01, BC=5.025e-02, PDE=8.940e+04, Qg=1.669e-01, Qz=6.260e-05, Sd=6.056e-02, SwB=4.719e-07) | k_frac=4.1572 mD, dp=17.14 MPa | Sw=[0.124,0.474] | 2438.5s
2026-02-18 20:53:32 - M5Trainer - INFO - [Step 12800/15000] Stage D | L=1.0560e+03 (IC=1.651e-01, BC=5.242e-02, PDE=9.086e+04, Qg=1.713e-01, Qz=5.611e-05, Sd=5.932e-02, SwB=5.268e-07) | k_frac=4.1571 mD, dp=17.15 MPa | Sw=[0.123,0.528] | 2463.6s
2026-02-18 20:53:58 - M5Trainer - INFO - [Step 12900/15000] Stage D | L=1.0620e+03 (IC=1.650e-01, BC=7.281e-02, PDE=9.306e+04, Qg=1.675e-01, Qz=5.889e-05, Sd=5.991e-02, SwB=4.499e-07) | k_frac=4.1571 mD, dp=17.15 MPa | Sw=[0.123,0.727] | 2488.7s
2026-02-18 20:54:23 - M5Trainer - INFO -   [Sw约束v9] Sw=[0.121, 0.241, 0.863], 权重=100, 惩罚=0.000000 (低=0.0000, 高=0.0000)
2026-02-18 20:54:23 - M5Trainer - INFO -   [Sw监控] SY9: Sw=[0.1215, 0.4569, 0.8592], krg_min=9.213832e-03
2026-02-18 20:54:23 - M5Trainer - INFO - [Step 13000/15000] Stage D | L=1.0285e+03 (IC=5.192e-02, BC=5.296e-02, PDE=8.326e+04, Qg=1.669e-01, Qz=5.584e-05, Sd=5.922e-02, SwB=4.846e-07) | k_frac=4.1568 mD, dp=17.15 MPa | Sw=[0.122,0.492] | 2514.0s
2026-02-18 20:54:23 - M5Trainer - INFO -   [k_frac诊断] grad=-1.8901e-01, k_frac=4.156825 mD
2026-02-18 20:54:49 - M5Trainer - INFO - [Step 13100/15000] Stage D | L=9.5197e+02 (IC=2.044e-01, BC=4.727e-02, PDE=8.230e+04, Qg=1.661e-01, Qz=5.796e-05, Sd=5.929e-02, SwB=5.235e-07) | k_frac=4.1569 mD, dp=17.16 MPa | Sw=[0.123,0.542] | 2539.7s
2026-02-18 20:55:14 - M5Trainer - INFO - [Step 13200/15000] Stage D | L=9.9895e+02 (IC=1.846e-01, BC=4.890e-02, PDE=8.380e+04, Qg=1.651e-01, Qz=5.352e-05, Sd=6.055e-02, SwB=5.484e-07) | k_frac=4.1573 mD, dp=17.16 MPa | Sw=[0.123,0.537] | 2565.5s
2026-02-18 20:55:40 - M5Trainer - INFO - [Step 13300/15000] Stage D | L=8.1625e+02 (IC=1.727e-01, BC=1.774e-01, PDE=8.299e+04, Qg=1.658e-01, Qz=5.235e-05, Sd=6.016e-02, SwB=6.405e-07) | k_frac=4.1573 mD, dp=17.16 MPa | Sw=[0.123,0.541] | 2591.3s
2026-02-18 20:56:06 - M5Trainer - INFO - [Step 13400/15000] Stage D | L=1.0235e+03 (IC=1.260e-01, BC=4.967e-02, PDE=8.117e+04, Qg=1.659e-01, Qz=5.195e-05, Sd=6.029e-02, SwB=5.370e-07) | k_frac=4.1573 mD, dp=17.16 MPa | Sw=[0.123,0.675] | 2617.1s
2026-02-18 20:56:32 - M5Trainer - INFO -   [Sw约束v9] Sw=[0.121, 0.244, 0.865], 权重=100, 惩罚=0.000001 (低=0.0000, 高=0.0000)
2026-02-18 20:56:32 - M5Trainer - INFO -   [Sw监控] SY9: Sw=[0.1215, 0.4599, 0.8620], krg_min=8.570803e-03
2026-02-18 20:56:32 - M5Trainer - INFO - [Step 13500/15000] Stage D | L=9.1500e+02 (IC=9.871e-02, BC=7.994e-02, PDE=7.701e+04, Qg=1.652e-01, Qz=4.951e-05, Sd=6.059e-02, SwB=6.235e-07) | k_frac=4.1574 mD, dp=17.17 MPa | Sw=[0.123,0.590] | 2642.9s
2026-02-18 20:56:32 - M5Trainer - INFO -   [k_frac诊断] grad=-4.0591e-01, k_frac=4.157387 mD
2026-02-18 20:56:58 - M5Trainer - INFO - [Step 13600/15000] Stage D | L=8.8411e+02 (IC=1.671e-01, BC=7.354e-02, PDE=7.564e+04, Qg=1.642e-01, Qz=4.813e-05, Sd=6.074e-02, SwB=6.127e-07) | k_frac=4.1573 mD, dp=17.17 MPa | Sw=[0.123,0.640] | 2669.2s
2026-02-18 20:57:24 - M5Trainer - INFO - [Step 13700/15000] Stage D | L=8.6895e+02 (IC=1.823e-01, BC=8.566e-02, PDE=7.512e+04, Qg=1.643e-01, Qz=4.832e-05, Sd=6.042e-02, SwB=5.774e-07) | k_frac=4.1571 mD, dp=17.17 MPa | Sw=[0.123,0.503] | 2695.4s
2026-02-18 20:57:51 - M5Trainer - INFO - [Step 13800/15000] Stage D | L=9.4184e+02 (IC=1.552e-01, BC=5.914e-02, PDE=7.553e+04, Qg=1.653e-01, Qz=4.892e-05, Sd=6.020e-02, SwB=6.439e-07) | k_frac=4.1569 mD, dp=17.17 MPa | Sw=[0.123,0.862] | 2721.6s
2026-02-18 20:58:17 - M5Trainer - INFO - [Step 13900/15000] Stage D | L=1.0025e+03 (IC=1.145e-01, BC=5.986e-02, PDE=7.738e+04, Qg=1.654e-01, Qz=4.851e-05, Sd=6.087e-02, SwB=6.450e-07) | k_frac=4.1571 mD, dp=17.17 MPa | Sw=[0.126,0.548] | 2747.9s
2026-02-18 20:58:43 - M5Trainer - INFO -   [Sw约束v9] Sw=[0.121, 0.247, 0.865], 权重=100, 惩罚=0.000001 (低=0.0000, 高=0.0000)
2026-02-18 20:58:43 - M5Trainer - INFO -   [Sw监控] SY9: Sw=[0.1216, 0.4595, 0.8618], krg_min=8.632272e-03
2026-02-18 20:58:43 - M5Trainer - INFO - [Step 14000/15000] Stage D | L=9.1771e+02 (IC=1.346e-01, BC=5.154e-02, PDE=7.198e+04, Qg=1.635e-01, Qz=4.865e-05, Sd=6.034e-02, SwB=6.821e-07) | k_frac=4.1570 mD, dp=17.17 MPa | Sw=[0.122,0.780] | 2774.2s
2026-02-18 20:58:43 - M5Trainer - INFO -   [k_frac诊断] grad=-3.0211e-01, k_frac=4.156987 mD
2026-02-18 20:59:10 - M5Trainer - INFO - [Step 14100/15000] Stage D | L=8.9926e+02 (IC=1.934e-01, BC=3.556e-02, PDE=7.057e+04, Qg=1.629e-01, Qz=5.022e-05, Sd=6.034e-02, SwB=6.787e-07) | k_frac=4.1570 mD, dp=17.17 MPa | Sw=[0.123,0.491] | 2800.9s
2026-02-18 20:59:36 - M5Trainer - INFO - [Step 14200/15000] Stage D | L=8.9933e+02 (IC=1.174e-01, BC=5.895e-02, PDE=6.961e+04, Qg=1.632e-01, Qz=5.118e-05, Sd=6.054e-02, SwB=6.756e-07) | k_frac=4.1570 mD, dp=17.17 MPa | Sw=[0.124,0.832] | 2827.5s
2026-02-18 21:00:03 - M5Trainer - INFO - [Step 14300/15000] Stage D | L=8.5325e+02 (IC=2.879e-01, BC=5.085e-02, PDE=7.018e+04, Qg=1.627e-01, Qz=5.049e-05, Sd=6.060e-02, SwB=6.354e-07) | k_frac=4.1570 mD, dp=17.17 MPa | Sw=[0.125,0.500] | 2854.2s
2026-02-18 21:00:30 - M5Trainer - INFO - [Step 14400/15000] Stage D | L=9.3226e+02 (IC=1.016e-01, BC=7.232e-02, PDE=7.118e+04, Qg=1.624e-01, Qz=5.007e-05, Sd=6.051e-02, SwB=6.225e-07) | k_frac=4.1569 mD, dp=17.17 MPa | Sw=[0.122,0.493] | 2881.0s
2026-02-18 21:00:56 - M5Trainer - INFO -   [Sw约束v9] Sw=[0.121, 0.248, 0.865], 权重=100, 惩罚=0.000001 (低=0.0000, 高=0.0000)
2026-02-18 21:00:57 - M5Trainer - INFO -   [Sw监控] SY9: Sw=[0.1216, 0.4588, 0.8611], krg_min=8.789964e-03
2026-02-18 21:00:57 - M5Trainer - INFO - [Step 14500/15000] Stage D | L=9.2378e+02 (IC=1.471e-01, BC=4.447e-02, PDE=6.917e+04, Qg=1.618e-01, Qz=5.011e-05, Sd=6.056e-02, SwB=7.321e-07) | k_frac=4.1570 mD, dp=17.17 MPa | Sw=[0.123,0.743] | 2907.7s
2026-02-18 21:00:57 - M5Trainer - INFO -   [k_frac诊断] grad=3.0756e-01, k_frac=4.156976 mD
2026-02-18 21:01:24 - M5Trainer - INFO - [Step 14600/15000] Stage D | L=8.7923e+02 (IC=1.556e-01, BC=5.373e-02, PDE=6.722e+04, Qg=1.615e-01, Qz=4.974e-05, Sd=6.051e-02, SwB=6.702e-07) | k_frac=4.1570 mD, dp=17.17 MPa | Sw=[0.124,0.788] | 2934.9s
2026-02-18 21:01:51 - M5Trainer - INFO - [Step 14700/15000] Stage D | L=8.6809e+02 (IC=1.991e-01, BC=6.490e-02, PDE=6.825e+04, Qg=1.609e-01, Qz=4.976e-05, Sd=6.052e-02, SwB=6.570e-07) | k_frac=4.1570 mD, dp=17.17 MPa | Sw=[0.122,0.838] | 2962.2s
2026-02-18 21:02:18 - M5Trainer - INFO - [Step 14800/15000] Stage D | L=8.7221e+02 (IC=1.447e-01, BC=5.455e-02, PDE=6.552e+04, Qg=1.608e-01, Qz=4.976e-05, Sd=6.052e-02, SwB=6.738e-07) | k_frac=4.1570 mD, dp=17.17 MPa | Sw=[0.122,0.730] | 2989.3s
2026-02-18 21:02:45 - M5Trainer - INFO - [Step 14900/15000] Stage D | L=8.9326e+02 (IC=1.810e-01, BC=4.740e-02, PDE=6.663e+04, Qg=1.610e-01, Qz=4.975e-05, Sd=6.052e-02, SwB=6.595e-07) | k_frac=4.1569 mD, dp=17.17 MPa | Sw=[0.123,0.522] | 3016.5s
2026-02-18 21:03:12 - M5Trainer - INFO - [Step 14999/15000] Stage D | L=9.4474e+02 (IC=1.712e-01, BC=5.187e-02, PDE=6.907e+04, Qg=1.612e-01, Qz=4.981e-05, Sd=6.052e-02, SwB=6.443e-07) | k_frac=4.1570 mD, dp=17.17 MPa | Sw=[0.124,0.676] | 3043.4s
2026-02-18 21:03:12 - M5Trainer - INFO - 
M5 训练完成! 耗时: 3043.4s, 最佳验证分数(val_score): 17.9464
2026-02-18 21:03:12 - M5Trainer - INFO - 配置快照已保存: C:\Users\16281\Desktop\cpedc_project\outputs\mk_pinn_dt_v2\resolved_config_m5.json
2026-02-18 21:03:12 - M5Trainer - INFO - 反演参数审计: C:\Users\16281\Desktop\cpedc_project\outputs\mk_pinn_dt_v2\reports\M5_inversion_params.json
2026-02-18 21:03:12 - M5Trainer - INFO -   history 已恢复 (9201 步)
2026-02-18 21:03:12 - M5Trainer - INFO -   best_step=9200
2026-02-18 21:03:12 - M5Trainer - INFO - 已加载 M5 检查点: C:\Users\16281\Desktop\cpedc_project\outputs\mk_pinn_dt_v2\ckpt\m5_pinn_best.pt
2026-02-18 21:03:12 - M5Trainer - INFO -   history 已恢复 (9201 步)
2026-02-18 21:03:12 - M5Trainer - INFO -   best_step=9200
2026-02-18 21:03:12 - M5Trainer - INFO - 已加载 M5 检查点: C:\Users\16281\Desktop\cpedc_project\outputs\mk_pinn_dt_v2\ckpt\m5_pinn_best.pt
2026-02-18 21:03:13 - M5Trainer - INFO -   history 已恢复 (15000 步)
2026-02-18 21:03:13 - M5Trainer - INFO - 已加载 M5 检查点: C:\Users\16281\Desktop\cpedc_project\outputs\mk_pinn_dt_v2\ckpt\m5_pinn_final.pt
2026-02-18 21:03:13 - M5Trainer - INFO -   history 已恢复 (15000 步)
2026-02-18 21:03:13 - M5Trainer - INFO - 已加载 M5 检查点: C:\Users\16281\Desktop\cpedc_project\outputs\mk_pinn_dt_v2\ckpt\m5_pinn_final.pt
2026-02-18 21:03:13 - M5Trainer - INFO - generate_report: 自动择优采用 final checkpoint, qg_score=7.8085
2026-02-18 21:03:13 - M5Trainer - INFO - 反演参数审计: C:\Users\16281\Desktop\cpedc_project\outputs\mk_pinn_dt_v2\reports\M5_inversion_params.json
2026-02-18 21:03:13 - M5Trainer - INFO - qg 对比图已保存: C:\Users\16281\Desktop\cpedc_project\outputs\mk_pinn_dt_v2\figs\M5_qg_comparison_SY9.png
2026-02-18 21:03:13 - M5Trainer - INFO - p_wf 反演图已保存: C:\Users\16281\Desktop\cpedc_project\outputs\mk_pinn_dt_v2\figs\M5_pwf_inversion_SY9.png
2026-02-18 21:03:14 - M5Trainer - INFO - 训练曲线图已保存: C:\Users\16281\Desktop\cpedc_project\outputs\mk_pinn_dt_v2\figs\M5_training_history.png
2026-02-18 21:03:15 - M5Trainer - INFO - 残差热力图已保存: C:\Users\16281\Desktop\cpedc_project\outputs\mk_pinn_dt_v2\figs\M5_pde_residual_map.png
2026-02-18 21:03:16 - M5Trainer - INFO - M6 连通性分析完成
2026-02-18 21:03:17 - M5Trainer - INFO - M7 水侵预警分析完成
2026-02-18 21:03:17 - M5Trainer - INFO -   history 已恢复 (9201 步)
2026-02-18 21:03:17 - M5Trainer - INFO -   best_step=9200
2026-02-18 21:03:17 - M5Trainer - INFO - 已加载 M5 检查点: C:\Users\16281\Desktop\cpedc_project\outputs\mk_pinn_dt_v2\ckpt\m5_pinn_best.pt
2026-02-18 21:03:17 - M5Trainer - INFO -   history 已恢复 (15000 步)
2026-02-18 21:03:17 - M5Trainer - INFO - 已加载 M5 检查点: C:\Users\16281\Desktop\cpedc_project\outputs\mk_pinn_dt_v2\ckpt\m5_pinn_final.pt
2026-02-18 21:03:17 - M5Trainer - INFO - M5 验收报告已保存: C:\Users\16281\Desktop\cpedc_project\outputs\mk_pinn_dt_v2\reports\M5_validation_report.md
