2026-02-19 19:13:30 - M5Trainer - INFO -   torch.compile 已跳过 (Triton 不支持 Windows, 使用 eager 模式)
2026-02-19 19:13:30 - M5Trainer - INFO - k_frac 独立参数组: lr=3.00e-03 (factor=3.0)
2026-02-19 19:13:31 - M5Trainer - INFO - k_net 学习率: 1.00e-04 (factor=0.1, warmup=2000 steps)
2026-02-19 19:13:31 - M5Trainer - INFO -   井 SY9: 1332 条同化数据 (train=799, val=266, test=267)
    开井点数 (q>1): train=745, val=88, test=121
    有效压力点: val_p=109, test_p=121
2026-02-19 19:13:31 - M5Trainer - INFO -   train time window(norm): [0.0000, 0.5995]
2026-02-19 19:13:31 - M5Trainer - INFO -   M3 PVT cg(73.50320553023063, 140.32) = 0.009749
2026-02-19 19:13:31 - M5Trainer - INFO -   M3 PVT Bg(73.50320553023063, 140.32) = 0.002623
2026-02-19 19:13:31 - M5Trainer - INFO -   PDE 缩放: αx=0.827820, αy=2.071330
2026-02-19 19:13:31 - M5Trainer - INFO - M5Trainer 初始化完成: device=cuda, lr=0.001, max_steps=25000, relobralo=True, rar=True
2026-02-19 19:13:31 - M5Trainer - INFO - ============================================================
2026-02-19 19:13:31 - M5Trainer - INFO - M5 PINN 井—藏耦合同化训练开始
2026-02-19 19:13:31 - M5Trainer - INFO - ============================================================
2026-02-19 19:13:31 - M5Trainer - INFO - 训练阶段: A[0-2500] B[2500-8750] C[8750-17500] D[17500-25000]
2026-02-19 19:13:31 - M5Trainer - INFO -   qg_nearzero 权重: A=3.0, B=6.0->9.0, C=12.0, D=3.0, enable=True
2026-02-19 19:13:31 - M5Trainer - INFO - --- M5 单位/量纲诊断 (train 第 1 步前) ---
2026-02-19 19:13:31 - M5Trainer - INFO -   qg_obs 范围: 0.00e+00 ~ 8.39e+05 m³/d, 均值: 2.97e+05 m³/d
2026-02-19 19:13:31 - M5Trainer - INFO -   qg_pred 范围: 2.30e+06 ~ 2.35e+06
2026-02-19 19:13:31 - M5Trainer - INFO -   p_wf 范围: 7.43e+01 ~ 7.43e+01 MPa
2026-02-19 19:13:31 - M5Trainer - INFO -   p_field @ well: 7.50e+01 MPa
2026-02-19 19:13:31 - M5Trainer - INFO -   k_frac = 31.7805 mD
2026-02-19 19:13:31 - M5Trainer - INFO -   WI_raw = 2.535521e-12 [检查单位]
2026-02-19 19:13:31 - M5Trainer - INFO -   dp_wellbore = 12.00 MPa
2026-02-19 19:13:31 - M5Trainer - INFO -   Bg_ref = 2.622580e-03
2026-02-19 19:13:31 - M5Trainer - INFO -   qg_obs 范围: 0.00e+00 ~ 8.39e+05 m³/d
2026-02-19 19:13:31 - M5Trainer - INFO -   qg_obs 中位数 = 3.07e+05 m³/d
2026-02-19 19:13:31 - M5Trainer - INFO -   ✅ v9: PDE源项已升级为时变 source(x,y,t) = qg_obs(t) * kernel(x,y)
2026-02-19 19:13:31 - M5Trainer - INFO -   ✅ 每个PDE配点使用其时刻对应的真实观测产量（线性插值）
2026-02-19 19:13:31 - M5Trainer - INFO - --- 诊断结束 ---
2026-02-19 19:13:31 - M5Trainer - INFO -   [shape] SY9: qg pred=(1332, 1) vs obs=(1332, 1), p_wf pred=(1332, 1) vs p_obs=(1332, 1)
2026-02-19 19:13:31 - M5Trainer - INFO -   [Sw约束v9] Sw=[0.260, 0.260, 0.260], 权重=500, 惩罚=0.000000 (低=0.0000, 高=0.0000)
2026-02-19 19:13:31 - M5Trainer - INFO -   ✅ k_frac_mD.grad = 4.488718e-01 (PDE梯度贯通)
2026-02-19 19:13:31 - M5Trainer - INFO -   ✅ k_net: 18 组参数收到梯度
2026-02-19 19:13:31 - M5Trainer - INFO -   [梯度验收] SY9: qg_obs range=[0.0, 838700.0]
2026-02-19 19:13:31 - M5Trainer - INFO -   [Sw监控] SY9: Sw=[0.2600, 0.2600, 0.2600], krg_min=6.751000e-01
2026-02-19 19:13:31 - M5Trainer - INFO - [Step     0/25000] Stage A | L=1.0863e+03 (IC=2.240e+00, BC=2.240e+00, PDE=1.611e+06, Qg=5.457e+00, Qz=4.359e+00, Sd=3.631e-01, SwB=0.000e+00) | k_frac=31.7796 mD, dp=12.00 MPa | Sw=[0.260,0.260] | 0.6s
2026-02-19 19:13:31 - M5Trainer - INFO -   [k_frac诊断] grad=4.4887e-01, k_frac=31.779566 mD
2026-02-19 19:13:47 - M5Trainer - INFO - [Step   100/25000] Stage A | L=3.3425e+02 (IC=1.897e-02, BC=1.934e-02, PDE=1.988e+06, Qg=4.825e-01, Qz=1.265e-01, Sd=2.649e-01, SwB=0.000e+00) | k_frac=31.4897 mD, dp=12.01 MPa | Sw=[0.220,0.417] | 16.0s
2026-02-19 19:14:02 - M5Trainer - INFO -   [梯度验收] SY9: qg_obs range=[0.0, 838700.0]
2026-02-19 19:14:02 - M5Trainer - INFO - [Step   200/25000] Stage A | L=1.4480e+02 (IC=9.384e-02, BC=3.447e-02, PDE=1.739e+06, Qg=2.244e-01, Qz=4.709e-02, Sd=1.665e+00, SwB=0.000e+00) | k_frac=31.1798 mD, dp=12.08 MPa | Sw=[0.152,0.740] | 31.0s
2026-02-19 19:14:17 - M5Trainer - INFO - [Step   300/25000] Stage A | L=2.8852e+02 (IC=6.707e-02, BC=3.032e-02, PDE=1.921e+06, Qg=2.213e-01, Qz=2.768e-02, Sd=2.229e+01, SwB=5.960e-08) | k_frac=30.8093 mD, dp=12.10 MPa | Sw=[0.130,0.801] | 46.6s
2026-02-19 19:14:33 - M5Trainer - INFO -   [梯度验收] SY9: qg_obs range=[0.0, 838700.0]
2026-02-19 19:14:33 - M5Trainer - INFO - [Step   400/25000] Stage A | L=3.2262e+02 (IC=1.639e-01, BC=1.127e-01, PDE=1.874e+06, Qg=2.310e-01, Qz=2.360e-02, Sd=2.311e+01, SwB=3.609e-07) | k_frac=30.6714 mD, dp=12.10 MPa | Sw=[0.130,0.828] | 62.3s
2026-02-19 19:14:49 - M5Trainer - INFO -   [Sw约束v9] Sw=[0.125, 0.383, 0.869], 权重=500, 惩罚=0.000001 (低=0.0000, 高=0.0000)
2026-02-19 19:14:49 - M5Trainer - INFO -   [Sw监控] SY9: Sw=[0.8138, 0.8406, 0.8693], krg_min=7.036214e-03
2026-02-19 19:14:49 - M5Trainer - INFO - [Step   500/25000] Stage A | L=1.4223e+02 (IC=6.752e-02, BC=5.778e-02, PDE=1.135e+06, Qg=2.224e-01, Qz=2.522e-02, Sd=2.644e+01, SwB=6.180e-07) | k_frac=30.5932 mD, dp=12.11 MPa | Sw=[0.128,0.841] | 78.1s
2026-02-19 19:14:49 - M5Trainer - INFO -   [k_frac诊断] grad=-3.7492e-02, k_frac=30.593163 mD
2026-02-19 19:15:04 - M5Trainer - INFO -   [梯度验收] SY9: qg_obs range=[0.0, 838700.0]
2026-02-19 19:15:04 - M5Trainer - INFO - [Step   600/25000] Stage A | L=1.4116e+02 (IC=1.039e-01, BC=8.768e-02, PDE=1.107e+06, Qg=2.357e-01, Qz=3.017e-02, Sd=2.926e+01, SwB=5.689e-08) | k_frac=30.5556 mD, dp=12.11 MPa | Sw=[0.124,0.830] | 93.7s
2026-02-19 19:15:20 - M5Trainer - INFO - [Step   700/25000] Stage A | L=1.8051e+02 (IC=6.715e-02, BC=6.695e-02, PDE=1.259e+06, Qg=2.135e-01, Qz=2.780e-02, Sd=3.016e+01, SwB=7.816e-08) | k_frac=30.4507 mD, dp=12.11 MPa | Sw=[0.127,0.841] | 109.6s
2026-02-19 19:15:36 - M5Trainer - INFO -   [梯度验收] SY9: qg_obs range=[0.0, 838700.0]
2026-02-19 19:15:36 - M5Trainer - INFO - [Step   800/25000] Stage A | L=1.7957e+02 (IC=1.019e-01, BC=8.706e-02, PDE=1.189e+06, Qg=2.446e-01, Qz=2.540e-02, Sd=2.969e+01, SwB=6.368e-07) | k_frac=30.3522 mD, dp=12.11 MPa | Sw=[0.124,0.842] | 125.7s
2026-02-19 19:15:52 - M5Trainer - INFO - [Step   900/25000] Stage A | L=1.5011e+02 (IC=1.003e-01, BC=9.140e-02, PDE=1.047e+06, Qg=2.192e-01, Qz=2.549e-02, Sd=3.279e+01, SwB=5.738e-07) | k_frac=30.4318 mD, dp=12.11 MPa | Sw=[0.124,0.832] | 141.3s
2026-02-19 19:16:08 - M5Trainer - INFO -   [Sw约束v9] Sw=[0.122, 0.396, 0.866], 权重=500, 惩罚=0.000001 (低=0.0000, 高=0.0000)
2026-02-19 19:16:08 - M5Trainer - INFO -   [梯度验收] SY9: qg_obs range=[0.0, 838700.0]
2026-02-19 19:16:08 - M5Trainer - INFO -   [Sw监控] SY9: Sw=[0.7514, 0.8450, 0.8671], krg_min=7.484721e-03
2026-02-19 19:16:08 - M5Trainer - INFO - [Step  1000/25000] Stage A | L=9.9590e+01 (IC=4.432e-02, BC=5.132e-02, PDE=7.669e+05, Qg=2.140e-01, Qz=4.566e-02, Sd=3.834e+01, SwB=6.954e-07) | k_frac=30.4770 mD, dp=12.11 MPa | Sw=[0.124,0.837] | 157.1s
2026-02-19 19:16:08 - M5Trainer - INFO -   [k_frac诊断] grad=-5.2104e-02, k_frac=30.477039 mD
2026-02-19 19:16:23 - M5Trainer - INFO - [Step  1100/25000] Stage A | L=1.2870e+02 (IC=6.303e-02, BC=4.534e-02, PDE=8.526e+05, Qg=2.201e-01, Qz=3.059e-02, Sd=3.463e+01, SwB=3.225e-07) | k_frac=30.4055 mD, dp=12.12 MPa | Sw=[0.123,0.842] | 172.8s
2026-02-19 19:16:39 - M5Trainer - INFO -   [梯度验收] SY9: qg_obs range=[0.0, 838700.0]
2026-02-19 19:16:39 - M5Trainer - INFO - [Step  1200/25000] Stage A | L=1.3903e+02 (IC=4.580e-02, BC=5.453e-02, PDE=9.267e+05, Qg=2.148e-01, Qz=2.717e-02, Sd=3.214e+01, SwB=5.793e-07) | k_frac=30.4834 mD, dp=12.12 MPa | Sw=[0.123,0.853] | 188.7s
2026-02-19 19:16:55 - M5Trainer - INFO - [Step  1300/25000] Stage A | L=9.1405e+01 (IC=3.948e-02, BC=4.997e-02, PDE=7.744e+05, Qg=2.222e-01, Qz=2.595e-02, Sd=3.266e+01, SwB=5.108e-07) | k_frac=30.7263 mD, dp=12.12 MPa | Sw=[0.125,0.846] | 204.8s
2026-02-19 19:17:11 - M5Trainer - INFO -   [梯度验收] SY9: qg_obs range=[0.0, 838700.0]
2026-02-19 19:17:11 - M5Trainer - INFO - [Step  1400/25000] Stage A | L=1.2473e+02 (IC=8.367e-02, BC=3.066e-02, PDE=8.096e+05, Qg=2.020e-01, Qz=2.443e-02, Sd=2.959e+01, SwB=3.987e-07) | k_frac=30.8768 mD, dp=12.12 MPa | Sw=[0.122,0.836] | 220.8s
2026-02-19 19:17:27 - M5Trainer - INFO -   [Sw约束v9] Sw=[0.122, 0.331, 0.871], 权重=500, 惩罚=0.000001 (低=0.0000, 高=0.0000)
2026-02-19 19:17:27 - M5Trainer - INFO -   [Sw监控] SY9: Sw=[0.8038, 0.8401, 0.8721], krg_min=6.480226e-03
2026-02-19 19:17:27 - M5Trainer - INFO - [Step  1500/25000] Stage A | L=9.8525e+01 (IC=9.248e-02, BC=3.502e-02, PDE=6.696e+05, Qg=2.138e-01, Qz=2.613e-02, Sd=3.207e+01, SwB=5.044e-07) | k_frac=31.0044 mD, dp=12.12 MPa | Sw=[0.127,0.852] | 236.8s
2026-02-19 19:17:27 - M5Trainer - INFO -   [k_frac诊断] grad=5.9593e-02, k_frac=31.004419 mD
2026-02-19 19:17:44 - M5Trainer - INFO -   [梯度验收] SY9: qg_obs range=[0.0, 838700.0]
2026-02-19 19:17:44 - M5Trainer - INFO - [Step  1600/25000] Stage A | L=1.0177e+02 (IC=3.914e-02, BC=7.986e-02, PDE=6.680e+05, Qg=2.709e-01, Qz=2.983e-02, Sd=3.183e+01, SwB=2.329e-07) | k_frac=31.1422 mD, dp=12.12 MPa | Sw=[0.123,0.842] | 253.0s
2026-02-19 19:17:59 - M5Trainer - INFO - [Step  1700/25000] Stage A | L=1.0131e+02 (IC=1.894e-02, BC=2.331e-02, PDE=6.487e+05, Qg=2.354e-01, Qz=2.484e-02, Sd=3.218e+01, SwB=1.566e-06) | k_frac=31.4433 mD, dp=12.12 MPa | Sw=[0.123,0.840] | 268.8s
2026-02-19 19:18:15 - M5Trainer - INFO -   [梯度验收] SY9: qg_obs range=[0.0, 838700.0]
2026-02-19 19:18:15 - M5Trainer - INFO - [Step  1800/25000] Stage A | L=1.1707e+02 (IC=3.607e-02, BC=3.418e-02, PDE=6.783e+05, Qg=2.054e-01, Qz=3.027e-02, Sd=3.227e+01, SwB=4.010e-06) | k_frac=31.8106 mD, dp=12.12 MPa | Sw=[0.123,0.842] | 284.5s
2026-02-19 19:18:31 - M5Trainer - INFO - [Step  1900/25000] Stage A | L=1.0357e+02 (IC=7.227e-02, BC=3.663e-02, PDE=7.019e+05, Qg=2.103e-01, Qz=2.598e-02, Sd=3.221e+01, SwB=2.272e-07) | k_frac=32.0058 mD, dp=12.12 MPa | Sw=[0.124,0.847] | 300.3s
2026-02-19 19:18:47 - M5Trainer - INFO -   [Sw约束v9] Sw=[0.121, 0.354, 0.868], 权重=500, 惩罚=0.000003 (低=0.0000, 高=0.0000)
2026-02-19 19:18:47 - M5Trainer - INFO -   [Sw监控] SY9: Sw=[0.8132, 0.8423, 0.8683], krg_min=7.237216e-03
2026-02-19 19:18:47 - M5Trainer - INFO - [Step  2000/25000] Stage A | L=8.9127e+01 (IC=7.468e-02, BC=1.160e-01, PDE=6.396e+05, Qg=2.545e-01, Qz=3.678e-02, Sd=3.435e+01, SwB=2.535e-06) | k_frac=32.2555 mD, dp=12.12 MPa | Sw=[0.123,0.856] | 316.2s
2026-02-19 19:18:47 - M5Trainer - INFO -   [k_frac诊断] grad=5.8638e-02, k_frac=32.255543 mD
2026-02-19 19:19:02 - M5Trainer - INFO - [Step  2100/25000] Stage A | L=7.5851e+01 (IC=6.109e-02, BC=6.278e-02, PDE=5.636e+05, Qg=3.053e-01, Qz=3.463e-02, Sd=3.862e+01, SwB=3.159e-06) | k_frac=32.6607 mD, dp=12.12 MPa | Sw=[0.124,0.838] | 331.7s
2026-02-19 19:19:18 - M5Trainer - INFO - [Step  2200/25000] Stage A | L=7.6245e+01 (IC=5.743e-02, BC=9.420e-02, PDE=5.924e+05, Qg=2.438e-01, Qz=2.812e-02, Sd=3.550e+01, SwB=3.028e-06) | k_frac=32.8347 mD, dp=12.11 MPa | Sw=[0.123,0.859] | 347.5s
2026-02-19 19:19:33 - M5Trainer - INFO - [Step  2300/25000] Stage A | L=7.7561e+01 (IC=8.039e-02, BC=7.714e-02, PDE=6.095e+05, Qg=2.366e-01, Qz=2.650e-02, Sd=3.419e+01, SwB=2.597e-06) | k_frac=33.0308 mD, dp=12.11 MPa | Sw=[0.135,0.856] | 362.7s
2026-02-19 19:19:48 - M5Trainer - INFO - [Step  2400/25000] Stage A | L=1.0408e+02 (IC=1.697e-02, BC=2.208e-02, PDE=5.711e+05, Qg=2.170e-01, Qz=2.912e-02, Sd=3.555e+01, SwB=5.357e-06) | k_frac=33.3099 mD, dp=12.12 MPa | Sw=[0.125,0.864] | 377.9s
2026-02-19 19:20:04 - M5Trainer - INFO -   [Sw约束v9] Sw=[0.121, 0.324, 0.872], 权重=300, 惩罚=0.000006 (低=0.0000, 高=0.0000)
2026-02-19 19:20:05 - M5Trainer - INFO -   [Sw监控] SY9: Sw=[0.8135, 0.8536, 0.8722], krg_min=6.461006e-03
2026-02-19 19:20:05 - M5Trainer - INFO - [Step  2500/25000] Stage B | L=7.2691e+02 (IC=1.133e-02, BC=1.444e-02, PDE=4.603e+05, Qg=2.302e-01, Qz=3.244e-02, Sd=3.354e+01, SwB=5.816e-06) | k_frac=33.5281 mD, dp=12.11 MPa | Sw=[0.125,0.852] | 394.0s
2026-02-19 19:20:05 - M5Trainer - INFO -   [k_frac诊断] grad=-1.7027e-01, k_frac=33.528088 mD
2026-02-19 19:20:20 - M5Trainer - INFO - [Step  2600/25000] Stage B | L=4.7171e+02 (IC=3.826e-02, BC=2.665e-02, PDE=4.485e+05, Qg=2.172e-01, Qz=3.177e-04, Sd=9.263e-01, SwB=3.385e-06) | k_frac=34.4596 mD, dp=12.31 MPa | Sw=[0.124,0.856] | 409.5s
2026-02-19 19:20:35 - M5Trainer - INFO - [Step  2700/25000] Stage B | L=4.4327e+02 (IC=7.690e-02, BC=5.579e-02, PDE=4.458e+05, Qg=1.979e-01, Qz=2.530e-04, Sd=7.752e-01, SwB=2.362e-06) | k_frac=35.3189 mD, dp=12.42 MPa | Sw=[0.123,0.858] | 424.9s
2026-02-19 19:20:51 - M5Trainer - INFO - [Step  2800/25000] Stage B | L=4.5405e+02 (IC=1.141e-01, BC=4.103e-02, PDE=4.580e+05, Qg=1.985e-01, Qz=3.004e-04, Sd=9.131e-01, SwB=9.752e-07) | k_frac=36.1338 mD, dp=12.50 MPa | Sw=[0.122,0.858] | 440.2s
2026-02-19 19:21:06 - M5Trainer - INFO - [Step  2900/25000] Stage B | L=4.7563e+02 (IC=8.092e-02, BC=4.668e-02, PDE=4.886e+05, Qg=2.185e-01, Qz=4.590e-04, Sd=6.350e-01, SwB=8.569e-10) | k_frac=36.7153 mD, dp=12.58 MPa | Sw=[0.125,0.847] | 455.4s
2026-02-19 19:21:21 - M5Trainer - INFO -   [Sw约束v9] Sw=[0.122, 0.293, 0.859], 权重=300, 惩罚=0.000000 (低=0.0000, 高=0.0000)
2026-02-19 19:21:21 - M5Trainer - INFO -   [Sw监控] SY9: Sw=[0.7995, 0.8403, 0.8589], krg_min=9.280494e-03
2026-02-19 19:21:21 - M5Trainer - INFO - [Step  3000/25000] Stage B | L=3.2820e+02 (IC=1.140e-01, BC=8.219e-02, PDE=3.984e+05, Qg=2.694e-01, Qz=1.649e-04, Sd=4.139e-01, SwB=6.971e-08) | k_frac=37.0885 mD, dp=12.65 MPa | Sw=[0.124,0.831] | 470.8s
2026-02-19 19:21:21 - M5Trainer - INFO -   [k_frac诊断] grad=-1.5095e-01, k_frac=37.088497 mD
2026-02-19 19:21:37 - M5Trainer - INFO - [Step  3100/25000] Stage B | L=4.4464e+02 (IC=8.268e-02, BC=6.438e-02, PDE=3.926e+05, Qg=2.299e-01, Qz=2.388e-04, Sd=4.974e-01, SwB=8.458e-10) | k_frac=37.8229 mD, dp=12.69 MPa | Sw=[0.125,0.830] | 486.6s
2026-02-19 19:21:53 - M5Trainer - INFO - [Step  3200/25000] Stage B | L=5.0523e+02 (IC=4.866e-02, BC=5.407e-02, PDE=4.155e+05, Qg=2.590e-01, Qz=2.474e-04, Sd=3.616e-01, SwB=0.000e+00) | k_frac=38.3871 mD, dp=12.72 MPa | Sw=[0.123,0.829] | 502.3s
2026-02-19 19:22:09 - M5Trainer - INFO - [Step  3300/25000] Stage B | L=3.6439e+02 (IC=4.887e-02, BC=4.890e-02, PDE=3.651e+05, Qg=2.177e-01, Qz=1.498e-04, Sd=2.991e-01, SwB=0.000e+00) | k_frac=38.8195 mD, dp=12.75 MPa | Sw=[0.127,0.839] | 518.1s
2026-02-19 19:22:24 - M5Trainer - INFO - [Step  3400/25000] Stage B | L=3.8625e+02 (IC=1.040e-01, BC=4.967e-02, PDE=3.607e+05, Qg=2.886e-01, Qz=7.664e-05, Sd=3.144e-01, SwB=6.858e-08) | k_frac=39.1698 mD, dp=12.77 MPa | Sw=[0.122,0.849] | 533.8s
2026-02-19 19:22:40 - M5Trainer - INFO -   [Sw约束v9] Sw=[0.122, 0.392, 0.853], 权重=300, 惩罚=0.000000 (低=0.0000, 高=0.0000)
2026-02-19 19:22:40 - M5Trainer - INFO -   [Sw监控] SY9: Sw=[0.7844, 0.8366, 0.8526], krg_min=1.081828e-02
2026-02-19 19:22:40 - M5Trainer - INFO - [Step  3500/25000] Stage B | L=4.3862e+02 (IC=1.045e-01, BC=4.581e-02, PDE=3.590e+05, Qg=2.336e-01, Qz=8.137e-05, Sd=4.427e-01, SwB=5.534e-09) | k_frac=39.8718 mD, dp=12.79 MPa | Sw=[0.123,0.847] | 549.6s
2026-02-19 19:22:40 - M5Trainer - INFO -   [k_frac诊断] grad=-2.3652e-01, k_frac=39.871826 mD
2026-02-19 19:22:56 - M5Trainer - INFO - [Step  3600/25000] Stage B | L=4.0880e+02 (IC=1.552e-01, BC=4.788e-02, PDE=3.553e+05, Qg=2.178e-01, Qz=2.897e-04, Sd=3.558e-01, SwB=0.000e+00) | k_frac=40.4749 mD, dp=12.80 MPa | Sw=[0.128,0.827] | 565.6s
2026-02-19 19:23:12 - M5Trainer - INFO - [Step  3700/25000] Stage B | L=5.6563e+02 (IC=1.578e-02, BC=1.151e-02, PDE=3.774e+05, Qg=2.389e-01, Qz=5.345e-04, Sd=2.576e-01, SwB=0.000e+00) | k_frac=40.9171 mD, dp=12.81 MPa | Sw=[0.129,0.820] | 581.5s
2026-02-19 19:23:28 - M5Trainer - INFO - [Step  3800/25000] Stage B | L=5.4620e+02 (IC=1.868e-02, BC=1.728e-02, PDE=3.811e+05, Qg=2.155e-01, Qz=3.630e-04, Sd=2.011e-01, SwB=0.000e+00) | k_frac=41.2916 mD, dp=12.82 MPa | Sw=[0.125,0.818] | 597.5s
2026-02-19 19:23:45 - M5Trainer - INFO - [Step  3900/25000] Stage B | L=5.4632e+02 (IC=2.044e-02, BC=1.856e-02, PDE=3.649e+05, Qg=2.676e-01, Qz=5.272e-04, Sd=2.745e-01, SwB=0.000e+00) | k_frac=41.7608 mD, dp=12.83 MPa | Sw=[0.127,0.827] | 614.2s
2026-02-19 19:24:01 - M5Trainer - INFO -   [Sw约束v9] Sw=[0.122, 0.318, 0.843], 权重=300, 惩罚=0.000000 (低=0.0000, 高=0.0000)
2026-02-19 19:24:01 - M5Trainer - INFO -   [Sw监控] SY9: Sw=[0.7489, 0.8205, 0.8485], krg_min=1.186272e-02
2026-02-19 19:24:01 - M5Trainer - INFO - [Step  4000/25000] Stage B | L=3.8466e+02 (IC=7.618e-02, BC=6.993e-02, PDE=3.256e+05, Qg=2.033e-01, Qz=2.586e-04, Sd=1.889e-01, SwB=0.000e+00) | k_frac=42.2411 mD, dp=12.83 MPa | Sw=[0.126,0.809] | 630.8s
2026-02-19 19:24:01 - M5Trainer - INFO -   [k_frac诊断] grad=9.3502e-02, k_frac=42.241077 mD
2026-02-19 19:24:19 - M5Trainer - INFO - [Step  4100/25000] Stage B | L=4.4057e+02 (IC=6.277e-02, BC=1.969e-02, PDE=3.213e+05, Qg=2.186e-01, Qz=2.213e-04, Sd=1.684e-01, SwB=1.023e-08) | k_frac=42.6616 mD, dp=12.85 MPa | Sw=[0.124,0.825] | 648.1s
2026-02-19 19:24:36 - M5Trainer - INFO - [Step  4200/25000] Stage B | L=4.7121e+02 (IC=3.311e-02, BC=2.202e-02, PDE=3.305e+05, Qg=2.013e-01, Qz=1.409e-04, Sd=1.720e-01, SwB=1.442e-08) | k_frac=43.0133 mD, dp=12.85 MPa | Sw=[0.124,0.825] | 665.4s
2026-02-19 19:24:53 - M5Trainer - INFO - [Step  4300/25000] Stage B | L=4.3477e+02 (IC=6.238e-02, BC=5.023e-02, PDE=3.164e+05, Qg=2.260e-01, Qz=2.602e-04, Sd=1.882e-01, SwB=0.000e+00) | k_frac=43.4428 mD, dp=12.86 MPa | Sw=[0.122,0.832] | 682.6s
2026-02-19 19:25:10 - M5Trainer - INFO - [Step  4400/25000] Stage B | L=4.2681e+02 (IC=5.483e-02, BC=5.327e-02, PDE=3.243e+05, Qg=2.101e-01, Qz=1.041e-04, Sd=1.360e-01, SwB=5.172e-08) | k_frac=43.9087 mD, dp=12.87 MPa | Sw=[0.127,0.842] | 699.6s
2026-02-19 19:25:27 - M5Trainer - INFO -   [Sw约束v9] Sw=[0.122, 0.345, 0.854], 权重=300, 惩罚=0.000000 (低=0.0000, 高=0.0000)
2026-02-19 19:25:27 - M5Trainer - INFO -   [Sw监控] SY9: Sw=[0.7589, 0.8180, 0.8408], krg_min=1.397891e-02
2026-02-19 19:25:27 - M5Trainer - INFO - [Step  4500/25000] Stage B | L=3.9017e+02 (IC=4.095e-02, BC=3.868e-02, PDE=2.974e+05, Qg=2.376e-01, Qz=3.095e-04, Sd=3.052e-01, SwB=3.061e-09) | k_frac=44.3996 mD, dp=12.87 MPa | Sw=[0.132,0.824] | 716.6s
2026-02-19 19:25:27 - M5Trainer - INFO -   [k_frac诊断] grad=2.0857e-01, k_frac=44.399551 mD
2026-02-19 19:25:45 - M5Trainer - INFO - [Step  4600/25000] Stage B | L=4.4616e+02 (IC=2.638e-02, BC=3.294e-02, PDE=3.135e+05, Qg=2.114e-01, Qz=7.886e-05, Sd=1.941e-01, SwB=2.548e-08) | k_frac=44.8880 mD, dp=12.88 MPa | Sw=[0.122,0.841] | 734.2s
2026-02-19 19:26:02 - M5Trainer - INFO - [Step  4700/25000] Stage B | L=3.6537e+02 (IC=5.578e-02, BC=4.719e-02, PDE=2.880e+05, Qg=2.112e-01, Qz=1.376e-04, Sd=1.166e-01, SwB=1.223e-08) | k_frac=45.1699 mD, dp=12.89 MPa | Sw=[0.123,0.821] | 751.7s
2026-02-19 19:26:20 - M5Trainer - INFO - [Step  4800/25000] Stage B | L=4.8605e+02 (IC=1.688e-02, BC=1.746e-02, PDE=2.867e+05, Qg=2.202e-01, Qz=6.236e-05, Sd=2.315e-01, SwB=1.634e-08) | k_frac=45.5210 mD, dp=12.93 MPa | Sw=[0.125,0.836] | 769.3s
2026-02-19 19:26:37 - M5Trainer - INFO - [Step  4900/25000] Stage B | L=3.6093e+02 (IC=1.106e-01, BC=1.532e-02, PDE=2.834e+05, Qg=2.196e-01, Qz=7.796e-05, Sd=2.392e-01, SwB=1.351e-10) | k_frac=46.0086 mD, dp=12.95 MPa | Sw=[0.131,0.843] | 786.7s
2026-02-19 19:26:54 - M5Trainer - INFO -   [Sw约束v9] Sw=[0.122, 0.355, 0.853], 权重=300, 惩罚=0.000000 (低=0.0000, 高=0.0000)
2026-02-19 19:26:54 - M5Trainer - INFO -   [Sw监控] SY9: Sw=[0.7560, 0.8265, 0.8476], krg_min=1.210676e-02
2026-02-19 19:26:54 - M5Trainer - INFO -   [best更新] val_score=35.3952 (step 5000)
2026-02-19 19:26:54 - M5Trainer - INFO - [Step  5000/25000] Stage B | L=3.5547e+02 (IC=1.069e-01, BC=2.875e-02, PDE=2.536e+05, Qg=2.029e-01, Qz=9.000e-05, Sd=1.767e-01, SwB=1.779e-09) | k_frac=46.3479 mD, dp=12.96 MPa | Sw=[0.130,0.822] | 803.8s
2026-02-19 19:26:54 - M5Trainer - INFO -   [k_frac诊断] grad=1.7292e-01, k_frac=46.347881 mD
2026-02-19 19:27:12 - M5Trainer - INFO - [Step  5100/25000] Stage B | L=4.0544e+02 (IC=2.348e-02, BC=1.548e-02, PDE=2.548e+05, Qg=2.173e-01, Qz=1.769e-05, Sd=2.489e-01, SwB=3.594e-06) | k_frac=46.7453 mD, dp=13.01 MPa | Sw=[0.124,0.855] | 821.3s
2026-02-19 19:27:29 - M5Trainer - INFO - [Step  5200/25000] Stage B | L=3.2552e+02 (IC=6.926e-02, BC=5.953e-02, PDE=2.735e+05, Qg=1.982e-01, Qz=5.205e-05, Sd=3.354e-01, SwB=2.434e-06) | k_frac=47.2424 mD, dp=13.02 MPa | Sw=[0.124,0.854] | 838.9s
2026-02-19 19:27:47 - M5Trainer - INFO - [Step  5300/25000] Stage B | L=5.3588e+02 (IC=1.423e-02, BC=1.133e-02, PDE=2.783e+05, Qg=2.000e-01, Qz=3.745e-05, Sd=2.055e-01, SwB=1.009e-08) | k_frac=47.8166 mD, dp=13.05 MPa | Sw=[0.123,0.847] | 856.6s
2026-02-19 19:28:05 - M5Trainer - INFO - [Step  5400/25000] Stage B | L=4.0256e+02 (IC=6.074e-02, BC=4.546e-02, PDE=2.623e+05, Qg=2.297e-01, Qz=3.516e-05, Sd=3.273e-01, SwB=8.981e-07) | k_frac=48.1531 mD, dp=13.09 MPa | Sw=[0.124,0.846] | 873.9s
2026-02-19 19:28:22 - M5Trainer - INFO -   [Sw约束v9] Sw=[0.122, 0.340, 0.857], 权重=300, 惩罚=0.000001 (低=0.0000, 高=0.0000)
2026-02-19 19:28:22 - M5Trainer - INFO -   [Sw监控] SY9: Sw=[0.7909, 0.8373, 0.8564], krg_min=9.871801e-03
2026-02-19 19:28:22 - M5Trainer - INFO - [Step  5500/25000] Stage B | L=3.3253e+02 (IC=9.436e-02, BC=1.978e-02, PDE=2.223e+05, Qg=2.298e-01, Qz=2.249e-05, Sd=2.967e-01, SwB=7.787e-07) | k_frac=48.6170 mD, dp=13.13 MPa | Sw=[0.123,0.854] | 891.3s
2026-02-19 19:28:22 - M5Trainer - INFO -   [k_frac诊断] grad=6.8192e-02, k_frac=48.617016 mD
2026-02-19 19:28:39 - M5Trainer - INFO - [Step  5600/25000] Stage B | L=3.9267e+02 (IC=1.997e-02, BC=2.316e-02, PDE=2.435e+05, Qg=2.096e-01, Qz=1.649e-05, Sd=2.760e-01, SwB=3.725e-06) | k_frac=48.7490 mD, dp=13.19 MPa | Sw=[0.125,0.857] | 908.8s
2026-02-19 19:28:57 - M5Trainer - INFO - [Step  5700/25000] Stage B | L=3.5275e+02 (IC=2.960e-02, BC=2.265e-02, PDE=2.264e+05, Qg=2.030e-01, Qz=3.073e-05, Sd=3.032e-01, SwB=4.249e-06) | k_frac=49.2891 mD, dp=13.23 MPa | Sw=[0.122,0.832] | 926.7s
2026-02-19 19:29:15 - M5Trainer - INFO - [Step  5800/25000] Stage B | L=4.1117e+02 (IC=2.038e-02, BC=1.301e-02, PDE=2.331e+05, Qg=1.947e-01, Qz=2.550e-05, Sd=3.588e-01, SwB=6.833e-06) | k_frac=49.7232 mD, dp=13.26 MPa | Sw=[0.122,0.853] | 944.2s
2026-02-19 19:29:33 - M5Trainer - INFO - [Step  5900/25000] Stage B | L=4.2184e+02 (IC=1.808e-02, BC=1.954e-02, PDE=2.265e+05, Qg=2.593e-01, Qz=1.464e-05, Sd=1.974e-01, SwB=1.394e-05) | k_frac=50.0824 mD, dp=13.32 MPa | Sw=[0.124,0.865] | 962.0s
2026-02-19 19:29:50 - M5Trainer - INFO -   [Sw约束v9] Sw=[0.121, 0.335, 0.866], 权重=300, 惩罚=0.000011 (低=0.0000, 高=0.0000)
2026-02-19 19:29:50 - M5Trainer - INFO -   [Sw监控] SY9: Sw=[0.8063, 0.8488, 0.8659], krg_min=7.741014e-03
2026-02-19 19:29:50 - M5Trainer - INFO - [Step  6000/25000] Stage B | L=3.3478e+02 (IC=2.614e-02, BC=2.861e-02, PDE=2.026e+05, Qg=1.927e-01, Qz=1.879e-05, Sd=2.579e-01, SwB=1.132e-05) | k_frac=50.6700 mD, dp=13.38 MPa | Sw=[0.121,0.862] | 979.8s
2026-02-19 19:29:50 - M5Trainer - INFO -   [k_frac诊断] grad=-2.6409e-01, k_frac=50.670036 mD
2026-02-19 19:30:08 - M5Trainer - INFO - [Step  6100/25000] Stage B | L=2.4456e+02 (IC=1.340e-01, BC=1.066e-01, PDE=2.103e+05, Qg=1.902e-01, Qz=2.567e-05, Sd=2.030e-01, SwB=1.103e-05) | k_frac=51.1010 mD, dp=13.44 MPa | Sw=[0.129,0.823] | 997.8s
2026-02-19 19:30:26 - M5Trainer - INFO - [Step  6200/25000] Stage B | L=3.5345e+02 (IC=1.328e-01, BC=2.145e-02, PDE=2.156e+05, Qg=2.152e-01, Qz=2.492e-05, Sd=2.783e-01, SwB=1.140e-05) | k_frac=51.5404 mD, dp=13.48 MPa | Sw=[0.124,0.857] | 1015.7s
2026-02-19 19:30:44 - M5Trainer - INFO - [Step  6300/25000] Stage B | L=5.3330e+02 (IC=5.066e-02, BC=5.381e-02, PDE=2.228e+05, Qg=2.254e-01, Qz=4.806e-05, Sd=2.111e-01, SwB=8.109e-06) | k_frac=51.8801 mD, dp=13.52 MPa | Sw=[0.122,0.859] | 1033.6s
2026-02-19 19:31:02 - M5Trainer - INFO - [Step  6400/25000] Stage B | L=5.1350e+02 (IC=2.936e-02, BC=2.472e-02, PDE=2.195e+05, Qg=2.168e-01, Qz=2.673e-04, Sd=2.058e-01, SwB=1.701e-06) | k_frac=52.3137 mD, dp=13.52 MPa | Sw=[0.123,0.855] | 1051.6s
2026-02-19 19:31:20 - M5Trainer - INFO -   [Sw约束v9] Sw=[0.121, 0.353, 0.850], 权重=300, 惩罚=0.000000 (低=0.0000, 高=0.0000)
2026-02-19 19:31:20 - M5Trainer - INFO -   [Sw监控] SY9: Sw=[0.6995, 0.8211, 0.8485], krg_min=1.185332e-02
2026-02-19 19:31:20 - M5Trainer - INFO - [Step  6500/25000] Stage B | L=4.5717e+02 (IC=3.972e-02, BC=2.615e-02, PDE=2.087e+05, Qg=2.362e-01, Qz=3.561e-04, Sd=1.204e-01, SwB=0.000e+00) | k_frac=52.9862 mD, dp=13.52 MPa | Sw=[0.129,0.833] | 1069.6s
2026-02-19 19:31:20 - M5Trainer - INFO -   [k_frac诊断] grad=2.4115e-01, k_frac=52.986198 mD
2026-02-19 19:31:39 - M5Trainer - INFO - [Step  6600/25000] Stage B | L=4.2551e+02 (IC=3.426e-02, BC=1.927e-02, PDE=2.088e+05, Qg=2.064e-01, Qz=1.396e-04, Sd=1.718e-01, SwB=8.660e-07) | k_frac=53.2636 mD, dp=13.53 MPa | Sw=[0.123,0.859] | 1088.1s
2026-02-19 19:31:58 - M5Trainer - INFO - [Step  6700/25000] Stage B | L=1.7351e+02 (IC=9.407e-01, BC=3.367e-01, PDE=2.080e+05, Qg=2.238e-01, Qz=1.708e-02, Sd=1.654e-01, SwB=8.034e-06) | k_frac=53.7366 mD, dp=13.59 MPa | Sw=[0.122,0.843] | 1107.0s
2026-02-19 19:32:17 - M5Trainer - INFO - [Step  6800/25000] Stage B | L=4.2369e+02 (IC=3.709e-02, BC=2.373e-02, PDE=2.146e+05, Qg=2.088e-01, Qz=1.208e-04, Sd=1.877e-01, SwB=2.517e-06) | k_frac=54.1085 mD, dp=13.58 MPa | Sw=[0.125,0.861] | 1126.1s
2026-02-19 19:32:36 - M5Trainer - INFO - [Step  6900/25000] Stage B | L=4.4391e+02 (IC=2.794e-02, BC=1.370e-02, PDE=2.019e+05, Qg=2.026e-01, Qz=4.449e-05, Sd=1.722e-01, SwB=9.121e-06) | k_frac=54.4860 mD, dp=13.64 MPa | Sw=[0.131,0.856] | 1145.0s
2026-02-19 19:32:54 - M5Trainer - INFO -   [Sw约束v9] Sw=[0.121, 0.371, 0.867], 权重=300, 惩罚=0.000007 (低=0.0000, 高=0.0000)
2026-02-19 19:32:54 - M5Trainer - INFO -   [Sw监控] SY9: Sw=[0.7844, 0.8421, 0.8632], krg_min=8.309054e-03
2026-02-19 19:32:54 - M5Trainer - INFO - [Step  7000/25000] Stage B | L=3.9009e+02 (IC=1.755e-02, BC=1.691e-02, PDE=1.730e+05, Qg=2.306e-01, Qz=3.730e-05, Sd=2.082e-01, SwB=7.425e-06) | k_frac=54.9893 mD, dp=13.71 MPa | Sw=[0.121,0.859] | 1163.7s
2026-02-19 19:32:54 - M5Trainer - INFO -   [k_frac诊断] grad=2.4208e-01, k_frac=54.989315 mD
2026-02-19 19:33:14 - M5Trainer - INFO - [Step  7100/25000] Stage B | L=4.2072e+02 (IC=4.526e-02, BC=2.396e-02, PDE=1.762e+05, Qg=1.888e-01, Qz=6.865e-05, Sd=1.950e-01, SwB=6.702e-06) | k_frac=55.5602 mD, dp=13.73 MPa | Sw=[0.126,0.860] | 1183.1s
2026-02-19 19:33:33 - M5Trainer - INFO - [Step  7200/25000] Stage B | L=2.8075e+02 (IC=1.526e-01, BC=6.477e-02, PDE=1.847e+05, Qg=2.062e-01, Qz=6.987e-05, Sd=1.847e-01, SwB=1.114e-05) | k_frac=55.9370 mD, dp=13.75 MPa | Sw=[0.127,0.857] | 1202.6s
2026-02-19 19:33:53 - M5Trainer - INFO - [Step  7300/25000] Stage B | L=4.1735e+02 (IC=2.340e-02, BC=1.403e-02, PDE=1.835e+05, Qg=1.961e-01, Qz=3.875e-05, Sd=1.690e-01, SwB=1.197e-05) | k_frac=56.3627 mD, dp=13.79 MPa | Sw=[0.125,0.862] | 1222.0s
2026-02-19 19:34:12 - M5Trainer - INFO - [Step  7400/25000] Stage B | L=4.4047e+02 (IC=3.935e-02, BC=4.199e-02, PDE=1.958e+05, Qg=2.432e-01, Qz=2.892e-05, Sd=1.690e-01, SwB=2.519e-05) | k_frac=56.7134 mD, dp=13.86 MPa | Sw=[0.122,0.846] | 1241.2s
2026-02-19 19:34:31 - M5Trainer - INFO -   [Sw约束v9] Sw=[0.121, 0.347, 0.866], 权重=300, 惩罚=0.000012 (低=0.0000, 高=0.0000)
2026-02-19 19:34:31 - M5Trainer - INFO -   [Sw监控] SY9: Sw=[0.8054, 0.8500, 0.8652], krg_min=7.888434e-03
2026-02-19 19:34:31 - M5Trainer - INFO - [Step  7500/25000] Stage B | L=3.6986e+02 (IC=2.625e-02, BC=1.613e-02, PDE=1.746e+05, Qg=1.977e-01, Qz=5.140e-05, Sd=2.109e-01, SwB=1.213e-05) | k_frac=57.3011 mD, dp=13.89 MPa | Sw=[0.122,0.862] | 1260.4s
2026-02-19 19:34:31 - M5Trainer - INFO -   [k_frac诊断] grad=1.2013e-01, k_frac=57.301117 mD
2026-02-19 19:34:50 - M5Trainer - INFO - [Step  7600/25000] Stage B | L=3.7539e+02 (IC=2.466e-02, BC=1.761e-02, PDE=1.673e+05, Qg=1.955e-01, Qz=2.568e-05, Sd=1.602e-01, SwB=2.012e-05) | k_frac=57.6507 mD, dp=13.95 MPa | Sw=[0.126,0.858] | 1279.8s
2026-02-19 19:35:10 - M5Trainer - INFO - [Step  7700/25000] Stage B | L=2.9562e+02 (IC=1.798e-01, BC=5.171e-02, PDE=1.775e+05, Qg=2.123e-01, Qz=2.788e-03, Sd=1.925e-01, SwB=1.108e-05) | k_frac=58.0045 mD, dp=13.97 MPa | Sw=[0.121,0.854] | 1299.6s
2026-02-19 19:35:30 - M5Trainer - INFO - [Step  7800/25000] Stage B | L=3.1928e+02 (IC=7.091e-02, BC=6.208e-02, PDE=1.700e+05, Qg=2.005e-01, Qz=1.832e-04, Sd=1.559e-01, SwB=1.233e-05) | k_frac=58.3285 mD, dp=13.99 MPa | Sw=[0.121,0.852] | 1319.3s
2026-02-19 19:35:49 - M5Trainer - INFO - [Step  7900/25000] Stage B | L=4.3539e+02 (IC=4.803e-02, BC=6.211e-02, PDE=1.820e+05, Qg=2.254e-01, Qz=7.894e-05, Sd=1.539e-01, SwB=2.631e-05) | k_frac=58.8294 mD, dp=14.04 MPa | Sw=[0.121,0.858] | 1338.7s
2026-02-19 19:36:08 - M5Trainer - INFO -   [Sw约束v9] Sw=[0.121, 0.369, 0.866], 权重=300, 惩罚=0.000007 (低=0.0000, 高=0.0000)
2026-02-19 19:36:08 - M5Trainer - INFO -   [Sw监控] SY9: Sw=[0.7854, 0.8428, 0.8641], krg_min=8.123231e-03
2026-02-19 19:36:08 - M5Trainer - INFO - [Step  8000/25000] Stage B | L=3.8168e+02 (IC=8.497e-02, BC=4.138e-02, PDE=1.575e+05, Qg=2.180e-01, Qz=1.212e-04, Sd=1.186e-01, SwB=6.607e-06) | k_frac=59.4269 mD, dp=14.04 MPa | Sw=[0.122,0.832] | 1357.8s
2026-02-19 19:36:08 - M5Trainer - INFO -   [k_frac诊断] grad=1.7980e-01, k_frac=59.426933 mD
2026-02-19 19:36:29 - M5Trainer - INFO - [Step  8100/25000] Stage B | L=3.7197e+02 (IC=1.963e-02, BC=1.603e-02, PDE=1.539e+05, Qg=2.227e-01, Qz=4.200e-05, Sd=1.428e-01, SwB=8.114e-06) | k_frac=59.9346 mD, dp=14.08 MPa | Sw=[0.122,0.862] | 1378.0s
2026-02-19 19:36:48 - M5Trainer - INFO - [Step  8200/25000] Stage B | L=3.0180e+02 (IC=1.289e-01, BC=2.437e-02, PDE=1.569e+05, Qg=1.944e-01, Qz=2.919e-05, Sd=1.662e-01, SwB=1.722e-05) | k_frac=60.2972 mD, dp=14.13 MPa | Sw=[0.122,0.866] | 1397.8s
2026-02-19 19:37:08 - M5Trainer - INFO - [Step  8300/25000] Stage B | L=3.6154e+02 (IC=2.175e-02, BC=1.848e-02, PDE=1.531e+05, Qg=1.895e-01, Qz=2.858e-05, Sd=1.521e-01, SwB=1.090e-05) | k_frac=60.7687 mD, dp=14.19 MPa | Sw=[0.126,0.841] | 1417.4s
2026-02-19 19:37:28 - M5Trainer - INFO - [Step  8400/25000] Stage B | L=5.0507e+02 (IC=2.353e-02, BC=1.576e-02, PDE=1.499e+05, Qg=2.363e-01, Qz=3.315e-05, Sd=1.456e-01, SwB=8.744e-06) | k_frac=61.1900 mD, dp=14.24 MPa | Sw=[0.128,0.840] | 1437.1s
2026-02-19 19:37:48 - M5Trainer - INFO -   [Sw约束v9] Sw=[0.121, 0.312, 0.867], 权重=300, 惩罚=0.000009 (低=0.0000, 高=0.0000)
2026-02-19 19:37:48 - M5Trainer - INFO -   [Sw监控] SY9: Sw=[0.7973, 0.8501, 0.8673], krg_min=7.448219e-03
2026-02-19 19:37:48 - M5Trainer - INFO - [Step  8500/25000] Stage B | L=3.1699e+02 (IC=2.421e-02, BC=2.391e-02, PDE=1.443e+05, Qg=1.815e-01, Qz=3.554e-05, Sd=1.981e-01, SwB=9.392e-06) | k_frac=61.4028 mD, dp=14.26 MPa | Sw=[0.122,0.867] | 1457.4s
2026-02-19 19:37:48 - M5Trainer - INFO -   [k_frac诊断] grad=-7.9837e-03, k_frac=61.402775 mD
2026-02-19 19:38:09 - M5Trainer - INFO - [Step  8600/25000] Stage B | L=3.4141e+02 (IC=3.277e-02, BC=3.259e-02, PDE=1.379e+05, Qg=2.514e-01, Qz=6.334e-05, Sd=2.023e-01, SwB=8.684e-06) | k_frac=61.8629 mD, dp=14.33 MPa | Sw=[0.122,0.862] | 1478.2s
2026-02-19 19:38:30 - M5Trainer - INFO - [Step  8700/25000] Stage B | L=3.7789e+02 (IC=2.368e-01, BC=2.385e-02, PDE=1.467e+05, Qg=2.014e-01, Qz=5.482e-05, Sd=1.012e-01, SwB=1.922e-05) | k_frac=62.0043 mD, dp=14.35 MPa | Sw=[0.122,0.868] | 1499.6s
2026-02-19 19:38:51 - M5Trainer - INFO - [Step  8800/25000] Stage C | L=6.2511e+02 (IC=4.561e-01, BC=2.466e-01, PDE=1.415e+05, Qg=3.441e-01, Qz=2.730e-03, Sd=9.062e-02, SwB=8.148e-08) | k_frac=60.1726 mD, dp=14.34 MPa | Sw=[0.122,0.845] | 1520.6s
2026-02-19 19:39:12 - M5Trainer - INFO - [Step  8900/25000] Stage C | L=1.3085e+03 (IC=7.476e-02, BC=3.869e-02, PDE=1.464e+05, Qg=2.104e-01, Qz=3.612e-04, Sd=1.916e-02, SwB=9.531e-07) | k_frac=60.2392 mD, dp=14.34 MPa | Sw=[0.124,0.843] | 1541.3s
2026-02-19 19:39:32 - M5Trainer - INFO -   [Sw约束v9] Sw=[0.121, 0.438, 0.859], 权重=200, 惩罚=0.000000 (低=0.0000, 高=0.0000)
2026-02-19 19:39:32 - M5Trainer - INFO -   [Sw监控] SY9: Sw=[0.7506, 0.8284, 0.8600], krg_min=9.030086e-03
2026-02-19 19:39:32 - M5Trainer - INFO - [Step  9000/25000] Stage C | L=1.0933e+03 (IC=1.366e-01, BC=5.985e-02, PDE=1.369e+05, Qg=2.438e-01, Qz=2.313e-04, Sd=2.688e-02, SwB=3.392e-07) | k_frac=60.6110 mD, dp=14.35 MPa | Sw=[0.122,0.842] | 1561.5s
2026-02-19 19:39:32 - M5Trainer - INFO -   [k_frac诊断] grad=2.0830e-01, k_frac=60.610950 mD
2026-02-19 19:39:53 - M5Trainer - INFO - [Step  9100/25000] Stage C | L=8.8617e+02 (IC=4.305e-01, BC=2.823e-02, PDE=1.367e+05, Qg=2.165e-01, Qz=1.814e-04, Sd=3.988e-02, SwB=5.494e-06) | k_frac=60.9769 mD, dp=14.36 MPa | Sw=[0.122,0.860] | 1582.0s
2026-02-19 19:40:13 - M5Trainer - INFO - [Step  9200/25000] Stage C | L=1.3163e+03 (IC=7.535e-02, BC=2.403e-02, PDE=1.388e+05, Qg=2.128e-01, Qz=2.552e-04, Sd=5.401e-02, SwB=2.310e-06) | k_frac=61.4512 mD, dp=14.35 MPa | Sw=[0.123,0.857] | 1602.4s
2026-02-19 19:40:33 - M5Trainer - INFO - [Step  9300/25000] Stage C | L=1.2923e+03 (IC=8.471e-02, BC=4.289e-02, PDE=1.405e+05, Qg=2.009e-01, Qz=1.906e-04, Sd=3.226e-02, SwB=9.525e-07) | k_frac=61.8458 mD, dp=14.34 MPa | Sw=[0.124,0.853] | 1622.8s
2026-02-19 19:40:54 - M5Trainer - INFO - [Step  9400/25000] Stage C | L=1.1221e+03 (IC=1.536e-01, BC=5.544e-02, PDE=1.367e+05, Qg=1.865e-01, Qz=1.929e-04, Sd=4.335e-02, SwB=8.821e-07) | k_frac=62.1671 mD, dp=14.34 MPa | Sw=[0.125,0.852] | 1643.6s
2026-02-19 19:41:15 - M5Trainer - INFO -   [Sw约束v9] Sw=[0.121, 0.429, 0.866], 权重=200, 惩罚=0.000007 (低=0.0000, 高=0.0000)
2026-02-19 19:41:15 - M5Trainer - INFO -   [Sw监控] SY9: Sw=[0.7732, 0.8433, 0.8639], krg_min=8.165909e-03
2026-02-19 19:41:15 - M5Trainer - INFO - [Step  9500/25000] Stage C | L=1.0678e+03 (IC=1.436e-01, BC=4.532e-02, PDE=1.267e+05, Qg=2.026e-01, Qz=1.749e-04, Sd=4.445e-02, SwB=7.354e-06) | k_frac=62.4350 mD, dp=14.35 MPa | Sw=[0.124,0.863] | 1664.3s
2026-02-19 19:41:15 - M5Trainer - INFO -   [k_frac诊断] grad=3.6495e-02, k_frac=62.434956 mD
2026-02-19 19:41:37 - M5Trainer - INFO - [Step  9600/25000] Stage C | L=1.0649e+03 (IC=1.715e-01, BC=5.892e-02, PDE=1.316e+05, Qg=1.920e-01, Qz=1.399e-04, Sd=3.607e-02, SwB=2.818e-06) | k_frac=63.0132 mD, dp=14.34 MPa | Sw=[0.123,0.861] | 1686.8s
2026-02-19 19:41:58 - M5Trainer - INFO - [Step  9700/25000] Stage C | L=1.3473e+03 (IC=1.119e-01, BC=2.476e-02, PDE=1.378e+05, Qg=2.146e-01, Qz=1.037e-04, Sd=1.703e-02, SwB=4.524e-06) | k_frac=63.0920 mD, dp=14.36 MPa | Sw=[0.125,0.857] | 1707.9s
2026-02-19 19:42:19 - M5Trainer - INFO - [Step  9800/25000] Stage C | L=9.6563e+02 (IC=3.294e-01, BC=4.317e-02, PDE=1.248e+05, Qg=1.911e-01, Qz=1.102e-04, Sd=3.127e-02, SwB=5.449e-06) | k_frac=63.4357 mD, dp=14.36 MPa | Sw=[0.124,0.841] | 1728.9s
2026-02-19 19:42:40 - M5Trainer - INFO - [Step  9900/25000] Stage C | L=9.8075e+02 (IC=2.237e-01, BC=5.959e-02, PDE=1.261e+05, Qg=2.144e-01, Qz=7.612e-05, Sd=5.084e-02, SwB=3.268e-06) | k_frac=63.8681 mD, dp=14.37 MPa | Sw=[0.135,0.861] | 1749.7s
2026-02-19 19:43:01 - M5Trainer - INFO -   [Sw约束v9] Sw=[0.121, 0.407, 0.870], 权重=200, 惩罚=0.000011 (低=0.0000, 高=0.0000)
2026-02-19 19:43:01 - M5Trainer - INFO -   [Sw监控] SY9: Sw=[0.7800, 0.8477, 0.8695], krg_min=6.995059e-03
2026-02-19 19:43:01 - M5Trainer - INFO - [Step 10000/25000] Stage C | L=1.0256e+03 (IC=1.786e-01, BC=2.279e-02, PDE=1.181e+05, Qg=2.032e-01, Qz=7.137e-05, Sd=5.883e-02, SwB=1.122e-05) | k_frac=63.9488 mD, dp=14.39 MPa | Sw=[0.122,0.860] | 1770.9s
2026-02-19 19:43:01 - M5Trainer - INFO -   [k_frac诊断] grad=2.5059e-01, k_frac=63.948849 mD
2026-02-19 19:43:23 - M5Trainer - INFO - [Step 10100/25000] Stage C | L=1.0723e+03 (IC=1.363e-01, BC=3.123e-02, PDE=1.172e+05, Qg=1.969e-01, Qz=4.809e-05, Sd=4.508e-02, SwB=1.053e-05) | k_frac=64.2979 mD, dp=14.41 MPa | Sw=[0.134,0.846] | 1792.5s
2026-02-19 19:43:45 - M5Trainer - INFO - [Step 10200/25000] Stage C | L=1.1129e+03 (IC=8.378e-02, BC=7.309e-02, PDE=1.243e+05, Qg=2.132e-01, Qz=7.882e-05, Sd=4.550e-02, SwB=1.144e-05) | k_frac=64.7377 mD, dp=14.43 MPa | Sw=[0.121,0.861] | 1814.7s
2026-02-19 19:44:08 - M5Trainer - INFO - [Step 10300/25000] Stage C | L=1.2387e+03 (IC=8.043e-02, BC=3.254e-02, PDE=1.211e+05, Qg=2.271e-01, Qz=6.650e-05, Sd=3.928e-02, SwB=6.752e-06) | k_frac=65.1580 mD, dp=14.45 MPa | Sw=[0.122,0.859] | 1837.4s
2026-02-19 19:44:30 - M5Trainer - INFO - [Step 10400/25000] Stage C | L=1.3009e+03 (IC=5.764e-02, BC=2.873e-02, PDE=1.257e+05, Qg=1.799e-01, Qz=6.763e-05, Sd=3.701e-02, SwB=1.258e-05) | k_frac=65.2099 mD, dp=14.49 MPa | Sw=[0.122,0.869] | 1859.5s
2026-02-19 19:44:52 - M5Trainer - INFO -   [Sw约束v9] Sw=[0.120, 0.394, 0.869], 权重=200, 惩罚=0.000015 (低=0.0000, 高=0.0000)
2026-02-19 19:44:52 - M5Trainer - INFO -   [Sw监控] SY9: Sw=[0.8037, 0.8522, 0.8694], krg_min=7.009171e-03
2026-02-19 19:44:52 - M5Trainer - INFO - [Step 10500/25000] Stage C | L=1.0225e+03 (IC=2.141e-01, BC=4.943e-02, PDE=1.160e+05, Qg=2.060e-01, Qz=5.095e-05, Sd=2.950e-02, SwB=1.522e-05) | k_frac=65.5718 mD, dp=14.50 MPa | Sw=[0.122,0.864] | 1881.4s
2026-02-19 19:44:52 - M5Trainer - INFO -   [k_frac诊断] grad=-3.2650e-01, k_frac=65.571770 mD
2026-02-19 19:45:15 - M5Trainer - INFO - [Step 10600/25000] Stage C | L=1.1810e+03 (IC=1.222e-01, BC=3.224e-02, PDE=1.192e+05, Qg=2.061e-01, Qz=5.904e-05, Sd=3.792e-02, SwB=1.089e-05) | k_frac=65.7859 mD, dp=14.53 MPa | Sw=[0.126,0.865] | 1904.3s
2026-02-19 19:45:38 - M5Trainer - INFO - [Step 10700/25000] Stage C | L=1.2708e+03 (IC=6.284e-02, BC=2.203e-02, PDE=1.163e+05, Qg=2.050e-01, Qz=6.762e-05, Sd=3.456e-02, SwB=1.454e-05) | k_frac=66.1644 mD, dp=14.56 MPa | Sw=[0.122,0.863] | 1927.1s
2026-02-19 19:46:00 - M5Trainer - INFO - [Step 10800/25000] Stage C | L=1.0531e+03 (IC=1.107e-01, BC=3.376e-02, PDE=1.155e+05, Qg=1.859e-01, Qz=4.756e-05, Sd=3.370e-02, SwB=1.637e-05) | k_frac=66.1632 mD, dp=14.59 MPa | Sw=[0.122,0.858] | 1949.9s
2026-02-19 19:46:23 - M5Trainer - INFO - [Step 10900/25000] Stage C | L=8.2613e+02 (IC=2.968e-01, BC=5.073e-02, PDE=1.122e+05, Qg=1.840e-01, Qz=4.979e-05, Sd=4.046e-02, SwB=1.503e-05) | k_frac=66.5051 mD, dp=14.60 MPa | Sw=[0.121,0.864] | 1972.6s
2026-02-19 19:46:46 - M5Trainer - INFO -   [Sw约束v9] Sw=[0.121, 0.361, 0.868], 权重=200, 惩罚=0.000010 (低=0.0000, 高=0.0000)
2026-02-19 19:46:46 - M5Trainer - INFO -   [Sw监控] SY9: Sw=[0.7859, 0.8491, 0.8678], krg_min=7.340956e-03
2026-02-19 19:46:46 - M5Trainer - INFO - [Step 11000/25000] Stage C | L=7.1085e+02 (IC=1.791e-01, BC=1.302e-01, PDE=1.032e+05, Qg=1.894e-01, Qz=6.181e-05, Sd=3.153e-02, SwB=1.041e-05) | k_frac=66.9604 mD, dp=14.60 MPa | Sw=[0.121,0.861] | 1995.4s
2026-02-19 19:46:46 - M5Trainer - INFO -   [k_frac诊断] grad=2.9754e-01, k_frac=66.960419 mD
2026-02-19 19:47:09 - M5Trainer - INFO - [Step 11100/25000] Stage C | L=1.0907e+03 (IC=6.554e-02, BC=3.485e-02, PDE=1.075e+05, Qg=1.952e-01, Qz=6.275e-05, Sd=2.995e-02, SwB=1.212e-05) | k_frac=67.0216 mD, dp=14.62 MPa | Sw=[0.122,0.866] | 2018.7s
2026-02-19 19:47:33 - M5Trainer - INFO - [Step 11200/25000] Stage C | L=1.1072e+03 (IC=7.584e-02, BC=4.484e-02, PDE=1.077e+05, Qg=1.916e-01, Qz=4.765e-05, Sd=2.028e-02, SwB=8.939e-06) | k_frac=67.2433 mD, dp=14.64 MPa | Sw=[0.121,0.862] | 2042.5s
2026-02-19 19:47:56 - M5Trainer - INFO - [Step 11300/25000] Stage C | L=9.7199e+02 (IC=1.018e-01, BC=6.922e-02, PDE=1.069e+05, Qg=1.853e-01, Qz=1.244e-04, Sd=2.435e-02, SwB=5.231e-06) | k_frac=67.5231 mD, dp=14.64 MPa | Sw=[0.125,0.864] | 2065.8s
2026-02-19 19:48:20 - M5Trainer - INFO - [Step 11400/25000] Stage C | L=1.1104e+03 (IC=1.327e-01, BC=3.100e-02, PDE=1.053e+05, Qg=1.952e-01, Qz=8.766e-05, Sd=2.079e-02, SwB=1.228e-05) | k_frac=67.8319 mD, dp=14.66 MPa | Sw=[0.122,0.864] | 2089.1s
2026-02-19 19:48:43 - M5Trainer - INFO -   [Sw约束v9] Sw=[0.120, 0.377, 0.870], 权重=200, 惩罚=0.000011 (低=0.0000, 高=0.0000)
2026-02-19 19:48:43 - M5Trainer - INFO -   [Sw监控] SY9: Sw=[0.7864, 0.8490, 0.8694], krg_min=7.001321e-03
2026-02-19 19:48:43 - M5Trainer - INFO - [Step 11500/25000] Stage C | L=1.0588e+03 (IC=1.102e-01, BC=3.169e-02, PDE=1.016e+05, Qg=1.796e-01, Qz=6.527e-05, Sd=1.829e-02, SwB=1.074e-05) | k_frac=67.8804 mD, dp=14.67 MPa | Sw=[0.123,0.863] | 2112.5s
2026-02-19 19:48:43 - M5Trainer - INFO -   [k_frac诊断] grad=-3.0880e-01, k_frac=67.880440 mD
2026-02-19 19:49:07 - M5Trainer - INFO - [Step 11600/25000] Stage C | L=9.0256e+02 (IC=1.165e-01, BC=5.179e-02, PDE=9.779e+04, Qg=1.870e-01, Qz=5.705e-05, Sd=2.333e-02, SwB=1.561e-05) | k_frac=67.8810 mD, dp=14.69 MPa | Sw=[0.122,0.864] | 2136.6s
2026-02-19 19:49:32 - M5Trainer - INFO - [Step 11700/25000] Stage C | L=9.1370e+02 (IC=1.726e-01, BC=5.080e-02, PDE=9.689e+04, Qg=2.083e-01, Qz=5.985e-05, Sd=2.707e-02, SwB=1.784e-05) | k_frac=68.2366 mD, dp=14.72 MPa | Sw=[0.122,0.865] | 2160.9s
2026-02-19 19:49:58 - M5Trainer - INFO - [Step 11800/25000] Stage C | L=8.0071e+02 (IC=2.988e-01, BC=6.060e-02, PDE=9.506e+04, Qg=1.792e-01, Qz=5.130e-05, Sd=2.184e-02, SwB=1.337e-05) | k_frac=68.3558 mD, dp=14.76 MPa | Sw=[0.120,0.865] | 2187.3s
2026-02-19 19:50:24 - M5Trainer - INFO - [Step 11900/25000] Stage C | L=9.8155e+02 (IC=1.533e-01, BC=5.780e-02, PDE=9.959e+04, Qg=1.868e-01, Qz=3.042e-05, Sd=2.197e-02, SwB=1.513e-05) | k_frac=68.2900 mD, dp=14.78 MPa | Sw=[0.122,0.866] | 2213.4s
2026-02-19 19:50:48 - M5Trainer - INFO -   [Sw约束v9] Sw=[0.120, 0.360, 0.872], 权重=200, 惩罚=0.000018 (低=0.0000, 高=0.0000)
2026-02-19 19:50:48 - M5Trainer - INFO -   [Sw监控] SY9: Sw=[0.7942, 0.8539, 0.8718], krg_min=6.541179e-03
2026-02-19 19:50:48 - M5Trainer - INFO - [Step 12000/25000] Stage C | L=9.3421e+02 (IC=2.158e-01, BC=5.269e-02, PDE=9.879e+04, Qg=1.956e-01, Qz=3.611e-05, Sd=2.494e-02, SwB=1.830e-05) | k_frac=68.6431 mD, dp=14.81 MPa | Sw=[0.121,0.849] | 2237.8s
2026-02-19 19:50:48 - M5Trainer - INFO -   [k_frac诊断] grad=-2.5075e-01, k_frac=68.643066 mD
2026-02-19 19:51:13 - M5Trainer - INFO - [Step 12100/25000] Stage C | L=1.0131e+03 (IC=1.942e-01, BC=4.581e-02, PDE=9.852e+04, Qg=1.991e-01, Qz=7.195e-05, Sd=2.346e-02, SwB=2.096e-05) | k_frac=68.9454 mD, dp=14.84 MPa | Sw=[0.121,0.870] | 2262.4s
2026-02-19 19:51:37 - M5Trainer - INFO - [Step 12200/25000] Stage C | L=9.6335e+02 (IC=8.047e-02, BC=5.872e-02, PDE=9.146e+04, Qg=1.891e-01, Qz=4.656e-05, Sd=2.098e-02, SwB=1.372e-05) | k_frac=69.1218 mD, dp=14.87 MPa | Sw=[0.123,0.868] | 2286.5s
2026-02-19 19:52:01 - M5Trainer - INFO - [Step 12300/25000] Stage C | L=8.5727e+02 (IC=4.138e-01, BC=4.806e-02, PDE=9.638e+04, Qg=2.025e-01, Qz=4.721e-05, Sd=2.473e-02, SwB=1.419e-05) | k_frac=69.1647 mD, dp=14.90 MPa | Sw=[0.121,0.802] | 2310.3s
2026-02-19 19:52:25 - M5Trainer - INFO - [Step 12400/25000] Stage C | L=9.3154e+02 (IC=1.711e-01, BC=8.682e-02, PDE=9.631e+04, Qg=2.062e-01, Qz=5.014e-05, Sd=3.441e-02, SwB=1.092e-05) | k_frac=69.7310 mD, dp=14.90 MPa | Sw=[0.122,0.865] | 2334.8s
2026-02-19 19:52:48 - M5Trainer - INFO -   [Sw约束v9] Sw=[0.120, 0.356, 0.872], 权重=200, 惩罚=0.000011 (低=0.0000, 高=0.0000)
2026-02-19 19:52:49 - M5Trainer - INFO -   [Sw监控] SY9: Sw=[0.7890, 0.8524, 0.8709], krg_min=6.706566e-03
2026-02-19 19:52:49 - M5Trainer - INFO - [Step 12500/25000] Stage C | L=1.0119e+03 (IC=1.210e-01, BC=3.584e-02, PDE=9.088e+04, Qg=1.839e-01, Qz=5.552e-05, Sd=2.180e-02, SwB=1.124e-05) | k_frac=69.7634 mD, dp=14.93 MPa | Sw=[0.121,0.865] | 2358.0s
2026-02-19 19:52:49 - M5Trainer - INFO -   [k_frac诊断] grad=1.7036e-01, k_frac=69.763443 mD
2026-02-19 19:53:12 - M5Trainer - INFO - [Step 12600/25000] Stage C | L=9.9350e+02 (IC=1.193e-01, BC=4.583e-02, PDE=8.945e+04, Qg=1.863e-01, Qz=3.940e-05, Sd=1.787e-02, SwB=1.074e-05) | k_frac=69.8334 mD, dp=14.97 MPa | Sw=[0.123,0.863] | 2381.7s
2026-02-19 19:53:36 - M5Trainer - INFO - [Step 12700/25000] Stage C | L=8.3515e+02 (IC=1.645e-01, BC=6.561e-02, PDE=8.580e+04, Qg=1.822e-01, Qz=4.764e-05, Sd=2.522e-02, SwB=1.201e-05) | k_frac=69.8897 mD, dp=15.00 MPa | Sw=[0.122,0.871] | 2405.4s
2026-02-19 19:54:00 - M5Trainer - INFO - [Step 12800/25000] Stage C | L=9.7890e+02 (IC=1.109e-01, BC=5.857e-02, PDE=8.889e+04, Qg=1.932e-01, Qz=5.621e-05, Sd=2.093e-02, SwB=1.424e-05) | k_frac=70.1842 mD, dp=15.02 MPa | Sw=[0.121,0.866] | 2429.7s
2026-02-19 19:54:25 - M5Trainer - INFO - [Step 12900/25000] Stage C | L=1.0999e+03 (IC=1.538e-01, BC=2.601e-02, PDE=9.067e+04, Qg=1.728e-01, Qz=4.267e-05, Sd=1.600e-02, SwB=1.147e-05) | k_frac=70.3580 mD, dp=15.06 MPa | Sw=[0.122,0.866] | 2454.0s
2026-02-19 19:54:48 - M5Trainer - INFO -   [Sw约束v9] Sw=[0.120, 0.335, 0.872], 权重=200, 惩罚=0.000011 (低=0.0000, 高=0.0000)
2026-02-19 19:54:48 - M5Trainer - INFO -   [Sw监控] SY9: Sw=[0.7947, 0.8532, 0.8729], krg_min=6.326352e-03
2026-02-19 19:54:48 - M5Trainer - INFO - [Step 13000/25000] Stage C | L=8.8566e+02 (IC=5.944e-02, BC=4.523e-02, PDE=7.641e+04, Qg=1.922e-01, Qz=2.934e-05, Sd=1.845e-02, SwB=1.060e-05) | k_frac=70.4901 mD, dp=15.09 MPa | Sw=[0.121,0.868] | 2477.7s
2026-02-19 19:54:48 - M5Trainer - INFO -   [k_frac诊断] grad=1.8748e-01, k_frac=70.490135 mD
2026-02-19 19:55:13 - M5Trainer - INFO - [Step 13100/25000] Stage C | L=7.8220e+02 (IC=3.455e-01, BC=6.868e-02, PDE=7.969e+04, Qg=2.001e-01, Qz=3.698e-05, Sd=1.259e-02, SwB=1.328e-05) | k_frac=70.6302 mD, dp=15.12 MPa | Sw=[0.121,0.853] | 2502.8s
2026-02-19 19:55:39 - M5Trainer - INFO - [Step 13200/25000] Stage C | L=9.3930e+02 (IC=1.523e-01, BC=6.171e-02, PDE=8.250e+04, Qg=1.891e-01, Qz=4.141e-05, Sd=1.660e-02, SwB=1.351e-05) | k_frac=70.8134 mD, dp=15.15 MPa | Sw=[0.121,0.862] | 2528.7s
2026-02-19 19:56:05 - M5Trainer - INFO - [Step 13300/25000] Stage C | L=7.3373e+02 (IC=2.070e-01, BC=3.519e-02, PDE=7.880e+04, Qg=1.767e-01, Qz=2.784e-05, Sd=1.704e-02, SwB=1.104e-05) | k_frac=71.0866 mD, dp=15.18 MPa | Sw=[0.121,0.856] | 2554.5s
2026-02-19 19:56:31 - M5Trainer - INFO - [Step 13400/25000] Stage C | L=8.5672e+02 (IC=7.479e-02, BC=4.531e-02, PDE=7.579e+04, Qg=1.744e-01, Qz=3.575e-05, Sd=1.481e-02, SwB=1.349e-05) | k_frac=71.0939 mD, dp=15.21 MPa | Sw=[0.123,0.847] | 2580.7s
2026-02-19 19:56:57 - M5Trainer - INFO -   [Sw约束v9] Sw=[0.120, 0.327, 0.871], 权重=200, 惩罚=0.000007 (低=0.0000, 高=0.0000)
2026-02-19 19:56:58 - M5Trainer - INFO -   [Sw监控] SY9: Sw=[0.7817, 0.8505, 0.8724], krg_min=6.422721e-03
2026-02-19 19:56:58 - M5Trainer - INFO - [Step 13500/25000] Stage C | L=8.8322e+02 (IC=7.253e-02, BC=4.855e-02, PDE=7.391e+04, Qg=2.387e-01, Qz=3.689e-05, Sd=2.445e-02, SwB=7.415e-06) | k_frac=71.2301 mD, dp=15.24 MPa | Sw=[0.126,0.859] | 2607.0s
2026-02-19 19:56:58 - M5Trainer - INFO -   [k_frac诊断] grad=3.8317e-01, k_frac=71.230110 mD
2026-02-19 19:57:24 - M5Trainer - INFO - [Step 13600/25000] Stage C | L=7.8713e+02 (IC=1.498e-01, BC=4.306e-02, PDE=7.207e+04, Qg=1.723e-01, Qz=2.710e-05, Sd=1.566e-02, SwB=1.499e-05) | k_frac=71.2946 mD, dp=15.27 MPa | Sw=[0.123,0.853] | 2633.6s
2026-02-19 19:57:51 - M5Trainer - INFO - [Step 13700/25000] Stage C | L=7.5574e+02 (IC=6.671e-02, BC=3.195e-02, PDE=6.811e+04, Qg=1.766e-01, Qz=2.470e-05, Sd=1.509e-02, SwB=1.738e-05) | k_frac=71.4446 mD, dp=15.30 MPa | Sw=[0.130,0.853] | 2660.1s
2026-02-19 19:58:15 - M5Trainer - INFO - [Step 13800/25000] Stage C | L=8.8126e+02 (IC=9.290e-02, BC=5.196e-02, PDE=7.135e+04, Qg=1.769e-01, Qz=2.181e-05, Sd=8.892e-03, SwB=1.947e-05) | k_frac=71.6675 mD, dp=15.33 MPa | Sw=[0.121,0.859] | 2684.5s
2026-02-19 19:58:39 - M5Trainer - INFO - [Step 13900/25000] Stage C | L=8.7802e+02 (IC=9.458e-02, BC=5.470e-02, PDE=7.314e+04, Qg=1.839e-01, Qz=2.314e-05, Sd=1.737e-02, SwB=1.591e-05) | k_frac=71.8889 mD, dp=15.36 MPa | Sw=[0.128,0.853] | 2708.6s
2026-02-19 19:59:03 - M5Trainer - INFO -   [Sw约束v9] Sw=[0.120, 0.329, 0.874], 权重=200, 惩罚=0.000018 (低=0.0000, 高=0.0000)
2026-02-19 19:59:03 - M5Trainer - INFO -   [Sw监控] SY9: Sw=[0.7956, 0.8568, 0.8740], krg_min=6.108259e-03
2026-02-19 19:59:03 - M5Trainer - INFO - [Step 14000/25000] Stage C | L=8.1716e+02 (IC=5.925e-02, BC=3.767e-02, PDE=6.800e+04, Qg=1.803e-01, Qz=1.845e-05, Sd=1.153e-02, SwB=1.815e-05) | k_frac=71.8081 mD, dp=15.38 MPa | Sw=[0.121,0.869] | 2732.9s
2026-02-19 19:59:03 - M5Trainer - INFO -   [k_frac诊断] grad=-3.5316e-01, k_frac=71.808090 mD
2026-02-19 19:59:28 - M5Trainer - INFO - [Step 14100/25000] Stage C | L=7.3409e+02 (IC=9.240e-02, BC=4.218e-02, PDE=6.568e+04, Qg=1.817e-01, Qz=2.297e-05, Sd=2.573e-02, SwB=1.810e-05) | k_frac=71.9897 mD, dp=15.41 MPa | Sw=[0.120,0.871] | 2757.5s
2026-02-19 19:59:52 - M5Trainer - INFO - [Step 14200/25000] Stage C | L=7.5916e+02 (IC=1.276e-01, BC=4.295e-02, PDE=6.573e+04, Qg=1.747e-01, Qz=2.961e-05, Sd=1.718e-02, SwB=1.514e-05) | k_frac=72.1153 mD, dp=15.45 MPa | Sw=[0.123,0.846] | 2781.8s
2026-02-19 20:00:17 - M5Trainer - INFO - [Step 14300/25000] Stage C | L=7.6953e+02 (IC=9.563e-02, BC=3.980e-02, PDE=6.472e+04, Qg=1.718e-01, Qz=2.422e-05, Sd=1.769e-02, SwB=1.785e-05) | k_frac=72.1735 mD, dp=15.47 MPa | Sw=[0.121,0.853] | 2806.3s
2026-02-19 20:00:41 - M5Trainer - INFO - [Step 14400/25000] Stage C | L=8.8694e+02 (IC=6.502e-02, BC=2.736e-02, PDE=6.740e+04, Qg=1.810e-01, Qz=2.056e-05, Sd=1.653e-02, SwB=2.199e-05) | k_frac=72.2110 mD, dp=15.50 MPa | Sw=[0.121,0.859] | 2830.8s
2026-02-19 20:01:06 - M5Trainer - INFO -   [Sw约束v9] Sw=[0.120, 0.324, 0.873], 权重=200, 惩罚=0.000020 (低=0.0000, 高=0.0000)
2026-02-19 20:01:06 - M5Trainer - INFO -   [Sw监控] SY9: Sw=[0.7953, 0.8570, 0.8740], krg_min=6.117702e-03
2026-02-19 20:01:06 - M5Trainer - INFO - [Step 14500/25000] Stage C | L=7.9595e+02 (IC=6.858e-02, BC=5.453e-02, PDE=6.525e+04, Qg=1.783e-01, Qz=2.478e-05, Sd=1.554e-02, SwB=1.952e-05) | k_frac=72.4440 mD, dp=15.53 MPa | Sw=[0.121,0.870] | 2855.2s
2026-02-19 20:01:06 - M5Trainer - INFO -   [k_frac诊断] grad=3.4597e-01, k_frac=72.444031 mD
2026-02-19 20:01:31 - M5Trainer - INFO - [Step 14600/25000] Stage C | L=7.4176e+02 (IC=8.644e-02, BC=6.848e-02, PDE=6.320e+04, Qg=1.835e-01, Qz=2.523e-05, Sd=1.441e-02, SwB=1.561e-05) | k_frac=72.5352 mD, dp=15.56 MPa | Sw=[0.122,0.866] | 2880.2s
2026-02-19 20:01:55 - M5Trainer - INFO - [Step 14700/25000] Stage C | L=8.3214e+02 (IC=9.772e-02, BC=4.163e-02, PDE=6.435e+04, Qg=1.859e-01, Qz=2.770e-05, Sd=1.500e-02, SwB=1.655e-05) | k_frac=72.5965 mD, dp=15.58 MPa | Sw=[0.122,0.869] | 2904.9s
2026-02-19 20:02:20 - M5Trainer - INFO - [Step 14800/25000] Stage C | L=7.5827e+02 (IC=6.293e-02, BC=4.583e-02, PDE=5.920e+04, Qg=1.841e-01, Qz=2.682e-05, Sd=1.266e-02, SwB=1.819e-05) | k_frac=72.5711 mD, dp=15.61 MPa | Sw=[0.122,0.870] | 2929.7s
2026-02-19 20:02:45 - M5Trainer - INFO - [Step 14900/25000] Stage C | L=7.6861e+02 (IC=9.484e-02, BC=3.069e-02, PDE=6.082e+04, Qg=1.799e-01, Qz=3.322e-05, Sd=1.795e-02, SwB=1.580e-05) | k_frac=72.6950 mD, dp=15.64 MPa | Sw=[0.133,0.868] | 2954.4s
2026-02-19 20:03:10 - M5Trainer - INFO -   [Sw约束v9] Sw=[0.120, 0.325, 0.874], 权重=200, 惩罚=0.000019 (低=0.0000, 高=0.0000)
2026-02-19 20:03:10 - M5Trainer - INFO -   [Sw监控] SY9: Sw=[0.7947, 0.8573, 0.8748], krg_min=5.966366e-03
2026-02-19 20:03:10 - M5Trainer - INFO - [Step 15000/25000] Stage C | L=8.4618e+02 (IC=6.066e-02, BC=3.682e-02, PDE=6.266e+04, Qg=1.800e-01, Qz=2.010e-05, Sd=1.417e-02, SwB=1.878e-05) | k_frac=72.5932 mD, dp=15.66 MPa | Sw=[0.121,0.867] | 2979.2s
2026-02-19 20:03:10 - M5Trainer - INFO -   [k_frac诊断] grad=2.6621e-01, k_frac=72.593246 mD
2026-02-19 20:03:35 - M5Trainer - INFO - [Step 15100/25000] Stage C | L=7.4492e+02 (IC=6.439e-02, BC=5.334e-02, PDE=6.064e+04, Qg=1.672e-01, Qz=2.610e-05, Sd=1.462e-02, SwB=1.798e-05) | k_frac=72.7672 mD, dp=15.69 MPa | Sw=[0.122,0.852] | 3004.4s
2026-02-19 20:04:00 - M5Trainer - INFO - [Step 15200/25000] Stage C | L=7.3777e+02 (IC=6.740e-02, BC=3.990e-02, PDE=5.838e+04, Qg=1.774e-01, Qz=2.865e-05, Sd=1.442e-02, SwB=2.007e-05) | k_frac=72.8707 mD, dp=15.71 MPa | Sw=[0.121,0.852] | 3029.6s
2026-02-19 20:04:25 - M5Trainer - INFO - [Step 15300/25000] Stage C | L=7.2312e+02 (IC=7.280e-02, BC=3.421e-02, PDE=5.584e+04, Qg=1.735e-01, Qz=3.041e-05, Sd=1.763e-02, SwB=1.898e-05) | k_frac=72.7901 mD, dp=15.74 MPa | Sw=[0.121,0.875] | 3054.6s
2026-02-19 20:04:50 - M5Trainer - INFO - [Step 15400/25000] Stage C | L=6.8012e+02 (IC=9.869e-02, BC=3.788e-02, PDE=5.451e+04, Qg=1.697e-01, Qz=2.742e-05, Sd=1.400e-02, SwB=1.972e-05) | k_frac=72.9536 mD, dp=15.76 MPa | Sw=[0.122,0.830] | 3079.6s
2026-02-19 20:05:15 - M5Trainer - INFO -   [Sw约束v9] Sw=[0.120, 0.325, 0.874], 权重=200, 惩罚=0.000021 (低=0.0000, 高=0.0000)
2026-02-19 20:05:15 - M5Trainer - INFO -   [Sw监控] SY9: Sw=[0.8011, 0.8578, 0.8743], krg_min=6.060598e-03
2026-02-19 20:05:15 - M5Trainer - INFO - [Step 15500/25000] Stage C | L=7.2067e+02 (IC=8.262e-02, BC=3.150e-02, PDE=5.626e+04, Qg=1.733e-01, Qz=3.548e-05, Sd=1.688e-02, SwB=2.056e-05) | k_frac=73.1289 mD, dp=15.79 MPa | Sw=[0.121,0.868] | 3104.7s
2026-02-19 20:05:15 - M5Trainer - INFO -   [k_frac诊断] grad=-2.9811e-01, k_frac=73.128868 mD
2026-02-19 20:05:41 - M5Trainer - INFO - [Step 15600/25000] Stage C | L=6.3441e+02 (IC=1.166e-01, BC=5.262e-02, PDE=5.460e+04, Qg=1.797e-01, Qz=2.878e-05, Sd=1.066e-02, SwB=1.870e-05) | k_frac=73.0321 mD, dp=15.81 MPa | Sw=[0.121,0.855] | 3130.2s
2026-02-19 20:06:06 - M5Trainer - INFO - [Step 15700/25000] Stage C | L=8.1628e+02 (IC=5.458e-02, BC=2.773e-02, PDE=5.754e+04, Qg=1.718e-01, Qz=3.106e-05, Sd=1.533e-02, SwB=1.810e-05) | k_frac=73.0904 mD, dp=15.83 MPa | Sw=[0.127,0.875] | 3155.6s
2026-02-19 20:06:32 - M5Trainer - INFO - [Step 15800/25000] Stage C | L=3.4755e+02 (IC=7.427e-02, BC=4.574e-02, PDE=5.514e+04, Qg=1.721e-01, Qz=2.698e-05, Sd=1.129e-02, SwB=1.802e-05) | k_frac=73.1826 mD, dp=15.86 MPa | Sw=[0.121,0.872] | 3181.1s
2026-02-19 20:06:57 - M5Trainer - INFO - [Step 15900/25000] Stage C | L=6.9986e+02 (IC=7.453e-02, BC=4.849e-02, PDE=5.531e+04, Qg=1.751e-01, Qz=2.651e-05, Sd=1.567e-02, SwB=1.894e-05) | k_frac=73.1306 mD, dp=15.88 MPa | Sw=[0.121,0.863] | 3206.6s
2026-02-19 20:07:22 - M5Trainer - INFO -   [Sw约束v9] Sw=[0.120, 0.324, 0.873], 权重=200, 惩罚=0.000019 (低=0.0000, 高=0.0000)
2026-02-19 20:07:23 - M5Trainer - INFO -   [Sw监控] SY9: Sw=[0.7979, 0.8571, 0.8746], krg_min=5.996588e-03
2026-02-19 20:07:23 - M5Trainer - INFO - [Step 16000/25000] Stage C | L=6.7997e+02 (IC=9.976e-02, BC=3.859e-02, PDE=5.346e+04, Qg=1.837e-01, Qz=3.368e-05, Sd=1.716e-02, SwB=1.877e-05) | k_frac=73.2525 mD, dp=15.90 MPa | Sw=[0.122,0.871] | 3232.1s
2026-02-19 20:07:23 - M5Trainer - INFO -   [k_frac诊断] grad=6.9979e-01, k_frac=73.252502 mD
2026-02-19 20:07:49 - M5Trainer - INFO - [Step 16100/25000] Stage C | L=6.9311e+02 (IC=1.037e-01, BC=3.330e-02, PDE=5.346e+04, Qg=1.725e-01, Qz=3.492e-05, Sd=1.765e-02, SwB=1.875e-05) | k_frac=73.2627 mD, dp=15.92 MPa | Sw=[0.121,0.867] | 3257.9s
2026-02-19 20:08:14 - M5Trainer - INFO - [Step 16200/25000] Stage C | L=6.3176e+02 (IC=7.986e-02, BC=5.423e-02, PDE=4.978e+04, Qg=1.748e-01, Qz=3.670e-05, Sd=1.442e-02, SwB=2.024e-05) | k_frac=73.3469 mD, dp=15.95 MPa | Sw=[0.121,0.867] | 3283.9s
2026-02-19 20:08:40 - M5Trainer - INFO - [Step 16300/25000] Stage C | L=6.9031e+02 (IC=6.162e-02, BC=3.301e-02, PDE=5.091e+04, Qg=1.642e-01, Qz=3.784e-05, Sd=1.535e-02, SwB=2.036e-05) | k_frac=73.2644 mD, dp=15.97 MPa | Sw=[0.121,0.865] | 3309.6s
2026-02-19 20:09:06 - M5Trainer - INFO - [Step 16400/25000] Stage C | L=7.0461e+02 (IC=5.120e-02, BC=3.986e-02, PDE=5.123e+04, Qg=1.685e-01, Qz=3.872e-05, Sd=1.531e-02, SwB=1.892e-05) | k_frac=73.3078 mD, dp=15.99 MPa | Sw=[0.121,0.854] | 3335.7s
2026-02-19 20:09:32 - M5Trainer - INFO -   [Sw约束v9] Sw=[0.120, 0.320, 0.873], 权重=200, 惩罚=0.000019 (低=0.0000, 高=0.0000)
2026-02-19 20:09:32 - M5Trainer - INFO -   [Sw监控] SY9: Sw=[0.7938, 0.8563, 0.8748], krg_min=5.960017e-03
2026-02-19 20:09:32 - M5Trainer - INFO - [Step 16500/25000] Stage C | L=6.7376e+02 (IC=6.722e-02, BC=3.289e-02, PDE=4.967e+04, Qg=1.702e-01, Qz=4.444e-05, Sd=1.614e-02, SwB=1.852e-05) | k_frac=73.3770 mD, dp=16.00 MPa | Sw=[0.122,0.852] | 3361.6s
2026-02-19 20:09:32 - M5Trainer - INFO -   [k_frac诊断] grad=3.6529e-01, k_frac=73.376953 mD
2026-02-19 20:09:59 - M5Trainer - INFO - [Step 16600/25000] Stage C | L=4.9417e+02 (IC=1.988e-01, BC=1.023e-01, PDE=4.692e+04, Qg=1.705e-01, Qz=3.711e-05, Sd=1.160e-02, SwB=1.807e-05) | k_frac=73.2868 mD, dp=16.02 MPa | Sw=[0.121,0.863] | 3387.9s
2026-02-19 20:10:25 - M5Trainer - INFO - [Step 16700/25000] Stage C | L=6.8010e+02 (IC=7.461e-02, BC=2.730e-02, PDE=4.800e+04, Qg=1.854e-01, Qz=5.717e-05, Sd=1.966e-02, SwB=1.808e-05) | k_frac=73.4172 mD, dp=16.04 MPa | Sw=[0.121,0.871] | 3414.3s
2026-02-19 20:10:51 - M5Trainer - INFO - [Step 16800/25000] Stage C | L=6.6449e+02 (IC=5.810e-02, BC=4.802e-02, PDE=4.760e+04, Qg=1.635e-01, Qz=4.164e-05, Sd=1.198e-02, SwB=1.779e-05) | k_frac=73.4129 mD, dp=16.06 MPa | Sw=[0.121,0.857] | 3440.6s
2026-02-19 20:11:18 - M5Trainer - INFO - [Step 16900/25000] Stage C | L=6.4104e+02 (IC=8.394e-02, BC=3.022e-02, PDE=4.757e+04, Qg=1.628e-01, Qz=4.109e-05, Sd=1.317e-02, SwB=1.864e-05) | k_frac=73.4098 mD, dp=16.07 MPa | Sw=[0.121,0.856] | 3467.1s
2026-02-19 20:11:44 - M5Trainer - INFO -   [Sw约束v9] Sw=[0.120, 0.326, 0.875], 权重=200, 惩罚=0.000018 (低=0.0000, 高=0.0000)
2026-02-19 20:11:44 - M5Trainer - INFO -   [Sw监控] SY9: Sw=[0.7931, 0.8559, 0.8748], krg_min=5.964175e-03
2026-02-19 20:11:44 - M5Trainer - INFO - [Step 17000/25000] Stage C | L=5.9145e+02 (IC=6.554e-02, BC=3.372e-02, PDE=4.494e+04, Qg=1.810e-01, Qz=4.137e-05, Sd=1.358e-02, SwB=1.810e-05) | k_frac=73.4589 mD, dp=16.09 MPa | Sw=[0.121,0.867] | 3493.6s
2026-02-19 20:11:44 - M5Trainer - INFO -   [k_frac诊断] grad=6.0498e-01, k_frac=73.458916 mD
2026-02-19 20:12:11 - M5Trainer - INFO - [Step 17100/25000] Stage C | L=6.6801e+02 (IC=4.752e-02, BC=2.592e-02, PDE=4.548e+04, Qg=1.634e-01, Qz=4.306e-05, Sd=1.206e-02, SwB=1.922e-05) | k_frac=73.4686 mD, dp=16.11 MPa | Sw=[0.122,0.851] | 3520.8s
2026-02-19 20:12:39 - M5Trainer - INFO - [Step 17200/25000] Stage C | L=7.0121e+02 (IC=5.052e-02, BC=3.061e-02, PDE=4.583e+04, Qg=1.681e-01, Qz=4.189e-05, Sd=1.054e-02, SwB=1.628e-05) | k_frac=73.5474 mD, dp=16.13 MPa | Sw=[0.124,0.868] | 3548.1s
2026-02-19 20:13:06 - M5Trainer - INFO - [Step 17300/25000] Stage C | L=6.4803e+02 (IC=5.515e-02, BC=3.051e-02, PDE=4.363e+04, Qg=1.704e-01, Qz=4.472e-05, Sd=1.116e-02, SwB=1.876e-05) | k_frac=73.5222 mD, dp=16.14 MPa | Sw=[0.122,0.869] | 3575.2s
2026-02-19 20:13:33 - M5Trainer - INFO - [Step 17400/25000] Stage C | L=7.0414e+02 (IC=4.732e-02, BC=3.771e-02, PDE=4.639e+04, Qg=1.678e-01, Qz=4.941e-05, Sd=1.064e-02, SwB=1.625e-05) | k_frac=73.5087 mD, dp=16.16 MPa | Sw=[0.121,0.859] | 3602.7s
2026-02-19 20:14:01 - M5Trainer - INFO -   [Sw约束v9] Sw=[0.120, 0.322, 0.873], 权重=100, 惩罚=0.000018 (低=0.0000, 高=0.0000)
2026-02-19 20:14:01 - M5Trainer - INFO -   [Sw监控] SY9: Sw=[0.7898, 0.8558, 0.8750], krg_min=5.933132e-03
2026-02-19 20:14:01 - M5Trainer - INFO - [Step 17500/25000] Stage D | L=7.2197e+02 (IC=9.078e-02, BC=3.071e-02, PDE=4.362e+04, Qg=1.710e-01, Qz=5.352e-05, Sd=1.227e-02, SwB=1.770e-05) | k_frac=73.5484 mD, dp=16.18 MPa | Sw=[0.121,0.870] | 3630.6s
2026-02-19 20:14:01 - M5Trainer - INFO -   [k_frac诊断] grad=-5.7150e-01, k_frac=73.548424 mD
2026-02-19 20:14:29 - M5Trainer - INFO - [Step 17600/25000] Stage D | L=7.3951e+02 (IC=4.762e-02, BC=2.629e-02, PDE=4.280e+04, Qg=1.645e-01, Qz=5.428e-05, Sd=1.169e-02, SwB=1.920e-05) | k_frac=73.5683 mD, dp=16.18 MPa | Sw=[0.122,0.851] | 3658.1s
2026-02-19 20:14:56 - M5Trainer - INFO - [Step 17700/25000] Stage D | L=6.9672e+02 (IC=5.247e-02, BC=2.506e-02, PDE=4.169e+04, Qg=1.578e-01, Qz=5.616e-05, Sd=1.225e-02, SwB=1.778e-05) | k_frac=73.5580 mD, dp=16.19 MPa | Sw=[0.121,0.871] | 3685.6s
2026-02-19 20:15:25 - M5Trainer - INFO - [Step 17800/25000] Stage D | L=6.8799e+02 (IC=6.703e-02, BC=2.887e-02, PDE=4.187e+04, Qg=1.648e-01, Qz=6.259e-05, Sd=1.415e-02, SwB=1.722e-05) | k_frac=73.5737 mD, dp=16.20 MPa | Sw=[0.121,0.854] | 3714.3s
2026-02-19 20:15:54 - M5Trainer - INFO - [Step 17900/25000] Stage D | L=6.5115e+02 (IC=9.238e-02, BC=3.698e-02, PDE=4.183e+04, Qg=1.640e-01, Qz=5.877e-05, Sd=1.218e-02, SwB=1.766e-05) | k_frac=73.5642 mD, dp=16.20 MPa | Sw=[0.121,0.851] | 3743.5s
2026-02-19 20:16:24 - M5Trainer - INFO -   [Sw约束v9] Sw=[0.120, 0.329, 0.873], 权重=100, 惩罚=0.000017 (低=0.0000, 高=0.0000)
2026-02-19 20:16:24 - M5Trainer - INFO -   [Sw监控] SY9: Sw=[0.7905, 0.8549, 0.8748], krg_min=5.970981e-03
2026-02-19 20:16:24 - M5Trainer - INFO - [Step 18000/25000] Stage D | L=6.7693e+02 (IC=6.071e-02, BC=2.733e-02, PDE=3.971e+04, Qg=1.736e-01, Qz=6.651e-05, Sd=1.355e-02, SwB=1.661e-05) | k_frac=73.6124 mD, dp=16.21 MPa | Sw=[0.121,0.867] | 3773.8s
2026-02-19 20:16:24 - M5Trainer - INFO -   [k_frac诊断] grad=4.4098e-01, k_frac=73.612434 mD
2026-02-19 20:16:55 - M5Trainer - INFO - [Step 18100/25000] Stage D | L=6.7634e+02 (IC=6.570e-02, BC=3.243e-02, PDE=4.097e+04, Qg=1.629e-01, Qz=6.314e-05, Sd=1.227e-02, SwB=1.701e-05) | k_frac=73.5885 mD, dp=16.21 MPa | Sw=[0.121,0.869] | 3804.6s
2026-02-19 20:17:26 - M5Trainer - INFO - [Step 18200/25000] Stage D | L=5.7777e+02 (IC=1.430e-01, BC=3.385e-02, PDE=3.871e+04, Qg=1.585e-01, Qz=6.637e-05, Sd=1.231e-02, SwB=1.638e-05) | k_frac=73.5968 mD, dp=16.22 MPa | Sw=[0.121,0.860] | 3835.8s
2026-02-19 20:17:58 - M5Trainer - INFO - [Step 18300/25000] Stage D | L=6.6185e+02 (IC=8.013e-02, BC=3.013e-02, PDE=4.027e+04, Qg=1.614e-01, Qz=6.779e-05, Sd=1.180e-02, SwB=1.625e-05) | k_frac=73.5863 mD, dp=16.22 MPa | Sw=[0.121,0.865] | 3867.1s
2026-02-19 20:18:28 - M5Trainer - INFO - [Step 18400/25000] Stage D | L=7.1675e+02 (IC=4.771e-02, BC=3.066e-02, PDE=4.199e+04, Qg=1.587e-01, Qz=7.050e-05, Sd=1.350e-02, SwB=1.540e-05) | k_frac=73.6012 mD, dp=16.23 MPa | Sw=[0.122,0.869] | 3897.4s
2026-02-19 20:18:59 - M5Trainer - INFO -   [Sw约束v9] Sw=[0.120, 0.329, 0.873], 权重=100, 惩罚=0.000016 (低=0.0000, 高=0.0000)
2026-02-19 20:18:59 - M5Trainer - INFO -   [Sw监控] SY9: Sw=[0.7923, 0.8549, 0.8747], krg_min=5.975066e-03
2026-02-19 20:18:59 - M5Trainer - INFO - [Step 18500/25000] Stage D | L=5.8797e+02 (IC=9.270e-02, BC=2.643e-02, PDE=3.692e+04, Qg=1.580e-01, Qz=7.006e-05, Sd=1.258e-02, SwB=1.644e-05) | k_frac=73.6196 mD, dp=16.24 MPa | Sw=[0.121,0.866] | 3928.9s
2026-02-19 20:18:59 - M5Trainer - INFO -   [k_frac诊断] grad=-2.6788e-01, k_frac=73.619568 mD
2026-02-19 20:19:29 - M5Trainer - INFO - [Step 18600/25000] Stage D | L=6.3338e+02 (IC=6.743e-02, BC=2.840e-02, PDE=3.871e+04, Qg=1.570e-01, Qz=7.168e-05, Sd=1.214e-02, SwB=1.646e-05) | k_frac=73.5987 mD, dp=16.24 MPa | Sw=[0.121,0.865] | 3958.3s
2026-02-19 20:19:57 - M5Trainer - INFO - [Step 18700/25000] Stage D | L=5.9842e+02 (IC=1.267e-01, BC=4.028e-02, PDE=3.912e+04, Qg=1.551e-01, Qz=7.011e-05, Sd=1.157e-02, SwB=1.534e-05) | k_frac=73.6139 mD, dp=16.25 MPa | Sw=[0.121,0.870] | 3986.8s
2026-02-19 20:20:26 - M5Trainer - INFO - [Step 18800/25000] Stage D | L=6.0530e+02 (IC=1.277e-01, BC=3.029e-02, PDE=3.796e+04, Qg=1.628e-01, Qz=7.290e-05, Sd=1.164e-02, SwB=1.598e-05) | k_frac=73.6356 mD, dp=16.25 MPa | Sw=[0.122,0.862] | 4015.4s
2026-02-19 20:20:54 - M5Trainer - INFO - [Step 18900/25000] Stage D | L=6.2798e+02 (IC=7.555e-02, BC=3.965e-02, PDE=3.883e+04, Qg=1.615e-01, Qz=7.792e-05, Sd=1.344e-02, SwB=1.583e-05) | k_frac=73.6085 mD, dp=16.26 MPa | Sw=[0.121,0.870] | 4043.6s
2026-02-19 20:21:22 - M5Trainer - INFO -   [Sw约束v9] Sw=[0.120, 0.331, 0.873], 权重=100, 惩罚=0.000016 (低=0.0000, 高=0.0000)
2026-02-19 20:21:23 - M5Trainer - INFO -   [Sw监控] SY9: Sw=[0.7871, 0.8541, 0.8747], krg_min=5.986676e-03
2026-02-19 20:21:23 - M5Trainer - INFO - [Step 19000/25000] Stage D | L=6.2806e+02 (IC=4.621e-02, BC=2.884e-02, PDE=3.528e+04, Qg=1.619e-01, Qz=7.776e-05, Sd=1.318e-02, SwB=1.555e-05) | k_frac=73.5974 mD, dp=16.26 MPa | Sw=[0.122,0.870] | 4072.0s
2026-02-19 20:21:23 - M5Trainer - INFO -   [k_frac诊断] grad=4.3192e-01, k_frac=73.597359 mD
2026-02-19 20:21:52 - M5Trainer - INFO - [Step 19100/25000] Stage D | L=6.5061e+02 (IC=6.340e-02, BC=2.749e-02, PDE=3.621e+04, Qg=1.668e-01, Qz=7.974e-05, Sd=1.286e-02, SwB=1.469e-05) | k_frac=73.6121 mD, dp=16.27 MPa | Sw=[0.121,0.853] | 4101.3s
2026-02-19 20:22:22 - M5Trainer - INFO - [Step 19200/25000] Stage D | L=6.4041e+02 (IC=7.186e-02, BC=2.736e-02, PDE=3.657e+04, Qg=1.615e-01, Qz=8.420e-05, Sd=1.309e-02, SwB=1.609e-05) | k_frac=73.6018 mD, dp=16.27 MPa | Sw=[0.121,0.867] | 4131.3s
2026-02-19 20:22:54 - M5Trainer - INFO - [Step 19300/25000] Stage D | L=5.8854e+02 (IC=1.041e-01, BC=3.567e-02, PDE=3.743e+04, Qg=1.564e-01, Qz=8.123e-05, Sd=1.187e-02, SwB=1.538e-05) | k_frac=73.5928 mD, dp=16.28 MPa | Sw=[0.121,0.869] | 4163.6s
2026-02-19 20:23:26 - M5Trainer - INFO - [Step 19400/25000] Stage D | L=6.1156e+02 (IC=8.514e-02, BC=3.529e-02, PDE=3.564e+04, Qg=1.657e-01, Qz=8.407e-05, Sd=1.223e-02, SwB=1.545e-05) | k_frac=73.6110 mD, dp=16.29 MPa | Sw=[0.120,0.864] | 4195.2s
2026-02-19 20:23:58 - M5Trainer - INFO -   [Sw约束v9] Sw=[0.120, 0.330, 0.873], 权重=100, 惩罚=0.000014 (低=0.0000, 高=0.0000)
2026-02-19 20:23:58 - M5Trainer - INFO -   [Sw监控] SY9: Sw=[0.7866, 0.8533, 0.8746], krg_min=6.008974e-03
2026-02-19 20:23:58 - M5Trainer - INFO - [Step 19500/25000] Stage D | L=5.3541e+02 (IC=1.099e-01, BC=4.576e-02, PDE=3.427e+04, Qg=1.579e-01, Qz=8.995e-05, Sd=1.303e-02, SwB=1.448e-05) | k_frac=73.5986 mD, dp=16.29 MPa | Sw=[0.121,0.853] | 4227.6s
2026-02-19 20:23:58 - M5Trainer - INFO -   [k_frac诊断] grad=3.7198e-01, k_frac=73.598595 mD
2026-02-19 20:24:31 - M5Trainer - INFO - [Step 19600/25000] Stage D | L=5.3292e+02 (IC=1.450e-01, BC=3.318e-02, PDE=3.424e+04, Qg=1.622e-01, Qz=8.944e-05, Sd=1.300e-02, SwB=1.423e-05) | k_frac=73.6042 mD, dp=16.30 MPa | Sw=[0.121,0.853] | 4260.3s
2026-02-19 20:25:03 - M5Trainer - INFO - [Step 19700/25000] Stage D | L=5.4572e+02 (IC=7.966e-02, BC=3.495e-02, PDE=3.330e+04, Qg=1.541e-01, Qz=9.065e-05, Sd=1.325e-02, SwB=1.507e-05) | k_frac=73.6003 mD, dp=16.30 MPa | Sw=[0.122,0.870] | 4292.9s
2026-02-19 20:25:36 - M5Trainer - INFO - [Step 19800/25000] Stage D | L=5.8834e+02 (IC=5.219e-02, BC=3.572e-02, PDE=3.408e+04, Qg=1.545e-01, Qz=9.180e-05, Sd=1.274e-02, SwB=1.459e-05) | k_frac=73.5942 mD, dp=16.31 MPa | Sw=[0.121,0.827] | 4325.5s
2026-02-19 20:26:08 - M5Trainer - INFO - [Step 19900/25000] Stage D | L=5.9750e+02 (IC=5.504e-02, BC=3.548e-02, PDE=3.362e+04, Qg=1.574e-01, Qz=9.986e-05, Sd=1.349e-02, SwB=1.434e-05) | k_frac=73.6024 mD, dp=16.31 MPa | Sw=[0.120,0.869] | 4357.7s
2026-02-19 20:26:37 - M5Trainer - INFO -   [Sw约束v9] Sw=[0.120, 0.333, 0.872], 权重=100, 惩罚=0.000015 (低=0.0000, 高=0.0000)
2026-02-19 20:26:37 - M5Trainer - INFO -   [Sw监控] SY9: Sw=[0.7851, 0.8532, 0.8747], krg_min=5.984758e-03
2026-02-19 20:26:37 - M5Trainer - INFO - [Step 20000/25000] Stage D | L=5.1835e+02 (IC=7.180e-02, BC=4.434e-02, PDE=3.196e+04, Qg=1.544e-01, Qz=1.007e-04, Sd=1.353e-02, SwB=1.525e-05) | k_frac=73.5985 mD, dp=16.32 MPa | Sw=[0.121,0.868] | 4386.3s
2026-02-19 20:26:37 - M5Trainer - INFO -   [k_frac诊断] grad=-8.4020e-02, k_frac=73.598473 mD
2026-02-19 20:27:06 - M5Trainer - INFO - [Step 20100/25000] Stage D | L=5.0600e+02 (IC=1.095e-01, BC=4.247e-02, PDE=3.268e+04, Qg=1.546e-01, Qz=1.054e-04, Sd=1.324e-02, SwB=1.343e-05) | k_frac=73.5977 mD, dp=16.32 MPa | Sw=[0.121,0.870] | 4415.3s
2026-02-19 20:27:35 - M5Trainer - INFO - [Step 20200/25000] Stage D | L=5.3432e+02 (IC=1.085e-01, BC=4.222e-02, PDE=3.165e+04, Qg=1.571e-01, Qz=9.555e-05, Sd=1.250e-02, SwB=1.483e-05) | k_frac=73.5986 mD, dp=16.33 MPa | Sw=[0.121,0.863] | 4444.7s
2026-02-19 20:28:05 - M5Trainer - INFO - [Step 20300/25000] Stage D | L=5.4797e+02 (IC=8.660e-02, BC=3.687e-02, PDE=3.235e+04, Qg=1.555e-01, Qz=9.371e-05, Sd=1.242e-02, SwB=1.450e-05) | k_frac=73.5988 mD, dp=16.33 MPa | Sw=[0.125,0.847] | 4474.0s
2026-02-19 20:28:34 - M5Trainer - INFO - [Step 20400/25000] Stage D | L=5.4805e+02 (IC=8.581e-02, BC=3.733e-02, PDE=3.174e+04, Qg=1.601e-01, Qz=1.121e-04, Sd=1.367e-02, SwB=1.275e-05) | k_frac=73.6059 mD, dp=16.34 MPa | Sw=[0.121,0.869] | 4503.3s
2026-02-19 20:29:02 - M5Trainer - INFO -   [Sw约束v9] Sw=[0.120, 0.335, 0.875], 权重=100, 惩罚=0.000015 (低=0.0000, 高=0.0000)
2026-02-19 20:29:02 - M5Trainer - INFO -   [Sw监控] SY9: Sw=[0.7849, 0.8530, 0.8746], krg_min=6.008318e-03
2026-02-19 20:29:02 - M5Trainer - INFO - [Step 20500/25000] Stage D | L=5.4479e+02 (IC=9.623e-02, BC=4.622e-02, PDE=3.294e+04, Qg=1.568e-01, Qz=1.093e-04, Sd=1.484e-02, SwB=1.462e-05) | k_frac=73.5993 mD, dp=16.34 MPa | Sw=[0.121,0.867] | 4531.5s
2026-02-19 20:29:02 - M5Trainer - INFO -   [k_frac诊断] grad=4.1939e-01, k_frac=73.599258 mD
2026-02-19 20:29:31 - M5Trainer - INFO - [Step 20600/25000] Stage D | L=5.5886e+02 (IC=6.049e-02, BC=4.315e-02, PDE=3.206e+04, Qg=1.558e-01, Qz=1.013e-04, Sd=1.460e-02, SwB=1.612e-05) | k_frac=73.6036 mD, dp=16.34 MPa | Sw=[0.121,0.868] | 4560.9s
2026-02-19 20:30:04 - M5Trainer - INFO - [Step 20700/25000] Stage D | L=5.0514e+02 (IC=1.354e-01, BC=4.417e-02, PDE=3.210e+04, Qg=1.544e-01, Qz=1.121e-04, Sd=1.502e-02, SwB=1.360e-05) | k_frac=73.6199 mD, dp=16.35 MPa | Sw=[0.122,0.855] | 4593.4s
2026-02-19 20:30:33 - M5Trainer - INFO - [Step 20800/25000] Stage D | L=5.1844e+02 (IC=1.432e-01, BC=6.063e-02, PDE=3.373e+04, Qg=1.546e-01, Qz=1.110e-04, Sd=1.459e-02, SwB=1.422e-05) | k_frac=73.6020 mD, dp=16.35 MPa | Sw=[0.121,0.849] | 4622.1s
2026-02-19 20:31:01 - M5Trainer - INFO - [Step 20900/25000] Stage D | L=5.1818e+02 (IC=9.289e-02, BC=5.072e-02, PDE=3.141e+04, Qg=1.525e-01, Qz=1.148e-04, Sd=1.460e-02, SwB=1.373e-05) | k_frac=73.6081 mD, dp=16.36 MPa | Sw=[0.121,0.864] | 4650.5s
2026-02-19 20:31:32 - M5Trainer - INFO -   [Sw约束v9] Sw=[0.120, 0.334, 0.872], 权重=100, 惩罚=0.000014 (低=0.0000, 高=0.0000)
2026-02-19 20:31:32 - M5Trainer - INFO -   [Sw监控] SY9: Sw=[0.7865, 0.8528, 0.8745], krg_min=6.020372e-03
2026-02-19 20:31:32 - M5Trainer - INFO - [Step 21000/25000] Stage D | L=5.4139e+02 (IC=1.055e-01, BC=4.014e-02, PDE=3.212e+04, Qg=1.515e-01, Qz=1.103e-04, Sd=1.368e-02, SwB=1.412e-05) | k_frac=73.6190 mD, dp=16.36 MPa | Sw=[0.127,0.862] | 4681.4s
2026-02-19 20:31:32 - M5Trainer - INFO -   [k_frac诊断] grad=4.7429e-01, k_frac=73.618965 mD
2026-02-19 20:32:06 - M5Trainer - INFO - [Step 21100/25000] Stage D | L=6.0716e+02 (IC=6.304e-02, BC=3.788e-02, PDE=3.317e+04, Qg=1.584e-01, Qz=1.126e-04, Sd=1.436e-02, SwB=1.391e-05) | k_frac=73.6212 mD, dp=16.37 MPa | Sw=[0.122,0.862] | 4715.0s
2026-02-19 20:32:39 - M5Trainer - INFO - [Step 21200/25000] Stage D | L=5.0498e+02 (IC=9.694e-02, BC=5.487e-02, PDE=3.103e+04, Qg=1.527e-01, Qz=1.127e-04, Sd=1.391e-02, SwB=1.434e-05) | k_frac=73.6177 mD, dp=16.37 MPa | Sw=[0.122,0.867] | 4748.5s
2026-02-19 20:33:13 - M5Trainer - INFO - [Step 21300/25000] Stage D | L=5.6501e+02 (IC=1.171e-01, BC=3.840e-02, PDE=3.353e+04, Qg=1.511e-01, Qz=1.172e-04, Sd=1.388e-02, SwB=1.356e-05) | k_frac=73.6151 mD, dp=16.37 MPa | Sw=[0.121,0.864] | 4782.4s
2026-02-19 20:33:48 - M5Trainer - INFO - [Step 21400/25000] Stage D | L=5.4249e+02 (IC=8.437e-02, BC=4.329e-02, PDE=3.108e+04, Qg=1.536e-01, Qz=1.215e-04, Sd=1.391e-02, SwB=1.364e-05) | k_frac=73.6258 mD, dp=16.38 MPa | Sw=[0.121,0.856] | 4817.9s
2026-02-19 20:34:23 - M5Trainer - INFO -   [Sw约束v9] Sw=[0.120, 0.332, 0.872], 权重=100, 惩罚=0.000014 (低=0.0000, 高=0.0000)
2026-02-19 20:34:23 - M5Trainer - INFO -   [Sw监控] SY9: Sw=[0.7865, 0.8526, 0.8745], krg_min=6.021017e-03
2026-02-19 20:34:23 - M5Trainer - INFO - [Step 21500/25000] Stage D | L=5.4914e+02 (IC=9.037e-02, BC=3.298e-02, PDE=3.140e+04, Qg=1.511e-01, Qz=1.177e-04, Sd=1.386e-02, SwB=1.376e-05) | k_frac=73.6151 mD, dp=16.38 MPa | Sw=[0.121,0.869] | 4852.3s
2026-02-19 20:34:23 - M5Trainer - INFO -   [k_frac诊断] grad=-4.7507e-01, k_frac=73.615051 mD
2026-02-19 20:34:57 - M5Trainer - INFO - [Step 21600/25000] Stage D | L=5.3366e+02 (IC=1.257e-01, BC=3.845e-02, PDE=3.195e+04, Qg=1.515e-01, Qz=1.169e-04, Sd=1.384e-02, SwB=1.361e-05) | k_frac=73.6163 mD, dp=16.38 MPa | Sw=[0.121,0.846] | 4886.4s
2026-02-19 20:35:30 - M5Trainer - INFO - [Step 21700/25000] Stage D | L=5.7305e+02 (IC=9.241e-02, BC=3.705e-02, PDE=3.215e+04, Qg=1.511e-01, Qz=1.232e-04, Sd=1.417e-02, SwB=1.322e-05) | k_frac=73.6110 mD, dp=16.38 MPa | Sw=[0.121,0.869] | 4919.9s
2026-02-19 20:36:05 - M5Trainer - INFO - [Step 21800/25000] Stage D | L=6.0293e+02 (IC=7.995e-02, BC=2.777e-02, PDE=3.272e+04, Qg=1.507e-01, Qz=1.194e-04, Sd=1.375e-02, SwB=1.352e-05) | k_frac=73.6160 mD, dp=16.39 MPa | Sw=[0.122,0.868] | 4954.6s
2026-02-19 20:36:38 - M5Trainer - INFO - [Step 21900/25000] Stage D | L=5.4100e+02 (IC=9.823e-02, BC=4.004e-02, PDE=3.141e+04, Qg=1.518e-01, Qz=1.181e-04, Sd=1.399e-02, SwB=1.386e-05) | k_frac=73.6205 mD, dp=16.39 MPa | Sw=[0.121,0.850] | 4987.6s
2026-02-19 20:37:11 - M5Trainer - INFO -   [Sw约束v9] Sw=[0.120, 0.333, 0.872], 权重=100, 惩罚=0.000014 (低=0.0000, 高=0.0000)
2026-02-19 20:37:12 - M5Trainer - INFO -   [Sw监控] SY9: Sw=[0.7850, 0.8524, 0.8745], krg_min=6.026465e-03
2026-02-19 20:37:12 - M5Trainer - INFO - [Step 22000/25000] Stage D | L=5.5316e+02 (IC=9.394e-02, BC=4.326e-02, PDE=3.161e+04, Qg=1.526e-01, Qz=1.197e-04, Sd=1.426e-02, SwB=1.364e-05) | k_frac=73.6149 mD, dp=16.39 MPa | Sw=[0.123,0.867] | 5021.2s
2026-02-19 20:37:12 - M5Trainer - INFO -   [k_frac诊断] grad=3.2854e-01, k_frac=73.614899 mD
2026-02-19 20:37:45 - M5Trainer - INFO - [Step 22100/25000] Stage D | L=5.6434e+02 (IC=6.136e-02, BC=5.415e-02, PDE=3.271e+04, Qg=1.498e-01, Qz=1.197e-04, Sd=1.432e-02, SwB=1.392e-05) | k_frac=73.6147 mD, dp=16.40 MPa | Sw=[0.121,0.854] | 5054.0s
2026-02-19 20:38:18 - M5Trainer - INFO - [Step 22200/25000] Stage D | L=5.9695e+02 (IC=9.324e-02, BC=3.785e-02, PDE=3.333e+04, Qg=1.492e-01, Qz=1.192e-04, Sd=1.397e-02, SwB=1.357e-05) | k_frac=73.6188 mD, dp=16.40 MPa | Sw=[0.122,0.866] | 5087.1s
2026-02-19 20:38:51 - M5Trainer - INFO - [Step 22300/25000] Stage D | L=5.6555e+02 (IC=8.545e-02, BC=4.912e-02, PDE=3.239e+04, Qg=1.533e-01, Qz=1.209e-04, Sd=1.442e-02, SwB=1.351e-05) | k_frac=73.6204 mD, dp=16.40 MPa | Sw=[0.121,0.869] | 5120.1s
2026-02-19 20:39:24 - M5Trainer - INFO - [Step 22400/25000] Stage D | L=5.6144e+02 (IC=7.354e-02, BC=4.989e-02, PDE=3.209e+04, Qg=1.499e-01, Qz=1.207e-04, Sd=1.386e-02, SwB=1.321e-05) | k_frac=73.6211 mD, dp=16.40 MPa | Sw=[0.121,0.852] | 5153.4s
2026-02-19 20:39:57 - M5Trainer - INFO -   [Sw约束v9] Sw=[0.120, 0.332, 0.872], 权重=100, 惩罚=0.000014 (低=0.0000, 高=0.0000)
2026-02-19 20:39:58 - M5Trainer - INFO -   [Sw监控] SY9: Sw=[0.7856, 0.8524, 0.8745], krg_min=6.027867e-03
2026-02-19 20:39:58 - M5Trainer - INFO - [Step 22500/25000] Stage D | L=5.8165e+02 (IC=7.733e-02, BC=3.988e-02, PDE=3.214e+04, Qg=1.485e-01, Qz=1.220e-04, Sd=1.377e-02, SwB=1.359e-05) | k_frac=73.6174 mD, dp=16.40 MPa | Sw=[0.121,0.856] | 5187.1s
2026-02-19 20:39:58 - M5Trainer - INFO -   [k_frac诊断] grad=-6.8973e-01, k_frac=73.617393 mD
2026-02-19 20:40:32 - M5Trainer - INFO - [Step 22600/25000] Stage D | L=5.7336e+02 (IC=9.928e-02, BC=3.908e-02, PDE=3.257e+04, Qg=1.488e-01, Qz=1.236e-04, Sd=1.390e-02, SwB=1.337e-05) | k_frac=73.6216 mD, dp=16.40 MPa | Sw=[0.121,0.858] | 5221.4s
2026-02-19 20:41:06 - M5Trainer - INFO - [Step 22700/25000] Stage D | L=5.7950e+02 (IC=5.365e-02, BC=3.380e-02, PDE=3.090e+04, Qg=1.485e-01, Qz=1.194e-04, Sd=1.393e-02, SwB=1.314e-05) | k_frac=73.6231 mD, dp=16.41 MPa | Sw=[0.121,0.859] | 5255.4s
2026-02-19 20:41:40 - M5Trainer - INFO - [Step 22800/25000] Stage D | L=5.3909e+02 (IC=1.377e-01, BC=4.473e-02, PDE=3.245e+04, Qg=1.485e-01, Qz=1.203e-04, Sd=1.408e-02, SwB=1.342e-05) | k_frac=73.6246 mD, dp=16.41 MPa | Sw=[0.121,0.861] | 5289.4s
2026-02-19 20:42:14 - M5Trainer - INFO - [Step 22900/25000] Stage D | L=5.5324e+02 (IC=7.832e-02, BC=2.625e-02, PDE=3.016e+04, Qg=1.477e-01, Qz=1.215e-04, Sd=1.420e-02, SwB=1.349e-05) | k_frac=73.6227 mD, dp=16.41 MPa | Sw=[0.121,0.846] | 5323.4s
2026-02-19 20:42:47 - M5Trainer - INFO -   [Sw约束v9] Sw=[0.120, 0.332, 0.874], 权重=100, 惩罚=0.000013 (低=0.0000, 高=0.0000)
2026-02-19 20:42:47 - M5Trainer - INFO -   [Sw监控] SY9: Sw=[0.7860, 0.8525, 0.8745], krg_min=6.027244e-03
2026-02-19 20:42:47 - M5Trainer - INFO - [Step 23000/25000] Stage D | L=5.7134e+02 (IC=1.111e-01, BC=3.481e-02, PDE=3.246e+04, Qg=1.480e-01, Qz=1.239e-04, Sd=1.440e-02, SwB=1.346e-05) | k_frac=73.6214 mD, dp=16.41 MPa | Sw=[0.120,0.856] | 5356.8s
2026-02-19 20:42:47 - M5Trainer - INFO -   [k_frac诊断] grad=5.5753e-01, k_frac=73.621407 mD
2026-02-19 20:43:19 - M5Trainer - INFO - [Step 23100/25000] Stage D | L=5.6430e+02 (IC=9.087e-02, BC=3.322e-02, PDE=3.129e+04, Qg=1.482e-01, Qz=1.243e-04, Sd=1.422e-02, SwB=1.330e-05) | k_frac=73.6214 mD, dp=16.41 MPa | Sw=[0.121,0.860] | 5388.4s
2026-02-19 20:43:49 - M5Trainer - INFO - [Step 23200/25000] Stage D | L=5.5396e+02 (IC=1.080e-01, BC=3.902e-02, PDE=3.175e+04, Qg=1.480e-01, Qz=1.209e-04, Sd=1.426e-02, SwB=1.387e-05) | k_frac=73.6232 mD, dp=16.41 MPa | Sw=[0.121,0.867] | 5418.5s
2026-02-19 20:44:21 - M5Trainer - INFO - [Step 23300/25000] Stage D | L=5.7231e+02 (IC=7.536e-02, BC=4.445e-02, PDE=3.173e+04, Qg=1.482e-01, Qz=1.226e-04, Sd=1.432e-02, SwB=1.362e-05) | k_frac=73.6246 mD, dp=16.41 MPa | Sw=[0.120,0.868] | 5450.1s
2026-02-19 20:44:53 - M5Trainer - INFO - [Step 23400/25000] Stage D | L=5.5213e+02 (IC=9.292e-02, BC=3.340e-02, PDE=3.065e+04, Qg=1.469e-01, Qz=1.233e-04, Sd=1.424e-02, SwB=1.368e-05) | k_frac=73.6246 mD, dp=16.42 MPa | Sw=[0.121,0.866] | 5482.0s
2026-02-19 20:45:23 - M5Trainer - INFO -   [Sw约束v9] Sw=[0.120, 0.334, 0.872], 权重=100, 惩罚=0.000014 (低=0.0000, 高=0.0000)
2026-02-19 20:45:23 - M5Trainer - INFO -   [Sw监控] SY9: Sw=[0.7863, 0.8525, 0.8745], krg_min=6.029234e-03
2026-02-19 20:45:23 - M5Trainer - INFO - [Step 23500/25000] Stage D | L=5.6648e+02 (IC=1.340e-01, BC=3.209e-02, PDE=3.239e+04, Qg=1.470e-01, Qz=1.225e-04, Sd=1.432e-02, SwB=1.360e-05) | k_frac=73.6266 mD, dp=16.42 MPa | Sw=[0.122,0.857] | 5512.7s
2026-02-19 20:45:23 - M5Trainer - INFO -   [k_frac诊断] grad=-4.6400e-01, k_frac=73.626564 mD
2026-02-19 20:45:53 - M5Trainer - INFO - [Step 23600/25000] Stage D | L=5.4223e+02 (IC=9.363e-02, BC=3.401e-02, PDE=3.017e+04, Qg=1.462e-01, Qz=1.216e-04, Sd=1.432e-02, SwB=1.387e-05) | k_frac=73.6268 mD, dp=16.42 MPa | Sw=[0.120,0.870] | 5542.8s
2026-02-19 20:46:24 - M5Trainer - INFO - [Step 23700/25000] Stage D | L=5.2610e+02 (IC=9.992e-02, BC=3.616e-02, PDE=3.104e+04, Qg=1.466e-01, Qz=1.225e-04, Sd=1.431e-02, SwB=1.346e-05) | k_frac=73.6280 mD, dp=16.42 MPa | Sw=[0.121,0.866] | 5573.1s
2026-02-19 20:46:54 - M5Trainer - INFO - [Step 23800/25000] Stage D | L=5.0552e+02 (IC=1.646e-01, BC=4.012e-02, PDE=3.089e+04, Qg=1.457e-01, Qz=1.221e-04, Sd=1.431e-02, SwB=1.344e-05) | k_frac=73.6283 mD, dp=16.42 MPa | Sw=[0.122,0.870] | 5603.3s
2026-02-19 20:47:25 - M5Trainer - INFO - [Step 23900/25000] Stage D | L=6.3686e+02 (IC=6.587e-02, BC=4.017e-02, PDE=3.422e+04, Qg=1.456e-01, Qz=1.219e-04, Sd=1.433e-02, SwB=1.337e-05) | k_frac=73.6287 mD, dp=16.42 MPa | Sw=[0.121,0.852] | 5633.9s
2026-02-19 20:47:54 - M5Trainer - INFO -   [Sw约束v9] Sw=[0.120, 0.334, 0.872], 权重=100, 惩罚=0.000013 (低=0.0000, 高=0.0000)
2026-02-19 20:47:55 - M5Trainer - INFO -   [Sw监控] SY9: Sw=[0.7861, 0.8525, 0.8744], krg_min=6.030625e-03
2026-02-19 20:47:55 - M5Trainer - INFO - [Step 24000/25000] Stage D | L=5.8356e+02 (IC=8.626e-02, BC=4.117e-02, PDE=3.243e+04, Qg=1.457e-01, Qz=1.216e-04, Sd=1.433e-02, SwB=1.341e-05) | k_frac=73.6286 mD, dp=16.42 MPa | Sw=[0.125,0.866] | 5664.1s
2026-02-19 20:47:55 - M5Trainer - INFO -   [k_frac诊断] grad=-4.2072e-01, k_frac=73.628647 mD
2026-02-19 20:48:25 - M5Trainer - INFO - [Step 24100/25000] Stage D | L=5.6201e+02 (IC=1.126e-01, BC=4.128e-02, PDE=3.229e+04, Qg=1.455e-01, Qz=1.215e-04, Sd=1.435e-02, SwB=1.347e-05) | k_frac=73.6289 mD, dp=16.42 MPa | Sw=[0.121,0.861] | 5694.8s
2026-02-19 20:48:59 - M5Trainer - INFO - [Step 24200/25000] Stage D | L=6.0028e+02 (IC=6.446e-02, BC=3.901e-02, PDE=3.244e+04, Qg=1.447e-01, Qz=1.216e-04, Sd=1.435e-02, SwB=1.354e-05) | k_frac=73.6290 mD, dp=16.42 MPa | Sw=[0.122,0.852] | 5728.0s
2026-02-19 20:49:32 - M5Trainer - INFO - [Step 24300/25000] Stage D | L=5.7504e+02 (IC=8.377e-02, BC=3.624e-02, PDE=3.180e+04, Qg=1.442e-01, Qz=1.214e-04, Sd=1.435e-02, SwB=1.360e-05) | k_frac=73.6289 mD, dp=16.42 MPa | Sw=[0.122,0.867] | 5761.2s
2026-02-19 20:50:05 - M5Trainer - INFO - [Step 24400/25000] Stage D | L=6.0716e+02 (IC=9.433e-02, BC=4.424e-02, PDE=3.418e+04, Qg=1.441e-01, Qz=1.216e-04, Sd=1.436e-02, SwB=1.350e-05) | k_frac=73.6289 mD, dp=16.42 MPa | Sw=[0.122,0.866] | 5794.1s
2026-02-19 20:50:37 - M5Trainer - INFO -   [Sw约束v9] Sw=[0.120, 0.333, 0.872], 权重=100, 惩罚=0.000013 (低=0.0000, 高=0.0000)
2026-02-19 20:50:38 - M5Trainer - INFO -   [Sw监控] SY9: Sw=[0.7861, 0.8525, 0.8744], krg_min=6.030714e-03
2026-02-19 20:50:38 - M5Trainer - INFO - [Step 24500/25000] Stage D | L=5.8195e+02 (IC=7.888e-02, BC=4.531e-02, PDE=3.258e+04, Qg=1.440e-01, Qz=1.215e-04, Sd=1.435e-02, SwB=1.349e-05) | k_frac=73.6289 mD, dp=16.42 MPa | Sw=[0.121,0.857] | 5826.9s
2026-02-19 20:50:38 - M5Trainer - INFO -   [k_frac诊断] grad=-4.5616e-01, k_frac=73.628906 mD
2026-02-19 20:51:10 - M5Trainer - INFO - [Step 24600/25000] Stage D | L=5.5800e+02 (IC=7.543e-02, BC=4.006e-02, PDE=3.092e+04, Qg=1.438e-01, Qz=1.215e-04, Sd=1.435e-02, SwB=1.325e-05) | k_frac=73.6289 mD, dp=16.42 MPa | Sw=[0.120,0.864] | 5859.8s
2026-02-19 20:51:44 - M5Trainer - INFO - [Step 24700/25000] Stage D | L=5.5766e+02 (IC=6.765e-02, BC=4.525e-02, PDE=3.126e+04, Qg=1.438e-01, Qz=1.215e-04, Sd=1.435e-02, SwB=1.360e-05) | k_frac=73.6289 mD, dp=16.42 MPa | Sw=[0.121,0.868] | 5893.0s
2026-02-19 20:52:17 - M5Trainer - INFO - [Step 24800/25000] Stage D | L=5.6599e+02 (IC=5.710e-02, BC=4.121e-02, PDE=3.091e+04, Qg=1.438e-01, Qz=1.216e-04, Sd=1.435e-02, SwB=1.362e-05) | k_frac=73.6290 mD, dp=16.42 MPa | Sw=[0.121,0.870] | 5926.7s
2026-02-19 20:52:51 - M5Trainer - INFO - [Step 24900/25000] Stage D | L=5.6081e+02 (IC=1.457e-01, BC=3.651e-02, PDE=3.294e+04, Qg=1.441e-01, Qz=1.216e-04, Sd=1.435e-02, SwB=1.330e-05) | k_frac=73.6289 mD, dp=16.42 MPa | Sw=[0.122,0.857] | 5960.2s
2026-02-19 20:53:24 - M5Trainer - INFO - [Step 24999/25000] Stage D | L=5.8273e+02 (IC=5.985e-02, BC=4.711e-02, PDE=3.215e+04, Qg=1.440e-01, Qz=1.215e-04, Sd=1.435e-02, SwB=1.346e-05) | k_frac=73.6290 mD, dp=16.42 MPa | Sw=[0.121,0.867] | 5993.3s
2026-02-19 20:53:24 - M5Trainer - INFO - 
M5 训练完成! 耗时: 5993.3s, 最佳验证分数(val_score): 22.8830
2026-02-19 20:53:24 - M5Trainer - INFO - 配置快照已保存: C:\Users\16281\Desktop\cpedc_project\outputs\mk_pinn_dt_v2\resolved_config_m5.json
2026-02-19 20:53:24 - M5Trainer - INFO - 反演参数审计: C:\Users\16281\Desktop\cpedc_project\outputs\mk_pinn_dt_v2\reports\M5_inversion_params.json
