2026-02-16 22:58:41 - M5Trainer - INFO -   torch.compile 已跳过 (Triton 不支持 Windows, 使用 eager 模式)
2026-02-16 22:58:41 - M5Trainer - INFO - k_frac 独立参数组: lr=1.00e-02 (factor=10.0)
2026-02-16 22:58:41 - M5Trainer - INFO - k_net 学习率: 1.00e-04 (factor=0.1, warmup=2000 steps)
2026-02-16 22:58:41 - M5Trainer - INFO -   井 SY9: 1027 条同化数据 (train=718, val=154, test=155)
2026-02-16 22:58:41 - M5Trainer - INFO -   M3 PVT cg(76.0, 140.32) = 0.009744
2026-02-16 22:58:41 - M5Trainer - INFO -   M3 PVT Bg(76.0, 140.32) = 0.002577
2026-02-16 22:58:41 - M5Trainer - INFO -   PDE 缩放: αx=0.029719, αy=0.074361
2026-02-16 22:58:41 - M5Trainer - INFO - M5Trainer 初始化完成: device=cuda, lr=0.001, max_steps=5000, relobralo=True, rar=True
2026-02-16 22:58:41 - M5Trainer - INFO - ============================================================
2026-02-16 22:58:41 - M5Trainer - INFO - M5 PINN 井—藏耦合同化训练开始
2026-02-16 22:58:41 - M5Trainer - INFO - ============================================================
2026-02-16 22:58:41 - M5Trainer - INFO - 训练阶段: A[0-500] B[500-1750] C[1750-3500] D[3500-5000]
2026-02-16 22:58:41 - M5Trainer - INFO - --- M5 单位/量纲诊断 (train 第 1 步前) ---
2026-02-16 22:58:41 - M5Trainer - INFO -   qg_obs 范围: 0.00e+00 ~ 8.39e+05 m³/d, 均值: 3.85e+05 m³/d
2026-02-16 22:58:42 - M5Trainer - INFO -   qg_pred 范围: 4.92e+05 ~ 4.98e+05
2026-02-16 22:58:42 - M5Trainer - INFO -   p_wf 范围: 7.41e+01 ~ 7.41e+01 MPa
2026-02-16 22:58:42 - M5Trainer - INFO -   p_field @ well: 7.50e+01 MPa
2026-02-16 22:58:42 - M5Trainer - INFO -   k_frac = 5.4020 mD
2026-02-16 22:58:42 - M5Trainer - INFO -   WI_raw = 4.309845e-13 [检查单位]
2026-02-16 22:58:42 - M5Trainer - INFO -   dp_wellbore = 12.00 MPa
2026-02-16 22:58:42 - M5Trainer - INFO -   Bg_ref = 2.576898e-03
2026-02-16 22:58:42 - M5Trainer - INFO -   qg_obs 范围: 0.00e+00 ~ 8.39e+05 m³/d
2026-02-16 22:58:42 - M5Trainer - INFO -   qg_obs 中位数 = 4.61e+05 m³/d
2026-02-16 22:58:42 - M5Trainer - INFO -   ✅ v9: PDE源项已升级为时变 source(x,y,t) = qg_obs(t) * kernel(x,y)
2026-02-16 22:58:42 - M5Trainer - INFO -   ✅ 每个PDE配点使用其时刻对应的真实观测产量（线性插值）
2026-02-16 22:58:42 - M5Trainer - INFO - --- 诊断结束 ---
2026-02-16 22:58:42 - M5Trainer - INFO -   [shape] SY9: qg pred=(718, 1) vs obs=(1027, 1), p_wf pred=(718, 1) vs p_obs=(1027, 1)
