2026-02-10 00:05:25 - M5Trainer - INFO -   井 SY9: 1025 条同化数据
2026-02-10 00:05:25 - M5Trainer - INFO -   M3 PVT cg(76.0, 141.39) = 0.009744
2026-02-10 00:05:25 - M5Trainer - INFO -   M3 PVT Bg(76.0, 141.39) = 0.002577
2026-02-10 00:05:25 - M5Trainer - INFO -   PDE 缩放: αx=1.017765, αy=2.546600
2026-02-10 00:05:25 - M5Trainer - INFO - M5Trainer 初始化完成: device=cuda, lr=0.001, max_steps=4000, relobralo=True, rar=True
2026-02-10 00:05:25 - M5Trainer - INFO - ============================================================
2026-02-10 00:05:25 - M5Trainer - INFO - M5 PINN 井—藏耦合同化训练开始
2026-02-10 00:05:25 - M5Trainer - INFO - ============================================================
2026-02-10 00:05:25 - M5Trainer - INFO - 训练阶段: A[0-800] B[800-2000] C[2000-3200] D[3200-4000]
2026-02-10 00:05:25 - M5Trainer - INFO - [Step     0/4000] Stage A | L=2.0471e+02 (IC=1.413e+01, BC=1.268e+01, PDE=0.000e+00, Qg=9.898e+09) | k=5.00 mD, f=10.0 | Sw=[0.219,0.796] | 0.5s
2026-02-10 00:05:27 - M5Trainer - INFO - [Step   100/4000] Stage A | L=5.5388e-01 (IC=3.817e-02, BC=3.444e-02, PDE=0.000e+00, Qg=1.560e+10) | k=5.00 mD, f=10.0 | Sw=[0.078,0.352] | 1.9s
2026-02-10 00:05:28 - M5Trainer - INFO - [Step   200/4000] Stage A | L=1.8301e-04 (IC=1.738e-02, BC=1.575e-02, PDE=0.000e+00, Qg=1.754e+10) | k=5.00 mD, f=10.0 | Sw=[0.112,0.325] | 3.3s
2026-02-10 00:05:29 - M5Trainer - INFO - [Step   300/4000] Stage A | L=2.5317e-06 (IC=2.422e-03, BC=2.912e-04, PDE=0.000e+00, Qg=1.821e+10) | k=5.00 mD, f=10.0 | Sw=[0.124,0.327] | 4.8s
2026-02-10 00:05:31 - M5Trainer - INFO - [Step   400/4000] Stage A | L=2.2099e-05 (IC=6.303e-03, BC=2.563e-03, PDE=0.000e+00, Qg=1.808e+10) | k=5.00 mD, f=10.0 | Sw=[0.079,0.331] | 6.3s
2026-02-10 00:05:32 - M5Trainer - INFO - [Step   500/4000] Stage A | L=3.6046e-04 (IC=2.182e-02, BC=1.306e-02, PDE=0.000e+00, Qg=1.481e+10) | k=5.00 mD, f=10.0 | Sw=[0.149,0.340] | 7.8s
2026-02-10 00:05:34 - M5Trainer - INFO - [Step   600/4000] Stage A | L=4.8238e-06 (IC=2.516e-03, BC=2.252e-04, PDE=0.000e+00, Qg=1.425e+10) | k=5.00 mD, f=10.0 | Sw=[0.194,0.339] | 9.1s
2026-02-10 00:05:35 - M5Trainer - INFO - [Step   700/4000] Stage A | L=4.8306e-06 (IC=2.315e-03, BC=2.284e-04, PDE=0.000e+00, Qg=1.436e+10) | k=5.00 mD, f=10.0 | Sw=[0.202,0.361] | 10.6s
2026-02-10 00:05:37 - M5Trainer - INFO - [Step   800/4000] Stage B | L=7.1358e+09 (IC=2.099e-03, BC=2.964e-04, PDE=0.000e+00, Qg=1.489e+10) | k=5.00 mD, f=10.0 | Sw=[0.220,0.539] | 12.0s
2026-02-10 00:05:41 - M5Trainer - INFO - [Step   900/4000] Stage B | L=2.0579e-02 (IC=2.246e-01, BC=1.040e-03, PDE=2.811e+00, Qg=4.629e+03) | k=4.97 mD, f=10.0 | Sw=[0.095,0.997] | 16.2s
2026-02-10 00:05:45 - M5Trainer - INFO - [Step  1000/4000] Stage B | L=2.2709e-03 (IC=3.254e-02, BC=2.211e-03, PDE=3.257e+00, Qg=1.404e+03) | k=4.96 mD, f=10.0 | Sw=[0.219,0.997] | 20.7s
2026-02-10 00:05:50 - M5Trainer - INFO - [Step  1100/4000] Stage B | L=8.9897e-04 (IC=2.026e-02, BC=1.101e-03, PDE=9.138e-01, Qg=8.223e+02) | k=4.96 mD, f=10.0 | Sw=[0.342,0.998] | 25.3s
2026-02-10 00:05:54 - M5Trainer - INFO - [Step  1200/4000] Stage B | L=3.5469e-03 (IC=4.337e-02, BC=1.459e-03, PDE=8.618e-01, Qg=1.127e+03) | k=4.96 mD, f=10.0 | Sw=[0.113,0.997] | 29.7s
2026-02-10 00:05:58 - M5Trainer - INFO - [Step  1300/4000] Stage B | L=8.3466e-03 (IC=5.758e-02, BC=5.377e-04, PDE=1.483e+00, Qg=2.580e+00) | k=4.96 mD, f=10.0 | Sw=[0.179,0.998] | 33.6s
2026-02-10 00:06:02 - M5Trainer - INFO - [Step  1400/4000] Stage B | L=2.2576e-03 (IC=2.553e-02, BC=4.347e-04, PDE=5.907e-01, Qg=2.457e+02) | k=4.96 mD, f=10.0 | Sw=[0.160,0.997] | 37.5s
2026-02-10 00:06:06 - M5Trainer - INFO - [Step  1500/4000] Stage B | L=1.0311e-02 (IC=4.490e-02, BC=2.343e-03, PDE=1.340e+00, Qg=1.337e+03) | k=4.95 mD, f=10.0 | Sw=[0.175,0.996] | 41.7s
2026-02-10 00:06:10 - M5Trainer - INFO - [Step  1600/4000] Stage B | L=1.3746e-03 (IC=1.616e-02, BC=7.894e-04, PDE=3.198e-01, Qg=4.858e+02) | k=4.95 mD, f=9.9 | Sw=[0.271,0.997] | 45.8s
2026-02-10 00:06:14 - M5Trainer - INFO - [Step  1700/4000] Stage B | L=5.8248e-03 (IC=3.429e-02, BC=4.482e-03, PDE=5.515e-01, Qg=2.010e+02) | k=4.95 mD, f=9.9 | Sw=[0.189,0.997] | 49.8s
2026-02-10 00:06:20 - M5Trainer - INFO - [Step  1800/4000] Stage B | L=1.9484e-03 (IC=1.788e-02, BC=1.144e-04, PDE=2.273e-01, Qg=3.360e+02) | k=4.94 mD, f=9.9 | Sw=[0.311,0.998] | 54.9s
2026-02-10 00:06:25 - M5Trainer - INFO - [Step  1900/4000] Stage B | L=4.5056e-01 (IC=2.695e-02, BC=4.795e-03, PDE=9.686e+00, Qg=8.493e+01) | k=4.94 mD, f=9.9 | Sw=[0.311,0.998] | 60.2s
2026-02-10 00:06:30 - M5Trainer - INFO - [Step  2000/4000] Stage C | L=1.4502e-03 (IC=1.219e-02, BC=1.544e-03, PDE=2.511e-01, Qg=4.084e+02) | k=4.94 mD, f=9.9 | Sw=[0.348,0.997] | 65.4s
2026-02-10 00:06:35 - M5Trainer - INFO - [Step  2100/4000] Stage C | L=1.6969e-03 (IC=1.614e-02, BC=6.404e-05, PDE=1.929e-01, Qg=1.829e+02) | k=4.94 mD, f=9.9 | Sw=[0.300,0.997] | 70.5s
2026-02-10 00:06:40 - M5Trainer - INFO - [Step  2200/4000] Stage C | L=1.8134e-03 (IC=1.533e-02, BC=1.012e-04, PDE=1.801e-01, Qg=1.626e+02) | k=4.94 mD, f=9.9 | Sw=[0.310,0.998] | 75.6s
2026-02-10 00:06:46 - M5Trainer - INFO - [Step  2300/4000] Stage C | L=3.3314e-03 (IC=2.039e-02, BC=1.076e-04, PDE=1.818e-01, Qg=1.067e+02) | k=4.94 mD, f=9.9 | Sw=[0.313,0.998] | 80.9s
2026-02-10 00:06:51 - M5Trainer - INFO - [Step  2400/4000] Stage C | L=6.6652e-03 (IC=2.738e-02, BC=1.721e-04, PDE=2.282e-01, Qg=1.443e+02) | k=4.94 mD, f=9.9 | Sw=[0.267,0.996] | 86.3s
2026-02-10 00:06:56 - M5Trainer - INFO - [Step  2500/4000] Stage C | L=2.7568e-03 (IC=1.447e-02, BC=2.527e-05, PDE=2.210e-01, Qg=8.760e+01) | k=4.94 mD, f=9.9 | Sw=[0.285,0.997] | 91.0s
2026-02-10 00:07:00 - M5Trainer - INFO - [Step  2600/4000] Stage C | L=2.8137e-03 (IC=1.397e-02, BC=2.669e-05, PDE=1.842e-01, Qg=1.155e+02) | k=4.94 mD, f=9.9 | Sw=[0.415,0.997] | 95.1s
2026-02-10 00:07:04 - M5Trainer - INFO - [Step  2700/4000] Stage C | L=4.2660e-03 (IC=1.634e-02, BC=8.933e-05, PDE=1.965e-01, Qg=1.517e+02) | k=4.94 mD, f=9.9 | Sw=[0.312,0.996] | 99.6s
2026-02-10 00:07:08 - M5Trainer - INFO - [Step  2800/4000] Stage C | L=4.0677e-03 (IC=1.502e-02, BC=3.573e-05, PDE=1.740e-01, Qg=1.350e+02) | k=4.93 mD, f=9.9 | Sw=[0.330,0.997] | 103.5s
2026-02-10 00:07:13 - M5Trainer - INFO - [Step  2900/4000] Stage C | L=8.7373e-03 (IC=1.536e-02, BC=1.511e-04, PDE=3.773e-01, Qg=5.761e+01) | k=4.93 mD, f=9.9 | Sw=[0.417,0.997] | 107.8s
2026-02-10 00:07:17 - M5Trainer - INFO - [Step  3000/4000] Stage C | L=1.1674e-02 (IC=1.843e-02, BC=1.169e-04, PDE=3.746e-01, Qg=2.852e+01) | k=4.93 mD, f=9.9 | Sw=[0.342,0.997] | 112.7s
2026-02-10 00:07:22 - M5Trainer - INFO - [Step  3100/4000] Stage C | L=6.1047e-03 (IC=1.482e-02, BC=2.724e-05, PDE=1.889e-01, Qg=9.512e+01) | k=4.93 mD, f=9.9 | Sw=[0.370,0.997] | 117.4s
2026-02-10 00:07:27 - M5Trainer - INFO - [Step  3200/4000] Stage D | L=5.2837e-03 (IC=1.156e-02, BC=1.921e-04, PDE=2.365e-01, Qg=4.292e+01) | k=4.93 mD, f=9.9 | Sw=[0.412,0.997] | 122.2s
2026-02-10 00:07:32 - M5Trainer - INFO - [Step  3300/4000] Stage D | L=4.4936e-03 (IC=1.160e-02, BC=3.159e-05, PDE=1.804e-01, Qg=7.858e+01) | k=4.93 mD, f=9.9 | Sw=[0.377,0.997] | 127.3s
2026-02-10 00:07:37 - M5Trainer - INFO - [Step  3400/4000] Stage D | L=5.3147e-03 (IC=1.159e-02, BC=2.712e-05, PDE=1.889e-01, Qg=8.610e+01) | k=4.93 mD, f=9.9 | Sw=[0.401,0.997] | 132.0s
2026-02-10 00:07:41 - M5Trainer - INFO - [Step  3500/4000] Stage D | L=6.0405e-03 (IC=8.101e-03, BC=5.206e-05, PDE=2.301e-01, Qg=6.911e+01) | k=4.93 mD, f=9.9 | Sw=[0.279,0.997] | 136.3s
2026-02-10 00:07:45 - M5Trainer - INFO - [Step  3600/4000] Stage D | L=6.8455e-03 (IC=1.081e-02, BC=3.321e-05, PDE=2.028e-01, Qg=8.253e+01) | k=4.93 mD, f=9.9 | Sw=[0.283,0.997] | 140.7s
2026-02-10 00:07:50 - M5Trainer - INFO - [Step  3700/4000] Stage D | L=6.2231e-03 (IC=8.356e-03, BC=2.299e-05, PDE=1.976e-01, Qg=7.147e+01) | k=4.93 mD, f=9.9 | Sw=[0.402,0.997] | 145.1s
2026-02-10 00:07:54 - M5Trainer - INFO - [Step  3800/4000] Stage D | L=7.1848e-03 (IC=8.949e-03, BC=2.722e-05, PDE=1.963e-01, Qg=7.154e+01) | k=4.93 mD, f=9.9 | Sw=[0.313,0.997] | 149.7s
2026-02-10 00:07:59 - M5Trainer - INFO - [Step  3900/4000] Stage D | L=1.2301e-02 (IC=1.265e-02, BC=2.337e-05, PDE=2.286e-01, Qg=7.255e+01) | k=4.93 mD, f=9.9 | Sw=[0.482,0.997] | 154.5s
2026-02-10 00:08:04 - M5Trainer - INFO - [Step  3999/4000] Stage D | L=1.7264e-02 (IC=1.807e-02, BC=8.350e-06, PDE=1.980e-01, Qg=7.419e+01) | k=4.93 mD, f=9.9 | Sw=[0.317,0.997] | 159.3s
2026-02-10 00:08:04 - M5Trainer - INFO - 
M5 训练完成! 耗时: 159.3s, 最佳损失: 1.7726e-07
2026-02-10 00:08:04 - M5Trainer - INFO - 配置快照已保存: C:\Users\16281\Desktop\cpedc_project\outputs\mk_pinn_dt_v2\resolved_config_m5.json
2026-02-10 00:08:04 - M5Trainer - INFO - 反演参数审计: C:\Users\16281\Desktop\cpedc_project\outputs\mk_pinn_dt_v2\reports\M5_inversion_params.json
2026-02-10 00:08:05 - M5Trainer - INFO -   井 SY9: 1025 条同化数据
2026-02-10 00:08:05 - M5Trainer - INFO -   M3 PVT cg(76.0, 141.39) = 0.009744
2026-02-10 00:08:05 - M5Trainer - INFO -   M3 PVT Bg(76.0, 141.39) = 0.002577
2026-02-10 00:08:05 - M5Trainer - INFO -   PDE 缩放: αx=1.017765, αy=2.546600
2026-02-10 00:08:05 - M5Trainer - INFO - M5Trainer 初始化完成: device=cuda, lr=0.001, max_steps=4000, relobralo=True, rar=True
2026-02-10 00:08:05 - M5Trainer - INFO - ============================================================
2026-02-10 00:08:05 - M5Trainer - INFO - M5 PINN 井—藏耦合同化训练开始
2026-02-10 00:08:05 - M5Trainer - INFO - ============================================================
2026-02-10 00:08:05 - M5Trainer - INFO - 训练阶段: A[0-800] B[800-2000] C[2000-3200] D[3200-4000]
2026-02-10 00:08:05 - M5Trainer - INFO - [Step     0/4000] Stage A | L=3.2856e+02 (IC=2.403e+01, BC=1.765e+01, PDE=0.000e+00, Qg=1.447e+10) | k=5.00 mD, f=10.0 | Sw=[0.202,0.678] | 0.0s
2026-02-10 00:08:06 - M5Trainer - INFO - [Step   100/4000] Stage A | L=8.2253e-01 (IC=5.892e-02, BC=4.667e-02, PDE=0.000e+00, Qg=2.235e+10) | k=5.00 mD, f=10.0 | Sw=[0.085,0.313] | 1.5s
2026-02-10 00:08:08 - M5Trainer - INFO - [Step   200/4000] Stage A | L=3.5078e-05 (IC=9.862e-03, BC=7.025e-03, PDE=0.000e+00, Qg=2.150e+10) | k=5.00 mD, f=10.0 | Sw=[0.139,0.333] | 2.7s
2026-02-10 00:08:09 - M5Trainer - INFO - [Step   300/4000] Stage A | L=2.5769e-06 (IC=2.921e-03, BC=1.142e-03, PDE=0.000e+00, Qg=2.184e+10) | k=5.00 mD, f=10.0 | Sw=[0.153,0.282] | 4.2s
2026-02-10 00:08:11 - M5Trainer - INFO - [Step   400/4000] Stage A | L=4.7189e-05 (IC=8.960e-03, BC=9.722e-03, PDE=0.000e+00, Qg=2.126e+10) | k=5.00 mD, f=10.0 | Sw=[0.135,0.319] | 5.7s
2026-02-10 00:08:12 - M5Trainer - INFO - [Step   500/4000] Stage A | L=3.3764e-04 (IC=2.587e-02, BC=1.585e-02, PDE=0.000e+00, Qg=1.976e+10) | k=5.00 mD, f=10.0 | Sw=[0.148,0.310] | 7.3s
2026-02-10 00:08:14 - M5Trainer - INFO - [Step   600/4000] Stage A | L=2.3189e-06 (IC=1.790e-03, BC=1.528e-03, PDE=0.000e+00, Qg=1.948e+10) | k=5.00 mD, f=10.0 | Sw=[0.171,0.313] | 9.1s
2026-02-10 00:08:15 - M5Trainer - INFO - [Step   700/4000] Stage A | L=2.8290e-06 (IC=1.681e-03, BC=1.757e-03, PDE=0.000e+00, Qg=1.950e+10) | k=5.00 mD, f=10.0 | Sw=[0.133,0.303] | 10.5s
2026-02-10 00:08:17 - M5Trainer - INFO - [Step   800/4000] Stage B | L=1.1459e+10 (IC=8.543e-03, BC=7.202e-03, PDE=0.000e+00, Qg=2.112e+10) | k=5.00 mD, f=10.0 | Sw=[0.143,0.449] | 11.8s
2026-02-10 00:08:21 - M5Trainer - INFO - [Step   900/4000] Stage B | L=1.5638e-02 (IC=2.534e-01, BC=8.066e-03, PDE=2.073e+00, Qg=3.644e+03) | k=4.97 mD, f=10.0 | Sw=[0.055,0.999] | 16.1s
2026-02-10 00:08:25 - M5Trainer - INFO - [Step  1000/4000] Stage B | L=2.4735e-02 (IC=2.157e-01, BC=4.768e-03, PDE=2.130e+00, Qg=2.707e+03) | k=4.96 mD, f=10.0 | Sw=[0.206,0.999] | 20.2s
2026-02-10 00:08:29 - M5Trainer - INFO - [Step  1100/4000] Stage B | L=2.9357e-03 (IC=5.322e-02, BC=4.920e-03, PDE=1.089e+00, Qg=1.566e+03) | k=4.96 mD, f=10.0 | Sw=[0.349,0.994] | 24.2s
2026-02-10 00:08:33 - M5Trainer - INFO - [Step  1200/4000] Stage B | L=1.4106e-03 (IC=3.163e-02, BC=2.457e-03, PDE=4.918e-01, Qg=8.082e+02) | k=4.96 mD, f=10.0 | Sw=[0.209,0.996] | 28.1s
2026-02-10 00:08:38 - M5Trainer - INFO - [Step  1300/4000] Stage B | L=2.1674e-01 (IC=3.938e-01, BC=5.274e-02, PDE=1.677e+00, Qg=9.349e+00) | k=4.96 mD, f=10.0 | Sw=[0.055,0.998] | 32.9s
2026-02-10 00:08:42 - M5Trainer - INFO - [Step  1400/4000] Stage B | L=4.8662e-02 (IC=1.823e-01, BC=1.978e-03, PDE=2.884e-01, Qg=2.147e+03) | k=4.95 mD, f=10.0 | Sw=[0.216,0.997] | 37.0s
2026-02-10 00:08:46 - M5Trainer - INFO - [Step  1500/4000] Stage B | L=4.1392e-03 (IC=3.988e-02, BC=2.234e-03, PDE=7.827e-01, Qg=7.594e+02) | k=4.95 mD, f=9.9 | Sw=[0.151,0.996] | 41.4s
2026-02-10 00:08:51 - M5Trainer - INFO - [Step  1600/4000] Stage B | L=1.2765e-03 (IC=2.132e-02, BC=2.025e-04, PDE=2.477e-01, Qg=5.255e+02) | k=4.95 mD, f=9.9 | Sw=[0.217,0.997] | 45.5s
2026-02-10 00:08:55 - M5Trainer - INFO - [Step  1700/4000] Stage B | L=6.2371e-03 (IC=4.951e-02, BC=1.928e-03, PDE=2.565e-01, Qg=8.463e+02) | k=4.94 mD, f=9.9 | Sw=[0.067,0.997] | 49.8s
2026-02-10 00:08:59 - M5Trainer - INFO - [Step  1800/4000] Stage B | L=3.0905e-03 (IC=3.073e-02, BC=7.783e-04, PDE=2.054e-01, Qg=5.701e+02) | k=4.94 mD, f=9.9 | Sw=[0.196,0.998] | 54.0s
2026-02-10 00:09:04 - M5Trainer - INFO - [Step  1900/4000] Stage B | L=1.5174e-02 (IC=3.346e-02, BC=3.461e-04, PDE=1.197e+00, Qg=1.986e+02) | k=4.94 mD, f=9.9 | Sw=[0.322,0.998] | 58.7s
2026-02-10 00:09:08 - M5Trainer - INFO - [Step  2000/4000] Stage C | L=2.6405e-03 (IC=2.892e-02, BC=1.234e-03, PDE=2.541e-01, Qg=2.385e+02) | k=4.93 mD, f=9.9 | Sw=[0.026,0.998] | 62.9s
2026-02-10 00:09:12 - M5Trainer - INFO - [Step  2100/4000] Stage C | L=3.5060e-03 (IC=3.276e-02, BC=7.377e-04, PDE=1.547e-01, Qg=3.104e+02) | k=4.93 mD, f=9.9 | Sw=[0.253,0.997] | 66.9s
2026-02-10 00:09:16 - M5Trainer - INFO - [Step  2200/4000] Stage C | L=2.3613e-03 (IC=2.356e-02, BC=5.424e-05, PDE=1.532e-01, Qg=2.308e+02) | k=4.93 mD, f=9.9 | Sw=[0.280,0.998] | 71.3s
2026-02-10 00:09:21 - M5Trainer - INFO - [Step  2300/4000] Stage C | L=3.6195e-03 (IC=2.778e-02, BC=6.293e-05, PDE=1.567e-01, Qg=1.966e+02) | k=4.93 mD, f=9.9 | Sw=[0.287,0.998] | 75.6s
2026-02-10 00:09:25 - M5Trainer - INFO - [Step  2400/4000] Stage C | L=3.7377e-03 (IC=2.568e-02, BC=4.832e-05, PDE=1.579e-01, Qg=1.716e+02) | k=4.93 mD, f=9.9 | Sw=[0.279,0.999] | 79.9s
2026-02-10 00:09:29 - M5Trainer - INFO - [Step  2500/4000] Stage C | L=2.6375e-03 (IC=1.728e-02, BC=7.975e-05, PDE=1.840e-01, Qg=7.229e+01) | k=4.93 mD, f=9.9 | Sw=[0.244,0.999] | 84.0s
2026-02-10 00:09:33 - M5Trainer - INFO - [Step  2600/4000] Stage C | L=5.6174e-03 (IC=2.733e-02, BC=1.250e-04, PDE=1.627e-01, Qg=2.264e+02) | k=4.93 mD, f=9.9 | Sw=[0.292,0.998] | 88.2s
2026-02-10 00:09:37 - M5Trainer - INFO - [Step  2700/4000] Stage C | L=3.6732e-03 (IC=1.914e-02, BC=4.204e-05, PDE=1.586e-01, Qg=1.348e+02) | k=4.93 mD, f=9.9 | Sw=[0.302,0.998] | 92.5s
2026-02-10 00:09:42 - M5Trainer - INFO - [Step  2800/4000] Stage C | L=4.2597e-03 (IC=1.850e-02, BC=4.861e-05, PDE=1.649e-01, Qg=1.576e+02) | k=4.93 mD, f=9.9 | Sw=[0.286,0.998] | 96.6s
2026-02-10 00:09:46 - M5Trainer - INFO - [Step  2900/4000] Stage C | L=1.2620e-02 (IC=2.653e-02, BC=2.545e-04, PDE=3.200e-01, Qg=9.962e+00) | k=4.93 mD, f=9.9 | Sw=[0.327,0.999] | 101.0s
2026-02-10 00:09:50 - M5Trainer - INFO - [Step  3000/4000] Stage C | L=7.0657e-03 (IC=2.202e-02, BC=3.600e-05, PDE=1.675e-01, Qg=1.282e+02) | k=4.93 mD, f=9.9 | Sw=[0.301,0.998] | 105.5s
2026-02-10 00:09:55 - M5Trainer - INFO - [Step  3100/4000] Stage C | L=6.4766e-03 (IC=1.849e-02, BC=3.075e-05, PDE=1.684e-01, Qg=1.019e+02) | k=4.93 mD, f=9.9 | Sw=[0.312,0.999] | 109.8s
2026-02-10 00:09:59 - M5Trainer - INFO - [Step  3200/4000] Stage D | L=4.8909e-03 (IC=1.387e-02, BC=3.226e-05, PDE=1.687e-01, Qg=1.189e+02) | k=4.93 mD, f=9.9 | Sw=[0.324,0.999] | 114.1s
2026-02-10 00:10:04 - M5Trainer - INFO - [Step  3300/4000] Stage D | L=5.2115e-03 (IC=1.407e-02, BC=3.541e-05, PDE=1.627e-01, Qg=8.401e+01) | k=4.92 mD, f=9.9 | Sw=[0.297,0.999] | 118.8s
2026-02-10 00:10:08 - M5Trainer - INFO - [Step  3400/4000] Stage D | L=9.3833e-03 (IC=2.008e-02, BC=6.946e-05, PDE=1.941e-01, Qg=1.287e+01) | k=4.92 mD, f=9.9 | Sw=[0.320,0.998] | 123.0s
2026-02-10 00:10:12 - M5Trainer - INFO - [Step  3500/4000] Stage D | L=6.8182e-03 (IC=1.126e-02, BC=3.414e-05, PDE=1.839e-01, Qg=5.324e+01) | k=4.92 mD, f=9.9 | Sw=[0.261,0.999] | 127.3s
2026-02-10 00:10:17 - M5Trainer - INFO - [Step  3600/4000] Stage D | L=7.9983e-03 (IC=1.347e-02, BC=4.226e-05, PDE=1.759e-01, Qg=8.480e+01) | k=4.92 mD, f=9.9 | Sw=[0.286,0.999] | 131.6s
2026-02-10 00:10:21 - M5Trainer - INFO - [Step  3700/4000] Stage D | L=7.8086e-03 (IC=1.068e-02, BC=4.555e-05, PDE=1.733e-01, Qg=8.406e+01) | k=4.92 mD, f=9.9 | Sw=[0.295,0.999] | 135.9s
2026-02-10 00:10:25 - M5Trainer - INFO - [Step  3800/4000] Stage D | L=9.6913e-03 (IC=1.323e-02, BC=5.004e-05, PDE=1.729e-01, Qg=8.273e+01) | k=4.92 mD, f=9.9 | Sw=[0.282,0.998] | 140.2s
2026-02-10 00:10:29 - M5Trainer - INFO - [Step  3900/4000] Stage D | L=1.2869e-02 (IC=1.602e-02, BC=5.211e-05, PDE=1.785e-01, Qg=9.714e+01) | k=4.92 mD, f=9.9 | Sw=[0.358,0.998] | 144.4s
2026-02-10 00:10:34 - M5Trainer - INFO - [Step  3999/4000] Stage D | L=2.1781e-02 (IC=2.594e-02, BC=5.399e-05, PDE=1.712e-01, Qg=8.522e+01) | k=4.92 mD, f=9.9 | Sw=[0.289,0.998] | 148.9s
2026-02-10 00:10:34 - M5Trainer - INFO - 
M5 训练完成! 耗时: 148.9s, 最佳损失: 2.0917e-07
2026-02-10 00:10:34 - M5Trainer - INFO - 配置快照已保存: C:\Users\16281\Desktop\cpedc_project\outputs\mk_pinn_dt_v2\resolved_config_m5.json
2026-02-10 00:10:34 - M5Trainer - INFO - 反演参数审计: C:\Users\16281\Desktop\cpedc_project\outputs\mk_pinn_dt_v2\reports\M5_inversion_params.json
2026-02-10 00:10:35 - M5Trainer - INFO -   井 SY9: 1025 条同化数据
2026-02-10 00:10:35 - M5Trainer - INFO -   M3 PVT cg(76.0, 141.39) = 0.009744
2026-02-10 00:10:35 - M5Trainer - INFO -   M3 PVT Bg(76.0, 141.39) = 0.002577
2026-02-10 00:10:35 - M5Trainer - INFO -   PDE 缩放: αx=1.017765, αy=2.546600
2026-02-10 00:10:35 - M5Trainer - INFO - M5Trainer 初始化完成: device=cuda, lr=0.001, max_steps=4000, relobralo=True, rar=True
2026-02-10 00:10:35 - M5Trainer - INFO - ============================================================
2026-02-10 00:10:35 - M5Trainer - INFO - M5 PINN 井—藏耦合同化训练开始
2026-02-10 00:10:35 - M5Trainer - INFO - ============================================================
2026-02-10 00:10:35 - M5Trainer - INFO - 训练阶段: A[0-800] B[800-2000] C[2000-3200] D[3200-4000]
2026-02-10 00:10:35 - M5Trainer - INFO - [Step     0/4000] Stage A | L=3.2856e+02 (IC=2.403e+01, BC=1.765e+01, PDE=0.000e+00, Qg=1.447e+10) | k=5.00 mD, f=10.0 | Sw=[0.202,0.678] | 0.0s
2026-02-10 00:10:36 - M5Trainer - INFO - [Step   100/4000] Stage A | L=8.2253e-01 (IC=5.892e-02, BC=4.667e-02, PDE=0.000e+00, Qg=2.235e+10) | k=5.00 mD, f=10.0 | Sw=[0.085,0.313] | 1.3s
2026-02-10 00:10:37 - M5Trainer - INFO - [Step   200/4000] Stage A | L=3.5078e-05 (IC=9.862e-03, BC=7.025e-03, PDE=0.000e+00, Qg=2.150e+10) | k=5.00 mD, f=10.0 | Sw=[0.139,0.333] | 2.5s
2026-02-10 00:10:39 - M5Trainer - INFO - [Step   300/4000] Stage A | L=2.5769e-06 (IC=2.921e-03, BC=1.142e-03, PDE=0.000e+00, Qg=2.184e+10) | k=5.00 mD, f=10.0 | Sw=[0.153,0.282] | 3.9s
2026-02-10 00:10:40 - M5Trainer - INFO - [Step   400/4000] Stage A | L=4.7189e-05 (IC=8.960e-03, BC=9.722e-03, PDE=0.000e+00, Qg=2.126e+10) | k=5.00 mD, f=10.0 | Sw=[0.135,0.319] | 5.1s
2026-02-10 00:10:41 - M5Trainer - INFO - [Step   500/4000] Stage A | L=3.3764e-04 (IC=2.587e-02, BC=1.585e-02, PDE=0.000e+00, Qg=1.976e+10) | k=5.00 mD, f=10.0 | Sw=[0.148,0.310] | 6.5s
2026-02-10 00:10:42 - M5Trainer - INFO - [Step   600/4000] Stage A | L=2.3189e-06 (IC=1.790e-03, BC=1.528e-03, PDE=0.000e+00, Qg=1.948e+10) | k=5.00 mD, f=10.0 | Sw=[0.171,0.313] | 7.7s
2026-02-10 00:10:44 - M5Trainer - INFO - [Step   700/4000] Stage A | L=2.8290e-06 (IC=1.681e-03, BC=1.757e-03, PDE=0.000e+00, Qg=1.950e+10) | k=5.00 mD, f=10.0 | Sw=[0.133,0.303] | 8.9s
2026-02-10 00:10:45 - M5Trainer - INFO - [Step   800/4000] Stage B | L=1.1459e+10 (IC=8.543e-03, BC=7.202e-03, PDE=0.000e+00, Qg=2.112e+10) | k=5.00 mD, f=10.0 | Sw=[0.143,0.449] | 10.2s
2026-02-10 00:10:49 - M5Trainer - INFO - [Step   900/4000] Stage B | L=1.5638e-02 (IC=2.534e-01, BC=8.066e-03, PDE=2.073e+00, Qg=3.644e+03) | k=4.97 mD, f=10.0 | Sw=[0.055,0.999] | 14.3s
2026-02-10 00:10:53 - M5Trainer - INFO - [Step  1000/4000] Stage B | L=2.4735e-02 (IC=2.157e-01, BC=4.768e-03, PDE=2.130e+00, Qg=2.707e+03) | k=4.96 mD, f=10.0 | Sw=[0.206,0.999] | 18.5s
2026-02-10 00:10:58 - M5Trainer - INFO - [Step  1100/4000] Stage B | L=2.9357e-03 (IC=5.322e-02, BC=4.920e-03, PDE=1.089e+00, Qg=1.566e+03) | k=4.96 mD, f=10.0 | Sw=[0.349,0.994] | 22.8s
2026-02-10 00:11:02 - M5Trainer - INFO - [Step  1200/4000] Stage B | L=1.4106e-03 (IC=3.163e-02, BC=2.457e-03, PDE=4.918e-01, Qg=8.082e+02) | k=4.96 mD, f=10.0 | Sw=[0.209,0.996] | 27.4s
2026-02-10 00:11:06 - M5Trainer - INFO - [Step  1300/4000] Stage B | L=2.1674e-01 (IC=3.938e-01, BC=5.274e-02, PDE=1.677e+00, Qg=9.349e+00) | k=4.96 mD, f=10.0 | Sw=[0.055,0.998] | 31.7s
2026-02-10 00:11:11 - M5Trainer - INFO - [Step  1400/4000] Stage B | L=4.8662e-02 (IC=1.823e-01, BC=1.978e-03, PDE=2.884e-01, Qg=2.147e+03) | k=4.95 mD, f=10.0 | Sw=[0.216,0.997] | 36.1s
2026-02-10 00:11:15 - M5Trainer - INFO - [Step  1500/4000] Stage B | L=4.1392e-03 (IC=3.988e-02, BC=2.234e-03, PDE=7.827e-01, Qg=7.594e+02) | k=4.95 mD, f=9.9 | Sw=[0.151,0.996] | 40.5s
2026-02-10 00:11:20 - M5Trainer - INFO - [Step  1600/4000] Stage B | L=1.2765e-03 (IC=2.132e-02, BC=2.025e-04, PDE=2.477e-01, Qg=5.255e+02) | k=4.95 mD, f=9.9 | Sw=[0.217,0.997] | 44.9s
2026-02-10 00:11:24 - M5Trainer - INFO - [Step  1700/4000] Stage B | L=6.2371e-03 (IC=4.951e-02, BC=1.928e-03, PDE=2.565e-01, Qg=8.463e+02) | k=4.94 mD, f=9.9 | Sw=[0.067,0.997] | 49.3s
2026-02-10 00:11:29 - M5Trainer - INFO - [Step  1800/4000] Stage B | L=3.0905e-03 (IC=3.073e-02, BC=7.783e-04, PDE=2.054e-01, Qg=5.701e+02) | k=4.94 mD, f=9.9 | Sw=[0.196,0.998] | 53.9s
2026-02-10 00:11:34 - M5Trainer - INFO - [Step  1900/4000] Stage B | L=1.5174e-02 (IC=3.346e-02, BC=3.461e-04, PDE=1.197e+00, Qg=1.986e+02) | k=4.94 mD, f=9.9 | Sw=[0.322,0.998] | 58.8s
2026-02-10 00:11:39 - M5Trainer - INFO - [Step  2000/4000] Stage C | L=2.6405e-03 (IC=2.892e-02, BC=1.234e-03, PDE=2.541e-01, Qg=2.385e+02) | k=4.93 mD, f=9.9 | Sw=[0.026,0.998] | 64.1s
2026-02-10 00:11:44 - M5Trainer - INFO - [Step  2100/4000] Stage C | L=3.5060e-03 (IC=3.276e-02, BC=7.377e-04, PDE=1.547e-01, Qg=3.104e+02) | k=4.93 mD, f=9.9 | Sw=[0.253,0.997] | 69.1s
2026-02-10 00:11:49 - M5Trainer - INFO - [Step  2200/4000] Stage C | L=2.3613e-03 (IC=2.356e-02, BC=5.424e-05, PDE=1.532e-01, Qg=2.308e+02) | k=4.93 mD, f=9.9 | Sw=[0.280,0.998] | 74.0s
2026-02-10 00:11:54 - M5Trainer - INFO - [Step  2300/4000] Stage C | L=3.6195e-03 (IC=2.778e-02, BC=6.293e-05, PDE=1.567e-01, Qg=1.966e+02) | k=4.93 mD, f=9.9 | Sw=[0.287,0.998] | 78.8s
2026-02-10 00:11:59 - M5Trainer - INFO - [Step  2400/4000] Stage C | L=3.7377e-03 (IC=2.568e-02, BC=4.832e-05, PDE=1.579e-01, Qg=1.716e+02) | k=4.93 mD, f=9.9 | Sw=[0.279,0.999] | 83.9s
2026-02-10 00:12:04 - M5Trainer - INFO - [Step  2500/4000] Stage C | L=2.6375e-03 (IC=1.728e-02, BC=7.975e-05, PDE=1.840e-01, Qg=7.229e+01) | k=4.93 mD, f=9.9 | Sw=[0.244,0.999] | 88.9s
2026-02-10 00:12:09 - M5Trainer - INFO - [Step  2600/4000] Stage C | L=5.6174e-03 (IC=2.733e-02, BC=1.250e-04, PDE=1.627e-01, Qg=2.264e+02) | k=4.93 mD, f=9.9 | Sw=[0.292,0.998] | 93.9s
2026-02-10 00:12:14 - M5Trainer - INFO - [Step  2700/4000] Stage C | L=3.6732e-03 (IC=1.914e-02, BC=4.204e-05, PDE=1.586e-01, Qg=1.348e+02) | k=4.93 mD, f=9.9 | Sw=[0.302,0.998] | 98.8s
2026-02-10 00:12:18 - M5Trainer - INFO - [Step  2800/4000] Stage C | L=4.2597e-03 (IC=1.850e-02, BC=4.861e-05, PDE=1.649e-01, Qg=1.576e+02) | k=4.93 mD, f=9.9 | Sw=[0.286,0.998] | 103.6s
2026-02-10 00:12:23 - M5Trainer - INFO - [Step  2900/4000] Stage C | L=1.2620e-02 (IC=2.653e-02, BC=2.545e-04, PDE=3.200e-01, Qg=9.962e+00) | k=4.93 mD, f=9.9 | Sw=[0.327,0.999] | 108.3s
2026-02-10 00:12:28 - M5Trainer - INFO - [Step  3000/4000] Stage C | L=7.0657e-03 (IC=2.202e-02, BC=3.600e-05, PDE=1.675e-01, Qg=1.282e+02) | k=4.93 mD, f=9.9 | Sw=[0.301,0.998] | 113.1s
2026-02-10 00:12:33 - M5Trainer - INFO - [Step  3100/4000] Stage C | L=6.4766e-03 (IC=1.849e-02, BC=3.075e-05, PDE=1.684e-01, Qg=1.019e+02) | k=4.93 mD, f=9.9 | Sw=[0.312,0.999] | 117.8s
2026-02-10 00:12:37 - M5Trainer - INFO - [Step  3200/4000] Stage D | L=4.8909e-03 (IC=1.387e-02, BC=3.226e-05, PDE=1.687e-01, Qg=1.189e+02) | k=4.93 mD, f=9.9 | Sw=[0.324,0.999] | 122.7s
2026-02-10 00:12:42 - M5Trainer - INFO - [Step  3300/4000] Stage D | L=5.2115e-03 (IC=1.407e-02, BC=3.541e-05, PDE=1.627e-01, Qg=8.401e+01) | k=4.92 mD, f=9.9 | Sw=[0.297,0.999] | 127.6s
2026-02-10 00:12:47 - M5Trainer - INFO - [Step  3400/4000] Stage D | L=9.3833e-03 (IC=2.008e-02, BC=6.946e-05, PDE=1.941e-01, Qg=1.287e+01) | k=4.92 mD, f=9.9 | Sw=[0.320,0.998] | 132.3s
2026-02-10 00:12:52 - M5Trainer - INFO - [Step  3500/4000] Stage D | L=6.8182e-03 (IC=1.126e-02, BC=3.414e-05, PDE=1.839e-01, Qg=5.324e+01) | k=4.92 mD, f=9.9 | Sw=[0.261,0.999] | 136.8s
2026-02-10 00:12:56 - M5Trainer - INFO - [Step  3600/4000] Stage D | L=7.9983e-03 (IC=1.347e-02, BC=4.226e-05, PDE=1.759e-01, Qg=8.480e+01) | k=4.92 mD, f=9.9 | Sw=[0.286,0.999] | 141.4s
2026-02-10 00:13:01 - M5Trainer - INFO - [Step  3700/4000] Stage D | L=7.8086e-03 (IC=1.068e-02, BC=4.555e-05, PDE=1.733e-01, Qg=8.406e+01) | k=4.92 mD, f=9.9 | Sw=[0.295,0.999] | 145.9s
2026-02-10 00:13:05 - M5Trainer - INFO - [Step  3800/4000] Stage D | L=9.6913e-03 (IC=1.323e-02, BC=5.004e-05, PDE=1.729e-01, Qg=8.273e+01) | k=4.92 mD, f=9.9 | Sw=[0.282,0.998] | 150.3s
2026-02-10 00:13:09 - M5Trainer - INFO - [Step  3900/4000] Stage D | L=1.2869e-02 (IC=1.602e-02, BC=5.211e-05, PDE=1.785e-01, Qg=9.714e+01) | k=4.92 mD, f=9.9 | Sw=[0.358,0.998] | 154.6s
2026-02-10 00:13:14 - M5Trainer - INFO - [Step  3999/4000] Stage D | L=2.1781e-02 (IC=2.594e-02, BC=5.399e-05, PDE=1.712e-01, Qg=8.522e+01) | k=4.92 mD, f=9.9 | Sw=[0.289,0.998] | 158.9s
2026-02-10 00:13:14 - M5Trainer - INFO - 
M5 训练完成! 耗时: 158.9s, 最佳损失: 2.0917e-07
2026-02-10 00:13:14 - M5Trainer - INFO - 配置快照已保存: C:\Users\16281\Desktop\cpedc_project\outputs\mk_pinn_dt_v2\resolved_config_m5.json
2026-02-10 00:13:14 - M5Trainer - INFO - 反演参数审计: C:\Users\16281\Desktop\cpedc_project\outputs\mk_pinn_dt_v2\reports\M5_inversion_params.json
