2026-02-23 00:57:08 - M5Trainer - INFO -   torch.compile 已跳过 (Triton 不支持 Windows, 使用 eager 模式)
2026-02-23 00:57:08 - M5Trainer - INFO - k_frac 独立参数组: lr=2.00e-03 (factor=2.0)
2026-02-23 00:57:08 - M5Trainer - INFO -   [v3.14] Corey 指数可学习: ng₀=1.0846, nw₀=4.4071 (SY13 拟合先验, lr_factor=1.0)
2026-02-23 00:57:09 - M5Trainer - INFO -   [v3.14] well_model.relperm = loss_fn.relperm (共享实例)
2026-02-23 00:57:09 - M5Trainer - INFO - k_net 学习率: 1.00e-04 (factor=0.1, warmup=2000 steps)
2026-02-23 00:57:09 - M5Trainer - INFO -   井 SY9: 1332 条同化数据 (train=799, val=266, test=267)
    开井点数 (q>1): train=745, val=88, test=121
    有效压力点: val_p=109, test_p=121
2026-02-23 00:57:09 - M5Trainer - INFO -   train time window(norm): [0.0000, 0.5995]
2026-02-23 00:57:09 - M5Trainer - INFO -   well_h[SY9] = 48.4 m (有效储厚)
2026-02-23 00:57:09 - M5Trainer - INFO -   well_h[SY13] = 41.6 m (有效储厚)
2026-02-23 00:57:09 - M5Trainer - INFO -   well_h[SY201] = 37.9 m (有效储厚)
2026-02-23 00:57:09 - M5Trainer - INFO -   well_h[SY101] = 41.7 m (有效储厚)
2026-02-23 00:57:09 - M5Trainer - INFO -   well_h[SY102] = 45.4 m (有效储厚)
2026-02-23 00:57:09 - M5Trainer - INFO -   well_h[SY116] = 39.3 m (有效储厚)
2026-02-23 00:57:09 - M5Trainer - INFO -   well_h[SYX211] = 6.0 m (有效储厚)
2026-02-23 00:57:09 - M5Trainer - INFO -   M3 PVT cg(76.0, 140.32) = 0.009744
2026-02-23 00:57:09 - M5Trainer - INFO -   M3 PVT Bg(76.0, 140.32) = 0.002577
2026-02-23 00:57:09 - M5Trainer - INFO -   PDE 缩放: αx=0.101777, αy=0.254660
2026-02-23 00:57:09 - M5Trainer - INFO - M5Trainer 初始化完成: device=cuda, lr=0.001, max_steps=20000, relobralo=True, rar=True
2026-02-23 00:57:09 - M5Trainer - INFO - ============================================================
2026-02-23 00:57:09 - M5Trainer - INFO - M5 PINN 井—藏耦合同化训练开始
2026-02-23 00:57:09 - M5Trainer - INFO - ============================================================
2026-02-23 00:57:09 - M5Trainer - INFO -   阶段权重已被 config 覆盖 (train.stages 或 training_stages.stage_*.weights)
2026-02-23 00:57:09 - M5Trainer - INFO - 训练阶段: A[0-2000] B[2000-9600] C[9600-15600] D[15600-20000]
2026-02-23 00:57:09 - M5Trainer - INFO -   qg_nearzero 权重: A=3.0, B=6.0->9.0, C=12.0, D=3.0, enable=True
2026-02-23 00:57:09 - M5Trainer - INFO - --- M5 单位/量纲诊断 (train 第 1 步前) ---
2026-02-23 00:57:09 - M5Trainer - INFO -   qg_obs 范围: 0.00e+00 ~ 8.39e+05 m³/d, 均值: 2.97e+05 m³/d
2026-02-23 00:57:09 - M5Trainer - INFO -   qg_pred 范围: 1.50e+05 ~ 1.53e+05
2026-02-23 00:57:09 - M5Trainer - INFO -   p_wf 范围: 7.43e+01 ~ 7.43e+01 MPa
2026-02-23 00:57:09 - M5Trainer - INFO -   p_field @ well: 7.50e+01 MPa
2026-02-23 00:57:09 - M5Trainer - INFO -   k_frac = 8.0000 mD
2026-02-23 00:57:09 - M5Trainer - INFO -   WI_raw = 3.352697e-13 [检查单位]
2026-02-23 00:57:09 - M5Trainer - INFO -   dp_wellbore = 13.30 MPa
2026-02-23 00:57:09 - M5Trainer - INFO -   Bg_ref = 2.576898e-03
2026-02-23 00:57:09 - M5Trainer - INFO -   qg_obs 范围: 0.00e+00 ~ 8.39e+05 m³/d
2026-02-23 00:57:09 - M5Trainer - INFO -   qg_obs 中位数 = 3.07e+05 m³/d
2026-02-23 00:57:09 - M5Trainer - INFO -   ✅ v9: PDE源项已升级为时变 source(x,y,t) = qg_obs(t) * kernel(x,y)
2026-02-23 00:57:09 - M5Trainer - INFO -   ✅ 每个PDE配点使用其时刻对应的真实观测产量（线性插值）
2026-02-23 00:57:09 - M5Trainer - INFO - --- 诊断结束 ---
2026-02-23 00:57:09 - M5Trainer - INFO -   [v3.13] Stage A+B 冻结 k_frac=8.0000 mD (Stage C 解冻)
2026-02-23 00:57:09 - M5Trainer - INFO -   [v3.14] Stage A+B 冻结 ng=1.0846, nw=4.4071 (Stage C 解冻)
2026-02-23 00:57:09 - M5Trainer - INFO -   [shape] SY9: qg pred=(1332, 1) vs obs=(1332, 1), p_wf pred=(1332, 1) vs p_obs=(1332, 1)
2026-02-23 00:57:09 - M5Trainer - WARNING -   ⚠️ k_eff_mD.grad 为 None 或零! 可辨识性可能受损
2026-02-23 00:57:09 - M5Trainer - INFO -   ✅ k_net: 18 组参数收到梯度
2026-02-23 00:57:09 - M5Trainer - INFO -   [梯度验收] SY9: qg_obs range=[0.0, 838700.0]
2026-02-23 00:57:09 - M5Trainer - INFO -   [Sw监控] SY9: Sw=[0.2600, 0.2600, 0.2600], krg_min=6.751000e-01
2026-02-23 00:57:09 - M5Trainer - INFO - [Step     0/20000] Stage A | L=4.8244e+02 (IC=1.012e+00, BC=1.000e+00, PDE=1.611e+06, Qg=1.289e+00, Qz=1.872e-02, Sd=3.587e-01, SQg=1.463e-07, SwB=0.000e+00) | k_frac=8.0000 mD, dp=13.30 MPa | ng=1.085, nw=4.407 | Sw=[0.260,0.260] | 0.6s
2026-02-23 00:57:09 - M5Trainer - INFO -   [k_frac诊断] grad=None, k_frac=8.000001 mD
2026-02-23 00:57:22 - M5Trainer - INFO - [Step   100/20000] Stage A | L=3.3156e+02 (IC=2.401e-02, BC=1.995e-02, PDE=1.989e+06, Qg=1.205e+00, Qz=1.982e-02, Sd=3.995e-01, SQg=5.855e-06, SwB=0.000e+00) | k_frac=8.0000 mD, dp=13.30 MPa | ng=1.085, nw=4.407 | Sw=[0.260,0.260] | 13.8s
2026-02-23 00:57:35 - M5Trainer - INFO -   [梯度验收] SY9: qg_obs range=[0.0, 838700.0]
2026-02-23 00:57:35 - M5Trainer - INFO - [Step   200/20000] Stage A | L=2.2058e+02 (IC=5.459e-02, BC=9.943e-03, PDE=1.739e+06, Qg=4.964e-01, Qz=5.279e-02, Sd=1.173e+00, SQg=7.426e-04, SwB=0.000e+00) | k_frac=8.0000 mD, dp=13.30 MPa | ng=1.085, nw=4.407 | Sw=[0.260,0.260] | 26.7s
2026-02-23 00:57:49 - M5Trainer - INFO - [Step   300/20000] Stage A | L=3.8374e+02 (IC=3.322e-02, BC=8.773e-03, PDE=1.922e+06, Qg=4.016e-01, Qz=8.848e-02, Sd=1.995e+00, SQg=1.346e-03, SwB=0.000e+00) | k_frac=8.0000 mD, dp=13.30 MPa | ng=1.085, nw=4.407 | Sw=[0.260,0.260] | 40.2s
2026-02-23 00:58:02 - M5Trainer - INFO -   [梯度验收] SY9: qg_obs range=[0.0, 838700.0]
2026-02-23 00:58:02 - M5Trainer - INFO - [Step   400/20000] Stage A | L=3.9124e+02 (IC=1.851e-02, BC=7.401e-03, PDE=1.875e+06, Qg=3.687e-01, Qz=1.024e-01, Sd=2.279e+00, SQg=1.176e-03, SwB=0.000e+00) | k_frac=8.0000 mD, dp=13.30 MPa | ng=1.085, nw=4.407 | Sw=[0.260,0.260] | 53.7s
2026-02-23 00:58:17 - M5Trainer - INFO -   [Sw监控] SY9: Sw=[0.2600, 0.2600, 0.2600], krg_min=6.751000e-01
2026-02-23 00:58:17 - M5Trainer - INFO - [Step   500/20000] Stage A | L=2.2770e+02 (IC=3.361e-01, BC=5.346e-01, PDE=1.423e+06, Qg=3.421e-01, Qz=1.180e-01, Sd=2.586e+00, SQg=1.116e-03, SwB=0.000e+00) | k_frac=8.0000 mD, dp=13.30 MPa | ng=1.085, nw=4.407 | Sw=[0.260,0.260] | 68.0s
2026-02-23 00:58:17 - M5Trainer - INFO -   [k_frac诊断] grad=None, k_frac=8.000001 mD
2026-02-23 00:58:30 - M5Trainer - INFO -   [梯度验收] SY9: qg_obs range=[0.0, 838700.0]
2026-02-23 00:58:30 - M5Trainer - INFO - [Step   600/20000] Stage A | L=2.7998e+02 (IC=5.992e-02, BC=1.742e-02, PDE=1.403e+06, Qg=3.358e-01, Qz=9.725e-02, Sd=2.068e+00, SQg=1.657e-03, SwB=0.000e+00) | k_frac=8.0000 mD, dp=13.30 MPa | ng=1.085, nw=4.407 | Sw=[0.260,0.260] | 81.7s
2026-02-23 00:58:44 - M5Trainer - INFO - [Step   700/20000] Stage A | L=3.3204e+02 (IC=2.643e-01, BC=2.450e-01, PDE=1.652e+06, Qg=3.284e-01, Qz=7.428e-02, Sd=1.521e+00, SQg=2.844e-03, SwB=0.000e+00) | k_frac=8.0000 mD, dp=13.30 MPa | ng=1.085, nw=4.407 | Sw=[0.260,0.260] | 95.1s
2026-02-23 00:58:57 - M5Trainer - INFO -   [梯度验收] SY9: qg_obs range=[0.0, 838700.0]
2026-02-23 00:58:57 - M5Trainer - INFO - [Step   800/20000] Stage A | L=3.7805e+02 (IC=2.920e-02, BC=8.312e-03, PDE=1.520e+06, Qg=3.199e-01, Qz=4.103e-02, Sd=7.856e-01, SQg=4.613e-03, SwB=0.000e+00) | k_frac=8.0000 mD, dp=13.30 MPa | ng=1.085, nw=4.407 | Sw=[0.260,0.260] | 108.4s
2026-02-23 00:59:10 - M5Trainer - INFO - [Step   900/20000] Stage A | L=3.2748e+02 (IC=7.615e-02, BC=5.752e-02, PDE=1.312e+06, Qg=3.115e-01, Qz=1.324e-02, Sd=2.113e-01, SQg=7.472e-03, SwB=0.000e+00) | k_frac=8.0000 mD, dp=13.30 MPa | ng=1.085, nw=4.407 | Sw=[0.260,0.260] | 121.6s
2026-02-23 00:59:25 - M5Trainer - INFO -   [梯度验收] SY9: qg_obs range=[0.0, 838700.0]
2026-02-23 00:59:25 - M5Trainer - INFO -   [Sw监控] SY9: Sw=[0.2600, 0.2600, 0.2600], krg_min=6.751000e-01
2026-02-23 00:59:25 - M5Trainer - INFO - [Step  1000/20000] Stage A | L=2.8026e+02 (IC=2.510e-02, BC=1.022e-02, PDE=1.135e+06, Qg=3.105e-01, Qz=8.770e-03, Sd=1.273e-01, SQg=8.426e-03, SwB=0.000e+00) | k_frac=8.0000 mD, dp=13.30 MPa | ng=1.085, nw=4.407 | Sw=[0.260,0.260] | 136.1s
2026-02-23 00:59:25 - M5Trainer - INFO -   [k_frac诊断] grad=None, k_frac=8.000001 mD
2026-02-23 00:59:40 - M5Trainer - INFO - [Step  1100/20000] Stage A | L=3.3998e+02 (IC=6.134e-02, BC=4.752e-02, PDE=1.293e+06, Qg=3.108e-01, Qz=6.980e-03, Sd=9.532e-02, SQg=8.819e-03, SwB=0.000e+00) | k_frac=8.0000 mD, dp=13.30 MPa | ng=1.085, nw=4.407 | Sw=[0.260,0.260] | 151.7s
2026-02-23 00:59:57 - M5Trainer - INFO -   [梯度验收] SY9: qg_obs range=[0.0, 838700.0]
2026-02-23 00:59:57 - M5Trainer - INFO - [Step  1200/20000] Stage A | L=3.7713e+02 (IC=1.080e-01, BC=5.412e-02, PDE=1.432e+06, Qg=3.167e-01, Qz=6.263e-03, Sd=8.220e-02, SQg=1.023e-02, SwB=0.000e+00) | k_frac=8.0000 mD, dp=13.30 MPa | ng=1.085, nw=4.407 | Sw=[0.260,0.260] | 168.5s
2026-02-23 01:00:13 - M5Trainer - INFO - [Step  1300/20000] Stage A | L=2.8679e+02 (IC=7.752e-02, BC=8.094e-02, PDE=1.189e+06, Qg=3.101e-01, Qz=4.495e-03, Sd=5.240e-02, SQg=1.032e-02, SwB=0.000e+00) | k_frac=8.0000 mD, dp=13.30 MPa | ng=1.085, nw=4.407 | Sw=[0.260,0.260] | 184.8s
2026-02-23 01:00:27 - M5Trainer - INFO -   [梯度验收] SY9: qg_obs range=[0.0, 838700.0]
2026-02-23 01:00:27 - M5Trainer - INFO - [Step  1400/20000] Stage A | L=3.2739e+02 (IC=4.216e-02, BC=1.823e-02, PDE=1.223e+06, Qg=3.086e-01, Qz=3.478e-03, Sd=3.606e-02, SQg=1.070e-02, SwB=0.000e+00) | k_frac=8.0000 mD, dp=13.30 MPa | ng=1.085, nw=4.407 | Sw=[0.260,0.260] | 198.6s
2026-02-23 01:00:41 - M5Trainer - INFO -   [Sw监控] SY9: Sw=[0.2600, 0.2600, 0.2600], krg_min=6.751000e-01
2026-02-23 01:00:41 - M5Trainer - INFO - [Step  1500/20000] Stage A | L=3.1785e+02 (IC=4.245e-02, BC=3.016e-02, PDE=1.184e+06, Qg=3.089e-01, Qz=2.930e-03, Sd=2.797e-02, SQg=1.048e-02, SwB=0.000e+00) | k_frac=8.0000 mD, dp=13.30 MPa | ng=1.085, nw=4.407 | Sw=[0.260,0.260] | 212.2s
2026-02-23 01:00:41 - M5Trainer - INFO -   [k_frac诊断] grad=None, k_frac=8.000001 mD
2026-02-23 01:00:55 - M5Trainer - INFO -   [梯度验收] SY9: qg_obs range=[0.0, 838700.0]
2026-02-23 01:00:55 - M5Trainer - INFO - [Step  1600/20000] Stage A | L=3.1349e+02 (IC=4.136e-02, BC=2.510e-02, PDE=1.175e+06, Qg=3.075e-01, Qz=3.483e-03, Sd=3.598e-02, SQg=1.037e-02, SwB=0.000e+00) | k_frac=8.0000 mD, dp=13.30 MPa | ng=1.085, nw=4.407 | Sw=[0.260,0.260] | 226.4s
2026-02-23 01:01:09 - M5Trainer - INFO - [Step  1700/20000] Stage A | L=2.9231e+02 (IC=4.312e-02, BC=3.446e-02, PDE=1.132e+06, Qg=3.059e-01, Qz=3.093e-03, Sd=3.023e-02, SQg=1.089e-02, SwB=0.000e+00) | k_frac=8.0000 mD, dp=13.30 MPa | ng=1.085, nw=4.407 | Sw=[0.260,0.260] | 240.5s
2026-02-23 01:01:23 - M5Trainer - INFO -   [梯度验收] SY9: qg_obs range=[0.0, 838700.0]
2026-02-23 01:01:23 - M5Trainer - INFO - [Step  1800/20000] Stage A | L=2.9755e+02 (IC=7.878e-02, BC=7.196e-02, PDE=1.221e+06, Qg=3.030e-01, Qz=3.635e-03, Sd=3.829e-02, SQg=1.053e-02, SwB=0.000e+00) | k_frac=8.0000 mD, dp=13.30 MPa | ng=1.085, nw=4.407 | Sw=[0.260,0.260] | 254.3s
2026-02-23 01:01:38 - M5Trainer - INFO - [Step  1900/20000] Stage A | L=3.1345e+02 (IC=8.819e-02, BC=7.479e-02, PDE=1.273e+06, Qg=3.149e-01, Qz=4.674e-03, Sd=5.439e-02, SQg=1.169e-02, SwB=0.000e+00) | k_frac=8.0000 mD, dp=13.30 MPa | ng=1.085, nw=4.407 | Sw=[0.260,0.260] | 269.3s
2026-02-23 01:01:54 - M5Trainer - INFO -   [Sw监控] SY9: Sw=[0.2600, 0.2600, 0.2600], krg_min=6.751000e-01
2026-02-23 01:01:54 - M5Trainer - INFO - [Step  2000/20000] Stage B | L=6.2812e+02 (IC=4.835e-02, BC=4.781e-02, PDE=1.209e+06, Qg=2.995e-01, Qz=4.651e-03, Sd=5.379e-02, SQg=1.048e-02, SwB=0.000e+00) | k_frac=8.0000 mD, dp=13.30 MPa | ng=1.085, nw=4.407 | Sw=[0.260,0.260] | 285.0s
2026-02-23 01:01:54 - M5Trainer - INFO -   [k_frac诊断] grad=None, k_frac=8.000001 mD
2026-02-23 01:02:09 - M5Trainer - INFO - [Step  2100/20000] Stage B | L=4.9453e+02 (IC=6.452e-02, BC=5.117e-02, PDE=1.033e+06, Qg=2.866e-01, Qz=5.003e-03, Sd=5.944e-02, SQg=1.057e-02, SwB=0.000e+00) | k_frac=8.0000 mD, dp=13.30 MPa | ng=1.085, nw=4.407 | Sw=[0.260,0.260] | 300.4s
