2026-02-14 23:28:52 - M5Trainer - INFO -   torch.compile 已跳过 (Triton 不支持 Windows, 使用 eager 模式)
2026-02-14 23:28:52 - M5Trainer - INFO - k_frac 独立参数组: lr=1.00e-02 (factor=10.0)
2026-02-14 23:28:54 - M5Trainer - INFO - k_net 学习率: 1.00e-04 (factor=0.1, warmup=2000 steps)
2026-02-14 23:28:54 - M5Trainer - INFO -   井 SY9: 1025 条同化数据
2026-02-14 23:28:54 - M5Trainer - INFO -   M3 PVT cg(76.0, 140.32) = 0.009744
2026-02-14 23:28:54 - M5Trainer - INFO -   M3 PVT Bg(76.0, 140.32) = 0.002577
2026-02-14 23:28:54 - M5Trainer - INFO -   PDE 缩放: αx=0.029719, αy=0.074361
2026-02-14 23:28:54 - M5Trainer - INFO - M5Trainer 初始化完成: device=cuda, lr=0.001, max_steps=2000, relobralo=True, rar=True
2026-02-14 23:28:54 - M5Trainer - INFO - ============================================================
2026-02-14 23:28:54 - M5Trainer - INFO - M5 PINN 井—藏耦合同化训练开始
2026-02-14 23:28:54 - M5Trainer - INFO - ============================================================
2026-02-14 23:28:54 - M5Trainer - INFO - 训练阶段: A[0-200] B[200-700] C[700-1400] D[1400-2000]
2026-02-14 23:28:54 - M5Trainer - INFO - --- M5 单位/量纲诊断 (train 第 1 步前) ---
2026-02-14 23:28:54 - M5Trainer - INFO -   qg_obs 范围: 0.00e+00 ~ 8.39e+05 m³/d, 均值: 3.86e+05 m³/d
2026-02-14 23:28:54 - M5Trainer - INFO -   qg_pred 范围: 1.20e+07 ~ 1.20e+07
2026-02-14 23:28:54 - M5Trainer - INFO -   p_wf 范围: 5.34e+01 ~ 5.35e+01 MPa
2026-02-14 23:28:54 - M5Trainer - INFO -   p_field @ well: 7.50e+01 MPa
2026-02-14 23:28:54 - M5Trainer - INFO -   k_frac = 5.4020 mD
2026-02-14 23:28:54 - M5Trainer - INFO -   WI_raw = 4.309845e-13 [检查单位]
2026-02-14 23:28:54 - M5Trainer - INFO -   dp_wellbore = 12.00 MPa
2026-02-14 23:28:54 - M5Trainer - INFO -   Bg_ref = 2.576898e-03
2026-02-14 23:28:54 - M5Trainer - INFO - --- 诊断结束 ---
2026-02-14 23:28:54 - M5Trainer - INFO -   [shape] SY9: qg pred=(1025, 1) vs obs=(1025, 1), p_wf pred=(1025, 1) vs p_obs=(1025, 1)
2026-02-14 23:28:55 - M5Trainer - INFO -   ✅ k_frac_mD.grad = 4.091729e+00 (PDE梯度贯通)
2026-02-14 23:28:55 - M5Trainer - INFO -   ✅ k_net: 18 组参数收到梯度
2026-02-14 23:28:55 - M5Trainer - INFO -   [梯度验收] SY9: qg_obs range=[0.0, 838700.0]
2026-02-14 23:28:55 - M5Trainer - INFO -   [Sw监控] SY9: Sw=[0.2600, 0.2600, 0.2600], krg_min=6.751000e-01
2026-02-14 23:28:55 - M5Trainer - INFO - [Step     0/2000] Stage A | L=1.5879e+07 (IC=1.000e+00, BC=1.000e+00, PDE=1.587e+09, Qg=4.036e+03, SwB=0.000e+00) | k_frac=5.4015 mD, dp=12.00 MPa | Sw=[0.260,0.260] | 1.0s
2026-02-14 23:28:55 - M5Trainer - INFO -   [k_frac诊断] grad=4.0917e+00, k_frac=5.401474 mD
2026-02-14 23:28:55 - M5Trainer - INFO -   [shape] SY9: qg pred=(1025, 1) vs obs=(1025, 1), p_wf pred=(1025, 1) vs p_obs=(1025, 1)
2026-02-14 23:28:55 - M5Trainer - INFO -   [shape] SY9: qg pred=(1025, 1) vs obs=(1025, 1), p_wf pred=(1025, 1) vs p_obs=(1025, 1)
2026-02-14 23:28:55 - M5Trainer - INFO -   [shape] SY9: qg pred=(1025, 1) vs obs=(1025, 1), p_wf pred=(1025, 1) vs p_obs=(1025, 1)
2026-02-14 23:28:55 - M5Trainer - INFO -   [shape] SY9: qg pred=(1025, 1) vs obs=(1025, 1), p_wf pred=(1025, 1) vs p_obs=(1025, 1)
2026-02-14 23:28:56 - M5Trainer - INFO -   [shape] SY9: qg pred=(1025, 1) vs obs=(1025, 1), p_wf pred=(1025, 1) vs p_obs=(1025, 1)
2026-02-14 23:28:56 - M5Trainer - INFO -   [shape] SY9: qg pred=(1025, 1) vs obs=(1025, 1), p_wf pred=(1025, 1) vs p_obs=(1025, 1)
2026-02-14 23:28:56 - M5Trainer - INFO -   [shape] SY9: qg pred=(1025, 1) vs obs=(1025, 1), p_wf pred=(1025, 1) vs p_obs=(1025, 1)
2026-02-14 23:28:56 - M5Trainer - INFO -   [shape] SY9: qg pred=(1025, 1) vs obs=(1025, 1), p_wf pred=(1025, 1) vs p_obs=(1025, 1)
2026-02-14 23:28:56 - M5Trainer - INFO -   [shape] SY9: qg pred=(1025, 1) vs obs=(1025, 1), p_wf pred=(1025, 1) vs p_obs=(1025, 1)
2026-02-14 23:28:57 - M5Trainer - INFO -   [shape] SY9: qg pred=(1025, 1) vs obs=(1025, 1), p_wf pred=(1025, 1) vs p_obs=(1025, 1)
2026-02-14 23:28:57 - M5Trainer - INFO -   [shape] SY9: qg pred=(1025, 1) vs obs=(1025, 1), p_wf pred=(1025, 1) vs p_obs=(1025, 1)
2026-02-14 23:28:57 - M5Trainer - INFO -   [shape] SY9: qg pred=(1025, 1) vs obs=(1025, 1), p_wf pred=(1025, 1) vs p_obs=(1025, 1)
2026-02-14 23:28:57 - M5Trainer - INFO -   [shape] SY9: qg pred=(1025, 1) vs obs=(1025, 1), p_wf pred=(1025, 1) vs p_obs=(1025, 1)
2026-02-14 23:28:57 - M5Trainer - INFO -   [shape] SY9: qg pred=(1025, 1) vs obs=(1025, 1), p_wf pred=(1025, 1) vs p_obs=(1025, 1)
2026-02-14 23:28:58 - M5Trainer - INFO -   [shape] SY9: qg pred=(1025, 1) vs obs=(1025, 1), p_wf pred=(1025, 1) vs p_obs=(1025, 1)
2026-02-14 23:28:58 - M5Trainer - INFO -   [shape] SY9: qg pred=(1025, 1) vs obs=(1025, 1), p_wf pred=(1025, 1) vs p_obs=(1025, 1)
2026-02-14 23:28:58 - M5Trainer - INFO -   [shape] SY9: qg pred=(1025, 1) vs obs=(1025, 1), p_wf pred=(1025, 1) vs p_obs=(1025, 1)
2026-02-14 23:28:58 - M5Trainer - INFO -   [shape] SY9: qg pred=(1025, 1) vs obs=(1025, 1), p_wf pred=(1025, 1) vs p_obs=(1025, 1)
2026-02-14 23:28:58 - M5Trainer - INFO -   [shape] SY9: qg pred=(1025, 1) vs obs=(1025, 1), p_wf pred=(1025, 1) vs p_obs=(1025, 1)
2026-02-14 23:28:58 - M5Trainer - INFO -   [shape] SY9: qg pred=(1025, 1) vs obs=(1025, 1), p_wf pred=(1025, 1) vs p_obs=(1025, 1)
2026-02-14 23:28:59 - M5Trainer - INFO -   [shape] SY9: qg pred=(1025, 1) vs obs=(1025, 1), p_wf pred=(1025, 1) vs p_obs=(1025, 1)
2026-02-14 23:28:59 - M5Trainer - INFO -   [shape] SY9: qg pred=(1025, 1) vs obs=(1025, 1), p_wf pred=(1025, 1) vs p_obs=(1025, 1)
2026-02-14 23:28:59 - M5Trainer - INFO -   [shape] SY9: qg pred=(1025, 1) vs obs=(1025, 1), p_wf pred=(1025, 1) vs p_obs=(1025, 1)
2026-02-14 23:28:59 - M5Trainer - INFO -   [shape] SY9: qg pred=(1025, 1) vs obs=(1025, 1), p_wf pred=(1025, 1) vs p_obs=(1025, 1)
2026-02-14 23:28:59 - M5Trainer - INFO -   [shape] SY9: qg pred=(1025, 1) vs obs=(1025, 1), p_wf pred=(1025, 1) vs p_obs=(1025, 1)
2026-02-14 23:29:00 - M5Trainer - INFO -   [shape] SY9: qg pred=(1025, 1) vs obs=(1025, 1), p_wf pred=(1025, 1) vs p_obs=(1025, 1)
2026-02-14 23:29:00 - M5Trainer - INFO -   [shape] SY9: qg pred=(1025, 1) vs obs=(1025, 1), p_wf pred=(1025, 1) vs p_obs=(1025, 1)
2026-02-14 23:29:00 - M5Trainer - INFO -   [shape] SY9: qg pred=(1025, 1) vs obs=(1025, 1), p_wf pred=(1025, 1) vs p_obs=(1025, 1)
2026-02-14 23:29:00 - M5Trainer - INFO -   [shape] SY9: qg pred=(1025, 1) vs obs=(1025, 1), p_wf pred=(1025, 1) vs p_obs=(1025, 1)
2026-02-14 23:29:00 - M5Trainer - INFO -   [shape] SY9: qg pred=(1025, 1) vs obs=(1025, 1), p_wf pred=(1025, 1) vs p_obs=(1025, 1)
2026-02-14 23:29:01 - M5Trainer - INFO -   [shape] SY9: qg pred=(1025, 1) vs obs=(1025, 1), p_wf pred=(1025, 1) vs p_obs=(1025, 1)
2026-02-14 23:29:01 - M5Trainer - INFO -   [shape] SY9: qg pred=(1025, 1) vs obs=(1025, 1), p_wf pred=(1025, 1) vs p_obs=(1025, 1)
2026-02-14 23:29:01 - M5Trainer - INFO -   [shape] SY9: qg pred=(1025, 1) vs obs=(1025, 1), p_wf pred=(1025, 1) vs p_obs=(1025, 1)
2026-02-14 23:29:01 - M5Trainer - INFO -   [shape] SY9: qg pred=(1025, 1) vs obs=(1025, 1), p_wf pred=(1025, 1) vs p_obs=(1025, 1)
2026-02-14 23:29:02 - M5Trainer - INFO -   [shape] SY9: qg pred=(1025, 1) vs obs=(1025, 1), p_wf pred=(1025, 1) vs p_obs=(1025, 1)
2026-02-14 23:29:02 - M5Trainer - INFO -   [shape] SY9: qg pred=(1025, 1) vs obs=(1025, 1), p_wf pred=(1025, 1) vs p_obs=(1025, 1)
2026-02-14 23:29:02 - M5Trainer - INFO -   [shape] SY9: qg pred=(1025, 1) vs obs=(1025, 1), p_wf pred=(1025, 1) vs p_obs=(1025, 1)
2026-02-14 23:29:02 - M5Trainer - INFO -   [shape] SY9: qg pred=(1025, 1) vs obs=(1025, 1), p_wf pred=(1025, 1) vs p_obs=(1025, 1)
2026-02-14 23:29:03 - M5Trainer - INFO -   [shape] SY9: qg pred=(1025, 1) vs obs=(1025, 1), p_wf pred=(1025, 1) vs p_obs=(1025, 1)
2026-02-14 23:29:03 - M5Trainer - INFO -   [shape] SY9: qg pred=(1025, 1) vs obs=(1025, 1), p_wf pred=(1025, 1) vs p_obs=(1025, 1)
2026-02-14 23:29:03 - M5Trainer - INFO -   [shape] SY9: qg pred=(1025, 1) vs obs=(1025, 1), p_wf pred=(1025, 1) vs p_obs=(1025, 1)
2026-02-14 23:29:03 - M5Trainer - INFO -   [shape] SY9: qg pred=(1025, 1) vs obs=(1025, 1), p_wf pred=(1025, 1) vs p_obs=(1025, 1)
2026-02-14 23:29:03 - M5Trainer - INFO -   [shape] SY9: qg pred=(1025, 1) vs obs=(1025, 1), p_wf pred=(1025, 1) vs p_obs=(1025, 1)
2026-02-14 23:29:03 - M5Trainer - INFO -   [shape] SY9: qg pred=(1025, 1) vs obs=(1025, 1), p_wf pred=(1025, 1) vs p_obs=(1025, 1)
2026-02-14 23:29:04 - M5Trainer - INFO -   [shape] SY9: qg pred=(1025, 1) vs obs=(1025, 1), p_wf pred=(1025, 1) vs p_obs=(1025, 1)
2026-02-14 23:29:04 - M5Trainer - INFO -   [shape] SY9: qg pred=(1025, 1) vs obs=(1025, 1), p_wf pred=(1025, 1) vs p_obs=(1025, 1)
2026-02-14 23:29:04 - M5Trainer - INFO -   [shape] SY9: qg pred=(1025, 1) vs obs=(1025, 1), p_wf pred=(1025, 1) vs p_obs=(1025, 1)
2026-02-14 23:29:05 - M5Trainer - INFO -   [shape] SY9: qg pred=(1025, 1) vs obs=(1025, 1), p_wf pred=(1025, 1) vs p_obs=(1025, 1)
2026-02-14 23:29:05 - M5Trainer - INFO -   [shape] SY9: qg pred=(1025, 1) vs obs=(1025, 1), p_wf pred=(1025, 1) vs p_obs=(1025, 1)
2026-02-14 23:29:05 - M5Trainer - INFO -   [shape] SY9: qg pred=(1025, 1) vs obs=(1025, 1), p_wf pred=(1025, 1) vs p_obs=(1025, 1)
2026-02-14 23:29:05 - M5Trainer - INFO -   [shape] SY9: qg pred=(1025, 1) vs obs=(1025, 1), p_wf pred=(1025, 1) vs p_obs=(1025, 1)
2026-02-14 23:29:05 - M5Trainer - INFO -   [shape] SY9: qg pred=(1025, 1) vs obs=(1025, 1), p_wf pred=(1025, 1) vs p_obs=(1025, 1)
2026-02-14 23:29:06 - M5Trainer - INFO -   [shape] SY9: qg pred=(1025, 1) vs obs=(1025, 1), p_wf pred=(1025, 1) vs p_obs=(1025, 1)
2026-02-14 23:29:06 - M5Trainer - INFO -   [shape] SY9: qg pred=(1025, 1) vs obs=(1025, 1), p_wf pred=(1025, 1) vs p_obs=(1025, 1)
2026-02-14 23:29:06 - M5Trainer - INFO -   [shape] SY9: qg pred=(1025, 1) vs obs=(1025, 1), p_wf pred=(1025, 1) vs p_obs=(1025, 1)
2026-02-14 23:29:06 - M5Trainer - INFO -   [shape] SY9: qg pred=(1025, 1) vs obs=(1025, 1), p_wf pred=(1025, 1) vs p_obs=(1025, 1)
2026-02-14 23:29:07 - M5Trainer - INFO -   [shape] SY9: qg pred=(1025, 1) vs obs=(1025, 1), p_wf pred=(1025, 1) vs p_obs=(1025, 1)
2026-02-14 23:29:07 - M5Trainer - INFO -   [shape] SY9: qg pred=(1025, 1) vs obs=(1025, 1), p_wf pred=(1025, 1) vs p_obs=(1025, 1)
2026-02-14 23:29:07 - M5Trainer - INFO -   [shape] SY9: qg pred=(1025, 1) vs obs=(1025, 1), p_wf pred=(1025, 1) vs p_obs=(1025, 1)
2026-02-14 23:29:07 - M5Trainer - INFO -   [shape] SY9: qg pred=(1025, 1) vs obs=(1025, 1), p_wf pred=(1025, 1) vs p_obs=(1025, 1)
2026-02-14 23:29:07 - M5Trainer - INFO -   [shape] SY9: qg pred=(1025, 1) vs obs=(1025, 1), p_wf pred=(1025, 1) vs p_obs=(1025, 1)
2026-02-14 23:29:08 - M5Trainer - INFO -   [shape] SY9: qg pred=(1025, 1) vs obs=(1025, 1), p_wf pred=(1025, 1) vs p_obs=(1025, 1)
2026-02-14 23:29:08 - M5Trainer - INFO -   [shape] SY9: qg pred=(1025, 1) vs obs=(1025, 1), p_wf pred=(1025, 1) vs p_obs=(1025, 1)
2026-02-14 23:29:08 - M5Trainer - INFO -   [shape] SY9: qg pred=(1025, 1) vs obs=(1025, 1), p_wf pred=(1025, 1) vs p_obs=(1025, 1)
2026-02-14 23:29:08 - M5Trainer - INFO -   [shape] SY9: qg pred=(1025, 1) vs obs=(1025, 1), p_wf pred=(1025, 1) vs p_obs=(1025, 1)
2026-02-14 23:29:09 - M5Trainer - INFO -   [shape] SY9: qg pred=(1025, 1) vs obs=(1025, 1), p_wf pred=(1025, 1) vs p_obs=(1025, 1)
2026-02-14 23:29:09 - M5Trainer - INFO -   [shape] SY9: qg pred=(1025, 1) vs obs=(1025, 1), p_wf pred=(1025, 1) vs p_obs=(1025, 1)
2026-02-14 23:29:09 - M5Trainer - INFO -   [shape] SY9: qg pred=(1025, 1) vs obs=(1025, 1), p_wf pred=(1025, 1) vs p_obs=(1025, 1)
2026-02-14 23:29:10 - M5Trainer - INFO -   [shape] SY9: qg pred=(1025, 1) vs obs=(1025, 1), p_wf pred=(1025, 1) vs p_obs=(1025, 1)
2026-02-14 23:29:10 - M5Trainer - INFO -   [shape] SY9: qg pred=(1025, 1) vs obs=(1025, 1), p_wf pred=(1025, 1) vs p_obs=(1025, 1)
2026-02-14 23:29:10 - M5Trainer - INFO -   [shape] SY9: qg pred=(1025, 1) vs obs=(1025, 1), p_wf pred=(1025, 1) vs p_obs=(1025, 1)
2026-02-14 23:29:10 - M5Trainer - INFO -   [shape] SY9: qg pred=(1025, 1) vs obs=(1025, 1), p_wf pred=(1025, 1) vs p_obs=(1025, 1)
2026-02-14 23:29:10 - M5Trainer - INFO -   [shape] SY9: qg pred=(1025, 1) vs obs=(1025, 1), p_wf pred=(1025, 1) vs p_obs=(1025, 1)
2026-02-14 23:29:11 - M5Trainer - INFO -   [shape] SY9: qg pred=(1025, 1) vs obs=(1025, 1), p_wf pred=(1025, 1) vs p_obs=(1025, 1)
2026-02-14 23:29:11 - M5Trainer - INFO -   [shape] SY9: qg pred=(1025, 1) vs obs=(1025, 1), p_wf pred=(1025, 1) vs p_obs=(1025, 1)
2026-02-14 23:29:11 - M5Trainer - INFO -   [shape] SY9: qg pred=(1025, 1) vs obs=(1025, 1), p_wf pred=(1025, 1) vs p_obs=(1025, 1)
2026-02-14 23:29:11 - M5Trainer - INFO -   [shape] SY9: qg pred=(1025, 1) vs obs=(1025, 1), p_wf pred=(1025, 1) vs p_obs=(1025, 1)
2026-02-14 23:29:12 - M5Trainer - INFO -   [shape] SY9: qg pred=(1025, 1) vs obs=(1025, 1), p_wf pred=(1025, 1) vs p_obs=(1025, 1)
2026-02-14 23:29:12 - M5Trainer - INFO -   [shape] SY9: qg pred=(1025, 1) vs obs=(1025, 1), p_wf pred=(1025, 1) vs p_obs=(1025, 1)
2026-02-14 23:29:12 - M5Trainer - INFO -   [shape] SY9: qg pred=(1025, 1) vs obs=(1025, 1), p_wf pred=(1025, 1) vs p_obs=(1025, 1)
2026-02-14 23:29:12 - M5Trainer - INFO -   [shape] SY9: qg pred=(1025, 1) vs obs=(1025, 1), p_wf pred=(1025, 1) vs p_obs=(1025, 1)
2026-02-14 23:29:13 - M5Trainer - INFO -   [shape] SY9: qg pred=(1025, 1) vs obs=(1025, 1), p_wf pred=(1025, 1) vs p_obs=(1025, 1)
2026-02-14 23:29:13 - M5Trainer - INFO -   [shape] SY9: qg pred=(1025, 1) vs obs=(1025, 1), p_wf pred=(1025, 1) vs p_obs=(1025, 1)
2026-02-14 23:29:13 - M5Trainer - INFO -   [shape] SY9: qg pred=(1025, 1) vs obs=(1025, 1), p_wf pred=(1025, 1) vs p_obs=(1025, 1)
2026-02-14 23:29:13 - M5Trainer - INFO -   [shape] SY9: qg pred=(1025, 1) vs obs=(1025, 1), p_wf pred=(1025, 1) vs p_obs=(1025, 1)
2026-02-14 23:29:13 - M5Trainer - INFO -   [shape] SY9: qg pred=(1025, 1) vs obs=(1025, 1), p_wf pred=(1025, 1) vs p_obs=(1025, 1)
2026-02-14 23:29:14 - M5Trainer - INFO -   [shape] SY9: qg pred=(1025, 1) vs obs=(1025, 1), p_wf pred=(1025, 1) vs p_obs=(1025, 1)
2026-02-14 23:29:14 - M5Trainer - INFO -   [shape] SY9: qg pred=(1025, 1) vs obs=(1025, 1), p_wf pred=(1025, 1) vs p_obs=(1025, 1)
2026-02-14 23:29:14 - M5Trainer - INFO -   [shape] SY9: qg pred=(1025, 1) vs obs=(1025, 1), p_wf pred=(1025, 1) vs p_obs=(1025, 1)
2026-02-14 23:29:15 - M5Trainer - INFO -   [shape] SY9: qg pred=(1025, 1) vs obs=(1025, 1), p_wf pred=(1025, 1) vs p_obs=(1025, 1)
2026-02-14 23:29:15 - M5Trainer - INFO -   [shape] SY9: qg pred=(1025, 1) vs obs=(1025, 1), p_wf pred=(1025, 1) vs p_obs=(1025, 1)
2026-02-14 23:29:15 - M5Trainer - INFO -   [shape] SY9: qg pred=(1025, 1) vs obs=(1025, 1), p_wf pred=(1025, 1) vs p_obs=(1025, 1)
2026-02-14 23:29:15 - M5Trainer - INFO -   [shape] SY9: qg pred=(1025, 1) vs obs=(1025, 1), p_wf pred=(1025, 1) vs p_obs=(1025, 1)
2026-02-14 23:29:16 - M5Trainer - INFO -   [shape] SY9: qg pred=(1025, 1) vs obs=(1025, 1), p_wf pred=(1025, 1) vs p_obs=(1025, 1)
2026-02-14 23:29:16 - M5Trainer - INFO -   [shape] SY9: qg pred=(1025, 1) vs obs=(1025, 1), p_wf pred=(1025, 1) vs p_obs=(1025, 1)
2026-02-14 23:29:16 - M5Trainer - INFO -   [shape] SY9: qg pred=(1025, 1) vs obs=(1025, 1), p_wf pred=(1025, 1) vs p_obs=(1025, 1)
2026-02-14 23:29:16 - M5Trainer - INFO -   [shape] SY9: qg pred=(1025, 1) vs obs=(1025, 1), p_wf pred=(1025, 1) vs p_obs=(1025, 1)
2026-02-14 23:29:17 - M5Trainer - INFO -   [shape] SY9: qg pred=(1025, 1) vs obs=(1025, 1), p_wf pred=(1025, 1) vs p_obs=(1025, 1)
2026-02-14 23:29:17 - M5Trainer - INFO -   [shape] SY9: qg pred=(1025, 1) vs obs=(1025, 1), p_wf pred=(1025, 1) vs p_obs=(1025, 1)
2026-02-14 23:29:17 - M5Trainer - INFO -   [shape] SY9: qg pred=(1025, 1) vs obs=(1025, 1), p_wf pred=(1025, 1) vs p_obs=(1025, 1)
2026-02-14 23:29:17 - M5Trainer - INFO - [Step   100/2000] Stage A | L=1.9955e+05 (IC=2.349e+01, BC=2.231e+01, PDE=1.987e+07, Qg=3.986e+01, SwB=3.394e-03) | k_frac=5.3042 mD, dp=11.98 MPa | Sw=[0.139,0.701] | 23.5s
2026-02-14 23:29:17 - M5Trainer - INFO -   [shape] SY9: qg pred=(1025, 1) vs obs=(1025, 1), p_wf pred=(1025, 1) vs p_obs=(1025, 1)
2026-02-14 23:29:18 - M5Trainer - INFO -   [shape] SY9: qg pred=(1025, 1) vs obs=(1025, 1), p_wf pred=(1025, 1) vs p_obs=(1025, 1)
2026-02-14 23:29:18 - M5Trainer - INFO -   [shape] SY9: qg pred=(1025, 1) vs obs=(1025, 1), p_wf pred=(1025, 1) vs p_obs=(1025, 1)
2026-02-14 23:29:18 - M5Trainer - INFO -   [shape] SY9: qg pred=(1025, 1) vs obs=(1025, 1), p_wf pred=(1025, 1) vs p_obs=(1025, 1)
2026-02-14 23:29:18 - M5Trainer - INFO -   [shape] SY9: qg pred=(1025, 1) vs obs=(1025, 1), p_wf pred=(1025, 1) vs p_obs=(1025, 1)
2026-02-14 23:29:19 - M5Trainer - INFO -   [shape] SY9: qg pred=(1025, 1) vs obs=(1025, 1), p_wf pred=(1025, 1) vs p_obs=(1025, 1)
2026-02-14 23:29:19 - M5Trainer - INFO -   [shape] SY9: qg pred=(1025, 1) vs obs=(1025, 1), p_wf pred=(1025, 1) vs p_obs=(1025, 1)
2026-02-14 23:29:19 - M5Trainer - INFO -   [shape] SY9: qg pred=(1025, 1) vs obs=(1025, 1), p_wf pred=(1025, 1) vs p_obs=(1025, 1)
2026-02-14 23:29:19 - M5Trainer - INFO -   [shape] SY9: qg pred=(1025, 1) vs obs=(1025, 1), p_wf pred=(1025, 1) vs p_obs=(1025, 1)
2026-02-14 23:29:20 - M5Trainer - INFO -   [shape] SY9: qg pred=(1025, 1) vs obs=(1025, 1), p_wf pred=(1025, 1) vs p_obs=(1025, 1)
2026-02-14 23:29:20 - M5Trainer - INFO -   [shape] SY9: qg pred=(1025, 1) vs obs=(1025, 1), p_wf pred=(1025, 1) vs p_obs=(1025, 1)
2026-02-14 23:29:20 - M5Trainer - INFO -   [shape] SY9: qg pred=(1025, 1) vs obs=(1025, 1), p_wf pred=(1025, 1) vs p_obs=(1025, 1)
2026-02-14 23:29:20 - M5Trainer - INFO -   [shape] SY9: qg pred=(1025, 1) vs obs=(1025, 1), p_wf pred=(1025, 1) vs p_obs=(1025, 1)
2026-02-14 23:29:21 - M5Trainer - INFO -   [shape] SY9: qg pred=(1025, 1) vs obs=(1025, 1), p_wf pred=(1025, 1) vs p_obs=(1025, 1)
2026-02-14 23:29:21 - M5Trainer - INFO -   [shape] SY9: qg pred=(1025, 1) vs obs=(1025, 1), p_wf pred=(1025, 1) vs p_obs=(1025, 1)
2026-02-14 23:29:21 - M5Trainer - INFO -   [shape] SY9: qg pred=(1025, 1) vs obs=(1025, 1), p_wf pred=(1025, 1) vs p_obs=(1025, 1)
2026-02-14 23:29:21 - M5Trainer - INFO -   [shape] SY9: qg pred=(1025, 1) vs obs=(1025, 1), p_wf pred=(1025, 1) vs p_obs=(1025, 1)
2026-02-14 23:29:22 - M5Trainer - INFO -   [shape] SY9: qg pred=(1025, 1) vs obs=(1025, 1), p_wf pred=(1025, 1) vs p_obs=(1025, 1)
2026-02-14 23:29:22 - M5Trainer - INFO -   [shape] SY9: qg pred=(1025, 1) vs obs=(1025, 1), p_wf pred=(1025, 1) vs p_obs=(1025, 1)
2026-02-14 23:29:22 - M5Trainer - INFO -   [shape] SY9: qg pred=(1025, 1) vs obs=(1025, 1), p_wf pred=(1025, 1) vs p_obs=(1025, 1)
2026-02-14 23:29:22 - M5Trainer - INFO -   [shape] SY9: qg pred=(1025, 1) vs obs=(1025, 1), p_wf pred=(1025, 1) vs p_obs=(1025, 1)
2026-02-14 23:29:22 - M5Trainer - INFO -   [shape] SY9: qg pred=(1025, 1) vs obs=(1025, 1), p_wf pred=(1025, 1) vs p_obs=(1025, 1)
2026-02-14 23:29:23 - M5Trainer - INFO -   [shape] SY9: qg pred=(1025, 1) vs obs=(1025, 1), p_wf pred=(1025, 1) vs p_obs=(1025, 1)
2026-02-14 23:29:23 - M5Trainer - INFO -   [shape] SY9: qg pred=(1025, 1) vs obs=(1025, 1), p_wf pred=(1025, 1) vs p_obs=(1025, 1)
2026-02-14 23:29:23 - M5Trainer - INFO -   [shape] SY9: qg pred=(1025, 1) vs obs=(1025, 1), p_wf pred=(1025, 1) vs p_obs=(1025, 1)
2026-02-14 23:29:23 - M5Trainer - INFO -   [shape] SY9: qg pred=(1025, 1) vs obs=(1025, 1), p_wf pred=(1025, 1) vs p_obs=(1025, 1)
2026-02-14 23:29:24 - M5Trainer - INFO -   [shape] SY9: qg pred=(1025, 1) vs obs=(1025, 1), p_wf pred=(1025, 1) vs p_obs=(1025, 1)
2026-02-14 23:29:24 - M5Trainer - INFO -   [shape] SY9: qg pred=(1025, 1) vs obs=(1025, 1), p_wf pred=(1025, 1) vs p_obs=(1025, 1)
2026-02-14 23:29:24 - M5Trainer - INFO -   [shape] SY9: qg pred=(1025, 1) vs obs=(1025, 1), p_wf pred=(1025, 1) vs p_obs=(1025, 1)
2026-02-14 23:29:25 - M5Trainer - INFO -   [shape] SY9: qg pred=(1025, 1) vs obs=(1025, 1), p_wf pred=(1025, 1) vs p_obs=(1025, 1)
2026-02-14 23:29:25 - M5Trainer - INFO -   [shape] SY9: qg pred=(1025, 1) vs obs=(1025, 1), p_wf pred=(1025, 1) vs p_obs=(1025, 1)
2026-02-14 23:29:25 - M5Trainer - INFO -   [shape] SY9: qg pred=(1025, 1) vs obs=(1025, 1), p_wf pred=(1025, 1) vs p_obs=(1025, 1)
2026-02-14 23:29:26 - M5Trainer - INFO -   [shape] SY9: qg pred=(1025, 1) vs obs=(1025, 1), p_wf pred=(1025, 1) vs p_obs=(1025, 1)
2026-02-14 23:29:26 - M5Trainer - INFO -   [shape] SY9: qg pred=(1025, 1) vs obs=(1025, 1), p_wf pred=(1025, 1) vs p_obs=(1025, 1)
2026-02-14 23:29:26 - M5Trainer - INFO -   [shape] SY9: qg pred=(1025, 1) vs obs=(1025, 1), p_wf pred=(1025, 1) vs p_obs=(1025, 1)
2026-02-14 23:29:26 - M5Trainer - INFO -   [shape] SY9: qg pred=(1025, 1) vs obs=(1025, 1), p_wf pred=(1025, 1) vs p_obs=(1025, 1)
2026-02-14 23:29:27 - M5Trainer - INFO -   [shape] SY9: qg pred=(1025, 1) vs obs=(1025, 1), p_wf pred=(1025, 1) vs p_obs=(1025, 1)
2026-02-14 23:29:27 - M5Trainer - INFO -   [shape] SY9: qg pred=(1025, 1) vs obs=(1025, 1), p_wf pred=(1025, 1) vs p_obs=(1025, 1)
2026-02-14 23:29:27 - M5Trainer - INFO -   [shape] SY9: qg pred=(1025, 1) vs obs=(1025, 1), p_wf pred=(1025, 1) vs p_obs=(1025, 1)
2026-02-14 23:29:28 - M5Trainer - INFO -   [shape] SY9: qg pred=(1025, 1) vs obs=(1025, 1), p_wf pred=(1025, 1) vs p_obs=(1025, 1)
2026-02-14 23:29:28 - M5Trainer - INFO -   [shape] SY9: qg pred=(1025, 1) vs obs=(1025, 1), p_wf pred=(1025, 1) vs p_obs=(1025, 1)
2026-02-14 23:29:28 - M5Trainer - INFO -   [shape] SY9: qg pred=(1025, 1) vs obs=(1025, 1), p_wf pred=(1025, 1) vs p_obs=(1025, 1)
2026-02-14 23:29:28 - M5Trainer - INFO -   [shape] SY9: qg pred=(1025, 1) vs obs=(1025, 1), p_wf pred=(1025, 1) vs p_obs=(1025, 1)
2026-02-14 23:29:29 - M5Trainer - INFO -   [shape] SY9: qg pred=(1025, 1) vs obs=(1025, 1), p_wf pred=(1025, 1) vs p_obs=(1025, 1)
2026-02-14 23:29:29 - M5Trainer - INFO -   [shape] SY9: qg pred=(1025, 1) vs obs=(1025, 1), p_wf pred=(1025, 1) vs p_obs=(1025, 1)
2026-02-14 23:29:29 - M5Trainer - INFO -   [shape] SY9: qg pred=(1025, 1) vs obs=(1025, 1), p_wf pred=(1025, 1) vs p_obs=(1025, 1)
2026-02-14 23:29:30 - M5Trainer - INFO -   [shape] SY9: qg pred=(1025, 1) vs obs=(1025, 1), p_wf pred=(1025, 1) vs p_obs=(1025, 1)
2026-02-14 23:29:30 - M5Trainer - INFO -   [shape] SY9: qg pred=(1025, 1) vs obs=(1025, 1), p_wf pred=(1025, 1) vs p_obs=(1025, 1)
2026-02-14 23:29:30 - M5Trainer - INFO -   [shape] SY9: qg pred=(1025, 1) vs obs=(1025, 1), p_wf pred=(1025, 1) vs p_obs=(1025, 1)
2026-02-14 23:29:31 - M5Trainer - INFO -   [shape] SY9: qg pred=(1025, 1) vs obs=(1025, 1), p_wf pred=(1025, 1) vs p_obs=(1025, 1)
2026-02-14 23:29:31 - M5Trainer - INFO -   [shape] SY9: qg pred=(1025, 1) vs obs=(1025, 1), p_wf pred=(1025, 1) vs p_obs=(1025, 1)
2026-02-14 23:29:31 - M5Trainer - INFO -   [shape] SY9: qg pred=(1025, 1) vs obs=(1025, 1), p_wf pred=(1025, 1) vs p_obs=(1025, 1)
2026-02-14 23:29:32 - M5Trainer - INFO -   [shape] SY9: qg pred=(1025, 1) vs obs=(1025, 1), p_wf pred=(1025, 1) vs p_obs=(1025, 1)
2026-02-14 23:29:32 - M5Trainer - INFO -   [shape] SY9: qg pred=(1025, 1) vs obs=(1025, 1), p_wf pred=(1025, 1) vs p_obs=(1025, 1)
2026-02-14 23:29:32 - M5Trainer - INFO -   [shape] SY9: qg pred=(1025, 1) vs obs=(1025, 1), p_wf pred=(1025, 1) vs p_obs=(1025, 1)
2026-02-14 23:29:32 - M5Trainer - INFO -   [shape] SY9: qg pred=(1025, 1) vs obs=(1025, 1), p_wf pred=(1025, 1) vs p_obs=(1025, 1)
2026-02-14 23:29:32 - M5Trainer - INFO -   [shape] SY9: qg pred=(1025, 1) vs obs=(1025, 1), p_wf pred=(1025, 1) vs p_obs=(1025, 1)
2026-02-14 23:29:33 - M5Trainer - INFO -   [shape] SY9: qg pred=(1025, 1) vs obs=(1025, 1), p_wf pred=(1025, 1) vs p_obs=(1025, 1)
2026-02-14 23:29:33 - M5Trainer - INFO -   [shape] SY9: qg pred=(1025, 1) vs obs=(1025, 1), p_wf pred=(1025, 1) vs p_obs=(1025, 1)
2026-02-14 23:29:33 - M5Trainer - INFO -   [shape] SY9: qg pred=(1025, 1) vs obs=(1025, 1), p_wf pred=(1025, 1) vs p_obs=(1025, 1)
2026-02-14 23:29:33 - M5Trainer - INFO -   [shape] SY9: qg pred=(1025, 1) vs obs=(1025, 1), p_wf pred=(1025, 1) vs p_obs=(1025, 1)
2026-02-14 23:29:34 - M5Trainer - INFO -   [shape] SY9: qg pred=(1025, 1) vs obs=(1025, 1), p_wf pred=(1025, 1) vs p_obs=(1025, 1)
2026-02-14 23:29:34 - M5Trainer - INFO -   [shape] SY9: qg pred=(1025, 1) vs obs=(1025, 1), p_wf pred=(1025, 1) vs p_obs=(1025, 1)
2026-02-14 23:29:34 - M5Trainer - INFO -   [shape] SY9: qg pred=(1025, 1) vs obs=(1025, 1), p_wf pred=(1025, 1) vs p_obs=(1025, 1)
2026-02-14 23:29:34 - M5Trainer - INFO -   [shape] SY9: qg pred=(1025, 1) vs obs=(1025, 1), p_wf pred=(1025, 1) vs p_obs=(1025, 1)
2026-02-14 23:29:35 - M5Trainer - INFO -   [shape] SY9: qg pred=(1025, 1) vs obs=(1025, 1), p_wf pred=(1025, 1) vs p_obs=(1025, 1)
2026-02-14 23:29:35 - M5Trainer - INFO -   [shape] SY9: qg pred=(1025, 1) vs obs=(1025, 1), p_wf pred=(1025, 1) vs p_obs=(1025, 1)
2026-02-14 23:29:35 - M5Trainer - INFO -   [shape] SY9: qg pred=(1025, 1) vs obs=(1025, 1), p_wf pred=(1025, 1) vs p_obs=(1025, 1)
2026-02-14 23:29:35 - M5Trainer - INFO -   [shape] SY9: qg pred=(1025, 1) vs obs=(1025, 1), p_wf pred=(1025, 1) vs p_obs=(1025, 1)
2026-02-14 23:29:36 - M5Trainer - INFO -   [shape] SY9: qg pred=(1025, 1) vs obs=(1025, 1), p_wf pred=(1025, 1) vs p_obs=(1025, 1)
2026-02-14 23:29:36 - M5Trainer - INFO -   [shape] SY9: qg pred=(1025, 1) vs obs=(1025, 1), p_wf pred=(1025, 1) vs p_obs=(1025, 1)
2026-02-14 23:29:36 - M5Trainer - INFO -   [shape] SY9: qg pred=(1025, 1) vs obs=(1025, 1), p_wf pred=(1025, 1) vs p_obs=(1025, 1)
2026-02-14 23:29:36 - M5Trainer - INFO -   [shape] SY9: qg pred=(1025, 1) vs obs=(1025, 1), p_wf pred=(1025, 1) vs p_obs=(1025, 1)
2026-02-14 23:29:37 - M5Trainer - INFO -   [shape] SY9: qg pred=(1025, 1) vs obs=(1025, 1), p_wf pred=(1025, 1) vs p_obs=(1025, 1)
2026-02-14 23:29:37 - M5Trainer - INFO -   [shape] SY9: qg pred=(1025, 1) vs obs=(1025, 1), p_wf pred=(1025, 1) vs p_obs=(1025, 1)
2026-02-14 23:29:37 - M5Trainer - INFO -   [shape] SY9: qg pred=(1025, 1) vs obs=(1025, 1), p_wf pred=(1025, 1) vs p_obs=(1025, 1)
2026-02-14 23:29:37 - M5Trainer - INFO -   [shape] SY9: qg pred=(1025, 1) vs obs=(1025, 1), p_wf pred=(1025, 1) vs p_obs=(1025, 1)
2026-02-14 23:29:37 - M5Trainer - INFO -   [shape] SY9: qg pred=(1025, 1) vs obs=(1025, 1), p_wf pred=(1025, 1) vs p_obs=(1025, 1)
2026-02-14 23:29:38 - M5Trainer - INFO -   [shape] SY9: qg pred=(1025, 1) vs obs=(1025, 1), p_wf pred=(1025, 1) vs p_obs=(1025, 1)
2026-02-14 23:29:38 - M5Trainer - INFO -   [shape] SY9: qg pred=(1025, 1) vs obs=(1025, 1), p_wf pred=(1025, 1) vs p_obs=(1025, 1)
2026-02-14 23:29:38 - M5Trainer - INFO -   [shape] SY9: qg pred=(1025, 1) vs obs=(1025, 1), p_wf pred=(1025, 1) vs p_obs=(1025, 1)
2026-02-14 23:29:38 - M5Trainer - INFO -   [shape] SY9: qg pred=(1025, 1) vs obs=(1025, 1), p_wf pred=(1025, 1) vs p_obs=(1025, 1)
2026-02-14 23:29:38 - M5Trainer - INFO -   [shape] SY9: qg pred=(1025, 1) vs obs=(1025, 1), p_wf pred=(1025, 1) vs p_obs=(1025, 1)
2026-02-14 23:29:39 - M5Trainer - INFO -   [shape] SY9: qg pred=(1025, 1) vs obs=(1025, 1), p_wf pred=(1025, 1) vs p_obs=(1025, 1)
2026-02-14 23:29:39 - M5Trainer - INFO -   [shape] SY9: qg pred=(1025, 1) vs obs=(1025, 1), p_wf pred=(1025, 1) vs p_obs=(1025, 1)
2026-02-14 23:29:39 - M5Trainer - INFO -   [shape] SY9: qg pred=(1025, 1) vs obs=(1025, 1), p_wf pred=(1025, 1) vs p_obs=(1025, 1)
2026-02-14 23:29:39 - M5Trainer - INFO -   [shape] SY9: qg pred=(1025, 1) vs obs=(1025, 1), p_wf pred=(1025, 1) vs p_obs=(1025, 1)
2026-02-14 23:29:39 - M5Trainer - INFO -   [shape] SY9: qg pred=(1025, 1) vs obs=(1025, 1), p_wf pred=(1025, 1) vs p_obs=(1025, 1)
2026-02-14 23:29:40 - M5Trainer - INFO -   [shape] SY9: qg pred=(1025, 1) vs obs=(1025, 1), p_wf pred=(1025, 1) vs p_obs=(1025, 1)
2026-02-14 23:29:40 - M5Trainer - INFO -   [shape] SY9: qg pred=(1025, 1) vs obs=(1025, 1), p_wf pred=(1025, 1) vs p_obs=(1025, 1)
2026-02-14 23:29:40 - M5Trainer - INFO -   [shape] SY9: qg pred=(1025, 1) vs obs=(1025, 1), p_wf pred=(1025, 1) vs p_obs=(1025, 1)
2026-02-14 23:29:41 - M5Trainer - INFO -   [shape] SY9: qg pred=(1025, 1) vs obs=(1025, 1), p_wf pred=(1025, 1) vs p_obs=(1025, 1)
2026-02-14 23:29:41 - M5Trainer - INFO -   [shape] SY9: qg pred=(1025, 1) vs obs=(1025, 1), p_wf pred=(1025, 1) vs p_obs=(1025, 1)
2026-02-14 23:29:41 - M5Trainer - INFO -   [shape] SY9: qg pred=(1025, 1) vs obs=(1025, 1), p_wf pred=(1025, 1) vs p_obs=(1025, 1)
2026-02-14 23:29:41 - M5Trainer - INFO -   [shape] SY9: qg pred=(1025, 1) vs obs=(1025, 1), p_wf pred=(1025, 1) vs p_obs=(1025, 1)
2026-02-14 23:29:41 - M5Trainer - INFO -   [shape] SY9: qg pred=(1025, 1) vs obs=(1025, 1), p_wf pred=(1025, 1) vs p_obs=(1025, 1)
2026-02-14 23:29:42 - M5Trainer - INFO -   [shape] SY9: qg pred=(1025, 1) vs obs=(1025, 1), p_wf pred=(1025, 1) vs p_obs=(1025, 1)
2026-02-14 23:29:42 - M5Trainer - INFO -   [shape] SY9: qg pred=(1025, 1) vs obs=(1025, 1), p_wf pred=(1025, 1) vs p_obs=(1025, 1)
2026-02-14 23:29:42 - M5Trainer - INFO -   [shape] SY9: qg pred=(1025, 1) vs obs=(1025, 1), p_wf pred=(1025, 1) vs p_obs=(1025, 1)
2026-02-14 23:29:42 - M5Trainer - INFO -   [shape] SY9: qg pred=(1025, 1) vs obs=(1025, 1), p_wf pred=(1025, 1) vs p_obs=(1025, 1)
2026-02-14 23:29:42 - M5Trainer - INFO -   [梯度验收] SY9: qg_obs range=[0.0, 838700.0]
2026-02-14 23:29:42 - M5Trainer - INFO - [Step   200/2000] Stage B | L=2.6871e+01 (IC=2.170e-02, BC=3.013e-02, PDE=2.417e+03, Qg=9.032e-01, SwB=3.345e-02) | k_frac=4.7993 mD, dp=11.87 MPa | Sw=[0.183,0.878] | 48.6s
2026-02-14 23:29:42 - M5Trainer - INFO -   [shape] SY9: qg pred=(1025, 1) vs obs=(1025, 1), p_wf pred=(1025, 1) vs p_obs=(1025, 1)
2026-02-14 23:29:43 - M5Trainer - INFO -   [shape] SY9: qg pred=(1025, 1) vs obs=(1025, 1), p_wf pred=(1025, 1) vs p_obs=(1025, 1)
2026-02-14 23:29:43 - M5Trainer - INFO -   [shape] SY9: qg pred=(1025, 1) vs obs=(1025, 1), p_wf pred=(1025, 1) vs p_obs=(1025, 1)
2026-02-14 23:29:43 - M5Trainer - INFO -   [shape] SY9: qg pred=(1025, 1) vs obs=(1025, 1), p_wf pred=(1025, 1) vs p_obs=(1025, 1)
2026-02-14 23:29:43 - M5Trainer - INFO -   [shape] SY9: qg pred=(1025, 1) vs obs=(1025, 1), p_wf pred=(1025, 1) vs p_obs=(1025, 1)
2026-02-14 23:29:44 - M5Trainer - INFO -   [shape] SY9: qg pred=(1025, 1) vs obs=(1025, 1), p_wf pred=(1025, 1) vs p_obs=(1025, 1)
2026-02-14 23:29:44 - M5Trainer - INFO -   [shape] SY9: qg pred=(1025, 1) vs obs=(1025, 1), p_wf pred=(1025, 1) vs p_obs=(1025, 1)
2026-02-14 23:29:44 - M5Trainer - INFO -   [shape] SY9: qg pred=(1025, 1) vs obs=(1025, 1), p_wf pred=(1025, 1) vs p_obs=(1025, 1)
2026-02-14 23:29:44 - M5Trainer - INFO -   [shape] SY9: qg pred=(1025, 1) vs obs=(1025, 1), p_wf pred=(1025, 1) vs p_obs=(1025, 1)
2026-02-14 23:29:45 - M5Trainer - INFO -   [shape] SY9: qg pred=(1025, 1) vs obs=(1025, 1), p_wf pred=(1025, 1) vs p_obs=(1025, 1)
2026-02-14 23:29:45 - M5Trainer - INFO -   [shape] SY9: qg pred=(1025, 1) vs obs=(1025, 1), p_wf pred=(1025, 1) vs p_obs=(1025, 1)
2026-02-14 23:29:45 - M5Trainer - INFO -   [shape] SY9: qg pred=(1025, 1) vs obs=(1025, 1), p_wf pred=(1025, 1) vs p_obs=(1025, 1)
2026-02-14 23:29:45 - M5Trainer - INFO -   [shape] SY9: qg pred=(1025, 1) vs obs=(1025, 1), p_wf pred=(1025, 1) vs p_obs=(1025, 1)
2026-02-14 23:29:45 - M5Trainer - INFO -   [shape] SY9: qg pred=(1025, 1) vs obs=(1025, 1), p_wf pred=(1025, 1) vs p_obs=(1025, 1)
2026-02-14 23:29:46 - M5Trainer - INFO -   [shape] SY9: qg pred=(1025, 1) vs obs=(1025, 1), p_wf pred=(1025, 1) vs p_obs=(1025, 1)
2026-02-14 23:29:46 - M5Trainer - INFO -   [shape] SY9: qg pred=(1025, 1) vs obs=(1025, 1), p_wf pred=(1025, 1) vs p_obs=(1025, 1)
2026-02-14 23:29:46 - M5Trainer - INFO -   [shape] SY9: qg pred=(1025, 1) vs obs=(1025, 1), p_wf pred=(1025, 1) vs p_obs=(1025, 1)
2026-02-14 23:29:46 - M5Trainer - INFO -   [shape] SY9: qg pred=(1025, 1) vs obs=(1025, 1), p_wf pred=(1025, 1) vs p_obs=(1025, 1)
2026-02-14 23:29:46 - M5Trainer - INFO -   [shape] SY9: qg pred=(1025, 1) vs obs=(1025, 1), p_wf pred=(1025, 1) vs p_obs=(1025, 1)
2026-02-14 23:29:47 - M5Trainer - INFO -   [shape] SY9: qg pred=(1025, 1) vs obs=(1025, 1), p_wf pred=(1025, 1) vs p_obs=(1025, 1)
2026-02-14 23:29:47 - M5Trainer - INFO -   [shape] SY9: qg pred=(1025, 1) vs obs=(1025, 1), p_wf pred=(1025, 1) vs p_obs=(1025, 1)
2026-02-14 23:29:47 - M5Trainer - INFO -   [shape] SY9: qg pred=(1025, 1) vs obs=(1025, 1), p_wf pred=(1025, 1) vs p_obs=(1025, 1)
2026-02-14 23:29:47 - M5Trainer - INFO -   [shape] SY9: qg pred=(1025, 1) vs obs=(1025, 1), p_wf pred=(1025, 1) vs p_obs=(1025, 1)
2026-02-14 23:29:47 - M5Trainer - INFO -   [shape] SY9: qg pred=(1025, 1) vs obs=(1025, 1), p_wf pred=(1025, 1) vs p_obs=(1025, 1)
2026-02-14 23:29:48 - M5Trainer - INFO -   [shape] SY9: qg pred=(1025, 1) vs obs=(1025, 1), p_wf pred=(1025, 1) vs p_obs=(1025, 1)
2026-02-14 23:29:48 - M5Trainer - INFO -   [shape] SY9: qg pred=(1025, 1) vs obs=(1025, 1), p_wf pred=(1025, 1) vs p_obs=(1025, 1)
2026-02-14 23:29:48 - M5Trainer - INFO -   [shape] SY9: qg pred=(1025, 1) vs obs=(1025, 1), p_wf pred=(1025, 1) vs p_obs=(1025, 1)
2026-02-14 23:29:48 - M5Trainer - INFO -   [shape] SY9: qg pred=(1025, 1) vs obs=(1025, 1), p_wf pred=(1025, 1) vs p_obs=(1025, 1)
2026-02-14 23:29:49 - M5Trainer - INFO -   [shape] SY9: qg pred=(1025, 1) vs obs=(1025, 1), p_wf pred=(1025, 1) vs p_obs=(1025, 1)
2026-02-14 23:29:49 - M5Trainer - INFO -   [shape] SY9: qg pred=(1025, 1) vs obs=(1025, 1), p_wf pred=(1025, 1) vs p_obs=(1025, 1)
2026-02-14 23:29:49 - M5Trainer - INFO -   [shape] SY9: qg pred=(1025, 1) vs obs=(1025, 1), p_wf pred=(1025, 1) vs p_obs=(1025, 1)
2026-02-14 23:29:49 - M5Trainer - INFO -   [shape] SY9: qg pred=(1025, 1) vs obs=(1025, 1), p_wf pred=(1025, 1) vs p_obs=(1025, 1)
2026-02-14 23:29:49 - M5Trainer - INFO -   [shape] SY9: qg pred=(1025, 1) vs obs=(1025, 1), p_wf pred=(1025, 1) vs p_obs=(1025, 1)
2026-02-14 23:29:50 - M5Trainer - INFO -   [shape] SY9: qg pred=(1025, 1) vs obs=(1025, 1), p_wf pred=(1025, 1) vs p_obs=(1025, 1)
2026-02-14 23:29:50 - M5Trainer - INFO -   [shape] SY9: qg pred=(1025, 1) vs obs=(1025, 1), p_wf pred=(1025, 1) vs p_obs=(1025, 1)
2026-02-14 23:29:50 - M5Trainer - INFO -   [shape] SY9: qg pred=(1025, 1) vs obs=(1025, 1), p_wf pred=(1025, 1) vs p_obs=(1025, 1)
2026-02-14 23:29:50 - M5Trainer - INFO -   [shape] SY9: qg pred=(1025, 1) vs obs=(1025, 1), p_wf pred=(1025, 1) vs p_obs=(1025, 1)
2026-02-14 23:29:50 - M5Trainer - INFO -   [shape] SY9: qg pred=(1025, 1) vs obs=(1025, 1), p_wf pred=(1025, 1) vs p_obs=(1025, 1)
2026-02-14 23:29:51 - M5Trainer - INFO -   [shape] SY9: qg pred=(1025, 1) vs obs=(1025, 1), p_wf pred=(1025, 1) vs p_obs=(1025, 1)
2026-02-14 23:29:51 - M5Trainer - INFO -   [shape] SY9: qg pred=(1025, 1) vs obs=(1025, 1), p_wf pred=(1025, 1) vs p_obs=(1025, 1)
2026-02-14 23:29:51 - M5Trainer - INFO -   [shape] SY9: qg pred=(1025, 1) vs obs=(1025, 1), p_wf pred=(1025, 1) vs p_obs=(1025, 1)
2026-02-14 23:29:51 - M5Trainer - INFO -   [shape] SY9: qg pred=(1025, 1) vs obs=(1025, 1), p_wf pred=(1025, 1) vs p_obs=(1025, 1)
2026-02-14 23:29:51 - M5Trainer - INFO -   [shape] SY9: qg pred=(1025, 1) vs obs=(1025, 1), p_wf pred=(1025, 1) vs p_obs=(1025, 1)
2026-02-14 23:29:52 - M5Trainer - INFO -   [shape] SY9: qg pred=(1025, 1) vs obs=(1025, 1), p_wf pred=(1025, 1) vs p_obs=(1025, 1)
2026-02-14 23:29:52 - M5Trainer - INFO -   [shape] SY9: qg pred=(1025, 1) vs obs=(1025, 1), p_wf pred=(1025, 1) vs p_obs=(1025, 1)
2026-02-14 23:29:52 - M5Trainer - INFO -   [shape] SY9: qg pred=(1025, 1) vs obs=(1025, 1), p_wf pred=(1025, 1) vs p_obs=(1025, 1)
2026-02-14 23:29:52 - M5Trainer - INFO -   [shape] SY9: qg pred=(1025, 1) vs obs=(1025, 1), p_wf pred=(1025, 1) vs p_obs=(1025, 1)
2026-02-14 23:29:53 - M5Trainer - INFO -   [shape] SY9: qg pred=(1025, 1) vs obs=(1025, 1), p_wf pred=(1025, 1) vs p_obs=(1025, 1)
2026-02-14 23:29:53 - M5Trainer - INFO -   [shape] SY9: qg pred=(1025, 1) vs obs=(1025, 1), p_wf pred=(1025, 1) vs p_obs=(1025, 1)
2026-02-14 23:29:53 - M5Trainer - INFO -   [shape] SY9: qg pred=(1025, 1) vs obs=(1025, 1), p_wf pred=(1025, 1) vs p_obs=(1025, 1)
2026-02-14 23:29:53 - M5Trainer - INFO -   [shape] SY9: qg pred=(1025, 1) vs obs=(1025, 1), p_wf pred=(1025, 1) vs p_obs=(1025, 1)
2026-02-14 23:29:53 - M5Trainer - INFO -   [shape] SY9: qg pred=(1025, 1) vs obs=(1025, 1), p_wf pred=(1025, 1) vs p_obs=(1025, 1)
2026-02-14 23:29:53 - M5Trainer - INFO -   [shape] SY9: qg pred=(1025, 1) vs obs=(1025, 1), p_wf pred=(1025, 1) vs p_obs=(1025, 1)
2026-02-14 23:29:54 - M5Trainer - INFO -   [shape] SY9: qg pred=(1025, 1) vs obs=(1025, 1), p_wf pred=(1025, 1) vs p_obs=(1025, 1)
2026-02-14 23:29:54 - M5Trainer - INFO -   [shape] SY9: qg pred=(1025, 1) vs obs=(1025, 1), p_wf pred=(1025, 1) vs p_obs=(1025, 1)
2026-02-14 23:29:54 - M5Trainer - INFO -   [shape] SY9: qg pred=(1025, 1) vs obs=(1025, 1), p_wf pred=(1025, 1) vs p_obs=(1025, 1)
2026-02-14 23:29:54 - M5Trainer - INFO -   [shape] SY9: qg pred=(1025, 1) vs obs=(1025, 1), p_wf pred=(1025, 1) vs p_obs=(1025, 1)
2026-02-14 23:29:54 - M5Trainer - INFO -   [shape] SY9: qg pred=(1025, 1) vs obs=(1025, 1), p_wf pred=(1025, 1) vs p_obs=(1025, 1)
2026-02-14 23:29:55 - M5Trainer - INFO -   [shape] SY9: qg pred=(1025, 1) vs obs=(1025, 1), p_wf pred=(1025, 1) vs p_obs=(1025, 1)
2026-02-14 23:29:55 - M5Trainer - INFO -   [shape] SY9: qg pred=(1025, 1) vs obs=(1025, 1), p_wf pred=(1025, 1) vs p_obs=(1025, 1)
2026-02-14 23:29:55 - M5Trainer - INFO -   [shape] SY9: qg pred=(1025, 1) vs obs=(1025, 1), p_wf pred=(1025, 1) vs p_obs=(1025, 1)
2026-02-14 23:29:55 - M5Trainer - INFO -   [shape] SY9: qg pred=(1025, 1) vs obs=(1025, 1), p_wf pred=(1025, 1) vs p_obs=(1025, 1)
2026-02-14 23:29:56 - M5Trainer - INFO -   [shape] SY9: qg pred=(1025, 1) vs obs=(1025, 1), p_wf pred=(1025, 1) vs p_obs=(1025, 1)
2026-02-14 23:29:56 - M5Trainer - INFO -   [shape] SY9: qg pred=(1025, 1) vs obs=(1025, 1), p_wf pred=(1025, 1) vs p_obs=(1025, 1)
2026-02-14 23:29:56 - M5Trainer - INFO -   [shape] SY9: qg pred=(1025, 1) vs obs=(1025, 1), p_wf pred=(1025, 1) vs p_obs=(1025, 1)
2026-02-14 23:29:56 - M5Trainer - INFO -   [shape] SY9: qg pred=(1025, 1) vs obs=(1025, 1), p_wf pred=(1025, 1) vs p_obs=(1025, 1)
2026-02-14 23:29:56 - M5Trainer - INFO -   [shape] SY9: qg pred=(1025, 1) vs obs=(1025, 1), p_wf pred=(1025, 1) vs p_obs=(1025, 1)
2026-02-14 23:29:57 - M5Trainer - INFO -   [shape] SY9: qg pred=(1025, 1) vs obs=(1025, 1), p_wf pred=(1025, 1) vs p_obs=(1025, 1)
2026-02-14 23:29:57 - M5Trainer - INFO -   [shape] SY9: qg pred=(1025, 1) vs obs=(1025, 1), p_wf pred=(1025, 1) vs p_obs=(1025, 1)
2026-02-14 23:29:57 - M5Trainer - INFO -   [shape] SY9: qg pred=(1025, 1) vs obs=(1025, 1), p_wf pred=(1025, 1) vs p_obs=(1025, 1)
2026-02-14 23:29:57 - M5Trainer - INFO -   [shape] SY9: qg pred=(1025, 1) vs obs=(1025, 1), p_wf pred=(1025, 1) vs p_obs=(1025, 1)
2026-02-14 23:29:57 - M5Trainer - INFO -   [shape] SY9: qg pred=(1025, 1) vs obs=(1025, 1), p_wf pred=(1025, 1) vs p_obs=(1025, 1)
2026-02-14 23:29:57 - M5Trainer - INFO -   [shape] SY9: qg pred=(1025, 1) vs obs=(1025, 1), p_wf pred=(1025, 1) vs p_obs=(1025, 1)
2026-02-14 23:29:58 - M5Trainer - INFO -   [shape] SY9: qg pred=(1025, 1) vs obs=(1025, 1), p_wf pred=(1025, 1) vs p_obs=(1025, 1)
2026-02-14 23:29:58 - M5Trainer - INFO -   [shape] SY9: qg pred=(1025, 1) vs obs=(1025, 1), p_wf pred=(1025, 1) vs p_obs=(1025, 1)
2026-02-14 23:29:58 - M5Trainer - INFO -   [shape] SY9: qg pred=(1025, 1) vs obs=(1025, 1), p_wf pred=(1025, 1) vs p_obs=(1025, 1)
2026-02-14 23:29:58 - M5Trainer - INFO -   [shape] SY9: qg pred=(1025, 1) vs obs=(1025, 1), p_wf pred=(1025, 1) vs p_obs=(1025, 1)
2026-02-14 23:29:58 - M5Trainer - INFO -   [shape] SY9: qg pred=(1025, 1) vs obs=(1025, 1), p_wf pred=(1025, 1) vs p_obs=(1025, 1)
2026-02-14 23:29:59 - M5Trainer - INFO -   [shape] SY9: qg pred=(1025, 1) vs obs=(1025, 1), p_wf pred=(1025, 1) vs p_obs=(1025, 1)
2026-02-14 23:29:59 - M5Trainer - INFO -   [shape] SY9: qg pred=(1025, 1) vs obs=(1025, 1), p_wf pred=(1025, 1) vs p_obs=(1025, 1)
2026-02-14 23:29:59 - M5Trainer - INFO -   [shape] SY9: qg pred=(1025, 1) vs obs=(1025, 1), p_wf pred=(1025, 1) vs p_obs=(1025, 1)
2026-02-14 23:29:59 - M5Trainer - INFO -   [shape] SY9: qg pred=(1025, 1) vs obs=(1025, 1), p_wf pred=(1025, 1) vs p_obs=(1025, 1)
2026-02-14 23:29:59 - M5Trainer - INFO -   [shape] SY9: qg pred=(1025, 1) vs obs=(1025, 1), p_wf pred=(1025, 1) vs p_obs=(1025, 1)
2026-02-14 23:30:00 - M5Trainer - INFO -   [shape] SY9: qg pred=(1025, 1) vs obs=(1025, 1), p_wf pred=(1025, 1) vs p_obs=(1025, 1)
2026-02-14 23:30:00 - M5Trainer - INFO -   [shape] SY9: qg pred=(1025, 1) vs obs=(1025, 1), p_wf pred=(1025, 1) vs p_obs=(1025, 1)
2026-02-14 23:30:00 - M5Trainer - INFO -   [shape] SY9: qg pred=(1025, 1) vs obs=(1025, 1), p_wf pred=(1025, 1) vs p_obs=(1025, 1)
2026-02-14 23:30:00 - M5Trainer - INFO -   [shape] SY9: qg pred=(1025, 1) vs obs=(1025, 1), p_wf pred=(1025, 1) vs p_obs=(1025, 1)
2026-02-14 23:30:00 - M5Trainer - INFO -   [shape] SY9: qg pred=(1025, 1) vs obs=(1025, 1), p_wf pred=(1025, 1) vs p_obs=(1025, 1)
2026-02-14 23:30:01 - M5Trainer - INFO -   [shape] SY9: qg pred=(1025, 1) vs obs=(1025, 1), p_wf pred=(1025, 1) vs p_obs=(1025, 1)
2026-02-14 23:30:01 - M5Trainer - INFO -   [shape] SY9: qg pred=(1025, 1) vs obs=(1025, 1), p_wf pred=(1025, 1) vs p_obs=(1025, 1)
2026-02-14 23:30:01 - M5Trainer - INFO -   [shape] SY9: qg pred=(1025, 1) vs obs=(1025, 1), p_wf pred=(1025, 1) vs p_obs=(1025, 1)
2026-02-14 23:30:01 - M5Trainer - INFO -   [shape] SY9: qg pred=(1025, 1) vs obs=(1025, 1), p_wf pred=(1025, 1) vs p_obs=(1025, 1)
2026-02-14 23:30:01 - M5Trainer - INFO -   [shape] SY9: qg pred=(1025, 1) vs obs=(1025, 1), p_wf pred=(1025, 1) vs p_obs=(1025, 1)
2026-02-14 23:30:01 - M5Trainer - INFO -   [shape] SY9: qg pred=(1025, 1) vs obs=(1025, 1), p_wf pred=(1025, 1) vs p_obs=(1025, 1)
2026-02-14 23:30:02 - M5Trainer - INFO -   [shape] SY9: qg pred=(1025, 1) vs obs=(1025, 1), p_wf pred=(1025, 1) vs p_obs=(1025, 1)
2026-02-14 23:30:02 - M5Trainer - INFO -   [shape] SY9: qg pred=(1025, 1) vs obs=(1025, 1), p_wf pred=(1025, 1) vs p_obs=(1025, 1)
2026-02-14 23:30:02 - M5Trainer - INFO -   [shape] SY9: qg pred=(1025, 1) vs obs=(1025, 1), p_wf pred=(1025, 1) vs p_obs=(1025, 1)
2026-02-14 23:30:03 - M5Trainer - INFO -   [shape] SY9: qg pred=(1025, 1) vs obs=(1025, 1), p_wf pred=(1025, 1) vs p_obs=(1025, 1)
2026-02-14 23:30:03 - M5Trainer - INFO -   [shape] SY9: qg pred=(1025, 1) vs obs=(1025, 1), p_wf pred=(1025, 1) vs p_obs=(1025, 1)
2026-02-14 23:30:03 - M5Trainer - INFO -   [shape] SY9: qg pred=(1025, 1) vs obs=(1025, 1), p_wf pred=(1025, 1) vs p_obs=(1025, 1)
2026-02-14 23:30:03 - M5Trainer - INFO - [Step   300/2000] Stage B | L=1.5445e+01 (IC=1.647e-02, BC=1.141e-02, PDE=9.413e+03, Qg=8.309e-01, SwB=2.881e-02) | k_frac=4.6966 mD, dp=11.85 MPa | Sw=[0.154,0.662] | 69.2s
2026-02-14 23:30:03 - M5Trainer - INFO -   [shape] SY9: qg pred=(1025, 1) vs obs=(1025, 1), p_wf pred=(1025, 1) vs p_obs=(1025, 1)
2026-02-14 23:30:03 - M5Trainer - INFO -   [shape] SY9: qg pred=(1025, 1) vs obs=(1025, 1), p_wf pred=(1025, 1) vs p_obs=(1025, 1)
2026-02-14 23:30:04 - M5Trainer - INFO -   [shape] SY9: qg pred=(1025, 1) vs obs=(1025, 1), p_wf pred=(1025, 1) vs p_obs=(1025, 1)
2026-02-14 23:30:04 - M5Trainer - INFO -   [shape] SY9: qg pred=(1025, 1) vs obs=(1025, 1), p_wf pred=(1025, 1) vs p_obs=(1025, 1)
2026-02-14 23:30:04 - M5Trainer - INFO -   [shape] SY9: qg pred=(1025, 1) vs obs=(1025, 1), p_wf pred=(1025, 1) vs p_obs=(1025, 1)
2026-02-14 23:30:04 - M5Trainer - INFO -   [shape] SY9: qg pred=(1025, 1) vs obs=(1025, 1), p_wf pred=(1025, 1) vs p_obs=(1025, 1)
2026-02-14 23:30:04 - M5Trainer - INFO -   [shape] SY9: qg pred=(1025, 1) vs obs=(1025, 1), p_wf pred=(1025, 1) vs p_obs=(1025, 1)
2026-02-14 23:30:05 - M5Trainer - INFO -   [shape] SY9: qg pred=(1025, 1) vs obs=(1025, 1), p_wf pred=(1025, 1) vs p_obs=(1025, 1)
2026-02-14 23:30:05 - M5Trainer - INFO -   [shape] SY9: qg pred=(1025, 1) vs obs=(1025, 1), p_wf pred=(1025, 1) vs p_obs=(1025, 1)
2026-02-14 23:30:05 - M5Trainer - INFO -   [shape] SY9: qg pred=(1025, 1) vs obs=(1025, 1), p_wf pred=(1025, 1) vs p_obs=(1025, 1)
2026-02-14 23:30:05 - M5Trainer - INFO -   [shape] SY9: qg pred=(1025, 1) vs obs=(1025, 1), p_wf pred=(1025, 1) vs p_obs=(1025, 1)
2026-02-14 23:30:06 - M5Trainer - INFO -   [shape] SY9: qg pred=(1025, 1) vs obs=(1025, 1), p_wf pred=(1025, 1) vs p_obs=(1025, 1)
2026-02-14 23:30:06 - M5Trainer - INFO -   [shape] SY9: qg pred=(1025, 1) vs obs=(1025, 1), p_wf pred=(1025, 1) vs p_obs=(1025, 1)
2026-02-14 23:30:06 - M5Trainer - INFO -   [shape] SY9: qg pred=(1025, 1) vs obs=(1025, 1), p_wf pred=(1025, 1) vs p_obs=(1025, 1)
2026-02-14 23:30:06 - M5Trainer - INFO -   [shape] SY9: qg pred=(1025, 1) vs obs=(1025, 1), p_wf pred=(1025, 1) vs p_obs=(1025, 1)
2026-02-14 23:30:06 - M5Trainer - INFO -   [shape] SY9: qg pred=(1025, 1) vs obs=(1025, 1), p_wf pred=(1025, 1) vs p_obs=(1025, 1)
2026-02-14 23:30:07 - M5Trainer - INFO -   [shape] SY9: qg pred=(1025, 1) vs obs=(1025, 1), p_wf pred=(1025, 1) vs p_obs=(1025, 1)
2026-02-14 23:30:07 - M5Trainer - INFO -   [shape] SY9: qg pred=(1025, 1) vs obs=(1025, 1), p_wf pred=(1025, 1) vs p_obs=(1025, 1)
2026-02-14 23:30:07 - M5Trainer - INFO -   [shape] SY9: qg pred=(1025, 1) vs obs=(1025, 1), p_wf pred=(1025, 1) vs p_obs=(1025, 1)
2026-02-14 23:30:07 - M5Trainer - INFO -   [shape] SY9: qg pred=(1025, 1) vs obs=(1025, 1), p_wf pred=(1025, 1) vs p_obs=(1025, 1)
2026-02-14 23:30:08 - M5Trainer - INFO -   [shape] SY9: qg pred=(1025, 1) vs obs=(1025, 1), p_wf pred=(1025, 1) vs p_obs=(1025, 1)
2026-02-14 23:30:08 - M5Trainer - INFO -   [shape] SY9: qg pred=(1025, 1) vs obs=(1025, 1), p_wf pred=(1025, 1) vs p_obs=(1025, 1)
2026-02-14 23:30:08 - M5Trainer - INFO -   [shape] SY9: qg pred=(1025, 1) vs obs=(1025, 1), p_wf pred=(1025, 1) vs p_obs=(1025, 1)
2026-02-14 23:30:08 - M5Trainer - INFO -   [shape] SY9: qg pred=(1025, 1) vs obs=(1025, 1), p_wf pred=(1025, 1) vs p_obs=(1025, 1)
2026-02-14 23:30:08 - M5Trainer - INFO -   [shape] SY9: qg pred=(1025, 1) vs obs=(1025, 1), p_wf pred=(1025, 1) vs p_obs=(1025, 1)
2026-02-14 23:30:09 - M5Trainer - INFO -   [shape] SY9: qg pred=(1025, 1) vs obs=(1025, 1), p_wf pred=(1025, 1) vs p_obs=(1025, 1)
2026-02-14 23:30:09 - M5Trainer - INFO -   [shape] SY9: qg pred=(1025, 1) vs obs=(1025, 1), p_wf pred=(1025, 1) vs p_obs=(1025, 1)
2026-02-14 23:30:09 - M5Trainer - INFO -   [shape] SY9: qg pred=(1025, 1) vs obs=(1025, 1), p_wf pred=(1025, 1) vs p_obs=(1025, 1)
2026-02-14 23:30:09 - M5Trainer - INFO -   [shape] SY9: qg pred=(1025, 1) vs obs=(1025, 1), p_wf pred=(1025, 1) vs p_obs=(1025, 1)
2026-02-14 23:30:09 - M5Trainer - INFO -   [shape] SY9: qg pred=(1025, 1) vs obs=(1025, 1), p_wf pred=(1025, 1) vs p_obs=(1025, 1)
2026-02-14 23:30:10 - M5Trainer - INFO -   [shape] SY9: qg pred=(1025, 1) vs obs=(1025, 1), p_wf pred=(1025, 1) vs p_obs=(1025, 1)
2026-02-14 23:30:10 - M5Trainer - INFO -   [shape] SY9: qg pred=(1025, 1) vs obs=(1025, 1), p_wf pred=(1025, 1) vs p_obs=(1025, 1)
2026-02-14 23:30:10 - M5Trainer - INFO -   [shape] SY9: qg pred=(1025, 1) vs obs=(1025, 1), p_wf pred=(1025, 1) vs p_obs=(1025, 1)
2026-02-14 23:30:10 - M5Trainer - INFO -   [shape] SY9: qg pred=(1025, 1) vs obs=(1025, 1), p_wf pred=(1025, 1) vs p_obs=(1025, 1)
2026-02-14 23:30:10 - M5Trainer - INFO -   [shape] SY9: qg pred=(1025, 1) vs obs=(1025, 1), p_wf pred=(1025, 1) vs p_obs=(1025, 1)
2026-02-14 23:30:10 - M5Trainer - INFO -   [shape] SY9: qg pred=(1025, 1) vs obs=(1025, 1), p_wf pred=(1025, 1) vs p_obs=(1025, 1)
2026-02-14 23:30:11 - M5Trainer - INFO -   [shape] SY9: qg pred=(1025, 1) vs obs=(1025, 1), p_wf pred=(1025, 1) vs p_obs=(1025, 1)
2026-02-14 23:30:11 - M5Trainer - INFO -   [shape] SY9: qg pred=(1025, 1) vs obs=(1025, 1), p_wf pred=(1025, 1) vs p_obs=(1025, 1)
2026-02-14 23:30:11 - M5Trainer - INFO -   [shape] SY9: qg pred=(1025, 1) vs obs=(1025, 1), p_wf pred=(1025, 1) vs p_obs=(1025, 1)
2026-02-14 23:30:11 - M5Trainer - INFO -   [shape] SY9: qg pred=(1025, 1) vs obs=(1025, 1), p_wf pred=(1025, 1) vs p_obs=(1025, 1)
2026-02-14 23:30:11 - M5Trainer - INFO -   [shape] SY9: qg pred=(1025, 1) vs obs=(1025, 1), p_wf pred=(1025, 1) vs p_obs=(1025, 1)
2026-02-14 23:30:12 - M5Trainer - INFO -   [shape] SY9: qg pred=(1025, 1) vs obs=(1025, 1), p_wf pred=(1025, 1) vs p_obs=(1025, 1)
2026-02-14 23:30:12 - M5Trainer - INFO -   [shape] SY9: qg pred=(1025, 1) vs obs=(1025, 1), p_wf pred=(1025, 1) vs p_obs=(1025, 1)
2026-02-14 23:30:12 - M5Trainer - INFO -   [shape] SY9: qg pred=(1025, 1) vs obs=(1025, 1), p_wf pred=(1025, 1) vs p_obs=(1025, 1)
2026-02-14 23:30:12 - M5Trainer - INFO -   [shape] SY9: qg pred=(1025, 1) vs obs=(1025, 1), p_wf pred=(1025, 1) vs p_obs=(1025, 1)
2026-02-14 23:30:12 - M5Trainer - INFO -   [shape] SY9: qg pred=(1025, 1) vs obs=(1025, 1), p_wf pred=(1025, 1) vs p_obs=(1025, 1)
2026-02-14 23:30:13 - M5Trainer - INFO -   [shape] SY9: qg pred=(1025, 1) vs obs=(1025, 1), p_wf pred=(1025, 1) vs p_obs=(1025, 1)
2026-02-14 23:30:13 - M5Trainer - INFO -   [shape] SY9: qg pred=(1025, 1) vs obs=(1025, 1), p_wf pred=(1025, 1) vs p_obs=(1025, 1)
2026-02-14 23:30:13 - M5Trainer - INFO -   [shape] SY9: qg pred=(1025, 1) vs obs=(1025, 1), p_wf pred=(1025, 1) vs p_obs=(1025, 1)
2026-02-14 23:30:13 - M5Trainer - INFO -   [shape] SY9: qg pred=(1025, 1) vs obs=(1025, 1), p_wf pred=(1025, 1) vs p_obs=(1025, 1)
2026-02-14 23:30:14 - M5Trainer - INFO -   [shape] SY9: qg pred=(1025, 1) vs obs=(1025, 1), p_wf pred=(1025, 1) vs p_obs=(1025, 1)
2026-02-14 23:30:14 - M5Trainer - INFO -   [shape] SY9: qg pred=(1025, 1) vs obs=(1025, 1), p_wf pred=(1025, 1) vs p_obs=(1025, 1)
2026-02-14 23:30:14 - M5Trainer - INFO -   [shape] SY9: qg pred=(1025, 1) vs obs=(1025, 1), p_wf pred=(1025, 1) vs p_obs=(1025, 1)
2026-02-14 23:30:14 - M5Trainer - INFO -   [shape] SY9: qg pred=(1025, 1) vs obs=(1025, 1), p_wf pred=(1025, 1) vs p_obs=(1025, 1)
2026-02-14 23:30:15 - M5Trainer - INFO -   [shape] SY9: qg pred=(1025, 1) vs obs=(1025, 1), p_wf pred=(1025, 1) vs p_obs=(1025, 1)
2026-02-14 23:30:15 - M5Trainer - INFO -   [shape] SY9: qg pred=(1025, 1) vs obs=(1025, 1), p_wf pred=(1025, 1) vs p_obs=(1025, 1)
2026-02-14 23:30:15 - M5Trainer - INFO -   [shape] SY9: qg pred=(1025, 1) vs obs=(1025, 1), p_wf pred=(1025, 1) vs p_obs=(1025, 1)
2026-02-14 23:30:15 - M5Trainer - INFO -   [shape] SY9: qg pred=(1025, 1) vs obs=(1025, 1), p_wf pred=(1025, 1) vs p_obs=(1025, 1)
2026-02-14 23:30:15 - M5Trainer - INFO -   [shape] SY9: qg pred=(1025, 1) vs obs=(1025, 1), p_wf pred=(1025, 1) vs p_obs=(1025, 1)
2026-02-14 23:30:16 - M5Trainer - INFO -   [shape] SY9: qg pred=(1025, 1) vs obs=(1025, 1), p_wf pred=(1025, 1) vs p_obs=(1025, 1)
2026-02-14 23:30:16 - M5Trainer - INFO -   [shape] SY9: qg pred=(1025, 1) vs obs=(1025, 1), p_wf pred=(1025, 1) vs p_obs=(1025, 1)
2026-02-14 23:30:16 - M5Trainer - INFO -   [shape] SY9: qg pred=(1025, 1) vs obs=(1025, 1), p_wf pred=(1025, 1) vs p_obs=(1025, 1)
2026-02-14 23:30:17 - M5Trainer - INFO -   [shape] SY9: qg pred=(1025, 1) vs obs=(1025, 1), p_wf pred=(1025, 1) vs p_obs=(1025, 1)
2026-02-14 23:30:17 - M5Trainer - INFO -   [shape] SY9: qg pred=(1025, 1) vs obs=(1025, 1), p_wf pred=(1025, 1) vs p_obs=(1025, 1)
2026-02-14 23:30:17 - M5Trainer - INFO -   [shape] SY9: qg pred=(1025, 1) vs obs=(1025, 1), p_wf pred=(1025, 1) vs p_obs=(1025, 1)
2026-02-14 23:30:17 - M5Trainer - INFO -   [shape] SY9: qg pred=(1025, 1) vs obs=(1025, 1), p_wf pred=(1025, 1) vs p_obs=(1025, 1)
2026-02-14 23:30:18 - M5Trainer - INFO -   [shape] SY9: qg pred=(1025, 1) vs obs=(1025, 1), p_wf pred=(1025, 1) vs p_obs=(1025, 1)
2026-02-14 23:30:18 - M5Trainer - INFO -   [shape] SY9: qg pred=(1025, 1) vs obs=(1025, 1), p_wf pred=(1025, 1) vs p_obs=(1025, 1)
2026-02-14 23:30:18 - M5Trainer - INFO -   [shape] SY9: qg pred=(1025, 1) vs obs=(1025, 1), p_wf pred=(1025, 1) vs p_obs=(1025, 1)
2026-02-14 23:30:18 - M5Trainer - INFO -   [shape] SY9: qg pred=(1025, 1) vs obs=(1025, 1), p_wf pred=(1025, 1) vs p_obs=(1025, 1)
2026-02-14 23:30:19 - M5Trainer - INFO -   [shape] SY9: qg pred=(1025, 1) vs obs=(1025, 1), p_wf pred=(1025, 1) vs p_obs=(1025, 1)
2026-02-14 23:30:19 - M5Trainer - INFO -   [shape] SY9: qg pred=(1025, 1) vs obs=(1025, 1), p_wf pred=(1025, 1) vs p_obs=(1025, 1)
2026-02-14 23:30:19 - M5Trainer - INFO -   [shape] SY9: qg pred=(1025, 1) vs obs=(1025, 1), p_wf pred=(1025, 1) vs p_obs=(1025, 1)
2026-02-14 23:30:19 - M5Trainer - INFO -   [shape] SY9: qg pred=(1025, 1) vs obs=(1025, 1), p_wf pred=(1025, 1) vs p_obs=(1025, 1)
2026-02-14 23:30:20 - M5Trainer - INFO -   [shape] SY9: qg pred=(1025, 1) vs obs=(1025, 1), p_wf pred=(1025, 1) vs p_obs=(1025, 1)
2026-02-14 23:30:20 - M5Trainer - INFO -   [shape] SY9: qg pred=(1025, 1) vs obs=(1025, 1), p_wf pred=(1025, 1) vs p_obs=(1025, 1)
2026-02-14 23:30:20 - M5Trainer - INFO -   [shape] SY9: qg pred=(1025, 1) vs obs=(1025, 1), p_wf pred=(1025, 1) vs p_obs=(1025, 1)
2026-02-14 23:30:20 - M5Trainer - INFO -   [shape] SY9: qg pred=(1025, 1) vs obs=(1025, 1), p_wf pred=(1025, 1) vs p_obs=(1025, 1)
2026-02-14 23:30:21 - M5Trainer - INFO -   [shape] SY9: qg pred=(1025, 1) vs obs=(1025, 1), p_wf pred=(1025, 1) vs p_obs=(1025, 1)
2026-02-14 23:30:21 - M5Trainer - INFO -   [shape] SY9: qg pred=(1025, 1) vs obs=(1025, 1), p_wf pred=(1025, 1) vs p_obs=(1025, 1)
2026-02-14 23:30:21 - M5Trainer - INFO -   [shape] SY9: qg pred=(1025, 1) vs obs=(1025, 1), p_wf pred=(1025, 1) vs p_obs=(1025, 1)
2026-02-14 23:30:21 - M5Trainer - INFO -   [shape] SY9: qg pred=(1025, 1) vs obs=(1025, 1), p_wf pred=(1025, 1) vs p_obs=(1025, 1)
2026-02-14 23:30:22 - M5Trainer - INFO -   [shape] SY9: qg pred=(1025, 1) vs obs=(1025, 1), p_wf pred=(1025, 1) vs p_obs=(1025, 1)
2026-02-14 23:30:22 - M5Trainer - INFO -   [shape] SY9: qg pred=(1025, 1) vs obs=(1025, 1), p_wf pred=(1025, 1) vs p_obs=(1025, 1)
2026-02-14 23:30:22 - M5Trainer - INFO -   [shape] SY9: qg pred=(1025, 1) vs obs=(1025, 1), p_wf pred=(1025, 1) vs p_obs=(1025, 1)
2026-02-14 23:30:23 - M5Trainer - INFO -   [shape] SY9: qg pred=(1025, 1) vs obs=(1025, 1), p_wf pred=(1025, 1) vs p_obs=(1025, 1)
2026-02-14 23:30:23 - M5Trainer - INFO -   [shape] SY9: qg pred=(1025, 1) vs obs=(1025, 1), p_wf pred=(1025, 1) vs p_obs=(1025, 1)
2026-02-14 23:30:23 - M5Trainer - INFO -   [shape] SY9: qg pred=(1025, 1) vs obs=(1025, 1), p_wf pred=(1025, 1) vs p_obs=(1025, 1)
2026-02-14 23:30:23 - M5Trainer - INFO -   [shape] SY9: qg pred=(1025, 1) vs obs=(1025, 1), p_wf pred=(1025, 1) vs p_obs=(1025, 1)
2026-02-14 23:30:24 - M5Trainer - INFO -   [shape] SY9: qg pred=(1025, 1) vs obs=(1025, 1), p_wf pred=(1025, 1) vs p_obs=(1025, 1)
2026-02-14 23:30:24 - M5Trainer - INFO -   [shape] SY9: qg pred=(1025, 1) vs obs=(1025, 1), p_wf pred=(1025, 1) vs p_obs=(1025, 1)
2026-02-14 23:30:24 - M5Trainer - INFO -   [shape] SY9: qg pred=(1025, 1) vs obs=(1025, 1), p_wf pred=(1025, 1) vs p_obs=(1025, 1)
2026-02-14 23:30:24 - M5Trainer - INFO -   [shape] SY9: qg pred=(1025, 1) vs obs=(1025, 1), p_wf pred=(1025, 1) vs p_obs=(1025, 1)
2026-02-14 23:30:25 - M5Trainer - INFO -   [shape] SY9: qg pred=(1025, 1) vs obs=(1025, 1), p_wf pred=(1025, 1) vs p_obs=(1025, 1)
2026-02-14 23:30:25 - M5Trainer - INFO -   [shape] SY9: qg pred=(1025, 1) vs obs=(1025, 1), p_wf pred=(1025, 1) vs p_obs=(1025, 1)
2026-02-14 23:30:25 - M5Trainer - INFO -   [shape] SY9: qg pred=(1025, 1) vs obs=(1025, 1), p_wf pred=(1025, 1) vs p_obs=(1025, 1)
2026-02-14 23:30:25 - M5Trainer - INFO -   [shape] SY9: qg pred=(1025, 1) vs obs=(1025, 1), p_wf pred=(1025, 1) vs p_obs=(1025, 1)
2026-02-14 23:30:26 - M5Trainer - INFO -   [shape] SY9: qg pred=(1025, 1) vs obs=(1025, 1), p_wf pred=(1025, 1) vs p_obs=(1025, 1)
2026-02-14 23:30:26 - M5Trainer - INFO -   [shape] SY9: qg pred=(1025, 1) vs obs=(1025, 1), p_wf pred=(1025, 1) vs p_obs=(1025, 1)
2026-02-14 23:30:26 - M5Trainer - INFO -   [shape] SY9: qg pred=(1025, 1) vs obs=(1025, 1), p_wf pred=(1025, 1) vs p_obs=(1025, 1)
2026-02-14 23:30:27 - M5Trainer - INFO -   [梯度验收] SY9: qg_obs range=[0.0, 838700.0]
2026-02-14 23:30:27 - M5Trainer - INFO - [Step   400/2000] Stage B | L=2.3335e+01 (IC=1.277e-02, BC=6.612e-03, PDE=7.470e+03, Qg=8.503e-01, SwB=1.520e-02) | k_frac=4.6927 mD, dp=11.85 MPa | Sw=[0.155,0.567] | 92.7s
2026-02-14 23:30:27 - M5Trainer - INFO -   [shape] SY9: qg pred=(1025, 1) vs obs=(1025, 1), p_wf pred=(1025, 1) vs p_obs=(1025, 1)
2026-02-14 23:30:27 - M5Trainer - INFO -   [shape] SY9: qg pred=(1025, 1) vs obs=(1025, 1), p_wf pred=(1025, 1) vs p_obs=(1025, 1)
2026-02-14 23:30:27 - M5Trainer - INFO -   [shape] SY9: qg pred=(1025, 1) vs obs=(1025, 1), p_wf pred=(1025, 1) vs p_obs=(1025, 1)
2026-02-14 23:30:28 - M5Trainer - INFO -   [shape] SY9: qg pred=(1025, 1) vs obs=(1025, 1), p_wf pred=(1025, 1) vs p_obs=(1025, 1)
2026-02-14 23:30:28 - M5Trainer - INFO -   [shape] SY9: qg pred=(1025, 1) vs obs=(1025, 1), p_wf pred=(1025, 1) vs p_obs=(1025, 1)
2026-02-14 23:30:28 - M5Trainer - INFO -   [shape] SY9: qg pred=(1025, 1) vs obs=(1025, 1), p_wf pred=(1025, 1) vs p_obs=(1025, 1)
2026-02-14 23:30:28 - M5Trainer - INFO -   [shape] SY9: qg pred=(1025, 1) vs obs=(1025, 1), p_wf pred=(1025, 1) vs p_obs=(1025, 1)
2026-02-14 23:30:29 - M5Trainer - INFO -   [shape] SY9: qg pred=(1025, 1) vs obs=(1025, 1), p_wf pred=(1025, 1) vs p_obs=(1025, 1)
2026-02-14 23:30:29 - M5Trainer - INFO -   [shape] SY9: qg pred=(1025, 1) vs obs=(1025, 1), p_wf pred=(1025, 1) vs p_obs=(1025, 1)
2026-02-14 23:30:29 - M5Trainer - INFO -   [shape] SY9: qg pred=(1025, 1) vs obs=(1025, 1), p_wf pred=(1025, 1) vs p_obs=(1025, 1)
2026-02-14 23:30:29 - M5Trainer - INFO -   [shape] SY9: qg pred=(1025, 1) vs obs=(1025, 1), p_wf pred=(1025, 1) vs p_obs=(1025, 1)
2026-02-14 23:30:30 - M5Trainer - INFO -   [shape] SY9: qg pred=(1025, 1) vs obs=(1025, 1), p_wf pred=(1025, 1) vs p_obs=(1025, 1)
2026-02-14 23:30:30 - M5Trainer - INFO -   [shape] SY9: qg pred=(1025, 1) vs obs=(1025, 1), p_wf pred=(1025, 1) vs p_obs=(1025, 1)
2026-02-14 23:30:30 - M5Trainer - INFO -   [shape] SY9: qg pred=(1025, 1) vs obs=(1025, 1), p_wf pred=(1025, 1) vs p_obs=(1025, 1)
2026-02-14 23:30:30 - M5Trainer - INFO -   [shape] SY9: qg pred=(1025, 1) vs obs=(1025, 1), p_wf pred=(1025, 1) vs p_obs=(1025, 1)
2026-02-14 23:30:31 - M5Trainer - INFO -   [shape] SY9: qg pred=(1025, 1) vs obs=(1025, 1), p_wf pred=(1025, 1) vs p_obs=(1025, 1)
2026-02-14 23:30:31 - M5Trainer - INFO -   [shape] SY9: qg pred=(1025, 1) vs obs=(1025, 1), p_wf pred=(1025, 1) vs p_obs=(1025, 1)
2026-02-14 23:30:31 - M5Trainer - INFO -   [shape] SY9: qg pred=(1025, 1) vs obs=(1025, 1), p_wf pred=(1025, 1) vs p_obs=(1025, 1)
2026-02-14 23:30:32 - M5Trainer - INFO -   [shape] SY9: qg pred=(1025, 1) vs obs=(1025, 1), p_wf pred=(1025, 1) vs p_obs=(1025, 1)
2026-02-14 23:30:32 - M5Trainer - INFO -   [shape] SY9: qg pred=(1025, 1) vs obs=(1025, 1), p_wf pred=(1025, 1) vs p_obs=(1025, 1)
2026-02-14 23:30:32 - M5Trainer - INFO -   [shape] SY9: qg pred=(1025, 1) vs obs=(1025, 1), p_wf pred=(1025, 1) vs p_obs=(1025, 1)
2026-02-14 23:30:32 - M5Trainer - INFO -   [shape] SY9: qg pred=(1025, 1) vs obs=(1025, 1), p_wf pred=(1025, 1) vs p_obs=(1025, 1)
2026-02-14 23:30:33 - M5Trainer - INFO -   [shape] SY9: qg pred=(1025, 1) vs obs=(1025, 1), p_wf pred=(1025, 1) vs p_obs=(1025, 1)
2026-02-14 23:30:33 - M5Trainer - INFO -   [shape] SY9: qg pred=(1025, 1) vs obs=(1025, 1), p_wf pred=(1025, 1) vs p_obs=(1025, 1)
2026-02-14 23:30:33 - M5Trainer - INFO -   [shape] SY9: qg pred=(1025, 1) vs obs=(1025, 1), p_wf pred=(1025, 1) vs p_obs=(1025, 1)
2026-02-14 23:30:33 - M5Trainer - INFO -   [shape] SY9: qg pred=(1025, 1) vs obs=(1025, 1), p_wf pred=(1025, 1) vs p_obs=(1025, 1)
2026-02-14 23:30:34 - M5Trainer - INFO -   [shape] SY9: qg pred=(1025, 1) vs obs=(1025, 1), p_wf pred=(1025, 1) vs p_obs=(1025, 1)
2026-02-14 23:30:34 - M5Trainer - INFO -   [shape] SY9: qg pred=(1025, 1) vs obs=(1025, 1), p_wf pred=(1025, 1) vs p_obs=(1025, 1)
2026-02-14 23:30:34 - M5Trainer - INFO -   [shape] SY9: qg pred=(1025, 1) vs obs=(1025, 1), p_wf pred=(1025, 1) vs p_obs=(1025, 1)
2026-02-14 23:30:35 - M5Trainer - INFO -   [shape] SY9: qg pred=(1025, 1) vs obs=(1025, 1), p_wf pred=(1025, 1) vs p_obs=(1025, 1)
2026-02-14 23:30:35 - M5Trainer - INFO -   [shape] SY9: qg pred=(1025, 1) vs obs=(1025, 1), p_wf pred=(1025, 1) vs p_obs=(1025, 1)
2026-02-14 23:30:35 - M5Trainer - INFO -   [shape] SY9: qg pred=(1025, 1) vs obs=(1025, 1), p_wf pred=(1025, 1) vs p_obs=(1025, 1)
2026-02-14 23:30:35 - M5Trainer - INFO -   [shape] SY9: qg pred=(1025, 1) vs obs=(1025, 1), p_wf pred=(1025, 1) vs p_obs=(1025, 1)
2026-02-14 23:30:36 - M5Trainer - INFO -   [shape] SY9: qg pred=(1025, 1) vs obs=(1025, 1), p_wf pred=(1025, 1) vs p_obs=(1025, 1)
2026-02-14 23:30:36 - M5Trainer - INFO -   [shape] SY9: qg pred=(1025, 1) vs obs=(1025, 1), p_wf pred=(1025, 1) vs p_obs=(1025, 1)
2026-02-14 23:30:36 - M5Trainer - INFO -   [shape] SY9: qg pred=(1025, 1) vs obs=(1025, 1), p_wf pred=(1025, 1) vs p_obs=(1025, 1)
2026-02-14 23:30:36 - M5Trainer - INFO -   [shape] SY9: qg pred=(1025, 1) vs obs=(1025, 1), p_wf pred=(1025, 1) vs p_obs=(1025, 1)
2026-02-14 23:30:37 - M5Trainer - INFO -   [shape] SY9: qg pred=(1025, 1) vs obs=(1025, 1), p_wf pred=(1025, 1) vs p_obs=(1025, 1)
2026-02-14 23:30:37 - M5Trainer - INFO -   [shape] SY9: qg pred=(1025, 1) vs obs=(1025, 1), p_wf pred=(1025, 1) vs p_obs=(1025, 1)
2026-02-14 23:30:37 - M5Trainer - INFO -   [shape] SY9: qg pred=(1025, 1) vs obs=(1025, 1), p_wf pred=(1025, 1) vs p_obs=(1025, 1)
2026-02-14 23:30:38 - M5Trainer - INFO -   [shape] SY9: qg pred=(1025, 1) vs obs=(1025, 1), p_wf pred=(1025, 1) vs p_obs=(1025, 1)
2026-02-14 23:30:38 - M5Trainer - INFO -   [shape] SY9: qg pred=(1025, 1) vs obs=(1025, 1), p_wf pred=(1025, 1) vs p_obs=(1025, 1)
2026-02-14 23:30:38 - M5Trainer - INFO -   [shape] SY9: qg pred=(1025, 1) vs obs=(1025, 1), p_wf pred=(1025, 1) vs p_obs=(1025, 1)
2026-02-14 23:30:38 - M5Trainer - INFO -   [shape] SY9: qg pred=(1025, 1) vs obs=(1025, 1), p_wf pred=(1025, 1) vs p_obs=(1025, 1)
2026-02-14 23:30:39 - M5Trainer - INFO -   [shape] SY9: qg pred=(1025, 1) vs obs=(1025, 1), p_wf pred=(1025, 1) vs p_obs=(1025, 1)
2026-02-14 23:30:39 - M5Trainer - INFO -   [shape] SY9: qg pred=(1025, 1) vs obs=(1025, 1), p_wf pred=(1025, 1) vs p_obs=(1025, 1)
2026-02-14 23:30:39 - M5Trainer - INFO -   [shape] SY9: qg pred=(1025, 1) vs obs=(1025, 1), p_wf pred=(1025, 1) vs p_obs=(1025, 1)
2026-02-14 23:30:39 - M5Trainer - INFO -   [shape] SY9: qg pred=(1025, 1) vs obs=(1025, 1), p_wf pred=(1025, 1) vs p_obs=(1025, 1)
2026-02-14 23:30:40 - M5Trainer - INFO -   [shape] SY9: qg pred=(1025, 1) vs obs=(1025, 1), p_wf pred=(1025, 1) vs p_obs=(1025, 1)
2026-02-14 23:30:40 - M5Trainer - INFO -   [shape] SY9: qg pred=(1025, 1) vs obs=(1025, 1), p_wf pred=(1025, 1) vs p_obs=(1025, 1)
2026-02-14 23:30:40 - M5Trainer - INFO -   [shape] SY9: qg pred=(1025, 1) vs obs=(1025, 1), p_wf pred=(1025, 1) vs p_obs=(1025, 1)
2026-02-14 23:30:41 - M5Trainer - INFO -   [shape] SY9: qg pred=(1025, 1) vs obs=(1025, 1), p_wf pred=(1025, 1) vs p_obs=(1025, 1)
2026-02-14 23:30:41 - M5Trainer - INFO -   [shape] SY9: qg pred=(1025, 1) vs obs=(1025, 1), p_wf pred=(1025, 1) vs p_obs=(1025, 1)
2026-02-14 23:30:41 - M5Trainer - INFO -   [shape] SY9: qg pred=(1025, 1) vs obs=(1025, 1), p_wf pred=(1025, 1) vs p_obs=(1025, 1)
2026-02-14 23:30:41 - M5Trainer - INFO -   [shape] SY9: qg pred=(1025, 1) vs obs=(1025, 1), p_wf pred=(1025, 1) vs p_obs=(1025, 1)
2026-02-14 23:30:42 - M5Trainer - INFO -   [shape] SY9: qg pred=(1025, 1) vs obs=(1025, 1), p_wf pred=(1025, 1) vs p_obs=(1025, 1)
2026-02-14 23:30:42 - M5Trainer - INFO -   [shape] SY9: qg pred=(1025, 1) vs obs=(1025, 1), p_wf pred=(1025, 1) vs p_obs=(1025, 1)
2026-02-14 23:30:42 - M5Trainer - INFO -   [shape] SY9: qg pred=(1025, 1) vs obs=(1025, 1), p_wf pred=(1025, 1) vs p_obs=(1025, 1)
2026-02-14 23:30:43 - M5Trainer - INFO -   [shape] SY9: qg pred=(1025, 1) vs obs=(1025, 1), p_wf pred=(1025, 1) vs p_obs=(1025, 1)
2026-02-14 23:30:43 - M5Trainer - INFO -   [shape] SY9: qg pred=(1025, 1) vs obs=(1025, 1), p_wf pred=(1025, 1) vs p_obs=(1025, 1)
2026-02-14 23:30:43 - M5Trainer - INFO -   [shape] SY9: qg pred=(1025, 1) vs obs=(1025, 1), p_wf pred=(1025, 1) vs p_obs=(1025, 1)
2026-02-14 23:30:43 - M5Trainer - INFO -   [shape] SY9: qg pred=(1025, 1) vs obs=(1025, 1), p_wf pred=(1025, 1) vs p_obs=(1025, 1)
2026-02-14 23:30:44 - M5Trainer - INFO -   [shape] SY9: qg pred=(1025, 1) vs obs=(1025, 1), p_wf pred=(1025, 1) vs p_obs=(1025, 1)
2026-02-14 23:30:44 - M5Trainer - INFO -   [shape] SY9: qg pred=(1025, 1) vs obs=(1025, 1), p_wf pred=(1025, 1) vs p_obs=(1025, 1)
2026-02-14 23:30:44 - M5Trainer - INFO -   [shape] SY9: qg pred=(1025, 1) vs obs=(1025, 1), p_wf pred=(1025, 1) vs p_obs=(1025, 1)
2026-02-14 23:30:45 - M5Trainer - INFO -   [shape] SY9: qg pred=(1025, 1) vs obs=(1025, 1), p_wf pred=(1025, 1) vs p_obs=(1025, 1)
2026-02-14 23:30:45 - M5Trainer - INFO -   [shape] SY9: qg pred=(1025, 1) vs obs=(1025, 1), p_wf pred=(1025, 1) vs p_obs=(1025, 1)
2026-02-14 23:30:45 - M5Trainer - INFO -   [shape] SY9: qg pred=(1025, 1) vs obs=(1025, 1), p_wf pred=(1025, 1) vs p_obs=(1025, 1)
2026-02-14 23:30:45 - M5Trainer - INFO -   [shape] SY9: qg pred=(1025, 1) vs obs=(1025, 1), p_wf pred=(1025, 1) vs p_obs=(1025, 1)
2026-02-14 23:30:46 - M5Trainer - INFO -   [shape] SY9: qg pred=(1025, 1) vs obs=(1025, 1), p_wf pred=(1025, 1) vs p_obs=(1025, 1)
2026-02-14 23:30:46 - M5Trainer - INFO -   [shape] SY9: qg pred=(1025, 1) vs obs=(1025, 1), p_wf pred=(1025, 1) vs p_obs=(1025, 1)
2026-02-14 23:30:47 - M5Trainer - INFO -   [shape] SY9: qg pred=(1025, 1) vs obs=(1025, 1), p_wf pred=(1025, 1) vs p_obs=(1025, 1)
2026-02-14 23:30:47 - M5Trainer - INFO -   [shape] SY9: qg pred=(1025, 1) vs obs=(1025, 1), p_wf pred=(1025, 1) vs p_obs=(1025, 1)
2026-02-14 23:30:47 - M5Trainer - INFO -   [shape] SY9: qg pred=(1025, 1) vs obs=(1025, 1), p_wf pred=(1025, 1) vs p_obs=(1025, 1)
2026-02-14 23:30:47 - M5Trainer - INFO -   [shape] SY9: qg pred=(1025, 1) vs obs=(1025, 1), p_wf pred=(1025, 1) vs p_obs=(1025, 1)
2026-02-14 23:30:48 - M5Trainer - INFO -   [shape] SY9: qg pred=(1025, 1) vs obs=(1025, 1), p_wf pred=(1025, 1) vs p_obs=(1025, 1)
2026-02-14 23:30:48 - M5Trainer - INFO -   [shape] SY9: qg pred=(1025, 1) vs obs=(1025, 1), p_wf pred=(1025, 1) vs p_obs=(1025, 1)
2026-02-14 23:30:48 - M5Trainer - INFO -   [shape] SY9: qg pred=(1025, 1) vs obs=(1025, 1), p_wf pred=(1025, 1) vs p_obs=(1025, 1)
2026-02-14 23:30:48 - M5Trainer - INFO -   [shape] SY9: qg pred=(1025, 1) vs obs=(1025, 1), p_wf pred=(1025, 1) vs p_obs=(1025, 1)
2026-02-14 23:30:49 - M5Trainer - INFO -   [shape] SY9: qg pred=(1025, 1) vs obs=(1025, 1), p_wf pred=(1025, 1) vs p_obs=(1025, 1)
2026-02-14 23:30:49 - M5Trainer - INFO -   [shape] SY9: qg pred=(1025, 1) vs obs=(1025, 1), p_wf pred=(1025, 1) vs p_obs=(1025, 1)
2026-02-14 23:30:49 - M5Trainer - INFO -   [shape] SY9: qg pred=(1025, 1) vs obs=(1025, 1), p_wf pred=(1025, 1) vs p_obs=(1025, 1)
2026-02-14 23:30:50 - M5Trainer - INFO -   [shape] SY9: qg pred=(1025, 1) vs obs=(1025, 1), p_wf pred=(1025, 1) vs p_obs=(1025, 1)
2026-02-14 23:30:50 - M5Trainer - INFO -   [shape] SY9: qg pred=(1025, 1) vs obs=(1025, 1), p_wf pred=(1025, 1) vs p_obs=(1025, 1)
2026-02-14 23:30:50 - M5Trainer - INFO -   [shape] SY9: qg pred=(1025, 1) vs obs=(1025, 1), p_wf pred=(1025, 1) vs p_obs=(1025, 1)
2026-02-14 23:30:51 - M5Trainer - INFO -   [shape] SY9: qg pred=(1025, 1) vs obs=(1025, 1), p_wf pred=(1025, 1) vs p_obs=(1025, 1)
2026-02-14 23:30:51 - M5Trainer - INFO -   [shape] SY9: qg pred=(1025, 1) vs obs=(1025, 1), p_wf pred=(1025, 1) vs p_obs=(1025, 1)
2026-02-14 23:30:51 - M5Trainer - INFO -   [shape] SY9: qg pred=(1025, 1) vs obs=(1025, 1), p_wf pred=(1025, 1) vs p_obs=(1025, 1)
2026-02-14 23:30:52 - M5Trainer - INFO -   [shape] SY9: qg pred=(1025, 1) vs obs=(1025, 1), p_wf pred=(1025, 1) vs p_obs=(1025, 1)
2026-02-14 23:30:52 - M5Trainer - INFO -   [shape] SY9: qg pred=(1025, 1) vs obs=(1025, 1), p_wf pred=(1025, 1) vs p_obs=(1025, 1)
2026-02-14 23:30:52 - M5Trainer - INFO -   [shape] SY9: qg pred=(1025, 1) vs obs=(1025, 1), p_wf pred=(1025, 1) vs p_obs=(1025, 1)
2026-02-14 23:30:52 - M5Trainer - INFO -   [shape] SY9: qg pred=(1025, 1) vs obs=(1025, 1), p_wf pred=(1025, 1) vs p_obs=(1025, 1)
2026-02-14 23:30:53 - M5Trainer - INFO -   [shape] SY9: qg pred=(1025, 1) vs obs=(1025, 1), p_wf pred=(1025, 1) vs p_obs=(1025, 1)
2026-02-14 23:30:53 - M5Trainer - INFO -   [shape] SY9: qg pred=(1025, 1) vs obs=(1025, 1), p_wf pred=(1025, 1) vs p_obs=(1025, 1)
2026-02-14 23:30:53 - M5Trainer - INFO -   [shape] SY9: qg pred=(1025, 1) vs obs=(1025, 1), p_wf pred=(1025, 1) vs p_obs=(1025, 1)
2026-02-14 23:30:54 - M5Trainer - INFO -   [shape] SY9: qg pred=(1025, 1) vs obs=(1025, 1), p_wf pred=(1025, 1) vs p_obs=(1025, 1)
2026-02-14 23:30:54 - M5Trainer - INFO -   [shape] SY9: qg pred=(1025, 1) vs obs=(1025, 1), p_wf pred=(1025, 1) vs p_obs=(1025, 1)
2026-02-14 23:30:54 - M5Trainer - INFO -   [shape] SY9: qg pred=(1025, 1) vs obs=(1025, 1), p_wf pred=(1025, 1) vs p_obs=(1025, 1)
2026-02-14 23:30:55 - M5Trainer - INFO -   [shape] SY9: qg pred=(1025, 1) vs obs=(1025, 1), p_wf pred=(1025, 1) vs p_obs=(1025, 1)
2026-02-14 23:30:55 - M5Trainer - INFO -   [shape] SY9: qg pred=(1025, 1) vs obs=(1025, 1), p_wf pred=(1025, 1) vs p_obs=(1025, 1)
2026-02-14 23:30:55 - M5Trainer - INFO -   [Sw监控] SY9: Sw=[0.8718, 0.8754, 0.8769], krg_min=5.576775e-03
2026-02-14 23:30:55 - M5Trainer - INFO - [Step   500/2000] Stage B | L=3.0165e+01 (IC=1.172e-02, BC=6.347e-03, PDE=3.616e+03, Qg=8.548e-01, SwB=1.749e-02) | k_frac=4.6880 mD, dp=11.85 MPa | Sw=[0.156,0.876] | 121.5s
2026-02-14 23:30:55 - M5Trainer - INFO -   [k_frac诊断] grad=3.3258e-04, k_frac=4.688022 mD
2026-02-14 23:30:55 - M5Trainer - INFO -   [shape] SY9: qg pred=(1025, 1) vs obs=(1025, 1), p_wf pred=(1025, 1) vs p_obs=(1025, 1)
2026-02-14 23:30:56 - M5Trainer - INFO -   [shape] SY9: qg pred=(1025, 1) vs obs=(1025, 1), p_wf pred=(1025, 1) vs p_obs=(1025, 1)
2026-02-14 23:30:56 - M5Trainer - INFO -   [shape] SY9: qg pred=(1025, 1) vs obs=(1025, 1), p_wf pred=(1025, 1) vs p_obs=(1025, 1)
2026-02-14 23:30:56 - M5Trainer - INFO -   [shape] SY9: qg pred=(1025, 1) vs obs=(1025, 1), p_wf pred=(1025, 1) vs p_obs=(1025, 1)
2026-02-14 23:30:57 - M5Trainer - INFO -   [shape] SY9: qg pred=(1025, 1) vs obs=(1025, 1), p_wf pred=(1025, 1) vs p_obs=(1025, 1)
2026-02-14 23:30:57 - M5Trainer - INFO -   [shape] SY9: qg pred=(1025, 1) vs obs=(1025, 1), p_wf pred=(1025, 1) vs p_obs=(1025, 1)
2026-02-14 23:30:57 - M5Trainer - INFO -   [shape] SY9: qg pred=(1025, 1) vs obs=(1025, 1), p_wf pred=(1025, 1) vs p_obs=(1025, 1)
2026-02-14 23:30:58 - M5Trainer - INFO -   [shape] SY9: qg pred=(1025, 1) vs obs=(1025, 1), p_wf pred=(1025, 1) vs p_obs=(1025, 1)
2026-02-14 23:30:58 - M5Trainer - INFO -   [shape] SY9: qg pred=(1025, 1) vs obs=(1025, 1), p_wf pred=(1025, 1) vs p_obs=(1025, 1)
2026-02-14 23:30:58 - M5Trainer - INFO -   [shape] SY9: qg pred=(1025, 1) vs obs=(1025, 1), p_wf pred=(1025, 1) vs p_obs=(1025, 1)
2026-02-14 23:30:59 - M5Trainer - INFO -   [shape] SY9: qg pred=(1025, 1) vs obs=(1025, 1), p_wf pred=(1025, 1) vs p_obs=(1025, 1)
2026-02-14 23:30:59 - M5Trainer - INFO -   [shape] SY9: qg pred=(1025, 1) vs obs=(1025, 1), p_wf pred=(1025, 1) vs p_obs=(1025, 1)
2026-02-14 23:30:59 - M5Trainer - INFO -   [shape] SY9: qg pred=(1025, 1) vs obs=(1025, 1), p_wf pred=(1025, 1) vs p_obs=(1025, 1)
2026-02-14 23:30:59 - M5Trainer - INFO -   [shape] SY9: qg pred=(1025, 1) vs obs=(1025, 1), p_wf pred=(1025, 1) vs p_obs=(1025, 1)
2026-02-14 23:31:00 - M5Trainer - INFO -   [shape] SY9: qg pred=(1025, 1) vs obs=(1025, 1), p_wf pred=(1025, 1) vs p_obs=(1025, 1)
2026-02-14 23:31:00 - M5Trainer - INFO -   [shape] SY9: qg pred=(1025, 1) vs obs=(1025, 1), p_wf pred=(1025, 1) vs p_obs=(1025, 1)
2026-02-14 23:31:00 - M5Trainer - INFO -   [shape] SY9: qg pred=(1025, 1) vs obs=(1025, 1), p_wf pred=(1025, 1) vs p_obs=(1025, 1)
2026-02-14 23:31:00 - M5Trainer - INFO -   [shape] SY9: qg pred=(1025, 1) vs obs=(1025, 1), p_wf pred=(1025, 1) vs p_obs=(1025, 1)
2026-02-14 23:31:01 - M5Trainer - INFO -   [shape] SY9: qg pred=(1025, 1) vs obs=(1025, 1), p_wf pred=(1025, 1) vs p_obs=(1025, 1)
2026-02-14 23:31:01 - M5Trainer - INFO -   [shape] SY9: qg pred=(1025, 1) vs obs=(1025, 1), p_wf pred=(1025, 1) vs p_obs=(1025, 1)
2026-02-14 23:31:01 - M5Trainer - INFO -   [shape] SY9: qg pred=(1025, 1) vs obs=(1025, 1), p_wf pred=(1025, 1) vs p_obs=(1025, 1)
2026-02-14 23:31:02 - M5Trainer - INFO -   [shape] SY9: qg pred=(1025, 1) vs obs=(1025, 1), p_wf pred=(1025, 1) vs p_obs=(1025, 1)
2026-02-14 23:31:02 - M5Trainer - INFO -   [shape] SY9: qg pred=(1025, 1) vs obs=(1025, 1), p_wf pred=(1025, 1) vs p_obs=(1025, 1)
2026-02-14 23:31:02 - M5Trainer - INFO -   [shape] SY9: qg pred=(1025, 1) vs obs=(1025, 1), p_wf pred=(1025, 1) vs p_obs=(1025, 1)
2026-02-14 23:31:03 - M5Trainer - INFO -   [shape] SY9: qg pred=(1025, 1) vs obs=(1025, 1), p_wf pred=(1025, 1) vs p_obs=(1025, 1)
2026-02-14 23:31:03 - M5Trainer - INFO -   [shape] SY9: qg pred=(1025, 1) vs obs=(1025, 1), p_wf pred=(1025, 1) vs p_obs=(1025, 1)
2026-02-14 23:31:03 - M5Trainer - INFO -   [shape] SY9: qg pred=(1025, 1) vs obs=(1025, 1), p_wf pred=(1025, 1) vs p_obs=(1025, 1)
2026-02-14 23:31:03 - M5Trainer - INFO -   [shape] SY9: qg pred=(1025, 1) vs obs=(1025, 1), p_wf pred=(1025, 1) vs p_obs=(1025, 1)
2026-02-14 23:31:04 - M5Trainer - INFO -   [shape] SY9: qg pred=(1025, 1) vs obs=(1025, 1), p_wf pred=(1025, 1) vs p_obs=(1025, 1)
2026-02-14 23:31:04 - M5Trainer - INFO -   [shape] SY9: qg pred=(1025, 1) vs obs=(1025, 1), p_wf pred=(1025, 1) vs p_obs=(1025, 1)
2026-02-14 23:31:04 - M5Trainer - INFO -   [shape] SY9: qg pred=(1025, 1) vs obs=(1025, 1), p_wf pred=(1025, 1) vs p_obs=(1025, 1)
2026-02-14 23:31:05 - M5Trainer - INFO -   [shape] SY9: qg pred=(1025, 1) vs obs=(1025, 1), p_wf pred=(1025, 1) vs p_obs=(1025, 1)
2026-02-14 23:31:05 - M5Trainer - INFO -   [shape] SY9: qg pred=(1025, 1) vs obs=(1025, 1), p_wf pred=(1025, 1) vs p_obs=(1025, 1)
2026-02-14 23:31:05 - M5Trainer - INFO -   [shape] SY9: qg pred=(1025, 1) vs obs=(1025, 1), p_wf pred=(1025, 1) vs p_obs=(1025, 1)
2026-02-14 23:31:05 - M5Trainer - INFO -   [shape] SY9: qg pred=(1025, 1) vs obs=(1025, 1), p_wf pred=(1025, 1) vs p_obs=(1025, 1)
2026-02-14 23:31:06 - M5Trainer - INFO -   [shape] SY9: qg pred=(1025, 1) vs obs=(1025, 1), p_wf pred=(1025, 1) vs p_obs=(1025, 1)
2026-02-14 23:31:06 - M5Trainer - INFO -   [shape] SY9: qg pred=(1025, 1) vs obs=(1025, 1), p_wf pred=(1025, 1) vs p_obs=(1025, 1)
2026-02-14 23:31:06 - M5Trainer - INFO -   [shape] SY9: qg pred=(1025, 1) vs obs=(1025, 1), p_wf pred=(1025, 1) vs p_obs=(1025, 1)
2026-02-14 23:31:07 - M5Trainer - INFO -   [shape] SY9: qg pred=(1025, 1) vs obs=(1025, 1), p_wf pred=(1025, 1) vs p_obs=(1025, 1)
2026-02-14 23:31:07 - M5Trainer - INFO -   [shape] SY9: qg pred=(1025, 1) vs obs=(1025, 1), p_wf pred=(1025, 1) vs p_obs=(1025, 1)
2026-02-14 23:31:07 - M5Trainer - INFO -   [shape] SY9: qg pred=(1025, 1) vs obs=(1025, 1), p_wf pred=(1025, 1) vs p_obs=(1025, 1)
2026-02-14 23:31:07 - M5Trainer - INFO -   [shape] SY9: qg pred=(1025, 1) vs obs=(1025, 1), p_wf pred=(1025, 1) vs p_obs=(1025, 1)
2026-02-14 23:31:08 - M5Trainer - INFO -   [shape] SY9: qg pred=(1025, 1) vs obs=(1025, 1), p_wf pred=(1025, 1) vs p_obs=(1025, 1)
2026-02-14 23:31:08 - M5Trainer - INFO -   [shape] SY9: qg pred=(1025, 1) vs obs=(1025, 1), p_wf pred=(1025, 1) vs p_obs=(1025, 1)
2026-02-14 23:31:08 - M5Trainer - INFO -   [shape] SY9: qg pred=(1025, 1) vs obs=(1025, 1), p_wf pred=(1025, 1) vs p_obs=(1025, 1)
2026-02-14 23:31:09 - M5Trainer - INFO -   [shape] SY9: qg pred=(1025, 1) vs obs=(1025, 1), p_wf pred=(1025, 1) vs p_obs=(1025, 1)
2026-02-14 23:31:09 - M5Trainer - INFO -   [shape] SY9: qg pred=(1025, 1) vs obs=(1025, 1), p_wf pred=(1025, 1) vs p_obs=(1025, 1)
2026-02-14 23:31:09 - M5Trainer - INFO -   [shape] SY9: qg pred=(1025, 1) vs obs=(1025, 1), p_wf pred=(1025, 1) vs p_obs=(1025, 1)
2026-02-14 23:31:10 - M5Trainer - INFO -   [shape] SY9: qg pred=(1025, 1) vs obs=(1025, 1), p_wf pred=(1025, 1) vs p_obs=(1025, 1)
2026-02-14 23:31:10 - M5Trainer - INFO -   [shape] SY9: qg pred=(1025, 1) vs obs=(1025, 1), p_wf pred=(1025, 1) vs p_obs=(1025, 1)
2026-02-14 23:31:10 - M5Trainer - INFO -   [shape] SY9: qg pred=(1025, 1) vs obs=(1025, 1), p_wf pred=(1025, 1) vs p_obs=(1025, 1)
2026-02-14 23:31:10 - M5Trainer - INFO -   [shape] SY9: qg pred=(1025, 1) vs obs=(1025, 1), p_wf pred=(1025, 1) vs p_obs=(1025, 1)
2026-02-14 23:31:11 - M5Trainer - INFO -   [shape] SY9: qg pred=(1025, 1) vs obs=(1025, 1), p_wf pred=(1025, 1) vs p_obs=(1025, 1)
2026-02-14 23:31:11 - M5Trainer - INFO -   [shape] SY9: qg pred=(1025, 1) vs obs=(1025, 1), p_wf pred=(1025, 1) vs p_obs=(1025, 1)
2026-02-14 23:31:11 - M5Trainer - INFO -   [shape] SY9: qg pred=(1025, 1) vs obs=(1025, 1), p_wf pred=(1025, 1) vs p_obs=(1025, 1)
2026-02-14 23:31:12 - M5Trainer - INFO -   [shape] SY9: qg pred=(1025, 1) vs obs=(1025, 1), p_wf pred=(1025, 1) vs p_obs=(1025, 1)
2026-02-14 23:31:12 - M5Trainer - INFO -   [shape] SY9: qg pred=(1025, 1) vs obs=(1025, 1), p_wf pred=(1025, 1) vs p_obs=(1025, 1)
2026-02-14 23:31:12 - M5Trainer - INFO -   [shape] SY9: qg pred=(1025, 1) vs obs=(1025, 1), p_wf pred=(1025, 1) vs p_obs=(1025, 1)
2026-02-14 23:31:12 - M5Trainer - INFO -   [shape] SY9: qg pred=(1025, 1) vs obs=(1025, 1), p_wf pred=(1025, 1) vs p_obs=(1025, 1)
2026-02-14 23:31:13 - M5Trainer - INFO -   [shape] SY9: qg pred=(1025, 1) vs obs=(1025, 1), p_wf pred=(1025, 1) vs p_obs=(1025, 1)
2026-02-14 23:31:13 - M5Trainer - INFO -   [shape] SY9: qg pred=(1025, 1) vs obs=(1025, 1), p_wf pred=(1025, 1) vs p_obs=(1025, 1)
2026-02-14 23:31:13 - M5Trainer - INFO -   [shape] SY9: qg pred=(1025, 1) vs obs=(1025, 1), p_wf pred=(1025, 1) vs p_obs=(1025, 1)
2026-02-14 23:31:13 - M5Trainer - INFO -   [shape] SY9: qg pred=(1025, 1) vs obs=(1025, 1), p_wf pred=(1025, 1) vs p_obs=(1025, 1)
2026-02-14 23:31:14 - M5Trainer - INFO -   [shape] SY9: qg pred=(1025, 1) vs obs=(1025, 1), p_wf pred=(1025, 1) vs p_obs=(1025, 1)
2026-02-14 23:31:14 - M5Trainer - INFO -   [shape] SY9: qg pred=(1025, 1) vs obs=(1025, 1), p_wf pred=(1025, 1) vs p_obs=(1025, 1)
2026-02-14 23:31:14 - M5Trainer - INFO -   [shape] SY9: qg pred=(1025, 1) vs obs=(1025, 1), p_wf pred=(1025, 1) vs p_obs=(1025, 1)
2026-02-14 23:31:14 - M5Trainer - INFO -   [shape] SY9: qg pred=(1025, 1) vs obs=(1025, 1), p_wf pred=(1025, 1) vs p_obs=(1025, 1)
2026-02-14 23:31:15 - M5Trainer - INFO -   [shape] SY9: qg pred=(1025, 1) vs obs=(1025, 1), p_wf pred=(1025, 1) vs p_obs=(1025, 1)
2026-02-14 23:31:15 - M5Trainer - INFO -   [shape] SY9: qg pred=(1025, 1) vs obs=(1025, 1), p_wf pred=(1025, 1) vs p_obs=(1025, 1)
2026-02-14 23:31:15 - M5Trainer - INFO -   [shape] SY9: qg pred=(1025, 1) vs obs=(1025, 1), p_wf pred=(1025, 1) vs p_obs=(1025, 1)
2026-02-14 23:31:15 - M5Trainer - INFO -   [shape] SY9: qg pred=(1025, 1) vs obs=(1025, 1), p_wf pred=(1025, 1) vs p_obs=(1025, 1)
2026-02-14 23:31:15 - M5Trainer - INFO -   [shape] SY9: qg pred=(1025, 1) vs obs=(1025, 1), p_wf pred=(1025, 1) vs p_obs=(1025, 1)
2026-02-14 23:31:16 - M5Trainer - INFO -   [shape] SY9: qg pred=(1025, 1) vs obs=(1025, 1), p_wf pred=(1025, 1) vs p_obs=(1025, 1)
2026-02-14 23:31:16 - M5Trainer - INFO -   [shape] SY9: qg pred=(1025, 1) vs obs=(1025, 1), p_wf pred=(1025, 1) vs p_obs=(1025, 1)
2026-02-14 23:31:16 - M5Trainer - INFO -   [shape] SY9: qg pred=(1025, 1) vs obs=(1025, 1), p_wf pred=(1025, 1) vs p_obs=(1025, 1)
2026-02-14 23:31:16 - M5Trainer - INFO -   [shape] SY9: qg pred=(1025, 1) vs obs=(1025, 1), p_wf pred=(1025, 1) vs p_obs=(1025, 1)
2026-02-14 23:31:16 - M5Trainer - INFO -   [shape] SY9: qg pred=(1025, 1) vs obs=(1025, 1), p_wf pred=(1025, 1) vs p_obs=(1025, 1)
2026-02-14 23:31:17 - M5Trainer - INFO -   [shape] SY9: qg pred=(1025, 1) vs obs=(1025, 1), p_wf pred=(1025, 1) vs p_obs=(1025, 1)
2026-02-14 23:31:17 - M5Trainer - INFO -   [shape] SY9: qg pred=(1025, 1) vs obs=(1025, 1), p_wf pred=(1025, 1) vs p_obs=(1025, 1)
2026-02-14 23:31:17 - M5Trainer - INFO -   [shape] SY9: qg pred=(1025, 1) vs obs=(1025, 1), p_wf pred=(1025, 1) vs p_obs=(1025, 1)
2026-02-14 23:31:17 - M5Trainer - INFO -   [shape] SY9: qg pred=(1025, 1) vs obs=(1025, 1), p_wf pred=(1025, 1) vs p_obs=(1025, 1)
2026-02-14 23:31:17 - M5Trainer - INFO -   [shape] SY9: qg pred=(1025, 1) vs obs=(1025, 1), p_wf pred=(1025, 1) vs p_obs=(1025, 1)
2026-02-14 23:31:18 - M5Trainer - INFO -   [shape] SY9: qg pred=(1025, 1) vs obs=(1025, 1), p_wf pred=(1025, 1) vs p_obs=(1025, 1)
2026-02-14 23:31:18 - M5Trainer - INFO -   [shape] SY9: qg pred=(1025, 1) vs obs=(1025, 1), p_wf pred=(1025, 1) vs p_obs=(1025, 1)
2026-02-14 23:31:18 - M5Trainer - INFO -   [shape] SY9: qg pred=(1025, 1) vs obs=(1025, 1), p_wf pred=(1025, 1) vs p_obs=(1025, 1)
2026-02-14 23:31:18 - M5Trainer - INFO -   [shape] SY9: qg pred=(1025, 1) vs obs=(1025, 1), p_wf pred=(1025, 1) vs p_obs=(1025, 1)
2026-02-14 23:31:19 - M5Trainer - INFO -   [shape] SY9: qg pred=(1025, 1) vs obs=(1025, 1), p_wf pred=(1025, 1) vs p_obs=(1025, 1)
2026-02-14 23:31:19 - M5Trainer - INFO -   [shape] SY9: qg pred=(1025, 1) vs obs=(1025, 1), p_wf pred=(1025, 1) vs p_obs=(1025, 1)
2026-02-14 23:31:19 - M5Trainer - INFO -   [shape] SY9: qg pred=(1025, 1) vs obs=(1025, 1), p_wf pred=(1025, 1) vs p_obs=(1025, 1)
