2026-02-15 16:32:40 - M5Trainer - INFO -   torch.compile 已跳过 (Triton 不支持 Windows, 使用 eager 模式)
2026-02-15 16:32:40 - M5Trainer - INFO - k_frac 独立参数组: lr=1.00e-02 (factor=10.0)
2026-02-15 16:32:41 - M5Trainer - INFO - k_net 学习率: 1.00e-04 (factor=0.1, warmup=2000 steps)
2026-02-15 16:32:41 - M5Trainer - INFO -   井 SY9: 1025 条同化数据
2026-02-15 16:32:41 - M5Trainer - INFO -   M3 PVT cg(76.0, 140.32) = 0.009744
2026-02-15 16:32:41 - M5Trainer - INFO -   M3 PVT Bg(76.0, 140.32) = 0.002577
2026-02-15 16:32:41 - M5Trainer - INFO -   PDE 缩放: αx=0.029719, αy=0.074361
2026-02-15 16:32:41 - M5Trainer - INFO - M5Trainer 初始化完成: device=cuda, lr=0.001, max_steps=2000, relobralo=True, rar=True
2026-02-15 16:32:41 - M5Trainer - INFO - ============================================================
2026-02-15 16:32:41 - M5Trainer - INFO - M5 PINN 井—藏耦合同化训练开始
2026-02-15 16:32:41 - M5Trainer - INFO - ============================================================
2026-02-15 16:32:41 - M5Trainer - INFO - 训练阶段: A[0-200] B[200-700] C[700-1400] D[1400-2000]
2026-02-15 16:32:41 - M5Trainer - INFO - --- M5 单位/量纲诊断 (train 第 1 步前) ---
2026-02-15 16:32:41 - M5Trainer - INFO -   qg_obs 范围: 0.00e+00 ~ 8.39e+05 m³/d, 均值: 3.86e+05 m³/d
2026-02-15 16:32:41 - M5Trainer - INFO -   qg_pred 范围: 1.20e+07 ~ 1.20e+07
2026-02-15 16:32:41 - M5Trainer - INFO -   p_wf 范围: 5.35e+01 ~ 5.35e+01 MPa
2026-02-15 16:32:41 - M5Trainer - INFO -   p_field @ well: 7.50e+01 MPa
2026-02-15 16:32:41 - M5Trainer - INFO -   k_frac = 5.4020 mD
2026-02-15 16:32:41 - M5Trainer - INFO -   WI_raw = 4.309845e-13 [检查单位]
2026-02-15 16:32:41 - M5Trainer - INFO -   dp_wellbore = 12.00 MPa
2026-02-15 16:32:41 - M5Trainer - INFO -   Bg_ref = 2.576898e-03
2026-02-15 16:32:41 - M5Trainer - INFO -   qg_obs中位数 = 4.61e+05 m³/d
2026-02-15 16:32:41 - M5Trainer - INFO -   PDE源项强度 = 5.34e+00 m³/s (负值=生产)
2026-02-15 16:32:41 - M5Trainer - INFO -   ✅ 确认: PDE源项使用观测值qg_obs，而非预测值qg_pred
2026-02-15 16:32:41 - M5Trainer - INFO - --- 诊断结束 ---
2026-02-15 16:32:41 - M5Trainer - INFO -   [shape] SY9: qg pred=(1025, 1) vs obs=(1025, 1), p_wf pred=(1025, 1) vs p_obs=(1025, 1)
2026-02-15 16:32:42 - M5Trainer - INFO -   ✅ k_frac_mD.grad = 3.954798e+00 (PDE梯度贯通)
2026-02-15 16:32:42 - M5Trainer - INFO -   ✅ k_net: 18 组参数收到梯度
2026-02-15 16:32:42 - M5Trainer - INFO -   [梯度验收] SY9: qg_obs range=[0.0, 838700.0]
2026-02-15 16:32:42 - M5Trainer - INFO -   [Sw监控] SY9: Sw=[0.2600, 0.2600, 0.2600], krg_min=6.751000e-01
2026-02-15 16:32:42 - M5Trainer - INFO - [Step     0/2000] Stage A | L=2.7704e+04 (IC=1.000e+00, BC=1.000e+00, PDE=2.351e+06, Qg=4.028e+03, SwB=0.000e+00) | k_frac=5.4015 mD, dp=12.00 MPa | Sw=[0.260,0.260] | 0.7s
2026-02-15 16:32:42 - M5Trainer - INFO -   [k_frac诊断] grad=3.9548e+00, k_frac=5.401474 mD
2026-02-15 16:32:53 - M5Trainer - INFO - [Step   100/2000] Stage A | L=2.6136e+04 (IC=2.632e-02, BC=3.804e-02, PDE=2.589e+06, Qg=5.684e+01, SwB=9.444e-04) | k_frac=5.3007 mD, dp=11.98 MPa | Sw=[0.171,0.691] | 12.3s
2026-02-15 16:33:05 - M5Trainer - INFO -   [梯度验收] SY9: qg_obs range=[0.0, 838700.0]
2026-02-15 16:33:05 - M5Trainer - INFO - [Step   200/2000] Stage B | L=1.9728e+05 (IC=1.502e-01, BC=4.332e-02, PDE=2.406e+06, Qg=9.061e-01, SwB=3.878e-02) | k_frac=5.2453 mD, dp=11.92 MPa | Sw=[0.146,0.856] | 24.0s
2026-02-15 16:33:16 - M5Trainer - INFO - [Step   300/2000] Stage B | L=8.5620e+05 (IC=1.799e+00, BC=6.342e-01, PDE=2.507e+06, Qg=2.476e+02, SwB=9.274e-02) | k_frac=5.0716 mD, dp=11.92 MPa | Sw=[0.122,0.870] | 35.3s
2026-02-15 16:33:28 - M5Trainer - INFO -   [梯度验收] SY9: qg_obs range=[0.0, 838700.0]
2026-02-15 16:33:28 - M5Trainer - INFO - [Step   400/2000] Stage B | L=1.6500e+06 (IC=1.931e+00, BC=4.846e-01, PDE=2.660e+06, Qg=2.392e+02, SwB=2.406e-01) | k_frac=4.8423 mD, dp=11.92 MPa | Sw=[0.120,0.877] | 46.6s
2026-02-15 16:33:40 - M5Trainer - INFO -   [Sw监控] SY9: Sw=[0.1205, 0.7866, 0.8759], krg_min=5.762400e-03
2026-02-15 16:33:40 - M5Trainer - INFO - [Step   500/2000] Stage B | L=1.2563e+06 (IC=7.102e+00, BC=2.190e+00, PDE=2.135e+06, Qg=1.742e+02, SwB=1.884e-01) | k_frac=4.7109 mD, dp=11.92 MPa | Sw=[0.120,0.875] | 58.7s
2026-02-15 16:33:40 - M5Trainer - INFO -   [k_frac诊断] grad=1.8548e-02, k_frac=4.710925 mD
2026-02-15 16:33:52 - M5Trainer - INFO -   [梯度验收] SY9: qg_obs range=[0.0, 838700.0]
2026-02-15 16:33:52 - M5Trainer - INFO - [Step   600/2000] Stage B | L=1.9749e+06 (IC=3.942e+00, BC=2.734e+00, PDE=2.274e+06, Qg=2.319e+02, SwB=1.941e-01) | k_frac=4.5823 mD, dp=11.92 MPa | Sw=[0.120,0.876] | 71.1s
2026-02-15 16:34:04 - M5Trainer - INFO - [Step   700/2000] Stage C | L=3.4547e+06 (IC=3.768e+00, BC=2.338e+00, PDE=2.650e+06, Qg=1.053e+02, SwB=1.772e-01) | k_frac=4.0944 mD, dp=11.91 MPa | Sw=[0.120,0.877] | 83.3s
2026-02-15 16:34:16 - M5Trainer - INFO -   [梯度验收] SY9: qg_obs range=[0.0, 838700.0]
2026-02-15 16:34:16 - M5Trainer - INFO - [Step   800/2000] Stage C | L=3.9349e+06 (IC=7.487e+00, BC=3.059e+00, PDE=2.330e+06, Qg=4.049e+02, SwB=1.157e-01) | k_frac=3.4780 mD, dp=11.91 MPa | Sw=[0.120,0.870] | 95.4s
2026-02-15 16:34:29 - M5Trainer - INFO - [Step   900/2000] Stage C | L=4.8050e+06 (IC=8.477e+00, BC=4.107e+00, PDE=2.157e+06, Qg=1.241e+02, SwB=1.646e-01) | k_frac=2.7477 mD, dp=11.90 MPa | Sw=[0.120,0.878] | 107.6s
2026-02-15 16:34:43 - M5Trainer - INFO -   [梯度验收] SY9: qg_obs range=[0.0, 838700.0]
2026-02-15 16:34:43 - M5Trainer - INFO -   [Sw监控] SY9: Sw=[0.1200, 0.7732, 0.8799], krg_min=5.065084e-03
2026-02-15 16:34:43 - M5Trainer - INFO - [Step  1000/2000] Stage C | L=5.2981e+06 (IC=1.479e+01, BC=8.820e+00, PDE=2.001e+06, Qg=1.069e+02, SwB=1.550e-01) | k_frac=2.5924 mD, dp=11.89 MPa | Sw=[0.124,0.880] | 121.6s
2026-02-15 16:34:43 - M5Trainer - INFO -   [k_frac诊断] grad=6.3291e-03, k_frac=2.592450 mD
2026-02-15 16:34:57 - M5Trainer - INFO - [Step  1100/2000] Stage C | L=7.2690e+06 (IC=1.126e+01, BC=1.711e+01, PDE=2.158e+06, Qg=1.186e+02, SwB=7.292e-02) | k_frac=2.5236 mD, dp=11.88 MPa | Sw=[0.127,0.879] | 136.1s
2026-02-15 16:35:12 - M5Trainer - INFO -   [梯度验收] SY9: qg_obs range=[0.0, 838700.0]
2026-02-15 16:35:12 - M5Trainer - INFO - [Step  1200/2000] Stage C | L=9.0631e+06 (IC=6.582e+01, BC=5.229e+01, PDE=2.262e+06, Qg=9.730e+01, SwB=7.188e-01) | k_frac=2.3887 mD, dp=11.86 MPa | Sw=[0.124,0.880] | 150.7s
2026-02-15 16:35:26 - M5Trainer - INFO - [Step  1300/2000] Stage C | L=1.1385e+07 (IC=5.392e+01, BC=4.247e+01, PDE=2.257e+06, Qg=1.174e+02, SwB=4.294e-01) | k_frac=2.2995 mD, dp=11.85 MPa | Sw=[0.121,0.880] | 165.5s
2026-02-15 16:35:41 - M5Trainer - INFO -   [梯度验收] SY9: qg_obs range=[0.0, 838700.0]
2026-02-15 16:35:41 - M5Trainer - INFO - [Step  1400/2000] Stage D | L=1.3421e+07 (IC=1.262e+01, BC=6.310e+00, PDE=2.125e+06, Qg=7.156e+01, SwB=7.435e-01) | k_frac=2.1733 mD, dp=11.84 MPa | Sw=[0.120,0.880] | 180.1s
2026-02-15 16:35:56 - M5Trainer - INFO -   [Sw监控] SY9: Sw=[0.1200, 0.7238, 0.8800], krg_min=5.043894e-03
2026-02-15 16:35:56 - M5Trainer - INFO - [Step  1500/2000] Stage D | L=9.5010e+06 (IC=4.356e+01, BC=2.456e+01, PDE=1.833e+06, Qg=9.077e+01, SwB=4.207e-01) | k_frac=2.1623 mD, dp=11.84 MPa | Sw=[0.120,0.880] | 194.8s
2026-02-15 16:35:56 - M5Trainer - INFO -   [k_frac诊断] grad=5.4588e-05, k_frac=2.162336 mD
2026-02-15 16:36:11 - M5Trainer - INFO -   [梯度验收] SY9: qg_obs range=[0.0, 838700.0]
2026-02-15 16:36:11 - M5Trainer - INFO - [Step  1600/2000] Stage D | L=9.7484e+06 (IC=4.542e+01, BC=2.589e+01, PDE=1.841e+06, Qg=9.128e+01, SwB=4.379e-01) | k_frac=2.1624 mD, dp=11.84 MPa | Sw=[0.125,0.880] | 209.9s
2026-02-15 16:36:26 - M5Trainer - INFO - [Step  1700/2000] Stage D | L=9.3835e+06 (IC=4.731e+01, BC=2.622e+01, PDE=1.778e+06, Qg=9.206e+01, SwB=4.490e-01) | k_frac=2.1623 mD, dp=11.84 MPa | Sw=[0.120,0.880] | 224.6s
2026-02-15 16:36:40 - M5Trainer - INFO -   [梯度验收] SY9: qg_obs range=[0.0, 838700.0]
2026-02-15 16:36:40 - M5Trainer - INFO - [Step  1800/2000] Stage D | L=1.0760e+07 (IC=4.675e+01, BC=2.726e+01, PDE=1.914e+06, Qg=9.234e+01, SwB=4.496e-01) | k_frac=2.1622 mD, dp=11.84 MPa | Sw=[0.120,0.880] | 239.5s
2026-02-15 16:36:55 - M5Trainer - INFO - [Step  1900/2000] Stage D | L=1.1582e+07 (IC=4.845e+01, BC=2.725e+01, PDE=1.981e+06, Qg=9.251e+01, SwB=4.485e-01) | k_frac=2.1621 mD, dp=11.84 MPa | Sw=[0.120,0.880] | 254.3s
2026-02-15 16:37:10 - M5Trainer - INFO - [Step  1999/2000] Stage D | L=1.0365e+07 (IC=4.569e+01, BC=2.768e+01, PDE=1.840e+06, Qg=9.251e+01, SwB=4.501e-01) | k_frac=2.1620 mD, dp=11.84 MPa | Sw=[0.120,0.880] | 268.7s
2026-02-15 16:37:10 - M5Trainer - INFO - 
M5 训练完成! 耗时: 268.7s, 最佳损失: 2.0575e+04
2026-02-15 16:37:10 - M5Trainer - INFO - 配置快照已保存: C:\Users\16281\Desktop\cpedc_project\outputs\mk_pinn_dt_v2\resolved_config_m5.json
2026-02-15 16:37:10 - M5Trainer - INFO - 反演参数审计: C:\Users\16281\Desktop\cpedc_project\outputs\mk_pinn_dt_v2\reports\M5_inversion_params.json
2026-02-15 16:37:10 - M5Trainer - INFO - 已加载 M5 检查点: C:\Users\16281\Desktop\cpedc_project\outputs\mk_pinn_dt_v2\ckpt\m5_pinn_best.pt
2026-02-15 16:37:10 - M5Trainer - INFO - qg 对比图已保存: C:\Users\16281\Desktop\cpedc_project\outputs\mk_pinn_dt_v2\figs\M5_qg_comparison_SY9.png
2026-02-15 16:37:10 - M5Trainer - INFO - p_wf 反演图已保存: C:\Users\16281\Desktop\cpedc_project\outputs\mk_pinn_dt_v2\figs\M5_pwf_inversion_SY9.png
2026-02-15 16:37:11 - M5Trainer - INFO - 训练曲线图已保存: C:\Users\16281\Desktop\cpedc_project\outputs\mk_pinn_dt_v2\figs\M5_training_history.png
2026-02-15 16:37:11 - M5Trainer - INFO - 残差热力图已保存: C:\Users\16281\Desktop\cpedc_project\outputs\mk_pinn_dt_v2\figs\M5_pde_residual_map.png
2026-02-15 16:37:13 - M5Trainer - INFO - M6 连通性分析完成
2026-02-15 16:37:14 - M5Trainer - INFO - M7 水侵预警分析完成
2026-02-15 16:37:14 - M5Trainer - INFO - M5 验收报告已保存: C:\Users\16281\Desktop\cpedc_project\outputs\mk_pinn_dt_v2\reports\M5_validation_report.md
