2026-03-01 09:45:57 - M5Trainer - INFO -   torch.compile 已跳过 (Triton 不支持 Windows, 使用 eager 模式)
2026-03-01 09:45:57 - M5Trainer - INFO - k_frac 独立参数组: lr=2.00e-03 (factor=2.0)
2026-03-01 09:45:57 - M5Trainer - INFO -   [v3.17] well_singularity 参数组: 1153 params, lr=1.00e-03
2026-03-01 09:45:57 - M5Trainer - INFO -   [v3.14] Corey 指数可学习: ng₀=1.0846, nw₀=4.4071 (SY13 拟合先验, lr_factor=3.0)
2026-03-01 09:45:59 - M5Trainer - INFO -   [v3.14] well_model.relperm = loss_fn.relperm (共享实例)
2026-03-01 09:45:59 - M5Trainer - INFO - k_net 学习率: 1.00e-04 (factor=0.1, warmup=2000 steps)
2026-03-01 09:45:59 - M5Trainer - INFO -   井 SY9: 1332 条同化数据 (train=865, val=199, test=268)
    开井点数 (q>1): train=801, val=32, test=121
    有效压力点: val_p=43, test_p=121
2026-03-01 09:45:59 - M5Trainer - INFO -   train time window(norm): [0.0000, 0.6491]
2026-03-01 09:45:59 - M5Trainer - INFO -   well_h[SY9] = 48.4 m (有效储厚)
2026-03-01 09:45:59 - M5Trainer - INFO -   well_h[SY13] = 41.6 m (有效储厚)
2026-03-01 09:45:59 - M5Trainer - INFO -   well_h[SY201] = 37.9 m (有效储厚)
2026-03-01 09:45:59 - M5Trainer - INFO -   well_h[SY101] = 41.7 m (有效储厚)
2026-03-01 09:45:59 - M5Trainer - INFO -   well_h[SY102] = 45.4 m (有效储厚)
2026-03-01 09:45:59 - M5Trainer - INFO -   well_h[SY116] = 39.3 m (有效储厚)
2026-03-01 09:45:59 - M5Trainer - INFO -   well_h[SYX211] = 6.0 m (有效储厚)
2026-03-01 09:45:59 - M5Trainer - INFO -   [TDS→Sw] SY9: 173个采样点, t_day=[1, 3518], TDS=[55, 105158] mg/L, Sw_tds=[0.260, 0.938], Swc=0.260, Sgr=0.062
2026-03-01 09:45:59 - M5Trainer - INFO -   [TDS→Sw] 共加载 173 个TDS→Sw软标签点
2026-03-01 09:45:59 - M5Trainer - INFO -   M3 PVT cg(76.0, 140.32) = 0.009744
2026-03-01 09:45:59 - M5Trainer - INFO -   M3 PVT Bg(76.0, 140.32) = 0.002577
2026-03-01 09:45:59 - M5Trainer - INFO -   PDE 缩放: αx=0.101777, αy=0.254660
2026-03-01 09:45:59 - M5Trainer - INFO - M5Trainer 初始化完成: device=cuda, lr=0.001, max_steps=80000, relobralo=True, rar=True
2026-03-01 09:45:59 - M5Trainer - INFO - ============================================================
2026-03-01 09:45:59 - M5Trainer - INFO - M5 PINN 井—藏耦合同化训练开始
2026-03-01 09:45:59 - M5Trainer - INFO - ============================================================
2026-03-01 09:45:59 - M5Trainer - INFO -   阶段权重已被 config 覆盖 (train.stages 或 training_stages.stage_*.weights)
2026-03-01 09:45:59 - M5Trainer - INFO - 训练阶段: A[0-6400] B[6400-22400] C[22400-44800] D[44800-80000]
2026-03-01 09:45:59 - M5Trainer - INFO -   qg_nearzero 权重: A=3.0, B=6.0->9.0, C=12.0, D=7.0, enable=True
2026-03-01 09:45:59 - M5Trainer - INFO - --- M5 单位/量纲诊断 (train 第 1 步前) ---
2026-03-01 09:45:59 - M5Trainer - INFO -   qg_obs 范围: 0.00e+00 ~ 8.39e+05 m³/d, 均值: 2.97e+05 m³/d
2026-03-01 09:45:59 - M5Trainer - INFO -   qg_pred 范围: 1.51e+05 ~ 1.54e+05
2026-03-01 09:45:59 - M5Trainer - INFO -   p_wf 范围: 7.43e+01 ~ 7.43e+01 MPa
2026-03-01 09:45:59 - M5Trainer - INFO -   p_field @ well: 7.50e+01 MPa
2026-03-01 09:45:59 - M5Trainer - INFO -   k_frac = 8.0000 mD
2026-03-01 09:45:59 - M5Trainer - INFO -   WI_raw = 3.352697e-13 [检查单位]
2026-03-01 09:45:59 - M5Trainer - INFO -   dp_wellbore = 13.30 MPa
2026-03-01 09:45:59 - M5Trainer - INFO -   Bg_ref = 2.576898e-03
2026-03-01 09:45:59 - M5Trainer - INFO -   qg_obs 范围: 0.00e+00 ~ 8.39e+05 m³/d
2026-03-01 09:45:59 - M5Trainer - INFO -   qg_obs 中位数 = 3.07e+05 m³/d
2026-03-01 09:45:59 - M5Trainer - INFO -   ✅ v9: PDE源项已升级为时变 source(x,y,t) = qg_obs(t) * kernel(x,y)
2026-03-01 09:45:59 - M5Trainer - INFO -   ✅ 每个PDE配点使用其时刻对应的真实观测产量（线性插值）
2026-03-01 09:45:59 - M5Trainer - INFO - --- 诊断结束 ---
2026-03-01 09:45:59 - M5Trainer - INFO -   [v3.13] Stage A+B 冻结 k_frac=8.0000 mD (Stage C 解冻)
2026-03-01 09:45:59 - M5Trainer - INFO -   [v3.14] Stage A+B 冻结 ng=1.0846, nw=4.4071 (Stage C 解冻)
2026-03-01 09:45:59 - M5Trainer - INFO -   [shape] SY9: qg pred=(1332, 1) vs obs=(1332, 1), p_wf pred=(1332, 1) vs p_obs=(1332, 1)
2026-03-01 09:46:00 - M5Trainer - WARNING -   ⚠️ k_eff_mD.grad 为 None 或零! 可辨识性可能受损
2026-03-01 09:46:00 - M5Trainer - INFO -   ✅ k_net: 18 组参数收到梯度
2026-03-01 09:46:00 - M5Trainer - INFO -   [梯度验收] SY9: qg_obs range=[0.0, 838700.0]
2026-03-01 09:46:00 - M5Trainer - INFO -   [Sw监控] SY9: Sw=[0.1500, 0.1500, 0.1500], krg_min=6.751000e-01
2026-03-01 09:46:00 - M5Trainer - INFO - [Step     0/80000] A | L=3.1895e+02 | 0.6s
2026-03-01 09:46:00 - M5Trainer - INFO -   loss: IC=0.00e+00 BC=0.00e+00 PDE=0.00e+00 Qg=1.68e+00 Sd=3.51e-01 TDS=0.00e+00
2026-03-01 09:46:00 - M5Trainer - INFO -   param: k=8.000mD dp=13.3 ng=1.085 nw=4.407 Sw=[0.150,0.150] | A(t)=[-0.00,-0.00,-0.00]
2026-03-01 09:46:00 - M5Trainer - INFO -   [k_frac诊断] grad=None, k_frac=8.000001 mD
2026-03-01 09:46:11 - M5Trainer - INFO - [Step   100/80000] A | L=1.9831e+02 | 12.3s
2026-03-01 09:46:11 - M5Trainer - INFO -   loss: IC=0.00e+00 BC=0.00e+00 PDE=0.00e+00 Qg=1.61e+00 Sd=3.75e-01 TDS=0.00e+00
2026-03-01 09:46:11 - M5Trainer - INFO -   param: k=8.000mD dp=13.3 ng=1.085 nw=4.407 Sw=[0.150,0.150] | A(t)=[-0.00,-0.00,-0.00]
2026-03-01 09:46:23 - M5Trainer - INFO -   [梯度验收] SY9: qg_obs range=[0.0, 838700.0]
2026-03-01 09:46:23 - M5Trainer - INFO - [Step   200/80000] A | L=4.0224e+01 | 24.0s
2026-03-01 09:46:23 - M5Trainer - INFO -   loss: IC=0.00e+00 BC=0.00e+00 PDE=0.00e+00 Qg=1.17e+00 Sd=5.70e-01 TDS=0.00e+00
2026-03-01 09:46:23 - M5Trainer - INFO -   param: k=8.000mD dp=13.3 ng=1.085 nw=4.407 Sw=[0.150,0.150] | A(t)=[-0.01,-0.01,-0.01]
2026-03-01 09:46:35 - M5Trainer - INFO - [Step   300/80000] A | L=2.1511e+01 | 36.2s
2026-03-01 09:46:35 - M5Trainer - INFO -   loss: IC=0.00e+00 BC=0.00e+00 PDE=0.00e+00 Qg=4.54e-01 Sd=1.55e+00 TDS=0.00e+00
2026-03-01 09:46:35 - M5Trainer - INFO -   param: k=8.000mD dp=13.3 ng=1.085 nw=4.407 Sw=[0.150,0.150] | A(t)=[-0.04,-0.05,-0.06]
2026-03-01 09:46:48 - M5Trainer - INFO -   [梯度验收] SY9: qg_obs range=[0.0, 838700.0]
2026-03-01 09:46:48 - M5Trainer - INFO - [Step   400/80000] A | L=2.1967e+01 | 48.6s
2026-03-01 09:46:48 - M5Trainer - INFO -   loss: IC=0.00e+00 BC=0.00e+00 PDE=0.00e+00 Qg=4.16e-01 Sd=1.97e+00 TDS=0.00e+00
2026-03-01 09:46:48 - M5Trainer - INFO -   param: k=8.000mD dp=13.3 ng=1.085 nw=4.407 Sw=[0.150,0.150] | A(t)=[-0.13,-0.17,-0.21]
2026-03-01 09:47:00 - M5Trainer - INFO -   [Sw监控] SY9: Sw=[0.1500, 0.1500, 0.1500], krg_min=6.751000e-01
2026-03-01 09:47:00 - M5Trainer - INFO - [Step   500/80000] A | L=2.3223e+01 | 60.7s
2026-03-01 09:47:00 - M5Trainer - INFO -   loss: IC=0.00e+00 BC=0.00e+00 PDE=0.00e+00 Qg=4.05e-01 Sd=2.13e+00 TDS=0.00e+00
2026-03-01 09:47:00 - M5Trainer - INFO -   param: k=8.000mD dp=13.3 ng=1.085 nw=4.407 Sw=[0.150,0.150] | A(t)=[-0.27,-0.35,-0.44]
2026-03-01 09:47:00 - M5Trainer - INFO -   [k_frac诊断] grad=None, k_frac=8.000001 mD
2026-03-01 09:47:11 - M5Trainer - INFO -   [梯度验收] SY9: qg_obs range=[0.0, 838700.0]
2026-03-01 09:47:11 - M5Trainer - INFO - [Step   600/80000] A | L=2.1758e+01 | 72.4s
2026-03-01 09:47:11 - M5Trainer - INFO -   loss: IC=0.00e+00 BC=0.00e+00 PDE=0.00e+00 Qg=3.88e-01 Sd=2.33e+00 TDS=0.00e+00
2026-03-01 09:47:11 - M5Trainer - INFO -   param: k=8.000mD dp=13.3 ng=1.085 nw=4.407 Sw=[0.150,0.150] | A(t)=[-0.60,-0.81,-1.01]
2026-03-01 09:47:23 - M5Trainer - INFO - [Step   700/80000] A | L=2.1063e+01 | 84.2s
2026-03-01 09:47:23 - M5Trainer - INFO -   loss: IC=0.00e+00 BC=0.00e+00 PDE=0.00e+00 Qg=3.76e-01 Sd=2.43e+00 TDS=0.00e+00
2026-03-01 09:47:23 - M5Trainer - INFO -   param: k=8.000mD dp=13.3 ng=1.085 nw=4.407 Sw=[0.150,0.150] | A(t)=[-1.31,-1.75,-2.11]
2026-03-01 09:47:35 - M5Trainer - INFO -   [梯度验收] SY9: qg_obs range=[0.0, 838700.0]
2026-03-01 09:47:35 - M5Trainer - INFO - [Step   800/80000] A | L=2.5369e+01 | 96.2s
2026-03-01 09:47:35 - M5Trainer - INFO -   loss: IC=0.00e+00 BC=0.00e+00 PDE=0.00e+00 Qg=3.72e-01 Sd=2.09e+00 TDS=0.00e+00
2026-03-01 09:47:35 - M5Trainer - INFO -   param: k=8.000mD dp=13.3 ng=1.085 nw=4.407 Sw=[0.150,0.150] | A(t)=[-1.74,-2.28,-2.70]
2026-03-01 09:47:47 - M5Trainer - INFO - [Step   900/80000] A | L=2.4876e+01 | 108.1s
2026-03-01 09:47:47 - M5Trainer - INFO -   loss: IC=0.00e+00 BC=0.00e+00 PDE=0.00e+00 Qg=3.68e-01 Sd=1.73e+00 TDS=0.00e+00
2026-03-01 09:47:47 - M5Trainer - INFO -   param: k=8.000mD dp=13.3 ng=1.085 nw=4.407 Sw=[0.150,0.150] | A(t)=[-2.12,-2.72,-3.16]
2026-03-01 09:47:59 - M5Trainer - INFO -   [梯度验收] SY9: qg_obs range=[0.0, 838700.0]
2026-03-01 09:47:59 - M5Trainer - INFO -   [Sw监控] SY9: Sw=[0.1500, 0.1500, 0.1500], krg_min=6.751000e-01
2026-03-01 09:47:59 - M5Trainer - INFO -   [best更新] val_score=37.6586 (step 1000)
2026-03-01 09:47:59 - M5Trainer - INFO - [Step  1000/80000] A | L=2.7093e+01 | 120.2s
2026-03-01 09:47:59 - M5Trainer - INFO -   loss: IC=0.00e+00 BC=0.00e+00 PDE=0.00e+00 Qg=3.65e-01 Sd=1.46e+00 TDS=0.00e+00
2026-03-01 09:47:59 - M5Trainer - INFO -   param: k=8.000mD dp=13.3 ng=1.085 nw=4.407 Sw=[0.150,0.150] | A(t)=[-2.36,-2.99,-3.43]
2026-03-01 09:47:59 - M5Trainer - INFO -   [k_frac诊断] grad=None, k_frac=8.000001 mD
2026-03-01 09:48:12 - M5Trainer - INFO - [Step  1100/80000] A | L=3.0249e+01 | 132.5s
2026-03-01 09:48:12 - M5Trainer - INFO -   loss: IC=0.00e+00 BC=0.00e+00 PDE=0.00e+00 Qg=3.59e-01 Sd=1.12e+00 TDS=0.00e+00
2026-03-01 09:48:12 - M5Trainer - INFO -   param: k=8.000mD dp=13.3 ng=1.085 nw=4.407 Sw=[0.150,0.150] | A(t)=[-2.58,-3.24,-3.68]
2026-03-01 09:48:24 - M5Trainer - INFO -   [梯度验收] SY9: qg_obs range=[0.0, 838700.0]
2026-03-01 09:48:24 - M5Trainer - INFO - [Step  1200/80000] A | L=3.1632e+01 | 144.8s
2026-03-01 09:48:24 - M5Trainer - INFO -   loss: IC=0.00e+00 BC=0.00e+00 PDE=0.00e+00 Qg=3.58e-01 Sd=1.01e+00 TDS=0.00e+00
2026-03-01 09:48:24 - M5Trainer - INFO -   param: k=8.000mD dp=13.3 ng=1.085 nw=4.407 Sw=[0.150,0.150] | A(t)=[-2.67,-3.33,-3.76]
2026-03-01 09:48:36 - M5Trainer - INFO - [Step  1300/80000] A | L=3.4885e+01 | 157.0s
2026-03-01 09:48:36 - M5Trainer - INFO -   loss: IC=0.00e+00 BC=0.00e+00 PDE=0.00e+00 Qg=3.56e-01 Sd=7.22e-01 TDS=0.00e+00
2026-03-01 09:48:36 - M5Trainer - INFO -   param: k=8.000mD dp=13.3 ng=1.085 nw=4.407 Sw=[0.150,0.150] | A(t)=[-2.91,-3.56,-3.99]
2026-03-01 09:48:48 - M5Trainer - INFO -   [梯度验收] SY9: qg_obs range=[0.0, 838700.0]
2026-03-01 09:48:48 - M5Trainer - INFO - [Step  1400/80000] A | L=4.0857e+01 | 169.4s
2026-03-01 09:48:48 - M5Trainer - INFO -   loss: IC=0.00e+00 BC=0.00e+00 PDE=0.00e+00 Qg=3.48e-01 Sd=4.02e-01 TDS=0.00e+00
2026-03-01 09:48:48 - M5Trainer - INFO -   param: k=8.000mD dp=13.3 ng=1.085 nw=4.407 Sw=[0.150,0.150] | A(t)=[-3.09,-3.74,-4.16]
2026-03-01 09:49:01 - M5Trainer - INFO -   [Sw监控] SY9: Sw=[0.1500, 0.1500, 0.1500], krg_min=6.751000e-01
2026-03-01 09:49:01 - M5Trainer - INFO - [Step  1500/80000] A | L=4.0067e+01 | 181.8s
2026-03-01 09:49:01 - M5Trainer - INFO -   loss: IC=0.00e+00 BC=0.00e+00 PDE=0.00e+00 Qg=3.53e-01 Sd=2.80e-01 TDS=0.00e+00
2026-03-01 09:49:01 - M5Trainer - INFO -   param: k=8.000mD dp=13.3 ng=1.085 nw=4.407 Sw=[0.150,0.150] | A(t)=[-3.33,-3.97,-4.37]
2026-03-01 09:49:01 - M5Trainer - INFO -   [k_frac诊断] grad=None, k_frac=8.000001 mD
2026-03-01 09:49:13 - M5Trainer - INFO -   [梯度验收] SY9: qg_obs range=[0.0, 838700.0]
2026-03-01 09:49:13 - M5Trainer - INFO - [Step  1600/80000] A | L=4.2654e+01 | 194.0s
2026-03-01 09:49:13 - M5Trainer - INFO -   loss: IC=0.00e+00 BC=0.00e+00 PDE=0.00e+00 Qg=3.40e-01 Sd=7.32e-02 TDS=0.00e+00
2026-03-01 09:49:13 - M5Trainer - INFO -   param: k=8.000mD dp=13.3 ng=1.085 nw=4.407 Sw=[0.150,0.150] | A(t)=[-4.42,-4.97,-5.27]
2026-03-01 09:49:25 - M5Trainer - INFO - [Step  1700/80000] A | L=4.4917e+01 | 205.9s
2026-03-01 09:49:25 - M5Trainer - INFO -   loss: IC=0.00e+00 BC=0.00e+00 PDE=0.00e+00 Qg=3.37e-01 Sd=2.67e-02 TDS=0.00e+00
2026-03-01 09:49:25 - M5Trainer - INFO -   param: k=8.000mD dp=13.3 ng=1.085 nw=4.407 Sw=[0.150,0.150] | A(t)=[-5.76,-6.17,-6.36]
2026-03-01 09:49:37 - M5Trainer - INFO -   [梯度验收] SY9: qg_obs range=[0.0, 838700.0]
2026-03-01 09:49:37 - M5Trainer - INFO - [Step  1800/80000] A | L=4.3465e+01 | 217.9s
2026-03-01 09:49:37 - M5Trainer - INFO -   loss: IC=0.00e+00 BC=0.00e+00 PDE=0.00e+00 Qg=3.30e-01 Sd=2.25e-02 TDS=0.00e+00
2026-03-01 09:49:37 - M5Trainer - INFO -   param: k=8.000mD dp=13.3 ng=1.085 nw=4.407 Sw=[0.150,0.150] | A(t)=[-6.89,-7.19,-7.31]
2026-03-01 09:49:49 - M5Trainer - INFO - [Step  1900/80000] A | L=4.7978e+01 | 229.8s
2026-03-01 09:49:49 - M5Trainer - INFO -   loss: IC=0.00e+00 BC=0.00e+00 PDE=0.00e+00 Qg=3.23e-01 Sd=2.59e-02 TDS=0.00e+00
2026-03-01 09:49:49 - M5Trainer - INFO -   param: k=8.000mD dp=13.3 ng=1.085 nw=4.407 Sw=[0.150,0.150] | A(t)=[-7.14,-7.42,-7.53]
2026-03-01 09:50:01 - M5Trainer - INFO -   [Sw监控] SY9: Sw=[0.1500, 0.1500, 0.1500], krg_min=6.751000e-01
2026-03-01 09:50:01 - M5Trainer - INFO - [Step  2000/80000] A | L=5.2799e+01 | 241.7s
2026-03-01 09:50:01 - M5Trainer - INFO -   loss: IC=0.00e+00 BC=0.00e+00 PDE=0.00e+00 Qg=3.16e-01 Sd=3.20e-02 TDS=0.00e+00
2026-03-01 09:50:01 - M5Trainer - INFO -   param: k=8.000mD dp=13.3 ng=1.085 nw=4.407 Sw=[0.150,0.150] | A(t)=[-7.17,-7.44,-7.56]
2026-03-01 09:50:01 - M5Trainer - INFO -   [k_frac诊断] grad=None, k_frac=8.000001 mD
2026-03-01 09:50:13 - M5Trainer - INFO - [Step  2100/80000] A | L=4.7490e+01 | 253.8s
2026-03-01 09:50:13 - M5Trainer - INFO -   loss: IC=0.00e+00 BC=0.00e+00 PDE=0.00e+00 Qg=3.13e-01 Sd=4.93e-02 TDS=0.00e+00
2026-03-01 09:50:13 - M5Trainer - INFO -   param: k=8.000mD dp=13.3 ng=1.085 nw=4.407 Sw=[0.150,0.150] | A(t)=[-7.28,-7.55,-7.65]
2026-03-01 09:50:25 - M5Trainer - INFO - [Step  2200/80000] A | L=6.0945e+01 | 266.3s
2026-03-01 09:50:25 - M5Trainer - INFO -   loss: IC=0.00e+00 BC=0.00e+00 PDE=0.00e+00 Qg=3.10e-01 Sd=5.66e-02 TDS=0.00e+00
2026-03-01 09:50:25 - M5Trainer - INFO -   param: k=8.000mD dp=13.3 ng=1.085 nw=4.407 Sw=[0.150,0.150] | A(t)=[-7.24,-7.51,-7.62]
2026-03-01 09:50:38 - M5Trainer - INFO - [Step  2300/80000] A | L=5.9208e+01 | 278.8s
2026-03-01 09:50:38 - M5Trainer - INFO -   loss: IC=0.00e+00 BC=0.00e+00 PDE=0.00e+00 Qg=3.10e-01 Sd=5.79e-02 TDS=0.00e+00
2026-03-01 09:50:38 - M5Trainer - INFO -   param: k=8.000mD dp=13.3 ng=1.085 nw=4.407 Sw=[0.150,0.150] | A(t)=[-7.33,-7.59,-7.69]
2026-03-01 09:50:50 - M5Trainer - INFO - [Step  2400/80000] A | L=6.0236e+01 | 291.3s
2026-03-01 09:50:50 - M5Trainer - INFO -   loss: IC=0.00e+00 BC=0.00e+00 PDE=0.00e+00 Qg=3.09e-01 Sd=8.99e-02 TDS=0.00e+00
2026-03-01 09:50:50 - M5Trainer - INFO -   param: k=8.000mD dp=13.3 ng=1.085 nw=4.407 Sw=[0.150,0.150] | A(t)=[-7.26,-7.52,-7.62]
2026-03-01 09:51:03 - M5Trainer - INFO -   [Sw监控] SY9: Sw=[0.1500, 0.1500, 0.1500], krg_min=6.751000e-01
2026-03-01 09:51:03 - M5Trainer - INFO - [Step  2500/80000] A | L=6.1868e+01 | 303.6s
2026-03-01 09:51:03 - M5Trainer - INFO -   loss: IC=0.00e+00 BC=0.00e+00 PDE=0.00e+00 Qg=3.08e-01 Sd=8.68e-02 TDS=0.00e+00
2026-03-01 09:51:03 - M5Trainer - INFO -   param: k=8.000mD dp=13.3 ng=1.085 nw=4.407 Sw=[0.150,0.150] | A(t)=[-7.19,-7.45,-7.55]
2026-03-01 09:51:03 - M5Trainer - INFO -   [k_frac诊断] grad=None, k_frac=8.000001 mD
2026-03-01 09:51:15 - M5Trainer - INFO - [Step  2600/80000] A | L=6.6681e+01 | 316.1s
2026-03-01 09:51:15 - M5Trainer - INFO -   loss: IC=0.00e+00 BC=0.00e+00 PDE=0.00e+00 Qg=3.11e-01 Sd=7.00e-02 TDS=0.00e+00
2026-03-01 09:51:15 - M5Trainer - INFO -   param: k=8.000mD dp=13.3 ng=1.085 nw=4.407 Sw=[0.150,0.150] | A(t)=[-7.29,-7.54,-7.64]
2026-03-01 09:51:28 - M5Trainer - INFO - [Step  2700/80000] A | L=5.0076e+01 | 328.9s
2026-03-01 09:51:28 - M5Trainer - INFO -   loss: IC=0.00e+00 BC=0.00e+00 PDE=0.00e+00 Qg=3.08e-01 Sd=7.35e-02 TDS=0.00e+00
2026-03-01 09:51:28 - M5Trainer - INFO -   param: k=8.000mD dp=13.3 ng=1.085 nw=4.407 Sw=[0.150,0.150] | A(t)=[-7.29,-7.56,-7.66]
2026-03-01 09:51:41 - M5Trainer - INFO - [Step  2800/80000] A | L=6.7364e+01 | 341.5s
2026-03-01 09:51:41 - M5Trainer - INFO -   loss: IC=0.00e+00 BC=0.00e+00 PDE=0.00e+00 Qg=3.05e-01 Sd=7.99e-02 TDS=0.00e+00
2026-03-01 09:51:41 - M5Trainer - INFO -   param: k=8.000mD dp=13.3 ng=1.085 nw=4.407 Sw=[0.150,0.150] | A(t)=[-7.36,-7.64,-7.74]
2026-03-01 09:51:53 - M5Trainer - INFO - [Step  2900/80000] A | L=6.4989e+01 | 354.1s
2026-03-01 09:51:53 - M5Trainer - INFO -   loss: IC=0.00e+00 BC=0.00e+00 PDE=0.00e+00 Qg=3.05e-01 Sd=7.75e-02 TDS=0.00e+00
2026-03-01 09:51:53 - M5Trainer - INFO -   param: k=8.000mD dp=13.3 ng=1.085 nw=4.407 Sw=[0.150,0.150] | A(t)=[-6.94,-7.30,-7.44]
2026-03-01 09:52:06 - M5Trainer - INFO -   [Sw监控] SY9: Sw=[0.1500, 0.1500, 0.1500], krg_min=6.751000e-01
2026-03-01 09:52:06 - M5Trainer - INFO - [Step  3000/80000] A | L=5.5386e+01 | 366.6s
2026-03-01 09:52:06 - M5Trainer - INFO -   loss: IC=0.00e+00 BC=0.00e+00 PDE=0.00e+00 Qg=3.03e-01 Sd=8.23e-02 TDS=0.00e+00
2026-03-01 09:52:06 - M5Trainer - INFO -   param: k=8.000mD dp=13.3 ng=1.085 nw=4.407 Sw=[0.150,0.150] | A(t)=[-7.08,-7.42,-7.55]
2026-03-01 09:52:06 - M5Trainer - INFO -   [k_frac诊断] grad=None, k_frac=8.000001 mD
2026-03-01 09:52:18 - M5Trainer - INFO - [Step  3100/80000] A | L=7.0249e+01 | 379.3s
2026-03-01 09:52:18 - M5Trainer - INFO -   loss: IC=0.00e+00 BC=0.00e+00 PDE=0.00e+00 Qg=3.05e-01 Sd=7.76e-02 TDS=0.00e+00
2026-03-01 09:52:18 - M5Trainer - INFO -   param: k=8.000mD dp=13.3 ng=1.085 nw=4.407 Sw=[0.150,0.150] | A(t)=[-7.34,-7.63,-7.74]
2026-03-01 09:52:31 - M5Trainer - INFO - [Step  3200/80000] A | L=7.2636e+01 | 392.3s
2026-03-01 09:52:31 - M5Trainer - INFO -   loss: IC=0.00e+00 BC=0.00e+00 PDE=0.00e+00 Qg=3.06e-01 Sd=6.51e-02 TDS=0.00e+00
2026-03-01 09:52:31 - M5Trainer - INFO -   param: k=8.000mD dp=13.3 ng=1.085 nw=4.407 Sw=[0.150,0.150] | A(t)=[-7.09,-7.44,-7.57]
2026-03-01 09:52:44 - M5Trainer - INFO - [Step  3300/80000] A | L=6.5056e+01 | 405.1s
2026-03-01 09:52:44 - M5Trainer - INFO -   loss: IC=0.00e+00 BC=0.00e+00 PDE=0.00e+00 Qg=3.04e-01 Sd=8.07e-02 TDS=0.00e+00
2026-03-01 09:52:44 - M5Trainer - INFO -   param: k=8.000mD dp=13.3 ng=1.085 nw=4.407 Sw=[0.150,0.150] | A(t)=[-7.22,-7.54,-7.65]
2026-03-01 09:52:57 - M5Trainer - INFO - [Step  3400/80000] A | L=6.2010e+01 | 417.9s
2026-03-01 09:52:57 - M5Trainer - INFO -   loss: IC=0.00e+00 BC=0.00e+00 PDE=0.00e+00 Qg=2.99e-01 Sd=6.54e-02 TDS=0.00e+00
2026-03-01 09:52:57 - M5Trainer - INFO -   param: k=8.000mD dp=13.3 ng=1.085 nw=4.407 Sw=[0.150,0.150] | A(t)=[-7.18,-7.53,-7.66]
2026-03-01 09:53:10 - M5Trainer - INFO -   [Sw监控] SY9: Sw=[0.1500, 0.1500, 0.1500], krg_min=6.751000e-01
2026-03-01 09:53:10 - M5Trainer - INFO - [Step  3500/80000] A | L=7.9241e+01 | 430.6s
2026-03-01 09:53:10 - M5Trainer - INFO -   loss: IC=0.00e+00 BC=0.00e+00 PDE=0.00e+00 Qg=3.00e-01 Sd=5.05e-02 TDS=0.00e+00
2026-03-01 09:53:10 - M5Trainer - INFO -   param: k=8.000mD dp=13.3 ng=1.085 nw=4.407 Sw=[0.150,0.150] | A(t)=[-7.14,-7.51,-7.64]
2026-03-01 09:53:10 - M5Trainer - INFO -   [k_frac诊断] grad=None, k_frac=8.000001 mD
2026-03-01 09:53:22 - M5Trainer - INFO - [Step  3600/80000] A | L=6.3499e+01 | 443.2s
2026-03-01 09:53:22 - M5Trainer - INFO -   loss: IC=0.00e+00 BC=0.00e+00 PDE=0.00e+00 Qg=2.97e-01 Sd=5.22e-02 TDS=0.00e+00
2026-03-01 09:53:22 - M5Trainer - INFO -   param: k=8.000mD dp=13.3 ng=1.085 nw=4.407 Sw=[0.150,0.150] | A(t)=[-6.83,-7.32,-7.50]
2026-03-01 09:53:35 - M5Trainer - INFO - [Step  3700/80000] A | L=5.9029e+01 | 455.8s
2026-03-01 09:53:35 - M5Trainer - INFO -   loss: IC=0.00e+00 BC=0.00e+00 PDE=0.00e+00 Qg=2.93e-01 Sd=5.32e-02 TDS=0.00e+00
2026-03-01 09:53:35 - M5Trainer - INFO -   param: k=8.000mD dp=13.3 ng=1.085 nw=4.407 Sw=[0.150,0.150] | A(t)=[-6.68,-7.20,-7.39]
2026-03-01 09:53:47 - M5Trainer - INFO - [Step  3800/80000] A | L=6.9871e+01 | 467.5s
2026-03-01 09:53:47 - M5Trainer - INFO -   loss: IC=0.00e+00 BC=0.00e+00 PDE=0.00e+00 Qg=2.94e-01 Sd=5.20e-02 TDS=0.00e+00
2026-03-01 09:53:47 - M5Trainer - INFO -   param: k=8.000mD dp=13.3 ng=1.085 nw=4.407 Sw=[0.150,0.150] | A(t)=[-6.81,-7.30,-7.47]
2026-03-01 09:53:58 - M5Trainer - INFO - [Step  3900/80000] A | L=6.8156e+01 | 479.4s
2026-03-01 09:53:58 - M5Trainer - INFO -   loss: IC=0.00e+00 BC=0.00e+00 PDE=0.00e+00 Qg=2.90e-01 Sd=4.08e-02 TDS=0.00e+00
2026-03-01 09:53:58 - M5Trainer - INFO -   param: k=8.000mD dp=13.3 ng=1.085 nw=4.407 Sw=[0.150,0.150] | A(t)=[-6.99,-7.46,-7.61]
2026-03-01 09:54:11 - M5Trainer - INFO -   [Sw监控] SY9: Sw=[0.1500, 0.1500, 0.1500], krg_min=6.751000e-01
2026-03-01 09:54:11 - M5Trainer - INFO - [Step  4000/80000] A | L=7.8784e+01 | 491.6s
2026-03-01 09:54:11 - M5Trainer - INFO -   loss: IC=0.00e+00 BC=0.00e+00 PDE=0.00e+00 Qg=2.88e-01 Sd=3.39e-02 TDS=0.00e+00
2026-03-01 09:54:11 - M5Trainer - INFO -   param: k=8.000mD dp=13.3 ng=1.085 nw=4.407 Sw=[0.150,0.150] | A(t)=[-7.12,-7.56,-7.69]
2026-03-01 09:54:11 - M5Trainer - INFO -   [k_frac诊断] grad=None, k_frac=8.000001 mD
2026-03-01 09:54:23 - M5Trainer - INFO - [Step  4100/80000] A | L=8.2640e+01 | 504.1s
2026-03-01 09:54:23 - M5Trainer - INFO -   loss: IC=0.00e+00 BC=0.00e+00 PDE=0.00e+00 Qg=2.83e-01 Sd=2.86e-02 TDS=0.00e+00
2026-03-01 09:54:23 - M5Trainer - INFO -   param: k=8.000mD dp=13.3 ng=1.085 nw=4.407 Sw=[0.150,0.150] | A(t)=[-6.97,-7.46,-7.61]
2026-03-01 09:54:35 - M5Trainer - INFO - [Step  4200/80000] A | L=7.9288e+01 | 516.4s
2026-03-01 09:54:35 - M5Trainer - INFO -   loss: IC=0.00e+00 BC=0.00e+00 PDE=0.00e+00 Qg=2.79e-01 Sd=3.25e-02 TDS=0.00e+00
2026-03-01 09:54:36 - M5Trainer - INFO -   param: k=8.000mD dp=13.3 ng=1.085 nw=4.407 Sw=[0.150,0.150] | A(t)=[-6.52,-7.16,-7.37]
2026-03-01 09:54:48 - M5Trainer - INFO - [Step  4300/80000] A | L=8.2401e+01 | 529.2s
2026-03-01 09:54:48 - M5Trainer - INFO -   loss: IC=0.00e+00 BC=0.00e+00 PDE=0.00e+00 Qg=2.73e-01 Sd=3.65e-02 TDS=0.00e+00
2026-03-01 09:54:48 - M5Trainer - INFO -   param: k=8.000mD dp=13.3 ng=1.085 nw=4.407 Sw=[0.150,0.150] | A(t)=[-7.01,-7.54,-7.69]
2026-03-01 09:55:01 - M5Trainer - INFO - [Step  4400/80000] A | L=6.7068e+01 | 541.9s
2026-03-01 09:55:01 - M5Trainer - INFO -   loss: IC=0.00e+00 BC=0.00e+00 PDE=0.00e+00 Qg=2.62e-01 Sd=5.13e-02 TDS=0.00e+00
2026-03-01 09:55:01 - M5Trainer - INFO -   param: k=8.000mD dp=13.3 ng=1.085 nw=4.407 Sw=[0.150,0.150] | A(t)=[-7.08,-7.54,-7.68]
2026-03-01 09:55:14 - M5Trainer - INFO -   [Sw监控] SY9: Sw=[0.1500, 0.1500, 0.1500], krg_min=6.751000e-01
2026-03-01 09:55:14 - M5Trainer - INFO - [Step  4500/80000] A | L=7.3729e+01 | 554.7s
2026-03-01 09:55:14 - M5Trainer - INFO -   loss: IC=0.00e+00 BC=0.00e+00 PDE=0.00e+00 Qg=2.70e-01 Sd=4.57e-02 TDS=0.00e+00
2026-03-01 09:55:14 - M5Trainer - INFO -   param: k=8.000mD dp=13.3 ng=1.085 nw=4.407 Sw=[0.150,0.150] | A(t)=[-7.18,-7.62,-7.74]
2026-03-01 09:55:14 - M5Trainer - INFO -   [k_frac诊断] grad=None, k_frac=8.000001 mD
2026-03-01 09:55:26 - M5Trainer - INFO - [Step  4600/80000] A | L=6.3065e+01 | 567.0s
2026-03-01 09:55:26 - M5Trainer - INFO -   loss: IC=0.00e+00 BC=0.00e+00 PDE=0.00e+00 Qg=2.54e-01 Sd=3.30e-02 TDS=0.00e+00
2026-03-01 09:55:26 - M5Trainer - INFO -   param: k=8.000mD dp=13.3 ng=1.085 nw=4.407 Sw=[0.150,0.150] | A(t)=[-7.31,-7.70,-7.80]
2026-03-01 09:55:38 - M5Trainer - INFO - [Step  4700/80000] A | L=7.0477e+01 | 579.0s
2026-03-01 09:55:38 - M5Trainer - INFO -   loss: IC=0.00e+00 BC=0.00e+00 PDE=0.00e+00 Qg=2.56e-01 Sd=3.41e-02 TDS=0.00e+00
2026-03-01 09:55:38 - M5Trainer - INFO -   param: k=8.000mD dp=13.3 ng=1.085 nw=4.407 Sw=[0.150,0.150] | A(t)=[-7.21,-7.63,-7.75]
2026-03-01 09:55:50 - M5Trainer - INFO - [Step  4800/80000] A | L=4.9618e+01 | 591.2s
2026-03-01 09:55:50 - M5Trainer - INFO -   loss: IC=0.00e+00 BC=0.00e+00 PDE=0.00e+00 Qg=2.54e-01 Sd=3.91e-02 TDS=0.00e+00
2026-03-01 09:55:50 - M5Trainer - INFO -   param: k=8.000mD dp=13.3 ng=1.085 nw=4.407 Sw=[0.150,0.150] | A(t)=[-7.39,-7.81,-7.92]
2026-03-01 09:56:02 - M5Trainer - INFO - [Step  4900/80000] A | L=7.7747e+01 | 603.0s
2026-03-01 09:56:02 - M5Trainer - INFO -   loss: IC=0.00e+00 BC=0.00e+00 PDE=0.00e+00 Qg=2.49e-01 Sd=3.44e-02 TDS=0.00e+00
2026-03-01 09:56:02 - M5Trainer - INFO -   param: k=8.000mD dp=13.3 ng=1.085 nw=4.407 Sw=[0.150,0.150] | A(t)=[-7.32,-7.75,-7.86]
2026-03-01 09:56:14 - M5Trainer - INFO -   [Sw监控] SY9: Sw=[0.1500, 0.1500, 0.1500], krg_min=6.751000e-01
2026-03-01 09:56:14 - M5Trainer - INFO - [Step  5000/80000] A | L=6.2118e+01 | 615.1s
2026-03-01 09:56:14 - M5Trainer - INFO -   loss: IC=0.00e+00 BC=0.00e+00 PDE=0.00e+00 Qg=2.47e-01 Sd=3.71e-02 TDS=0.00e+00
2026-03-01 09:56:14 - M5Trainer - INFO -   param: k=8.000mD dp=13.3 ng=1.085 nw=4.407 Sw=[0.150,0.150] | A(t)=[-7.41,-7.83,-7.93]
2026-03-01 09:56:14 - M5Trainer - INFO -   [k_frac诊断] grad=None, k_frac=8.000001 mD
2026-03-01 09:56:26 - M5Trainer - INFO - [Step  5100/80000] A | L=7.5584e+01 | 627.3s
2026-03-01 09:56:26 - M5Trainer - INFO -   loss: IC=0.00e+00 BC=0.00e+00 PDE=0.00e+00 Qg=2.47e-01 Sd=3.18e-02 TDS=0.00e+00
2026-03-01 09:56:26 - M5Trainer - INFO -   param: k=8.000mD dp=13.3 ng=1.085 nw=4.407 Sw=[0.150,0.150] | A(t)=[-7.29,-7.72,-7.83]
2026-03-01 09:56:39 - M5Trainer - INFO - [Step  5200/80000] A | L=8.1047e+01 | 639.6s
2026-03-01 09:56:39 - M5Trainer - INFO -   loss: IC=0.00e+00 BC=0.00e+00 PDE=0.00e+00 Qg=2.44e-01 Sd=2.34e-02 TDS=0.00e+00
2026-03-01 09:56:39 - M5Trainer - INFO -   param: k=8.000mD dp=13.3 ng=1.085 nw=4.407 Sw=[0.150,0.150] | A(t)=[-7.49,-7.85,-7.94]
2026-03-01 09:56:51 - M5Trainer - INFO - [Step  5300/80000] A | L=7.1166e+01 | 651.7s
2026-03-01 09:56:51 - M5Trainer - INFO -   loss: IC=0.00e+00 BC=0.00e+00 PDE=0.00e+00 Qg=2.46e-01 Sd=2.25e-02 TDS=0.00e+00
2026-03-01 09:56:51 - M5Trainer - INFO -   param: k=8.000mD dp=13.3 ng=1.085 nw=4.407 Sw=[0.150,0.150] | A(t)=[-7.44,-7.80,-7.89]
2026-03-01 09:57:03 - M5Trainer - INFO - [Step  5400/80000] A | L=6.3280e+01 | 664.1s
2026-03-01 09:57:03 - M5Trainer - INFO -   loss: IC=0.00e+00 BC=0.00e+00 PDE=0.00e+00 Qg=2.49e-01 Sd=3.82e-02 TDS=0.00e+00
2026-03-01 09:57:03 - M5Trainer - INFO -   param: k=8.000mD dp=13.3 ng=1.085 nw=4.407 Sw=[0.150,0.150] | A(t)=[-7.09,-7.58,-7.71]
2026-03-01 09:57:16 - M5Trainer - INFO -   [Sw监控] SY9: Sw=[0.1500, 0.1500, 0.1500], krg_min=6.751000e-01
2026-03-01 09:57:16 - M5Trainer - INFO - [Step  5500/80000] A | L=7.2154e+01 | 676.5s
2026-03-01 09:57:16 - M5Trainer - INFO -   loss: IC=0.00e+00 BC=0.00e+00 PDE=0.00e+00 Qg=2.40e-01 Sd=2.09e-02 TDS=0.00e+00
2026-03-01 09:57:16 - M5Trainer - INFO -   param: k=8.000mD dp=13.3 ng=1.085 nw=4.407 Sw=[0.150,0.150] | A(t)=[-7.51,-7.95,-8.05]
2026-03-01 09:57:16 - M5Trainer - INFO -   [k_frac诊断] grad=None, k_frac=8.000001 mD
2026-03-01 09:57:28 - M5Trainer - INFO - [Step  5600/80000] A | L=6.7113e+01 | 688.9s
2026-03-01 09:57:28 - M5Trainer - INFO -   loss: IC=0.00e+00 BC=0.00e+00 PDE=0.00e+00 Qg=2.43e-01 Sd=1.87e-02 TDS=0.00e+00
2026-03-01 09:57:28 - M5Trainer - INFO -   param: k=8.000mD dp=13.3 ng=1.085 nw=4.407 Sw=[0.150,0.150] | A(t)=[-7.59,-8.00,-8.09]
2026-03-01 09:57:41 - M5Trainer - INFO - [Step  5700/80000] A | L=5.6615e+01 | 701.5s
2026-03-01 09:57:41 - M5Trainer - INFO -   loss: IC=0.00e+00 BC=0.00e+00 PDE=0.00e+00 Qg=2.37e-01 Sd=1.79e-02 TDS=0.00e+00
2026-03-01 09:57:41 - M5Trainer - INFO -   param: k=8.000mD dp=13.3 ng=1.085 nw=4.407 Sw=[0.150,0.150] | A(t)=[-7.34,-7.92,-8.04]
2026-03-01 09:57:53 - M5Trainer - INFO - [Step  5800/80000] A | L=4.4536e+01 | 713.8s
2026-03-01 09:57:53 - M5Trainer - INFO -   loss: IC=0.00e+00 BC=0.00e+00 PDE=0.00e+00 Qg=2.36e-01 Sd=1.66e-02 TDS=0.00e+00
2026-03-01 09:57:53 - M5Trainer - INFO -   param: k=8.000mD dp=13.3 ng=1.085 nw=4.407 Sw=[0.150,0.150] | A(t)=[-7.46,-8.05,-8.16]
2026-03-01 09:58:05 - M5Trainer - INFO - [Step  5900/80000] A | L=3.7214e+01 | 726.0s
2026-03-01 09:58:05 - M5Trainer - INFO -   loss: IC=0.00e+00 BC=0.00e+00 PDE=0.00e+00 Qg=2.40e-01 Sd=1.27e-02 TDS=0.00e+00
2026-03-01 09:58:05 - M5Trainer - INFO -   param: k=8.000mD dp=13.3 ng=1.085 nw=4.407 Sw=[0.150,0.150] | A(t)=[-7.82,-8.39,-8.48]
2026-03-01 09:58:18 - M5Trainer - INFO -   [Sw监控] SY9: Sw=[0.1500, 0.1500, 0.1500], krg_min=6.751000e-01
2026-03-01 09:58:18 - M5Trainer - INFO - [Step  6000/80000] A | L=4.2506e+01 | 738.6s
2026-03-01 09:58:18 - M5Trainer - INFO -   loss: IC=0.00e+00 BC=0.00e+00 PDE=0.00e+00 Qg=2.34e-01 Sd=1.83e-02 TDS=0.00e+00
2026-03-01 09:58:18 - M5Trainer - INFO -   param: k=8.000mD dp=13.3 ng=1.085 nw=4.407 Sw=[0.150,0.150] | A(t)=[-7.81,-8.53,-8.64]
2026-03-01 09:58:18 - M5Trainer - INFO -   [k_frac诊断] grad=None, k_frac=8.000001 mD
2026-03-01 09:58:31 - M5Trainer - INFO - [Step  6100/80000] A | L=4.4279e+01 | 751.7s
2026-03-01 09:58:31 - M5Trainer - INFO -   loss: IC=0.00e+00 BC=0.00e+00 PDE=0.00e+00 Qg=2.36e-01 Sd=1.64e-02 TDS=0.00e+00
2026-03-01 09:58:31 - M5Trainer - INFO -   param: k=8.000mD dp=13.3 ng=1.085 nw=4.407 Sw=[0.150,0.150] | A(t)=[-7.82,-8.65,-8.76]
2026-03-01 09:58:44 - M5Trainer - INFO - [Step  6200/80000] A | L=4.4209e+01 | 764.6s
2026-03-01 09:58:44 - M5Trainer - INFO -   loss: IC=0.00e+00 BC=0.00e+00 PDE=0.00e+00 Qg=2.34e-01 Sd=1.38e-02 TDS=0.00e+00
2026-03-01 09:58:44 - M5Trainer - INFO -   param: k=8.000mD dp=13.3 ng=1.085 nw=4.407 Sw=[0.150,0.150] | A(t)=[-7.81,-8.73,-8.84]
2026-03-01 09:58:56 - M5Trainer - INFO - [Step  6300/80000] A | L=4.7050e+01 | 777.4s
2026-03-01 09:58:56 - M5Trainer - INFO -   loss: IC=0.00e+00 BC=0.00e+00 PDE=0.00e+00 Qg=2.38e-01 Sd=1.11e-02 TDS=0.00e+00
2026-03-01 09:58:56 - M5Trainer - INFO -   param: k=8.000mD dp=13.3 ng=1.085 nw=4.407 Sw=[0.150,0.150] | A(t)=[-7.79,-8.74,-8.84]
2026-03-01 09:59:09 - M5Trainer - INFO - [Step  6400/80000] B | L=1.2259e+02 | 790.3s
2026-03-01 09:59:09 - M5Trainer - INFO -   loss: IC=0.00e+00 BC=0.00e+00 PDE=0.00e+00 Qg=2.34e-01 Sd=7.78e-03 TDS=2.29e-01
2026-03-01 09:59:09 - M5Trainer - INFO -   param: k=8.000mD dp=13.3 ng=1.085 nw=4.407 Sw=[0.118,0.223] | A(t)=[-7.78,-8.73,-8.82]
2026-03-01 09:59:22 - M5Trainer - INFO -   [Sw监控] SY9: Sw=[0.0502, 0.1125, 0.3373], krg_min=5.920415e-01
2026-03-01 09:59:22 - M5Trainer - INFO - [Step  6500/80000] B | L=1.0421e+02 | 802.7s
2026-03-01 09:59:22 - M5Trainer - INFO -   loss: IC=0.00e+00 BC=0.00e+00 PDE=0.00e+00 Qg=2.31e-01 Sd=5.39e-03 TDS=3.37e-01
2026-03-01 09:59:22 - M5Trainer - INFO -   param: k=8.000mD dp=13.3 ng=1.085 nw=4.407 Sw=[0.054,0.212] | A(t)=[-7.73,-8.77,-8.86]
2026-03-01 09:59:22 - M5Trainer - INFO -   [k_frac诊断] grad=None, k_frac=8.000001 mD
2026-03-01 09:59:35 - M5Trainer - INFO - [Step  6600/80000] B | L=1.4366e+02 | 815.6s
2026-03-01 09:59:35 - M5Trainer - INFO -   loss: IC=0.00e+00 BC=0.00e+00 PDE=0.00e+00 Qg=2.35e-01 Sd=1.01e-02 TDS=2.48e-01
2026-03-01 09:59:35 - M5Trainer - INFO -   param: k=8.000mD dp=13.3 ng=1.085 nw=4.407 Sw=[0.056,0.429] | A(t)=[-7.78,-8.77,-8.85]
2026-03-01 09:59:47 - M5Trainer - INFO - [Step  6700/80000] B | L=1.5133e+02 | 828.4s
2026-03-01 09:59:47 - M5Trainer - INFO -   loss: IC=0.00e+00 BC=0.00e+00 PDE=0.00e+00 Qg=2.36e-01 Sd=5.10e-03 TDS=3.78e-01
2026-03-01 09:59:47 - M5Trainer - INFO -   param: k=8.000mD dp=13.3 ng=1.085 nw=4.407 Sw=[0.055,0.283] | A(t)=[-7.84,-8.90,-8.96]
2026-03-01 10:00:00 - M5Trainer - INFO - [Step  6800/80000] B | L=1.2539e+02 | 841.2s
2026-03-01 10:00:00 - M5Trainer - INFO -   loss: IC=0.00e+00 BC=0.00e+00 PDE=0.00e+00 Qg=2.25e-01 Sd=6.92e-03 TDS=2.21e-01
2026-03-01 10:00:00 - M5Trainer - INFO -   param: k=8.000mD dp=13.3 ng=1.085 nw=4.407 Sw=[0.069,0.290] | A(t)=[-7.34,-9.18,-9.26]
2026-03-01 10:00:13 - M5Trainer - INFO - [Step  6900/80000] B | L=1.5595e+02 | 853.5s
2026-03-01 10:00:13 - M5Trainer - INFO -   loss: IC=0.00e+00 BC=0.00e+00 PDE=0.00e+00 Qg=2.40e-01 Sd=5.05e-03 TDS=2.26e-01
2026-03-01 10:00:13 - M5Trainer - INFO -   param: k=8.000mD dp=13.3 ng=1.085 nw=4.407 Sw=[0.064,0.402] | A(t)=[-7.70,-8.89,-8.94]
2026-03-01 10:00:25 - M5Trainer - INFO -   [Sw监控] SY9: Sw=[0.0511, 0.2333, 0.4151], krg_min=5.093480e-01
2026-03-01 10:00:25 - M5Trainer - INFO - [Step  7000/80000] B | L=1.4353e+02 | 866.4s
2026-03-01 10:00:25 - M5Trainer - INFO -   loss: IC=0.00e+00 BC=0.00e+00 PDE=0.00e+00 Qg=2.18e-01 Sd=6.06e-03 TDS=2.06e-01
2026-03-01 10:00:25 - M5Trainer - INFO -   param: k=8.000mD dp=13.3 ng=1.085 nw=4.407 Sw=[0.055,0.412] | A(t)=[-7.95,-9.02,-9.06]
2026-03-01 10:00:25 - M5Trainer - INFO -   [k_frac诊断] grad=None, k_frac=8.000001 mD
2026-03-01 10:00:38 - M5Trainer - INFO - [Step  7100/80000] B | L=1.3857e+02 | 879.3s
2026-03-01 10:00:38 - M5Trainer - INFO -   loss: IC=0.00e+00 BC=0.00e+00 PDE=0.00e+00 Qg=2.11e-01 Sd=6.42e-03 TDS=2.02e-01
2026-03-01 10:00:38 - M5Trainer - INFO -   param: k=8.000mD dp=13.3 ng=1.085 nw=4.407 Sw=[0.073,0.427] | A(t)=[-7.67,-8.97,-9.01]
2026-03-01 10:00:51 - M5Trainer - INFO - [Step  7200/80000] B | L=1.3996e+02 | 892.3s
2026-03-01 10:00:51 - M5Trainer - INFO -   loss: IC=0.00e+00 BC=0.00e+00 PDE=0.00e+00 Qg=2.12e-01 Sd=5.80e-03 TDS=1.95e-01
2026-03-01 10:00:51 - M5Trainer - INFO -   param: k=8.000mD dp=13.3 ng=1.085 nw=4.407 Sw=[0.055,0.429] | A(t)=[-7.62,-8.97,-9.01]
2026-03-01 10:01:04 - M5Trainer - INFO - [Step  7300/80000] B | L=1.4593e+02 | 904.9s
2026-03-01 10:01:04 - M5Trainer - INFO -   loss: IC=0.00e+00 BC=0.00e+00 PDE=0.00e+00 Qg=2.17e-01 Sd=5.09e-03 TDS=1.96e-01
2026-03-01 10:01:04 - M5Trainer - INFO -   param: k=8.000mD dp=13.3 ng=1.085 nw=4.407 Sw=[0.055,0.426] | A(t)=[-7.41,-8.80,-8.83]
2026-03-01 10:01:16 - M5Trainer - INFO - [Step  7400/80000] B | L=1.1134e+02 | 917.4s
2026-03-01 10:01:16 - M5Trainer - INFO -   loss: IC=0.00e+00 BC=0.00e+00 PDE=0.00e+00 Qg=2.10e-01 Sd=4.44e-03 TDS=2.45e-01
2026-03-01 10:01:16 - M5Trainer - INFO -   param: k=8.000mD dp=13.3 ng=1.085 nw=4.407 Sw=[0.056,0.422] | A(t)=[-7.24,-8.73,-8.77]
2026-03-01 10:01:29 - M5Trainer - INFO -   [Sw监控] SY9: Sw=[0.0505, 0.2367, 0.4306], krg_min=4.930183e-01
2026-03-01 10:01:29 - M5Trainer - INFO - [Step  7500/80000] B | L=1.2237e+02 | 930.0s
2026-03-01 10:01:29 - M5Trainer - INFO -   loss: IC=0.00e+00 BC=0.00e+00 PDE=0.00e+00 Qg=2.08e-01 Sd=4.86e-03 TDS=2.01e-01
2026-03-01 10:01:29 - M5Trainer - INFO -   param: k=8.000mD dp=13.3 ng=1.085 nw=4.407 Sw=[0.065,0.403] | A(t)=[-6.94,-8.44,-8.50]
2026-03-01 10:01:29 - M5Trainer - INFO -   [k_frac诊断] grad=None, k_frac=8.000001 mD
2026-03-01 10:01:42 - M5Trainer - INFO - [Step  7600/80000] B | L=1.0880e+02 | 942.5s
2026-03-01 10:01:42 - M5Trainer - INFO -   loss: IC=0.00e+00 BC=0.00e+00 PDE=0.00e+00 Qg=2.12e-01 Sd=4.98e-03 TDS=2.41e-01
2026-03-01 10:01:42 - M5Trainer - INFO -   param: k=8.000mD dp=13.3 ng=1.085 nw=4.407 Sw=[0.055,0.408] | A(t)=[-7.45,-8.87,-8.91]
2026-03-01 10:01:54 - M5Trainer - INFO - [Step  7700/80000] B | L=1.1644e+02 | 954.9s
2026-03-01 10:01:54 - M5Trainer - INFO -   loss: IC=0.00e+00 BC=0.00e+00 PDE=0.00e+00 Qg=2.10e-01 Sd=5.33e-03 TDS=2.01e-01
2026-03-01 10:01:54 - M5Trainer - INFO -   param: k=8.000mD dp=13.3 ng=1.085 nw=4.407 Sw=[0.093,0.400] | A(t)=[-7.13,-8.87,-8.92]
2026-03-01 10:02:06 - M5Trainer - INFO - [Step  7800/80000] B | L=9.7608e+01 | 967.1s
2026-03-01 10:02:06 - M5Trainer - INFO -   loss: IC=0.00e+00 BC=0.00e+00 PDE=0.00e+00 Qg=2.06e-01 Sd=4.76e-03 TDS=2.07e-01
2026-03-01 10:02:06 - M5Trainer - INFO -   param: k=8.000mD dp=13.3 ng=1.085 nw=4.407 Sw=[0.087,0.437] | A(t)=[-6.94,-9.18,-9.24]
2026-03-01 10:02:19 - M5Trainer - INFO - [Step  7900/80000] B | L=1.1017e+02 | 979.9s
2026-03-01 10:02:19 - M5Trainer - INFO -   loss: IC=0.00e+00 BC=0.00e+00 PDE=0.00e+00 Qg=2.24e-01 Sd=4.01e-03 TDS=1.96e-01
2026-03-01 10:02:19 - M5Trainer - INFO -   param: k=8.000mD dp=13.3 ng=1.085 nw=4.407 Sw=[0.069,0.434] | A(t)=[-7.28,-9.08,-9.14]
2026-03-01 10:02:31 - M5Trainer - INFO -   [Sw监控] SY9: Sw=[0.0508, 0.2201, 0.4271], krg_min=4.967592e-01
2026-03-01 10:02:31 - M5Trainer - INFO - [Step  8000/80000] B | L=1.7291e+02 | 992.3s
2026-03-01 10:02:31 - M5Trainer - INFO -   loss: IC=0.00e+00 BC=0.00e+00 PDE=0.00e+00 Qg=2.11e-01 Sd=6.06e-03 TDS=2.12e-01
2026-03-01 10:02:31 - M5Trainer - INFO -   param: k=8.000mD dp=13.3 ng=1.085 nw=4.407 Sw=[0.083,0.414] | A(t)=[-7.15,-9.33,-9.43]
2026-03-01 10:02:31 - M5Trainer - INFO -   [k_frac诊断] grad=None, k_frac=8.000001 mD
2026-03-01 10:02:44 - M5Trainer - INFO - [Step  8100/80000] B | L=9.8604e+01 | 1004.9s
2026-03-01 10:02:44 - M5Trainer - INFO -   loss: IC=0.00e+00 BC=0.00e+00 PDE=0.00e+00 Qg=2.08e-01 Sd=4.76e-03 TDS=1.96e-01
2026-03-01 10:02:44 - M5Trainer - INFO -   param: k=8.000mD dp=13.3 ng=1.085 nw=4.407 Sw=[0.054,0.434] | A(t)=[-7.29,-9.22,-9.32]
2026-03-01 10:02:56 - M5Trainer - INFO - [Step  8200/80000] B | L=1.0229e+02 | 1017.1s
2026-03-01 10:02:56 - M5Trainer - INFO -   loss: IC=0.00e+00 BC=0.00e+00 PDE=0.00e+00 Qg=2.07e-01 Sd=4.56e-03 TDS=1.97e-01
2026-03-01 10:02:56 - M5Trainer - INFO -   param: k=8.000mD dp=13.3 ng=1.085 nw=4.407 Sw=[0.073,0.429] | A(t)=[-7.35,-9.15,-9.26]
2026-03-01 10:03:08 - M5Trainer - INFO - [Step  8300/80000] B | L=1.0354e+02 | 1029.4s
2026-03-01 10:03:08 - M5Trainer - INFO -   loss: IC=0.00e+00 BC=0.00e+00 PDE=0.00e+00 Qg=2.09e-01 Sd=3.67e-03 TDS=2.03e-01
2026-03-01 10:03:08 - M5Trainer - INFO -   param: k=8.000mD dp=13.3 ng=1.085 nw=4.407 Sw=[0.121,0.432] | A(t)=[-7.49,-9.15,-9.24]
2026-03-01 10:03:20 - M5Trainer - INFO - [Step  8400/80000] B | L=1.8421e+02 | 1041.4s
2026-03-01 10:03:20 - M5Trainer - INFO -   loss: IC=0.00e+00 BC=0.00e+00 PDE=0.00e+00 Qg=2.19e-01 Sd=3.62e-03 TDS=1.83e-01
2026-03-01 10:03:20 - M5Trainer - INFO -   param: k=8.000mD dp=13.3 ng=1.085 nw=4.407 Sw=[0.056,0.423] | A(t)=[-7.40,-9.09,-9.19]
2026-03-01 10:03:33 - M5Trainer - INFO -   [Sw监控] SY9: Sw=[0.0510, 0.2438, 0.4255], krg_min=4.984087e-01
2026-03-01 10:03:33 - M5Trainer - INFO - [Step  8500/80000] B | L=1.0379e+02 | 1053.6s
2026-03-01 10:03:33 - M5Trainer - INFO -   loss: IC=0.00e+00 BC=0.00e+00 PDE=0.00e+00 Qg=2.20e-01 Sd=6.97e-03 TDS=2.14e-01
2026-03-01 10:03:33 - M5Trainer - INFO -   param: k=8.000mD dp=13.3 ng=1.085 nw=4.407 Sw=[0.069,0.414] | A(t)=[-7.45,-9.21,-9.30]
2026-03-01 10:03:33 - M5Trainer - INFO -   [k_frac诊断] grad=None, k_frac=8.000001 mD
2026-03-01 10:03:45 - M5Trainer - INFO - [Step  8600/80000] B | L=1.0977e+02 | 1066.3s
2026-03-01 10:03:45 - M5Trainer - INFO -   loss: IC=0.00e+00 BC=0.00e+00 PDE=0.00e+00 Qg=2.19e-01 Sd=4.68e-03 TDS=2.08e-01
2026-03-01 10:03:45 - M5Trainer - INFO -   param: k=8.000mD dp=13.3 ng=1.085 nw=4.407 Sw=[0.184,0.435] | A(t)=[-7.50,-9.16,-9.25]
2026-03-01 10:03:58 - M5Trainer - INFO - [Step  8700/80000] B | L=1.4092e+02 | 1078.6s
2026-03-01 10:03:58 - M5Trainer - INFO -   loss: IC=0.00e+00 BC=0.00e+00 PDE=0.00e+00 Qg=2.11e-01 Sd=7.66e-03 TDS=2.06e-01
2026-03-01 10:03:58 - M5Trainer - INFO -   param: k=8.000mD dp=13.3 ng=1.085 nw=4.407 Sw=[0.079,0.421] | A(t)=[-7.40,-9.10,-9.19]
2026-03-01 10:04:10 - M5Trainer - INFO - [Step  8800/80000] B | L=1.4036e+02 | 1091.2s
2026-03-01 10:04:10 - M5Trainer - INFO -   loss: IC=0.00e+00 BC=0.00e+00 PDE=0.00e+00 Qg=2.18e-01 Sd=8.25e-03 TDS=1.94e-01
2026-03-01 10:04:10 - M5Trainer - INFO -   param: k=8.000mD dp=13.3 ng=1.085 nw=4.407 Sw=[0.056,0.427] | A(t)=[-6.77,-9.24,-9.35]
2026-03-01 10:04:23 - M5Trainer - INFO - [Step  8900/80000] B | L=1.4694e+02 | 1103.8s
2026-03-01 10:04:23 - M5Trainer - INFO -   loss: IC=0.00e+00 BC=0.00e+00 PDE=0.00e+00 Qg=2.08e-01 Sd=5.48e-03 TDS=1.96e-01
2026-03-01 10:04:23 - M5Trainer - INFO -   param: k=8.000mD dp=13.3 ng=1.085 nw=4.407 Sw=[0.066,0.435] | A(t)=[-7.61,-9.05,-9.09]
2026-03-01 10:04:35 - M5Trainer - INFO -   [Sw监控] SY9: Sw=[0.0506, 0.2779, 0.4422], krg_min=4.808467e-01
2026-03-01 10:04:35 - M5Trainer - INFO - [Step  9000/80000] B | L=1.4727e+02 | 1116.1s
2026-03-01 10:04:35 - M5Trainer - INFO -   loss: IC=0.00e+00 BC=0.00e+00 PDE=0.00e+00 Qg=2.15e-01 Sd=5.87e-03 TDS=1.94e-01
2026-03-01 10:04:35 - M5Trainer - INFO -   param: k=8.000mD dp=13.3 ng=1.085 nw=4.407 Sw=[0.100,0.440] | A(t)=[-7.60,-9.04,-9.08]
2026-03-01 10:04:35 - M5Trainer - INFO -   [k_frac诊断] grad=None, k_frac=8.000001 mD
2026-03-01 10:04:48 - M5Trainer - INFO - [Step  9100/80000] B | L=1.3654e+02 | 1128.7s
2026-03-01 10:04:48 - M5Trainer - INFO -   loss: IC=0.00e+00 BC=0.00e+00 PDE=0.00e+00 Qg=2.11e-01 Sd=6.66e-03 TDS=1.88e-01
2026-03-01 10:04:48 - M5Trainer - INFO -   param: k=8.000mD dp=13.3 ng=1.085 nw=4.407 Sw=[0.158,0.435] | A(t)=[-6.73,-9.15,-9.22]
2026-03-01 10:05:00 - M5Trainer - INFO - [Step  9200/80000] B | L=1.2718e+02 | 1141.1s
2026-03-01 10:05:00 - M5Trainer - INFO -   loss: IC=0.00e+00 BC=0.00e+00 PDE=0.00e+00 Qg=2.10e-01 Sd=5.50e-03 TDS=1.96e-01
2026-03-01 10:05:00 - M5Trainer - INFO -   param: k=8.000mD dp=13.3 ng=1.085 nw=4.407 Sw=[0.060,0.434] | A(t)=[-6.65,-9.10,-9.18]
2026-03-01 10:05:13 - M5Trainer - INFO - [Step  9300/80000] B | L=1.3951e+02 | 1153.7s
2026-03-01 10:05:13 - M5Trainer - INFO -   loss: IC=0.00e+00 BC=0.00e+00 PDE=0.00e+00 Qg=2.08e-01 Sd=4.38e-03 TDS=1.98e-01
2026-03-01 10:05:13 - M5Trainer - INFO -   param: k=8.000mD dp=13.3 ng=1.085 nw=4.407 Sw=[0.070,0.423] | A(t)=[-6.82,-8.88,-8.95]
2026-03-01 10:05:25 - M5Trainer - INFO - [Step  9400/80000] B | L=1.4472e+02 | 1166.3s
2026-03-01 10:05:25 - M5Trainer - INFO -   loss: IC=0.00e+00 BC=0.00e+00 PDE=0.00e+00 Qg=2.18e-01 Sd=5.78e-03 TDS=2.20e-01
2026-03-01 10:05:25 - M5Trainer - INFO -   param: k=8.000mD dp=13.3 ng=1.085 nw=4.407 Sw=[0.063,0.422] | A(t)=[-7.47,-9.09,-9.13]
2026-03-01 10:05:38 - M5Trainer - INFO -   [Sw监控] SY9: Sw=[0.0508, 0.2625, 0.4362], krg_min=4.870935e-01
2026-03-01 10:05:38 - M5Trainer - INFO - [Step  9500/80000] B | L=1.4552e+02 | 1178.7s
2026-03-01 10:05:38 - M5Trainer - INFO -   loss: IC=0.00e+00 BC=0.00e+00 PDE=0.00e+00 Qg=2.08e-01 Sd=3.95e-03 TDS=1.94e-01
2026-03-01 10:05:38 - M5Trainer - INFO -   param: k=8.000mD dp=13.3 ng=1.085 nw=4.407 Sw=[0.058,0.431] | A(t)=[-7.56,-8.94,-8.97]
2026-03-01 10:05:38 - M5Trainer - INFO -   [k_frac诊断] grad=None, k_frac=8.000001 mD
2026-03-01 10:05:51 - M5Trainer - INFO - [Step  9600/80000] B | L=1.3465e+02 | 1191.6s
2026-03-01 10:05:51 - M5Trainer - INFO -   loss: IC=0.00e+00 BC=0.00e+00 PDE=0.00e+00 Qg=2.06e-01 Sd=4.76e-03 TDS=2.06e-01
2026-03-01 10:05:51 - M5Trainer - INFO -   param: k=8.000mD dp=13.3 ng=1.085 nw=4.407 Sw=[0.061,0.424] | A(t)=[-7.64,-8.95,-8.98]
2026-03-01 10:06:03 - M5Trainer - INFO - [Step  9700/80000] B | L=1.3807e+02 | 1204.4s
2026-03-01 10:06:03 - M5Trainer - INFO -   loss: IC=0.00e+00 BC=0.00e+00 PDE=0.00e+00 Qg=2.07e-01 Sd=5.43e-03 TDS=2.07e-01
2026-03-01 10:06:03 - M5Trainer - INFO -   param: k=8.000mD dp=13.3 ng=1.085 nw=4.407 Sw=[0.074,0.433] | A(t)=[-7.31,-8.90,-8.93]
2026-03-01 10:06:16 - M5Trainer - INFO - [Step  9800/80000] B | L=1.2711e+02 | 1217.1s
2026-03-01 10:06:16 - M5Trainer - INFO -   loss: IC=0.00e+00 BC=0.00e+00 PDE=0.00e+00 Qg=2.06e-01 Sd=3.34e-03 TDS=1.98e-01
2026-03-01 10:06:16 - M5Trainer - INFO -   param: k=8.000mD dp=13.3 ng=1.085 nw=4.407 Sw=[0.169,0.427] | A(t)=[-7.15,-8.97,-9.01]
2026-03-01 10:06:28 - M5Trainer - INFO - [Step  9900/80000] B | L=1.3094e+02 | 1229.4s
2026-03-01 10:06:28 - M5Trainer - INFO -   loss: IC=0.00e+00 BC=0.00e+00 PDE=0.00e+00 Qg=2.05e-01 Sd=4.92e-03 TDS=2.14e-01
2026-03-01 10:06:28 - M5Trainer - INFO -   param: k=8.000mD dp=13.3 ng=1.085 nw=4.407 Sw=[0.127,0.431] | A(t)=[-7.16,-8.92,-8.95]
2026-03-01 10:06:41 - M5Trainer - INFO -   [Sw监控] SY9: Sw=[0.0504, 0.2356, 0.4347], krg_min=4.887016e-01
2026-03-01 10:06:41 - M5Trainer - INFO - [Step 10000/80000] B | L=1.4620e+02 | 1241.9s
2026-03-01 10:06:41 - M5Trainer - INFO -   loss: IC=0.00e+00 BC=0.00e+00 PDE=0.00e+00 Qg=2.05e-01 Sd=3.52e-03 TDS=2.39e-01
2026-03-01 10:06:41 - M5Trainer - INFO -   param: k=8.000mD dp=13.3 ng=1.085 nw=4.407 Sw=[0.078,0.433] | A(t)=[-7.06,-8.91,-8.95]
2026-03-01 10:06:41 - M5Trainer - INFO -   [k_frac诊断] grad=None, k_frac=8.000001 mD
2026-03-01 10:06:54 - M5Trainer - INFO - [Step 10100/80000] B | L=1.3436e+02 | 1254.7s
2026-03-01 10:06:54 - M5Trainer - INFO -   loss: IC=0.00e+00 BC=0.00e+00 PDE=0.00e+00 Qg=2.09e-01 Sd=4.58e-03 TDS=2.08e-01
2026-03-01 10:06:54 - M5Trainer - INFO -   param: k=8.000mD dp=13.3 ng=1.085 nw=4.407 Sw=[0.134,0.432] | A(t)=[-5.98,-8.84,-8.92]
2026-03-01 10:07:06 - M5Trainer - INFO - [Step 10200/80000] B | L=1.5575e+02 | 1267.2s
2026-03-01 10:07:06 - M5Trainer - INFO -   loss: IC=0.00e+00 BC=0.00e+00 PDE=0.00e+00 Qg=2.21e-01 Sd=3.00e-03 TDS=2.13e-01
2026-03-01 10:07:06 - M5Trainer - INFO -   param: k=8.000mD dp=13.3 ng=1.085 nw=4.407 Sw=[0.080,0.439] | A(t)=[-7.34,-8.98,-9.02]
2026-03-01 10:07:19 - M5Trainer - INFO - [Step 10300/80000] B | L=1.1481e+02 | 1279.8s
2026-03-01 10:07:19 - M5Trainer - INFO -   loss: IC=0.00e+00 BC=0.00e+00 PDE=0.00e+00 Qg=2.03e-01 Sd=2.99e-03 TDS=2.06e-01
2026-03-01 10:07:19 - M5Trainer - INFO -   param: k=8.000mD dp=13.3 ng=1.085 nw=4.407 Sw=[0.150,0.409] | A(t)=[-6.99,-9.01,-9.06]
2026-03-01 10:07:31 - M5Trainer - INFO - [Step 10400/80000] B | L=1.0646e+02 | 1292.3s
2026-03-01 10:07:31 - M5Trainer - INFO -   loss: IC=0.00e+00 BC=0.00e+00 PDE=0.00e+00 Qg=2.02e-01 Sd=4.14e-03 TDS=2.12e-01
2026-03-01 10:07:31 - M5Trainer - INFO -   param: k=8.000mD dp=13.3 ng=1.085 nw=4.407 Sw=[0.131,0.422] | A(t)=[-7.22,-8.84,-8.88]
2026-03-01 10:07:44 - M5Trainer - INFO -   [Sw监控] SY9: Sw=[0.0503, 0.2553, 0.4368], krg_min=4.865280e-01
2026-03-01 10:07:44 - M5Trainer - INFO - [Step 10500/80000] B | L=1.3747e+02 | 1305.4s
2026-03-01 10:07:44 - M5Trainer - INFO -   loss: IC=0.00e+00 BC=0.00e+00 PDE=0.00e+00 Qg=2.04e-01 Sd=4.37e-03 TDS=2.23e-01
2026-03-01 10:07:44 - M5Trainer - INFO -   param: k=8.000mD dp=13.3 ng=1.085 nw=4.407 Sw=[0.120,0.424] | A(t)=[-7.44,-8.99,-9.02]
2026-03-01 10:07:44 - M5Trainer - INFO -   [k_frac诊断] grad=None, k_frac=8.000001 mD
2026-03-01 10:07:57 - M5Trainer - INFO - [Step 10600/80000] B | L=1.2743e+02 | 1318.2s
2026-03-01 10:07:57 - M5Trainer - INFO -   loss: IC=0.00e+00 BC=0.00e+00 PDE=0.00e+00 Qg=2.05e-01 Sd=3.29e-03 TDS=2.08e-01
2026-03-01 10:07:57 - M5Trainer - INFO -   param: k=8.000mD dp=13.3 ng=1.085 nw=4.407 Sw=[0.103,0.440] | A(t)=[-6.22,-9.17,-9.24]
2026-03-01 10:08:10 - M5Trainer - INFO - [Step 10700/80000] B | L=1.1699e+02 | 1331.2s
2026-03-01 10:08:10 - M5Trainer - INFO -   loss: IC=0.00e+00 BC=0.00e+00 PDE=0.00e+00 Qg=2.08e-01 Sd=1.77e-03 TDS=2.02e-01
2026-03-01 10:08:10 - M5Trainer - INFO -   param: k=8.000mD dp=13.3 ng=1.085 nw=4.407 Sw=[0.109,0.438] | A(t)=[-6.97,-9.03,-9.08]
2026-03-01 10:08:23 - M5Trainer - INFO - [Step 10800/80000] B | L=1.3389e+02 | 1343.8s
2026-03-01 10:08:23 - M5Trainer - INFO -   loss: IC=0.00e+00 BC=0.00e+00 PDE=0.00e+00 Qg=2.14e-01 Sd=3.82e-03 TDS=2.40e-01
2026-03-01 10:08:23 - M5Trainer - INFO -   param: k=8.000mD dp=13.3 ng=1.085 nw=4.407 Sw=[0.077,0.440] | A(t)=[-5.77,-9.02,-9.13]
2026-03-01 10:08:36 - M5Trainer - INFO - [Step 10900/80000] B | L=1.4312e+02 | 1356.7s
2026-03-01 10:08:36 - M5Trainer - INFO -   loss: IC=0.00e+00 BC=0.00e+00 PDE=0.00e+00 Qg=2.04e-01 Sd=2.93e-03 TDS=2.14e-01
2026-03-01 10:08:36 - M5Trainer - INFO -   param: k=8.000mD dp=13.3 ng=1.085 nw=4.407 Sw=[0.160,0.437] | A(t)=[-6.55,-9.02,-9.09]
2026-03-01 10:08:49 - M5Trainer - INFO -   [Sw监控] SY9: Sw=[0.0503, 0.2810, 0.4394], krg_min=4.837717e-01
2026-03-01 10:08:49 - M5Trainer - INFO - [Step 11000/80000] B | L=1.1059e+02 | 1369.8s
2026-03-01 10:08:49 - M5Trainer - INFO -   loss: IC=0.00e+00 BC=0.00e+00 PDE=0.00e+00 Qg=2.07e-01 Sd=3.26e-03 TDS=2.16e-01
2026-03-01 10:08:49 - M5Trainer - INFO -   param: k=8.000mD dp=13.3 ng=1.085 nw=4.407 Sw=[0.197,0.440] | A(t)=[-7.23,-9.02,-9.06]
2026-03-01 10:08:49 - M5Trainer - INFO -   [k_frac诊断] grad=None, k_frac=8.000001 mD
2026-03-01 10:09:02 - M5Trainer - INFO - [Step 11100/80000] B | L=1.4018e+02 | 1382.7s
2026-03-01 10:09:02 - M5Trainer - INFO -   loss: IC=0.00e+00 BC=0.00e+00 PDE=0.00e+00 Qg=2.10e-01 Sd=4.14e-03 TDS=2.50e-01
2026-03-01 10:09:02 - M5Trainer - INFO -   param: k=8.000mD dp=13.3 ng=1.085 nw=4.407 Sw=[0.080,0.447] | A(t)=[-6.69,-8.97,-9.03]
2026-03-01 10:09:14 - M5Trainer - INFO - [Step 11200/80000] B | L=1.3441e+02 | 1394.8s
2026-03-01 10:09:14 - M5Trainer - INFO -   loss: IC=0.00e+00 BC=0.00e+00 PDE=0.00e+00 Qg=2.05e-01 Sd=3.07e-03 TDS=2.33e-01
2026-03-01 10:09:14 - M5Trainer - INFO -   param: k=8.000mD dp=13.3 ng=1.085 nw=4.407 Sw=[0.114,0.438] | A(t)=[-6.77,-9.08,-9.14]
2026-03-01 10:09:26 - M5Trainer - INFO - [Step 11300/80000] B | L=1.4331e+02 | 1407.4s
2026-03-01 10:09:26 - M5Trainer - INFO -   loss: IC=0.00e+00 BC=0.00e+00 PDE=0.00e+00 Qg=1.99e-01 Sd=1.91e-03 TDS=2.69e-01
2026-03-01 10:09:26 - M5Trainer - INFO -   param: k=8.000mD dp=13.3 ng=1.085 nw=4.407 Sw=[0.083,0.439] | A(t)=[-7.15,-8.97,-9.01]
2026-03-01 10:09:39 - M5Trainer - INFO - [Step 11400/80000] B | L=1.3338e+02 | 1419.8s
2026-03-01 10:09:39 - M5Trainer - INFO -   loss: IC=0.00e+00 BC=0.00e+00 PDE=0.00e+00 Qg=2.04e-01 Sd=3.14e-03 TDS=2.09e-01
2026-03-01 10:09:39 - M5Trainer - INFO -   param: k=8.000mD dp=13.3 ng=1.085 nw=4.407 Sw=[0.093,0.441] | A(t)=[-6.90,-9.07,-9.13]
2026-03-01 10:09:52 - M5Trainer - INFO -   [Sw监控] SY9: Sw=[0.0507, 0.2456, 0.4380], krg_min=4.851971e-01
2026-03-01 10:09:52 - M5Trainer - INFO - [Step 11500/80000] B | L=1.0931e+02 | 1432.7s
2026-03-01 10:09:52 - M5Trainer - INFO -   loss: IC=0.00e+00 BC=0.00e+00 PDE=0.00e+00 Qg=2.00e-01 Sd=3.75e-03 TDS=2.35e-01
2026-03-01 10:09:52 - M5Trainer - INFO -   param: k=8.000mD dp=13.3 ng=1.085 nw=4.407 Sw=[0.081,0.419] | A(t)=[-6.72,-9.16,-9.23]
2026-03-01 10:09:52 - M5Trainer - INFO -   [k_frac诊断] grad=None, k_frac=8.000001 mD
2026-03-01 10:10:04 - M5Trainer - INFO - [Step 11600/80000] B | L=1.1499e+02 | 1445.0s
2026-03-01 10:10:04 - M5Trainer - INFO -   loss: IC=0.00e+00 BC=0.00e+00 PDE=0.00e+00 Qg=1.98e-01 Sd=2.75e-03 TDS=2.14e-01
2026-03-01 10:10:04 - M5Trainer - INFO -   param: k=8.000mD dp=13.3 ng=1.085 nw=4.407 Sw=[0.136,0.439] | A(t)=[-6.81,-9.09,-9.16]
2026-03-01 10:10:17 - M5Trainer - INFO - [Step 11700/80000] B | L=1.3379e+02 | 1457.5s
2026-03-01 10:10:17 - M5Trainer - INFO -   loss: IC=0.00e+00 BC=0.00e+00 PDE=0.00e+00 Qg=2.03e-01 Sd=3.27e-03 TDS=2.26e-01
2026-03-01 10:10:17 - M5Trainer - INFO -   param: k=8.000mD dp=13.3 ng=1.085 nw=4.407 Sw=[0.126,0.439] | A(t)=[-7.17,-9.11,-9.16]
2026-03-01 10:10:29 - M5Trainer - INFO - [Step 11800/80000] B | L=9.2327e+01 | 1470.2s
2026-03-01 10:10:29 - M5Trainer - INFO -   loss: IC=0.00e+00 BC=0.00e+00 PDE=0.00e+00 Qg=1.99e-01 Sd=4.26e-03 TDS=2.26e-01
2026-03-01 10:10:29 - M5Trainer - INFO -   param: k=8.000mD dp=13.3 ng=1.085 nw=4.407 Sw=[0.129,0.438] | A(t)=[-7.17,-9.04,-9.09]
2026-03-01 10:10:42 - M5Trainer - INFO - [Step 11900/80000] B | L=9.9173e+01 | 1482.7s
2026-03-01 10:10:42 - M5Trainer - INFO -   loss: IC=0.00e+00 BC=0.00e+00 PDE=0.00e+00 Qg=1.97e-01 Sd=3.28e-03 TDS=2.13e-01
2026-03-01 10:10:42 - M5Trainer - INFO -   param: k=8.000mD dp=13.3 ng=1.085 nw=4.407 Sw=[0.164,0.438] | A(t)=[-7.23,-9.06,-9.11]
2026-03-01 10:10:54 - M5Trainer - INFO -   [Sw监控] SY9: Sw=[0.0505, 0.2842, 0.4461], krg_min=4.767139e-01
2026-03-01 10:10:54 - M5Trainer - INFO - [Step 12000/80000] B | L=1.0176e+02 | 1495.3s
2026-03-01 10:10:54 - M5Trainer - INFO -   loss: IC=0.00e+00 BC=0.00e+00 PDE=0.00e+00 Qg=1.97e-01 Sd=2.92e-03 TDS=2.12e-01
2026-03-01 10:10:54 - M5Trainer - INFO -   param: k=8.000mD dp=13.3 ng=1.085 nw=4.407 Sw=[0.106,0.412] | A(t)=[-7.26,-9.01,-9.06]
2026-03-01 10:10:54 - M5Trainer - INFO -   [k_frac诊断] grad=None, k_frac=8.000001 mD
2026-03-01 10:11:07 - M5Trainer - INFO - [Step 12100/80000] B | L=1.1030e+02 | 1507.6s
2026-03-01 10:11:07 - M5Trainer - INFO -   loss: IC=0.00e+00 BC=0.00e+00 PDE=0.00e+00 Qg=1.96e-01 Sd=1.30e-03 TDS=2.12e-01
2026-03-01 10:11:07 - M5Trainer - INFO -   param: k=8.000mD dp=13.3 ng=1.085 nw=4.407 Sw=[0.104,0.439] | A(t)=[-7.23,-9.01,-9.06]
2026-03-01 10:11:19 - M5Trainer - INFO - [Step 12200/80000] B | L=1.0390e+02 | 1520.3s
2026-03-01 10:11:19 - M5Trainer - INFO -   loss: IC=0.00e+00 BC=0.00e+00 PDE=0.00e+00 Qg=1.96e-01 Sd=2.24e-03 TDS=2.22e-01
2026-03-01 10:11:19 - M5Trainer - INFO -   param: k=8.000mD dp=13.3 ng=1.085 nw=4.407 Sw=[0.070,0.437] | A(t)=[-7.14,-8.99,-9.05]
2026-03-01 10:11:32 - M5Trainer - INFO - [Step 12300/80000] B | L=1.0905e+02 | 1533.4s
2026-03-01 10:11:32 - M5Trainer - INFO -   loss: IC=0.00e+00 BC=0.00e+00 PDE=0.00e+00 Qg=2.03e-01 Sd=2.57e-03 TDS=2.14e-01
2026-03-01 10:11:32 - M5Trainer - INFO -   param: k=8.000mD dp=13.3 ng=1.085 nw=4.407 Sw=[0.068,0.437] | A(t)=[-7.31,-9.00,-9.05]
2026-03-01 10:11:45 - M5Trainer - INFO - [Step 12400/80000] B | L=1.0330e+02 | 1546.4s
2026-03-01 10:11:45 - M5Trainer - INFO -   loss: IC=0.00e+00 BC=0.00e+00 PDE=0.00e+00 Qg=2.00e-01 Sd=3.13e-03 TDS=2.15e-01
2026-03-01 10:11:45 - M5Trainer - INFO -   param: k=8.000mD dp=13.3 ng=1.085 nw=4.407 Sw=[0.121,0.438] | A(t)=[-7.28,-9.05,-9.10]
2026-03-01 10:11:58 - M5Trainer - INFO -   [Sw监控] SY9: Sw=[0.0504, 0.2673, 0.4466], krg_min=4.762270e-01
2026-03-01 10:11:58 - M5Trainer - INFO - [Step 12500/80000] B | L=1.0190e+02 | 1559.1s
2026-03-01 10:11:58 - M5Trainer - INFO -   loss: IC=0.00e+00 BC=0.00e+00 PDE=0.00e+00 Qg=2.00e-01 Sd=3.35e-03 TDS=2.36e-01
2026-03-01 10:11:58 - M5Trainer - INFO -   param: k=8.000mD dp=13.3 ng=1.085 nw=4.407 Sw=[0.053,0.438] | A(t)=[-7.30,-9.03,-9.08]
2026-03-01 10:11:58 - M5Trainer - INFO -   [k_frac诊断] grad=None, k_frac=8.000001 mD
2026-03-01 10:12:11 - M5Trainer - INFO - [Step 12600/80000] B | L=1.0136e+02 | 1571.8s
2026-03-01 10:12:11 - M5Trainer - INFO -   loss: IC=0.00e+00 BC=0.00e+00 PDE=0.00e+00 Qg=1.91e-01 Sd=2.49e-03 TDS=2.19e-01
2026-03-01 10:12:11 - M5Trainer - INFO -   param: k=8.000mD dp=13.3 ng=1.085 nw=4.407 Sw=[0.097,0.441] | A(t)=[-7.25,-9.01,-9.07]
2026-03-01 10:12:24 - M5Trainer - INFO - [Step 12700/80000] B | L=1.4907e+02 | 1584.9s
2026-03-01 10:12:24 - M5Trainer - INFO -   loss: IC=0.00e+00 BC=0.00e+00 PDE=0.00e+00 Qg=1.95e-01 Sd=2.14e-03 TDS=2.42e-01
2026-03-01 10:12:24 - M5Trainer - INFO -   param: k=8.000mD dp=13.3 ng=1.085 nw=4.407 Sw=[0.107,0.440] | A(t)=[-7.48,-9.01,-9.06]
2026-03-01 10:12:37 - M5Trainer - INFO - [Step 12800/80000] B | L=1.5203e+02 | 1598.0s
2026-03-01 10:12:37 - M5Trainer - INFO -   loss: IC=0.00e+00 BC=0.00e+00 PDE=0.00e+00 Qg=1.92e-01 Sd=2.17e-03 TDS=2.23e-01
2026-03-01 10:12:37 - M5Trainer - INFO -   param: k=8.000mD dp=13.3 ng=1.085 nw=4.407 Sw=[0.062,0.444] | A(t)=[-7.47,-9.03,-9.06]
2026-03-01 10:12:50 - M5Trainer - INFO - [Step 12900/80000] B | L=1.5132e+02 | 1610.5s
2026-03-01 10:12:50 - M5Trainer - INFO -   loss: IC=0.00e+00 BC=0.00e+00 PDE=0.00e+00 Qg=1.92e-01 Sd=2.17e-03 TDS=2.24e-01
2026-03-01 10:12:50 - M5Trainer - INFO -   param: k=8.000mD dp=13.3 ng=1.085 nw=4.407 Sw=[0.098,0.445] | A(t)=[-7.38,-9.00,-9.03]
2026-03-01 10:13:02 - M5Trainer - INFO -   [Sw监控] SY9: Sw=[0.0505, 0.2732, 0.4446], krg_min=4.782360e-01
2026-03-01 10:13:02 - M5Trainer - INFO - [Step 13000/80000] B | L=1.1475e+02 | 1623.2s
2026-03-01 10:13:02 - M5Trainer - INFO -   loss: IC=0.00e+00 BC=0.00e+00 PDE=0.00e+00 Qg=1.93e-01 Sd=1.99e-03 TDS=2.26e-01
2026-03-01 10:13:02 - M5Trainer - INFO -   param: k=8.000mD dp=13.3 ng=1.085 nw=4.407 Sw=[0.119,0.442] | A(t)=[-7.07,-8.86,-8.91]
2026-03-01 10:13:02 - M5Trainer - INFO -   [k_frac诊断] grad=None, k_frac=8.000001 mD
2026-03-01 10:13:15 - M5Trainer - INFO - [Step 13100/80000] B | L=1.2577e+02 | 1636.3s
2026-03-01 10:13:15 - M5Trainer - INFO -   loss: IC=0.00e+00 BC=0.00e+00 PDE=0.00e+00 Qg=1.93e-01 Sd=1.04e-03 TDS=2.19e-01
2026-03-01 10:13:15 - M5Trainer - INFO -   param: k=8.000mD dp=13.3 ng=1.085 nw=4.407 Sw=[0.141,0.428] | A(t)=[-7.14,-8.92,-8.97]
2026-03-01 10:13:28 - M5Trainer - INFO - [Step 13200/80000] B | L=1.4902e+02 | 1649.0s
2026-03-01 10:13:28 - M5Trainer - INFO -   loss: IC=0.00e+00 BC=0.00e+00 PDE=0.00e+00 Qg=1.97e-01 Sd=2.06e-03 TDS=2.25e-01
2026-03-01 10:13:28 - M5Trainer - INFO -   param: k=8.000mD dp=13.3 ng=1.085 nw=4.407 Sw=[0.141,0.443] | A(t)=[-7.30,-8.99,-9.03]
2026-03-01 10:13:41 - M5Trainer - INFO - [Step 13300/80000] B | L=1.5109e+02 | 1662.0s
2026-03-01 10:13:41 - M5Trainer - INFO -   loss: IC=0.00e+00 BC=0.00e+00 PDE=0.00e+00 Qg=1.95e-01 Sd=1.68e-03 TDS=2.23e-01
2026-03-01 10:13:41 - M5Trainer - INFO -   param: k=8.000mD dp=13.3 ng=1.085 nw=4.407 Sw=[0.077,0.442] | A(t)=[-7.47,-9.00,-9.02]
2026-03-01 10:13:54 - M5Trainer - INFO - [Step 13400/80000] B | L=1.2608e+02 | 1675.2s
2026-03-01 10:13:54 - M5Trainer - INFO -   loss: IC=0.00e+00 BC=0.00e+00 PDE=0.00e+00 Qg=1.93e-01 Sd=2.30e-03 TDS=2.28e-01
2026-03-01 10:13:54 - M5Trainer - INFO -   param: k=8.000mD dp=13.3 ng=1.085 nw=4.407 Sw=[0.073,0.445] | A(t)=[-6.81,-8.78,-8.84]
2026-03-01 10:14:07 - M5Trainer - INFO -   [Sw监控] SY9: Sw=[0.0505, 0.2572, 0.4442], krg_min=4.786830e-01
2026-03-01 10:14:07 - M5Trainer - INFO - [Step 13500/80000] B | L=1.0806e+02 | 1687.9s
2026-03-01 10:14:07 - M5Trainer - INFO -   loss: IC=0.00e+00 BC=0.00e+00 PDE=0.00e+00 Qg=1.95e-01 Sd=1.67e-03 TDS=2.29e-01
2026-03-01 10:14:07 - M5Trainer - INFO -   param: k=8.000mD dp=13.3 ng=1.085 nw=4.407 Sw=[0.099,0.442] | A(t)=[-7.21,-8.94,-8.98]
2026-03-01 10:14:07 - M5Trainer - INFO -   [k_frac诊断] grad=None, k_frac=8.000001 mD
2026-03-01 10:14:20 - M5Trainer - INFO - [Step 13600/80000] B | L=1.0829e+02 | 1701.0s
2026-03-01 10:14:20 - M5Trainer - INFO -   loss: IC=0.00e+00 BC=0.00e+00 PDE=0.00e+00 Qg=1.93e-01 Sd=1.99e-03 TDS=2.57e-01
2026-03-01 10:14:20 - M5Trainer - INFO -   param: k=8.000mD dp=13.3 ng=1.085 nw=4.407 Sw=[0.072,0.435] | A(t)=[-7.03,-9.04,-9.08]
2026-03-01 10:14:33 - M5Trainer - INFO - [Step 13700/80000] B | L=1.3785e+02 | 1714.1s
2026-03-01 10:14:33 - M5Trainer - INFO -   loss: IC=0.00e+00 BC=0.00e+00 PDE=0.00e+00 Qg=2.01e-01 Sd=2.32e-03 TDS=2.50e-01
2026-03-01 10:14:33 - M5Trainer - INFO -   param: k=8.000mD dp=13.3 ng=1.085 nw=4.407 Sw=[0.105,0.441] | A(t)=[-6.46,-9.08,-9.15]
2026-03-01 10:14:46 - M5Trainer - INFO - [Step 13800/80000] B | L=1.0672e+02 | 1727.1s
2026-03-01 10:14:46 - M5Trainer - INFO -   loss: IC=0.00e+00 BC=0.00e+00 PDE=0.00e+00 Qg=1.99e-01 Sd=2.07e-03 TDS=2.58e-01
2026-03-01 10:14:46 - M5Trainer - INFO -   param: k=8.000mD dp=13.3 ng=1.085 nw=4.407 Sw=[0.118,0.442] | A(t)=[-6.55,-8.99,-9.06]
2026-03-01 10:14:59 - M5Trainer - INFO - [Step 13900/80000] B | L=1.0369e+02 | 1740.1s
2026-03-01 10:14:59 - M5Trainer - INFO -   loss: IC=0.00e+00 BC=0.00e+00 PDE=0.00e+00 Qg=1.97e-01 Sd=2.39e-03 TDS=2.26e-01
2026-03-01 10:14:59 - M5Trainer - INFO -   param: k=8.000mD dp=13.3 ng=1.085 nw=4.407 Sw=[0.132,0.440] | A(t)=[-6.98,-8.99,-9.04]
2026-03-01 10:15:12 - M5Trainer - INFO -   [Sw监控] SY9: Sw=[0.0509, 0.2702, 0.4462], krg_min=4.765872e-01
2026-03-01 10:15:12 - M5Trainer - INFO - [Step 14000/80000] B | L=1.0743e+02 | 1753.3s
2026-03-01 10:15:12 - M5Trainer - INFO -   loss: IC=0.00e+00 BC=0.00e+00 PDE=0.00e+00 Qg=1.93e-01 Sd=1.94e-03 TDS=2.21e-01
2026-03-01 10:15:12 - M5Trainer - INFO -   param: k=8.000mD dp=13.3 ng=1.085 nw=4.407 Sw=[0.151,0.443] | A(t)=[-7.12,-8.97,-9.01]
2026-03-01 10:15:12 - M5Trainer - INFO -   [k_frac诊断] grad=None, k_frac=8.000001 mD
2026-03-01 10:15:26 - M5Trainer - INFO - [Step 14100/80000] B | L=1.0276e+02 | 1766.5s
2026-03-01 10:15:26 - M5Trainer - INFO -   loss: IC=0.00e+00 BC=0.00e+00 PDE=0.00e+00 Qg=1.90e-01 Sd=2.03e-03 TDS=2.19e-01
2026-03-01 10:15:26 - M5Trainer - INFO -   param: k=8.000mD dp=13.3 ng=1.085 nw=4.407 Sw=[0.091,0.443] | A(t)=[-7.18,-8.98,-9.02]
2026-03-01 10:15:38 - M5Trainer - INFO - [Step 14200/80000] B | L=1.0370e+02 | 1779.4s
2026-03-01 10:15:38 - M5Trainer - INFO -   loss: IC=0.00e+00 BC=0.00e+00 PDE=0.00e+00 Qg=1.93e-01 Sd=1.90e-03 TDS=2.20e-01
2026-03-01 10:15:38 - M5Trainer - INFO -   param: k=8.000mD dp=13.3 ng=1.085 nw=4.407 Sw=[0.092,0.427] | A(t)=[-7.20,-8.98,-9.01]
2026-03-01 10:15:51 - M5Trainer - INFO - [Step 14300/80000] B | L=9.9344e+01 | 1792.3s
2026-03-01 10:15:51 - M5Trainer - INFO -   loss: IC=0.00e+00 BC=0.00e+00 PDE=0.00e+00 Qg=1.90e-01 Sd=2.96e-03 TDS=2.23e-01
2026-03-01 10:15:51 - M5Trainer - INFO -   param: k=8.000mD dp=13.3 ng=1.085 nw=4.407 Sw=[0.077,0.446] | A(t)=[-7.17,-8.97,-9.01]
2026-03-01 10:16:04 - M5Trainer - INFO - [Step 14400/80000] B | L=1.0440e+02 | 1804.9s
2026-03-01 10:16:04 - M5Trainer - INFO -   loss: IC=0.00e+00 BC=0.00e+00 PDE=0.00e+00 Qg=1.89e-01 Sd=2.42e-03 TDS=2.25e-01
2026-03-01 10:16:04 - M5Trainer - INFO -   param: k=8.000mD dp=13.3 ng=1.085 nw=4.407 Sw=[0.085,0.430] | A(t)=[-7.27,-9.01,-9.04]
2026-03-01 10:16:16 - M5Trainer - INFO -   [Sw监控] SY9: Sw=[0.0504, 0.2609, 0.4427], krg_min=4.802788e-01
2026-03-01 10:16:16 - M5Trainer - INFO - [Step 14500/80000] B | L=1.0224e+02 | 1817.4s
2026-03-01 10:16:16 - M5Trainer - INFO -   loss: IC=0.00e+00 BC=0.00e+00 PDE=0.00e+00 Qg=1.90e-01 Sd=2.38e-03 TDS=2.26e-01
2026-03-01 10:16:16 - M5Trainer - INFO -   param: k=8.000mD dp=13.3 ng=1.085 nw=4.407 Sw=[0.094,0.434] | A(t)=[-7.33,-8.88,-8.91]
2026-03-01 10:16:16 - M5Trainer - INFO -   [k_frac诊断] grad=None, k_frac=8.000001 mD
2026-03-01 10:16:29 - M5Trainer - INFO - [Step 14600/80000] B | L=1.0178e+02 | 1829.9s
2026-03-01 10:16:29 - M5Trainer - INFO -   loss: IC=0.00e+00 BC=0.00e+00 PDE=0.00e+00 Qg=1.89e-01 Sd=2.38e-03 TDS=2.37e-01
2026-03-01 10:16:29 - M5Trainer - INFO -   param: k=8.000mD dp=13.3 ng=1.085 nw=4.407 Sw=[0.110,0.428] | A(t)=[-7.37,-8.83,-8.85]
2026-03-01 10:16:42 - M5Trainer - INFO - [Step 14700/80000] B | L=1.0995e+02 | 1842.9s
2026-03-01 10:16:42 - M5Trainer - INFO -   loss: IC=0.00e+00 BC=0.00e+00 PDE=0.00e+00 Qg=1.86e-01 Sd=1.06e-03 TDS=2.31e-01
2026-03-01 10:16:42 - M5Trainer - INFO -   param: k=8.000mD dp=13.3 ng=1.085 nw=4.407 Sw=[0.094,0.441] | A(t)=[-7.42,-8.82,-8.83]
2026-03-01 10:16:55 - M5Trainer - INFO - [Step 14800/80000] B | L=9.6692e+01 | 1855.8s
2026-03-01 10:16:55 - M5Trainer - INFO -   loss: IC=0.00e+00 BC=0.00e+00 PDE=0.00e+00 Qg=1.88e-01 Sd=2.98e-03 TDS=2.34e-01
2026-03-01 10:16:55 - M5Trainer - INFO -   param: k=8.000mD dp=13.3 ng=1.085 nw=4.407 Sw=[0.080,0.438] | A(t)=[-7.34,-8.79,-8.80]
2026-03-01 10:17:07 - M5Trainer - INFO - [Step 14900/80000] B | L=1.0255e+02 | 1868.3s
2026-03-01 10:17:07 - M5Trainer - INFO -   loss: IC=0.00e+00 BC=0.00e+00 PDE=0.00e+00 Qg=1.86e-01 Sd=2.09e-03 TDS=2.32e-01
2026-03-01 10:17:07 - M5Trainer - INFO -   param: k=8.000mD dp=13.3 ng=1.085 nw=4.407 Sw=[0.068,0.443] | A(t)=[-7.38,-8.75,-8.75]
2026-03-01 10:17:20 - M5Trainer - INFO -   [Sw监控] SY9: Sw=[0.0502, 0.2567, 0.4439], krg_min=4.790260e-01
2026-03-01 10:17:20 - M5Trainer - INFO - [Step 15000/80000] B | L=1.0367e+02 | 1880.9s
2026-03-01 10:17:20 - M5Trainer - INFO -   loss: IC=0.00e+00 BC=0.00e+00 PDE=0.00e+00 Qg=1.87e-01 Sd=2.15e-03 TDS=2.73e-01
2026-03-01 10:17:20 - M5Trainer - INFO -   param: k=8.000mD dp=13.3 ng=1.085 nw=4.407 Sw=[0.061,0.445] | A(t)=[-7.41,-8.70,-8.71]
2026-03-01 10:17:20 - M5Trainer - INFO -   [k_frac诊断] grad=None, k_frac=8.000001 mD
2026-03-01 10:17:33 - M5Trainer - INFO - [Step 15100/80000] B | L=9.9704e+01 | 1893.7s
2026-03-01 10:17:33 - M5Trainer - INFO -   loss: IC=0.00e+00 BC=0.00e+00 PDE=0.00e+00 Qg=1.88e-01 Sd=2.85e-03 TDS=2.58e-01
2026-03-01 10:17:33 - M5Trainer - INFO -   param: k=8.000mD dp=13.3 ng=1.085 nw=4.407 Sw=[0.076,0.445] | A(t)=[-7.39,-8.64,-8.65]
2026-03-01 10:17:46 - M5Trainer - INFO - [Step 15200/80000] B | L=1.0220e+02 | 1906.9s
2026-03-01 10:17:46 - M5Trainer - INFO -   loss: IC=0.00e+00 BC=0.00e+00 PDE=0.00e+00 Qg=1.88e-01 Sd=2.15e-03 TDS=2.60e-01
2026-03-01 10:17:46 - M5Trainer - INFO -   param: k=8.000mD dp=13.3 ng=1.085 nw=4.407 Sw=[0.116,0.444] | A(t)=[-7.35,-8.57,-8.58]
2026-03-01 10:17:59 - M5Trainer - INFO - [Step 15300/80000] B | L=1.0771e+02 | 1920.0s
2026-03-01 10:17:59 - M5Trainer - INFO -   loss: IC=0.00e+00 BC=0.00e+00 PDE=0.00e+00 Qg=1.86e-01 Sd=1.41e-03 TDS=2.58e-01
2026-03-01 10:17:59 - M5Trainer - INFO -   param: k=8.000mD dp=13.3 ng=1.085 nw=4.407 Sw=[0.051,0.446] | A(t)=[-7.46,-8.61,-8.62]
2026-03-01 10:18:12 - M5Trainer - INFO - [Step 15400/80000] B | L=1.0892e+02 | 1932.9s
2026-03-01 10:18:12 - M5Trainer - INFO -   loss: IC=0.00e+00 BC=0.00e+00 PDE=0.00e+00 Qg=1.85e-01 Sd=1.13e-03 TDS=2.49e-01
2026-03-01 10:18:12 - M5Trainer - INFO -   param: k=8.000mD dp=13.3 ng=1.085 nw=4.407 Sw=[0.105,0.448] | A(t)=[-7.31,-8.58,-8.59]
2026-03-01 10:18:25 - M5Trainer - INFO -   [Sw监控] SY9: Sw=[0.0502, 0.2519, 0.4465], krg_min=4.762504e-01
2026-03-01 10:18:25 - M5Trainer - INFO - [Step 15500/80000] B | L=1.0104e+02 | 1945.8s
2026-03-01 10:18:25 - M5Trainer - INFO -   loss: IC=0.00e+00 BC=0.00e+00 PDE=0.00e+00 Qg=1.94e-01 Sd=3.27e-03 TDS=2.53e-01
2026-03-01 10:18:25 - M5Trainer - INFO -   param: k=8.000mD dp=13.3 ng=1.085 nw=4.407 Sw=[0.126,0.445] | A(t)=[-7.39,-8.49,-8.49]
2026-03-01 10:18:25 - M5Trainer - INFO -   [k_frac诊断] grad=None, k_frac=8.000001 mD
2026-03-01 10:18:37 - M5Trainer - INFO - [Step 15600/80000] B | L=1.5449e+02 | 1957.9s
2026-03-01 10:18:37 - M5Trainer - INFO -   loss: IC=0.00e+00 BC=0.00e+00 PDE=0.00e+00 Qg=1.82e-01 Sd=1.36e-03 TDS=2.48e-01
2026-03-01 10:18:37 - M5Trainer - INFO -   param: k=8.000mD dp=13.3 ng=1.085 nw=4.407 Sw=[0.091,0.447] | A(t)=[-7.40,-8.45,-8.45]
2026-03-01 10:18:49 - M5Trainer - INFO - [Step 15700/80000] B | L=1.0823e+02 | 1970.2s
2026-03-01 10:18:49 - M5Trainer - INFO -   loss: IC=0.00e+00 BC=0.00e+00 PDE=0.00e+00 Qg=1.84e-01 Sd=1.42e-03 TDS=2.52e-01
2026-03-01 10:18:49 - M5Trainer - INFO -   param: k=8.000mD dp=13.3 ng=1.085 nw=4.407 Sw=[0.102,0.446] | A(t)=[-7.51,-8.42,-8.42]
2026-03-01 10:19:02 - M5Trainer - INFO - [Step 15800/80000] B | L=1.1143e+02 | 1982.8s
2026-03-01 10:19:02 - M5Trainer - INFO -   loss: IC=0.00e+00 BC=0.00e+00 PDE=0.00e+00 Qg=1.82e-01 Sd=9.12e-04 TDS=2.53e-01
2026-03-01 10:19:02 - M5Trainer - INFO -   param: k=8.000mD dp=13.3 ng=1.085 nw=4.407 Sw=[0.111,0.443] | A(t)=[-7.37,-8.44,-8.44]
2026-03-01 10:19:14 - M5Trainer - INFO - [Step 15900/80000] B | L=1.0808e+02 | 1995.1s
2026-03-01 10:19:14 - M5Trainer - INFO -   loss: IC=0.00e+00 BC=0.00e+00 PDE=0.00e+00 Qg=1.82e-01 Sd=9.31e-04 TDS=2.75e-01
2026-03-01 10:19:14 - M5Trainer - INFO -   param: k=8.000mD dp=13.3 ng=1.085 nw=4.407 Sw=[0.118,0.437] | A(t)=[-7.38,-8.41,-8.41]
