2026-02-17 20:39:39 - M5Trainer - INFO -   torch.compile 已跳过 (Triton 不支持 Windows, 使用 eager 模式)
2026-02-17 20:39:39 - M5Trainer - INFO - k_frac 独立参数组: lr=3.00e-03 (factor=3.0)
2026-02-17 20:39:40 - M5Trainer - INFO - k_net 学习率: 1.00e-04 (factor=0.1, warmup=2000 steps)
2026-02-17 20:39:40 - M5Trainer - INFO -   井 SY9: 1332 条同化数据 (train=799, val=133, test=400)
    开井点数 (q>1): train=745, val=88, test=121
    有效压力点: val_p=109, test_p=121
2026-02-17 20:39:40 - M5Trainer - INFO -   train time window(norm): [0.0000, 0.5995]
2026-02-17 20:39:40 - M5Trainer - INFO -   M3 PVT cg(76.0, 140.32) = 0.009744
2026-02-17 20:39:40 - M5Trainer - INFO -   M3 PVT Bg(76.0, 140.32) = 0.002577
2026-02-17 20:39:40 - M5Trainer - INFO -   PDE 缩放: αx=0.029719, αy=0.074361
2026-02-17 20:39:40 - M5Trainer - INFO - M5Trainer 初始化完成: device=cuda, lr=0.001, max_steps=5000, relobralo=True, rar=True
2026-02-17 20:39:40 - M5Trainer - INFO - ============================================================
2026-02-17 20:39:40 - M5Trainer - INFO - M5 PINN 井—藏耦合同化训练开始
2026-02-17 20:39:40 - M5Trainer - INFO - ============================================================
2026-02-17 20:39:40 - M5Trainer - INFO - 训练阶段: A[0-500] B[500-1750] C[1750-3500] D[3500-5000]
2026-02-17 20:39:40 - M5Trainer - INFO - --- M5 单位/量纲诊断 (train 第 1 步前) ---
2026-02-17 20:39:40 - M5Trainer - INFO -   qg_obs 范围: 0.00e+00 ~ 8.39e+05 m³/d, 均值: 2.97e+05 m³/d
2026-02-17 20:39:40 - M5Trainer - INFO -   qg_pred 范围: 3.86e+05 ~ 3.94e+05
2026-02-17 20:39:40 - M5Trainer - INFO -   p_wf 范围: 7.43e+01 ~ 7.43e+01 MPa
2026-02-17 20:39:40 - M5Trainer - INFO -   p_field @ well: 7.50e+01 MPa
2026-02-17 20:39:40 - M5Trainer - INFO -   k_frac = 5.4020 mD
2026-02-17 20:39:40 - M5Trainer - INFO -   WI_raw = 4.309845e-13 [检查单位]
2026-02-17 20:39:40 - M5Trainer - INFO -   dp_wellbore = 12.00 MPa
2026-02-17 20:39:40 - M5Trainer - INFO -   Bg_ref = 2.576898e-03
2026-02-17 20:39:40 - M5Trainer - INFO -   qg_obs 范围: 0.00e+00 ~ 8.39e+05 m³/d
2026-02-17 20:39:40 - M5Trainer - INFO -   qg_obs 中位数 = 3.07e+05 m³/d
2026-02-17 20:39:40 - M5Trainer - INFO -   ✅ v9: PDE源项已升级为时变 source(x,y,t) = qg_obs(t) * kernel(x,y)
2026-02-17 20:39:40 - M5Trainer - INFO -   ✅ 每个PDE配点使用其时刻对应的真实观测产量（线性插值）
2026-02-17 20:39:40 - M5Trainer - INFO - --- 诊断结束 ---
2026-02-17 20:39:40 - M5Trainer - INFO -   [shape] SY9: qg pred=(799, 1) vs obs=(799, 1), p_wf pred=(799, 1) vs p_obs=(799, 1)
2026-02-17 20:39:41 - M5Trainer - INFO -   [Sw约束v9] Sw=[0.260, 0.260, 0.260], 权重=500, 惩罚=0.000000 (低=0.0000, 高=0.0000)
2026-02-17 20:39:41 - M5Trainer - INFO -   ✅ k_frac_mD.grad = 1.357103e+00 (PDE梯度贯通)
2026-02-17 20:39:41 - M5Trainer - INFO -   ✅ k_net: 18 组参数收到梯度
2026-02-17 20:39:41 - M5Trainer - INFO -   [梯度验收] SY9: qg_obs range=[0.0, 838700.0]
2026-02-17 20:39:41 - M5Trainer - INFO -   [Sw监控] SY9: Sw=[0.2600, 0.2600, 0.2600], krg_min=6.751000e-01
2026-02-17 20:39:41 - M5Trainer - INFO -   [best更新] val_score=78.3509 (step 0)
2026-02-17 20:39:41 - M5Trainer - INFO - [Step     0/5000] Stage A | L=1.4121e+03 (IC=1.000e+00, BC=1.000e+00, PDE=1.334e+06, Qg=4.448e-01, Qz=1.680e+02, Sd=3.575e-01, SwB=0.000e+00) | k_frac=5.4018 mD, dp=12.00 MPa | Sw=[0.260,0.260] | 0.6s
2026-02-17 20:39:41 - M5Trainer - INFO -   [k_frac诊断] grad=1.3571e+00, k_frac=5.401842 mD
2026-02-17 20:39:53 - M5Trainer - INFO - [Step   100/5000] Stage A | L=2.8392e+02 (IC=1.753e-02, BC=4.032e-02, PDE=1.553e+06, Qg=6.711e-01, Qz=3.927e+00, Sd=2.533e-01, SwB=0.000e+00) | k_frac=5.3567 mD, dp=12.00 MPa | Sw=[0.193,0.576] | 12.8s
2026-02-17 20:40:05 - M5Trainer - INFO -   [梯度验收] SY9: qg_obs range=[0.0, 838700.0]
2026-02-17 20:40:05 - M5Trainer - INFO - [Step   200/5000] Stage A | L=1.9680e+02 (IC=2.949e-02, BC=1.639e-02, PDE=1.530e+06, Qg=7.227e-01, Qz=3.408e-01, Sd=1.845e-01, SwB=0.000e+00) | k_frac=5.3333 mD, dp=12.03 MPa | Sw=[0.142,0.799] | 25.1s
2026-02-17 20:40:18 - M5Trainer - INFO - [Step   300/5000] Stage A | L=2.3812e+02 (IC=5.459e-02, BC=8.718e-02, PDE=1.399e+06, Qg=4.072e-01, Qz=7.573e+00, Sd=5.994e-01, SwB=0.000e+00) | k_frac=5.3866 mD, dp=12.06 MPa | Sw=[0.151,0.542] | 37.9s
2026-02-17 20:40:31 - M5Trainer - INFO -   [梯度验收] SY9: qg_obs range=[0.0, 838700.0]
2026-02-17 20:40:31 - M5Trainer - INFO - [Step   400/5000] Stage A | L=2.6965e+02 (IC=1.142e-01, BC=9.906e-02, PDE=1.495e+06, Qg=3.839e-01, Qz=7.109e+00, Sd=5.596e-01, SwB=0.000e+00) | k_frac=5.3899 mD, dp=12.08 MPa | Sw=[0.146,0.601] | 50.5s
2026-02-17 20:40:44 - M5Trainer - INFO -   [Sw约束v9] Sw=[0.140, 0.272, 0.795], 权重=300, 惩罚=0.000000 (低=0.0000, 高=0.0000)
2026-02-17 20:40:44 - M5Trainer - INFO -   [Sw监控] SY9: Sw=[0.1804, 0.4037, 0.7938], krg_min=3.062248e-02
2026-02-17 20:40:44 - M5Trainer - INFO - [Step   500/5000] Stage B | L=1.4291e+03 (IC=3.856e-02, BC=4.787e-02, PDE=1.574e+06, Qg=4.103e-01, Qz=5.160e+00, Sd=5.921e-01, SwB=0.000e+00) | k_frac=5.4005 mD, dp=12.10 MPa | Sw=[0.152,0.797] | 63.7s
2026-02-17 20:40:44 - M5Trainer - INFO -   [k_frac诊断] grad=4.3227e-01, k_frac=5.400512 mD
2026-02-17 20:40:58 - M5Trainer - INFO -   [梯度验收] SY9: qg_obs range=[0.0, 838700.0]
2026-02-17 20:40:58 - M5Trainer - INFO - [Step   600/5000] Stage B | L=1.5709e+03 (IC=6.609e-02, BC=1.117e-01, PDE=1.569e+06, Qg=4.335e-01, Qz=1.216e+01, Sd=4.493e-01, SwB=0.000e+00) | k_frac=5.5710 mD, dp=12.13 MPa | Sw=[0.147,0.531] | 77.7s
2026-02-17 20:41:12 - M5Trainer - INFO - [Step   700/5000] Stage B | L=1.9325e+03 (IC=1.114e-01, BC=1.668e-01, PDE=1.816e+06, Qg=3.937e-01, Qz=1.303e+01, Sd=5.030e-01, SwB=0.000e+00) | k_frac=5.7883 mD, dp=12.17 MPa | Sw=[0.146,0.573] | 91.4s
2026-02-17 20:41:25 - M5Trainer - INFO -   [梯度验收] SY9: qg_obs range=[0.0, 838700.0]
2026-02-17 20:41:25 - M5Trainer - INFO - [Step   800/5000] Stage B | L=1.8634e+03 (IC=8.881e-02, BC=8.627e-02, PDE=1.636e+06, Qg=3.980e-01, Qz=1.119e+01, Sd=4.413e-01, SwB=0.000e+00) | k_frac=5.9466 mD, dp=12.20 MPa | Sw=[0.138,0.725] | 104.9s
2026-02-17 20:41:39 - M5Trainer - INFO - [Step   900/5000] Stage B | L=1.6825e+03 (IC=1.064e-01, BC=1.083e-01, PDE=1.490e+06, Qg=4.112e-01, Qz=6.858e+00, Sd=4.268e-01, SwB=0.000e+00) | k_frac=6.0320 mD, dp=12.26 MPa | Sw=[0.143,0.649] | 118.6s
2026-02-17 20:41:52 - M5Trainer - INFO -   [Sw约束v9] Sw=[0.125, 0.291, 0.769], 权重=300, 惩罚=0.000000 (低=0.0000, 高=0.0000)
2026-02-17 20:41:52 - M5Trainer - INFO -   [梯度验收] SY9: qg_obs range=[0.0, 838700.0]
2026-02-17 20:41:52 - M5Trainer - INFO -   [Sw监控] SY9: Sw=[0.1418, 0.3689, 0.7675], krg_min=4.281038e-02
2026-02-17 20:41:52 - M5Trainer - INFO - [Step  1000/5000] Stage B | L=1.6614e+03 (IC=7.241e-02, BC=1.396e-01, PDE=1.390e+06, Qg=4.110e-01, Qz=9.487e+00, Sd=3.761e-01, SwB=0.000e+00) | k_frac=6.3579 mD, dp=12.33 MPa | Sw=[0.130,0.763] | 132.3s
2026-02-17 20:41:52 - M5Trainer - INFO -   [k_frac诊断] grad=-1.6287e-01, k_frac=6.357914 mD
2026-02-17 20:42:06 - M5Trainer - INFO - [Step  1100/5000] Stage B | L=1.9310e+03 (IC=1.569e-01, BC=2.114e-01, PDE=1.547e+06, Qg=4.544e-01, Qz=7.271e+00, Sd=3.455e-01, SwB=0.000e+00) | k_frac=6.5932 mD, dp=12.36 MPa | Sw=[0.128,0.787] | 146.1s
2026-02-17 20:42:20 - M5Trainer - INFO -   [梯度验收] SY9: qg_obs range=[0.0, 838700.0]
2026-02-17 20:42:20 - M5Trainer - INFO - [Step  1200/5000] Stage B | L=2.3751e+03 (IC=6.218e-02, BC=1.485e-01, PDE=1.687e+06, Qg=4.239e-01, Qz=4.287e+00, Sd=3.251e-01, SwB=0.000e+00) | k_frac=6.8013 mD, dp=12.40 MPa | Sw=[0.136,0.767] | 159.8s
2026-02-17 20:42:33 - M5Trainer - INFO - [Step  1300/5000] Stage B | L=2.0520e+03 (IC=9.196e-02, BC=1.353e-01, PDE=1.465e+06, Qg=4.527e-01, Qz=8.496e+00, Sd=3.037e-01, SwB=0.000e+00) | k_frac=6.9492 mD, dp=12.42 MPa | Sw=[0.129,0.738] | 173.2s
2026-02-17 20:42:47 - M5Trainer - INFO -   [梯度验收] SY9: qg_obs range=[0.0, 838700.0]
2026-02-17 20:42:47 - M5Trainer - INFO - [Step  1400/5000] Stage B | L=2.1556e+03 (IC=1.196e-01, BC=1.538e-01, PDE=1.486e+06, Qg=4.374e-01, Qz=4.467e+00, Sd=2.572e-01, SwB=0.000e+00) | k_frac=7.0284 mD, dp=12.47 MPa | Sw=[0.125,0.720] | 186.6s
2026-02-17 20:43:00 - M5Trainer - INFO -   [Sw约束v9] Sw=[0.125, 0.283, 0.789], 权重=300, 惩罚=0.000000 (低=0.0000, 高=0.0000)
2026-02-17 20:43:00 - M5Trainer - INFO -   [Sw监控] SY9: Sw=[0.1418, 0.3971, 0.7885], krg_min=3.291507e-02
2026-02-17 20:43:00 - M5Trainer - INFO - [Step  1500/5000] Stage B | L=2.0262e+03 (IC=5.567e-02, BC=9.498e-02, PDE=1.363e+06, Qg=4.287e-01, Qz=5.565e+00, Sd=2.980e-01, SwB=0.000e+00) | k_frac=7.2413 mD, dp=12.53 MPa | Sw=[0.128,0.654] | 200.2s
2026-02-17 20:43:00 - M5Trainer - INFO -   [k_frac诊断] grad=4.4495e-01, k_frac=7.241291 mD
2026-02-17 20:43:14 - M5Trainer - INFO -   [梯度验收] SY9: qg_obs range=[0.0, 838700.0]
2026-02-17 20:43:14 - M5Trainer - INFO - [Step  1600/5000] Stage B | L=2.1212e+03 (IC=9.645e-02, BC=1.033e-01, PDE=1.368e+06, Qg=4.026e-01, Qz=6.370e+00, Sd=2.899e-01, SwB=0.000e+00) | k_frac=7.3437 mD, dp=12.56 MPa | Sw=[0.124,0.704] | 214.3s
2026-02-17 20:43:28 - M5Trainer - INFO - [Step  1700/5000] Stage B | L=2.1012e+03 (IC=7.906e-02, BC=1.126e-01, PDE=1.304e+06, Qg=4.245e-01, Qz=3.819e+00, Sd=2.922e-01, SwB=0.000e+00) | k_frac=7.4360 mD, dp=12.59 MPa | Sw=[0.123,0.811] | 228.0s
2026-02-17 20:43:42 - M5Trainer - INFO -   [梯度验收] SY9: qg_obs range=[0.0, 838700.0]
2026-02-17 20:43:42 - M5Trainer - INFO - [Step  1800/5000] Stage C | L=9.9367e+03 (IC=1.864e-01, BC=2.688e-01, PDE=1.416e+06, Qg=4.461e-01, Qz=4.211e+00, Sd=2.471e-01, SwB=0.000e+00) | k_frac=7.5142 mD, dp=12.64 MPa | Sw=[0.125,0.747] | 241.4s
2026-02-17 20:43:56 - M5Trainer - INFO - [Step  1900/5000] Stage C | L=1.0346e+04 (IC=2.245e-01, BC=3.121e-01, PDE=1.446e+06, Qg=5.020e-01, Qz=8.461e+00, Sd=2.704e-01, SwB=0.000e+00) | k_frac=7.6873 mD, dp=12.68 MPa | Sw=[0.123,0.757] | 255.5s
2026-02-17 20:44:10 - M5Trainer - INFO -   [Sw约束v9] Sw=[0.123, 0.266, 0.804], 权重=200, 惩罚=0.000000 (低=0.0000, 高=0.0000)
2026-02-17 20:44:10 - M5Trainer - INFO -   [Sw监控] SY9: Sw=[0.1705, 0.4918, 0.7396], krg_min=5.787849e-02
2026-02-17 20:44:10 - M5Trainer - INFO - [Step  2000/5000] Stage C | L=1.1007e+04 (IC=3.163e-01, BC=4.730e-01, PDE=1.528e+06, Qg=5.196e-01, Qz=6.718e+00, Sd=2.130e-01, SwB=0.000e+00) | k_frac=7.7447 mD, dp=12.74 MPa | Sw=[0.125,0.723] | 269.6s
2026-02-17 20:44:10 - M5Trainer - INFO -   [k_frac诊断] grad=-1.0795e-01, k_frac=7.744708 mD
2026-02-17 20:44:24 - M5Trainer - INFO - [Step  2100/5000] Stage C | L=1.1528e+04 (IC=1.517e-01, BC=2.706e-01, PDE=1.313e+06, Qg=5.612e-01, Qz=7.055e+00, Sd=1.472e-01, SwB=0.000e+00) | k_frac=7.6277 mD, dp=12.76 MPa | Sw=[0.122,0.736] | 283.7s
2026-02-17 20:44:38 - M5Trainer - INFO - [Step  2200/5000] Stage C | L=1.2641e+04 (IC=1.263e-01, BC=2.050e-01, PDE=1.354e+06, Qg=5.224e-01, Qz=8.065e+00, Sd=2.477e-01, SwB=0.000e+00) | k_frac=7.8506 mD, dp=12.79 MPa | Sw=[0.126,0.750] | 297.7s
2026-02-17 20:44:52 - M5Trainer - INFO - [Step  2300/5000] Stage C | L=1.5057e+04 (IC=1.254e-01, BC=1.819e-01, PDE=1.438e+06, Qg=4.641e-01, Qz=4.729e+00, Sd=1.929e-01, SwB=0.000e+00) | k_frac=7.9279 mD, dp=12.81 MPa | Sw=[0.123,0.847] | 312.1s
2026-02-17 20:45:07 - M5Trainer - INFO - [Step  2400/5000] Stage C | L=1.2320e+04 (IC=2.843e-01, BC=3.359e-01, PDE=1.337e+06, Qg=4.936e-01, Qz=3.529e+00, Sd=1.880e-01, SwB=8.373e-06) | k_frac=7.9769 mD, dp=12.89 MPa | Sw=[0.121,0.860] | 326.6s
2026-02-17 20:45:21 - M5Trainer - INFO -   [Sw约束v9] Sw=[0.120, 0.257, 0.875], 权重=200, 惩罚=0.000010 (低=0.0000, 高=0.0000)
2026-02-17 20:45:22 - M5Trainer - INFO -   [Sw监控] SY9: Sw=[0.1202, 0.4526, 0.8683], krg_min=7.227895e-03
2026-02-17 20:45:22 - M5Trainer - INFO - [Step  2500/5000] Stage C | L=1.1719e+04 (IC=2.293e-01, BC=2.401e-01, PDE=1.225e+06, Qg=4.961e-01, Qz=3.145e+00, Sd=1.880e-01, SwB=9.946e-06) | k_frac=7.9925 mD, dp=12.89 MPa | Sw=[0.120,0.851] | 341.4s
2026-02-17 20:45:22 - M5Trainer - INFO -   [k_frac诊断] grad=-3.9811e-03, k_frac=7.992513 mD
2026-02-17 20:45:37 - M5Trainer - INFO - [Step  2600/5000] Stage C | L=1.1905e+04 (IC=2.066e-01, BC=2.531e-01, PDE=1.207e+06, Qg=4.808e-01, Qz=3.927e+00, Sd=1.899e-01, SwB=9.058e-06) | k_frac=8.0015 mD, dp=12.89 MPa | Sw=[0.120,0.867] | 356.7s
2026-02-17 20:45:52 - M5Trainer - INFO - [Step  2700/5000] Stage C | L=1.3715e+04 (IC=1.261e-01, BC=1.386e-01, PDE=1.220e+06, Qg=4.388e-01, Qz=4.004e+00, Sd=1.844e-01, SwB=4.841e-07) | k_frac=8.0165 mD, dp=12.90 MPa | Sw=[0.121,0.742] | 371.6s
2026-02-17 20:46:07 - M5Trainer - INFO - [Step  2800/5000] Stage C | L=1.2805e+04 (IC=1.159e-01, BC=1.609e-01, PDE=1.150e+06, Qg=4.318e-01, Qz=3.759e+00, Sd=1.825e-01, SwB=3.864e-07) | k_frac=8.0183 mD, dp=12.91 MPa | Sw=[0.120,0.841] | 386.8s
2026-02-17 20:46:22 - M5Trainer - INFO - [Step  2900/5000] Stage C | L=1.1641e+04 (IC=2.576e-01, BC=3.089e-01, PDE=1.154e+06, Qg=4.175e-01, Qz=4.010e+00, Sd=1.857e-01, SwB=8.382e-07) | k_frac=8.0239 mD, dp=12.92 MPa | Sw=[0.120,0.861] | 402.0s
2026-02-17 20:46:37 - M5Trainer - INFO -   [Sw约束v9] Sw=[0.120, 0.231, 0.875], 权重=200, 惩罚=0.000001 (低=0.0000, 高=0.0000)
2026-02-17 20:46:37 - M5Trainer - INFO -   [Sw监控] SY9: Sw=[0.1202, 0.3811, 0.8659], krg_min=7.739448e-03
2026-02-17 20:46:37 - M5Trainer - INFO - [Step  3000/5000] Stage C | L=9.9342e+03 (IC=2.839e-01, BC=4.288e-01, PDE=1.053e+06, Qg=4.143e-01, Qz=4.311e+00, Sd=1.879e-01, SwB=7.591e-07) | k_frac=8.0285 mD, dp=12.92 MPa | Sw=[0.120,0.860] | 416.7s
2026-02-17 20:46:37 - M5Trainer - INFO -   [k_frac诊断] grad=5.2259e-03, k_frac=8.028531 mD
2026-02-17 20:46:52 - M5Trainer - INFO - [Step  3100/5000] Stage C | L=1.1369e+04 (IC=1.404e-01, BC=2.435e-01, PDE=1.031e+06, Qg=4.157e-01, Qz=4.038e+00, Sd=1.895e-01, SwB=2.127e-06) | k_frac=8.0340 mD, dp=12.93 MPa | Sw=[0.120,0.869] | 431.9s
2026-02-17 20:47:07 - M5Trainer - INFO - [Step  3200/5000] Stage C | L=1.1845e+04 (IC=1.981e-01, BC=3.067e-01, PDE=1.067e+06, Qg=4.281e-01, Qz=2.868e+00, Sd=1.967e-01, SwB=2.212e-06) | k_frac=8.0467 mD, dp=12.93 MPa | Sw=[0.120,0.857] | 446.5s
2026-02-17 20:47:22 - M5Trainer - INFO - [Step  3300/5000] Stage C | L=8.8250e+03 (IC=2.345e-01, BC=3.839e-01, PDE=8.964e+05, Qg=4.181e-01, Qz=3.723e+00, Sd=1.966e-01, SwB=2.807e-06) | k_frac=8.0463 mD, dp=12.94 MPa | Sw=[0.121,0.865] | 461.6s
2026-02-17 20:47:37 - M5Trainer - INFO - [Step  3400/5000] Stage C | L=9.7322e+03 (IC=1.504e-01, BC=2.789e-01, PDE=9.045e+05, Qg=4.189e-01, Qz=8.305e+00, Sd=1.889e-01, SwB=3.233e-06) | k_frac=8.0315 mD, dp=12.94 MPa | Sw=[0.120,0.867] | 477.3s
2026-02-17 20:47:53 - M5Trainer - INFO -   [Sw约束v9] Sw=[0.120, 0.236, 0.877], 权重=100, 惩罚=0.000010 (低=0.0000, 高=0.0000)
2026-02-17 20:47:53 - M5Trainer - INFO -   [Sw监控] SY9: Sw=[0.1202, 0.4108, 0.8736], krg_min=6.192498e-03
2026-02-17 20:47:53 - M5Trainer - INFO - [Step  3500/5000] Stage D | L=9.5317e+03 (IC=1.946e-01, BC=2.695e-01, PDE=8.715e+05, Qg=4.423e-01, Qz=3.229e+00, Sd=1.900e-01, SwB=9.635e-06) | k_frac=8.0354 mD, dp=12.94 MPa | Sw=[0.120,0.874] | 492.6s
2026-02-17 20:47:53 - M5Trainer - INFO -   [k_frac诊断] grad=-4.2917e-03, k_frac=8.035446 mD
2026-02-17 20:48:07 - M5Trainer - INFO - [Step  3600/5000] Stage D | L=9.7408e+03 (IC=2.192e-01, BC=3.345e-01, PDE=8.958e+05, Qg=4.417e-01, Qz=3.253e+00, Sd=1.911e-01, SwB=1.037e-05) | k_frac=8.0382 mD, dp=12.95 MPa | Sw=[0.120,0.871] | 507.2s
2026-02-17 20:48:22 - M5Trainer - INFO - [Step  3700/5000] Stage D | L=1.0242e+04 (IC=1.830e-01, BC=2.502e-01, PDE=8.934e+05, Qg=4.387e-01, Qz=3.412e+00, Sd=1.908e-01, SwB=7.108e-06) | k_frac=8.0398 mD, dp=12.95 MPa | Sw=[0.120,0.871] | 521.9s
2026-02-17 20:48:36 - M5Trainer - INFO - [Step  3800/5000] Stage D | L=1.1874e+04 (IC=1.837e-01, BC=2.396e-01, PDE=9.709e+05, Qg=4.315e-01, Qz=3.309e+00, Sd=1.917e-01, SwB=5.414e-06) | k_frac=8.0441 mD, dp=12.95 MPa | Sw=[0.120,0.872] | 536.4s
2026-02-17 20:48:51 - M5Trainer - INFO - [Step  3900/5000] Stage D | L=1.2539e+04 (IC=1.786e-01, BC=2.013e-01, PDE=9.882e+05, Qg=4.438e-01, Qz=3.018e+00, Sd=1.937e-01, SwB=7.603e-06) | k_frac=8.0498 mD, dp=12.95 MPa | Sw=[0.120,0.866] | 550.9s
2026-02-17 20:49:06 - M5Trainer - INFO -   [Sw约束v9] Sw=[0.120, 0.235, 0.877], 权重=100, 惩罚=0.000009 (低=0.0000, 高=0.0000)
2026-02-17 20:49:06 - M5Trainer - INFO -   [Sw监控] SY9: Sw=[0.1202, 0.4147, 0.8733], krg_min=6.248620e-03
2026-02-17 20:49:06 - M5Trainer - INFO - [Step  4000/5000] Stage D | L=9.3681e+03 (IC=1.827e-01, BC=2.213e-01, PDE=8.293e+05, Qg=4.374e-01, Qz=3.054e+00, Sd=1.981e-01, SwB=8.625e-06) | k_frac=8.0564 mD, dp=12.96 MPa | Sw=[0.120,0.874] | 565.5s
2026-02-17 20:49:06 - M5Trainer - INFO -   [k_frac诊断] grad=8.6700e-02, k_frac=8.056397 mD
2026-02-17 20:49:21 - M5Trainer - INFO - [Step  4100/5000] Stage D | L=8.3360e+03 (IC=1.583e-01, BC=1.952e-01, PDE=7.584e+05, Qg=4.365e-01, Qz=3.083e+00, Sd=1.985e-01, SwB=7.514e-06) | k_frac=8.0605 mD, dp=12.96 MPa | Sw=[0.120,0.858] | 580.4s
2026-02-17 20:49:35 - M5Trainer - INFO - [Step  4200/5000] Stage D | L=8.8556e+03 (IC=1.601e-01, BC=2.191e-01, PDE=7.869e+05, Qg=4.338e-01, Qz=2.784e+00, Sd=1.970e-01, SwB=5.195e-06) | k_frac=8.0618 mD, dp=12.97 MPa | Sw=[0.120,0.871] | 595.2s
2026-02-17 20:49:50 - M5Trainer - INFO - [Step  4300/5000] Stage D | L=7.4776e+03 (IC=1.463e-01, BC=2.285e-01, PDE=7.048e+05, Qg=4.401e-01, Qz=2.710e+00, Sd=1.975e-01, SwB=6.886e-06) | k_frac=8.0662 mD, dp=12.97 MPa | Sw=[0.120,0.873] | 610.0s
2026-02-17 20:50:05 - M5Trainer - INFO - [Step  4400/5000] Stage D | L=9.1477e+03 (IC=1.387e-01, BC=2.122e-01, PDE=7.889e+05, Qg=4.372e-01, Qz=2.794e+00, Sd=1.962e-01, SwB=6.753e-06) | k_frac=8.0663 mD, dp=12.97 MPa | Sw=[0.120,0.874] | 624.8s
2026-02-17 20:50:20 - M5Trainer - INFO -   [Sw约束v9] Sw=[0.120, 0.238, 0.878], 权重=100, 惩罚=0.000007 (低=0.0000, 高=0.0000)
2026-02-17 20:50:20 - M5Trainer - INFO -   [Sw监控] SY9: Sw=[0.1202, 0.4153, 0.8745], krg_min=6.024397e-03
2026-02-17 20:50:20 - M5Trainer - INFO - [Step  4500/5000] Stage D | L=6.7804e+03 (IC=1.615e-01, BC=3.037e-01, PDE=6.732e+05, Qg=4.470e-01, Qz=2.506e+00, Sd=1.959e-01, SwB=7.282e-06) | k_frac=8.0686 mD, dp=12.98 MPa | Sw=[0.120,0.872] | 639.7s
2026-02-17 20:50:20 - M5Trainer - INFO -   [k_frac诊断] grad=1.5432e-02, k_frac=8.068634 mD
2026-02-17 20:50:35 - M5Trainer - INFO - [Step  4600/5000] Stage D | L=7.6957e+03 (IC=1.597e-01, BC=2.877e-01, PDE=7.191e+05, Qg=4.489e-01, Qz=2.485e+00, Sd=1.957e-01, SwB=9.581e-06) | k_frac=8.0699 mD, dp=12.98 MPa | Sw=[0.120,0.807] | 654.9s
2026-02-17 20:50:50 - M5Trainer - INFO - [Step  4700/5000] Stage D | L=6.5792e+03 (IC=1.631e-01, BC=2.656e-01, PDE=6.463e+05, Qg=4.495e-01, Qz=2.481e+00, Sd=1.961e-01, SwB=1.088e-05) | k_frac=8.0713 mD, dp=12.98 MPa | Sw=[0.120,0.876] | 670.1s
2026-02-17 20:51:06 - M5Trainer - INFO - [Step  4800/5000] Stage D | L=6.5688e+03 (IC=1.607e-01, BC=2.287e-01, PDE=6.363e+05, Qg=4.522e-01, Qz=2.367e+00, Sd=1.962e-01, SwB=9.685e-06) | k_frac=8.0719 mD, dp=12.98 MPa | Sw=[0.120,0.876] | 685.4s
2026-02-17 20:51:21 - M5Trainer - INFO - [Step  4900/5000] Stage D | L=6.2102e+03 (IC=1.689e-01, BC=2.277e-01, PDE=6.121e+05, Qg=4.525e-01, Qz=2.311e+00, Sd=1.961e-01, SwB=1.156e-05) | k_frac=8.0721 mD, dp=12.98 MPa | Sw=[0.120,0.875] | 700.6s
2026-02-17 20:51:36 - M5Trainer - INFO - [Step  4999/5000] Stage D | L=7.1523e+03 (IC=1.823e-01, BC=2.641e-01, PDE=6.728e+05, Qg=4.522e-01, Qz=2.312e+00, Sd=1.961e-01, SwB=1.053e-05) | k_frac=8.0721 mD, dp=12.98 MPa | Sw=[0.120,0.875] | 715.7s
2026-02-17 20:51:36 - M5Trainer - INFO - 
M5 训练完成! 耗时: 715.7s, 最佳验证分数(val_score): 68.5263
2026-02-17 20:51:36 - M5Trainer - INFO - 配置快照已保存: C:\Users\16281\Desktop\cpedc_project\outputs\mk_pinn_dt_v2\resolved_config_m5.json
2026-02-17 20:51:36 - M5Trainer - INFO - 反演参数审计: C:\Users\16281\Desktop\cpedc_project\outputs\mk_pinn_dt_v2\reports\M5_inversion_params.json
2026-02-17 20:51:36 - M5Trainer - INFO -   history 已恢复 (801 步)
2026-02-17 20:51:36 - M5Trainer - INFO -   best_step=800
2026-02-17 20:51:36 - M5Trainer - INFO - 已加载 M5 检查点: C:\Users\16281\Desktop\cpedc_project\outputs\mk_pinn_dt_v2\ckpt\m5_pinn_best.pt
2026-02-17 20:51:36 - M5Trainer - INFO - generate_report: 加载 best checkpoint from C:\Users\16281\Desktop\cpedc_project\outputs\mk_pinn_dt_v2\ckpt\m5_pinn_best.pt
2026-02-17 20:51:36 - M5Trainer - INFO -   history 已恢复 (801 步)
2026-02-17 20:51:36 - M5Trainer - INFO -   best_step=800
2026-02-17 20:51:36 - M5Trainer - INFO - 已加载 M5 检查点: C:\Users\16281\Desktop\cpedc_project\outputs\mk_pinn_dt_v2\ckpt\m5_pinn_best.pt
2026-02-17 20:51:36 - M5Trainer - INFO - 反演参数审计: C:\Users\16281\Desktop\cpedc_project\outputs\mk_pinn_dt_v2\reports\M5_inversion_params.json
2026-02-17 20:51:36 - M5Trainer - INFO - qg 对比图已保存: C:\Users\16281\Desktop\cpedc_project\outputs\mk_pinn_dt_v2\figs\M5_qg_comparison_SY9.png
2026-02-17 20:51:36 - M5Trainer - INFO - p_wf 反演图已保存: C:\Users\16281\Desktop\cpedc_project\outputs\mk_pinn_dt_v2\figs\M5_pwf_inversion_SY9.png
2026-02-17 20:51:37 - M5Trainer - INFO - 训练曲线图已保存: C:\Users\16281\Desktop\cpedc_project\outputs\mk_pinn_dt_v2\figs\M5_training_history.png
2026-02-17 20:51:37 - M5Trainer - INFO - 残差热力图已保存: C:\Users\16281\Desktop\cpedc_project\outputs\mk_pinn_dt_v2\figs\M5_pde_residual_map.png
2026-02-17 20:51:39 - M5Trainer - INFO - M6 连通性分析完成
2026-02-17 20:51:40 - M5Trainer - INFO - M7 水侵预警分析完成
2026-02-17 20:51:40 - M5Trainer - INFO -   history 已恢复 (5000 步)
2026-02-17 20:51:40 - M5Trainer - INFO - 已加载 M5 检查点: C:\Users\16281\Desktop\cpedc_project\outputs\mk_pinn_dt_v2\ckpt\m5_pinn_final.pt
2026-02-17 20:51:40 - M5Trainer - INFO -   history 已恢复 (801 步)
2026-02-17 20:51:40 - M5Trainer - INFO -   best_step=800
2026-02-17 20:51:40 - M5Trainer - INFO - 已加载 M5 检查点: C:\Users\16281\Desktop\cpedc_project\outputs\mk_pinn_dt_v2\ckpt\m5_pinn_best.pt
2026-02-17 20:51:40 - M5Trainer - INFO - M5 验收报告已保存: C:\Users\16281\Desktop\cpedc_project\outputs\mk_pinn_dt_v2\reports\M5_validation_report.md
