2026-02-16 23:00:03 - M5Trainer - INFO -   torch.compile 已跳过 (Triton 不支持 Windows, 使用 eager 模式)
2026-02-16 23:00:03 - M5Trainer - INFO - k_frac 独立参数组: lr=1.00e-02 (factor=10.0)
2026-02-16 23:00:03 - M5Trainer - INFO - k_net 学习率: 1.00e-04 (factor=0.1, warmup=2000 steps)
2026-02-16 23:00:03 - M5Trainer - INFO -   井 SY9: 1027 条同化数据 (train=718, val=154, test=155)
2026-02-16 23:00:03 - M5Trainer - INFO -   M3 PVT cg(76.0, 140.32) = 0.009744
2026-02-16 23:00:03 - M5Trainer - INFO -   M3 PVT Bg(76.0, 140.32) = 0.002577
2026-02-16 23:00:03 - M5Trainer - INFO -   PDE 缩放: αx=0.029719, αy=0.074361
2026-02-16 23:00:03 - M5Trainer - INFO - M5Trainer 初始化完成: device=cuda, lr=0.001, max_steps=5000, relobralo=True, rar=True
2026-02-16 23:00:03 - M5Trainer - INFO - ============================================================
2026-02-16 23:00:03 - M5Trainer - INFO - M5 PINN 井—藏耦合同化训练开始
2026-02-16 23:00:03 - M5Trainer - INFO - ============================================================
2026-02-16 23:00:03 - M5Trainer - INFO - 训练阶段: A[0-500] B[500-1750] C[1750-3500] D[3500-5000]
2026-02-16 23:00:03 - M5Trainer - INFO - --- M5 单位/量纲诊断 (train 第 1 步前) ---
2026-02-16 23:00:03 - M5Trainer - INFO -   qg_obs 范围: 0.00e+00 ~ 8.39e+05 m³/d, 均值: 3.85e+05 m³/d
2026-02-16 23:00:03 - M5Trainer - INFO -   qg_pred 范围: 4.98e+05 ~ 5.17e+05
2026-02-16 23:00:03 - M5Trainer - INFO -   p_wf 范围: 7.41e+01 ~ 7.41e+01 MPa
2026-02-16 23:00:03 - M5Trainer - INFO -   p_field @ well: 7.50e+01 MPa
2026-02-16 23:00:03 - M5Trainer - INFO -   k_frac = 5.4020 mD
2026-02-16 23:00:03 - M5Trainer - INFO -   WI_raw = 4.309845e-13 [检查单位]
2026-02-16 23:00:03 - M5Trainer - INFO -   dp_wellbore = 12.00 MPa
2026-02-16 23:00:03 - M5Trainer - INFO -   Bg_ref = 2.576898e-03
2026-02-16 23:00:03 - M5Trainer - INFO -   qg_obs 范围: 0.00e+00 ~ 8.39e+05 m³/d
2026-02-16 23:00:03 - M5Trainer - INFO -   qg_obs 中位数 = 4.61e+05 m³/d
2026-02-16 23:00:03 - M5Trainer - INFO -   ✅ v9: PDE源项已升级为时变 source(x,y,t) = qg_obs(t) * kernel(x,y)
2026-02-16 23:00:03 - M5Trainer - INFO -   ✅ 每个PDE配点使用其时刻对应的真实观测产量（线性插值）
2026-02-16 23:00:03 - M5Trainer - INFO - --- 诊断结束 ---
2026-02-16 23:00:03 - M5Trainer - INFO -   [shape] SY9: qg pred=(718, 1) vs obs=(718, 1), p_wf pred=(718, 1) vs p_obs=(718, 1)
2026-02-16 23:00:04 - M5Trainer - INFO -   [Sw约束v9] Sw=[0.260, 0.260, 0.260], 权重=500, 惩罚=0.000000 (低=0.0000, 高=0.0000)
2026-02-16 23:00:04 - M5Trainer - INFO -   ✅ k_frac_mD.grad = 2.287438e-02 (PDE梯度贯通)
2026-02-16 23:00:04 - M5Trainer - INFO -   ✅ k_net: 18 组参数收到梯度
2026-02-16 23:00:04 - M5Trainer - INFO -   [梯度验收] SY9: qg_obs range=[0.0, 838700.0]
2026-02-16 23:00:04 - M5Trainer - INFO -   [Sw监控] SY9: Sw=[0.2600, 0.2600, 0.2600], krg_min=6.751000e-01
2026-02-16 23:00:04 - M5Trainer - INFO -   [best更新] val_score=2148.1934 (step 0)
2026-02-16 23:00:04 - M5Trainer - INFO - [Step     0/5000] Stage A | L=3.7150e+02 (IC=1.000e+00, BC=1.000e+00, PDE=1.611e+06, Qg=4.894e-01, SwB=0.000e+00) | k_frac=5.4015 mD, dp=12.00 MPa | Sw=[0.260,0.260] | 0.6s
2026-02-16 23:00:04 - M5Trainer - INFO -   [k_frac诊断] grad=2.2874e-02, k_frac=5.401474 mD
2026-02-16 23:00:16 - M5Trainer - INFO - [Step   100/5000] Stage A | L=2.6450e+02 (IC=3.547e-03, BC=5.666e-03, PDE=1.998e+06, Qg=4.406e-01, SwB=0.000e+00) | k_frac=5.2458 mD, dp=12.01 MPa | Sw=[0.235,0.358] | 13.0s
2026-02-16 23:00:28 - M5Trainer - INFO -   [梯度验收] SY9: qg_obs range=[0.0, 838700.0]
2026-02-16 23:00:28 - M5Trainer - INFO - [Step   200/5000] Stage A | L=2.0526e+02 (IC=6.541e-02, BC=3.791e-02, PDE=1.743e+06, Qg=3.744e-01, SwB=0.000e+00) | k_frac=5.2369 mD, dp=12.02 MPa | Sw=[0.197,0.525] | 25.1s
2026-02-16 23:00:41 - M5Trainer - INFO - [Step   300/5000] Stage A | L=3.2163e+02 (IC=3.873e-02, BC=5.601e-02, PDE=1.932e+06, Qg=3.955e-01, SwB=0.000e+00) | k_frac=5.1370 mD, dp=12.03 MPa | Sw=[0.186,0.456] | 37.3s
2026-02-16 23:00:53 - M5Trainer - INFO -   [梯度验收] SY9: qg_obs range=[0.0, 838700.0]
2026-02-16 23:00:53 - M5Trainer - INFO - [Step   400/5000] Stage A | L=3.1989e+02 (IC=5.326e-02, BC=5.252e-02, PDE=1.881e+06, Qg=3.688e-01, SwB=0.000e+00) | k_frac=5.1078 mD, dp=12.04 MPa | Sw=[0.189,0.519] | 49.6s
2026-02-16 23:01:05 - M5Trainer - INFO -   [Sw约束v9] Sw=[0.168, 0.308, 0.536], 权重=300, 惩罚=0.000000 (低=0.0000, 高=0.0000)
2026-02-16 23:01:05 - M5Trainer - INFO -   [Sw监控] SY9: Sw=[0.1955, 0.3365, 0.5218], krg_min=2.544221e-01
2026-02-16 23:01:05 - M5Trainer - INFO - [Step   500/5000] Stage B | L=1.2277e+03 (IC=3.228e-02, BC=5.243e-02, PDE=1.517e+06, Qg=3.796e-01, SwB=0.000e+00) | k_frac=5.0095 mD, dp=12.05 MPa | Sw=[0.182,0.513] | 61.8s
2026-02-16 23:01:05 - M5Trainer - INFO -   [k_frac诊断] grad=-9.2247e-02, k_frac=5.009495 mD
2026-02-16 23:01:18 - M5Trainer - INFO -   [梯度验收] SY9: qg_obs range=[0.0, 838700.0]
2026-02-16 23:01:18 - M5Trainer - INFO - [Step   600/5000] Stage B | L=1.1891e+03 (IC=8.510e-02, BC=8.846e-02, PDE=1.483e+06, Qg=3.644e-01, SwB=0.000e+00) | k_frac=5.2119 mD, dp=12.07 MPa | Sw=[0.192,0.522] | 74.4s
2026-02-16 23:01:30 - M5Trainer - INFO - [Step   700/5000] Stage B | L=1.9505e+03 (IC=6.382e-02, BC=5.976e-02, PDE=1.765e+06, Qg=3.632e-01, SwB=0.000e+00) | k_frac=5.3152 mD, dp=12.09 MPa | Sw=[0.159,0.547] | 86.9s
2026-02-16 23:01:43 - M5Trainer - INFO -   [梯度验收] SY9: qg_obs range=[0.0, 838700.0]
2026-02-16 23:01:43 - M5Trainer - INFO - [Step   800/5000] Stage B | L=1.7374e+03 (IC=6.338e-02, BC=8.356e-02, PDE=1.609e+06, Qg=3.587e-01, SwB=0.000e+00) | k_frac=5.2698 mD, dp=12.11 MPa | Sw=[0.163,0.554] | 99.4s
2026-02-16 23:01:55 - M5Trainer - INFO - [Step   900/5000] Stage B | L=1.3503e+03 (IC=6.342e-02, BC=8.547e-02, PDE=1.399e+06, Qg=4.012e-01, SwB=0.000e+00) | k_frac=4.9888 mD, dp=12.15 MPa | Sw=[0.151,0.565] | 111.9s
2026-02-16 23:02:08 - M5Trainer - INFO -   [Sw约束v9] Sw=[0.159, 0.333, 0.527], 权重=300, 惩罚=0.000000 (低=0.0000, 高=0.0000)
2026-02-16 23:02:08 - M5Trainer - INFO -   [梯度验收] SY9: qg_obs range=[0.0, 838700.0]
2026-02-16 23:02:08 - M5Trainer - INFO -   [Sw监控] SY9: Sw=[0.1649, 0.2990, 0.4952], krg_min=2.879672e-01
2026-02-16 23:02:08 - M5Trainer - INFO - [Step  1000/5000] Stage B | L=1.1300e+03 (IC=2.224e-01, BC=1.648e-01, PDE=1.264e+06, Qg=3.906e-01, SwB=0.000e+00) | k_frac=5.1026 mD, dp=12.18 MPa | Sw=[0.164,0.500] | 124.5s
2026-02-16 23:02:08 - M5Trainer - INFO -   [k_frac诊断] grad=1.1020e-01, k_frac=5.102588 mD
2026-02-16 23:02:21 - M5Trainer - INFO - [Step  1100/5000] Stage B | L=1.5529e+03 (IC=1.311e-01, BC=1.099e-01, PDE=1.469e+06, Qg=4.114e-01, SwB=0.000e+00) | k_frac=4.8213 mD, dp=12.22 MPa | Sw=[0.148,0.635] | 137.6s
2026-02-16 23:02:34 - M5Trainer - INFO -   [梯度验收] SY9: qg_obs range=[0.0, 838700.0]
2026-02-16 23:02:34 - M5Trainer - INFO - [Step  1200/5000] Stage B | L=1.8821e+03 (IC=2.677e-01, BC=1.578e-01, PDE=1.632e+06, Qg=3.605e-01, SwB=0.000e+00) | k_frac=4.8438 mD, dp=12.25 MPa | Sw=[0.149,0.596] | 150.5s
2026-02-16 23:02:47 - M5Trainer - INFO - [Step  1300/5000] Stage B | L=1.5216e+03 (IC=1.209e-01, BC=2.404e-01, PDE=1.336e+06, Qg=3.724e-01, SwB=0.000e+00) | k_frac=4.8043 mD, dp=12.29 MPa | Sw=[0.138,0.719] | 163.3s
2026-02-16 23:02:59 - M5Trainer - INFO -   [梯度验收] SY9: qg_obs range=[0.0, 838700.0]
2026-02-16 23:02:59 - M5Trainer - INFO - [Step  1400/5000] Stage B | L=1.7732e+03 (IC=6.613e-02, BC=7.345e-02, PDE=1.369e+06, Qg=3.647e-01, SwB=0.000e+00) | k_frac=4.7161 mD, dp=12.30 MPa | Sw=[0.141,0.676] | 175.9s
2026-02-16 23:03:12 - M5Trainer - INFO -   [Sw约束v9] Sw=[0.132, 0.313, 0.744], 权重=300, 惩罚=0.000000 (低=0.0000, 高=0.0000)
2026-02-16 23:03:12 - M5Trainer - INFO -   [Sw监控] SY9: Sw=[0.1469, 0.2495, 0.5287], krg_min=2.460924e-01
2026-02-16 23:03:12 - M5Trainer - INFO - [Step  1500/5000] Stage B | L=1.7419e+03 (IC=8.811e-02, BC=8.245e-02, PDE=1.320e+06, Qg=3.614e-01, SwB=0.000e+00) | k_frac=4.6931 mD, dp=12.30 MPa | Sw=[0.134,0.745] | 188.6s
2026-02-16 23:03:12 - M5Trainer - INFO -   [k_frac诊断] grad=-1.2207e+00, k_frac=4.693064 mD
2026-02-16 23:03:25 - M5Trainer - INFO -   [梯度验收] SY9: qg_obs range=[0.0, 838700.0]
2026-02-16 23:03:25 - M5Trainer - INFO - [Step  1600/5000] Stage B | L=1.7637e+03 (IC=1.127e-01, BC=1.124e-01, PDE=1.304e+06, Qg=3.530e-01, SwB=0.000e+00) | k_frac=4.7129 mD, dp=12.33 MPa | Sw=[0.133,0.709] | 201.5s
2026-02-16 23:03:38 - M5Trainer - INFO - [Step  1700/5000] Stage B | L=1.6713e+03 (IC=1.462e-01, BC=1.472e-01, PDE=1.263e+06, Qg=3.669e-01, SwB=0.000e+00) | k_frac=4.5550 mD, dp=12.36 MPa | Sw=[0.143,0.631] | 214.4s
2026-02-16 23:03:51 - M5Trainer - INFO -   [梯度验收] SY9: qg_obs range=[0.0, 838700.0]
2026-02-16 23:03:51 - M5Trainer - INFO - [Step  1800/5000] Stage C | L=8.6377e+03 (IC=1.665e-01, BC=1.682e-01, PDE=1.360e+06, Qg=3.542e-01, SwB=0.000e+00) | k_frac=4.7226 mD, dp=12.38 MPa | Sw=[0.140,0.789] | 227.3s
2026-02-16 23:04:03 - M5Trainer - INFO - [Step  1900/5000] Stage C | L=1.0575e+04 (IC=9.737e-02, BC=8.888e-02, PDE=1.424e+06, Qg=3.704e-01, SwB=0.000e+00) | k_frac=4.5917 mD, dp=12.38 MPa | Sw=[0.136,0.817] | 240.1s
2026-02-16 23:04:16 - M5Trainer - INFO -   [Sw约束v9] Sw=[0.124, 0.358, 0.850], 权重=200, 惩罚=0.000000 (低=0.0000, 高=0.0000)
2026-02-16 23:04:16 - M5Trainer - INFO -   [Sw监控] SY9: Sw=[0.1553, 0.3063, 0.5890], krg_min=1.789233e-01
2026-02-16 23:04:16 - M5Trainer - INFO - [Step  2000/5000] Stage C | L=1.1744e+04 (IC=9.789e-02, BC=1.020e-01, PDE=1.461e+06, Qg=3.444e-01, SwB=0.000e+00) | k_frac=4.6413 mD, dp=12.39 MPa | Sw=[0.138,0.847] | 253.0s
2026-02-16 23:04:16 - M5Trainer - INFO -   [k_frac诊断] grad=-3.6233e-01, k_frac=4.641327 mD
2026-02-16 23:04:30 - M5Trainer - INFO - [Step  2100/5000] Stage C | L=8.9755e+03 (IC=1.802e-01, BC=2.665e-01, PDE=1.234e+06, Qg=3.669e-01, SwB=0.000e+00) | k_frac=4.5034 mD, dp=12.40 MPa | Sw=[0.125,0.622] | 266.3s
2026-02-16 23:04:43 - M5Trainer - INFO - [Step  2200/5000] Stage C | L=1.1592e+04 (IC=1.220e-01, BC=1.094e-01, PDE=1.297e+06, Qg=3.563e-01, SwB=0.000e+00) | k_frac=4.5323 mD, dp=12.41 MPa | Sw=[0.130,0.788] | 279.5s
2026-02-16 23:04:56 - M5Trainer - INFO - [Step  2300/5000] Stage C | L=1.3975e+04 (IC=7.080e-02, BC=7.934e-02, PDE=1.385e+06, Qg=3.569e-01, SwB=0.000e+00) | k_frac=4.4662 mD, dp=12.41 MPa | Sw=[0.126,0.817] | 292.7s
2026-02-16 23:05:09 - M5Trainer - INFO - [Step  2400/5000] Stage C | L=1.2898e+04 (IC=6.733e-02, BC=6.580e-02, PDE=1.274e+06, Qg=3.875e-01, SwB=0.000e+00) | k_frac=4.3952 mD, dp=12.42 MPa | Sw=[0.131,0.716] | 306.0s
2026-02-16 23:05:22 - M5Trainer - INFO -   [Sw约束v9] Sw=[0.124, 0.299, 0.849], 权重=200, 惩罚=0.000000 (低=0.0000, 高=0.0000)
2026-02-16 23:05:23 - M5Trainer - INFO -   [Sw监控] SY9: Sw=[0.1272, 0.2432, 0.7629], krg_min=4.510171e-02
2026-02-16 23:05:23 - M5Trainer - INFO - [Step  2500/5000] Stage C | L=1.1257e+04 (IC=1.274e-01, BC=1.058e-01, PDE=1.189e+06, Qg=3.763e-01, SwB=0.000e+00) | k_frac=4.4176 mD, dp=12.44 MPa | Sw=[0.130,0.703] | 319.3s
2026-02-16 23:05:23 - M5Trainer - INFO -   [k_frac诊断] grad=2.2587e+00, k_frac=4.417625 mD
2026-02-16 23:05:36 - M5Trainer - INFO - [Step  2600/5000] Stage C | L=1.1569e+04 (IC=1.513e-01, BC=5.829e-02, PDE=1.169e+06, Qg=3.603e-01, SwB=4.610e-07) | k_frac=4.3837 mD, dp=12.47 MPa | Sw=[0.122,0.845] | 333.0s
2026-02-16 23:05:50 - M5Trainer - INFO - [Step  2700/5000] Stage C | L=1.0340e+04 (IC=1.731e-01, BC=2.367e-01, PDE=1.159e+06, Qg=3.739e-01, SwB=5.378e-07) | k_frac=4.4227 mD, dp=12.49 MPa | Sw=[0.125,0.738] | 346.7s
2026-02-16 23:06:04 - M5Trainer - INFO - [Step  2800/5000] Stage C | L=1.2931e+04 (IC=9.536e-02, BC=6.432e-02, PDE=1.157e+06, Qg=3.682e-01, SwB=3.749e-07) | k_frac=4.3972 mD, dp=12.50 MPa | Sw=[0.127,0.859] | 360.5s
2026-02-16 23:06:17 - M5Trainer - INFO - [Step  2900/5000] Stage C | L=1.5292e+04 (IC=1.083e-01, BC=1.131e-01, PDE=1.303e+06, Qg=3.630e-01, SwB=1.685e-06) | k_frac=4.4603 mD, dp=12.52 MPa | Sw=[0.123,0.861] | 374.2s
2026-02-16 23:06:31 - M5Trainer - INFO -   [Sw约束v9] Sw=[0.121, 0.294, 0.870], 权重=200, 惩罚=0.000003 (低=0.0000, 高=0.0000)
2026-02-16 23:06:31 - M5Trainer - INFO -   [Sw监控] SY9: Sw=[0.1219, 0.3329, 0.8634], krg_min=8.261365e-03
2026-02-16 23:06:31 - M5Trainer - INFO -   [best更新] val_score=548.0030 (step 3000)
2026-02-16 23:06:31 - M5Trainer - INFO - [Step  3000/5000] Stage C | L=1.0588e+04 (IC=1.132e-01, BC=1.999e-01, PDE=1.065e+06, Qg=3.763e-01, SwB=2.503e-06) | k_frac=4.4668 mD, dp=12.54 MPa | Sw=[0.122,0.749] | 388.0s
2026-02-16 23:06:31 - M5Trainer - INFO -   [k_frac诊断] grad=-6.6700e-01, k_frac=4.466842 mD
2026-02-16 23:06:45 - M5Trainer - INFO - [Step  3100/5000] Stage C | L=1.1221e+04 (IC=1.278e-01, BC=9.309e-02, PDE=1.032e+06, Qg=3.628e-01, SwB=1.289e-07) | k_frac=4.4455 mD, dp=12.56 MPa | Sw=[0.122,0.835] | 402.1s
2026-02-16 23:06:59 - M5Trainer - INFO - [Step  3200/5000] Stage C | L=1.4336e+04 (IC=9.147e-02, BC=8.425e-02, PDE=1.138e+06, Qg=3.654e-01, SwB=2.463e-07) | k_frac=4.4270 mD, dp=12.58 MPa | Sw=[0.122,0.767] | 416.1s
2026-02-16 23:07:13 - M5Trainer - INFO - [Step  3300/5000] Stage C | L=1.0453e+04 (IC=1.033e-01, BC=1.005e-01, PDE=9.371e+05, Qg=3.812e-01, SwB=1.189e-06) | k_frac=4.4423 mD, dp=12.59 MPa | Sw=[0.121,0.780] | 430.1s
2026-02-16 23:07:27 - M5Trainer - INFO - [Step  3400/5000] Stage C | L=1.1434e+04 (IC=9.281e-02, BC=9.387e-02, PDE=9.587e+05, Qg=3.419e-01, SwB=1.616e-06) | k_frac=4.4646 mD, dp=12.60 MPa | Sw=[0.121,0.702] | 444.2s
2026-02-16 23:07:41 - M5Trainer - INFO -   [Sw约束v9] Sw=[0.121, 0.259, 0.877], 权重=100, 惩罚=0.000003 (低=0.0000, 高=0.0000)
2026-02-16 23:07:41 - M5Trainer - INFO -   [Sw监控] SY9: Sw=[0.1211, 0.2679, 0.8655], krg_min=7.811382e-03
2026-02-16 23:07:42 - M5Trainer - INFO - [Step  3500/5000] Stage D | L=1.1714e+04 (IC=6.915e-02, BC=7.250e-02, PDE=9.305e+05, Qg=3.450e-01, SwB=2.591e-06) | k_frac=4.4407 mD, dp=12.60 MPa | Sw=[0.121,0.868] | 458.2s
2026-02-16 23:07:42 - M5Trainer - INFO -   [k_frac诊断] grad=2.9380e-01, k_frac=4.440722 mD
2026-02-16 23:07:56 - M5Trainer - INFO - [Step  3600/5000] Stage D | L=1.0533e+04 (IC=9.693e-02, BC=8.528e-02, PDE=8.930e+05, Qg=3.440e-01, SwB=2.777e-06) | k_frac=4.4428 mD, dp=12.60 MPa | Sw=[0.121,0.869] | 472.6s
2026-02-16 23:08:11 - M5Trainer - INFO - [Step  3700/5000] Stage D | L=1.2307e+04 (IC=9.407e-02, BC=8.688e-02, PDE=9.780e+05, Qg=3.473e-01, SwB=3.194e-06) | k_frac=4.4656 mD, dp=12.61 MPa | Sw=[0.121,0.866] | 487.7s
2026-02-16 23:08:25 - M5Trainer - INFO - [Step  3800/5000] Stage D | L=1.3711e+04 (IC=1.030e-01, BC=8.504e-02, PDE=1.049e+06, Qg=3.494e-01, SwB=2.350e-06) | k_frac=4.4661 mD, dp=12.61 MPa | Sw=[0.121,0.860] | 502.1s
2026-02-16 23:08:40 - M5Trainer - INFO - [Step  3900/5000] Stage D | L=1.2387e+04 (IC=9.383e-02, BC=1.258e-01, PDE=1.003e+06, Qg=3.442e-01, SwB=2.319e-06) | k_frac=4.4663 mD, dp=12.61 MPa | Sw=[0.121,0.568] | 516.5s
2026-02-16 23:08:54 - M5Trainer - INFO -   [Sw约束v9] Sw=[0.121, 0.235, 0.877], 权重=100, 惩罚=0.000004 (低=0.0000, 高=0.0000)
2026-02-16 23:08:54 - M5Trainer - INFO -   [Sw监控] SY9: Sw=[0.1212, 0.2924, 0.8744], krg_min=6.035320e-03
2026-02-16 23:08:54 - M5Trainer - INFO - [Step  4000/5000] Stage D | L=1.0288e+04 (IC=8.695e-02, BC=1.140e-01, PDE=8.850e+05, Qg=3.452e-01, SwB=3.848e-06) | k_frac=4.4649 mD, dp=12.61 MPa | Sw=[0.121,0.596] | 530.8s
2026-02-16 23:08:54 - M5Trainer - INFO -   [k_frac诊断] grad=-1.8152e-01, k_frac=4.464948 mD
2026-02-16 23:09:09 - M5Trainer - INFO - [Step  4100/5000] Stage D | L=8.5276e+03 (IC=1.095e-01, BC=1.330e-01, PDE=8.084e+05, Qg=3.447e-01, SwB=3.018e-06) | k_frac=4.4692 mD, dp=12.62 MPa | Sw=[0.121,0.837] | 545.6s
2026-02-16 23:09:24 - M5Trainer - INFO - [Step  4200/5000] Stage D | L=9.0565e+03 (IC=1.285e-01, BC=1.439e-01, PDE=8.470e+05, Qg=3.418e-01, SwB=3.570e-06) | k_frac=4.4676 mD, dp=12.62 MPa | Sw=[0.121,0.867] | 560.3s
2026-02-16 23:09:38 - M5Trainer - INFO - [Step  4300/5000] Stage D | L=7.7182e+03 (IC=1.237e-01, BC=1.537e-01, PDE=7.670e+05, Qg=3.410e-01, SwB=3.963e-06) | k_frac=4.4677 mD, dp=12.62 MPa | Sw=[0.121,0.535] | 575.0s
2026-02-16 23:09:53 - M5Trainer - INFO - [Step  4400/5000] Stage D | L=9.0296e+03 (IC=1.514e-01, BC=1.494e-01, PDE=8.471e+05, Qg=3.468e-01, SwB=3.455e-06) | k_frac=4.4671 mD, dp=12.62 MPa | Sw=[0.121,0.867] | 589.7s
2026-02-16 23:10:08 - M5Trainer - INFO -   [Sw约束v9] Sw=[0.121, 0.227, 0.877], 权重=100, 惩罚=0.000004 (低=0.0000, 高=0.0000)
2026-02-16 23:10:08 - M5Trainer - INFO -   [Sw监控] SY9: Sw=[0.1212, 0.2918, 0.8761], krg_min=5.731994e-03
2026-02-16 23:10:08 - M5Trainer - INFO - [Step  4500/5000] Stage D | L=7.6848e+03 (IC=1.059e-01, BC=1.333e-01, PDE=7.402e+05, Qg=3.440e-01, SwB=3.669e-06) | k_frac=4.4686 mD, dp=12.62 MPa | Sw=[0.121,0.864] | 604.5s
2026-02-16 23:10:08 - M5Trainer - INFO -   [k_frac诊断] grad=3.1202e-01, k_frac=4.468596 mD
2026-02-16 23:10:23 - M5Trainer - INFO - [Step  4600/5000] Stage D | L=8.7841e+03 (IC=1.160e-01, BC=1.143e-01, PDE=7.910e+05, Qg=3.411e-01, SwB=3.750e-06) | k_frac=4.4680 mD, dp=12.62 MPa | Sw=[0.121,0.848] | 619.6s
2026-02-16 23:10:38 - M5Trainer - INFO - [Step  4700/5000] Stage D | L=7.1481e+03 (IC=1.061e-01, BC=1.387e-01, PDE=7.015e+05, Qg=3.419e-01, SwB=3.367e-06) | k_frac=4.4675 mD, dp=12.62 MPa | Sw=[0.121,0.865] | 634.7s
2026-02-16 23:10:53 - M5Trainer - INFO - [Step  4800/5000] Stage D | L=7.2194e+03 (IC=1.355e-01, BC=1.223e-01, PDE=7.062e+05, Qg=3.399e-01, SwB=3.939e-06) | k_frac=4.4678 mD, dp=12.62 MPa | Sw=[0.121,0.866] | 649.9s
2026-02-16 23:11:08 - M5Trainer - INFO - [Step  4900/5000] Stage D | L=6.9667e+03 (IC=1.323e-01, BC=1.114e-01, PDE=6.826e+05, Qg=3.390e-01, SwB=3.753e-06) | k_frac=4.4677 mD, dp=12.62 MPa | Sw=[0.121,0.796] | 665.1s
2026-02-16 23:11:23 - M5Trainer - INFO - [Step  4999/5000] Stage D | L=7.8110e+03 (IC=1.303e-01, BC=1.248e-01, PDE=7.311e+05, Qg=3.384e-01, SwB=3.565e-06) | k_frac=4.4677 mD, dp=12.62 MPa | Sw=[0.121,0.856] | 680.0s
2026-02-16 23:11:23 - M5Trainer - INFO - 
M5 训练完成! 耗时: 680.0s, 最佳验证分数(val_score): 548.0030
2026-02-16 23:11:23 - M5Trainer - INFO - 配置快照已保存: C:\Users\16281\Desktop\cpedc_project\outputs\mk_pinn_dt_v2\resolved_config_m5.json
2026-02-16 23:11:23 - M5Trainer - INFO - 反演参数审计: C:\Users\16281\Desktop\cpedc_project\outputs\mk_pinn_dt_v2\reports\M5_inversion_params.json
2026-02-16 23:11:23 - M5Trainer - INFO -   history 已恢复 (3001 步)
2026-02-16 23:11:23 - M5Trainer - INFO - 已加载 M5 检查点: C:\Users\16281\Desktop\cpedc_project\outputs\mk_pinn_dt_v2\ckpt\m5_pinn_best.pt
2026-02-16 23:11:24 - M5Trainer - INFO - qg 对比图已保存: C:\Users\16281\Desktop\cpedc_project\outputs\mk_pinn_dt_v2\figs\M5_qg_comparison_SY9.png
2026-02-16 23:11:24 - M5Trainer - INFO - p_wf 反演图已保存: C:\Users\16281\Desktop\cpedc_project\outputs\mk_pinn_dt_v2\figs\M5_pwf_inversion_SY9.png
2026-02-16 23:11:25 - M5Trainer - INFO - 训练曲线图已保存: C:\Users\16281\Desktop\cpedc_project\outputs\mk_pinn_dt_v2\figs\M5_training_history.png
2026-02-16 23:11:25 - M5Trainer - INFO - 残差热力图已保存: C:\Users\16281\Desktop\cpedc_project\outputs\mk_pinn_dt_v2\figs\M5_pde_residual_map.png
2026-02-16 23:11:26 - M5Trainer - INFO - M6 连通性分析完成
2026-02-16 23:11:27 - M5Trainer - INFO - M7 水侵预警分析完成
2026-02-16 23:11:27 - M5Trainer - INFO - M5 验收报告已保存: C:\Users\16281\Desktop\cpedc_project\outputs\mk_pinn_dt_v2\reports\M5_validation_report.md
