2026-02-19 13:39:38 - M5Trainer - INFO -   torch.compile 已跳过 (Triton 不支持 Windows, 使用 eager 模式)
2026-02-19 13:39:38 - M5Trainer - INFO - k_frac 独立参数组: lr=3.00e-03 (factor=3.0)
2026-02-19 13:39:41 - M5Trainer - INFO - k_net 学习率: 1.00e-04 (factor=0.1, warmup=2000 steps)
2026-02-19 13:39:41 - M5Trainer - INFO -   井 SY9: 1332 条同化数据 (train=799, val=266, test=267)
    开井点数 (q>1): train=745, val=88, test=121
    有效压力点: val_p=109, test_p=121
2026-02-19 13:39:41 - M5Trainer - INFO -   train time window(norm): [0.0000, 0.5995]
2026-02-19 13:39:41 - M5Trainer - INFO -   M3 PVT cg(76.0, 140.32) = 0.009744
2026-02-19 13:39:41 - M5Trainer - INFO -   M3 PVT Bg(76.0, 140.32) = 0.002577
2026-02-19 13:39:41 - M5Trainer - INFO -   PDE 缩放: αx=0.029719, αy=0.074361
2026-02-19 13:39:41 - M5Trainer - INFO - M5Trainer 初始化完成: device=cuda, lr=0.001, max_steps=5000, relobralo=True, rar=True
2026-02-19 13:39:41 - M5Trainer - INFO - ============================================================
2026-02-19 13:39:41 - M5Trainer - INFO - M5 PINN 井—藏耦合同化训练开始
2026-02-19 13:39:41 - M5Trainer - INFO - ============================================================
2026-02-19 13:39:41 - M5Trainer - INFO - 训练阶段: A[0-500] B[500-1750] C[1750-3500] D[3500-5000]
2026-02-19 13:39:41 - M5Trainer - INFO -   qg_nearzero 权重: A=3.0, B=6.0->9.0, C=12.0, D=3.0, enable=True
2026-02-19 13:39:41 - M5Trainer - INFO - --- M5 单位/量纲诊断 (train 第 1 步前) ---
2026-02-19 13:39:41 - M5Trainer - INFO -   qg_obs 范围: 0.00e+00 ~ 8.39e+05 m³/d, 均值: 2.97e+05 m³/d
2026-02-19 13:39:41 - M5Trainer - INFO -   qg_pred 范围: 3.79e+05 ~ 3.95e+05
2026-02-19 13:39:41 - M5Trainer - INFO -   p_wf 范围: 7.43e+01 ~ 7.43e+01 MPa
2026-02-19 13:39:41 - M5Trainer - INFO -   p_field @ well: 7.50e+01 MPa
2026-02-19 13:39:41 - M5Trainer - INFO -   k_frac = 5.4020 mD
2026-02-19 13:39:41 - M5Trainer - INFO -   WI_raw = 4.309845e-13 [检查单位]
2026-02-19 13:39:41 - M5Trainer - INFO -   dp_wellbore = 12.00 MPa
2026-02-19 13:39:41 - M5Trainer - INFO -   Bg_ref = 2.576898e-03
2026-02-19 13:39:41 - M5Trainer - INFO -   qg_obs 范围: 0.00e+00 ~ 8.39e+05 m³/d
2026-02-19 13:39:41 - M5Trainer - INFO -   qg_obs 中位数 = 3.07e+05 m³/d
2026-02-19 13:39:41 - M5Trainer - INFO -   ✅ v9: PDE源项已升级为时变 source(x,y,t) = qg_obs(t) * kernel(x,y)
2026-02-19 13:39:41 - M5Trainer - INFO -   ✅ 每个PDE配点使用其时刻对应的真实观测产量（线性插值）
2026-02-19 13:39:41 - M5Trainer - INFO - --- 诊断结束 ---
2026-02-19 13:39:41 - M5Trainer - INFO -   [shape] SY9: qg pred=(1332, 1) vs obs=(1332, 1), p_wf pred=(1332, 1) vs p_obs=(1332, 1)
2026-02-19 13:39:42 - M5Trainer - INFO -   [Sw约束v9] Sw=[0.260, 0.260, 0.260], 权重=500, 惩罚=0.000000 (低=0.0000, 高=0.0000)
2026-02-19 13:39:42 - M5Trainer - INFO -   ✅ k_frac_mD.grad = -6.211761e-03 (PDE梯度贯通)
2026-02-19 13:39:42 - M5Trainer - INFO -   ✅ k_net: 18 组参数收到梯度
2026-02-19 13:39:42 - M5Trainer - INFO -   [梯度验收] SY9: qg_obs range=[0.0, 838700.0]
2026-02-19 13:39:42 - M5Trainer - INFO -   [Sw监控] SY9: Sw=[0.2600, 0.2600, 0.2600], krg_min=6.751000e-01
2026-02-19 13:39:42 - M5Trainer - INFO - [Step     0/5000] Stage A | L=7.8694e+02 (IC=1.000e+00, BC=1.000e+00, PDE=1.611e+06, Qg=3.021e-01, Qz=1.204e-01, Sd=3.457e-01, SwB=0.000e+00) | k_frac=5.4022 mD, dp=12.00 MPa | Sw=[0.260,0.260] | 1.5s
2026-02-19 13:39:42 - M5Trainer - INFO -   [k_frac诊断] grad=-6.2118e-03, k_frac=5.402157 mD
2026-02-19 13:40:16 - M5Trainer - INFO - [Step   100/5000] Stage A | L=3.0973e+02 (IC=1.017e-02, BC=1.078e-02, PDE=1.988e+06, Qg=3.115e-01, Qz=1.928e-01, Sd=6.653e-01, SwB=0.000e+00) | k_frac=5.4087 mD, dp=12.02 MPa | Sw=[0.244,0.265] | 35.4s
2026-02-19 13:40:48 - M5Trainer - INFO -   [梯度验收] SY9: qg_obs range=[0.0, 838700.0]
2026-02-19 13:40:48 - M5Trainer - INFO - [Step   200/5000] Stage A | L=1.6277e+02 (IC=2.988e-02, BC=2.853e-02, PDE=1.739e+06, Qg=3.183e-01, Qz=7.461e-02, Sd=1.399e+01, SwB=0.000e+00) | k_frac=5.1819 mD, dp=12.06 MPa | Sw=[0.160,0.620] | 67.4s
2026-02-19 13:41:24 - M5Trainer - INFO - [Step   300/5000] Stage A | L=3.0648e+02 (IC=1.028e-01, BC=1.464e-01, PDE=1.922e+06, Qg=2.197e-01, Qz=5.067e-02, Sd=1.796e+01, SwB=0.000e+00) | k_frac=5.1397 mD, dp=12.07 MPa | Sw=[0.149,0.624] | 103.7s
2026-02-19 13:42:02 - M5Trainer - INFO -   [梯度验收] SY9: qg_obs range=[0.0, 838700.0]
2026-02-19 13:42:02 - M5Trainer - INFO - [Step   400/5000] Stage A | L=3.3471e+02 (IC=3.318e-02, BC=1.927e-02, PDE=1.875e+06, Qg=2.101e-01, Qz=4.546e-02, Sd=2.082e+01, SwB=0.000e+00) | k_frac=5.1245 mD, dp=12.07 MPa | Sw=[0.141,0.635] | 141.0s
2026-02-19 13:42:41 - M5Trainer - INFO -   [Sw约束v9] Sw=[0.139, 0.311, 0.733], 权重=300, 惩罚=0.000000 (低=0.0000, 高=0.0000)
2026-02-19 13:42:42 - M5Trainer - INFO -   [Sw监控] SY9: Sw=[0.5993, 0.6596, 0.7414], krg_min=5.684632e-02
2026-02-19 13:42:42 - M5Trainer - INFO - [Step   500/5000] Stage B | L=1.6348e+03 (IC=2.924e-02, BC=4.345e-02, PDE=1.609e+06, Qg=2.077e-01, Qz=3.866e-02, Sd=2.135e+01, SwB=0.000e+00) | k_frac=5.1077 mD, dp=12.07 MPa | Sw=[0.141,0.669] | 180.7s
2026-02-19 13:42:42 - M5Trainer - INFO -   [k_frac诊断] grad=1.0387e-01, k_frac=5.107694 mD
2026-02-19 13:43:22 - M5Trainer - INFO -   [梯度验收] SY9: qg_obs range=[0.0, 838700.0]
2026-02-19 13:43:22 - M5Trainer - INFO - [Step   600/5000] Stage B | L=1.7201e+03 (IC=9.838e-02, BC=1.077e-01, PDE=1.591e+06, Qg=2.250e-01, Qz=6.159e-03, Sd=5.467e-01, SwB=0.000e+00) | k_frac=5.0950 mD, dp=12.12 MPa | Sw=[0.162,0.605] | 221.1s
2026-02-19 13:44:00 - M5Trainer - INFO - [Step   700/5000] Stage B | L=2.5279e+03 (IC=5.502e-02, BC=4.905e-02, PDE=1.915e+06, Qg=2.077e-01, Qz=2.244e-03, Sd=3.253e-01, SwB=0.000e+00) | k_frac=5.0544 mD, dp=12.15 MPa | Sw=[0.143,0.652] | 259.3s
2026-02-19 13:44:36 - M5Trainer - INFO -   [梯度验收] SY9: qg_obs range=[0.0, 838700.0]
2026-02-19 13:44:36 - M5Trainer - INFO - [Step   800/5000] Stage B | L=2.3138e+03 (IC=4.819e-02, BC=3.535e-02, PDE=1.737e+06, Qg=1.992e-01, Qz=9.661e-04, Sd=2.311e-01, SwB=0.000e+00) | k_frac=5.0269 mD, dp=12.17 MPa | Sw=[0.143,0.657] | 295.4s
2026-02-19 13:45:12 - M5Trainer - INFO - [Step   900/5000] Stage B | L=1.7383e+03 (IC=2.673e-01, BC=1.223e-01, PDE=1.476e+06, Qg=2.206e-01, Qz=1.635e-03, Sd=2.369e-01, SwB=0.000e+00) | k_frac=5.0072 mD, dp=12.20 MPa | Sw=[0.141,0.623] | 330.7s
2026-02-19 13:45:41 - M5Trainer - INFO -   [Sw约束v9] Sw=[0.139, 0.298, 0.681], 权重=300, 惩罚=0.000000 (低=0.0000, 高=0.0000)
2026-02-19 13:45:41 - M5Trainer - INFO -   [梯度验收] SY9: qg_obs range=[0.0, 838700.0]
2026-02-19 13:45:41 - M5Trainer - INFO -   [Sw监控] SY9: Sw=[0.5620, 0.6296, 0.6846], krg_min=9.438140e-02
2026-02-19 13:45:41 - M5Trainer - INFO - [Step  1000/5000] Stage B | L=1.8161e+03 (IC=1.419e-01, BC=5.062e-02, PDE=1.402e+06, Qg=2.063e-01, Qz=1.229e-03, Sd=1.868e-01, SwB=0.000e+00) | k_frac=4.9728 mD, dp=12.23 MPa | Sw=[0.141,0.628] | 360.6s
2026-02-19 13:45:41 - M5Trainer - INFO -   [k_frac诊断] grad=-2.0194e-01, k_frac=4.972836 mD
2026-02-19 13:46:18 - M5Trainer - INFO - [Step  1100/5000] Stage B | L=2.3819e+03 (IC=1.047e-01, BC=1.539e-01, PDE=1.640e+06, Qg=2.119e-01, Qz=8.947e-04, Sd=1.247e-01, SwB=0.000e+00) | k_frac=4.9502 mD, dp=12.27 MPa | Sw=[0.140,0.638] | 397.5s
2026-02-19 13:46:51 - M5Trainer - INFO -   [梯度验收] SY9: qg_obs range=[0.0, 838700.0]
2026-02-19 13:46:51 - M5Trainer - INFO - [Step  1200/5000] Stage B | L=3.0704e+03 (IC=9.236e-02, BC=4.361e-02, PDE=1.857e+06, Qg=2.153e-01, Qz=1.901e-03, Sd=2.367e-01, SwB=0.000e+00) | k_frac=4.9117 mD, dp=12.31 MPa | Sw=[0.139,0.660] | 429.9s
2026-02-19 13:47:24 - M5Trainer - INFO - [Step  1300/5000] Stage B | L=2.0148e+03 (IC=1.016e-01, BC=8.725e-02, PDE=1.492e+06, Qg=2.030e-01, Qz=1.219e-03, Sd=1.694e-01, SwB=0.000e+00) | k_frac=4.8944 mD, dp=12.35 MPa | Sw=[0.146,0.651] | 462.8s
2026-02-19 13:48:02 - M5Trainer - INFO -   [梯度验收] SY9: qg_obs range=[0.0, 838700.0]
2026-02-19 13:48:02 - M5Trainer - INFO - [Step  1400/5000] Stage B | L=1.9628e+03 (IC=2.688e-01, BC=4.109e-01, PDE=1.537e+06, Qg=2.161e-01, Qz=1.138e-03, Sd=2.079e-01, SwB=0.000e+00) | k_frac=4.8697 mD, dp=12.40 MPa | Sw=[0.143,0.635] | 501.2s
2026-02-19 13:48:38 - M5Trainer - INFO -   [Sw约束v9] Sw=[0.137, 0.351, 0.656], 权重=300, 惩罚=0.000000 (低=0.0000, 高=0.0000)
2026-02-19 13:48:38 - M5Trainer - INFO -   [Sw监控] SY9: Sw=[0.5807, 0.6234, 0.6552], krg_min=1.175428e-01
2026-02-19 13:48:38 - M5Trainer - INFO - [Step  1500/5000] Stage B | L=1.9064e+03 (IC=4.503e-01, BC=4.762e-01, PDE=1.506e+06, Qg=2.236e-01, Qz=3.940e-03, Sd=3.180e-01, SwB=0.000e+00) | k_frac=4.8344 mD, dp=12.45 MPa | Sw=[0.140,0.636] | 537.5s
2026-02-19 13:48:38 - M5Trainer - INFO -   [k_frac诊断] grad=-1.8600e-01, k_frac=4.834445 mD
2026-02-19 13:49:15 - M5Trainer - INFO -   [梯度验收] SY9: qg_obs range=[0.0, 838700.0]
2026-02-19 13:49:15 - M5Trainer - INFO - [Step  1600/5000] Stage B | L=2.4765e+03 (IC=8.932e-02, BC=1.089e-01, PDE=1.494e+06, Qg=2.089e-01, Qz=1.411e-03, Sd=1.565e-01, SwB=0.000e+00) | k_frac=4.8075 mD, dp=12.51 MPa | Sw=[0.141,0.643] | 574.6s
2026-02-19 13:49:53 - M5Trainer - INFO - [Step  1700/5000] Stage B | L=2.5114e+03 (IC=8.343e-02, BC=4.643e-02, PDE=1.426e+06, Qg=2.191e-01, Qz=3.601e-03, Sd=2.180e-01, SwB=0.000e+00) | k_frac=4.7810 mD, dp=12.56 MPa | Sw=[0.139,0.650] | 612.0s
2026-02-19 13:50:27 - M5Trainer - INFO -   [梯度验收] SY9: qg_obs range=[0.0, 838700.0]
2026-02-19 13:50:27 - M5Trainer - INFO - [Step  1800/5000] Stage C | L=1.3189e+04 (IC=1.705e-01, BC=1.356e-01, PDE=1.570e+06, Qg=2.160e-01, Qz=1.813e-03, Sd=1.455e-01, SwB=0.000e+00) | k_frac=4.7678 mD, dp=12.60 MPa | Sw=[0.139,0.649] | 646.0s
2026-02-19 13:51:02 - M5Trainer - INFO - [Step  1900/5000] Stage C | L=1.5129e+04 (IC=1.842e-01, BC=9.739e-02, PDE=1.650e+06, Qg=2.085e-01, Qz=1.663e-03, Sd=1.306e-01, SwB=0.000e+00) | k_frac=4.7505 mD, dp=12.63 MPa | Sw=[0.141,0.635] | 681.6s
2026-02-19 13:51:37 - M5Trainer - INFO -   [Sw约束v9] Sw=[0.139, 0.301, 0.637], 权重=200, 惩罚=0.000000 (低=0.0000, 高=0.0000)
2026-02-19 13:51:37 - M5Trainer - INFO -   [Sw监控] SY9: Sw=[0.4709, 0.5870, 0.6343], krg_min=1.355502e-01
2026-02-19 13:51:37 - M5Trainer - INFO - [Step  2000/5000] Stage C | L=1.6836e+04 (IC=1.138e-01, BC=7.705e-02, PDE=1.692e+06, Qg=2.080e-01, Qz=1.965e-03, Sd=1.646e-01, SwB=0.000e+00) | k_frac=4.7276 mD, dp=12.66 MPa | Sw=[0.141,0.638] | 716.7s
2026-02-19 13:51:37 - M5Trainer - INFO -   [k_frac诊断] grad=2.1286e-01, k_frac=4.727620 mD
2026-02-19 13:52:14 - M5Trainer - INFO - [Step  2100/5000] Stage C | L=1.5414e+04 (IC=1.020e-01, BC=4.165e-02, PDE=1.399e+06, Qg=2.185e-01, Qz=1.094e-03, Sd=1.410e-01, SwB=0.000e+00) | k_frac=4.7065 mD, dp=12.70 MPa | Sw=[0.142,0.628] | 752.8s
2026-02-19 13:52:49 - M5Trainer - INFO - [Step  2200/5000] Stage C | L=1.5712e+04 (IC=2.286e-01, BC=1.942e-01, PDE=1.486e+06, Qg=2.191e-01, Qz=1.762e-03, Sd=1.978e-01, SwB=0.000e+00) | k_frac=4.6736 mD, dp=12.73 MPa | Sw=[0.140,0.645] | 788.2s
2026-02-19 13:53:24 - M5Trainer - INFO - [Step  2300/5000] Stage C | L=1.7094e+04 (IC=1.919e-01, BC=1.271e-01, PDE=1.607e+06, Qg=2.472e-01, Qz=1.466e-03, Sd=1.444e-01, SwB=0.000e+00) | k_frac=4.6566 mD, dp=12.77 MPa | Sw=[0.144,0.629] | 823.6s
2026-02-19 13:54:00 - M5Trainer - INFO - [Step  2400/5000] Stage C | L=1.8843e+04 (IC=6.099e-02, BC=3.175e-02, PDE=1.463e+06, Qg=2.237e-01, Qz=1.893e-03, Sd=1.948e-01, SwB=0.000e+00) | k_frac=4.6413 mD, dp=12.81 MPa | Sw=[0.142,0.608] | 859.3s
2026-02-19 13:54:35 - M5Trainer - INFO -   [Sw约束v9] Sw=[0.140, 0.346, 0.645], 权重=200, 惩罚=0.000000 (低=0.0000, 高=0.0000)
2026-02-19 13:54:35 - M5Trainer - INFO -   [Sw监控] SY9: Sw=[0.4762, 0.5830, 0.6440], krg_min=1.270415e-01
2026-02-19 13:54:35 - M5Trainer - INFO - [Step  2500/5000] Stage C | L=1.8568e+04 (IC=1.222e-01, BC=5.717e-02, PDE=1.403e+06, Qg=1.938e-01, Qz=1.349e-03, Sd=1.505e-01, SwB=0.000e+00) | k_frac=4.6154 mD, dp=12.85 MPa | Sw=[0.141,0.626] | 894.4s
2026-02-19 13:54:35 - M5Trainer - INFO -   [k_frac诊断] grad=1.0893e-01, k_frac=4.615391 mD
2026-02-19 13:55:11 - M5Trainer - INFO - [Step  2600/5000] Stage C | L=1.8904e+04 (IC=1.191e-01, BC=5.624e-02, PDE=1.388e+06, Qg=2.168e-01, Qz=1.412e-03, Sd=1.487e-01, SwB=0.000e+00) | k_frac=4.6029 mD, dp=12.88 MPa | Sw=[0.141,0.636] | 929.9s
2026-02-19 13:55:47 - M5Trainer - INFO - [Step  2700/5000] Stage C | L=1.6343e+04 (IC=1.678e-01, BC=1.005e-01, PDE=1.364e+06, Qg=2.324e-01, Qz=1.896e-03, Sd=2.009e-01, SwB=0.000e+00) | k_frac=4.5931 mD, dp=12.92 MPa | Sw=[0.143,0.613] | 966.0s
2026-02-19 13:56:23 - M5Trainer - INFO - [Step  2800/5000] Stage C | L=1.8988e+04 (IC=1.008e-01, BC=7.085e-02, PDE=1.372e+06, Qg=2.122e-01, Qz=1.977e-03, Sd=1.845e-01, SwB=0.000e+00) | k_frac=4.5794 mD, dp=12.96 MPa | Sw=[0.143,0.612] | 1001.8s
2026-02-19 13:56:59 - M5Trainer - INFO - [Step  2900/5000] Stage C | L=2.2589e+04 (IC=2.003e-01, BC=1.074e-01, PDE=1.568e+06, Qg=2.014e-01, Qz=1.092e-03, Sd=1.257e-01, SwB=0.000e+00) | k_frac=4.5642 mD, dp=13.00 MPa | Sw=[0.144,0.631] | 1038.1s
2026-02-19 13:57:35 - M5Trainer - INFO -   [Sw约束v9] Sw=[0.142, 0.298, 0.629], 权重=200, 惩罚=0.000000 (低=0.0000, 高=0.0000)
2026-02-19 13:57:35 - M5Trainer - INFO -   [Sw监控] SY9: Sw=[0.4287, 0.5589, 0.6271], krg_min=1.420395e-01
2026-02-19 13:57:35 - M5Trainer - INFO - [Step  3000/5000] Stage C | L=1.9853e+04 (IC=1.069e-01, BC=6.559e-02, PDE=1.311e+06, Qg=2.052e-01, Qz=1.377e-03, Sd=1.344e-01, SwB=0.000e+00) | k_frac=4.5548 mD, dp=13.03 MPa | Sw=[0.145,0.621] | 1074.6s
2026-02-19 13:57:35 - M5Trainer - INFO -   [k_frac诊断] grad=2.1807e-01, k_frac=4.554799 mD
2026-02-19 13:58:12 - M5Trainer - INFO - [Step  3100/5000] Stage C | L=1.9258e+04 (IC=8.351e-02, BC=4.053e-02, PDE=1.279e+06, Qg=2.148e-01, Qz=1.148e-03, Sd=1.347e-01, SwB=0.000e+00) | k_frac=4.5430 mD, dp=13.06 MPa | Sw=[0.142,0.611] | 1111.5s
2026-02-19 13:58:49 - M5Trainer - INFO - [Step  3200/5000] Stage C | L=2.1022e+04 (IC=1.049e-01, BC=8.515e-02, PDE=1.435e+06, Qg=2.030e-01, Qz=1.282e-03, Sd=1.360e-01, SwB=0.000e+00) | k_frac=4.5383 mD, dp=13.09 MPa | Sw=[0.143,0.601] | 1148.2s
2026-02-19 13:59:26 - M5Trainer - INFO - [Step  3300/5000] Stage C | L=1.4169e+04 (IC=1.041e-01, BC=6.302e-02, PDE=1.142e+06, Qg=2.085e-01, Qz=1.645e-03, Sd=1.680e-01, SwB=0.000e+00) | k_frac=4.5330 mD, dp=13.12 MPa | Sw=[0.144,0.603] | 1185.1s
2026-02-19 14:00:03 - M5Trainer - INFO - [Step  3400/5000] Stage C | L=1.6051e+04 (IC=8.680e-02, BC=3.211e-02, PDE=1.166e+06, Qg=2.027e-01, Qz=1.457e-03, Sd=1.673e-01, SwB=0.000e+00) | k_frac=4.5275 mD, dp=13.14 MPa | Sw=[0.145,0.598] | 1222.0s
2026-02-19 14:00:40 - M5Trainer - INFO -   [Sw约束v9] Sw=[0.144, 0.271, 0.620], 权重=100, 惩罚=0.000000 (低=0.0000, 高=0.0000)
2026-02-19 14:00:40 - M5Trainer - INFO -   [Sw监控] SY9: Sw=[0.3993, 0.5396, 0.6200], krg_min=1.485567e-01
2026-02-19 14:00:40 - M5Trainer - INFO - [Step  3500/5000] Stage D | L=1.8741e+04 (IC=5.029e-02, BC=3.163e-02, PDE=1.202e+06, Qg=2.082e-01, Qz=1.588e-03, Sd=1.411e-01, SwB=0.000e+00) | k_frac=4.5214 mD, dp=13.17 MPa | Sw=[0.145,0.602] | 1259.3s
2026-02-19 14:00:40 - M5Trainer - INFO -   [k_frac诊断] grad=2.0224e-01, k_frac=4.521390 mD
2026-02-19 14:01:18 - M5Trainer - INFO - [Step  3600/5000] Stage D | L=1.6852e+04 (IC=5.717e-02, BC=2.880e-02, PDE=1.142e+06, Qg=1.836e-01, Qz=1.622e-03, Sd=1.700e-01, SwB=0.000e+00) | k_frac=4.5210 mD, dp=13.18 MPa | Sw=[0.148,0.620] | 1296.8s
2026-02-19 14:01:55 - M5Trainer - INFO - [Step  3700/5000] Stage D | L=1.9005e+04 (IC=5.619e-02, BC=2.735e-02, PDE=1.262e+06, Qg=1.868e-01, Qz=1.570e-03, Sd=1.760e-01, SwB=0.000e+00) | k_frac=4.5198 mD, dp=13.19 MPa | Sw=[0.145,0.611] | 1334.3s
2026-02-19 14:02:32 - M5Trainer - INFO - [Step  3800/5000] Stage D | L=2.2025e+04 (IC=6.385e-02, BC=2.631e-02, PDE=1.400e+06, Qg=1.899e-01, Qz=1.846e-03, Sd=1.880e-01, SwB=0.000e+00) | k_frac=4.5214 mD, dp=13.19 MPa | Sw=[0.146,0.622] | 1371.6s
2026-02-19 14:03:10 - M5Trainer - INFO - [Step  3900/5000] Stage D | L=2.1520e+04 (IC=5.691e-02, BC=2.819e-02, PDE=1.330e+06, Qg=1.799e-01, Qz=1.785e-03, Sd=1.873e-01, SwB=0.000e+00) | k_frac=4.5208 mD, dp=13.20 MPa | Sw=[0.145,0.630] | 1409.0s
2026-02-19 14:03:47 - M5Trainer - INFO -   [Sw约束v9] Sw=[0.143, 0.263, 0.628], 权重=100, 惩罚=0.000000 (低=0.0000, 高=0.0000)
2026-02-19 14:03:47 - M5Trainer - INFO -   [Sw监控] SY9: Sw=[0.3842, 0.5369, 0.6279], krg_min=1.412826e-01
2026-02-19 14:03:47 - M5Trainer - INFO - [Step  4000/5000] Stage D | L=1.7611e+04 (IC=7.721e-02, BC=3.687e-02, PDE=1.259e+06, Qg=1.955e-01, Qz=1.883e-03, Sd=1.931e-01, SwB=0.000e+00) | k_frac=4.5209 mD, dp=13.20 MPa | Sw=[0.148,0.586] | 1446.3s
2026-02-19 14:03:47 - M5Trainer - INFO -   [k_frac诊断] grad=6.5173e-02, k_frac=4.520936 mD
2026-02-19 14:04:25 - M5Trainer - INFO - [Step  4100/5000] Stage D | L=1.3353e+04 (IC=7.919e-02, BC=4.420e-02, PDE=1.113e+06, Qg=1.896e-01, Qz=1.863e-03, Sd=1.908e-01, SwB=0.000e+00) | k_frac=4.5200 mD, dp=13.21 MPa | Sw=[0.146,0.596] | 1484.2s
2026-02-19 14:05:03 - M5Trainer - INFO - [Step  4200/5000] Stage D | L=1.4985e+04 (IC=6.008e-02, BC=3.990e-02, PDE=1.162e+06, Qg=1.819e-01, Qz=1.837e-03, Sd=1.920e-01, SwB=0.000e+00) | k_frac=4.5197 mD, dp=13.21 MPa | Sw=[0.144,0.629] | 1522.0s
2026-02-19 14:05:41 - M5Trainer - INFO - [Step  4300/5000] Stage D | L=1.3015e+04 (IC=6.748e-02, BC=3.788e-02, PDE=1.048e+06, Qg=1.789e-01, Qz=1.918e-03, Sd=1.893e-01, SwB=0.000e+00) | k_frac=4.5198 mD, dp=13.22 MPa | Sw=[0.144,0.604] | 1560.3s
2026-02-19 14:06:19 - M5Trainer - INFO - [Step  4400/5000] Stage D | L=1.6051e+04 (IC=6.755e-02, BC=3.789e-02, PDE=1.185e+06, Qg=1.779e-01, Qz=1.916e-03, Sd=1.947e-01, SwB=0.000e+00) | k_frac=4.5200 mD, dp=13.22 MPa | Sw=[0.146,0.620] | 1597.9s
2026-02-19 14:06:56 - M5Trainer - INFO -   [Sw约束v9] Sw=[0.144, 0.262, 0.629], 权重=100, 惩罚=0.000000 (低=0.0000, 高=0.0000)
2026-02-19 14:06:57 - M5Trainer - INFO -   [Sw监控] SY9: Sw=[0.3743, 0.5409, 0.6271], krg_min=1.420657e-01
2026-02-19 14:06:57 - M5Trainer - INFO - [Step  4500/5000] Stage D | L=1.4110e+04 (IC=6.897e-02, BC=3.982e-02, PDE=1.105e+06, Qg=1.746e-01, Qz=1.949e-03, Sd=1.928e-01, SwB=0.000e+00) | k_frac=4.5200 mD, dp=13.22 MPa | Sw=[0.144,0.617] | 1635.9s
2026-02-19 14:06:57 - M5Trainer - INFO -   [k_frac诊断] grad=-8.3265e-02, k_frac=4.519990 mD
2026-02-19 14:07:35 - M5Trainer - INFO - [Step  4600/5000] Stage D | L=1.5870e+04 (IC=7.036e-02, BC=4.093e-02, PDE=1.201e+06, Qg=1.740e-01, Qz=1.977e-03, Sd=1.937e-01, SwB=0.000e+00) | k_frac=4.5203 mD, dp=13.22 MPa | Sw=[0.147,0.593] | 1674.7s
2026-02-19 14:08:14 - M5Trainer - INFO - [Step  4700/5000] Stage D | L=1.2376e+04 (IC=6.945e-02, BC=4.091e-02, PDE=1.036e+06, Qg=1.730e-01, Qz=1.962e-03, Sd=1.927e-01, SwB=0.000e+00) | k_frac=4.5203 mD, dp=13.22 MPa | Sw=[0.145,0.625] | 1713.3s
2026-02-19 14:08:53 - M5Trainer - INFO - [Step  4800/5000] Stage D | L=1.2853e+04 (IC=6.718e-02, BC=3.712e-02, PDE=1.054e+06, Qg=1.727e-01, Qz=1.980e-03, Sd=1.935e-01, SwB=0.000e+00) | k_frac=4.5205 mD, dp=13.22 MPa | Sw=[0.146,0.623] | 1751.8s
2026-02-19 14:09:33 - M5Trainer - INFO - [Step  4900/5000] Stage D | L=1.1276e+04 (IC=7.917e-02, BC=4.211e-02, PDE=9.893e+05, Qg=1.721e-01, Qz=1.977e-03, Sd=1.927e-01, SwB=0.000e+00) | k_frac=4.5204 mD, dp=13.22 MPa | Sw=[0.146,0.612] | 1792.0s
2026-02-19 14:10:11 - M5Trainer - INFO - [Step  4999/5000] Stage D | L=1.3346e+04 (IC=7.052e-02, BC=4.608e-02, PDE=1.095e+06, Qg=1.715e-01, Qz=1.979e-03, Sd=1.928e-01, SwB=0.000e+00) | k_frac=4.5205 mD, dp=13.22 MPa | Sw=[0.147,0.617] | 1830.0s
2026-02-19 14:10:11 - M5Trainer - INFO - 
M5 训练完成! 耗时: 1830.0s, 最佳验证分数(val_score): 18.8261
2026-02-19 14:10:11 - M5Trainer - INFO - 配置快照已保存: C:\Users\16281\Desktop\cpedc_project\outputs\mk_pinn_dt_v2\resolved_config_m5.json
2026-02-19 14:10:11 - M5Trainer - INFO - 反演参数审计: C:\Users\16281\Desktop\cpedc_project\outputs\mk_pinn_dt_v2\reports\M5_inversion_params.json
2026-02-19 14:10:11 - M5Trainer - INFO -   history 已恢复 (5601 步)
2026-02-19 14:10:11 - M5Trainer - INFO -   best_step=5600
2026-02-19 14:10:11 - M5Trainer - INFO - 已加载 M5 检查点: C:\Users\16281\Desktop\cpedc_project\outputs\mk_pinn_dt_v2\ckpt\m5_pinn_best.pt
2026-02-19 14:10:11 - M5Trainer - INFO -   history 已恢复 (5000 步)
2026-02-19 14:10:11 - M5Trainer - INFO - 已加载 M5 检查点: C:\Users\16281\Desktop\cpedc_project\outputs\mk_pinn_dt_v2\ckpt\m5_pinn_final.pt
2026-02-19 14:10:11 - M5Trainer - INFO -   history 已恢复 (5000 步)
2026-02-19 14:10:11 - M5Trainer - INFO - 已加载 M5 检查点: C:\Users\16281\Desktop\cpedc_project\outputs\mk_pinn_dt_v2\ckpt\m5_pinn_final.pt
2026-02-19 14:10:11 - M5Trainer - INFO - generate_report: 自动择优采用 final checkpoint, qg_score=10.6530
2026-02-19 14:10:11 - M5Trainer - INFO - 反演参数审计: C:\Users\16281\Desktop\cpedc_project\outputs\mk_pinn_dt_v2\reports\M5_inversion_params.json
2026-02-19 14:10:12 - M5Trainer - INFO - qg 对比图已保存: C:\Users\16281\Desktop\cpedc_project\outputs\mk_pinn_dt_v2\figs\M5_qg_comparison_SY9.png
2026-02-19 14:10:12 - M5Trainer - INFO - p_wf 反演图已保存: C:\Users\16281\Desktop\cpedc_project\outputs\mk_pinn_dt_v2\figs\M5_pwf_inversion_SY9.png
2026-02-19 14:10:14 - M5Trainer - INFO - 训练曲线图已保存: C:\Users\16281\Desktop\cpedc_project\outputs\mk_pinn_dt_v2\figs\M5_training_history.png
2026-02-19 14:10:15 - M5Trainer - INFO - 残差热力图已保存: C:\Users\16281\Desktop\cpedc_project\outputs\mk_pinn_dt_v2\figs\M5_pde_residual_map.png
2026-02-19 14:10:18 - M5Trainer - INFO - M6 连通性分析完成
2026-02-19 14:10:21 - M5Trainer - INFO - M7 水侵预警分析完成
2026-02-19 14:10:21 - M5Trainer - INFO -   history 已恢复 (5601 步)
2026-02-19 14:10:21 - M5Trainer - INFO -   best_step=5600
2026-02-19 14:10:21 - M5Trainer - INFO - 已加载 M5 检查点: C:\Users\16281\Desktop\cpedc_project\outputs\mk_pinn_dt_v2\ckpt\m5_pinn_best.pt
2026-02-19 14:10:21 - M5Trainer - INFO -   history 已恢复 (5000 步)
2026-02-19 14:10:21 - M5Trainer - INFO - 已加载 M5 检查点: C:\Users\16281\Desktop\cpedc_project\outputs\mk_pinn_dt_v2\ckpt\m5_pinn_final.pt
2026-02-19 14:10:21 - M5Trainer - INFO - M5 验收报告已保存: C:\Users\16281\Desktop\cpedc_project\outputs\mk_pinn_dt_v2\reports\M5_validation_report.md
