2026-02-12 12:26:30 - M5Trainer - INFO -   torch.compile 已跳过 (Triton 不支持 Windows, 使用 eager 模式)
2026-02-12 12:26:31 - M5Trainer - INFO - k_net 学习率: 3.00e-04 (factor=0.3, warmup=2000 steps)
2026-02-12 12:26:31 - M5Trainer - INFO -   井 SY9: 1025 条同化数据
2026-02-12 12:26:31 - M5Trainer - INFO -   M3 PVT cg(76.0, 140.32) = 0.009744
2026-02-12 12:26:31 - M5Trainer - INFO -   M3 PVT Bg(76.0, 140.32) = 0.002577
2026-02-12 12:26:31 - M5Trainer - INFO -   PDE 缩放: αx=0.029719, αy=0.074361
2026-02-12 12:26:31 - M5Trainer - INFO - M5Trainer 初始化完成: device=cuda, lr=0.001, max_steps=50000, relobralo=True, rar=True
2026-02-12 12:26:31 - M5Trainer - INFO - ============================================================
2026-02-12 12:26:31 - M5Trainer - INFO - M5 PINN 井—藏耦合同化训练开始
2026-02-12 12:26:31 - M5Trainer - INFO - ============================================================
2026-02-12 12:26:31 - M5Trainer - INFO - 训练阶段: A[0-7500] B[7500-20000] C[20000-35000] D[35000-50000]
2026-02-12 12:26:31 - M5Trainer - INFO - --- M5 单位/量纲诊断 (train 第 1 步前) ---
2026-02-12 12:26:31 - M5Trainer - INFO -   qg_obs 范围: 0.00e+00 ~ 8.39e+05 m³/d, 均值: 3.86e+05 m³/d
2026-02-12 12:26:31 - M5Trainer - INFO -   qg_pred 范围: 5.69e+06 ~ 6.88e+06
2026-02-12 12:26:31 - M5Trainer - INFO -   p_wf 范围: 4.50e+01 ~ 4.63e+01 MPa
2026-02-12 12:26:31 - M5Trainer - INFO -   p_field @ well: 5.25e+01 MPa
2026-02-12 12:26:31 - M5Trainer - INFO -   k_eff = 0.1460 mD, f_frac = 37.00
2026-02-12 12:26:31 - M5Trainer - INFO -   WI_raw = 4.309845e-13 [检查单位]
2026-02-12 12:26:31 - M5Trainer - INFO -   dp_wellbore = 5.00 MPa
2026-02-12 12:26:31 - M5Trainer - INFO -   Bg_ref = 2.576898e-03
2026-02-12 12:26:31 - M5Trainer - INFO - --- 诊断结束 ---
2026-02-12 12:26:32 - M5Trainer - INFO -   ✅ k_eff_mD.grad = 1.050403e-15 (PDE梯度贯通)
2026-02-12 12:26:32 - M5Trainer - INFO -   ✅ k_net: 18 组参数收到梯度
2026-02-12 12:26:32 - M5Trainer - INFO -   ✅ f_frac.grad = 1.316113e-03
2026-02-12 12:26:32 - M5Trainer - INFO -   [梯度验收] SY9: qg_obs range=[0.0, 838700.0]
2026-02-12 12:26:32 - M5Trainer - INFO -   [Sw监控] SY9: Sw=[0.2600, 0.2600, 0.2600], krg_min=6.751000e-01
2026-02-12 12:26:32 - M5Trainer - INFO - [Step     0/50000] Stage A | L=8.5247e+03 (IC=5.522e+02, BC=5.522e+02, PDE=1.580e+01, Qg=2.401e+02) | k=0.15 mD, f=37.0 | Sw=[0.260,0.260] | 0.6s
2026-02-12 12:26:47 - M5Trainer - INFO - [Step   100/50000] Stage A | L=6.1942e+01 (IC=7.240e-01, BC=3.478e-01, PDE=2.519e+01, Qg=5.160e+01) | k=0.15 mD, f=37.0 | Sw=[0.268,0.310] | 15.7s
2026-02-12 12:27:02 - M5Trainer - INFO -   [梯度验收] SY9: qg_obs range=[0.0, 838700.0]
2026-02-12 12:27:02 - M5Trainer - INFO - [Step   200/50000] Stage A | L=9.4629e-01 (IC=1.509e-01, BC=3.638e-02, PDE=1.907e+01, Qg=5.724e-01) | k=0.15 mD, f=37.0 | Sw=[0.226,0.701] | 31.0s
2026-02-12 12:27:16 - M5Trainer - INFO - [Step   300/50000] Stage A | L=1.8644e+00 (IC=1.002e+00, BC=2.901e-01, PDE=1.866e+01, Qg=1.334e+00) | k=0.15 mD, f=37.0 | Sw=[0.847,0.946] | 45.4s
2026-02-12 12:27:29 - M5Trainer - INFO -   [梯度验收] SY9: qg_obs range=[0.0, 838700.0]
2026-02-12 12:27:29 - M5Trainer - INFO - [Step   400/50000] Stage A | L=1.9489e+00 (IC=7.689e-01, BC=2.991e-02, PDE=1.881e+01, Qg=1.334e+00) | k=0.15 mD, f=37.0 | Sw=[0.884,0.958] | 57.6s
2026-02-12 12:27:41 - M5Trainer - INFO -   [Sw监控] SY9: Sw=[0.9556, 0.9625, 0.9727], krg_min=1.000000e-04
2026-02-12 12:27:41 - M5Trainer - WARNING -   ⚠️ SY9: Sw_max=0.9727 > 0.95, 可能导致 krg→0 梯度死锁!
2026-02-12 12:27:41 - M5Trainer - INFO - [Step   500/50000] Stage A | L=1.0625e+00 (IC=9.457e-01, BC=6.345e-02, PDE=1.196e+01, Qg=1.334e+00) | k=0.15 mD, f=36.9 | Sw=[0.897,0.963] | 69.9s
2026-02-12 12:27:54 - M5Trainer - INFO -   [梯度验收] SY9: qg_obs range=[0.0, 838700.0]
2026-02-12 12:27:54 - M5Trainer - INFO - [Step   600/50000] Stage A | L=1.1530e+00 (IC=1.199e+00, BC=2.823e-02, PDE=1.221e+01, Qg=1.334e+00) | k=0.15 mD, f=36.9 | Sw=[0.897,0.969] | 82.5s
2026-02-12 12:28:06 - M5Trainer - INFO - [Step   700/50000] Stage A | L=1.2917e+00 (IC=6.762e-01, BC=1.544e-01, PDE=1.361e+01, Qg=1.334e+00) | k=0.15 mD, f=36.9 | Sw=[0.893,0.978] | 95.1s
2026-02-12 12:28:19 - M5Trainer - INFO -   [梯度验收] SY9: qg_obs range=[0.0, 838700.0]
2026-02-12 12:28:19 - M5Trainer - INFO - [Step   800/50000] Stage A | L=1.1855e+00 (IC=7.033e-01, BC=3.683e-02, PDE=1.232e+01, Qg=1.334e+00) | k=0.15 mD, f=36.8 | Sw=[0.900,0.988] | 107.7s
2026-02-12 12:28:31 - M5Trainer - INFO - [Step   900/50000] Stage A | L=1.4230e+00 (IC=9.334e-01, BC=7.419e-02, PDE=1.371e+01, Qg=1.335e+00) | k=0.15 mD, f=36.8 | Sw=[0.906,0.985] | 120.4s
2026-02-12 12:28:44 - M5Trainer - INFO -   [梯度验收] SY9: qg_obs range=[0.0, 838700.0]
2026-02-12 12:28:44 - M5Trainer - INFO -   [Sw监控] SY9: Sw=[0.9694, 0.9747, 0.9856], krg_min=1.000000e-04
2026-02-12 12:28:44 - M5Trainer - WARNING -   ⚠️ SY9: Sw_max=0.9856 > 0.95, 可能导致 krg→0 梯度死锁!
2026-02-12 12:28:44 - M5Trainer - INFO - [Step  1000/50000] Stage A | L=1.1491e+00 (IC=5.966e-01, BC=3.286e-02, PDE=1.197e+01, Qg=1.335e+00) | k=0.15 mD, f=36.6 | Sw=[0.882,0.973] | 133.0s
2026-02-12 12:28:57 - M5Trainer - INFO - [Step  1100/50000] Stage A | L=1.3397e+00 (IC=5.880e-01, BC=1.748e-02, PDE=1.298e+01, Qg=1.335e+00) | k=0.15 mD, f=36.6 | Sw=[0.915,0.987] | 145.7s
2026-02-12 12:29:09 - M5Trainer - INFO -   [梯度验收] SY9: qg_obs range=[0.0, 838700.0]
2026-02-12 12:29:09 - M5Trainer - INFO - [Step  1200/50000] Stage A | L=2.2894e+00 (IC=6.928e-01, BC=1.272e-01, PDE=1.130e+01, Qg=1.335e+00) | k=0.15 mD, f=36.5 | Sw=[0.997,0.999] | 158.3s
2026-02-12 12:29:22 - M5Trainer - INFO - [Step  1300/50000] Stage A | L=2.7258e+00 (IC=1.058e+00, BC=5.468e-01, PDE=1.375e+01, Qg=1.335e+00) | k=0.15 mD, f=36.4 | Sw=[0.999,0.999] | 170.9s
2026-02-12 12:29:35 - M5Trainer - INFO -   [梯度验收] SY9: qg_obs range=[0.0, 838700.0]
2026-02-12 12:29:35 - M5Trainer - INFO - [Step  1400/50000] Stage A | L=2.1570e+00 (IC=6.850e-01, BC=1.468e-01, PDE=1.002e+01, Qg=1.334e+00) | k=0.15 mD, f=36.3 | Sw=[1.000,1.000] | 183.6s
2026-02-12 12:29:47 - M5Trainer - INFO -   [Sw监控] SY9: Sw=[1.0000, 1.0000, 1.0000], krg_min=1.000000e-04
2026-02-12 12:29:47 - M5Trainer - WARNING -   ⚠️ SY9: Sw_max=1.0000 > 0.95, 可能导致 krg→0 梯度死锁!
2026-02-12 12:29:47 - M5Trainer - INFO - [Step  1500/50000] Stage A | L=4.3688e+00 (IC=3.253e+00, BC=2.493e+00, PDE=1.258e+01, Qg=1.334e+00) | k=0.15 mD, f=36.2 | Sw=[1.000,1.000] | 196.3s
2026-02-12 12:30:00 - M5Trainer - INFO -   [梯度验收] SY9: qg_obs range=[0.0, 838700.0]
2026-02-12 12:30:00 - M5Trainer - INFO - [Step  1600/50000] Stage A | L=2.7809e+00 (IC=2.006e+00, BC=1.453e+00, PDE=1.132e+01, Qg=1.334e+00) | k=0.15 mD, f=36.1 | Sw=[1.000,1.000] | 209.1s
2026-02-12 12:30:13 - M5Trainer - INFO - [Step  1700/50000] Stage A | L=3.0715e+00 (IC=1.995e+00, BC=1.460e+00, PDE=1.047e+01, Qg=1.334e+00) | k=0.15 mD, f=36.0 | Sw=[1.000,1.000] | 222.0s
2026-02-12 12:30:26 - M5Trainer - INFO -   [梯度验收] SY9: qg_obs range=[0.0, 838700.0]
2026-02-12 12:30:26 - M5Trainer - INFO - [Step  1800/50000] Stage A | L=1.2316e+01 (IC=6.305e+00, BC=5.640e+00, PDE=1.103e+01, Qg=1.332e+00) | k=0.15 mD, f=36.0 | Sw=[1.000,1.000] | 234.8s
2026-02-12 12:30:39 - M5Trainer - INFO - [Step  1900/50000] Stage A | L=2.3453e+00 (IC=5.837e-01, BC=2.767e-02, PDE=1.243e+01, Qg=1.334e+00) | k=0.15 mD, f=35.9 | Sw=[1.000,1.000] | 247.6s
2026-02-12 12:30:52 - M5Trainer - INFO -   [Sw监控] SY9: Sw=[1.0000, 1.0000, 1.0000], krg_min=1.000000e-04
2026-02-12 12:30:52 - M5Trainer - WARNING -   ⚠️ SY9: Sw_max=1.0000 > 0.95, 可能导致 krg→0 梯度死锁!
2026-02-12 12:30:52 - M5Trainer - INFO - [Step  2000/50000] Stage A | L=2.7814e+00 (IC=1.023e+00, BC=4.714e-01, PDE=1.283e+01, Qg=1.334e+00) | k=0.15 mD, f=35.8 | Sw=[1.000,1.000] | 260.5s
2026-02-12 12:31:05 - M5Trainer - INFO - [Step  2100/50000] Stage A | L=3.9476e+00 (IC=1.945e+00, BC=1.445e+00, PDE=1.663e+01, Qg=1.334e+00) | k=0.15 mD, f=35.8 | Sw=[1.000,1.000] | 273.7s
2026-02-12 12:31:18 - M5Trainer - INFO - [Step  2200/50000] Stage A | L=2.4890e+00 (IC=1.293e+00, BC=7.635e-01, PDE=9.806e+00, Qg=1.334e+00) | k=0.15 mD, f=35.7 | Sw=[1.000,1.000] | 286.9s
2026-02-12 12:31:31 - M5Trainer - INFO - [Step  2300/50000] Stage A | L=1.9933e+00 (IC=5.685e-01, BC=1.255e-02, PDE=8.445e+00, Qg=1.334e+00) | k=0.15 mD, f=35.7 | Sw=[1.000,1.000] | 300.1s
2026-02-12 12:31:44 - M5Trainer - INFO - [Step  2400/50000] Stage A | L=1.7744e+00 (IC=5.698e-01, BC=9.263e-03, PDE=5.364e+00, Qg=1.334e+00) | k=0.15 mD, f=35.7 | Sw=[1.000,1.000] | 313.3s
2026-02-12 12:31:58 - M5Trainer - INFO -   [Sw监控] SY9: Sw=[1.0000, 1.0000, 1.0000], krg_min=1.000000e-04
2026-02-12 12:31:58 - M5Trainer - WARNING -   ⚠️ SY9: Sw_max=1.0000 > 0.95, 可能导致 krg→0 梯度死锁!
2026-02-12 12:31:58 - M5Trainer - INFO - [Step  2500/50000] Stage A | L=1.9187e+01 (IC=5.825e+00, BC=5.350e+00, PDE=8.597e+00, Qg=1.334e+00) | k=0.15 mD, f=35.6 | Sw=[1.000,1.000] | 326.5s
2026-02-12 12:32:11 - M5Trainer - INFO - [Step  2600/50000] Stage A | L=1.3202e+01 (IC=4.472e+00, BC=3.923e+00, PDE=7.619e+00, Qg=1.334e+00) | k=0.15 mD, f=35.6 | Sw=[1.000,1.000] | 340.2s
2026-02-12 12:32:25 - M5Trainer - INFO - [Step  2700/50000] Stage A | L=2.4341e+00 (IC=9.789e-01, BC=4.555e-01, PDE=7.345e+00, Qg=1.334e+00) | k=0.15 mD, f=35.5 | Sw=[1.000,1.000] | 353.9s
2026-02-12 12:32:39 - M5Trainer - INFO - [Step  2800/50000] Stage A | L=9.0251e+00 (IC=3.264e+00, BC=2.679e+00, PDE=7.482e+00, Qg=1.334e+00) | k=0.15 mD, f=35.5 | Sw=[1.000,1.000] | 367.6s
2026-02-12 12:32:52 - M5Trainer - INFO - [Step  2900/50000] Stage A | L=4.2195e+00 (IC=1.748e+00, BC=1.203e+00, PDE=7.485e+00, Qg=1.334e+00) | k=0.15 mD, f=35.5 | Sw=[1.000,1.000] | 381.3s
2026-02-12 12:33:06 - M5Trainer - INFO -   [Sw监控] SY9: Sw=[1.0000, 1.0000, 1.0000], krg_min=1.000000e-04
2026-02-12 12:33:06 - M5Trainer - WARNING -   ⚠️ SY9: Sw_max=1.0000 > 0.95, 可能导致 krg→0 梯度死锁!
2026-02-12 12:33:06 - M5Trainer - INFO - [Step  3000/50000] Stage A | L=3.2568e+00 (IC=1.256e+00, BC=7.827e-01, PDE=7.199e+00, Qg=1.334e+00) | k=0.15 mD, f=35.4 | Sw=[1.000,1.000] | 394.9s
2026-02-12 12:33:20 - M5Trainer - INFO - [Step  3100/50000] Stage A | L=2.2524e+00 (IC=5.501e-01, BC=3.416e-03, PDE=5.835e+00, Qg=1.334e+00) | k=0.15 mD, f=35.4 | Sw=[1.000,1.000] | 408.9s
2026-02-12 12:33:34 - M5Trainer - INFO - [Step  3200/50000] Stage A | L=2.7641e+00 (IC=8.519e-01, BC=3.100e-01, PDE=7.310e+00, Qg=1.334e+00) | k=0.15 mD, f=35.3 | Sw=[1.000,1.000] | 422.8s
2026-02-12 12:33:48 - M5Trainer - INFO - [Step  3300/50000] Stage A | L=2.5781e+00 (IC=6.312e-01, BC=6.627e-02, PDE=7.015e+00, Qg=1.334e+00) | k=0.15 mD, f=35.3 | Sw=[1.000,1.000] | 436.7s
2026-02-12 12:34:02 - M5Trainer - INFO - [Step  3400/50000] Stage A | L=2.6129e+00 (IC=8.021e-01, BC=2.616e-01, PDE=1.183e+00, Qg=1.334e+00) | k=0.15 mD, f=35.2 | Sw=[1.000,1.000] | 450.6s
2026-02-12 12:34:16 - M5Trainer - INFO -   [Sw监控] SY9: Sw=[1.0000, 1.0000, 1.0000], krg_min=1.000000e-04
2026-02-12 12:34:16 - M5Trainer - WARNING -   ⚠️ SY9: Sw_max=1.0000 > 0.95, 可能导致 krg→0 梯度死锁!
2026-02-12 12:34:16 - M5Trainer - INFO - [Step  3500/50000] Stage A | L=3.0525e+00 (IC=8.281e-01, BC=2.565e-01, PDE=5.900e+00, Qg=1.334e+00) | k=0.15 mD, f=35.1 | Sw=[1.000,1.000] | 464.6s
2026-02-12 12:34:30 - M5Trainer - INFO - [Step  3600/50000] Stage A | L=3.3339e+01 (IC=5.105e+00, BC=5.111e+00, PDE=1.047e+01, Qg=1.334e+00) | k=0.15 mD, f=35.1 | Sw=[1.000,1.000] | 478.8s
2026-02-12 12:34:44 - M5Trainer - INFO - [Step  3700/50000] Stage A | L=2.6799e+00 (IC=5.931e-01, BC=9.000e-02, PDE=8.133e+00, Qg=1.334e+00) | k=0.15 mD, f=34.9 | Sw=[1.000,1.000] | 492.9s
2026-02-12 12:34:58 - M5Trainer - INFO - [Step  3800/50000] Stage A | L=1.2368e+01 (IC=2.316e+00, BC=1.753e+00, PDE=9.130e+00, Qg=1.334e+00) | k=0.15 mD, f=34.9 | Sw=[1.000,1.000] | 507.1s
2026-02-12 12:35:12 - M5Trainer - INFO - [Step  3900/50000] Stage A | L=3.8138e+00 (IC=8.586e-01, BC=2.955e-01, PDE=6.193e+00, Qg=1.334e+00) | k=0.15 mD, f=34.9 | Sw=[1.000,1.000] | 521.3s
2026-02-12 12:35:27 - M5Trainer - INFO -   [Sw监控] SY9: Sw=[1.0000, 1.0000, 1.0000], krg_min=1.000000e-04
2026-02-12 12:35:27 - M5Trainer - WARNING -   ⚠️ SY9: Sw_max=1.0000 > 0.95, 可能导致 krg→0 梯度死锁!
2026-02-12 12:35:27 - M5Trainer - INFO - [Step  4000/50000] Stage A | L=3.6553e+00 (IC=6.850e-01, BC=1.734e-01, PDE=8.976e+00, Qg=1.334e+00) | k=0.15 mD, f=34.8 | Sw=[1.000,1.000] | 535.5s
2026-02-12 12:35:41 - M5Trainer - INFO - [Step  4100/50000] Stage A | L=4.3275e+00 (IC=8.231e-01, BC=2.956e-01, PDE=7.531e+00, Qg=1.334e+00) | k=0.15 mD, f=34.8 | Sw=[1.000,1.000] | 550.0s
2026-02-12 12:35:56 - M5Trainer - INFO - [Step  4200/50000] Stage A | L=1.3461e+01 (IC=1.990e+00, BC=1.500e+00, PDE=8.533e+00, Qg=1.334e+00) | k=0.15 mD, f=34.7 | Sw=[1.000,1.000] | 564.5s
2026-02-12 12:36:10 - M5Trainer - INFO - [Step  4300/50000] Stage A | L=4.0346e+00 (IC=7.047e-01, BC=1.552e-01, PDE=8.143e+00, Qg=1.334e+00) | k=0.15 mD, f=34.7 | Sw=[1.000,1.000] | 579.0s
2026-02-12 12:36:25 - M5Trainer - INFO - [Step  4400/50000] Stage A | L=6.1918e+00 (IC=1.068e+00, BC=5.108e-01, PDE=7.645e+00, Qg=1.334e+00) | k=0.15 mD, f=34.6 | Sw=[1.000,1.000] | 593.5s
2026-02-12 12:36:39 - M5Trainer - INFO -   [Sw监控] SY9: Sw=[1.0000, 1.0000, 1.0000], krg_min=1.000000e-04
2026-02-12 12:36:39 - M5Trainer - WARNING -   ⚠️ SY9: Sw_max=1.0000 > 0.95, 可能导致 krg→0 梯度死锁!
2026-02-12 12:36:39 - M5Trainer - INFO - [Step  4500/50000] Stage A | L=3.9435e+00 (IC=5.692e-01, BC=2.530e-02, PDE=6.938e+00, Qg=1.334e+00) | k=0.15 mD, f=34.6 | Sw=[1.000,1.000] | 608.0s
2026-02-12 12:36:54 - M5Trainer - INFO - [Step  4600/50000] Stage A | L=4.0450e+00 (IC=5.649e-01, BC=2.124e-02, PDE=7.390e+00, Qg=1.334e+00) | k=0.15 mD, f=34.6 | Sw=[1.000,1.000] | 623.0s
2026-02-12 12:37:09 - M5Trainer - INFO - [Step  4700/50000] Stage A | L=4.0268e+00 (IC=5.595e-01, BC=1.178e-02, PDE=4.917e+00, Qg=1.334e+00) | k=0.15 mD, f=34.6 | Sw=[1.000,1.000] | 638.0s
2026-02-12 12:37:24 - M5Trainer - INFO - [Step  4800/50000] Stage A | L=4.1118e+00 (IC=5.530e-01, BC=1.535e-02, PDE=6.743e+00, Qg=1.334e+00) | k=0.15 mD, f=34.6 | Sw=[1.000,1.000] | 653.0s
2026-02-12 12:37:39 - M5Trainer - INFO - [Step  4900/50000] Stage A | L=4.3281e+00 (IC=5.533e-01, BC=1.059e-02, PDE=5.844e+00, Qg=1.334e+00) | k=0.15 mD, f=34.5 | Sw=[1.000,1.000] | 668.0s
2026-02-12 12:37:54 - M5Trainer - INFO -   [Sw监控] SY9: Sw=[1.0000, 1.0000, 1.0000], krg_min=1.000000e-04
2026-02-12 12:37:54 - M5Trainer - WARNING -   ⚠️ SY9: Sw_max=1.0000 > 0.95, 可能导致 krg→0 梯度死锁!
2026-02-12 12:37:54 - M5Trainer - INFO - [Step  5000/50000] Stage A | L=4.4758e+00 (IC=5.820e-01, BC=3.609e-02, PDE=7.644e+00, Qg=1.334e+00) | k=0.15 mD, f=34.5 | Sw=[1.000,1.000] | 683.0s
2026-02-12 12:38:09 - M5Trainer - INFO - [Step  5100/50000] Stage A | L=7.4051e+00 (IC=9.546e-01, BC=4.029e-01, PDE=6.440e+00, Qg=1.334e+00) | k=0.15 mD, f=34.5 | Sw=[1.000,1.000] | 698.4s
2026-02-12 12:38:25 - M5Trainer - INFO - [Step  5200/50000] Stage A | L=5.5799e+00 (IC=6.852e-01, BC=1.337e-01, PDE=6.741e+00, Qg=1.334e+00) | k=0.15 mD, f=34.4 | Sw=[1.000,1.000] | 713.8s
2026-02-12 12:38:40 - M5Trainer - INFO - [Step  5300/50000] Stage A | L=2.8760e+01 (IC=2.119e+00, BC=1.564e+00, PDE=7.569e+00, Qg=1.334e+00) | k=0.15 mD, f=34.4 | Sw=[1.000,1.000] | 729.1s
2026-02-12 12:38:56 - M5Trainer - INFO - [Step  5400/50000] Stage A | L=5.7031e+00 (IC=5.917e-01, BC=3.206e-02, PDE=1.073e+01, Qg=1.334e+00) | k=0.15 mD, f=34.4 | Sw=[1.000,1.000] | 744.4s
2026-02-12 12:39:11 - M5Trainer - INFO -   [Sw监控] SY9: Sw=[1.0000, 1.0000, 1.0000], krg_min=1.000000e-04
2026-02-12 12:39:11 - M5Trainer - WARNING -   ⚠️ SY9: Sw_max=1.0000 > 0.95, 可能导致 krg→0 梯度死锁!
2026-02-12 12:39:11 - M5Trainer - INFO - [Step  5500/50000] Stage A | L=5.5114e+00 (IC=5.748e-01, BC=2.990e-02, PDE=6.786e+00, Qg=1.334e+00) | k=0.15 mD, f=34.4 | Sw=[1.000,1.000] | 759.8s
2026-02-12 12:39:27 - M5Trainer - INFO - [Step  5600/50000] Stage A | L=1.0126e+01 (IC=1.006e+00, BC=4.461e-01, PDE=5.224e+00, Qg=1.334e+00) | k=0.15 mD, f=34.3 | Sw=[1.000,1.000] | 775.5s
2026-02-12 12:39:42 - M5Trainer - INFO - [Step  5700/50000] Stage A | L=5.9735e+00 (IC=5.935e-01, BC=4.099e-02, PDE=6.165e+00, Qg=1.334e+00) | k=0.15 mD, f=34.3 | Sw=[1.000,1.000] | 791.2s
2026-02-12 12:39:58 - M5Trainer - INFO - [Step  5800/50000] Stage A | L=5.8069e+00 (IC=5.566e-01, BC=1.122e-02, PDE=4.328e+00, Qg=1.334e+00) | k=0.15 mD, f=34.3 | Sw=[1.000,1.000] | 806.9s
2026-02-12 12:40:14 - M5Trainer - INFO - [Step  5900/50000] Stage A | L=7.5650e+00 (IC=7.280e-01, BC=1.733e-01, PDE=6.060e+00, Qg=1.334e+00) | k=0.15 mD, f=34.3 | Sw=[1.000,1.000] | 822.6s
2026-02-12 12:40:29 - M5Trainer - INFO -   [Sw监控] SY9: Sw=[1.0000, 1.0000, 1.0000], krg_min=1.000000e-04
2026-02-12 12:40:29 - M5Trainer - WARNING -   ⚠️ SY9: Sw_max=1.0000 > 0.95, 可能导致 krg→0 梯度死锁!
2026-02-12 12:40:29 - M5Trainer - INFO - [Step  6000/50000] Stage A | L=7.5795e+00 (IC=7.088e-01, BC=1.695e-01, PDE=6.694e+00, Qg=1.334e+00) | k=0.15 mD, f=34.2 | Sw=[1.000,1.000] | 838.3s
2026-02-12 12:40:45 - M5Trainer - INFO - [Step  6100/50000] Stage A | L=6.3231e+00 (IC=5.518e-01, BC=3.881e-03, PDE=7.788e+00, Qg=1.334e+00) | k=0.15 mD, f=34.2 | Sw=[1.000,1.000] | 854.4s
2026-02-12 12:41:02 - M5Trainer - INFO - [Step  6200/50000] Stage A | L=6.8170e+00 (IC=5.483e-01, BC=1.972e-03, PDE=2.053e+00, Qg=1.334e+00) | k=0.15 mD, f=34.2 | Sw=[1.000,1.000] | 870.4s
2026-02-12 12:41:18 - M5Trainer - INFO - [Step  6300/50000] Stage A | L=1.6690e+01 (IC=1.145e+00, BC=5.704e-01, PDE=6.374e+00, Qg=1.334e+00) | k=0.15 mD, f=34.1 | Sw=[1.000,1.000] | 886.5s
2026-02-12 12:41:34 - M5Trainer - INFO - [Step  6400/50000] Stage A | L=1.0079e+01 (IC=8.114e-01, BC=2.712e-01, PDE=7.716e+00, Qg=1.334e+00) | k=0.15 mD, f=34.1 | Sw=[1.000,1.000] | 902.5s
2026-02-12 12:41:50 - M5Trainer - INFO -   [Sw监控] SY9: Sw=[1.0000, 1.0000, 1.0000], krg_min=1.000000e-04
2026-02-12 12:41:50 - M5Trainer - WARNING -   ⚠️ SY9: Sw_max=1.0000 > 0.95, 可能导致 krg→0 梯度死锁!
2026-02-12 12:41:50 - M5Trainer - INFO - [Step  6500/50000] Stage A | L=9.1989e+00 (IC=7.464e-01, BC=1.902e-01, PDE=8.131e+00, Qg=1.334e+00) | k=0.15 mD, f=34.0 | Sw=[1.000,1.000] | 918.6s
2026-02-12 12:42:06 - M5Trainer - INFO - [Step  6600/50000] Stage A | L=8.3230e+00 (IC=6.691e-01, BC=1.256e-01, PDE=5.635e+00, Qg=1.334e+00) | k=0.15 mD, f=34.0 | Sw=[1.000,1.000] | 935.1s
2026-02-12 12:42:23 - M5Trainer - INFO - [Step  6700/50000] Stage A | L=7.5229e+00 (IC=5.813e-01, BC=3.420e-02, PDE=6.272e+00, Qg=1.334e+00) | k=0.15 mD, f=33.9 | Sw=[1.000,1.000] | 951.6s
2026-02-12 12:42:39 - M5Trainer - INFO - [Step  6800/50000] Stage A | L=8.0841e+00 (IC=5.871e-01, BC=4.022e-02, PDE=6.087e+00, Qg=1.334e+00) | k=0.15 mD, f=33.9 | Sw=[1.000,1.000] | 968.0s
2026-02-12 12:42:56 - M5Trainer - INFO - [Step  6900/50000] Stage A | L=7.3348e+00 (IC=5.608e-01, BC=1.347e-02, PDE=7.235e+00, Qg=1.334e+00) | k=0.15 mD, f=33.9 | Sw=[1.000,1.000] | 984.5s
2026-02-12 12:43:12 - M5Trainer - INFO -   [Sw监控] SY9: Sw=[1.0000, 1.0000, 1.0000], krg_min=1.000000e-04
2026-02-12 12:43:12 - M5Trainer - WARNING -   ⚠️ SY9: Sw_max=1.0000 > 0.95, 可能导致 krg→0 梯度死锁!
2026-02-12 12:43:12 - M5Trainer - INFO - [Step  7000/50000] Stage A | L=7.7937e+00 (IC=5.645e-01, BC=1.735e-02, PDE=6.528e+00, Qg=1.334e+00) | k=0.15 mD, f=33.8 | Sw=[1.000,1.000] | 1001.1s
2026-02-12 12:43:29 - M5Trainer - INFO - [Step  7100/50000] Stage A | L=1.4590e+01 (IC=9.007e-01, BC=3.435e-01, PDE=5.957e+00, Qg=1.334e+00) | k=0.15 mD, f=33.8 | Sw=[1.000,1.000] | 1017.9s
2026-02-12 12:43:46 - M5Trainer - INFO - [Step  7200/50000] Stage A | L=1.3472e+01 (IC=8.417e-01, BC=2.909e-01, PDE=6.743e+00, Qg=1.334e+00) | k=0.15 mD, f=33.8 | Sw=[1.000,1.000] | 1034.8s
2026-02-12 12:44:03 - M5Trainer - INFO - [Step  7300/50000] Stage A | L=8.5108e+00 (IC=5.478e-01, BC=2.856e-04, PDE=3.510e+00, Qg=1.334e+00) | k=0.15 mD, f=33.7 | Sw=[1.000,1.000] | 1051.7s
2026-02-12 12:44:20 - M5Trainer - INFO - [Step  7400/50000] Stage A | L=8.8474e+00 (IC=5.487e-01, BC=1.115e-03, PDE=2.845e+00, Qg=1.334e+00) | k=0.15 mD, f=33.7 | Sw=[1.000,1.000] | 1068.6s
2026-02-12 12:44:37 - M5Trainer - INFO -   [Sw监控] SY9: Sw=[1.0000, 1.0000, 1.0000], krg_min=1.000000e-04
2026-02-12 12:44:37 - M5Trainer - WARNING -   ⚠️ SY9: Sw_max=1.0000 > 0.95, 可能导致 krg→0 梯度死锁!
2026-02-12 12:44:37 - M5Trainer - INFO - [Step  7500/50000] Stage B | L=5.7053e+01 (IC=1.024e+00, BC=4.636e-01, PDE=7.043e+00, Qg=1.334e+00) | k=0.15 mD, f=33.7 | Sw=[1.000,1.000] | 1085.6s
2026-02-12 12:44:54 - M5Trainer - INFO - [Step  7600/50000] Stage B | L=1.5378e+01 (IC=1.253e+00, BC=7.084e-01, PDE=9.457e+00, Qg=1.334e+00) | k=0.15 mD, f=33.6 | Sw=[1.000,1.000] | 1102.9s
2026-02-12 12:45:11 - M5Trainer - INFO - [Step  7700/50000] Stage B | L=1.8226e+01 (IC=1.565e+00, BC=1.021e+00, PDE=7.272e+00, Qg=1.334e+00) | k=0.15 mD, f=33.6 | Sw=[1.000,1.000] | 1120.1s
2026-02-12 12:45:29 - M5Trainer - INFO - [Step  7800/50000] Stage B | L=8.8578e+00 (IC=7.436e-01, BC=1.926e-01, PDE=6.106e+00, Qg=1.334e+00) | k=0.15 mD, f=33.5 | Sw=[1.000,1.000] | 1137.4s
2026-02-12 12:45:46 - M5Trainer - INFO - [Step  7900/50000] Stage B | L=7.1948e+00 (IC=6.944e-01, BC=1.430e-01, PDE=1.628e+00, Qg=1.334e+00) | k=0.15 mD, f=33.5 | Sw=[1.000,1.000] | 1154.7s
2026-02-12 12:46:03 - M5Trainer - INFO -   [Sw监控] SY9: Sw=[1.0000, 1.0000, 1.0000], krg_min=1.000000e-04
2026-02-12 12:46:03 - M5Trainer - WARNING -   ⚠️ SY9: Sw_max=1.0000 > 0.95, 可能导致 krg→0 梯度死锁!
2026-02-12 12:46:03 - M5Trainer - INFO - [Step  8000/50000] Stage B | L=2.9575e+01 (IC=1.991e+00, BC=1.453e+00, PDE=7.374e+00, Qg=1.334e+00) | k=0.15 mD, f=33.5 | Sw=[1.000,1.000] | 1172.1s
2026-02-12 12:46:21 - M5Trainer - INFO - [Step  8100/50000] Stage B | L=6.9731e+00 (IC=5.708e-01, BC=2.463e-02, PDE=2.924e+00, Qg=1.334e+00) | k=0.15 mD, f=33.5 | Sw=[1.000,1.000] | 1189.7s
2026-02-12 12:46:38 - M5Trainer - INFO - [Step  8200/50000] Stage B | L=7.0236e+00 (IC=5.653e-01, BC=1.741e-02, PDE=3.465e+00, Qg=1.334e+00) | k=0.15 mD, f=33.4 | Sw=[1.000,1.000] | 1207.4s
2026-02-12 12:46:56 - M5Trainer - INFO - [Step  8300/50000] Stage B | L=9.3474e+00 (IC=7.489e-01, BC=2.199e-01, PDE=6.132e+00, Qg=1.334e+00) | k=0.15 mD, f=33.4 | Sw=[1.000,1.000] | 1225.0s
2026-02-12 12:47:14 - M5Trainer - INFO - [Step  8400/50000] Stage B | L=1.8896e+01 (IC=1.377e+00, BC=8.440e-01, PDE=7.489e+00, Qg=1.334e+00) | k=0.15 mD, f=33.4 | Sw=[1.000,1.000] | 1242.7s
2026-02-12 12:47:32 - M5Trainer - INFO -   [Sw监控] SY9: Sw=[1.0000, 1.0000, 1.0000], krg_min=1.000000e-04
2026-02-12 12:47:32 - M5Trainer - WARNING -   ⚠️ SY9: Sw_max=1.0000 > 0.95, 可能导致 krg→0 梯度死锁!
2026-02-12 12:47:32 - M5Trainer - INFO - [Step  8500/50000] Stage B | L=9.2295e+00 (IC=5.664e-01, BC=1.735e-02, PDE=7.548e+00, Qg=1.334e+00) | k=0.15 mD, f=33.4 | Sw=[1.000,1.000] | 1260.4s
2026-02-12 12:47:50 - M5Trainer - INFO - [Step  8600/50000] Stage B | L=8.1361e+00 (IC=5.704e-01, BC=2.216e-02, PDE=5.524e+00, Qg=1.334e+00) | k=0.15 mD, f=33.3 | Sw=[1.000,1.000] | 1278.5s
2026-02-12 12:48:08 - M5Trainer - INFO - [Step  8700/50000] Stage B | L=8.0641e+00 (IC=5.848e-01, BC=3.664e-02, PDE=7.005e+00, Qg=1.334e+00) | k=0.15 mD, f=33.3 | Sw=[1.000,1.000] | 1296.6s
2026-02-12 12:48:26 - M5Trainer - INFO - [Step  8800/50000] Stage B | L=8.0935e+00 (IC=5.661e-01, BC=1.871e-02, PDE=5.819e+00, Qg=1.334e+00) | k=0.15 mD, f=33.3 | Sw=[1.000,1.000] | 1314.7s
2026-02-12 12:48:44 - M5Trainer - INFO - [Step  8900/50000] Stage B | L=9.0797e+00 (IC=5.506e-01, BC=2.921e-03, PDE=6.447e+00, Qg=1.334e+00) | k=0.15 mD, f=33.3 | Sw=[1.000,1.000] | 1332.8s
2026-02-12 12:49:02 - M5Trainer - INFO -   [Sw监控] SY9: Sw=[1.0000, 1.0000, 1.0000], krg_min=1.000000e-04
2026-02-12 12:49:02 - M5Trainer - WARNING -   ⚠️ SY9: Sw_max=1.0000 > 0.95, 可能导致 krg→0 梯度死锁!
2026-02-12 12:49:02 - M5Trainer - INFO - [Step  9000/50000] Stage B | L=8.2755e+00 (IC=5.621e-01, BC=1.536e-02, PDE=6.898e+00, Qg=1.334e+00) | k=0.15 mD, f=33.2 | Sw=[1.000,1.000] | 1350.9s
2026-02-12 12:49:21 - M5Trainer - INFO - [Step  9100/50000] Stage B | L=1.5077e+01 (IC=1.075e+00, BC=5.280e-01, PDE=6.508e+00, Qg=1.334e+00) | k=0.15 mD, f=33.2 | Sw=[1.000,1.000] | 1369.4s
2026-02-12 12:49:39 - M5Trainer - INFO - [Step  9200/50000] Stage B | L=8.9679e+00 (IC=5.933e-01, BC=4.429e-02, PDE=5.455e+00, Qg=1.334e+00) | k=0.15 mD, f=33.2 | Sw=[1.000,1.000] | 1387.9s
2026-02-12 12:49:57 - M5Trainer - INFO - [Step  9300/50000] Stage B | L=9.8772e+00 (IC=6.021e-01, BC=5.689e-02, PDE=6.799e+00, Qg=1.334e+00) | k=0.15 mD, f=33.1 | Sw=[1.000,1.000] | 1406.3s
2026-02-12 12:50:16 - M5Trainer - INFO - [Step  9400/50000] Stage B | L=9.0130e+00 (IC=5.494e-01, BC=1.542e-03, PDE=6.745e+00, Qg=1.334e+00) | k=0.15 mD, f=33.1 | Sw=[1.000,1.000] | 1424.8s
2026-02-12 12:50:34 - M5Trainer - INFO -   [Sw监控] SY9: Sw=[1.0000, 1.0000, 1.0000], krg_min=1.000000e-04
2026-02-12 12:50:34 - M5Trainer - WARNING -   ⚠️ SY9: Sw_max=1.0000 > 0.95, 可能导致 krg→0 梯度死锁!
2026-02-12 12:50:34 - M5Trainer - INFO - [Step  9500/50000] Stage B | L=1.5915e+01 (IC=1.092e+00, BC=5.681e-01, PDE=6.966e+00, Qg=1.334e+00) | k=0.15 mD, f=33.0 | Sw=[1.000,1.000] | 1443.3s
2026-02-12 12:50:53 - M5Trainer - INFO - [Step  9600/50000] Stage B | L=8.4126e+00 (IC=5.591e-01, BC=1.062e-02, PDE=3.668e+00, Qg=1.334e+00) | k=0.15 mD, f=33.0 | Sw=[1.000,1.000] | 1462.1s
2026-02-12 12:51:12 - M5Trainer - INFO - [Step  9700/50000] Stage B | L=1.2893e+01 (IC=8.868e-01, BC=3.369e-01, PDE=7.136e+00, Qg=1.334e+00) | k=0.15 mD, f=33.0 | Sw=[1.000,1.000] | 1481.0s
2026-02-12 12:51:31 - M5Trainer - INFO - [Step  9800/50000] Stage B | L=9.5904e+00 (IC=5.491e-01, BC=1.160e-03, PDE=4.618e+00, Qg=1.334e+00) | k=0.15 mD, f=32.9 | Sw=[1.000,1.000] | 1499.9s
2026-02-12 12:51:50 - M5Trainer - INFO - [Step  9900/50000] Stage B | L=1.1778e+01 (IC=7.398e-01, BC=1.887e-01, PDE=6.707e+00, Qg=1.334e+00) | k=0.15 mD, f=32.9 | Sw=[1.000,1.000] | 1518.7s
2026-02-12 12:52:09 - M5Trainer - INFO -   [Sw监控] SY9: Sw=[1.0000, 1.0000, 1.0000], krg_min=1.000000e-04
2026-02-12 12:52:09 - M5Trainer - WARNING -   ⚠️ SY9: Sw_max=1.0000 > 0.95, 可能导致 krg→0 梯度死锁!
2026-02-12 12:52:09 - M5Trainer - INFO - [Step 10000/50000] Stage B | L=1.0948e+01 (IC=5.584e-01, BC=1.097e-02, PDE=6.010e+00, Qg=1.334e+00) | k=0.15 mD, f=32.9 | Sw=[1.000,1.000] | 1537.6s
2026-02-12 12:52:28 - M5Trainer - INFO - [Step 10100/50000] Stage B | L=1.0339e+01 (IC=5.622e-01, BC=1.455e-02, PDE=4.665e+00, Qg=1.334e+00) | k=0.15 mD, f=32.8 | Sw=[1.000,1.000] | 1556.8s
2026-02-12 12:52:47 - M5Trainer - INFO - [Step 10200/50000] Stage B | L=1.5133e+01 (IC=1.034e+00, BC=4.740e-01, PDE=5.213e+00, Qg=1.334e+00) | k=0.15 mD, f=32.8 | Sw=[1.000,1.000] | 1576.0s
2026-02-12 12:53:06 - M5Trainer - INFO - [Step 10300/50000] Stage B | L=1.0445e+01 (IC=6.115e-01, BC=5.876e-02, PDE=1.616e+00, Qg=1.334e+00) | k=0.15 mD, f=32.7 | Sw=[1.000,1.000] | 1595.2s
2026-02-12 12:53:26 - M5Trainer - INFO - [Step 10400/50000] Stage B | L=1.1331e+01 (IC=6.857e-01, BC=1.408e-01, PDE=4.063e+00, Qg=1.334e+00) | k=0.15 mD, f=32.7 | Sw=[1.000,1.000] | 1614.5s
2026-02-12 12:53:45 - M5Trainer - INFO -   [Sw监控] SY9: Sw=[1.0000, 1.0000, 1.0000], krg_min=1.000000e-04
2026-02-12 12:53:45 - M5Trainer - WARNING -   ⚠️ SY9: Sw_max=1.0000 > 0.95, 可能导致 krg→0 梯度死锁!
2026-02-12 12:53:45 - M5Trainer - INFO - [Step 10500/50000] Stage B | L=1.1215e+01 (IC=5.753e-01, BC=2.753e-02, PDE=4.144e+00, Qg=1.334e+00) | k=0.15 mD, f=32.6 | Sw=[1.000,1.000] | 1633.7s
2026-02-12 12:54:05 - M5Trainer - INFO - [Step 10600/50000] Stage B | L=1.6936e+01 (IC=1.025e+00, BC=4.937e-01, PDE=6.726e+00, Qg=1.334e+00) | k=0.15 mD, f=32.6 | Sw=[1.000,1.000] | 1653.4s
2026-02-12 12:54:24 - M5Trainer - INFO - [Step 10700/50000] Stage B | L=1.1102e+01 (IC=5.534e-01, BC=4.272e-03, PDE=9.627e-01, Qg=1.334e+00) | k=0.15 mD, f=32.5 | Sw=[1.000,1.000] | 1673.2s
2026-02-12 12:54:44 - M5Trainer - INFO - [Step 10800/50000] Stage B | L=1.3140e+01 (IC=6.363e-01, BC=9.225e-02, PDE=6.069e+00, Qg=1.334e+00) | k=0.15 mD, f=32.5 | Sw=[1.000,1.000] | 1692.9s
2026-02-12 12:55:04 - M5Trainer - INFO - [Step 10900/50000] Stage B | L=1.1559e+01 (IC=5.550e-01, BC=6.791e-03, PDE=1.765e+00, Qg=1.334e+00) | k=0.15 mD, f=32.4 | Sw=[1.000,1.000] | 1712.5s
2026-02-12 12:55:23 - M5Trainer - INFO -   [Sw监控] SY9: Sw=[1.0000, 1.0000, 1.0000], krg_min=1.000000e-04
2026-02-12 12:55:23 - M5Trainer - WARNING -   ⚠️ SY9: Sw_max=1.0000 > 0.95, 可能导致 krg→0 梯度死锁!
2026-02-12 12:55:23 - M5Trainer - INFO - [Step 11000/50000] Stage B | L=1.2102e+01 (IC=5.570e-01, BC=8.288e-03, PDE=3.068e+00, Qg=1.334e+00) | k=0.15 mD, f=32.4 | Sw=[1.000,1.000] | 1732.2s
2026-02-12 12:55:43 - M5Trainer - INFO - [Step 11100/50000] Stage B | L=1.2314e+01 (IC=5.972e-01, BC=5.061e-02, PDE=2.496e+00, Qg=1.334e+00) | k=0.15 mD, f=32.4 | Sw=[1.000,1.000] | 1752.4s
2026-02-12 12:56:04 - M5Trainer - INFO - [Step 11200/50000] Stage B | L=7.0010e+01 (IC=3.041e+00, BC=2.504e+00, PDE=7.586e+00, Qg=1.334e+00) | k=0.15 mD, f=32.3 | Sw=[1.000,1.000] | 1772.5s
2026-02-12 12:56:24 - M5Trainer - INFO - [Step 11300/50000] Stage B | L=2.0386e+01 (IC=1.130e+00, BC=5.858e-01, PDE=7.023e+00, Qg=1.334e+00) | k=0.15 mD, f=32.2 | Sw=[1.000,1.000] | 1792.7s
2026-02-12 12:56:44 - M5Trainer - INFO - [Step 11400/50000] Stage B | L=1.2859e+01 (IC=5.509e-01, BC=3.108e-03, PDE=2.589e+00, Qg=1.334e+00) | k=0.15 mD, f=32.2 | Sw=[1.000,1.000] | 1812.8s
2026-02-12 12:57:04 - M5Trainer - INFO -   [Sw监控] SY9: Sw=[1.0000, 1.0000, 1.0000], krg_min=1.000000e-04
2026-02-12 12:57:04 - M5Trainer - WARNING -   ⚠️ SY9: Sw_max=1.0000 > 0.95, 可能导致 krg→0 梯度死锁!
2026-02-12 12:57:04 - M5Trainer - INFO - [Step 11500/50000] Stage B | L=1.3331e+01 (IC=5.484e-01, BC=8.036e-04, PDE=3.345e-01, Qg=1.334e+00) | k=0.15 mD, f=32.1 | Sw=[1.000,1.000] | 1833.0s
2026-02-12 12:57:25 - M5Trainer - INFO - [Step 11600/50000] Stage B | L=1.3465e+01 (IC=5.548e-01, BC=7.256e-03, PDE=3.259e+00, Qg=1.334e+00) | k=0.15 mD, f=32.1 | Sw=[1.000,1.000] | 1853.6s
2026-02-12 12:57:45 - M5Trainer - INFO - [Step 11700/50000] Stage B | L=1.3610e+01 (IC=5.522e-01, BC=3.669e-03, PDE=2.122e+00, Qg=1.334e+00) | k=0.15 mD, f=32.0 | Sw=[1.000,1.000] | 1874.2s
2026-02-12 12:58:06 - M5Trainer - INFO - [Step 11800/50000] Stage B | L=1.4749e+01 (IC=6.041e-01, BC=5.877e-02, PDE=4.764e+00, Qg=1.334e+00) | k=0.15 mD, f=32.0 | Sw=[1.000,1.000] | 1894.8s
2026-02-12 12:58:26 - M5Trainer - INFO - [Step 11900/50000] Stage B | L=1.5664e+01 (IC=5.499e-01, BC=2.585e-03, PDE=5.441e+00, Qg=1.334e+00) | k=0.15 mD, f=31.9 | Sw=[1.000,1.000] | 1915.3s
2026-02-12 12:58:47 - M5Trainer - INFO -   [Sw监控] SY9: Sw=[1.0000, 1.0000, 1.0000], krg_min=1.000000e-04
2026-02-12 12:58:47 - M5Trainer - WARNING -   ⚠️ SY9: Sw_max=1.0000 > 0.95, 可能导致 krg→0 梯度死锁!
2026-02-12 12:58:47 - M5Trainer - INFO - [Step 12000/50000] Stage B | L=1.7868e+01 (IC=8.685e-01, BC=3.234e-01, PDE=6.646e+00, Qg=1.334e+00) | k=0.15 mD, f=31.8 | Sw=[1.000,1.000] | 1935.9s
2026-02-12 12:59:08 - M5Trainer - INFO - [Step 12100/50000] Stage B | L=1.6444e+01 (IC=7.016e-01, BC=1.524e-01, PDE=5.780e+00, Qg=1.334e+00) | k=0.15 mD, f=31.7 | Sw=[1.000,1.000] | 1957.0s
2026-02-12 12:59:29 - M5Trainer - INFO - [Step 12200/50000] Stage B | L=1.5523e+01 (IC=6.071e-01, BC=5.696e-02, PDE=4.571e+00, Qg=1.334e+00) | k=0.15 mD, f=31.7 | Sw=[1.000,1.000] | 1978.0s
2026-02-12 12:59:50 - M5Trainer - INFO - [Step 12300/50000] Stage B | L=1.6489e+01 (IC=5.537e-01, BC=5.764e-03, PDE=2.400e+00, Qg=1.334e+00) | k=0.15 mD, f=31.6 | Sw=[1.000,1.000] | 1999.0s
2026-02-12 13:00:11 - M5Trainer - INFO - [Step 12400/50000] Stage B | L=1.7915e+01 (IC=7.987e-01, BC=2.488e-01, PDE=6.981e+00, Qg=1.334e+00) | k=0.15 mD, f=31.6 | Sw=[1.000,1.000] | 2020.1s
2026-02-12 13:00:32 - M5Trainer - INFO -   [Sw监控] SY9: Sw=[1.0000, 1.0000, 1.0000], krg_min=1.000000e-04
2026-02-12 13:00:32 - M5Trainer - WARNING -   ⚠️ SY9: Sw_max=1.0000 > 0.95, 可能导致 krg→0 梯度死锁!
2026-02-12 13:00:32 - M5Trainer - INFO - [Step 12500/50000] Stage B | L=1.4714e+01 (IC=6.894e-01, BC=1.527e-01, PDE=5.781e-01, Qg=1.334e+00) | k=0.15 mD, f=31.5 | Sw=[1.000,1.000] | 2041.1s
2026-02-12 13:00:54 - M5Trainer - INFO - [Step 12600/50000] Stage B | L=1.8129e+01 (IC=5.482e-01, BC=7.600e-04, PDE=6.509e+00, Qg=1.334e+00) | k=0.15 mD, f=31.4 | Sw=[1.000,1.000] | 2062.6s
2026-02-12 13:01:15 - M5Trainer - INFO - [Step 12700/50000] Stage B | L=1.6954e+01 (IC=6.454e-01, BC=1.012e-01, PDE=5.837e+00, Qg=1.334e+00) | k=0.15 mD, f=31.3 | Sw=[1.000,1.000] | 2084.1s
2026-02-12 13:01:37 - M5Trainer - INFO - [Step 12800/50000] Stage B | L=1.5873e+01 (IC=5.536e-01, BC=6.295e-03, PDE=3.887e+00, Qg=1.334e+00) | k=0.15 mD, f=31.3 | Sw=[1.000,1.000] | 2105.6s
2026-02-12 13:01:58 - M5Trainer - INFO - [Step 12900/50000] Stage B | L=1.6141e+01 (IC=6.207e-01, BC=7.618e-02, PDE=4.225e+00, Qg=1.334e+00) | k=0.15 mD, f=31.2 | Sw=[1.000,1.000] | 2127.1s
2026-02-12 13:02:20 - M5Trainer - INFO -   [Sw监控] SY9: Sw=[1.0000, 1.0000, 1.0000], krg_min=1.000000e-04
2026-02-12 13:02:20 - M5Trainer - WARNING -   ⚠️ SY9: Sw_max=1.0000 > 0.95, 可能导致 krg→0 梯度死锁!
2026-02-12 13:02:20 - M5Trainer - INFO - [Step 13000/50000] Stage B | L=1.8958e+01 (IC=5.542e-01, BC=5.923e-03, PDE=6.262e+00, Qg=1.334e+00) | k=0.15 mD, f=31.1 | Sw=[1.000,1.000] | 2148.6s
2026-02-12 13:02:42 - M5Trainer - INFO - [Step 13100/50000] Stage B | L=1.6631e+01 (IC=5.597e-01, BC=1.204e-02, PDE=3.918e+00, Qg=1.334e+00) | k=0.15 mD, f=31.1 | Sw=[1.000,1.000] | 2170.6s
2026-02-12 13:03:04 - M5Trainer - INFO - [Step 13200/50000] Stage B | L=1.8268e+01 (IC=5.633e-01, BC=1.534e-02, PDE=5.709e+00, Qg=1.334e+00) | k=0.15 mD, f=31.0 | Sw=[1.000,1.000] | 2192.6s
2026-02-12 13:03:26 - M5Trainer - INFO - [Step 13300/50000] Stage B | L=1.8136e+01 (IC=5.739e-01, BC=2.589e-02, PDE=5.475e+00, Qg=1.334e+00) | k=0.15 mD, f=30.9 | Sw=[1.000,1.000] | 2214.6s
2026-02-12 13:03:48 - M5Trainer - INFO - [Step 13400/50000] Stage B | L=1.8523e+01 (IC=5.493e-01, BC=1.000e-03, PDE=5.334e+00, Qg=1.334e+00) | k=0.15 mD, f=30.8 | Sw=[1.000,1.000] | 2236.6s
2026-02-12 13:04:10 - M5Trainer - INFO -   [Sw监控] SY9: Sw=[1.0000, 1.0000, 1.0000], krg_min=1.000000e-04
2026-02-12 13:04:10 - M5Trainer - WARNING -   ⚠️ SY9: Sw_max=1.0000 > 0.95, 可能导致 krg→0 梯度死锁!
2026-02-12 13:04:10 - M5Trainer - INFO - [Step 13500/50000] Stage B | L=1.9329e+01 (IC=6.010e-01, BC=5.465e-02, PDE=6.521e+00, Qg=1.334e+00) | k=0.15 mD, f=30.8 | Sw=[1.000,1.000] | 2258.7s
2026-02-12 13:04:32 - M5Trainer - INFO - [Step 13600/50000] Stage B | L=1.7574e+01 (IC=5.502e-01, BC=2.291e-03, PDE=3.622e+00, Qg=1.334e+00) | k=0.15 mD, f=30.7 | Sw=[1.000,1.000] | 2281.1s
2026-02-12 13:04:55 - M5Trainer - INFO - [Step 13700/50000] Stage B | L=1.8236e+01 (IC=5.555e-01, BC=8.776e-03, PDE=4.522e+00, Qg=1.334e+00) | k=0.15 mD, f=30.7 | Sw=[1.000,1.000] | 2303.4s
2026-02-12 13:05:17 - M5Trainer - INFO - [Step 13800/50000] Stage B | L=2.1045e+01 (IC=6.401e-01, BC=9.454e-02, PDE=4.047e+00, Qg=1.334e+00) | k=0.15 mD, f=30.6 | Sw=[1.000,1.000] | 2325.9s
2026-02-12 13:05:39 - M5Trainer - INFO - [Step 13900/50000] Stage B | L=2.1722e+01 (IC=5.551e-01, BC=6.787e-03, PDE=1.646e+00, Qg=1.334e+00) | k=0.15 mD, f=30.5 | Sw=[1.000,1.000] | 2348.3s
2026-02-12 13:06:02 - M5Trainer - INFO -   [Sw监控] SY9: Sw=[1.0000, 1.0000, 1.0000], krg_min=1.000000e-04
2026-02-12 13:06:02 - M5Trainer - WARNING -   ⚠️ SY9: Sw_max=1.0000 > 0.95, 可能导致 krg→0 梯度死锁!
2026-02-12 13:06:02 - M5Trainer - INFO - [Step 14000/50000] Stage B | L=1.9254e+01 (IC=5.953e-01, BC=4.807e-02, PDE=5.724e+00, Qg=1.334e+00) | k=0.15 mD, f=30.5 | Sw=[1.000,1.000] | 2370.7s
2026-02-12 13:06:25 - M5Trainer - INFO - [Step 14100/50000] Stage B | L=2.1142e+01 (IC=5.701e-01, BC=2.229e-02, PDE=6.780e+00, Qg=1.334e+00) | k=0.15 mD, f=30.4 | Sw=[1.000,1.000] | 2393.6s
2026-02-12 13:06:48 - M5Trainer - INFO - [Step 14200/50000] Stage B | L=3.1378e+01 (IC=1.483e+00, BC=9.288e-01, PDE=7.223e+00, Qg=1.334e+00) | k=0.15 mD, f=30.3 | Sw=[1.000,1.000] | 2416.5s
2026-02-12 13:07:10 - M5Trainer - INFO - [Step 14300/50000] Stage B | L=1.7574e+01 (IC=5.520e-01, BC=4.894e-03, PDE=1.254e+00, Qg=1.334e+00) | k=0.15 mD, f=30.2 | Sw=[1.000,1.000] | 2439.3s
2026-02-12 13:07:33 - M5Trainer - INFO - [Step 14400/50000] Stage B | L=7.1268e+01 (IC=2.874e+00, BC=2.375e+00, PDE=7.664e+00, Qg=1.334e+00) | k=0.15 mD, f=30.1 | Sw=[1.000,1.000] | 2462.1s
2026-02-12 13:07:56 - M5Trainer - INFO -   [Sw监控] SY9: Sw=[1.0000, 1.0000, 1.0000], krg_min=1.000000e-04
2026-02-12 13:07:56 - M5Trainer - WARNING -   ⚠️ SY9: Sw_max=1.0000 > 0.95, 可能导致 krg→0 梯度死锁!
2026-02-12 13:07:56 - M5Trainer - INFO - [Step 14500/50000] Stage B | L=2.0363e+01 (IC=5.618e-01, BC=1.329e-02, PDE=5.559e+00, Qg=1.334e+00) | k=0.15 mD, f=30.1 | Sw=[1.000,1.000] | 2485.0s
2026-02-12 13:08:19 - M5Trainer - INFO - [Step 14600/50000] Stage B | L=2.0865e+01 (IC=5.813e-01, BC=3.241e-02, PDE=5.903e+00, Qg=1.334e+00) | k=0.15 mD, f=30.0 | Sw=[1.000,1.000] | 2508.2s
2026-02-12 13:08:43 - M5Trainer - INFO - [Step 14700/50000] Stage B | L=2.0046e+01 (IC=5.562e-01, BC=7.562e-03, PDE=4.895e+00, Qg=1.334e+00) | k=0.15 mD, f=30.0 | Sw=[1.000,1.000] | 2531.5s
2026-02-12 13:09:06 - M5Trainer - INFO - [Step 14800/50000] Stage B | L=2.2555e+01 (IC=9.068e-01, BC=3.308e-01, PDE=7.194e+00, Qg=1.334e+00) | k=0.15 mD, f=29.9 | Sw=[1.000,1.000] | 2554.7s
2026-02-12 13:09:29 - M5Trainer - INFO - [Step 14900/50000] Stage B | L=2.0689e+01 (IC=6.464e-01, BC=1.008e-01, PDE=5.981e+00, Qg=1.334e+00) | k=0.15 mD, f=29.8 | Sw=[1.000,1.000] | 2577.9s
2026-02-12 13:09:52 - M5Trainer - INFO -   [Sw监控] SY9: Sw=[1.0000, 1.0000, 1.0000], krg_min=1.000000e-04
2026-02-12 13:09:52 - M5Trainer - WARNING -   ⚠️ SY9: Sw_max=1.0000 > 0.95, 可能导致 krg→0 梯度死锁!
2026-02-12 13:09:52 - M5Trainer - INFO - [Step 15000/50000] Stage B | L=2.1551e+01 (IC=7.578e-01, BC=2.129e-01, PDE=6.593e+00, Qg=1.334e+00) | k=0.15 mD, f=29.7 | Sw=[1.000,1.000] | 2601.2s
2026-02-12 13:10:16 - M5Trainer - INFO - [Step 15100/50000] Stage B | L=2.1629e+01 (IC=6.605e-01, BC=1.089e-01, PDE=6.409e+00, Qg=1.334e+00) | k=0.15 mD, f=29.6 | Sw=[1.000,1.000] | 2624.9s
2026-02-12 13:10:40 - M5Trainer - INFO - [Step 15200/50000] Stage B | L=2.1308e+01 (IC=5.530e-01, BC=6.756e-03, PDE=5.210e+00, Qg=1.334e+00) | k=0.15 mD, f=29.5 | Sw=[1.000,1.000] | 2648.7s
2026-02-12 13:11:04 - M5Trainer - INFO - [Step 15300/50000] Stage B | L=1.8779e+01 (IC=5.618e-01, BC=1.193e-02, PDE=1.699e+00, Qg=1.334e+00) | k=0.15 mD, f=29.5 | Sw=[1.000,1.000] | 2672.4s
2026-02-12 13:11:27 - M5Trainer - INFO - [Step 15400/50000] Stage B | L=2.1746e+01 (IC=5.538e-01, BC=7.284e-03, PDE=5.309e+00, Qg=1.334e+00) | k=0.15 mD, f=29.4 | Sw=[1.000,1.000] | 2696.1s
2026-02-12 13:11:51 - M5Trainer - INFO -   [Sw监控] SY9: Sw=[1.0000, 1.0000, 1.0000], krg_min=1.000000e-04
2026-02-12 13:11:51 - M5Trainer - WARNING -   ⚠️ SY9: Sw_max=1.0000 > 0.95, 可能导致 krg→0 梯度死锁!
2026-02-12 13:11:51 - M5Trainer - INFO - [Step 15500/50000] Stage B | L=1.9051e+01 (IC=5.600e-01, BC=9.974e-03, PDE=1.241e+00, Qg=1.334e+00) | k=0.15 mD, f=29.3 | Sw=[1.000,1.000] | 2720.0s
2026-02-12 13:12:15 - M5Trainer - INFO - [Step 15600/50000] Stage B | L=1.9419e+01 (IC=5.507e-01, BC=4.070e-03, PDE=6.453e-01, Qg=1.334e+00) | k=0.15 mD, f=29.2 | Sw=[1.000,1.000] | 2744.2s
2026-02-12 13:12:40 - M5Trainer - INFO - [Step 15700/50000] Stage B | L=2.0344e+01 (IC=5.588e-01, BC=8.235e-03, PDE=3.603e+00, Qg=1.334e+00) | k=0.15 mD, f=29.1 | Sw=[1.000,1.000] | 2768.5s
2026-02-12 13:13:04 - M5Trainer - INFO - [Step 15800/50000] Stage B | L=2.0014e+01 (IC=5.589e-01, BC=1.347e-02, PDE=3.257e+00, Qg=1.334e+00) | k=0.15 mD, f=29.1 | Sw=[1.000,1.000] | 2792.7s
2026-02-12 13:13:28 - M5Trainer - INFO - [Step 15900/50000] Stage B | L=2.1672e+01 (IC=7.008e-01, BC=1.480e-01, PDE=6.506e+00, Qg=1.334e+00) | k=0.15 mD, f=29.0 | Sw=[1.000,1.000] | 2817.0s
2026-02-12 13:13:52 - M5Trainer - INFO -   [Sw监控] SY9: Sw=[1.0000, 1.0000, 1.0000], krg_min=1.000000e-04
2026-02-12 13:13:52 - M5Trainer - WARNING -   ⚠️ SY9: Sw_max=1.0000 > 0.95, 可能导致 krg→0 梯度死锁!
2026-02-12 13:13:52 - M5Trainer - INFO - [Step 16000/50000] Stage B | L=2.0185e+01 (IC=5.494e-01, BC=1.773e-03, PDE=2.542e-01, Qg=1.334e+00) | k=0.15 mD, f=29.0 | Sw=[1.000,1.000] | 2841.2s
2026-02-12 13:14:17 - M5Trainer - INFO - [Step 16100/50000] Stage B | L=2.0034e+01 (IC=7.017e-01, BC=1.402e-01, PDE=4.887e+00, Qg=1.334e+00) | k=0.15 mD, f=28.9 | Sw=[1.000,1.000] | 2865.9s
2026-02-12 13:14:42 - M5Trainer - INFO - [Step 16200/50000] Stage B | L=2.2485e+01 (IC=5.691e-01, BC=2.024e-02, PDE=5.066e+00, Qg=1.334e+00) | k=0.15 mD, f=28.9 | Sw=[1.000,1.000] | 2890.5s
2026-02-12 13:15:06 - M5Trainer - INFO - [Step 16300/50000] Stage B | L=2.1800e+01 (IC=6.394e-01, BC=9.187e-02, PDE=6.171e+00, Qg=1.334e+00) | k=0.15 mD, f=28.8 | Sw=[1.000,1.000] | 2915.1s
2026-02-12 13:15:31 - M5Trainer - INFO - [Step 16400/50000] Stage B | L=1.8870e+01 (IC=6.224e-01, BC=7.735e-02, PDE=2.046e+00, Qg=1.334e+00) | k=0.15 mD, f=28.7 | Sw=[1.000,1.000] | 2939.8s
2026-02-12 13:15:56 - M5Trainer - INFO -   [Sw监控] SY9: Sw=[1.0000, 1.0000, 1.0000], krg_min=1.000000e-04
2026-02-12 13:15:56 - M5Trainer - WARNING -   ⚠️ SY9: Sw_max=1.0000 > 0.95, 可能导致 krg→0 梯度死锁!
2026-02-12 13:15:56 - M5Trainer - INFO - [Step 16500/50000] Stage B | L=1.9238e+01 (IC=6.024e-01, BC=5.288e-02, PDE=1.391e+00, Qg=1.334e+00) | k=0.15 mD, f=28.7 | Sw=[1.000,1.000] | 2964.6s
2026-02-12 13:16:21 - M5Trainer - INFO - [Step 16600/50000] Stage B | L=2.0795e+01 (IC=5.486e-01, BC=8.305e-04, PDE=7.744e-01, Qg=1.334e+00) | k=0.15 mD, f=28.6 | Sw=[1.000,1.000] | 2989.8s
2026-02-12 13:16:46 - M5Trainer - INFO - [Step 16700/50000] Stage B | L=2.1120e+01 (IC=5.494e-01, BC=7.202e-04, PDE=2.224e-01, Qg=1.334e+00) | k=0.15 mD, f=28.6 | Sw=[1.000,1.000] | 3015.1s
2026-02-12 13:17:11 - M5Trainer - INFO - [Step 16800/50000] Stage B | L=2.4462e+01 (IC=5.608e-01, BC=9.247e-03, PDE=5.761e+00, Qg=1.334e+00) | k=0.15 mD, f=28.5 | Sw=[1.000,1.000] | 3040.3s
2026-02-12 13:17:37 - M5Trainer - INFO - [Step 16900/50000] Stage B | L=2.0684e+01 (IC=5.584e-01, BC=8.076e-03, PDE=1.436e+00, Qg=1.334e+00) | k=0.15 mD, f=28.5 | Sw=[1.000,1.000] | 3065.5s
2026-02-12 13:18:02 - M5Trainer - INFO -   [Sw监控] SY9: Sw=[1.0000, 1.0000, 1.0000], krg_min=1.000000e-04
2026-02-12 13:18:02 - M5Trainer - WARNING -   ⚠️ SY9: Sw_max=1.0000 > 0.95, 可能导致 krg→0 梯度死锁!
2026-02-12 13:18:02 - M5Trainer - INFO - [Step 17000/50000] Stage B | L=2.9463e+01 (IC=1.312e+00, BC=7.445e-01, PDE=7.413e+00, Qg=1.334e+00) | k=0.15 mD, f=28.4 | Sw=[1.000,1.000] | 3090.8s
2026-02-12 13:18:28 - M5Trainer - INFO - [Step 17100/50000] Stage B | L=2.4346e+01 (IC=6.646e-01, BC=1.195e-01, PDE=6.327e+00, Qg=1.334e+00) | k=0.15 mD, f=28.3 | Sw=[1.000,1.000] | 3116.5s
2026-02-12 13:18:53 - M5Trainer - INFO - [Step 17200/50000] Stage B | L=2.3452e+01 (IC=6.139e-01, BC=6.942e-02, PDE=5.545e+00, Qg=1.334e+00) | k=0.15 mD, f=28.3 | Sw=[1.000,1.000] | 3142.2s
2026-02-12 13:19:19 - M5Trainer - INFO - [Step 17300/50000] Stage B | L=2.1392e+01 (IC=5.485e-01, BC=8.984e-04, PDE=1.550e+00, Qg=1.334e+00) | k=0.15 mD, f=28.2 | Sw=[1.000,1.000] | 3167.9s
2026-02-12 13:19:45 - M5Trainer - INFO - [Step 17400/50000] Stage B | L=2.4756e+01 (IC=6.750e-01, BC=1.235e-01, PDE=6.310e+00, Qg=1.334e+00) | k=0.15 mD, f=28.1 | Sw=[1.000,1.000] | 3193.6s
2026-02-12 13:20:11 - M5Trainer - INFO -   [Sw监控] SY9: Sw=[1.0000, 1.0000, 1.0000], krg_min=1.000000e-04
2026-02-12 13:20:11 - M5Trainer - WARNING -   ⚠️ SY9: Sw_max=1.0000 > 0.95, 可能导致 krg→0 梯度死锁!
2026-02-12 13:20:11 - M5Trainer - INFO - [Step 17500/50000] Stage B | L=2.4219e+01 (IC=5.723e-01, BC=2.483e-02, PDE=4.973e+00, Qg=1.334e+00) | k=0.15 mD, f=28.1 | Sw=[1.000,1.000] | 3219.4s
2026-02-12 13:20:37 - M5Trainer - INFO - [Step 17600/50000] Stage B | L=2.0907e+01 (IC=6.068e-01, BC=5.461e-02, PDE=2.337e+00, Qg=1.334e+00) | k=0.15 mD, f=28.0 | Sw=[1.000,1.000] | 3245.6s
2026-02-12 13:21:03 - M5Trainer - INFO - [Step 17700/50000] Stage B | L=2.4726e+01 (IC=5.812e-01, BC=3.751e-02, PDE=5.344e+00, Qg=1.334e+00) | k=0.15 mD, f=28.0 | Sw=[1.000,1.000] | 3271.8s
2026-02-12 13:21:29 - M5Trainer - INFO - [Step 17800/50000] Stage B | L=2.2350e+01 (IC=5.486e-01, BC=9.429e-04, PDE=1.807e-01, Qg=1.334e+00) | k=0.15 mD, f=27.9 | Sw=[1.000,1.000] | 3298.0s
2026-02-12 13:21:55 - M5Trainer - INFO - [Step 17900/50000] Stage B | L=2.4002e+01 (IC=5.671e-01, BC=2.012e-02, PDE=4.307e+00, Qg=1.334e+00) | k=0.15 mD, f=27.9 | Sw=[1.000,1.000] | 3324.2s
