2026-02-10 14:53:40 - M5Trainer - INFO -   torch.compile 已跳过 (Triton 不支持 Windows, 使用 eager 模式)
2026-02-10 14:53:41 - M5Trainer - INFO -   井 SY9: 1025 条同化数据
2026-02-10 14:53:41 - M5Trainer - INFO -   M3 PVT cg(76.0, 141.39) = 0.009744
2026-02-10 14:53:41 - M5Trainer - INFO -   M3 PVT Bg(76.0, 141.39) = 0.002577
2026-02-10 14:53:41 - M5Trainer - INFO -   PDE 缩放: αx=1.017765, αy=2.546600
2026-02-10 14:53:41 - M5Trainer - INFO - M5Trainer 初始化完成: device=cuda, lr=0.001, max_steps=50000, relobralo=True, rar=True
2026-02-10 14:53:41 - M5Trainer - INFO - ============================================================
2026-02-10 14:53:41 - M5Trainer - INFO - M5 PINN 井—藏耦合同化训练开始
2026-02-10 14:53:41 - M5Trainer - INFO - ============================================================
2026-02-10 14:53:41 - M5Trainer - INFO - 训练阶段: A[0-5000] B[5000-17500] C[17500-35000] D[35000-50000]
2026-02-10 14:53:42 - M5Trainer - INFO - [Step     0/50000] Stage A | L=4.1022e+08 (IC=1.000e+00, BC=1.000e+00, PDE=4.102e+10, Qg=1.366e+05) | k=5.00 mD, f=10.0 | Sw=[0.260,0.260] | 0.6s
2026-02-10 14:53:56 - M5Trainer - INFO - [Step   100/50000] Stage A | L=1.5476e+06 (IC=7.988e-01, BC=3.770e-01, PDE=1.548e+08, Qg=5.004e+02) | k=5.00 mD, f=10.0 | Sw=[0.139,0.566] | 14.8s
2026-02-10 14:54:09 - M5Trainer - INFO - [Step   200/50000] Stage A | L=1.3481e-02 (IC=3.218e-02, BC=6.665e-03, PDE=5.174e+04, Qg=6.617e+00) | k=5.00 mD, f=10.0 | Sw=[0.035,0.923] | 27.8s
2026-02-10 14:54:21 - M5Trainer - INFO - [Step   300/50000] Stage A | L=7.4464e-02 (IC=5.170e-03, BC=1.495e-03, PDE=2.893e+05, Qg=7.957e+00) | k=5.00 mD, f=10.0 | Sw=[0.038,0.887] | 39.5s
2026-02-10 14:54:32 - M5Trainer - INFO - [Step   400/50000] Stage A | L=5.7340e-02 (IC=2.557e-03, BC=6.988e-04, PDE=2.364e+05, Qg=6.999e+00) | k=5.00 mD, f=10.0 | Sw=[0.034,0.900] | 51.1s
2026-02-10 14:54:44 - M5Trainer - INFO - [Step   500/50000] Stage A | L=2.7163e-02 (IC=1.456e-03, BC=6.179e-04, PDE=1.538e+05, Qg=6.300e+00) | k=5.00 mD, f=10.0 | Sw=[0.043,0.907] | 62.7s
2026-02-10 14:54:56 - M5Trainer - INFO - [Step   600/50000] Stage A | L=9.4248e-02 (IC=1.504e-03, BC=4.535e-04, PDE=2.744e+05, Qg=5.325e+00) | k=5.00 mD, f=10.0 | Sw=[0.037,0.878] | 74.5s
2026-02-10 14:55:07 - M5Trainer - INFO - [Step   700/50000] Stage A | L=1.7053e-01 (IC=1.055e-03, BC=3.840e-04, PDE=3.971e+05, Qg=3.872e+00) | k=5.00 mD, f=10.0 | Sw=[0.048,0.859] | 86.1s
2026-02-10 14:55:19 - M5Trainer - INFO - [Step   800/50000] Stage A | L=1.4794e-01 (IC=1.584e-03, BC=2.866e-04, PDE=3.567e+05, Qg=3.185e+00) | k=5.00 mD, f=10.0 | Sw=[0.056,0.913] | 97.8s
2026-02-10 14:55:31 - M5Trainer - INFO - [Step   900/50000] Stage A | L=9.3980e-02 (IC=1.243e-03, BC=2.825e-04, PDE=2.729e+05, Qg=3.164e+00) | k=5.00 mD, f=10.0 | Sw=[0.041,0.842] | 109.5s
2026-02-10 14:55:43 - M5Trainer - INFO - [Step  1000/50000] Stage A | L=1.6688e-01 (IC=1.716e-03, BC=4.409e-04, PDE=3.499e+05, Qg=2.913e+00) | k=5.00 mD, f=10.0 | Sw=[0.039,0.874] | 122.0s
2026-02-10 14:55:55 - M5Trainer - INFO - [Step  1100/50000] Stage A | L=1.6562e+00 (IC=7.787e-03, BC=9.547e-03, PDE=1.058e+06, Qg=1.144e+01) | k=5.00 mD, f=10.0 | Sw=[0.100,0.855] | 134.3s
2026-02-10 14:56:08 - M5Trainer - INFO - [Step  1200/50000] Stage A | L=6.6354e-01 (IC=1.372e-03, BC=3.785e-05, PDE=6.543e+05, Qg=7.515e+00) | k=5.00 mD, f=10.0 | Sw=[0.074,0.883] | 146.6s
2026-02-10 14:56:20 - M5Trainer - INFO - [Step  1300/50000] Stage A | L=2.5864e-01 (IC=1.401e-03, BC=1.724e-05, PDE=3.836e+05, Qg=3.776e+00) | k=5.00 mD, f=10.0 | Sw=[0.071,0.913] | 158.9s
2026-02-10 14:56:33 - M5Trainer - INFO - [Step  1400/50000] Stage A | L=9.6804e+01 (IC=6.425e-01, BC=6.476e-01, PDE=1.030e+07, Qg=1.350e+02) | k=5.00 mD, f=10.0 | Sw=[0.013,0.912] | 171.6s
2026-02-10 14:56:45 - M5Trainer - INFO - [Step  1500/50000] Stage A | L=4.9986e+00 (IC=1.922e-02, BC=1.492e-02, PDE=1.511e+06, Qg=3.432e+01) | k=5.00 mD, f=10.0 | Sw=[0.075,0.836] | 184.4s
2026-02-10 14:56:59 - M5Trainer - INFO - [Step  1600/50000] Stage A | L=1.0968e+00 (IC=1.714e-03, BC=3.749e-04, PDE=6.621e+05, Qg=1.137e+01) | k=5.00 mD, f=9.9 | Sw=[0.151,0.857] | 197.5s
2026-02-10 14:57:11 - M5Trainer - INFO - [Step  1700/50000] Stage A | L=9.4181e-01 (IC=3.332e-03, BC=4.167e-04, PDE=5.817e+05, Qg=1.313e+01) | k=5.00 mD, f=9.9 | Sw=[0.031,0.951] | 209.8s
2026-02-10 14:57:23 - M5Trainer - INFO - [Step  1800/50000] Stage A | L=2.4828e-01 (IC=1.983e-03, BC=2.666e-04, PDE=2.808e+05, Qg=9.283e+00) | k=5.00 mD, f=9.9 | Sw=[0.029,0.962] | 222.1s
2026-02-10 14:57:36 - M5Trainer - INFO - [Step  1900/50000] Stage A | L=2.6953e-01 (IC=1.873e-03, BC=2.892e-04, PDE=2.770e+05, Qg=8.647e+00) | k=5.00 mD, f=9.9 | Sw=[0.070,0.965] | 234.5s
2026-02-10 14:57:48 - M5Trainer - INFO - [Step  2000/50000] Stage A | L=2.0536e-01 (IC=6.347e-04, BC=1.496e-04, PDE=2.282e+05, Qg=7.635e+00) | k=5.00 mD, f=9.9 | Sw=[0.055,0.962] | 247.2s
2026-02-10 14:58:01 - M5Trainer - INFO - [Step  2100/50000] Stage A | L=2.4496e+00 (IC=4.439e-03, BC=5.863e-04, PDE=7.624e+05, Qg=3.956e+00) | k=5.00 mD, f=9.9 | Sw=[0.058,0.705] | 260.3s
2026-02-10 14:58:14 - M5Trainer - INFO - [Step  2200/50000] Stage A | L=1.3715e-01 (IC=1.266e-03, BC=1.130e-04, PDE=1.668e+05, Qg=6.346e+00) | k=5.00 mD, f=9.9 | Sw=[0.071,0.852] | 273.3s
2026-02-10 14:58:28 - M5Trainer - INFO - [Step  2300/50000] Stage A | L=3.1100e-01 (IC=1.165e-03, BC=2.633e-04, PDE=2.100e+05, Qg=3.454e+00) | k=5.00 mD, f=9.9 | Sw=[0.187,0.493] | 286.5s
2026-02-10 14:58:41 - M5Trainer - INFO - [Step  2400/50000] Stage A | L=1.1289e+00 (IC=6.747e-04, BC=1.429e-04, PDE=4.248e+05, Qg=2.452e+00) | k=5.00 mD, f=9.9 | Sw=[0.213,0.431] | 300.1s
2026-02-10 14:58:55 - M5Trainer - INFO - [Step  2500/50000] Stage A | L=1.3659e+00 (IC=9.516e-04, BC=1.693e-04, PDE=4.438e+05, Qg=2.555e+00) | k=5.00 mD, f=9.9 | Sw=[0.172,0.474] | 313.6s
2026-02-10 14:59:08 - M5Trainer - INFO - [Step  2600/50000] Stage A | L=1.2809e+00 (IC=1.240e-03, BC=1.813e-04, PDE=4.111e+05, Qg=3.272e+00) | k=5.00 mD, f=9.9 | Sw=[0.171,0.607] | 327.1s
2026-02-10 14:59:22 - M5Trainer - INFO - [Step  2700/50000] Stage A | L=1.1644e+00 (IC=5.834e-02, BC=5.372e-02, PDE=1.667e+05, Qg=5.282e+00) | k=5.00 mD, f=9.9 | Sw=[0.138,0.823] | 340.5s
2026-02-10 14:59:37 - M5Trainer - INFO - [Step  2800/50000] Stage A | L=8.7935e-01 (IC=1.194e-03, BC=8.880e-05, PDE=3.099e+05, Qg=4.080e+00) | k=5.00 mD, f=9.9 | Sw=[0.149,0.763] | 355.8s
2026-02-10 14:59:52 - M5Trainer - INFO - [Step  2900/50000] Stage A | L=2.3687e+01 (IC=4.466e-03, BC=2.160e-03, PDE=1.432e+06, Qg=3.666e+00) | k=5.00 mD, f=9.9 | Sw=[0.126,0.559] | 370.6s
2026-02-10 15:00:06 - M5Trainer - INFO - [Step  3000/50000] Stage A | L=1.1405e+00 (IC=2.357e-03, BC=4.728e-05, PDE=2.924e+05, Qg=5.023e+00) | k=5.00 mD, f=9.9 | Sw=[0.101,0.769] | 385.2s
2026-02-10 15:00:21 - M5Trainer - INFO - [Step  3100/50000] Stage A | L=4.2106e-01 (IC=1.145e-03, BC=3.329e-05, PDE=1.681e+05, Qg=5.273e+00) | k=5.00 mD, f=9.9 | Sw=[0.109,0.807] | 399.6s
2026-02-10 15:00:35 - M5Trainer - INFO - [Step  3200/50000] Stage A | L=2.4734e-01 (IC=9.255e-04, BC=3.391e-05, PDE=1.334e+05, Qg=5.397e+00) | k=5.00 mD, f=9.9 | Sw=[0.078,0.831] | 413.7s
2026-02-10 15:00:49 - M5Trainer - INFO - [Step  3300/50000] Stage A | L=1.8886e-01 (IC=7.277e-04, BC=3.068e-05, PDE=1.120e+05, Qg=5.479e+00) | k=5.00 mD, f=9.9 | Sw=[0.125,0.856] | 428.0s
2026-02-10 15:01:03 - M5Trainer - INFO - [Step  3400/50000] Stage A | L=1.7172e+00 (IC=5.787e-02, BC=4.880e-02, PDE=1.530e+05, Qg=4.838e+00) | k=5.00 mD, f=9.9 | Sw=[0.080,0.820] | 442.1s
2026-02-10 15:01:17 - M5Trainer - INFO - [Step  3500/50000] Stage A | L=2.3342e-01 (IC=5.948e-04, BC=1.987e-05, PDE=1.130e+05, Qg=5.365e+00) | k=5.00 mD, f=9.9 | Sw=[0.139,0.809] | 456.4s
2026-02-10 15:01:33 - M5Trainer - INFO - [Step  3600/50000] Stage A | L=1.9373e-01 (IC=5.602e-04, BC=1.758e-05, PDE=9.904e+04, Qg=5.465e+00) | k=5.00 mD, f=9.9 | Sw=[0.086,0.825] | 472.3s
2026-02-10 15:01:49 - M5Trainer - INFO - [Step  3700/50000] Stage A | L=1.3638e-01 (IC=1.625e-03, BC=3.669e-04, PDE=7.936e+04, Qg=5.511e+00) | k=5.00 mD, f=9.9 | Sw=[0.140,0.807] | 488.3s
2026-02-10 15:02:05 - M5Trainer - INFO - [Step  3800/50000] Stage A | L=1.5928e-01 (IC=7.317e-04, BC=1.606e-05, PDE=7.941e+04, Qg=5.842e+00) | k=5.00 mD, f=9.9 | Sw=[0.108,0.907] | 503.5s
2026-02-10 15:02:19 - M5Trainer - INFO - [Step  3900/50000] Stage A | L=3.8501e+00 (IC=6.554e-03, BC=4.214e-03, PDE=3.957e+05, Qg=3.212e+00) | k=5.00 mD, f=9.9 | Sw=[0.028,0.540] | 517.5s
2026-02-10 15:02:32 - M5Trainer - INFO - [Step  4000/50000] Stage A | L=2.1039e+00 (IC=3.037e-03, BC=2.054e-03, PDE=2.785e+05, Qg=4.025e+00) | k=5.00 mD, f=9.9 | Sw=[0.162,0.671] | 531.3s
2026-02-10 15:02:47 - M5Trainer - INFO - [Step  4100/50000] Stage A | L=7.0784e-01 (IC=8.921e-04, BC=1.177e-04, PDE=1.388e+05, Qg=5.345e+00) | k=5.00 mD, f=9.9 | Sw=[0.150,0.796] | 545.4s
2026-02-10 15:03:01 - M5Trainer - INFO - [Step  4200/50000] Stage A | L=3.0165e-01 (IC=4.386e-04, BC=2.657e-05, PDE=9.063e+04, Qg=5.568e+00) | k=5.00 mD, f=9.9 | Sw=[0.072,0.843] | 559.9s
2026-02-10 15:03:15 - M5Trainer - INFO - [Step  4300/50000] Stage A | L=2.2884e-01 (IC=4.696e-04, BC=2.778e-05, PDE=6.992e+04, Qg=5.717e+00) | k=5.00 mD, f=9.9 | Sw=[0.063,0.883] | 574.0s
2026-02-10 15:03:31 - M5Trainer - INFO - [Step  4400/50000] Stage A | L=1.8742e-01 (IC=4.346e-04, BC=2.613e-05, PDE=6.585e+04, Qg=5.862e+00) | k=5.00 mD, f=9.9 | Sw=[0.126,0.922] | 590.1s
2026-02-10 15:03:46 - M5Trainer - INFO - [Step  4500/50000] Stage A | L=1.8139e-01 (IC=7.205e-04, BC=2.274e-04, PDE=6.256e+04, Qg=5.781e+00) | k=5.00 mD, f=9.9 | Sw=[0.120,0.910] | 604.7s
2026-02-10 15:04:01 - M5Trainer - INFO - [Step  4600/50000] Stage A | L=2.0743e-01 (IC=4.566e-04, BC=1.646e-05, PDE=6.356e+04, Qg=5.794e+00) | k=5.00 mD, f=9.9 | Sw=[0.155,0.956] | 619.6s
2026-02-10 15:04:16 - M5Trainer - INFO - [Step  4700/50000] Stage A | L=2.7233e-01 (IC=5.557e-04, BC=2.676e-05, PDE=6.305e+04, Qg=5.792e+00) | k=5.00 mD, f=9.9 | Sw=[0.087,0.978] | 634.4s
2026-02-10 15:04:31 - M5Trainer - INFO - [Step  4800/50000] Stage A | L=1.9085e-01 (IC=7.694e-04, BC=1.487e-05, PDE=5.592e+04, Qg=5.841e+00) | k=5.00 mD, f=9.9 | Sw=[0.132,0.987] | 650.1s
2026-02-10 15:04:48 - M5Trainer - INFO - [Step  4900/50000] Stage A | L=2.4091e-01 (IC=4.649e-04, BC=3.099e-05, PDE=6.044e+04, Qg=5.774e+00) | k=5.00 mD, f=9.9 | Sw=[0.092,0.986] | 666.5s
2026-02-10 15:05:03 - M5Trainer - INFO - [Step  5000/50000] Stage B | L=3.2185e+01 (IC=3.209e-04, BC=3.327e-05, PDE=6.499e+04, Qg=5.784e+00) | k=5.00 mD, f=9.9 | Sw=[0.036,0.984] | 681.9s
2026-02-10 15:05:20 - M5Trainer - INFO - [Step  5100/50000] Stage B | L=8.5988e+01 (IC=2.305e-02, BC=7.271e-03, PDE=2.175e+05, Qg=5.136e+00) | k=5.00 mD, f=9.9 | Sw=[0.018,0.853] | 699.1s
2026-02-10 15:05:37 - M5Trainer - INFO - [Step  5200/50000] Stage B | L=3.1215e+01 (IC=1.920e-02, BC=6.106e-03, PDE=9.619e+04, Qg=5.947e+00) | k=5.00 mD, f=9.9 | Sw=[0.058,0.979] | 716.2s
2026-02-10 15:05:54 - M5Trainer - INFO - [Step  5300/50000] Stage B | L=2.5484e+01 (IC=5.787e-03, BC=1.398e-04, PDE=6.539e+04, Qg=5.588e+00) | k=5.00 mD, f=9.8 | Sw=[0.069,0.968] | 732.8s
2026-02-10 15:06:11 - M5Trainer - INFO - [Step  5400/50000] Stage B | L=2.0816e+01 (IC=7.231e-03, BC=1.946e-03, PDE=5.460e+04, Qg=5.531e+00) | k=5.00 mD, f=9.8 | Sw=[0.087,0.985] | 750.0s
2026-02-10 15:06:27 - M5Trainer - INFO - [Step  5500/50000] Stage B | L=2.4563e+01 (IC=8.102e-03, BC=7.483e-04, PDE=5.507e+04, Qg=5.610e+00) | k=5.00 mD, f=9.8 | Sw=[0.068,0.999] | 765.6s
2026-02-10 15:06:44 - M5Trainer - INFO - [Step  5600/50000] Stage B | L=4.8748e+01 (IC=6.041e-03, BC=1.931e-03, PDE=7.593e+04, Qg=5.609e+00) | k=5.00 mD, f=9.8 | Sw=[0.002,0.995] | 783.0s
2026-02-10 15:07:02 - M5Trainer - INFO - [Step  5700/50000] Stage B | L=2.7872e+01 (IC=3.702e-03, BC=5.902e-04, PDE=4.868e+04, Qg=5.594e+00) | k=5.00 mD, f=9.8 | Sw=[0.051,0.998] | 801.0s
2026-02-10 15:07:18 - M5Trainer - INFO - [Step  5800/50000] Stage B | L=2.8568e+01 (IC=9.292e-03, BC=1.310e-03, PDE=5.047e+04, Qg=5.545e+00) | k=5.00 mD, f=9.8 | Sw=[0.059,0.997] | 816.8s
2026-02-10 15:07:33 - M5Trainer - INFO - [Step  5900/50000] Stage B | L=3.6334e+01 (IC=6.037e-03, BC=5.657e-04, PDE=5.174e+04, Qg=5.593e+00) | k=5.00 mD, f=9.8 | Sw=[0.062,0.999] | 832.3s
2026-02-10 15:07:49 - M5Trainer - INFO - [Step  6000/50000] Stage B | L=3.5627e+01 (IC=5.388e-03, BC=1.197e-03, PDE=4.862e+04, Qg=5.606e+00) | k=5.00 mD, f=9.8 | Sw=[0.047,0.999] | 847.8s
2026-02-10 15:08:05 - M5Trainer - INFO - [Step  6100/50000] Stage B | L=3.8094e+01 (IC=3.778e-03, BC=3.525e-04, PDE=4.543e+04, Qg=5.550e+00) | k=5.00 mD, f=9.8 | Sw=[0.002,0.999] | 863.9s
2026-02-10 15:08:21 - M5Trainer - INFO - [Step  6200/50000] Stage B | L=3.3438e+01 (IC=4.768e-03, BC=1.378e-03, PDE=4.167e+04, Qg=5.626e+00) | k=5.00 mD, f=9.8 | Sw=[0.003,1.000] | 879.6s
2026-02-10 15:08:36 - M5Trainer - INFO - [Step  6300/50000] Stage B | L=3.9386e+01 (IC=6.945e-03, BC=5.567e-03, PDE=5.039e+04, Qg=5.574e+00) | k=5.00 mD, f=9.8 | Sw=[0.022,1.000] | 895.4s
2026-02-10 15:08:52 - M5Trainer - INFO - [Step  6400/50000] Stage B | L=5.9037e+01 (IC=5.108e-03, BC=2.833e-04, PDE=5.005e+04, Qg=5.539e+00) | k=5.00 mD, f=9.8 | Sw=[0.005,1.000] | 911.4s
2026-02-10 15:09:09 - M5Trainer - INFO - [Step  6500/50000] Stage B | L=1.1546e+01 (IC=1.273e-02, BC=4.803e-03, PDE=2.083e+04, Qg=6.038e+00) | k=5.00 mD, f=9.8 | Sw=[0.012,1.000] | 927.6s
2026-02-10 15:09:26 - M5Trainer - INFO - [Step  6600/50000] Stage B | L=2.1904e+01 (IC=5.023e-03, BC=2.336e-04, PDE=2.365e+04, Qg=5.832e+00) | k=5.00 mD, f=9.8 | Sw=[0.001,1.000] | 944.7s
2026-02-10 15:09:42 - M5Trainer - INFO - [Step  6700/50000] Stage B | L=2.3221e+01 (IC=1.008e-02, BC=2.863e-03, PDE=2.849e+04, Qg=5.793e+00) | k=5.00 mD, f=9.8 | Sw=[0.012,0.999] | 961.4s
2026-02-10 15:10:01 - M5Trainer - INFO - [Step  6800/50000] Stage B | L=3.5742e+01 (IC=4.532e-03, BC=6.947e-04, PDE=2.978e+04, Qg=5.827e+00) | k=5.00 mD, f=9.8 | Sw=[0.004,1.000] | 979.7s
2026-02-10 15:10:19 - M5Trainer - INFO - [Step  6900/50000] Stage B | L=2.7093e+01 (IC=7.411e-03, BC=3.346e-03, PDE=2.788e+04, Qg=5.780e+00) | k=5.00 mD, f=9.8 | Sw=[0.034,1.000] | 998.2s
2026-02-10 15:10:38 - M5Trainer - INFO - [Step  7000/50000] Stage B | L=1.9256e+01 (IC=6.919e-03, BC=2.078e-03, PDE=1.952e+04, Qg=5.816e+00) | k=5.00 mD, f=9.8 | Sw=[0.054,1.000] | 1016.8s
2026-02-10 15:10:57 - M5Trainer - INFO - [Step  7100/50000] Stage B | L=4.1391e+01 (IC=4.971e-03, BC=1.940e-04, PDE=2.692e+04, Qg=5.732e+00) | k=5.00 mD, f=9.8 | Sw=[0.000,1.000] | 1035.9s
2026-02-10 15:11:16 - M5Trainer - INFO - [Step  7200/50000] Stage B | L=2.0466e+01 (IC=5.468e-03, BC=2.348e-03, PDE=1.763e+04, Qg=5.992e+00) | k=5.00 mD, f=9.8 | Sw=[0.000,1.000] | 1055.3s
2026-02-10 15:11:35 - M5Trainer - INFO - [Step  7300/50000] Stage B | L=3.7187e+01 (IC=5.269e-03, BC=7.007e-04, PDE=2.316e+04, Qg=5.829e+00) | k=5.00 mD, f=9.8 | Sw=[0.000,0.999] | 1074.4s
2026-02-10 15:11:54 - M5Trainer - INFO - [Step  7400/50000] Stage B | L=5.2896e+01 (IC=4.057e-03, BC=5.210e-04, PDE=2.641e+04, Qg=5.643e+00) | k=5.00 mD, f=9.8 | Sw=[0.026,0.997] | 1093.3s
2026-02-10 15:12:13 - M5Trainer - INFO - [Step  7500/50000] Stage B | L=4.7624e+01 (IC=5.521e-03, BC=5.068e-04, PDE=2.414e+04, Qg=5.644e+00) | k=5.00 mD, f=9.8 | Sw=[0.061,0.996] | 1112.2s
2026-02-10 15:12:33 - M5Trainer - INFO - [Step  7600/50000] Stage B | L=4.4925e+01 (IC=4.132e-03, BC=3.729e-04, PDE=2.105e+04, Qg=5.621e+00) | k=5.00 mD, f=9.8 | Sw=[0.156,0.995] | 1131.8s
2026-02-10 15:12:51 - M5Trainer - INFO - [Step  7700/50000] Stage B | L=3.7806e+01 (IC=4.660e-03, BC=1.296e-03, PDE=1.905e+04, Qg=5.609e+00) | k=5.00 mD, f=9.8 | Sw=[0.003,0.984] | 1150.2s
2026-02-10 15:13:08 - M5Trainer - INFO - [Step  7800/50000] Stage B | L=5.4322e+01 (IC=6.448e-03, BC=1.997e-03, PDE=2.410e+04, Qg=5.579e+00) | k=5.00 mD, f=9.8 | Sw=[0.091,0.997] | 1167.2s
2026-02-10 15:13:25 - M5Trainer - INFO - [Step  7900/50000] Stage B | L=4.0074e+01 (IC=5.354e-03, BC=1.400e-03, PDE=1.798e+04, Qg=5.641e+00) | k=5.00 mD, f=9.8 | Sw=[0.017,1.000] | 1184.2s
2026-02-10 15:13:42 - M5Trainer - INFO - [Step  8000/50000] Stage B | L=4.5857e+01 (IC=7.273e-03, BC=2.962e-03, PDE=2.050e+04, Qg=5.682e+00) | k=5.00 mD, f=9.8 | Sw=[0.105,0.999] | 1201.0s
2026-02-10 15:14:00 - M5Trainer - INFO - [Step  8100/50000] Stage B | L=2.5886e+01 (IC=9.906e-03, BC=1.164e-03, PDE=1.268e+04, Qg=5.754e+00) | k=5.00 mD, f=9.8 | Sw=[0.094,0.999] | 1218.5s
2026-02-10 15:14:18 - M5Trainer - INFO - [Step  8200/50000] Stage B | L=5.1740e+01 (IC=5.330e-03, BC=1.202e-03, PDE=1.741e+04, Qg=5.592e+00) | k=5.00 mD, f=9.8 | Sw=[0.021,0.999] | 1236.6s
2026-02-10 15:14:37 - M5Trainer - INFO - [Step  8300/50000] Stage B | L=2.0259e+01 (IC=1.567e-02, BC=7.086e-03, PDE=1.378e+04, Qg=5.666e+00) | k=5.00 mD, f=9.7 | Sw=[0.082,0.998] | 1255.7s
2026-02-10 15:14:54 - M5Trainer - INFO - [Step  8400/50000] Stage B | L=7.0925e+01 (IC=5.490e-03, BC=1.871e-03, PDE=1.914e+04, Qg=5.574e+00) | k=5.00 mD, f=9.7 | Sw=[0.010,1.000] | 1272.7s
2026-02-10 15:15:11 - M5Trainer - INFO - [Step  8500/50000] Stage B | L=7.5919e+00 (IC=6.314e-02, BC=6.491e-02, PDE=1.081e+04, Qg=5.979e+00) | k=5.00 mD, f=9.7 | Sw=[0.048,0.999] | 1289.6s
2026-02-10 15:15:29 - M5Trainer - INFO - [Step  8600/50000] Stage B | L=5.3161e+01 (IC=6.852e-03, BC=1.765e-03, PDE=1.395e+04, Qg=5.579e+00) | k=5.00 mD, f=9.7 | Sw=[0.003,0.999] | 1308.0s
2026-02-10 15:15:47 - M5Trainer - INFO - [Step  8700/50000] Stage B | L=6.2093e+01 (IC=5.722e-03, BC=1.912e-03, PDE=1.441e+04, Qg=5.581e+00) | k=5.00 mD, f=9.7 | Sw=[0.111,0.998] | 1325.9s
2026-02-10 15:16:04 - M5Trainer - INFO - [Step  8800/50000] Stage B | L=3.4479e+01 (IC=3.329e-02, BC=3.895e-02, PDE=1.878e+04, Qg=5.575e+00) | k=5.00 mD, f=9.7 | Sw=[0.018,0.998] | 1343.4s
2026-02-10 15:16:22 - M5Trainer - INFO - [Step  8900/50000] Stage B | L=8.4947e+01 (IC=1.347e-02, BC=3.746e-03, PDE=1.766e+04, Qg=5.557e+00) | k=5.00 mD, f=9.7 | Sw=[0.041,0.999] | 1361.2s
2026-02-10 15:16:40 - M5Trainer - INFO - [Step  9000/50000] Stage B | L=7.0405e+01 (IC=1.089e-02, BC=5.874e-03, PDE=1.538e+04, Qg=5.591e+00) | k=5.00 mD, f=9.6 | Sw=[0.009,0.995] | 1379.1s
2026-02-10 15:17:01 - M5Trainer - INFO - [Step  9100/50000] Stage B | L=7.9905e+01 (IC=1.078e-02, BC=3.887e-03, PDE=1.475e+04, Qg=5.576e+00) | k=5.00 mD, f=9.6 | Sw=[0.042,1.000] | 1399.5s
2026-02-10 15:17:19 - M5Trainer - INFO - [Step  9200/50000] Stage B | L=4.5531e+01 (IC=1.825e-02, BC=1.707e-02, PDE=1.258e+04, Qg=5.527e+00) | k=5.00 mD, f=9.6 | Sw=[0.089,0.999] | 1417.6s
2026-02-10 15:17:36 - M5Trainer - INFO - [Step  9300/50000] Stage B | L=7.2811e+01 (IC=1.335e-02, BC=1.503e-02, PDE=1.504e+04, Qg=5.536e+00) | k=5.00 mD, f=9.5 | Sw=[0.099,0.999] | 1435.3s
2026-02-10 15:17:54 - M5Trainer - INFO - [Step  9400/50000] Stage B | L=9.0435e+01 (IC=1.340e-02, BC=9.314e-03, PDE=1.423e+04, Qg=5.512e+00) | k=5.00 mD, f=9.5 | Sw=[0.047,0.999] | 1453.0s
2026-02-10 15:18:12 - M5Trainer - INFO - [Step  9500/50000] Stage B | L=2.8085e+02 (IC=2.711e-02, BC=8.510e-03, PDE=2.840e+04, Qg=5.999e+00) | k=5.00 mD, f=9.5 | Sw=[0.058,0.998] | 1470.7s
2026-02-10 15:18:30 - M5Trainer - INFO - [Step  9600/50000] Stage B | L=8.7750e+01 (IC=1.461e-02, BC=7.176e-03, PDE=1.221e+04, Qg=5.525e+00) | k=5.00 mD, f=9.5 | Sw=[0.098,0.997] | 1488.9s
2026-02-10 15:18:48 - M5Trainer - INFO - [Step  9700/50000] Stage B | L=1.2146e+02 (IC=8.527e-03, BC=2.995e-03, PDE=1.243e+04, Qg=5.486e+00) | k=5.00 mD, f=9.5 | Sw=[0.011,0.998] | 1507.0s
2026-02-10 15:19:07 - M5Trainer - INFO - [Step  9800/50000] Stage B | L=1.6585e+02 (IC=2.541e-02, BC=2.392e-03, PDE=1.571e+04, Qg=5.508e+00) | k=5.00 mD, f=9.5 | Sw=[0.058,0.997] | 1525.9s
2026-02-10 15:19:25 - M5Trainer - INFO - [Step  9900/50000] Stage B | L=1.0929e+02 (IC=1.174e-02, BC=5.421e-03, PDE=1.125e+04, Qg=5.499e+00) | k=5.00 mD, f=9.5 | Sw=[0.012,0.997] | 1544.3s
2026-02-10 15:19:43 - M5Trainer - INFO - [Step 10000/50000] Stage B | L=9.5548e+01 (IC=1.512e-02, BC=5.904e-03, PDE=1.023e+04, Qg=5.527e+00) | k=5.00 mD, f=9.4 | Sw=[0.145,0.998] | 1562.3s
2026-02-10 15:20:02 - M5Trainer - INFO - [Step 10100/50000] Stage B | L=1.1344e+02 (IC=1.005e-02, BC=4.601e-03, PDE=9.834e+03, Qg=5.497e+00) | k=5.00 mD, f=9.4 | Sw=[0.147,0.997] | 1580.7s
2026-02-10 15:20:20 - M5Trainer - INFO - [Step 10200/50000] Stage B | L=5.5929e+02 (IC=3.384e-02, BC=1.745e-02, PDE=2.831e+04, Qg=4.952e+00) | k=5.00 mD, f=9.4 | Sw=[0.036,0.997] | 1599.1s
2026-02-10 15:20:39 - M5Trainer - INFO - [Step 10300/50000] Stage B | L=7.4731e+02 (IC=1.505e-02, BC=1.297e-02, PDE=2.708e+04, Qg=4.568e+00) | k=5.00 mD, f=9.4 | Sw=[0.040,0.991] | 1618.4s
2026-02-10 15:21:00 - M5Trainer - INFO - [Step 10400/50000] Stage B | L=9.3421e+02 (IC=2.789e-02, BC=9.165e-03, PDE=2.913e+04, Qg=4.292e+00) | k=5.00 mD, f=9.4 | Sw=[0.006,0.998] | 1638.7s
2026-02-10 15:21:20 - M5Trainer - INFO - [Step 10500/50000] Stage B | L=5.3394e+02 (IC=2.154e-02, BC=8.612e-03, PDE=1.996e+04, Qg=4.691e+00) | k=5.00 mD, f=9.4 | Sw=[0.023,0.967] | 1659.3s
2026-02-10 15:21:41 - M5Trainer - INFO - [Step 10600/50000] Stage B | L=8.7392e+02 (IC=2.451e-02, BC=9.333e-03, PDE=2.447e+04, Qg=4.328e+00) | k=5.00 mD, f=9.4 | Sw=[0.053,0.966] | 1680.3s
2026-02-10 15:22:01 - M5Trainer - INFO - [Step 10700/50000] Stage B | L=5.6791e+02 (IC=2.598e-02, BC=1.070e-02, PDE=1.883e+04, Qg=4.823e+00) | k=5.00 mD, f=9.4 | Sw=[0.061,0.996] | 1700.1s
2026-02-10 15:22:21 - M5Trainer - INFO - [Step 10800/50000] Stage B | L=2.6488e+02 (IC=2.055e-01, BC=1.936e-01, PDE=2.398e+04, Qg=4.339e+00) | k=5.00 mD, f=9.4 | Sw=[0.040,0.968] | 1719.8s
2026-02-10 15:22:41 - M5Trainer - INFO - [Step 10900/50000] Stage B | L=7.0925e+02 (IC=3.170e-02, BC=1.287e-02, PDE=1.876e+04, Qg=4.801e+00) | k=5.00 mD, f=9.4 | Sw=[0.088,0.999] | 1740.0s
2026-02-10 15:23:02 - M5Trainer - INFO - [Step 11000/50000] Stage B | L=1.2206e+03 (IC=3.649e-02, BC=9.548e-03, PDE=2.319e+04, Qg=4.521e+00) | k=5.00 mD, f=9.4 | Sw=[0.108,0.996] | 1760.8s
2026-02-10 15:23:23 - M5Trainer - INFO - [Step 11100/50000] Stage B | L=1.5648e+03 (IC=2.376e-02, BC=1.782e-02, PDE=2.503e+04, Qg=4.254e+00) | k=5.00 mD, f=9.4 | Sw=[0.053,0.991] | 1781.6s
2026-02-10 15:23:44 - M5Trainer - INFO - [Step 11200/50000] Stage B | L=1.7876e+03 (IC=7.895e-02, BC=4.479e-02, PDE=3.187e+04, Qg=4.184e+00) | k=5.00 mD, f=9.4 | Sw=[0.063,0.991] | 1802.9s
2026-02-10 15:24:07 - M5Trainer - INFO - [Step 11300/50000] Stage B | L=2.6449e+03 (IC=3.206e-02, BC=1.659e-02, PDE=2.967e+04, Qg=4.034e+00) | k=5.00 mD, f=9.4 | Sw=[0.059,0.996] | 1825.6s
2026-02-10 15:24:28 - M5Trainer - INFO - [Step 11400/50000] Stage B | L=1.4494e+03 (IC=1.218e-01, BC=3.496e-02, PDE=2.592e+04, Qg=4.201e+00) | k=5.00 mD, f=9.4 | Sw=[0.070,0.997] | 1846.9s
2026-02-10 15:24:48 - M5Trainer - INFO - [Step 11500/50000] Stage B | L=1.5944e+03 (IC=1.219e-01, BC=1.792e-02, PDE=2.633e+04, Qg=4.532e+00) | k=5.00 mD, f=9.4 | Sw=[0.004,0.998] | 1866.5s
2026-02-10 15:25:08 - M5Trainer - INFO - [Step 11600/50000] Stage B | L=1.6930e+03 (IC=2.123e-01, BC=3.320e-02, PDE=2.617e+04, Qg=4.118e+00) | k=5.00 mD, f=9.4 | Sw=[0.032,0.997] | 1886.5s
2026-02-10 15:25:28 - M5Trainer - INFO - [Step 11700/50000] Stage B | L=1.2482e+03 (IC=5.336e-02, BC=1.802e-02, PDE=1.665e+04, Qg=4.632e+00) | k=5.00 mD, f=9.4 | Sw=[0.089,0.998] | 1906.6s
2026-02-10 15:25:49 - M5Trainer - INFO - [Step 11800/50000] Stage B | L=1.4666e+03 (IC=1.441e-01, BC=2.429e-02, PDE=1.951e+04, Qg=4.422e+00) | k=5.00 mD, f=9.4 | Sw=[0.020,0.999] | 1928.0s
2026-02-10 15:26:11 - M5Trainer - INFO - [Step 11900/50000] Stage B | L=2.0867e+03 (IC=1.055e-01, BC=6.610e-02, PDE=2.315e+04, Qg=4.078e+00) | k=5.00 mD, f=9.4 | Sw=[0.048,0.997] | 1950.4s
2026-02-10 15:26:33 - M5Trainer - INFO - [Step 12000/50000] Stage B | L=1.2716e+03 (IC=1.362e-01, BC=4.810e-02, PDE=1.702e+04, Qg=4.660e+00) | k=5.00 mD, f=9.4 | Sw=[0.009,0.999] | 1971.7s
2026-02-10 15:26:54 - M5Trainer - INFO - [Step 12100/50000] Stage B | L=1.3910e+03 (IC=7.138e-02, BC=2.273e-02, PDE=1.450e+04, Qg=4.712e+00) | k=5.00 mD, f=9.4 | Sw=[0.048,0.997] | 1992.6s
2026-02-10 15:27:15 - M5Trainer - INFO - [Step 12200/50000] Stage B | L=1.3862e+03 (IC=1.005e-01, BC=5.380e-02, PDE=1.462e+04, Qg=4.655e+00) | k=5.00 mD, f=9.4 | Sw=[0.035,0.999] | 2013.7s
2026-02-10 15:27:36 - M5Trainer - INFO - [Step 12300/50000] Stage B | L=1.5124e+03 (IC=1.558e-01, BC=3.495e-02, PDE=1.474e+04, Qg=4.628e+00) | k=5.00 mD, f=9.4 | Sw=[0.031,0.999] | 2035.1s
2026-02-10 15:27:59 - M5Trainer - INFO - [Step 12400/50000] Stage B | L=1.7019e+03 (IC=1.172e-01, BC=3.805e-02, PDE=1.426e+04, Qg=4.734e+00) | k=5.00 mD, f=9.4 | Sw=[0.012,0.998] | 2058.4s
2026-02-10 15:28:23 - M5Trainer - INFO - [Step 12500/50000] Stage B | L=1.9621e+03 (IC=1.130e-01, BC=3.666e-02, PDE=1.435e+04, Qg=4.644e+00) | k=5.00 mD, f=9.4 | Sw=[0.017,0.999] | 2081.5s
2026-02-10 15:28:47 - M5Trainer - INFO - [Step 12600/50000] Stage B | L=1.3939e+03 (IC=1.615e-01, BC=2.925e-02, PDE=1.154e+04, Qg=4.824e+00) | k=5.00 mD, f=9.4 | Sw=[0.067,0.999] | 2105.7s
2026-02-10 15:29:10 - M5Trainer - INFO - [Step 12700/50000] Stage B | L=3.6670e+03 (IC=1.620e-01, BC=4.070e-02, PDE=1.839e+04, Qg=4.274e+00) | k=5.00 mD, f=9.4 | Sw=[0.047,0.995] | 2129.4s
2026-02-10 15:29:33 - M5Trainer - INFO - [Step 12800/50000] Stage B | L=1.8520e+03 (IC=1.614e-01, BC=5.431e-02, PDE=1.242e+04, Qg=4.665e+00) | k=5.00 mD, f=9.4 | Sw=[0.037,0.956] | 2152.3s
2026-02-10 15:29:56 - M5Trainer - INFO - [Step 12900/50000] Stage B | L=2.0462e+03 (IC=2.065e-01, BC=4.855e-02, PDE=1.285e+04, Qg=4.720e+00) | k=5.00 mD, f=9.4 | Sw=[0.055,0.999] | 2175.1s
2026-02-10 15:30:20 - M5Trainer - INFO - [Step 13000/50000] Stage B | L=3.8520e+03 (IC=1.320e-01, BC=5.358e-02, PDE=1.625e+04, Qg=4.642e+00) | k=5.00 mD, f=9.4 | Sw=[0.029,0.995] | 2199.0s
2026-02-10 15:30:44 - M5Trainer - INFO - [Step 13100/50000] Stage B | L=2.7102e+03 (IC=2.474e-01, BC=4.725e-02, PDE=1.350e+04, Qg=4.642e+00) | k=5.00 mD, f=9.4 | Sw=[0.014,0.997] | 2222.6s
2026-02-10 15:31:07 - M5Trainer - INFO - [Step 13200/50000] Stage B | L=1.4214e+03 (IC=2.589e-01, BC=5.701e-02, PDE=1.003e+04, Qg=4.801e+00) | k=5.00 mD, f=9.4 | Sw=[0.020,0.999] | 2246.2s
2026-02-10 15:31:30 - M5Trainer - INFO - [Step 13300/50000] Stage B | L=1.9011e+03 (IC=2.434e-01, BC=5.106e-02, PDE=1.052e+04, Qg=4.998e+00) | k=5.00 mD, f=9.4 | Sw=[0.019,0.999] | 2269.1s
2026-02-10 15:31:53 - M5Trainer - INFO - [Step 13400/50000] Stage B | L=2.0755e+03 (IC=2.062e-01, BC=7.970e-02, PDE=1.021e+04, Qg=4.737e+00) | k=5.00 mD, f=9.4 | Sw=[0.043,0.995] | 2291.7s
2026-02-10 15:32:16 - M5Trainer - INFO - [Step 13500/50000] Stage B | L=3.7109e+03 (IC=2.305e-01, BC=8.109e-02, PDE=1.265e+04, Qg=4.723e+00) | k=5.00 mD, f=9.4 | Sw=[0.050,0.999] | 2315.1s
2026-02-10 15:32:40 - M5Trainer - INFO - [Step 13600/50000] Stage B | L=2.2157e+03 (IC=2.664e-01, BC=5.302e-02, PDE=8.972e+03, Qg=4.776e+00) | k=5.00 mD, f=9.4 | Sw=[0.074,1.000] | 2338.5s
2026-02-10 15:33:03 - M5Trainer - INFO - [Step 13700/50000] Stage B | L=2.9102e+03 (IC=3.796e-01, BC=4.929e-02, PDE=1.004e+04, Qg=5.035e+00) | k=5.00 mD, f=9.4 | Sw=[0.053,0.997] | 2361.6s
2026-02-10 15:33:25 - M5Trainer - INFO - [Step 13800/50000] Stage B | L=2.0731e+03 (IC=3.337e-01, BC=6.722e-02, PDE=8.068e+03, Qg=5.157e+00) | k=5.00 mD, f=9.4 | Sw=[0.095,1.000] | 2384.3s
2026-02-10 15:33:48 - M5Trainer - INFO - [Step 13900/50000] Stage B | L=2.6159e+03 (IC=2.815e-01, BC=7.180e-02, PDE=8.517e+03, Qg=4.944e+00) | k=5.00 mD, f=9.4 | Sw=[0.041,0.999] | 2407.1s
2026-02-10 15:34:11 - M5Trainer - INFO - [Step 14000/50000] Stage B | L=1.7590e+03 (IC=2.132e-01, BC=7.716e-02, PDE=6.759e+03, Qg=5.214e+00) | k=5.00 mD, f=9.4 | Sw=[0.014,0.999] | 2429.8s
2026-02-10 15:34:34 - M5Trainer - INFO - [Step 14100/50000] Stage B | L=5.4617e+02 (IC=1.472e+00, BC=1.354e+00, PDE=5.653e+03, Qg=5.230e+00) | k=5.00 mD, f=9.4 | Sw=[0.029,0.995] | 2453.1s
2026-02-10 15:34:58 - M5Trainer - INFO - [Step 14200/50000] Stage B | L=4.1123e+03 (IC=2.931e-01, BC=1.050e-01, PDE=9.583e+03, Qg=5.200e+00) | k=5.00 mD, f=9.4 | Sw=[0.029,0.999] | 2476.4s
2026-02-10 15:35:21 - M5Trainer - INFO - [Step 14300/50000] Stage B | L=1.9786e+03 (IC=4.429e-01, BC=5.977e-02, PDE=6.178e+03, Qg=5.228e+00) | k=5.00 mD, f=9.4 | Sw=[0.041,0.999] | 2499.8s
2026-02-10 15:35:45 - M5Trainer - INFO - [Step 14400/50000] Stage B | L=2.2967e+03 (IC=3.095e-01, BC=1.100e-01, PDE=6.356e+03, Qg=5.139e+00) | k=5.00 mD, f=9.4 | Sw=[0.045,0.999] | 2524.4s
2026-02-10 15:36:10 - M5Trainer - INFO - [Step 14500/50000] Stage B | L=1.4810e+03 (IC=3.249e-01, BC=8.471e-02, PDE=4.800e+03, Qg=5.559e+00) | k=5.00 mD, f=9.4 | Sw=[0.018,0.998] | 2549.1s
2026-02-10 15:36:35 - M5Trainer - INFO - [Step 14600/50000] Stage B | L=1.2756e+03 (IC=2.447e-01, BC=8.323e-02, PDE=4.141e+03, Qg=5.395e+00) | k=5.00 mD, f=9.4 | Sw=[0.024,1.000] | 2573.8s
2026-02-10 15:36:59 - M5Trainer - INFO - [Step 14700/50000] Stage B | L=2.8776e+03 (IC=4.134e-01, BC=7.696e-02, PDE=6.379e+03, Qg=5.259e+00) | k=5.00 mD, f=9.4 | Sw=[0.061,0.999] | 2598.2s
2026-02-10 15:37:23 - M5Trainer - INFO - [Step 14800/50000] Stage B | L=5.4247e+03 (IC=3.739e-01, BC=1.282e-01, PDE=8.540e+03, Qg=5.091e+00) | k=5.00 mD, f=9.4 | Sw=[0.046,0.999] | 2622.0s
2026-02-10 15:37:47 - M5Trainer - INFO - [Step 14900/50000] Stage B | L=2.1854e+03 (IC=2.638e-01, BC=8.145e-02, PDE=4.768e+03, Qg=5.276e+00) | k=5.00 mD, f=9.4 | Sw=[0.010,0.999] | 2645.6s
2026-02-10 15:38:11 - M5Trainer - INFO - [Step 15000/50000] Stage B | L=3.0064e+03 (IC=3.694e-01, BC=8.673e-02, PDE=5.525e+03, Qg=5.344e+00) | k=5.00 mD, f=9.4 | Sw=[0.055,0.999] | 2669.9s
2026-02-10 15:38:36 - M5Trainer - INFO - [Step 15100/50000] Stage B | L=3.0813e+03 (IC=3.247e-01, BC=8.823e-02, PDE=5.333e+03, Qg=5.262e+00) | k=5.00 mD, f=9.4 | Sw=[0.024,0.998] | 2695.2s
2026-02-10 15:39:01 - M5Trainer - INFO - [Step 15200/50000] Stage B | L=8.8220e+02 (IC=9.119e-01, BC=8.416e-01, PDE=3.426e+03, Qg=5.387e+00) | k=5.00 mD, f=9.4 | Sw=[0.040,1.000] | 2720.2s
2026-02-10 15:39:27 - M5Trainer - INFO - [Step 15300/50000] Stage B | L=2.9380e+03 (IC=3.835e-01, BC=5.291e-02, PDE=4.552e+03, Qg=5.387e+00) | k=5.00 mD, f=9.4 | Sw=[0.042,0.999] | 2745.9s
2026-02-10 15:39:51 - M5Trainer - INFO - [Step 15400/50000] Stage B | L=2.8138e+03 (IC=5.417e-01, BC=7.265e-02, PDE=4.398e+03, Qg=5.340e+00) | k=5.00 mD, f=9.4 | Sw=[0.032,0.999] | 2770.1s
2026-02-10 15:40:15 - M5Trainer - INFO - [Step 15500/50000] Stage B | L=2.5383e+03 (IC=6.408e-01, BC=9.036e-02, PDE=4.165e+03, Qg=5.391e+00) | k=5.00 mD, f=9.4 | Sw=[0.038,0.999] | 2794.4s
2026-02-10 15:40:40 - M5Trainer - INFO - [Step 15600/50000] Stage B | L=2.1666e+03 (IC=4.278e-01, BC=1.285e-01, PDE=3.603e+03, Qg=5.395e+00) | k=5.00 mD, f=9.4 | Sw=[0.016,0.996] | 2819.3s
2026-02-10 15:41:05 - M5Trainer - INFO - [Step 15700/50000] Stage B | L=1.4164e+03 (IC=7.611e-01, BC=3.693e-01, PDE=3.192e+03, Qg=5.425e+00) | k=5.00 mD, f=9.4 | Sw=[0.023,1.000] | 2844.0s
2026-02-10 15:41:30 - M5Trainer - INFO - [Step 15800/50000] Stage B | L=3.2660e+03 (IC=8.209e-01, BC=1.402e-01, PDE=4.422e+03, Qg=5.196e+00) | k=5.00 mD, f=9.4 | Sw=[0.045,0.995] | 2868.6s
2026-02-10 15:41:54 - M5Trainer - INFO - [Step 15900/50000] Stage B | L=2.1269e+03 (IC=3.815e-01, BC=1.750e-01, PDE=3.177e+03, Qg=5.489e+00) | k=5.00 mD, f=9.4 | Sw=[0.026,1.000] | 2893.3s
2026-02-10 15:42:20 - M5Trainer - INFO - [Step 16000/50000] Stage B | L=4.0049e+03 (IC=9.931e-01, BC=2.347e-01, PDE=4.614e+03, Qg=5.336e+00) | k=5.00 mD, f=9.4 | Sw=[0.036,0.998] | 2918.7s
2026-02-10 15:42:44 - M5Trainer - INFO - [Step 16100/50000] Stage B | L=3.5760e+03 (IC=7.194e-01, BC=9.442e-02, PDE=3.882e+03, Qg=5.443e+00) | k=5.00 mD, f=9.4 | Sw=[0.032,0.999] | 2942.8s
2026-02-10 15:43:08 - M5Trainer - INFO - [Step 16200/50000] Stage B | L=3.3507e+03 (IC=6.470e-01, BC=1.475e-01, PDE=3.712e+03, Qg=5.341e+00) | k=5.00 mD, f=9.4 | Sw=[0.006,0.998] | 2966.5s
2026-02-10 15:43:31 - M5Trainer - INFO - [Step 16300/50000] Stage B | L=3.4023e+03 (IC=8.794e-01, BC=1.468e-01, PDE=3.640e+03, Qg=5.423e+00) | k=5.00 mD, f=9.4 | Sw=[0.013,0.989] | 2990.3s
2026-02-10 15:43:55 - M5Trainer - INFO - [Step 16400/50000] Stage B | L=3.3111e+03 (IC=6.503e-01, BC=1.559e-01, PDE=3.608e+03, Qg=5.477e+00) | k=5.00 mD, f=9.4 | Sw=[0.032,0.996] | 3014.1s
2026-02-10 15:44:19 - M5Trainer - INFO - [Step 16500/50000] Stage B | L=3.3368e+03 (IC=1.024e+00, BC=2.056e-01, PDE=3.584e+03, Qg=5.440e+00) | k=5.00 mD, f=9.4 | Sw=[0.006,0.999] | 3037.8s
2026-02-10 15:44:43 - M5Trainer - INFO - [Step 16600/50000] Stage B | L=2.5614e+03 (IC=1.417e+00, BC=3.806e-01, PDE=3.174e+03, Qg=5.419e+00) | k=5.00 mD, f=9.4 | Sw=[0.023,0.999] | 3062.1s
2026-02-10 15:45:07 - M5Trainer - INFO - [Step 16700/50000] Stage B | L=1.9760e+03 (IC=1.083e+00, BC=6.621e-01, PDE=2.752e+03, Qg=5.485e+00) | k=5.00 mD, f=9.4 | Sw=[0.028,0.998] | 3086.4s
2026-02-10 15:45:32 - M5Trainer - INFO - [Step 16800/50000] Stage B | L=2.3822e+03 (IC=6.957e-01, BC=1.524e-01, PDE=2.487e+03, Qg=5.506e+00) | k=5.00 mD, f=9.4 | Sw=[0.023,0.998] | 3110.7s
2026-02-10 15:45:56 - M5Trainer - INFO - [Step 16900/50000] Stage B | L=3.2126e+03 (IC=8.738e-01, BC=1.306e-01, PDE=2.899e+03, Qg=5.422e+00) | k=5.00 mD, f=9.4 | Sw=[0.014,1.000] | 3135.0s
2026-02-10 15:46:21 - M5Trainer - INFO - [Step 17000/50000] Stage B | L=3.0248e+03 (IC=1.057e+00, BC=1.341e-01, PDE=3.218e+03, Qg=5.415e+00) | k=5.00 mD, f=9.4 | Sw=[0.030,0.994] | 3160.3s
2026-02-10 15:46:47 - M5Trainer - INFO - [Step 17100/50000] Stage B | L=6.0332e+03 (IC=6.536e-01, BC=2.154e-01, PDE=4.100e+03, Qg=5.334e+00) | k=5.00 mD, f=9.4 | Sw=[0.007,0.999] | 3186.4s
2026-02-10 15:47:12 - M5Trainer - INFO - [Step 17200/50000] Stage B | L=3.9357e+03 (IC=1.181e+00, BC=1.330e-01, PDE=3.012e+03, Qg=5.406e+00) | k=5.00 mD, f=9.4 | Sw=[0.016,1.000] | 3211.2s
2026-02-10 15:47:37 - M5Trainer - INFO - [Step 17300/50000] Stage B | L=3.0254e+03 (IC=1.164e+00, BC=2.022e-01, PDE=2.562e+03, Qg=5.429e+00) | k=5.00 mD, f=9.4 | Sw=[0.005,1.000] | 3236.0s
2026-02-10 15:48:02 - M5Trainer - INFO - [Step 17400/50000] Stage B | L=2.5920e+03 (IC=1.024e+00, BC=1.682e-01, PDE=2.406e+03, Qg=5.555e+00) | k=5.00 mD, f=9.4 | Sw=[0.017,1.000] | 3260.6s
2026-02-10 15:48:27 - M5Trainer - INFO - [Step 17500/50000] Stage C | L=2.3345e+03 (IC=1.838e+00, BC=1.292e-01, PDE=2.153e+03, Qg=5.483e+00) | k=5.00 mD, f=9.4 | Sw=[0.017,0.999] | 3285.8s
2026-02-10 15:48:55 - M5Trainer - INFO - [Step 17600/50000] Stage C | L=3.7798e+03 (IC=1.286e+00, BC=1.747e-01, PDE=2.663e+03, Qg=5.467e+00) | k=5.00 mD, f=9.4 | Sw=[0.016,1.000] | 3313.6s
2026-02-10 15:49:21 - M5Trainer - INFO - [Step 17700/50000] Stage C | L=3.2932e+03 (IC=1.553e+00, BC=3.884e-01, PDE=2.574e+03, Qg=5.446e+00) | k=5.00 mD, f=9.4 | Sw=[0.007,0.998] | 3339.6s
2026-02-10 15:49:48 - M5Trainer - INFO - [Step 17800/50000] Stage C | L=5.7227e+03 (IC=2.154e+00, BC=2.182e-01, PDE=3.314e+03, Qg=5.414e+00) | k=5.00 mD, f=9.4 | Sw=[0.015,1.000] | 3367.2s
2026-02-10 15:50:15 - M5Trainer - INFO - [Step 17900/50000] Stage C | L=4.3836e+03 (IC=1.724e+00, BC=2.771e-01, PDE=2.821e+03, Qg=5.412e+00) | k=5.00 mD, f=9.4 | Sw=[0.017,1.000] | 3394.3s
2026-02-10 15:50:42 - M5Trainer - INFO - [Step 18000/50000] Stage C | L=4.8202e+03 (IC=1.221e+00, BC=1.692e-01, PDE=2.749e+03, Qg=5.447e+00) | k=5.00 mD, f=9.4 | Sw=[0.006,1.000] | 3421.2s
2026-02-10 15:51:10 - M5Trainer - INFO - [Step 18100/50000] Stage C | L=5.3174e+03 (IC=1.259e+00, BC=1.605e-01, PDE=2.841e+03, Qg=5.401e+00) | k=5.00 mD, f=9.4 | Sw=[0.008,1.000] | 3449.2s
2026-02-10 15:51:37 - M5Trainer - INFO - [Step 18200/50000] Stage C | L=3.1725e+03 (IC=2.413e+00, BC=2.529e-01, PDE=2.262e+03, Qg=5.446e+00) | k=5.00 mD, f=9.4 | Sw=[0.004,0.999] | 3476.3s
2026-02-10 15:52:04 - M5Trainer - INFO - [Step 18300/50000] Stage C | L=3.7801e+03 (IC=1.765e+00, BC=1.998e-01, PDE=2.356e+03, Qg=5.451e+00) | k=5.00 mD, f=9.4 | Sw=[0.012,0.999] | 3503.1s
2026-02-10 15:52:31 - M5Trainer - INFO - [Step 18400/50000] Stage C | L=5.3099e+03 (IC=2.127e+00, BC=3.084e-01, PDE=2.893e+03, Qg=5.452e+00) | k=5.00 mD, f=9.4 | Sw=[0.017,0.999] | 3530.2s
2026-02-10 15:53:00 - M5Trainer - INFO - [Step 18500/50000] Stage C | L=3.7498e+03 (IC=1.595e+00, BC=1.789e-01, PDE=2.251e+03, Qg=5.453e+00) | k=5.00 mD, f=9.4 | Sw=[0.013,0.999] | 3558.7s
2026-02-10 15:53:28 - M5Trainer - INFO - [Step 18600/50000] Stage C | L=4.8840e+03 (IC=1.877e+00, BC=2.078e-01, PDE=2.619e+03, Qg=5.422e+00) | k=5.00 mD, f=9.4 | Sw=[0.010,1.000] | 3586.7s
2026-02-10 15:53:56 - M5Trainer - INFO - [Step 18700/50000] Stage C | L=3.9811e+03 (IC=2.460e+00, BC=2.917e-01, PDE=2.387e+03, Qg=5.474e+00) | k=5.00 mD, f=9.4 | Sw=[0.006,1.000] | 3614.7s
2026-02-10 15:54:24 - M5Trainer - INFO - [Step 18800/50000] Stage C | L=3.1718e+03 (IC=2.353e+00, BC=2.162e-01, PDE=2.047e+03, Qg=5.402e+00) | k=5.00 mD, f=9.4 | Sw=[0.004,1.000] | 3642.7s
2026-02-10 15:54:52 - M5Trainer - INFO - [Step 18900/50000] Stage C | L=3.6946e+03 (IC=1.411e+00, BC=2.302e-01, PDE=2.237e+03, Qg=5.417e+00) | k=5.00 mD, f=9.4 | Sw=[0.005,0.999] | 3670.8s
2026-02-10 15:55:20 - M5Trainer - INFO - [Step 19000/50000] Stage C | L=1.7026e+03 (IC=9.896e-01, BC=2.668e-01, PDE=2.053e+03, Qg=5.471e+00) | k=5.00 mD, f=9.4 | Sw=[0.007,1.000] | 3698.5s
2026-02-10 15:55:48 - M5Trainer - INFO - [Step 19100/50000] Stage C | L=3.8138e+03 (IC=1.675e+00, BC=2.126e-01, PDE=2.212e+03, Qg=5.461e+00) | k=5.00 mD, f=9.3 | Sw=[0.007,0.999] | 3726.8s
2026-02-10 15:56:16 - M5Trainer - INFO - [Step 19200/50000] Stage C | L=3.9435e+03 (IC=2.629e+00, BC=2.912e-01, PDE=2.297e+03, Qg=5.445e+00) | k=5.00 mD, f=9.3 | Sw=[0.004,1.000] | 3754.9s
2026-02-10 15:56:44 - M5Trainer - INFO - [Step 19300/50000] Stage C | L=5.0394e+02 (IC=1.495e+00, BC=3.099e-01, PDE=2.264e+03, Qg=5.357e+00) | k=5.00 mD, f=9.3 | Sw=[0.004,1.000] | 3783.1s
2026-02-10 15:57:12 - M5Trainer - INFO - [Step 19400/50000] Stage C | L=4.2455e+03 (IC=1.734e+00, BC=2.066e-01, PDE=2.178e+03, Qg=5.404e+00) | k=5.00 mD, f=9.3 | Sw=[0.012,0.999] | 3811.2s
2026-02-10 15:57:41 - M5Trainer - INFO - [Step 19500/50000] Stage C | L=3.6644e+03 (IC=2.458e+00, BC=2.250e-01, PDE=2.026e+03, Qg=5.381e+00) | k=5.00 mD, f=9.3 | Sw=[0.006,1.000] | 3839.7s
2026-02-10 15:58:09 - M5Trainer - INFO - [Step 19600/50000] Stage C | L=2.7136e+03 (IC=3.969e+00, BC=1.790e+00, PDE=1.999e+03, Qg=5.356e+00) | k=5.00 mD, f=9.3 | Sw=[0.006,1.000] | 3868.4s
2026-02-10 15:58:38 - M5Trainer - INFO - [Step 19700/50000] Stage C | L=4.4487e+03 (IC=1.271e+00, BC=1.904e-01, PDE=2.098e+03, Qg=5.427e+00) | k=5.00 mD, f=9.3 | Sw=[0.005,1.000] | 3897.2s
2026-02-10 15:59:08 - M5Trainer - INFO - [Step 19800/50000] Stage C | L=4.3848e+03 (IC=1.147e+00, BC=1.722e-01, PDE=2.025e+03, Qg=5.372e+00) | k=5.00 mD, f=9.3 | Sw=[0.009,0.999] | 3927.3s
2026-02-10 15:59:37 - M5Trainer - INFO - [Step 19900/50000] Stage C | L=4.5416e+03 (IC=1.076e+00, BC=1.575e-01, PDE=2.030e+03, Qg=5.393e+00) | k=5.00 mD, f=9.3 | Sw=[0.005,1.000] | 3956.3s
2026-02-10 16:00:07 - M5Trainer - INFO - [Step 20000/50000] Stage C | L=4.7166e+03 (IC=1.364e+00, BC=2.498e-01, PDE=2.118e+03, Qg=5.357e+00) | k=5.00 mD, f=9.3 | Sw=[0.002,1.000] | 3985.8s
2026-02-10 16:00:37 - M5Trainer - INFO - [Step 20100/50000] Stage C | L=4.1798e+03 (IC=2.231e+00, BC=2.088e-01, PDE=1.998e+03, Qg=5.368e+00) | k=5.00 mD, f=9.3 | Sw=[0.005,1.000] | 4015.8s
2026-02-10 16:01:08 - M5Trainer - INFO - [Step 20200/50000] Stage C | L=4.0679e+03 (IC=1.904e+00, BC=2.492e-01, PDE=1.976e+03, Qg=5.366e+00) | k=5.00 mD, f=9.3 | Sw=[0.001,1.000] | 4046.5s
2026-02-10 16:01:38 - M5Trainer - INFO - [Step 20300/50000] Stage C | L=4.5288e+03 (IC=1.767e+00, BC=2.197e-01, PDE=2.042e+03, Qg=5.379e+00) | k=5.00 mD, f=9.4 | Sw=[0.003,0.999] | 4076.5s
2026-02-10 16:02:08 - M5Trainer - INFO - [Step 20400/50000] Stage C | L=5.3705e+03 (IC=1.919e+00, BC=2.260e-01, PDE=2.264e+03, Qg=5.354e+00) | k=5.00 mD, f=9.4 | Sw=[0.005,0.998] | 4106.7s
2026-02-10 16:02:38 - M5Trainer - INFO - [Step 20500/50000] Stage C | L=4.3884e+03 (IC=1.829e+00, BC=2.577e-01, PDE=2.009e+03, Qg=5.356e+00) | k=5.00 mD, f=9.4 | Sw=[0.006,0.999] | 4136.6s
2026-02-10 16:03:07 - M5Trainer - INFO - [Step 20600/50000] Stage C | L=4.5813e+03 (IC=1.503e+00, BC=3.676e-01, PDE=2.100e+03, Qg=5.400e+00) | k=5.00 mD, f=9.4 | Sw=[0.001,1.000] | 4166.1s
2026-02-10 16:03:37 - M5Trainer - INFO - [Step 20700/50000] Stage C | L=3.7522e+03 (IC=1.859e+00, BC=2.249e-01, PDE=1.821e+03, Qg=5.379e+00) | k=5.00 mD, f=9.4 | Sw=[0.005,1.000] | 4196.0s
2026-02-10 16:04:07 - M5Trainer - INFO - [Step 20800/50000] Stage C | L=5.1978e+03 (IC=3.125e+00, BC=2.794e-01, PDE=2.259e+03, Qg=5.352e+00) | k=5.00 mD, f=9.4 | Sw=[0.002,1.000] | 4225.7s
2026-02-10 16:04:36 - M5Trainer - INFO - [Step 20900/50000] Stage C | L=4.1279e+03 (IC=2.343e+00, BC=2.664e-01, PDE=1.936e+03, Qg=5.334e+00) | k=5.00 mD, f=9.4 | Sw=[0.003,1.000] | 4255.0s
2026-02-10 16:05:05 - M5Trainer - INFO - [Step 21000/50000] Stage C | L=4.5480e+03 (IC=1.700e+00, BC=2.095e-01, PDE=1.976e+03, Qg=5.382e+00) | k=5.00 mD, f=9.4 | Sw=[0.005,1.000] | 4284.3s
2026-02-10 16:05:34 - M5Trainer - INFO - [Step 21100/50000] Stage C | L=4.6000e+03 (IC=1.545e+00, BC=2.561e-01, PDE=1.997e+03, Qg=5.343e+00) | k=5.00 mD, f=9.4 | Sw=[0.004,0.999] | 4313.2s
2026-02-10 16:06:03 - M5Trainer - INFO - [Step 21200/50000] Stage C | L=4.8542e+03 (IC=2.156e+00, BC=3.069e-01, PDE=2.164e+03, Qg=5.415e+00) | k=5.00 mD, f=9.4 | Sw=[0.006,1.000] | 4342.1s
2026-02-10 16:06:32 - M5Trainer - INFO - [Step 21300/50000] Stage C | L=3.8008e+03 (IC=2.475e+00, BC=2.314e-01, PDE=1.841e+03, Qg=5.341e+00) | k=5.00 mD, f=9.4 | Sw=[0.004,1.000] | 4371.0s
2026-02-10 16:07:01 - M5Trainer - INFO - [Step 21400/50000] Stage C | L=2.6666e+03 (IC=1.555e+00, BC=4.711e-01, PDE=1.806e+03, Qg=5.327e+00) | k=5.00 mD, f=9.3 | Sw=[0.002,0.999] | 4399.7s
2026-02-10 16:07:30 - M5Trainer - INFO - [Step 21500/50000] Stage C | L=5.2851e+03 (IC=4.873e+00, BC=3.103e+00, PDE=3.249e+03, Qg=5.539e+00) | k=5.00 mD, f=9.3 | Sw=[0.004,1.000] | 4428.7s
2026-02-10 16:07:59 - M5Trainer - INFO - [Step 21600/50000] Stage C | L=4.6053e+03 (IC=2.236e+00, BC=1.720e-01, PDE=2.040e+03, Qg=5.419e+00) | k=5.00 mD, f=9.3 | Sw=[0.004,1.000] | 4457.9s
2026-02-10 16:08:29 - M5Trainer - INFO - [Step 21700/50000] Stage C | L=5.0745e+03 (IC=1.519e+00, BC=2.182e-01, PDE=2.081e+03, Qg=5.325e+00) | k=5.00 mD, f=9.3 | Sw=[0.003,1.000] | 4487.7s
2026-02-10 16:08:58 - M5Trainer - INFO - [Step 21800/50000] Stage C | L=5.3079e+03 (IC=1.446e+00, BC=2.149e-01, PDE=2.102e+03, Qg=5.356e+00) | k=5.00 mD, f=9.3 | Sw=[0.002,0.999] | 4517.3s
2026-02-10 16:09:27 - M5Trainer - INFO - [Step 21900/50000] Stage C | L=4.3772e+03 (IC=1.414e+00, BC=4.304e-01, PDE=1.940e+03, Qg=5.364e+00) | k=5.00 mD, f=9.3 | Sw=[0.005,0.998] | 4546.1s
2026-02-10 16:09:56 - M5Trainer - INFO - [Step 22000/50000] Stage C | L=4.4652e+03 (IC=1.457e+00, BC=1.876e-01, PDE=1.866e+03, Qg=5.359e+00) | k=5.00 mD, f=9.3 | Sw=[0.004,1.000] | 4574.9s
2026-02-10 16:10:25 - M5Trainer - INFO - [Step 22100/50000] Stage C | L=5.1001e+03 (IC=1.207e+00, BC=1.455e-01, PDE=1.970e+03, Qg=5.338e+00) | k=5.00 mD, f=9.3 | Sw=[0.004,0.999] | 4603.7s
2026-02-10 16:10:55 - M5Trainer - INFO - [Step 22200/50000] Stage C | L=4.3284e+03 (IC=1.544e+00, BC=2.015e-01, PDE=1.839e+03, Qg=5.343e+00) | k=5.00 mD, f=9.3 | Sw=[0.005,1.000] | 4633.6s
2026-02-10 16:11:24 - M5Trainer - INFO - [Step 22300/50000] Stage C | L=5.3717e+03 (IC=2.085e+00, BC=1.527e-01, PDE=2.079e+03, Qg=5.358e+00) | k=5.00 mD, f=9.3 | Sw=[0.006,1.000] | 4662.7s
2026-02-10 16:11:54 - M5Trainer - INFO - [Step 22400/50000] Stage C | L=3.8095e+03 (IC=1.801e+00, BC=2.989e-01, PDE=1.761e+03, Qg=5.317e+00) | k=5.00 mD, f=9.3 | Sw=[0.003,0.999] | 4693.0s
2026-02-10 16:12:25 - M5Trainer - INFO - [Step 22500/50000] Stage C | L=4.1400e+03 (IC=1.709e+00, BC=1.819e-01, PDE=1.797e+03, Qg=5.352e+00) | k=5.00 mD, f=9.3 | Sw=[0.004,1.000] | 4723.9s
2026-02-10 16:12:54 - M5Trainer - INFO - [Step 22600/50000] Stage C | L=3.8947e+03 (IC=2.046e+00, BC=1.298e-01, PDE=1.839e+03, Qg=5.401e+00) | k=5.00 mD, f=9.3 | Sw=[0.005,1.000] | 4752.4s
2026-02-10 16:13:21 - M5Trainer - INFO - [Step 22700/50000] Stage C | L=5.1337e+03 (IC=1.018e+00, BC=1.375e-01, PDE=1.923e+03, Qg=5.328e+00) | k=5.00 mD, f=9.3 | Sw=[0.003,1.000] | 4780.3s
2026-02-10 16:13:51 - M5Trainer - INFO - [Step 22800/50000] Stage C | L=7.1882e+03 (IC=2.632e+00, BC=2.621e-01, PDE=2.701e+03, Qg=5.344e+00) | k=5.00 mD, f=9.3 | Sw=[0.002,1.000] | 4809.7s
2026-02-10 16:14:21 - M5Trainer - INFO - [Step 22900/50000] Stage C | L=3.4446e+03 (IC=1.170e+00, BC=1.542e-01, PDE=1.606e+03, Qg=5.387e+00) | k=5.00 mD, f=9.3 | Sw=[0.002,1.000] | 4839.9s
2026-02-10 16:14:50 - M5Trainer - INFO - [Step 23000/50000] Stage C | L=4.4175e+03 (IC=1.840e+00, BC=1.477e-01, PDE=1.842e+03, Qg=5.315e+00) | k=5.00 mD, f=9.3 | Sw=[0.003,0.999] | 4868.8s
2026-02-10 16:15:19 - M5Trainer - INFO - [Step 23100/50000] Stage C | L=4.2297e+03 (IC=1.937e+00, BC=1.547e-01, PDE=1.803e+03, Qg=5.360e+00) | k=5.00 mD, f=9.3 | Sw=[0.004,1.000] | 4897.8s
2026-02-10 16:15:48 - M5Trainer - INFO - [Step 23200/50000] Stage C | L=4.9381e+03 (IC=1.634e+00, BC=2.148e-01, PDE=1.967e+03, Qg=5.392e+00) | k=5.00 mD, f=9.3 | Sw=[0.002,1.000] | 4927.2s
2026-02-10 16:16:18 - M5Trainer - INFO - [Step 23300/50000] Stage C | L=5.1536e+03 (IC=9.907e-01, BC=1.778e-01, PDE=1.950e+03, Qg=5.320e+00) | k=5.00 mD, f=9.3 | Sw=[0.003,1.000] | 4956.6s
2026-02-10 16:16:46 - M5Trainer - INFO - [Step 23400/50000] Stage C | L=4.8112e+03 (IC=1.462e+00, BC=1.527e-01, PDE=1.897e+03, Qg=5.354e+00) | k=5.00 mD, f=9.3 | Sw=[0.004,0.999] | 4985.3s
2026-02-10 16:17:15 - M5Trainer - INFO - [Step 23500/50000] Stage C | L=5.0247e+03 (IC=2.361e+00, BC=1.763e-01, PDE=1.996e+03, Qg=5.384e+00) | k=5.00 mD, f=9.3 | Sw=[0.003,0.999] | 5013.9s
2026-02-10 16:17:43 - M5Trainer - INFO - [Step 23600/50000] Stage C | L=4.8039e+03 (IC=1.334e+00, BC=1.640e-01, PDE=1.889e+03, Qg=5.343e+00) | k=5.00 mD, f=9.3 | Sw=[0.003,0.999] | 5042.0s
2026-02-10 16:18:11 - M5Trainer - INFO - [Step 23700/50000] Stage C | L=4.4846e+03 (IC=1.798e+00, BC=1.533e-01, PDE=1.837e+03, Qg=5.437e+00) | k=5.00 mD, f=9.3 | Sw=[0.004,1.000] | 5069.8s
2026-02-10 16:18:39 - M5Trainer - INFO - [Step 23800/50000] Stage C | L=4.5303e+03 (IC=2.080e+00, BC=1.753e-01, PDE=1.872e+03, Qg=5.357e+00) | k=5.00 mD, f=9.3 | Sw=[0.003,1.000] | 5097.6s
2026-02-10 16:19:07 - M5Trainer - INFO - [Step 23900/50000] Stage C | L=4.6985e+03 (IC=1.975e+00, BC=1.495e-01, PDE=1.886e+03, Qg=5.342e+00) | k=5.00 mD, f=9.3 | Sw=[0.005,1.000] | 5125.5s
2026-02-10 16:19:34 - M5Trainer - INFO - [Step 24000/50000] Stage C | L=4.8874e+03 (IC=1.718e+00, BC=1.550e-01, PDE=1.937e+03, Qg=5.354e+00) | k=5.00 mD, f=9.3 | Sw=[0.004,1.000] | 5153.3s
2026-02-10 16:20:02 - M5Trainer - INFO - [Step 24100/50000] Stage C | L=3.8453e+03 (IC=1.406e+00, BC=2.312e-01, PDE=1.707e+03, Qg=5.353e+00) | k=5.00 mD, f=9.3 | Sw=[0.002,1.000] | 5181.1s
2026-02-10 16:20:30 - M5Trainer - INFO - [Step 24200/50000] Stage C | L=4.2853e+03 (IC=9.995e-01, BC=1.512e-01, PDE=1.744e+03, Qg=5.390e+00) | k=5.00 mD, f=9.3 | Sw=[0.002,1.000] | 5208.9s
2026-02-10 16:20:58 - M5Trainer - INFO - [Step 24300/50000] Stage C | L=3.0970e+03 (IC=1.457e+00, BC=1.484e-01, PDE=1.519e+03, Qg=5.358e+00) | k=5.00 mD, f=9.3 | Sw=[0.003,0.999] | 5236.7s
2026-02-10 16:21:26 - M5Trainer - INFO - [Step 24400/50000] Stage C | L=4.1934e+03 (IC=1.215e+00, BC=1.641e-01, PDE=1.743e+03, Qg=5.320e+00) | k=5.00 mD, f=9.3 | Sw=[0.002,1.000] | 5264.5s
2026-02-10 16:21:54 - M5Trainer - INFO - [Step 24500/50000] Stage C | L=3.9186e+03 (IC=1.885e+00, BC=1.683e-01, PDE=1.722e+03, Qg=5.345e+00) | k=5.00 mD, f=9.3 | Sw=[0.004,0.999] | 5293.0s
2026-02-10 16:22:22 - M5Trainer - INFO - [Step 24600/50000] Stage C | L=3.8633e+03 (IC=1.703e+00, BC=1.963e-01, PDE=1.707e+03, Qg=5.376e+00) | k=5.00 mD, f=9.3 | Sw=[0.001,1.000] | 5321.2s
2026-02-10 16:22:50 - M5Trainer - INFO - [Step 24700/50000] Stage C | L=3.8973e+03 (IC=1.294e+00, BC=1.679e-01, PDE=1.702e+03, Qg=5.342e+00) | k=5.00 mD, f=9.3 | Sw=[0.002,1.000] | 5349.0s
2026-02-10 16:23:18 - M5Trainer - INFO - [Step 24800/50000] Stage C | L=4.4425e+03 (IC=1.053e+00, BC=1.678e-01, PDE=1.785e+03, Qg=5.324e+00) | k=5.00 mD, f=9.3 | Sw=[0.002,0.994] | 5377.2s
2026-02-10 16:23:47 - M5Trainer - INFO - [Step 24900/50000] Stage C | L=4.2494e+03 (IC=1.458e+00, BC=1.515e-01, PDE=1.813e+03, Qg=5.353e+00) | k=5.00 mD, f=9.3 | Sw=[0.004,1.000] | 5405.8s
2026-02-10 16:24:15 - M5Trainer - INFO - [Step 25000/50000] Stage C | L=4.5437e+03 (IC=1.930e+00, BC=1.397e-01, PDE=1.869e+03, Qg=5.356e+00) | k=5.00 mD, f=9.3 | Sw=[0.005,1.000] | 5433.8s
2026-02-10 16:24:43 - M5Trainer - INFO - [Step 25100/50000] Stage C | L=4.2121e+03 (IC=1.622e+00, BC=1.378e-01, PDE=1.756e+03, Qg=5.344e+00) | k=5.00 mD, f=9.3 | Sw=[0.001,0.997] | 5461.9s
2026-02-10 16:25:11 - M5Trainer - INFO - [Step 25200/50000] Stage C | L=4.0441e+03 (IC=1.013e+00, BC=1.627e-01, PDE=1.696e+03, Qg=5.332e+00) | k=5.00 mD, f=9.3 | Sw=[0.004,1.000] | 5490.0s
2026-02-10 16:25:39 - M5Trainer - INFO - [Step 25300/50000] Stage C | L=3.8871e+03 (IC=8.686e-01, BC=1.851e-01, PDE=1.665e+03, Qg=5.337e+00) | k=5.00 mD, f=9.3 | Sw=[0.001,0.997] | 5518.0s
2026-02-10 16:26:07 - M5Trainer - INFO - [Step 25400/50000] Stage C | L=4.6470e+03 (IC=1.664e+00, BC=2.414e-01, PDE=1.938e+03, Qg=5.289e+00) | k=5.00 mD, f=9.3 | Sw=[0.002,1.000] | 5546.1s
2026-02-10 16:26:35 - M5Trainer - INFO - [Step 25500/50000] Stage C | L=5.3173e+03 (IC=1.420e+00, BC=1.342e-01, PDE=1.979e+03, Qg=5.343e+00) | k=5.00 mD, f=9.3 | Sw=[0.001,1.000] | 5574.1s
2026-02-10 16:27:03 - M5Trainer - INFO - [Step 25600/50000] Stage C | L=4.6285e+03 (IC=1.043e+00, BC=1.468e-01, PDE=1.818e+03, Qg=5.330e+00) | k=5.00 mD, f=9.3 | Sw=[0.002,1.000] | 5602.1s
2026-02-10 16:27:32 - M5Trainer - INFO - [Step 25700/50000] Stage C | L=2.8953e+03 (IC=1.942e+00, BC=1.476e-01, PDE=1.569e+03, Qg=5.403e+00) | k=5.00 mD, f=9.3 | Sw=[0.002,1.000] | 5631.2s
2026-02-10 16:28:03 - M5Trainer - INFO - [Step 25800/50000] Stage C | L=3.4902e+03 (IC=9.558e-01, BC=1.677e-01, PDE=1.571e+03, Qg=5.342e+00) | k=5.00 mD, f=9.3 | Sw=[0.002,1.000] | 5662.1s
2026-02-10 16:28:36 - M5Trainer - INFO - [Step 25900/50000] Stage C | L=3.7645e+03 (IC=1.251e+00, BC=1.460e-01, PDE=1.637e+03, Qg=5.327e+00) | k=5.00 mD, f=9.3 | Sw=[0.003,0.999] | 5695.1s
2026-02-10 16:29:09 - M5Trainer - INFO - [Step 26000/50000] Stage C | L=3.2361e+03 (IC=9.674e-01, BC=1.508e-01, PDE=1.505e+03, Qg=5.352e+00) | k=5.00 mD, f=9.3 | Sw=[0.001,1.000] | 5727.8s
2026-02-10 16:29:38 - M5Trainer - INFO - [Step 26100/50000] Stage C | L=3.8085e+03 (IC=8.890e-01, BC=1.409e-01, PDE=1.625e+03, Qg=5.369e+00) | k=5.00 mD, f=9.3 | Sw=[0.001,1.000] | 5757.3s
2026-02-10 16:30:08 - M5Trainer - INFO - [Step 26200/50000] Stage C | L=4.2353e+03 (IC=1.677e+00, BC=1.463e-01, PDE=1.813e+03, Qg=5.350e+00) | k=5.00 mD, f=9.3 | Sw=[0.003,0.999] | 5786.8s
2026-02-10 16:30:38 - M5Trainer - INFO - [Step 26300/50000] Stage C | L=3.3093e+03 (IC=6.626e-01, BC=3.153e-01, PDE=1.599e+03, Qg=5.383e+00) | k=5.00 mD, f=9.3 | Sw=[0.000,0.998] | 5817.4s
2026-02-10 16:31:10 - M5Trainer - INFO - [Step 26400/50000] Stage C | L=4.1104e+03 (IC=1.364e+00, BC=1.094e-01, PDE=1.722e+03, Qg=5.351e+00) | k=5.00 mD, f=9.3 | Sw=[0.002,1.000] | 5849.0s
2026-02-10 16:31:42 - M5Trainer - INFO - [Step 26500/50000] Stage C | L=3.0162e+03 (IC=1.052e+00, BC=1.107e-01, PDE=1.436e+03, Qg=5.350e+00) | k=5.00 mD, f=9.3 | Sw=[0.003,1.000] | 5880.6s
2026-02-10 16:32:13 - M5Trainer - INFO - [Step 26600/50000] Stage C | L=2.7293e+03 (IC=8.103e-01, BC=2.939e-01, PDE=1.586e+03, Qg=5.345e+00) | k=5.00 mD, f=9.3 | Sw=[0.004,1.000] | 5912.3s
2026-02-10 16:32:45 - M5Trainer - INFO - [Step 26700/50000] Stage C | L=4.0168e+03 (IC=1.406e+00, BC=1.224e-01, PDE=1.675e+03, Qg=5.347e+00) | k=5.00 mD, f=9.3 | Sw=[0.002,1.000] | 5943.9s
2026-02-10 16:33:17 - M5Trainer - INFO - [Step 26800/50000] Stage C | L=2.8034e+03 (IC=2.023e+00, BC=7.889e-01, PDE=1.639e+03, Qg=5.341e+00) | k=5.00 mD, f=9.3 | Sw=[0.002,0.999] | 5975.6s
2026-02-10 16:33:47 - M5Trainer - INFO - [Step 26900/50000] Stage C | L=3.8583e+03 (IC=7.290e-01, BC=1.110e-01, PDE=1.549e+03, Qg=5.374e+00) | k=5.00 mD, f=9.4 | Sw=[0.003,1.000] | 6006.0s
2026-02-10 16:34:17 - M5Trainer - INFO - [Step 27000/50000] Stage C | L=4.4894e+03 (IC=1.654e+00, BC=1.537e-01, PDE=1.789e+03, Qg=5.394e+00) | k=5.00 mD, f=9.4 | Sw=[0.002,1.000] | 6036.4s
2026-02-10 16:34:47 - M5Trainer - INFO - [Step 27100/50000] Stage C | L=4.1036e+03 (IC=8.667e-01, BC=1.073e-01, PDE=1.615e+03, Qg=5.349e+00) | k=5.00 mD, f=9.4 | Sw=[0.002,1.000] | 6066.1s
2026-02-10 16:35:16 - M5Trainer - INFO - [Step 27200/50000] Stage C | L=4.4512e+03 (IC=1.246e+00, BC=8.681e-02, PDE=1.718e+03, Qg=5.386e+00) | k=5.00 mD, f=9.4 | Sw=[0.002,1.000] | 6095.4s
2026-02-10 16:35:46 - M5Trainer - INFO - [Step 27300/50000] Stage C | L=3.2419e+03 (IC=8.628e-01, BC=1.477e-01, PDE=1.455e+03, Qg=5.341e+00) | k=5.00 mD, f=9.4 | Sw=[0.000,1.000] | 6124.5s
2026-02-10 16:36:15 - M5Trainer - INFO - [Step 27400/50000] Stage C | L=4.1123e+03 (IC=9.895e-01, BC=1.018e-01, PDE=1.634e+03, Qg=5.391e+00) | k=5.00 mD, f=9.4 | Sw=[0.003,1.000] | 6153.7s
2026-02-10 16:36:44 - M5Trainer - INFO - [Step 27500/50000] Stage C | L=3.3725e+03 (IC=1.757e+00, BC=1.302e-01, PDE=1.530e+03, Qg=5.381e+00) | k=5.00 mD, f=9.4 | Sw=[0.005,1.000] | 6183.0s
2026-02-10 16:37:13 - M5Trainer - INFO - [Step 27600/50000] Stage C | L=3.8582e+03 (IC=1.349e+00, BC=1.037e-01, PDE=1.623e+03, Qg=5.385e+00) | k=5.00 mD, f=9.4 | Sw=[0.003,1.000] | 6212.4s
2026-02-10 16:37:43 - M5Trainer - INFO - [Step 27700/50000] Stage C | L=3.2935e+03 (IC=1.187e+00, BC=1.187e-01, PDE=1.578e+03, Qg=5.344e+00) | k=5.00 mD, f=9.4 | Sw=[0.002,1.000] | 6241.6s
2026-02-10 16:38:12 - M5Trainer - INFO - [Step 27800/50000] Stage C | L=4.4418e+03 (IC=9.754e-01, BC=9.445e-02, PDE=1.699e+03, Qg=5.338e+00) | k=5.00 mD, f=9.4 | Sw=[0.001,0.999] | 6271.0s
2026-02-10 16:38:40 - M5Trainer - INFO - [Step 27900/50000] Stage C | L=2.8702e+03 (IC=1.194e+00, BC=1.976e-01, PDE=1.605e+03, Qg=5.341e+00) | k=5.00 mD, f=9.4 | Sw=[0.002,1.000] | 6298.8s
2026-02-10 16:39:08 - M5Trainer - INFO - [Step 28000/50000] Stage C | L=3.9571e+03 (IC=7.901e-01, BC=1.470e-01, PDE=1.621e+03, Qg=5.329e+00) | k=5.00 mD, f=9.4 | Sw=[0.003,1.000] | 6326.7s
2026-02-10 16:39:36 - M5Trainer - INFO - [Step 28100/50000] Stage C | L=3.9793e+03 (IC=1.322e+00, BC=1.090e-01, PDE=1.668e+03, Qg=5.374e+00) | k=5.00 mD, f=9.4 | Sw=[0.004,1.000] | 6354.5s
2026-02-10 16:40:03 - M5Trainer - INFO - [Step 28200/50000] Stage C | L=3.5134e+03 (IC=1.153e+00, BC=8.926e-02, PDE=1.519e+03, Qg=5.372e+00) | k=5.00 mD, f=9.4 | Sw=[0.003,0.997] | 6382.3s
2026-02-10 16:40:31 - M5Trainer - INFO - [Step 28300/50000] Stage C | L=3.7641e+03 (IC=5.847e-01, BC=1.110e-01, PDE=1.543e+03, Qg=5.341e+00) | k=5.00 mD, f=9.4 | Sw=[0.003,1.000] | 6410.1s
2026-02-10 16:40:59 - M5Trainer - INFO - [Step 28400/50000] Stage C | L=4.4077e+03 (IC=8.876e-01, BC=1.005e-01, PDE=1.697e+03, Qg=5.361e+00) | k=5.00 mD, f=9.4 | Sw=[0.002,0.999] | 6437.9s
2026-02-10 16:41:27 - M5Trainer - INFO - [Step 28500/50000] Stage C | L=1.9735e+03 (IC=3.699e-01, BC=1.072e-01, PDE=1.521e+03, Qg=5.463e+00) | k=5.00 mD, f=9.4 | Sw=[0.004,1.000] | 6465.8s
2026-02-10 16:41:55 - M5Trainer - INFO - [Step 28600/50000] Stage C | L=2.8405e+03 (IC=1.403e+00, BC=9.199e-01, PDE=1.741e+03, Qg=5.432e+00) | k=5.00 mD, f=9.4 | Sw=[0.001,1.000] | 6493.6s
2026-02-10 16:42:23 - M5Trainer - INFO - [Step 28700/50000] Stage C | L=4.1432e+03 (IC=9.406e-01, BC=9.678e-02, PDE=1.657e+03, Qg=5.386e+00) | k=5.00 mD, f=9.4 | Sw=[0.003,0.998] | 6521.8s
2026-02-10 16:42:51 - M5Trainer - INFO - [Step 28800/50000] Stage C | L=4.1794e+03 (IC=5.737e-01, BC=1.071e-01, PDE=1.631e+03, Qg=5.351e+00) | k=5.00 mD, f=9.4 | Sw=[0.002,0.999] | 6550.1s
2026-02-10 16:43:20 - M5Trainer - INFO - [Step 28900/50000] Stage C | L=4.7079e+03 (IC=7.084e-01, BC=1.048e-01, PDE=1.755e+03, Qg=5.370e+00) | k=5.00 mD, f=9.4 | Sw=[0.002,1.000] | 6578.6s
2026-02-10 16:43:48 - M5Trainer - INFO - [Step 29000/50000] Stage C | L=4.6001e+03 (IC=6.687e-01, BC=7.701e-02, PDE=1.705e+03, Qg=5.326e+00) | k=5.00 mD, f=9.4 | Sw=[0.002,0.999] | 6606.9s
2026-02-10 16:44:18 - M5Trainer - INFO - [Step 29100/50000] Stage C | L=2.8636e+03 (IC=8.283e-01, BC=7.768e-02, PDE=1.331e+03, Qg=5.352e+00) | k=5.00 mD, f=9.4 | Sw=[0.002,1.000] | 6637.3s
2026-02-10 16:44:49 - M5Trainer - INFO - [Step 29200/50000] Stage C | L=4.3316e+03 (IC=9.591e-01, BC=9.827e-02, PDE=1.691e+03, Qg=5.339e+00) | k=5.00 mD, f=9.4 | Sw=[0.004,1.000] | 6668.1s
2026-02-10 16:45:19 - M5Trainer - INFO - [Step 29300/50000] Stage C | L=3.7768e+03 (IC=9.804e-01, BC=1.099e-01, PDE=1.583e+03, Qg=5.385e+00) | k=5.00 mD, f=9.4 | Sw=[0.004,1.000] | 6698.3s
2026-02-10 16:45:49 - M5Trainer - INFO - [Step 29400/50000] Stage C | L=2.7343e+03 (IC=1.084e+00, BC=1.474e-01, PDE=1.386e+03, Qg=5.368e+00) | k=5.00 mD, f=9.4 | Sw=[0.002,0.999] | 6727.7s
2026-02-10 16:46:18 - M5Trainer - INFO - [Step 29500/50000] Stage C | L=3.7274e+03 (IC=9.426e-01, BC=9.466e-02, PDE=1.563e+03, Qg=5.399e+00) | k=5.00 mD, f=9.4 | Sw=[0.003,1.000] | 6757.3s
2026-02-10 16:46:47 - M5Trainer - INFO - [Step 29600/50000] Stage C | L=3.7873e+03 (IC=1.142e+00, BC=7.380e-02, PDE=1.571e+03, Qg=5.355e+00) | k=5.00 mD, f=9.4 | Sw=[0.001,0.998] | 6786.2s
2026-02-10 16:47:17 - M5Trainer - INFO - [Step 29700/50000] Stage C | L=3.8408e+03 (IC=4.448e-01, BC=1.102e-01, PDE=1.547e+03, Qg=5.376e+00) | k=5.00 mD, f=9.4 | Sw=[0.003,1.000] | 6815.7s
2026-02-10 16:47:47 - M5Trainer - INFO - [Step 29800/50000] Stage C | L=4.5014e+03 (IC=6.050e-01, BC=7.614e-02, PDE=1.678e+03, Qg=5.384e+00) | k=5.00 mD, f=9.4 | Sw=[0.003,0.999] | 6846.1s
2026-02-10 16:48:17 - M5Trainer - INFO - [Step 29900/50000] Stage C | L=3.8688e+03 (IC=6.463e-01, BC=9.025e-02, PDE=1.561e+03, Qg=5.352e+00) | k=5.00 mD, f=9.4 | Sw=[0.001,0.999] | 6875.6s
2026-02-10 16:48:47 - M5Trainer - INFO - [Step 30000/50000] Stage C | L=3.6872e+03 (IC=6.364e-01, BC=1.535e-01, PDE=1.573e+03, Qg=5.395e+00) | k=5.00 mD, f=9.4 | Sw=[0.002,0.999] | 6905.9s
2026-02-10 16:49:17 - M5Trainer - INFO - [Step 30100/50000] Stage C | L=4.7119e+03 (IC=6.237e-01, BC=7.882e-02, PDE=1.725e+03, Qg=5.343e+00) | k=5.00 mD, f=9.4 | Sw=[0.004,0.999] | 6936.0s
2026-02-10 16:49:46 - M5Trainer - INFO - [Step 30200/50000] Stage C | L=3.7534e+03 (IC=9.942e-01, BC=7.083e-02, PDE=1.560e+03, Qg=5.366e+00) | k=5.00 mD, f=9.4 | Sw=[0.003,1.000] | 6965.1s
2026-02-10 16:50:15 - M5Trainer - INFO - [Step 30300/50000] Stage C | L=3.4429e+03 (IC=4.201e-01, BC=8.532e-02, PDE=1.438e+03, Qg=5.392e+00) | k=5.00 mD, f=9.4 | Sw=[0.004,1.000] | 6994.3s
2026-02-10 16:50:46 - M5Trainer - INFO - [Step 30400/50000] Stage C | L=4.0221e+03 (IC=6.995e-01, BC=1.171e-01, PDE=1.624e+03, Qg=5.355e+00) | k=5.00 mD, f=9.4 | Sw=[0.002,1.000] | 7024.7s
2026-02-10 16:51:17 - M5Trainer - INFO - [Step 30500/50000] Stage C | L=3.5222e+03 (IC=6.064e-01, BC=8.445e-02, PDE=1.476e+03, Qg=5.329e+00) | k=5.00 mD, f=9.4 | Sw=[0.002,1.000] | 7055.7s
2026-02-10 16:51:48 - M5Trainer - INFO - [Step 30600/50000] Stage C | L=4.2496e+03 (IC=6.105e-01, BC=1.017e-01, PDE=1.657e+03, Qg=5.336e+00) | k=5.00 mD, f=9.4 | Sw=[0.003,1.000] | 7087.1s
2026-02-10 16:52:19 - M5Trainer - INFO - [Step 30700/50000] Stage C | L=3.5559e+03 (IC=9.261e-01, BC=8.232e-02, PDE=1.538e+03, Qg=5.338e+00) | k=5.00 mD, f=9.4 | Sw=[0.002,1.000] | 7117.8s
2026-02-10 16:52:50 - M5Trainer - INFO - [Step 30800/50000] Stage C | L=3.9969e+03 (IC=9.264e-01, BC=8.044e-02, PDE=1.623e+03, Qg=5.319e+00) | k=5.00 mD, f=9.4 | Sw=[0.003,0.999] | 7148.6s
2026-02-10 16:53:21 - M5Trainer - INFO - [Step 30900/50000] Stage C | L=3.6997e+03 (IC=5.173e-01, BC=1.038e-01, PDE=1.536e+03, Qg=5.354e+00) | k=5.00 mD, f=9.4 | Sw=[0.004,0.999] | 7180.3s
2026-02-10 16:53:53 - M5Trainer - INFO - [Step 31000/50000] Stage C | L=3.6563e+03 (IC=9.147e-01, BC=9.057e-02, PDE=1.582e+03, Qg=5.360e+00) | k=5.00 mD, f=9.4 | Sw=[0.003,0.999] | 7211.7s
2026-02-10 16:54:24 - M5Trainer - INFO - [Step 31100/50000] Stage C | L=3.3072e+03 (IC=4.711e-01, BC=8.958e-02, PDE=1.428e+03, Qg=5.359e+00) | k=5.00 mD, f=9.4 | Sw=[0.004,0.999] | 7242.9s
2026-02-10 16:54:55 - M5Trainer - INFO - [Step 31200/50000] Stage C | L=3.4718e+03 (IC=6.068e-01, BC=8.056e-02, PDE=1.506e+03, Qg=5.345e+00) | k=5.00 mD, f=9.4 | Sw=[0.005,0.997] | 7273.9s
2026-02-10 16:55:26 - M5Trainer - INFO - [Step 31300/50000] Stage C | L=3.4137e+03 (IC=7.983e-01, BC=8.244e-02, PDE=1.544e+03, Qg=5.422e+00) | k=5.00 mD, f=9.4 | Sw=[0.004,1.000] | 7304.9s
2026-02-10 16:55:57 - M5Trainer - INFO - [Step 31400/50000] Stage C | L=3.2204e+03 (IC=9.607e-01, BC=9.753e-02, PDE=1.469e+03, Qg=5.339e+00) | k=5.00 mD, f=9.4 | Sw=[0.003,1.000] | 7335.9s
2026-02-10 16:56:28 - M5Trainer - INFO - [Step 31500/50000] Stage C | L=3.9618e+03 (IC=6.719e-01, BC=7.488e-02, PDE=1.586e+03, Qg=5.344e+00) | k=5.00 mD, f=9.4 | Sw=[0.002,1.000] | 7367.2s
2026-02-10 16:56:59 - M5Trainer - INFO - [Step 31600/50000] Stage C | L=3.5448e+03 (IC=7.073e-01, BC=9.737e-02, PDE=1.523e+03, Qg=5.364e+00) | k=5.00 mD, f=9.4 | Sw=[0.003,1.000] | 7398.3s
2026-02-10 16:57:31 - M5Trainer - INFO - [Step 31700/50000] Stage C | L=3.9348e+03 (IC=6.044e-01, BC=9.342e-02, PDE=1.598e+03, Qg=5.351e+00) | k=5.00 mD, f=9.5 | Sw=[0.002,1.000] | 7429.8s
2026-02-10 16:58:03 - M5Trainer - INFO - [Step 31800/50000] Stage C | L=3.0669e+03 (IC=1.237e+00, BC=1.037e-01, PDE=1.492e+03, Qg=5.347e+00) | k=5.00 mD, f=9.5 | Sw=[0.003,0.999] | 7462.1s
2026-02-10 16:58:35 - M5Trainer - INFO - [Step 31900/50000] Stage C | L=3.7672e+03 (IC=6.090e-01, BC=1.263e-01, PDE=1.594e+03, Qg=5.347e+00) | k=5.00 mD, f=9.5 | Sw=[0.003,1.000] | 7494.1s
2026-02-10 16:59:07 - M5Trainer - INFO - [Step 32000/50000] Stage C | L=3.6879e+03 (IC=4.798e-01, BC=8.028e-02, PDE=1.512e+03, Qg=5.336e+00) | k=5.00 mD, f=9.5 | Sw=[0.002,1.000] | 7525.9s
2026-02-10 16:59:38 - M5Trainer - INFO - [Step 32100/50000] Stage C | L=3.4701e+03 (IC=5.883e-01, BC=9.426e-02, PDE=1.496e+03, Qg=5.361e+00) | k=5.00 mD, f=9.5 | Sw=[0.002,0.999] | 7557.1s
2026-02-10 17:00:08 - M5Trainer - INFO - [Step 32200/50000] Stage C | L=3.2066e+03 (IC=8.440e-01, BC=1.124e-01, PDE=1.469e+03, Qg=5.349e+00) | k=5.00 mD, f=9.5 | Sw=[0.002,1.000] | 7587.3s
2026-02-10 17:00:38 - M5Trainer - INFO - [Step 32300/50000] Stage C | L=3.2762e+03 (IC=6.359e-01, BC=7.795e-02, PDE=1.507e+03, Qg=5.365e+00) | k=5.00 mD, f=9.5 | Sw=[0.003,1.000] | 7616.6s
2026-02-10 17:01:08 - M5Trainer - INFO - [Step 32400/50000] Stage C | L=3.2958e+03 (IC=8.689e-01, BC=9.365e-02, PDE=1.504e+03, Qg=5.334e+00) | k=5.00 mD, f=9.5 | Sw=[0.003,1.000] | 7646.8s
2026-02-10 17:01:38 - M5Trainer - INFO - [Step 32500/50000] Stage C | L=3.5410e+03 (IC=6.395e-01, BC=7.646e-02, PDE=1.547e+03, Qg=5.350e+00) | k=5.00 mD, f=9.5 | Sw=[0.001,0.999] | 7676.7s
2026-02-10 17:02:09 - M5Trainer - INFO - [Step 32600/50000] Stage C | L=3.7610e+03 (IC=4.147e-01, BC=8.321e-02, PDE=1.541e+03, Qg=5.350e+00) | k=5.00 mD, f=9.5 | Sw=[0.002,0.998] | 7707.7s
2026-02-10 17:02:38 - M5Trainer - INFO - [Step 32700/50000] Stage C | L=3.4218e+03 (IC=3.463e-01, BC=8.235e-02, PDE=1.483e+03, Qg=5.338e+00) | k=5.00 mD, f=9.5 | Sw=[0.003,1.000] | 7737.0s
2026-02-10 17:03:08 - M5Trainer - INFO - [Step 32800/50000] Stage C | L=2.2143e+03 (IC=3.647e-01, BC=8.918e-02, PDE=1.467e+03, Qg=5.346e+00) | k=5.00 mD, f=9.5 | Sw=[0.003,1.000] | 7766.7s
2026-02-10 17:03:37 - M5Trainer - INFO - [Step 32900/50000] Stage C | L=2.7996e+03 (IC=5.282e-01, BC=1.152e-01, PDE=1.642e+03, Qg=5.310e+00) | k=5.00 mD, f=9.4 | Sw=[0.002,0.998] | 7795.9s
2026-02-10 17:04:06 - M5Trainer - INFO - [Step 33000/50000] Stage C | L=3.1633e+03 (IC=5.739e-01, BC=9.346e-02, PDE=1.510e+03, Qg=5.343e+00) | k=5.00 mD, f=9.4 | Sw=[0.004,0.999] | 7825.0s
2026-02-10 17:04:35 - M5Trainer - INFO - [Step 33100/50000] Stage C | L=3.8326e+03 (IC=3.748e-01, BC=7.647e-02, PDE=1.591e+03, Qg=5.338e+00) | k=5.00 mD, f=9.4 | Sw=[0.003,1.000] | 7853.9s
2026-02-10 17:05:04 - M5Trainer - INFO - [Step 33200/50000] Stage C | L=2.6787e+03 (IC=7.653e-01, BC=9.019e-02, PDE=1.358e+03, Qg=5.345e+00) | k=5.00 mD, f=9.4 | Sw=[0.003,1.000] | 7882.7s
2026-02-10 17:05:33 - M5Trainer - INFO - [Step 33300/50000] Stage C | L=3.2974e+03 (IC=4.667e-01, BC=1.047e-01, PDE=1.492e+03, Qg=5.354e+00) | k=5.00 mD, f=9.4 | Sw=[0.001,1.000] | 7911.6s
2026-02-10 17:06:01 - M5Trainer - INFO - [Step 33400/50000] Stage C | L=4.4752e+03 (IC=4.863e-01, BC=7.603e-02, PDE=1.730e+03, Qg=5.316e+00) | k=5.00 mD, f=9.4 | Sw=[0.004,0.998] | 7940.4s
2026-02-10 17:06:30 - M5Trainer - INFO - [Step 33500/50000] Stage C | L=3.1011e+03 (IC=5.534e-01, BC=7.987e-02, PDE=1.420e+03, Qg=5.335e+00) | k=5.00 mD, f=9.4 | Sw=[0.002,1.000] | 7969.2s
2026-02-10 17:06:59 - M5Trainer - INFO - [Step 33600/50000] Stage C | L=3.5060e+03 (IC=6.782e-01, BC=7.522e-02, PDE=1.525e+03, Qg=5.327e+00) | k=5.00 mD, f=9.4 | Sw=[0.002,0.999] | 7998.1s
2026-02-10 17:07:28 - M5Trainer - INFO - [Step 33700/50000] Stage C | L=4.0895e+03 (IC=5.359e-01, BC=8.147e-02, PDE=1.645e+03, Qg=5.342e+00) | k=5.00 mD, f=9.4 | Sw=[0.003,1.000] | 8027.0s
2026-02-10 17:07:57 - M5Trainer - INFO - [Step 33800/50000] Stage C | L=3.5811e+03 (IC=8.177e-01, BC=8.141e-02, PDE=1.567e+03, Qg=5.326e+00) | k=5.00 mD, f=9.4 | Sw=[0.002,1.000] | 8056.1s
2026-02-10 17:08:25 - M5Trainer - INFO - [Step 33900/50000] Stage C | L=3.7688e+03 (IC=5.657e-01, BC=8.396e-02, PDE=1.574e+03, Qg=5.345e+00) | k=5.00 mD, f=9.4 | Sw=[0.002,1.000] | 8084.1s
2026-02-10 17:08:54 - M5Trainer - INFO - [Step 34000/50000] Stage C | L=3.1145e+03 (IC=9.963e-01, BC=8.821e-02, PDE=1.467e+03, Qg=5.337e+00) | k=5.00 mD, f=9.4 | Sw=[0.002,1.000] | 8113.2s
2026-02-10 17:09:23 - M5Trainer - INFO - [Step 34100/50000] Stage C | L=3.2891e+03 (IC=6.085e-01, BC=1.083e-01, PDE=1.490e+03, Qg=5.326e+00) | k=5.00 mD, f=9.4 | Sw=[0.002,1.000] | 8142.0s
2026-02-10 17:09:52 - M5Trainer - INFO - [Step 34200/50000] Stage C | L=3.2519e+03 (IC=5.509e-01, BC=7.764e-02, PDE=1.440e+03, Qg=5.333e+00) | k=5.00 mD, f=9.4 | Sw=[0.003,0.999] | 8170.8s
2026-02-10 17:10:21 - M5Trainer - INFO - [Step 34300/50000] Stage C | L=3.3495e+03 (IC=7.310e-01, BC=6.683e-02, PDE=1.471e+03, Qg=5.331e+00) | k=5.00 mD, f=9.4 | Sw=[0.004,1.000] | 8199.6s
2026-02-10 17:10:49 - M5Trainer - INFO - [Step 34400/50000] Stage C | L=3.2086e+03 (IC=6.450e-01, BC=7.805e-02, PDE=1.458e+03, Qg=5.346e+00) | k=5.00 mD, f=9.4 | Sw=[0.002,1.000] | 8228.2s
2026-02-10 17:11:18 - M5Trainer - INFO - [Step 34500/50000] Stage C | L=3.6570e+03 (IC=2.976e-01, BC=6.888e-02, PDE=1.477e+03, Qg=5.346e+00) | k=5.00 mD, f=9.4 | Sw=[0.001,0.999] | 8257.1s
2026-02-10 17:11:47 - M5Trainer - INFO - [Step 34600/50000] Stage C | L=3.8900e+03 (IC=5.113e-01, BC=6.330e-02, PDE=1.553e+03, Qg=5.326e+00) | k=5.00 mD, f=9.4 | Sw=[0.002,0.999] | 8285.9s
2026-02-10 17:12:16 - M5Trainer - INFO - [Step 34700/50000] Stage C | L=4.2050e+03 (IC=5.517e-01, BC=7.662e-02, PDE=1.645e+03, Qg=5.330e+00) | k=5.00 mD, f=9.5 | Sw=[0.003,1.000] | 8314.8s
2026-02-10 17:12:45 - M5Trainer - INFO - [Step 34800/50000] Stage C | L=3.4085e+03 (IC=3.122e-01, BC=7.949e-02, PDE=1.430e+03, Qg=5.322e+00) | k=5.00 mD, f=9.5 | Sw=[0.002,0.997] | 8344.1s
2026-02-10 17:13:14 - M5Trainer - INFO - [Step 34900/50000] Stage C | L=3.7921e+03 (IC=4.074e-01, BC=7.349e-02, PDE=1.528e+03, Qg=5.333e+00) | k=5.00 mD, f=9.5 | Sw=[0.002,1.000] | 8373.0s
2026-02-10 17:13:44 - M5Trainer - INFO - [Step 35000/50000] Stage D | L=5.7433e+03 (IC=3.070e-01, BC=6.874e-02, PDE=1.513e+03, Qg=5.335e+00) | k=5.00 mD, f=9.5 | Sw=[0.003,1.000] | 8402.9s
2026-02-10 17:14:13 - M5Trainer - INFO - [Step 35100/50000] Stage D | L=4.1710e+03 (IC=1.334e+00, BC=1.078e-01, PDE=1.419e+03, Qg=5.311e+00) | k=5.00 mD, f=9.5 | Sw=[0.003,0.999] | 8431.6s
2026-02-10 17:14:42 - M5Trainer - INFO - [Step 35200/50000] Stage D | L=4.5966e+03 (IC=1.568e+00, BC=1.102e-01, PDE=1.501e+03, Qg=5.352e+00) | k=5.00 mD, f=9.5 | Sw=[0.002,0.999] | 8460.7s
2026-02-10 17:15:11 - M5Trainer - INFO - [Step 35300/50000] Stage D | L=4.1639e+03 (IC=1.322e+00, BC=9.563e-02, PDE=1.384e+03, Qg=5.340e+00) | k=5.00 mD, f=9.5 | Sw=[0.003,0.999] | 8490.2s
2026-02-10 17:15:41 - M5Trainer - INFO - [Step 35400/50000] Stage D | L=4.8233e+03 (IC=1.307e+00, BC=9.022e-02, PDE=1.483e+03, Qg=5.339e+00) | k=5.00 mD, f=9.5 | Sw=[0.004,0.997] | 8519.5s
2026-02-10 17:16:10 - M5Trainer - INFO - [Step 35500/50000] Stage D | L=4.7388e+03 (IC=1.740e+00, BC=8.918e-02, PDE=1.486e+03, Qg=5.335e+00) | k=5.00 mD, f=9.5 | Sw=[0.002,1.000] | 8549.1s
2026-02-10 17:16:39 - M5Trainer - INFO - [Step 35600/50000] Stage D | L=5.2695e+03 (IC=8.655e-01, BC=9.431e-02, PDE=1.510e+03, Qg=5.320e+00) | k=5.00 mD, f=9.5 | Sw=[0.003,0.998] | 8578.0s
2026-02-10 17:17:08 - M5Trainer - INFO - [Step 35700/50000] Stage D | L=5.2411e+03 (IC=1.266e+00, BC=8.915e-02, PDE=1.524e+03, Qg=5.325e+00) | k=5.00 mD, f=9.5 | Sw=[0.002,1.000] | 8606.8s
2026-02-10 17:17:36 - M5Trainer - INFO - [Step 35800/50000] Stage D | L=4.2767e+03 (IC=1.574e+00, BC=9.524e-02, PDE=1.396e+03, Qg=5.369e+00) | k=5.00 mD, f=9.5 | Sw=[0.002,1.000] | 8635.2s
2026-02-10 17:18:06 - M5Trainer - INFO - [Step 35900/50000] Stage D | L=4.6880e+03 (IC=1.261e+00, BC=9.870e-02, PDE=1.436e+03, Qg=5.338e+00) | k=5.00 mD, f=9.5 | Sw=[0.002,1.000] | 8665.1s
2026-02-10 17:18:35 - M5Trainer - INFO - [Step 36000/50000] Stage D | L=4.8988e+03 (IC=1.756e+00, BC=1.111e-01, PDE=1.511e+03, Qg=5.313e+00) | k=5.00 mD, f=9.5 | Sw=[0.003,1.000] | 8694.4s
2026-02-10 17:19:05 - M5Trainer - INFO - [Step 36100/50000] Stage D | L=5.3141e+03 (IC=1.854e+00, BC=9.646e-02, PDE=1.564e+03, Qg=5.311e+00) | k=5.00 mD, f=9.5 | Sw=[0.001,0.999] | 8723.7s
2026-02-10 17:19:34 - M5Trainer - INFO - [Step 36200/50000] Stage D | L=5.5821e+03 (IC=1.807e+00, BC=7.950e-02, PDE=1.587e+03, Qg=5.317e+00) | k=5.00 mD, f=9.5 | Sw=[0.003,1.000] | 8753.2s
2026-02-10 17:20:04 - M5Trainer - INFO - [Step 36300/50000] Stage D | L=5.1611e+03 (IC=1.804e+00, BC=1.093e-01, PDE=1.549e+03, Qg=5.342e+00) | k=5.00 mD, f=9.5 | Sw=[0.001,1.000] | 8782.6s
2026-02-10 17:20:33 - M5Trainer - INFO - [Step 36400/50000] Stage D | L=4.4232e+03 (IC=1.770e+00, BC=9.535e-02, PDE=1.425e+03, Qg=5.327e+00) | k=5.00 mD, f=9.5 | Sw=[0.001,0.999] | 8811.7s
2026-02-10 17:21:02 - M5Trainer - INFO - [Step 36500/50000] Stage D | L=4.9314e+03 (IC=1.297e+00, BC=1.373e-01, PDE=1.913e+03, Qg=5.343e+00) | k=5.00 mD, f=9.5 | Sw=[0.001,1.000] | 8841.2s
2026-02-10 17:21:31 - M5Trainer - INFO - [Step 36600/50000] Stage D | L=5.2797e+03 (IC=1.335e+00, BC=8.494e-02, PDE=1.497e+03, Qg=5.358e+00) | k=5.00 mD, f=9.5 | Sw=[0.002,0.999] | 8870.0s
2026-02-10 17:21:59 - M5Trainer - INFO - [Step 36700/50000] Stage D | L=5.0560e+03 (IC=1.567e+00, BC=8.982e-02, PDE=1.481e+03, Qg=5.331e+00) | k=5.00 mD, f=9.5 | Sw=[0.003,1.000] | 8898.2s
2026-02-10 17:22:27 - M5Trainer - INFO - [Step 36800/50000] Stage D | L=5.5290e+03 (IC=1.630e+00, BC=9.621e-02, PDE=1.554e+03, Qg=5.333e+00) | k=5.00 mD, f=9.5 | Sw=[0.003,1.000] | 8926.2s
2026-02-10 17:22:55 - M5Trainer - INFO - [Step 36900/50000] Stage D | L=5.0471e+03 (IC=1.563e+00, BC=8.661e-02, PDE=1.463e+03, Qg=5.318e+00) | k=5.00 mD, f=9.5 | Sw=[0.003,1.000] | 8954.2s
2026-02-10 17:23:23 - M5Trainer - INFO - [Step 37000/50000] Stage D | L=5.4884e+03 (IC=1.544e+00, BC=1.002e-01, PDE=1.541e+03, Qg=5.333e+00) | k=5.00 mD, f=9.5 | Sw=[0.003,1.000] | 8982.0s
2026-02-10 17:23:52 - M5Trainer - INFO - [Step 37100/50000] Stage D | L=5.1223e+03 (IC=1.176e+00, BC=9.918e-02, PDE=1.464e+03, Qg=5.323e+00) | k=5.00 mD, f=9.5 | Sw=[0.001,0.998] | 9011.2s
2026-02-10 17:24:22 - M5Trainer - INFO - [Step 37200/50000] Stage D | L=6.1491e+03 (IC=1.061e+00, BC=1.191e-01, PDE=1.638e+03, Qg=5.320e+00) | k=5.00 mD, f=9.5 | Sw=[0.003,0.994] | 9041.1s
2026-02-10 17:24:53 - M5Trainer - INFO - [Step 37300/50000] Stage D | L=5.2472e+03 (IC=1.495e+00, BC=8.265e-02, PDE=1.486e+03, Qg=5.312e+00) | k=5.00 mD, f=9.5 | Sw=[0.003,0.999] | 9071.9s
2026-02-10 17:25:25 - M5Trainer - INFO - [Step 37400/50000] Stage D | L=5.1306e+03 (IC=1.555e+00, BC=1.023e-01, PDE=1.491e+03, Qg=5.306e+00) | k=5.00 mD, f=9.5 | Sw=[0.002,1.000] | 9103.6s
2026-02-10 17:25:57 - M5Trainer - INFO - [Step 37500/50000] Stage D | L=5.4961e+03 (IC=1.539e+00, BC=1.049e-01, PDE=1.555e+03, Qg=5.276e+00) | k=5.00 mD, f=9.5 | Sw=[0.001,0.999] | 9135.5s
2026-02-10 17:26:26 - M5Trainer - INFO - [Step 37600/50000] Stage D | L=5.0916e+03 (IC=1.540e+00, BC=9.926e-02, PDE=1.493e+03, Qg=5.285e+00) | k=5.00 mD, f=9.5 | Sw=[0.002,0.999] | 9164.7s
2026-02-10 17:26:55 - M5Trainer - INFO - [Step 37700/50000] Stage D | L=5.9243e+03 (IC=1.429e+00, BC=9.865e-02, PDE=1.615e+03, Qg=5.261e+00) | k=5.00 mD, f=9.5 | Sw=[0.003,0.997] | 9193.5s
2026-02-10 17:27:26 - M5Trainer - INFO - [Step 37800/50000] Stage D | L=5.1506e+03 (IC=7.461e-01, BC=9.991e-02, PDE=1.464e+03, Qg=5.279e+00) | k=5.00 mD, f=9.5 | Sw=[0.003,1.000] | 9224.9s
2026-02-10 17:27:54 - M5Trainer - INFO - [Step 37900/50000] Stage D | L=4.6269e+03 (IC=2.155e+00, BC=1.043e-01, PDE=1.469e+03, Qg=5.308e+00) | k=5.00 mD, f=9.5 | Sw=[0.002,1.000] | 9253.0s
2026-02-10 17:28:23 - M5Trainer - INFO - [Step 38000/50000] Stage D | L=4.3221e+03 (IC=1.276e+00, BC=1.142e-01, PDE=1.496e+03, Qg=5.280e+00) | k=5.00 mD, f=9.5 | Sw=[0.003,1.000] | 9282.4s
2026-02-10 17:28:53 - M5Trainer - INFO - [Step 38100/50000] Stage D | L=5.2456e+03 (IC=9.462e-01, BC=1.104e-01, PDE=1.703e+03, Qg=5.251e+00) | k=5.00 mD, f=9.5 | Sw=[0.002,0.999] | 9311.8s
2026-02-10 17:29:22 - M5Trainer - INFO - [Step 38200/50000] Stage D | L=5.1291e+03 (IC=1.278e+00, BC=9.608e-02, PDE=1.648e+03, Qg=5.273e+00) | k=5.00 mD, f=9.5 | Sw=[0.001,1.000] | 9341.2s
2026-02-10 17:29:52 - M5Trainer - INFO - [Step 38300/50000] Stage D | L=4.5732e+03 (IC=9.122e-01, BC=1.110e-01, PDE=1.503e+03, Qg=5.271e+00) | k=5.00 mD, f=9.5 | Sw=[0.003,0.999] | 9370.5s
2026-02-10 17:30:21 - M5Trainer - INFO - [Step 38400/50000] Stage D | L=4.2725e+03 (IC=2.595e+00, BC=1.069e-01, PDE=1.469e+03, Qg=5.283e+00) | k=5.00 mD, f=9.4 | Sw=[0.002,0.999] | 9400.2s
2026-02-10 17:30:51 - M5Trainer - INFO - [Step 38500/50000] Stage D | L=5.0519e+03 (IC=1.867e+00, BC=1.192e-01, PDE=1.602e+03, Qg=5.252e+00) | k=5.00 mD, f=9.4 | Sw=[0.002,0.999] | 9429.5s
2026-02-10 17:31:20 - M5Trainer - INFO - [Step 38600/50000] Stage D | L=5.1448e+03 (IC=1.566e+00, BC=1.177e-01, PDE=1.604e+03, Qg=5.257e+00) | k=5.00 mD, f=9.4 | Sw=[0.002,1.000] | 9459.0s
2026-02-10 17:31:50 - M5Trainer - INFO - [Step 38700/50000] Stage D | L=5.0958e+03 (IC=2.607e+00, BC=1.132e-01, PDE=1.592e+03, Qg=5.250e+00) | k=5.00 mD, f=9.4 | Sw=[0.002,1.000] | 9488.9s
2026-02-10 17:32:19 - M5Trainer - INFO - [Step 38800/50000] Stage D | L=6.5847e+03 (IC=1.421e+00, BC=1.025e-01, PDE=1.745e+03, Qg=5.254e+00) | k=5.00 mD, f=9.4 | Sw=[0.003,1.000] | 9518.0s
2026-02-10 17:32:48 - M5Trainer - INFO - [Step 38900/50000] Stage D | L=5.4646e+03 (IC=1.453e+00, BC=9.901e-02, PDE=1.562e+03, Qg=5.246e+00) | k=5.00 mD, f=9.4 | Sw=[0.002,1.000] | 9547.0s
2026-02-10 17:33:17 - M5Trainer - INFO - [Step 39000/50000] Stage D | L=5.3148e+03 (IC=1.430e+00, BC=1.144e-01, PDE=1.559e+03, Qg=5.231e+00) | k=5.00 mD, f=9.4 | Sw=[0.001,1.000] | 9576.1s
2026-02-10 17:33:47 - M5Trainer - INFO - [Step 39100/50000] Stage D | L=4.9359e+03 (IC=2.456e+00, BC=1.242e-01, PDE=1.523e+03, Qg=5.228e+00) | k=5.00 mD, f=9.4 | Sw=[0.002,1.000] | 9605.8s
2026-02-10 17:34:16 - M5Trainer - INFO - [Step 39200/50000] Stage D | L=5.2646e+03 (IC=2.266e+00, BC=1.274e-01, PDE=1.572e+03, Qg=5.265e+00) | k=5.00 mD, f=9.4 | Sw=[0.002,1.000] | 9635.3s
2026-02-10 17:34:46 - M5Trainer - INFO - [Step 39300/50000] Stage D | L=5.0942e+03 (IC=1.576e+00, BC=1.233e-01, PDE=1.561e+03, Qg=5.245e+00) | k=5.00 mD, f=9.4 | Sw=[0.004,1.000] | 9664.6s
2026-02-10 17:35:16 - M5Trainer - INFO - [Step 39400/50000] Stage D | L=3.9208e+03 (IC=2.158e+00, BC=1.121e-01, PDE=1.404e+03, Qg=5.255e+00) | k=5.00 mD, f=9.4 | Sw=[0.003,1.000] | 9694.5s
2026-02-10 17:35:45 - M5Trainer - INFO - [Step 39500/50000] Stage D | L=4.8965e+03 (IC=1.685e+00, BC=1.253e-01, PDE=1.541e+03, Qg=5.244e+00) | k=5.00 mD, f=9.4 | Sw=[0.003,1.000] | 9723.9s
2026-02-10 17:36:15 - M5Trainer - INFO - [Step 39600/50000] Stage D | L=4.3977e+03 (IC=1.815e+00, BC=1.356e-01, PDE=1.463e+03, Qg=5.235e+00) | k=5.00 mD, f=9.4 | Sw=[0.003,0.999] | 9753.7s
2026-02-10 17:36:44 - M5Trainer - INFO - [Step 39700/50000] Stage D | L=3.5191e+03 (IC=1.727e+00, BC=1.175e-01, PDE=1.373e+03, Qg=5.240e+00) | k=5.00 mD, f=9.4 | Sw=[0.004,0.999] | 9783.3s
2026-02-10 17:37:15 - M5Trainer - INFO - [Step 39800/50000] Stage D | L=4.7522e+03 (IC=1.556e+00, BC=1.299e-01, PDE=1.532e+03, Qg=5.209e+00) | k=5.00 mD, f=9.4 | Sw=[0.002,1.000] | 9813.5s
2026-02-10 17:37:46 - M5Trainer - INFO - [Step 39900/50000] Stage D | L=2.8080e+03 (IC=2.084e+00, BC=1.282e-01, PDE=1.376e+03, Qg=5.259e+00) | k=5.00 mD, f=9.4 | Sw=[0.002,1.000] | 9844.9s
2026-02-10 17:38:18 - M5Trainer - INFO - [Step 40000/50000] Stage D | L=5.1800e+03 (IC=1.252e+00, BC=1.338e-01, PDE=1.629e+03, Qg=5.225e+00) | k=5.00 mD, f=9.4 | Sw=[0.002,0.999] | 9876.6s
2026-02-10 17:38:49 - M5Trainer - INFO - [Step 40100/50000] Stage D | L=5.7682e+03 (IC=1.923e+00, BC=1.371e-01, PDE=2.086e+03, Qg=5.268e+00) | k=5.00 mD, f=9.4 | Sw=[0.003,0.999] | 9908.2s
2026-02-10 17:39:21 - M5Trainer - INFO - [Step 40200/50000] Stage D | L=4.4112e+03 (IC=2.323e+00, BC=1.220e-01, PDE=1.667e+03, Qg=5.242e+00) | k=5.00 mD, f=9.3 | Sw=[0.002,1.000] | 9940.0s
2026-02-10 17:39:53 - M5Trainer - INFO - [Step 40300/50000] Stage D | L=4.7542e+03 (IC=1.411e+00, BC=1.221e-01, PDE=1.664e+03, Qg=5.275e+00) | k=5.00 mD, f=9.3 | Sw=[0.001,0.999] | 9971.7s
2026-02-10 17:40:24 - M5Trainer - INFO - [Step 40400/50000] Stage D | L=4.8148e+03 (IC=8.729e-01, BC=1.223e-01, PDE=1.631e+03, Qg=5.236e+00) | k=5.00 mD, f=9.3 | Sw=[0.003,1.000] | 10003.4s
2026-02-10 17:40:56 - M5Trainer - INFO - [Step 40500/50000] Stage D | L=4.0884e+03 (IC=2.132e+00, BC=1.325e-01, PDE=1.538e+03, Qg=5.241e+00) | k=5.00 mD, f=9.3 | Sw=[0.003,0.999] | 10035.1s
2026-02-10 17:41:28 - M5Trainer - INFO - [Step 40600/50000] Stage D | L=3.8750e+03 (IC=2.755e+00, BC=1.183e-01, PDE=1.417e+03, Qg=5.229e+00) | k=5.00 mD, f=9.3 | Sw=[0.003,1.000] | 10066.9s
2026-02-10 17:42:00 - M5Trainer - INFO - [Step 40700/50000] Stage D | L=3.7860e+03 (IC=1.359e+00, BC=1.257e-01, PDE=1.355e+03, Qg=5.242e+00) | k=5.00 mD, f=9.3 | Sw=[0.003,1.000] | 10098.8s
2026-02-10 17:42:32 - M5Trainer - INFO - [Step 40800/50000] Stage D | L=3.3827e+03 (IC=2.193e+00, BC=1.220e-01, PDE=1.285e+03, Qg=5.247e+00) | k=5.00 mD, f=9.3 | Sw=[0.002,0.999] | 10130.7s
2026-02-10 17:43:03 - M5Trainer - INFO - [Step 40900/50000] Stage D | L=3.9513e+03 (IC=1.614e+00, BC=1.588e-01, PDE=1.392e+03, Qg=5.244e+00) | k=5.00 mD, f=9.3 | Sw=[0.003,1.000] | 10162.1s
2026-02-10 17:43:33 - M5Trainer - INFO - [Step 41000/50000] Stage D | L=3.5509e+03 (IC=1.565e+00, BC=1.227e-01, PDE=1.291e+03, Qg=5.236e+00) | k=5.00 mD, f=9.3 | Sw=[0.002,0.999] | 10191.7s
2026-02-10 17:44:03 - M5Trainer - INFO - [Step 41100/50000] Stage D | L=3.6666e+03 (IC=1.113e+00, BC=1.442e-01, PDE=1.306e+03, Qg=5.246e+00) | k=5.00 mD, f=9.3 | Sw=[0.001,0.999] | 10221.7s
2026-02-10 17:44:32 - M5Trainer - INFO - [Step 41200/50000] Stage D | L=4.2302e+03 (IC=2.018e+00, BC=1.195e-01, PDE=1.405e+03, Qg=5.237e+00) | k=5.00 mD, f=9.3 | Sw=[0.003,1.000] | 10251.0s
2026-02-10 17:45:02 - M5Trainer - INFO - [Step 41300/50000] Stage D | L=3.9023e+03 (IC=2.171e+00, BC=1.134e-01, PDE=1.344e+03, Qg=5.264e+00) | k=5.00 mD, f=9.3 | Sw=[0.003,0.999] | 10280.4s
2026-02-10 17:45:31 - M5Trainer - INFO - [Step 41400/50000] Stage D | L=3.8029e+03 (IC=1.251e+00, BC=1.382e-01, PDE=1.304e+03, Qg=5.256e+00) | k=5.00 mD, f=9.3 | Sw=[0.002,1.000] | 10310.0s
2026-02-10 17:46:01 - M5Trainer - INFO - [Step 41500/50000] Stage D | L=3.6481e+03 (IC=2.076e+00, BC=1.227e-01, PDE=1.352e+03, Qg=5.263e+00) | k=5.00 mD, f=9.3 | Sw=[0.002,0.997] | 10340.3s
2026-02-10 17:46:31 - M5Trainer - INFO - [Step 41600/50000] Stage D | L=3.3073e+03 (IC=1.628e+00, BC=1.537e-01, PDE=1.224e+03, Qg=5.275e+00) | k=5.00 mD, f=9.3 | Sw=[0.003,1.000] | 10369.5s
2026-02-10 17:47:00 - M5Trainer - INFO - [Step 41700/50000] Stage D | L=3.4371e+03 (IC=1.388e+00, BC=1.365e-01, PDE=1.229e+03, Qg=5.285e+00) | k=5.00 mD, f=9.3 | Sw=[0.003,1.000] | 10398.9s
2026-02-10 17:47:29 - M5Trainer - INFO - [Step 41800/50000] Stage D | L=3.8432e+03 (IC=1.077e+00, BC=1.219e-01, PDE=1.265e+03, Qg=5.283e+00) | k=5.00 mD, f=9.3 | Sw=[0.003,0.998] | 10428.3s
2026-02-10 17:47:59 - M5Trainer - INFO - [Step 41900/50000] Stage D | L=3.1790e+03 (IC=2.151e+00, BC=1.411e-01, PDE=1.174e+03, Qg=5.314e+00) | k=5.00 mD, f=9.3 | Sw=[0.001,1.000] | 10457.8s
2026-02-10 17:48:29 - M5Trainer - INFO - [Step 42000/50000] Stage D | L=3.2312e+03 (IC=1.700e+00, BC=1.273e-01, PDE=1.163e+03, Qg=5.323e+00) | k=5.00 mD, f=9.3 | Sw=[0.002,1.000] | 10488.3s
2026-02-10 17:49:00 - M5Trainer - INFO - [Step 42100/50000] Stage D | L=2.9857e+03 (IC=1.623e+00, BC=1.329e-01, PDE=1.173e+03, Qg=5.284e+00) | k=5.00 mD, f=9.3 | Sw=[0.002,0.999] | 10519.3s
2026-02-10 17:49:31 - M5Trainer - INFO - [Step 42200/50000] Stage D | L=3.6547e+03 (IC=9.399e-01, BC=1.368e-01, PDE=1.233e+03, Qg=5.297e+00) | k=5.00 mD, f=9.3 | Sw=[0.002,1.000] | 10550.2s
2026-02-10 17:50:03 - M5Trainer - INFO - [Step 42300/50000] Stage D | L=3.4026e+03 (IC=1.448e+00, BC=1.907e-01, PDE=1.223e+03, Qg=5.286e+00) | k=5.00 mD, f=9.3 | Sw=[0.002,1.000] | 10581.5s
2026-02-10 17:50:34 - M5Trainer - INFO - [Step 42400/50000] Stage D | L=2.7462e+03 (IC=1.756e+00, BC=1.528e-01, PDE=1.078e+03, Qg=5.319e+00) | k=5.00 mD, f=9.3 | Sw=[0.002,1.000] | 10612.6s
2026-02-10 17:51:05 - M5Trainer - INFO - [Step 42500/50000] Stage D | L=3.4507e+03 (IC=1.358e+00, BC=1.240e-01, PDE=1.188e+03, Qg=5.301e+00) | k=5.00 mD, f=9.3 | Sw=[0.003,1.000] | 10643.6s
2026-02-10 17:51:36 - M5Trainer - INFO - [Step 42600/50000] Stage D | L=4.3648e+03 (IC=1.859e+00, BC=1.309e-01, PDE=1.333e+03, Qg=5.310e+00) | k=5.00 mD, f=9.3 | Sw=[0.002,1.000] | 10674.6s
2026-02-10 17:52:07 - M5Trainer - INFO - [Step 42700/50000] Stage D | L=3.3018e+03 (IC=1.374e+00, BC=1.262e-01, PDE=1.131e+03, Qg=5.327e+00) | k=5.00 mD, f=9.3 | Sw=[0.004,1.000] | 10705.7s
2026-02-10 17:52:38 - M5Trainer - INFO - [Step 42800/50000] Stage D | L=3.4812e+03 (IC=1.434e+00, BC=1.453e-01, PDE=1.170e+03, Qg=5.326e+00) | k=5.00 mD, f=9.3 | Sw=[0.001,1.000] | 10736.6s
2026-02-10 17:53:08 - M5Trainer - INFO - [Step 42900/50000] Stage D | L=1.9899e+03 (IC=2.133e+00, BC=1.552e-01, PDE=1.164e+03, Qg=5.330e+00) | k=5.00 mD, f=9.3 | Sw=[0.002,1.000] | 10766.9s
2026-02-10 17:53:37 - M5Trainer - INFO - [Step 43000/50000] Stage D | L=5.6509e+03 (IC=1.582e+00, BC=1.314e-01, PDE=1.546e+03, Qg=5.376e+00) | k=5.00 mD, f=9.3 | Sw=[0.002,1.000] | 10796.0s
2026-02-10 17:54:06 - M5Trainer - INFO - [Step 43100/50000] Stage D | L=3.0357e+03 (IC=1.546e+00, BC=1.218e-01, PDE=1.158e+03, Qg=5.320e+00) | k=5.00 mD, f=9.3 | Sw=[0.002,0.999] | 10825.3s
2026-02-10 17:54:35 - M5Trainer - INFO - [Step 43200/50000] Stage D | L=3.5455e+03 (IC=1.952e+00, BC=1.393e-01, PDE=1.186e+03, Qg=5.296e+00) | k=5.00 mD, f=9.3 | Sw=[0.002,1.000] | 10854.3s
2026-02-10 17:55:05 - M5Trainer - INFO - [Step 43300/50000] Stage D | L=3.5747e+03 (IC=1.984e+00, BC=1.620e-01, PDE=1.179e+03, Qg=5.311e+00) | k=5.00 mD, f=9.3 | Sw=[0.002,1.000] | 10884.3s
2026-02-10 17:55:34 - M5Trainer - INFO - [Step 43400/50000] Stage D | L=3.9582e+03 (IC=2.474e+00, BC=1.416e-01, PDE=1.235e+03, Qg=5.307e+00) | k=5.00 mD, f=9.3 | Sw=[0.003,1.000] | 10913.2s
2026-02-10 17:56:03 - M5Trainer - INFO - [Step 43500/50000] Stage D | L=3.7976e+03 (IC=2.649e+00, BC=1.152e-01, PDE=1.197e+03, Qg=5.303e+00) | k=5.00 mD, f=9.3 | Sw=[0.001,1.000] | 10942.2s
2026-02-10 17:56:32 - M5Trainer - INFO - [Step 43600/50000] Stage D | L=4.8743e+03 (IC=1.896e+00, BC=1.535e-01, PDE=1.368e+03, Qg=5.305e+00) | k=5.00 mD, f=9.3 | Sw=[0.001,1.000] | 10971.2s
2026-02-10 17:57:01 - M5Trainer - INFO - [Step 43700/50000] Stage D | L=3.4758e+03 (IC=9.770e-01, BC=1.626e-01, PDE=1.123e+03, Qg=5.329e+00) | k=5.00 mD, f=9.3 | Sw=[0.002,1.000] | 11000.4s
2026-02-10 17:57:30 - M5Trainer - INFO - [Step 43800/50000] Stage D | L=2.4293e+03 (IC=1.606e+00, BC=1.385e-01, PDE=1.144e+03, Qg=5.314e+00) | k=5.00 mD, f=9.3 | Sw=[0.002,1.000] | 11029.0s
2026-02-10 17:57:58 - M5Trainer - INFO - [Step 43900/50000] Stage D | L=2.5018e+03 (IC=1.443e+00, BC=1.472e-01, PDE=1.166e+03, Qg=5.305e+00) | k=5.00 mD, f=9.3 | Sw=[0.004,0.999] | 11056.8s
2026-02-10 17:58:26 - M5Trainer - INFO - [Step 44000/50000] Stage D | L=4.2595e+03 (IC=1.448e+00, BC=1.508e-01, PDE=1.247e+03, Qg=5.303e+00) | k=5.00 mD, f=9.3 | Sw=[0.001,1.000] | 11084.7s
2026-02-10 17:58:54 - M5Trainer - INFO - [Step 44100/50000] Stage D | L=3.5346e+03 (IC=2.405e+00, BC=1.353e-01, PDE=1.144e+03, Qg=5.314e+00) | k=5.00 mD, f=9.3 | Sw=[0.003,0.999] | 11112.5s
2026-02-10 17:59:21 - M5Trainer - INFO - [Step 44200/50000] Stage D | L=3.7638e+03 (IC=2.054e+00, BC=1.234e-01, PDE=1.165e+03, Qg=5.307e+00) | k=5.00 mD, f=9.3 | Sw=[0.002,1.000] | 11140.3s
2026-02-10 17:59:49 - M5Trainer - INFO - [Step 44300/50000] Stage D | L=5.2550e+03 (IC=2.022e+00, BC=1.164e-01, PDE=1.400e+03, Qg=5.351e+00) | k=5.00 mD, f=9.3 | Sw=[0.001,1.000] | 11168.1s
2026-02-10 18:00:17 - M5Trainer - INFO - [Step 44400/50000] Stage D | L=4.1534e+03 (IC=1.988e+00, BC=1.386e-01, PDE=1.254e+03, Qg=5.290e+00) | k=5.00 mD, f=9.3 | Sw=[0.001,1.000] | 11195.9s
2026-02-10 18:00:47 - M5Trainer - INFO - [Step 44500/50000] Stage D | L=3.5570e+03 (IC=1.409e+00, BC=1.509e-01, PDE=1.152e+03, Qg=5.309e+00) | k=5.00 mD, f=9.3 | Sw=[0.002,1.000] | 11226.0s
2026-02-10 18:01:17 - M5Trainer - INFO - [Step 44600/50000] Stage D | L=3.9238e+03 (IC=2.274e+00, BC=1.531e-01, PDE=1.235e+03, Qg=5.309e+00) | k=5.00 mD, f=9.3 | Sw=[0.001,0.999] | 11255.4s
2026-02-10 18:01:47 - M5Trainer - INFO - [Step 44700/50000] Stage D | L=4.0959e+03 (IC=1.525e+00, BC=1.481e-01, PDE=1.240e+03, Qg=5.317e+00) | k=5.00 mD, f=9.3 | Sw=[0.001,1.000] | 11285.7s
2026-02-10 18:02:16 - M5Trainer - INFO - [Step 44800/50000] Stage D | L=3.5170e+03 (IC=1.797e+00, BC=1.467e-01, PDE=1.210e+03, Qg=5.311e+00) | k=5.00 mD, f=9.3 | Sw=[0.002,1.000] | 11315.2s
2026-02-10 18:02:46 - M5Trainer - INFO - [Step 44900/50000] Stage D | L=4.0991e+03 (IC=9.602e-01, BC=1.489e-01, PDE=1.219e+03, Qg=5.305e+00) | k=5.00 mD, f=9.3 | Sw=[0.002,1.000] | 11345.2s
2026-02-10 18:03:15 - M5Trainer - INFO - [Step 45000/50000] Stage D | L=3.6727e+03 (IC=1.845e+00, BC=1.688e-01, PDE=1.180e+03, Qg=5.314e+00) | k=5.00 mD, f=9.3 | Sw=[0.002,1.000] | 11374.1s
2026-02-10 18:03:44 - M5Trainer - INFO - [Step 45100/50000] Stage D | L=3.7871e+03 (IC=2.353e+00, BC=1.536e-01, PDE=1.206e+03, Qg=5.304e+00) | k=5.00 mD, f=9.3 | Sw=[0.004,0.999] | 11403.0s
2026-02-10 18:04:13 - M5Trainer - INFO - [Step 45200/50000] Stage D | L=3.5245e+03 (IC=1.531e+00, BC=1.522e-01, PDE=1.140e+03, Qg=5.308e+00) | k=5.00 mD, f=9.4 | Sw=[0.003,1.000] | 11431.9s
2026-02-10 18:04:42 - M5Trainer - INFO - [Step 45300/50000] Stage D | L=4.0917e+03 (IC=1.624e+00, BC=1.360e-01, PDE=1.226e+03, Qg=5.308e+00) | k=5.00 mD, f=9.4 | Sw=[0.002,1.000] | 11461.0s
2026-02-10 18:05:11 - M5Trainer - INFO - [Step 45400/50000] Stage D | L=3.3756e+03 (IC=2.046e+00, BC=1.422e-01, PDE=1.117e+03, Qg=5.315e+00) | k=5.00 mD, f=9.4 | Sw=[0.002,0.997] | 11490.3s
2026-02-10 18:05:41 - M5Trainer - INFO - [Step 45500/50000] Stage D | L=3.4997e+03 (IC=2.175e+00, BC=1.741e-01, PDE=1.154e+03, Qg=5.331e+00) | k=5.00 mD, f=9.4 | Sw=[0.003,0.999] | 11519.5s
2026-02-10 18:06:10 - M5Trainer - INFO - [Step 45600/50000] Stage D | L=3.2356e+03 (IC=2.165e+00, BC=1.579e-01, PDE=1.098e+03, Qg=5.307e+00) | k=5.00 mD, f=9.4 | Sw=[0.002,1.000] | 11549.4s
2026-02-10 18:06:42 - M5Trainer - INFO - [Step 45700/50000] Stage D | L=3.6928e+03 (IC=3.192e+00, BC=1.423e-01, PDE=1.190e+03, Qg=5.318e+00) | k=5.00 mD, f=9.4 | Sw=[0.002,1.000] | 11581.2s
2026-02-10 18:07:14 - M5Trainer - INFO - [Step 45800/50000] Stage D | L=3.2464e+03 (IC=1.991e+00, BC=1.621e-01, PDE=1.097e+03, Qg=5.320e+00) | k=5.00 mD, f=9.4 | Sw=[0.002,0.999] | 11612.8s
2026-02-10 18:07:45 - M5Trainer - INFO - [Step 45900/50000] Stage D | L=3.8675e+03 (IC=1.440e+00, BC=1.959e-01, PDE=1.128e+03, Qg=5.327e+00) | k=5.00 mD, f=9.4 | Sw=[0.003,1.000] | 11644.1s
2026-02-10 18:08:16 - M5Trainer - INFO - [Step 46000/50000] Stage D | L=3.5059e+03 (IC=1.678e+00, BC=1.449e-01, PDE=1.126e+03, Qg=5.319e+00) | k=5.00 mD, f=9.4 | Sw=[0.002,1.000] | 11674.8s
2026-02-10 18:08:46 - M5Trainer - INFO - [Step 46100/50000] Stage D | L=3.3096e+03 (IC=1.441e+00, BC=1.603e-01, PDE=1.090e+03, Qg=5.313e+00) | k=5.00 mD, f=9.4 | Sw=[0.003,1.000] | 11705.2s
2026-02-10 18:09:15 - M5Trainer - INFO - [Step 46200/50000] Stage D | L=3.8420e+03 (IC=2.056e+00, BC=1.635e-01, PDE=1.197e+03, Qg=5.321e+00) | k=5.00 mD, f=9.4 | Sw=[0.002,1.000] | 11734.4s
2026-02-10 18:09:46 - M5Trainer - INFO - [Step 46300/50000] Stage D | L=3.4381e+03 (IC=2.088e+00, BC=1.736e-01, PDE=1.146e+03, Qg=5.324e+00) | k=5.00 mD, f=9.4 | Sw=[0.002,1.000] | 11764.7s
2026-02-10 18:10:16 - M5Trainer - INFO - [Step 46400/50000] Stage D | L=3.7008e+03 (IC=1.793e+00, BC=1.740e-01, PDE=1.412e+03, Qg=5.318e+00) | k=5.00 mD, f=9.4 | Sw=[0.003,1.000] | 11794.7s
2026-02-10 18:10:47 - M5Trainer - INFO - [Step 46500/50000] Stage D | L=4.3081e+03 (IC=2.364e+00, BC=1.947e-01, PDE=1.330e+03, Qg=5.327e+00) | k=5.00 mD, f=9.4 | Sw=[0.001,0.999] | 11825.6s
2026-02-10 18:11:15 - M5Trainer - INFO - [Step 46600/50000] Stage D | L=5.0049e+03 (IC=1.446e+00, BC=1.860e-01, PDE=1.411e+03, Qg=5.323e+00) | k=5.00 mD, f=9.4 | Sw=[0.002,1.000] | 11853.7s
2026-02-10 18:11:43 - M5Trainer - INFO - [Step 46700/50000] Stage D | L=4.1242e+03 (IC=1.684e+00, BC=1.453e-01, PDE=1.270e+03, Qg=5.316e+00) | k=5.00 mD, f=9.4 | Sw=[0.003,1.000] | 11881.6s
2026-02-10 18:12:13 - M5Trainer - INFO - [Step 46800/50000] Stage D | L=4.6767e+03 (IC=1.606e+00, BC=1.677e-01, PDE=1.363e+03, Qg=5.320e+00) | k=5.00 mD, f=9.4 | Sw=[0.000,1.000] | 11911.5s
2026-02-10 18:12:44 - M5Trainer - INFO - [Step 46900/50000] Stage D | L=3.8527e+03 (IC=1.534e+00, BC=1.646e-01, PDE=1.228e+03, Qg=5.307e+00) | k=5.00 mD, f=9.4 | Sw=[0.003,0.999] | 11943.3s
2026-02-10 18:13:15 - M5Trainer - INFO - [Step 47000/50000] Stage D | L=4.0428e+03 (IC=1.633e+00, BC=1.456e-01, PDE=1.266e+03, Qg=5.310e+00) | k=5.00 mD, f=9.4 | Sw=[0.001,0.998] | 11973.8s
2026-02-10 18:13:44 - M5Trainer - INFO - [Step 47100/50000] Stage D | L=4.1063e+03 (IC=2.062e+00, BC=1.568e-01, PDE=1.312e+03, Qg=5.305e+00) | k=5.00 mD, f=9.4 | Sw=[0.002,0.998] | 12002.5s
2026-02-10 18:14:13 - M5Trainer - INFO - [Step 47200/50000] Stage D | L=3.5038e+03 (IC=2.108e+00, BC=1.681e-01, PDE=1.207e+03, Qg=5.308e+00) | k=5.00 mD, f=9.4 | Sw=[0.003,1.000] | 12032.3s
2026-02-10 18:14:45 - M5Trainer - INFO - [Step 47300/50000] Stage D | L=4.0358e+03 (IC=1.761e+00, BC=1.844e-01, PDE=1.297e+03, Qg=5.309e+00) | k=5.00 mD, f=9.4 | Sw=[0.001,1.000] | 12063.7s
2026-02-10 18:15:15 - M5Trainer - INFO - [Step 47400/50000] Stage D | L=3.7483e+03 (IC=1.488e+00, BC=2.095e-01, PDE=1.249e+03, Qg=5.311e+00) | k=5.00 mD, f=9.4 | Sw=[0.002,1.000] | 12094.3s
2026-02-10 18:15:46 - M5Trainer - INFO - [Step 47500/50000] Stage D | L=4.0410e+03 (IC=1.430e+00, BC=1.634e-01, PDE=1.262e+03, Qg=5.312e+00) | k=5.00 mD, f=9.4 | Sw=[0.002,1.000] | 12125.0s
2026-02-10 18:16:16 - M5Trainer - INFO - [Step 47600/50000] Stage D | L=3.9605e+03 (IC=1.020e+00, BC=1.480e-01, PDE=1.259e+03, Qg=5.312e+00) | k=5.00 mD, f=9.4 | Sw=[0.003,1.000] | 12154.5s
2026-02-10 18:16:45 - M5Trainer - INFO - [Step 47700/50000] Stage D | L=4.2232e+03 (IC=1.815e+00, BC=1.796e-01, PDE=1.344e+03, Qg=5.313e+00) | k=5.00 mD, f=9.4 | Sw=[0.001,1.000] | 12183.8s
2026-02-10 18:17:15 - M5Trainer - INFO - [Step 47800/50000] Stage D | L=3.4018e+03 (IC=1.372e+00, BC=1.756e-01, PDE=1.151e+03, Qg=5.313e+00) | k=5.00 mD, f=9.4 | Sw=[0.002,1.000] | 12214.1s
2026-02-10 18:17:46 - M5Trainer - INFO - [Step 47900/50000] Stage D | L=3.9169e+03 (IC=1.813e+00, BC=1.372e-01, PDE=1.254e+03, Qg=5.315e+00) | k=5.00 mD, f=9.4 | Sw=[0.002,0.999] | 12244.6s
2026-02-10 18:18:15 - M5Trainer - INFO - [Step 48000/50000] Stage D | L=4.0569e+03 (IC=1.645e+00, BC=1.707e-01, PDE=1.278e+03, Qg=5.316e+00) | k=5.00 mD, f=9.4 | Sw=[0.001,1.000] | 12274.0s
2026-02-10 18:18:44 - M5Trainer - INFO - [Step 48100/50000] Stage D | L=4.4167e+03 (IC=1.250e+00, BC=1.626e-01, PDE=1.314e+03, Qg=5.313e+00) | k=5.00 mD, f=9.4 | Sw=[0.003,1.000] | 12303.1s
2026-02-10 18:19:14 - M5Trainer - INFO - [Step 48200/50000] Stage D | L=3.4830e+03 (IC=1.349e+00, BC=1.579e-01, PDE=1.157e+03, Qg=5.314e+00) | k=5.00 mD, f=9.4 | Sw=[0.001,1.000] | 12332.5s
2026-02-10 18:19:43 - M5Trainer - INFO - [Step 48300/50000] Stage D | L=3.7665e+03 (IC=1.658e+00, BC=1.560e-01, PDE=1.215e+03, Qg=5.314e+00) | k=5.00 mD, f=9.4 | Sw=[0.002,1.000] | 12361.7s
2026-02-10 18:20:12 - M5Trainer - INFO - [Step 48400/50000] Stage D | L=3.9852e+03 (IC=1.806e+00, BC=1.526e-01, PDE=1.254e+03, Qg=5.316e+00) | k=5.00 mD, f=9.4 | Sw=[0.002,1.000] | 12391.1s
2026-02-10 18:20:41 - M5Trainer - INFO - [Step 48500/50000] Stage D | L=4.0212e+03 (IC=1.873e+00, BC=1.498e-01, PDE=1.259e+03, Qg=5.316e+00) | k=5.00 mD, f=9.4 | Sw=[0.002,1.000] | 12420.3s
2026-02-10 18:21:11 - M5Trainer - INFO - [Step 48600/50000] Stage D | L=3.5472e+03 (IC=1.428e+00, BC=1.665e-01, PDE=1.170e+03, Qg=5.313e+00) | k=5.00 mD, f=9.4 | Sw=[0.003,0.999] | 12449.9s
2026-02-10 18:21:41 - M5Trainer - INFO - [Step 48700/50000] Stage D | L=3.4075e+03 (IC=1.386e+00, BC=1.578e-01, PDE=1.139e+03, Qg=5.317e+00) | k=5.00 mD, f=9.4 | Sw=[0.003,1.000] | 12480.0s
2026-02-10 18:22:10 - M5Trainer - INFO - [Step 48800/50000] Stage D | L=3.9805e+03 (IC=1.219e+00, BC=1.555e-01, PDE=1.231e+03, Qg=5.320e+00) | k=5.00 mD, f=9.4 | Sw=[0.003,1.000] | 12509.2s
2026-02-10 18:22:40 - M5Trainer - INFO - [Step 48900/50000] Stage D | L=3.4547e+03 (IC=1.849e+00, BC=1.552e-01, PDE=1.158e+03, Qg=5.316e+00) | k=5.00 mD, f=9.4 | Sw=[0.002,0.999] | 12539.3s
2026-02-10 18:23:10 - M5Trainer - INFO - [Step 49000/50000] Stage D | L=4.1148e+03 (IC=1.991e+00, BC=1.635e-01, PDE=1.279e+03, Qg=5.316e+00) | k=5.00 mD, f=9.4 | Sw=[0.001,1.000] | 12568.7s
2026-02-10 18:23:39 - M5Trainer - INFO - [Step 49100/50000] Stage D | L=3.8856e+03 (IC=1.671e+00, BC=1.831e-01, PDE=1.241e+03, Qg=5.318e+00) | k=5.00 mD, f=9.4 | Sw=[0.001,0.999] | 12598.3s
2026-02-10 18:24:09 - M5Trainer - INFO - [Step 49200/50000] Stage D | L=4.0832e+03 (IC=1.114e+00, BC=1.685e-01, PDE=1.253e+03, Qg=5.317e+00) | k=5.00 mD, f=9.4 | Sw=[0.003,1.000] | 12627.6s
2026-02-10 18:24:38 - M5Trainer - INFO - [Step 49300/50000] Stage D | L=3.8684e+03 (IC=1.636e+00, BC=1.690e-01, PDE=1.233e+03, Qg=5.315e+00) | k=5.00 mD, f=9.4 | Sw=[0.002,1.000] | 12656.6s
2026-02-10 18:25:07 - M5Trainer - INFO - [Step 49400/50000] Stage D | L=4.0867e+03 (IC=1.490e+00, BC=1.520e-01, PDE=1.257e+03, Qg=5.314e+00) | k=5.00 mD, f=9.4 | Sw=[0.003,0.998] | 12685.8s
2026-02-10 18:25:36 - M5Trainer - INFO - [Step 49500/50000] Stage D | L=3.7586e+03 (IC=1.877e+00, BC=1.243e-01, PDE=1.202e+03, Qg=5.314e+00) | k=5.00 mD, f=9.4 | Sw=[0.004,1.000] | 12714.9s
2026-02-10 18:26:05 - M5Trainer - INFO - [Step 49600/50000] Stage D | L=4.0183e+03 (IC=1.663e+00, BC=1.588e-01, PDE=1.257e+03, Qg=5.313e+00) | k=5.00 mD, f=9.4 | Sw=[0.002,0.999] | 12744.4s
2026-02-10 18:26:35 - M5Trainer - INFO - [Step 49700/50000] Stage D | L=3.9663e+03 (IC=1.476e+00, BC=1.676e-01, PDE=1.247e+03, Qg=5.315e+00) | k=5.00 mD, f=9.4 | Sw=[0.002,1.000] | 12774.3s
2026-02-10 18:27:06 - M5Trainer - INFO - [Step 49800/50000] Stage D | L=3.8373e+03 (IC=3.361e+00, BC=1.868e-01, PDE=1.273e+03, Qg=5.315e+00) | k=5.00 mD, f=9.4 | Sw=[0.001,1.000] | 12804.6s
2026-02-10 18:27:36 - M5Trainer - INFO - [Step 49900/50000] Stage D | L=4.0986e+03 (IC=1.542e+00, BC=1.546e-01, PDE=1.265e+03, Qg=5.314e+00) | k=5.00 mD, f=9.4 | Sw=[0.002,1.000] | 12835.1s
2026-02-10 18:28:06 - M5Trainer - INFO - [Step 49999/50000] Stage D | L=3.9147e+03 (IC=2.301e+00, BC=1.480e-01, PDE=1.252e+03, Qg=5.313e+00) | k=5.00 mD, f=9.4 | Sw=[0.003,1.000] | 12865.2s
2026-02-10 18:28:06 - M5Trainer - INFO - 
M5 训练完成! 耗时: 12865.2s, 最佳损失: 1.3481e-02
2026-02-10 18:28:07 - M5Trainer - INFO - 配置快照已保存: C:\Users\16281\Desktop\cpedc_project\outputs\mk_pinn_dt_v2\resolved_config_m5.json
2026-02-10 18:28:07 - M5Trainer - INFO - 反演参数审计: C:\Users\16281\Desktop\cpedc_project\outputs\mk_pinn_dt_v2\reports\M5_inversion_params.json
2026-02-10 18:28:07 - M5Trainer - INFO - qg 对比图已保存: C:\Users\16281\Desktop\cpedc_project\outputs\mk_pinn_dt_v2\figs\M5_qg_comparison_SY9.png
2026-02-10 18:28:07 - M5Trainer - INFO - p_wf 反演图已保存: C:\Users\16281\Desktop\cpedc_project\outputs\mk_pinn_dt_v2\figs\M5_pwf_inversion_SY9.png
2026-02-10 18:28:08 - M5Trainer - INFO - 训练曲线图已保存: C:\Users\16281\Desktop\cpedc_project\outputs\mk_pinn_dt_v2\figs\M5_training_history.png
2026-02-10 18:28:08 - M5Trainer - INFO - 残差热力图已保存: C:\Users\16281\Desktop\cpedc_project\outputs\mk_pinn_dt_v2\figs\M5_pde_residual_map.png
2026-02-10 18:28:10 - M5Trainer - INFO - M6 连通性分析完成
2026-02-10 18:28:11 - M5Trainer - INFO - M7 水侵预警分析完成
2026-02-10 18:28:11 - M5Trainer - INFO - M5 验收报告已保存: C:\Users\16281\Desktop\cpedc_project\outputs\mk_pinn_dt_v2\reports\M5_validation_report.md
