2026-02-19 23:32:10 - M5Trainer - INFO -   torch.compile 已跳过 (Triton 不支持 Windows, 使用 eager 模式)
2026-02-19 23:32:10 - M5Trainer - INFO - k_frac 独立参数组: lr=3.00e-03 (factor=3.0)
2026-02-19 23:32:10 - M5Trainer - INFO - k_net 学习率: 1.00e-04 (factor=0.1, warmup=2000 steps)
2026-02-19 23:32:10 - M5Trainer - INFO -   井 SY9: 1332 条同化数据 (train=799, val=266, test=267)
    开井点数 (q>1): train=745, val=88, test=121
    有效压力点: val_p=109, test_p=121
2026-02-19 23:32:10 - M5Trainer - INFO -   train time window(norm): [0.0000, 0.5995]
2026-02-19 23:32:10 - M5Trainer - INFO -   M3 PVT cg(76.0, 140.32) = 0.009744
2026-02-19 23:32:10 - M5Trainer - INFO -   M3 PVT Bg(76.0, 140.32) = 0.002577
2026-02-19 23:32:10 - M5Trainer - INFO -   PDE 缩放: αx=0.029719, αy=0.074361
2026-02-19 23:32:10 - M5Trainer - INFO - M5Trainer 初始化完成: device=cuda, lr=0.001, max_steps=8000, relobralo=True, rar=True
2026-02-19 23:32:10 - M5Trainer - INFO - ============================================================
2026-02-19 23:32:10 - M5Trainer - INFO - M5 PINN 井—藏耦合同化训练开始
2026-02-19 23:32:10 - M5Trainer - INFO - ============================================================
2026-02-19 23:32:10 - M5Trainer - INFO - 训练阶段: A[0-800] B[800-2800] C[2800-5600] D[5600-8000]
2026-02-19 23:32:10 - M5Trainer - INFO -   qg_nearzero 权重: A=3.0, B=6.0->9.0, C=12.0, D=3.0, enable=True
2026-02-19 23:32:10 - M5Trainer - INFO - --- M5 单位/量纲诊断 (train 第 1 步前) ---
2026-02-19 23:32:10 - M5Trainer - INFO -   qg_obs 范围: 0.00e+00 ~ 8.39e+05 m³/d, 均值: 2.97e+05 m³/d
2026-02-19 23:32:11 - M5Trainer - INFO -   qg_pred 范围: 3.86e+05 ~ 3.93e+05
2026-02-19 23:32:11 - M5Trainer - INFO -   p_wf 范围: 7.43e+01 ~ 7.43e+01 MPa
2026-02-19 23:32:11 - M5Trainer - INFO -   p_field @ well: 7.50e+01 MPa
2026-02-19 23:32:11 - M5Trainer - INFO -   k_frac = 5.4020 mD
2026-02-19 23:32:11 - M5Trainer - INFO -   WI_raw = 4.309845e-13 [检查单位]
2026-02-19 23:32:11 - M5Trainer - INFO -   dp_wellbore = 12.00 MPa
2026-02-19 23:32:11 - M5Trainer - INFO -   Bg_ref = 2.576898e-03
2026-02-19 23:32:11 - M5Trainer - INFO -   qg_obs 范围: 0.00e+00 ~ 8.39e+05 m³/d
2026-02-19 23:32:11 - M5Trainer - INFO -   qg_obs 中位数 = 3.07e+05 m³/d
2026-02-19 23:32:11 - M5Trainer - INFO -   ✅ v9: PDE源项已升级为时变 source(x,y,t) = qg_obs(t) * kernel(x,y)
2026-02-19 23:32:11 - M5Trainer - INFO -   ✅ 每个PDE配点使用其时刻对应的真实观测产量（线性插值）
2026-02-19 23:32:11 - M5Trainer - INFO - --- 诊断结束 ---
2026-02-19 23:32:11 - M5Trainer - INFO -   [shape] SY9: qg pred=(1332, 1) vs obs=(1332, 1), p_wf pred=(1332, 1) vs p_obs=(1332, 1)
2026-02-19 23:32:11 - M5Trainer - INFO -   [Sw约束v9] Sw=[0.260, 0.260, 0.260], 权重=500, 惩罚=0.000000 (低=0.0000, 高=0.0000)
2026-02-19 23:32:11 - M5Trainer - INFO -   ✅ k_frac_mD.grad = -5.362316e-03 (PDE梯度贯通)
2026-02-19 23:32:11 - M5Trainer - INFO -   ✅ k_net: 18 组参数收到梯度
2026-02-19 23:32:11 - M5Trainer - INFO -   [梯度验收] SY9: qg_obs range=[0.0, 838700.0]
2026-02-19 23:32:11 - M5Trainer - INFO -   [Sw监控] SY9: Sw=[0.2600, 0.2600, 0.2600], krg_min=6.751000e-01
2026-02-19 23:32:11 - M5Trainer - INFO - [Step     0/8000] Stage A | L=7.8183e+02 (IC=1.000e+00, BC=1.000e+00, PDE=1.611e+06, Qg=2.082e-01, Qz=1.274e-01, Sd=3.653e-01, SwB=0.000e+00) | k_frac=5.4022 mD, dp=12.00 MPa | Sw=[0.260,0.260] | 0.6s
2026-02-19 23:32:11 - M5Trainer - INFO -   [k_frac诊断] grad=-5.3623e-03, k_frac=5.402157 mD
2026-02-19 23:32:25 - M5Trainer - INFO - [Step   100/8000] Stage A | L=3.0163e+02 (IC=1.110e-02, BC=1.014e-02, PDE=1.989e+06, Qg=1.894e-01, Qz=2.164e-01, Sd=7.348e-01, SwB=0.000e+00) | k_frac=5.4249 mD, dp=12.02 MPa | Sw=[0.260,0.474] | 14.8s
2026-02-19 23:32:40 - M5Trainer - INFO -   [梯度验收] SY9: qg_obs range=[0.0, 838700.0]
2026-02-19 23:32:40 - M5Trainer - INFO - [Step   200/8000] Stage A | L=1.7030e+02 (IC=5.697e-02, BC=2.254e-02, PDE=1.739e+06, Qg=1.651e-01, Qz=2.826e-02, Sd=2.034e+01, SwB=0.000e+00) | k_frac=5.2517 mD, dp=12.05 MPa | Sw=[0.260,0.705] | 29.9s
2026-02-19 23:32:55 - M5Trainer - INFO - [Step   300/8000] Stage A | L=3.2232e+02 (IC=6.141e-02, BC=2.240e-02, PDE=1.922e+06, Qg=1.472e-01, Qz=2.005e-02, Sd=2.104e+01, SwB=0.000e+00) | k_frac=5.2384 mD, dp=12.05 MPa | Sw=[0.260,0.730] | 45.0s
2026-02-19 23:33:10 - M5Trainer - INFO -   [梯度验收] SY9: qg_obs range=[0.0, 838700.0]
2026-02-19 23:33:10 - M5Trainer - INFO - [Step   400/8000] Stage A | L=2.8797e+02 (IC=1.317e-01, BC=1.034e-01, PDE=1.875e+06, Qg=1.700e-01, Qz=2.220e-02, Sd=2.354e+01, SwB=0.000e+00) | k_frac=5.2362 mD, dp=12.05 MPa | Sw=[0.260,0.662] | 60.0s
2026-02-19 23:33:25 - M5Trainer - INFO -   [Sw约束v9] Sw=[0.260, 0.373, 0.776], 权重=500, 惩罚=0.000000 (低=0.0000, 高=0.0000)
2026-02-19 23:33:25 - M5Trainer - INFO -   [Sw监控] SY9: Sw=[0.6481, 0.6955, 0.7766], krg_min=3.836878e-02
2026-02-19 23:33:25 - M5Trainer - INFO - [Step   500/8000] Stage A | L=1.9987e+02 (IC=4.214e-02, BC=4.108e-02, PDE=1.350e+06, Qg=1.374e-01, Qz=2.135e-02, Sd=2.570e+01, SwB=0.000e+00) | k_frac=5.2236 mD, dp=12.06 MPa | Sw=[0.260,0.705] | 75.0s
2026-02-19 23:33:25 - M5Trainer - INFO -   [k_frac诊断] grad=1.7999e-01, k_frac=5.223641 mD
2026-02-19 23:33:40 - M5Trainer - INFO -   [梯度验收] SY9: qg_obs range=[0.0, 838700.0]
2026-02-19 23:33:40 - M5Trainer - INFO - [Step   600/8000] Stage A | L=2.0599e+02 (IC=6.873e-02, BC=3.867e-02, PDE=1.325e+06, Qg=1.493e-01, Qz=1.867e-02, Sd=2.742e+01, SwB=0.000e+00) | k_frac=5.2073 mD, dp=12.06 MPa | Sw=[0.260,0.700] | 90.0s
2026-02-19 23:33:56 - M5Trainer - INFO - [Step   700/8000] Stage A | L=2.6469e+02 (IC=8.048e-02, BC=4.622e-02, PDE=1.546e+06, Qg=1.365e-01, Qz=2.437e-02, Sd=3.428e+01, SwB=0.000e+00) | k_frac=5.1921 mD, dp=12.06 MPa | Sw=[0.260,0.700] | 105.1s
2026-02-19 23:34:11 - M5Trainer - INFO -   [梯度验收] SY9: qg_obs range=[0.0, 838700.0]
2026-02-19 23:34:11 - M5Trainer - INFO - [Step   800/8000] Stage B | L=1.6591e+03 (IC=4.197e-02, BC=4.937e-02, PDE=1.434e+06, Qg=1.392e-01, Qz=2.372e-02, Sd=3.654e+01, SwB=0.000e+00) | k_frac=5.1841 mD, dp=12.06 MPa | Sw=[0.260,0.692] | 120.2s
2026-02-19 23:34:26 - M5Trainer - INFO - [Step   900/8000] Stage B | L=1.1019e+03 (IC=2.165e-01, BC=1.680e-01, PDE=1.242e+06, Qg=1.334e-01, Qz=2.722e-03, Sd=4.394e-01, SwB=0.000e+00) | k_frac=5.1289 mD, dp=12.20 MPa | Sw=[0.260,0.623] | 135.2s
2026-02-19 23:34:41 - M5Trainer - INFO -   [Sw约束v9] Sw=[0.260, 0.376, 0.713], 权重=300, 惩罚=0.000000 (低=0.0000, 高=0.0000)
2026-02-19 23:34:41 - M5Trainer - INFO -   [梯度验收] SY9: qg_obs range=[0.0, 838700.0]
2026-02-19 23:34:41 - M5Trainer - INFO -   [Sw监控] SY9: Sw=[0.5871, 0.6446, 0.7168], krg_min=7.195301e-02
2026-02-19 23:34:41 - M5Trainer - INFO -   [best更新] val_score=30.1257 (step 1000)
2026-02-19 23:34:41 - M5Trainer - INFO - [Step  1000/8000] Stage B | L=1.0781e+03 (IC=3.812e-02, BC=2.910e-02, PDE=1.089e+06, Qg=1.288e-01, Qz=1.012e-03, Sd=2.476e-01, SwB=0.000e+00) | k_frac=5.1007 mD, dp=12.26 MPa | Sw=[0.260,0.624] | 150.4s
2026-02-19 23:34:41 - M5Trainer - INFO -   [k_frac诊断] grad=1.6561e-01, k_frac=5.100727 mD
2026-02-19 23:34:56 - M5Trainer - INFO - [Step  1100/8000] Stage B | L=1.3048e+03 (IC=9.127e-02, BC=8.071e-02, PDE=1.243e+06, Qg=1.523e-01, Qz=1.086e-03, Sd=2.542e-01, SwB=0.000e+00) | k_frac=5.0519 mD, dp=12.31 MPa | Sw=[0.260,0.654] | 165.8s
2026-02-19 23:35:12 - M5Trainer - INFO -   [梯度验收] SY9: qg_obs range=[0.0, 838700.0]
2026-02-19 23:35:12 - M5Trainer - INFO - [Step  1200/8000] Stage B | L=1.6634e+03 (IC=4.947e-02, BC=3.117e-02, PDE=1.382e+06, Qg=1.384e-01, Qz=2.142e-03, Sd=2.134e-01, SwB=0.000e+00) | k_frac=5.0270 mD, dp=12.37 MPa | Sw=[0.260,0.663] | 181.7s
2026-02-19 23:35:29 - M5Trainer - INFO - [Step  1300/8000] Stage B | L=1.2955e+03 (IC=4.100e-02, BC=3.776e-02, PDE=1.129e+06, Qg=1.489e-01, Qz=1.347e-03, Sd=1.742e-01, SwB=0.000e+00) | k_frac=5.0017 mD, dp=12.43 MPa | Sw=[0.260,0.641] | 198.8s
2026-02-19 23:35:46 - M5Trainer - INFO -   [梯度验收] SY9: qg_obs range=[0.0, 838700.0]
2026-02-19 23:35:46 - M5Trainer - INFO - [Step  1400/8000] Stage B | L=1.3982e+03 (IC=7.012e-02, BC=3.296e-02, PDE=1.172e+06, Qg=1.418e-01, Qz=1.478e-03, Sd=2.272e-01, SwB=0.000e+00) | k_frac=4.9793 mD, dp=12.48 MPa | Sw=[0.260,0.605] | 215.8s
2026-02-19 23:36:03 - M5Trainer - INFO -   [Sw约束v9] Sw=[0.260, 0.372, 0.711], 权重=300, 惩罚=0.000000 (低=0.0000, 高=0.0000)
2026-02-19 23:36:03 - M5Trainer - INFO -   [Sw监控] SY9: Sw=[0.5466, 0.6255, 0.7102], krg_min=7.633139e-02
2026-02-19 23:36:03 - M5Trainer - INFO - [Step  1500/8000] Stage B | L=1.3611e+03 (IC=8.178e-02, BC=8.449e-02, PDE=1.141e+06, Qg=1.894e-01, Qz=6.344e-04, Sd=1.377e-01, SwB=0.000e+00) | k_frac=4.9465 mD, dp=12.55 MPa | Sw=[0.260,0.638] | 232.9s
2026-02-19 23:36:03 - M5Trainer - INFO -   [k_frac诊断] grad=-2.2867e-01, k_frac=4.946548 mD
2026-02-19 23:36:24 - M5Trainer - INFO -   [梯度验收] SY9: qg_obs range=[0.0, 838700.0]
2026-02-19 23:36:24 - M5Trainer - INFO - [Step  1600/8000] Stage B | L=1.4836e+03 (IC=4.166e-02, BC=3.175e-02, PDE=1.132e+06, Qg=1.398e-01, Qz=2.545e-03, Sd=2.054e-01, SwB=0.000e+00) | k_frac=4.9191 mD, dp=12.62 MPa | Sw=[0.260,0.618] | 253.2s
2026-02-19 23:36:43 - M5Trainer - INFO - [Step  1700/8000] Stage B | L=1.4297e+03 (IC=4.539e-02, BC=4.857e-02, PDE=1.090e+06, Qg=1.697e-01, Qz=3.652e-03, Sd=1.871e-01, SwB=0.000e+00) | k_frac=4.9018 mD, dp=12.71 MPa | Sw=[0.260,0.599] | 272.3s
2026-02-19 23:37:02 - M5Trainer - INFO -   [梯度验收] SY9: qg_obs range=[0.0, 838700.0]
2026-02-19 23:37:02 - M5Trainer - INFO - [Step  1800/8000] Stage B | L=1.6973e+03 (IC=3.849e-02, BC=2.797e-02, PDE=1.173e+06, Qg=1.533e-01, Qz=3.971e-03, Sd=1.896e-01, SwB=0.000e+00) | k_frac=4.8704 mD, dp=12.79 MPa | Sw=[0.260,0.578] | 291.2s
2026-02-19 23:37:45 - M5Trainer - INFO - [Step  1900/8000] Stage B | L=1.8249e+03 (IC=3.799e-02, BC=2.837e-02, PDE=1.226e+06, Qg=1.590e-01, Qz=2.876e-03, Sd=2.081e-01, SwB=0.000e+00) | k_frac=4.8398 mD, dp=12.88 MPa | Sw=[0.260,0.597] | 334.2s
2026-02-19 23:38:21 - M5Trainer - INFO -   [Sw约束v9] Sw=[0.260, 0.338, 0.635], 权重=300, 惩罚=0.000000 (低=0.0000, 高=0.0000)
2026-02-19 23:38:21 - M5Trainer - INFO -   [Sw监控] SY9: Sw=[0.4478, 0.5571, 0.6344], krg_min=1.354443e-01
2026-02-19 23:38:21 - M5Trainer - INFO - [Step  2000/8000] Stage B | L=1.7929e+03 (IC=7.692e-02, BC=6.490e-02, PDE=1.237e+06, Qg=1.466e-01, Qz=2.667e-03, Sd=1.661e-01, SwB=0.000e+00) | k_frac=4.7960 mD, dp=12.97 MPa | Sw=[0.260,0.560] | 370.8s
2026-02-19 23:38:21 - M5Trainer - INFO -   [k_frac诊断] grad=2.2543e-01, k_frac=4.796048 mD
2026-02-19 23:38:39 - M5Trainer - INFO - [Step  2100/8000] Stage B | L=1.4974e+03 (IC=8.403e-02, BC=1.223e-01, PDE=1.044e+06, Qg=1.379e-01, Qz=3.402e-03, Sd=1.953e-01, SwB=0.000e+00) | k_frac=4.7688 mD, dp=13.07 MPa | Sw=[0.260,0.576] | 388.1s
2026-02-19 23:38:58 - M5Trainer - INFO - [Step  2200/8000] Stage B | L=1.9480e+03 (IC=6.322e-02, BC=6.846e-02, PDE=1.109e+06, Qg=1.472e-01, Qz=3.907e-03, Sd=1.913e-01, SwB=0.000e+00) | k_frac=4.7237 mD, dp=13.17 MPa | Sw=[0.260,0.557] | 407.8s
2026-02-19 23:39:16 - M5Trainer - INFO - [Step  2300/8000] Stage B | L=1.5901e+03 (IC=4.123e-01, BC=1.724e-01, PDE=1.174e+06, Qg=1.440e-01, Qz=2.863e-03, Sd=1.981e-01, SwB=0.000e+00) | k_frac=4.6820 mD, dp=13.26 MPa | Sw=[0.260,0.600] | 425.9s
2026-02-19 23:39:36 - M5Trainer - INFO - [Step  2400/8000] Stage B | L=2.1149e+03 (IC=5.320e-02, BC=3.067e-02, PDE=1.081e+06, Qg=1.417e-01, Qz=3.403e-03, Sd=1.613e-01, SwB=0.000e+00) | k_frac=4.6273 mD, dp=13.36 MPa | Sw=[0.260,0.559] | 446.0s
2026-02-19 23:40:28 - M5Trainer - INFO -   [Sw约束v9] Sw=[0.260, 0.336, 0.608], 权重=300, 惩罚=0.000000 (低=0.0000, 高=0.0000)
2026-02-19 23:40:28 - M5Trainer - INFO -   [Sw监控] SY9: Sw=[0.3500, 0.5136, 0.6091], krg_min=1.588971e-01
2026-02-19 23:40:28 - M5Trainer - INFO - [Step  2500/8000] Stage B | L=2.0811e+03 (IC=4.136e-02, BC=3.037e-02, PDE=1.045e+06, Qg=1.369e-01, Qz=3.287e-03, Sd=1.798e-01, SwB=0.000e+00) | k_frac=4.5989 mD, dp=13.46 MPa | Sw=[0.260,0.546] | 497.8s
2026-02-19 23:40:28 - M5Trainer - INFO -   [k_frac诊断] grad=-1.0220e-01, k_frac=4.598873 mD
2026-02-19 23:41:21 - M5Trainer - INFO - [Step  2600/8000] Stage B | L=1.9469e+03 (IC=7.696e-02, BC=6.077e-02, PDE=1.029e+06, Qg=1.649e-01, Qz=4.695e-03, Sd=1.377e-01, SwB=0.000e+00) | k_frac=4.5481 mD, dp=13.59 MPa | Sw=[0.260,0.508] | 550.2s
2026-02-19 23:41:38 - M5Trainer - INFO - [Step  2700/8000] Stage B | L=1.5124e+03 (IC=1.785e-01, BC=2.012e-01, PDE=1.013e+06, Qg=1.481e-01, Qz=2.064e-03, Sd=1.432e-01, SwB=0.000e+00) | k_frac=4.5238 mD, dp=13.70 MPa | Sw=[0.260,0.550] | 567.9s
2026-02-19 23:41:55 - M5Trainer - INFO - [Step  2800/8000] Stage C | L=9.5532e+03 (IC=6.194e-02, BC=5.469e-02, PDE=1.026e+06, Qg=1.456e-01, Qz=3.918e-03, Sd=1.761e-01, SwB=0.000e+00) | k_frac=4.4844 mD, dp=13.82 MPa | Sw=[0.260,0.591] | 584.8s
2026-02-19 23:42:12 - M5Trainer - INFO - [Step  2900/8000] Stage C | L=1.1693e+04 (IC=6.208e-02, BC=3.679e-02, PDE=1.146e+06, Qg=1.384e-01, Qz=3.094e-03, Sd=1.786e-01, SwB=0.000e+00) | k_frac=4.4618 mD, dp=13.88 MPa | Sw=[0.260,0.566] | 601.7s
2026-02-19 23:42:29 - M5Trainer - INFO -   [Sw约束v9] Sw=[0.260, 0.303, 0.603], 权重=200, 惩罚=0.000000 (低=0.0000, 高=0.0000)
2026-02-19 23:42:29 - M5Trainer - INFO -   [Sw监控] SY9: Sw=[0.2600, 0.4302, 0.6005], krg_min=1.673255e-01
2026-02-19 23:42:29 - M5Trainer - INFO - [Step  3000/8000] Stage C | L=8.3094e+03 (IC=1.294e-01, BC=8.922e-02, PDE=9.867e+05, Qg=1.468e-01, Qz=2.938e-03, Sd=1.636e-01, SwB=0.000e+00) | k_frac=4.4286 mD, dp=13.95 MPa | Sw=[0.260,0.455] | 618.7s
2026-02-19 23:42:29 - M5Trainer - INFO -   [k_frac诊断] grad=3.0383e-01, k_frac=4.428631 mD
2026-02-19 23:42:45 - M5Trainer - INFO - [Step  3100/8000] Stage C | L=9.2234e+03 (IC=8.023e-02, BC=6.696e-02, PDE=9.662e+05, Qg=1.492e-01, Qz=3.269e-03, Sd=1.178e-01, SwB=0.000e+00) | k_frac=4.3854 mD, dp=14.03 MPa | Sw=[0.260,0.464] | 634.8s
2026-02-19 23:43:03 - M5Trainer - INFO - [Step  3200/8000] Stage C | L=1.0983e+04 (IC=9.889e-02, BC=4.927e-02, PDE=1.063e+06, Qg=1.666e-01, Qz=4.605e-03, Sd=6.560e-02, SwB=0.000e+00) | k_frac=4.1401 mD, dp=14.44 MPa | Sw=[0.260,0.379] | 652.4s
2026-02-19 23:43:48 - M5Trainer - INFO - [Step  3300/8000] Stage C | L=7.7699e+03 (IC=1.068e-01, BC=4.179e-02, PDE=8.712e+05, Qg=1.558e-01, Qz=7.999e-03, Sd=8.979e-02, SwB=0.000e+00) | k_frac=3.8907 mD, dp=14.96 MPa | Sw=[0.260,0.387] | 698.1s
2026-02-19 23:44:30 - M5Trainer - INFO - [Step  3400/8000] Stage C | L=7.5633e+03 (IC=1.063e-01, BC=4.989e-02, PDE=8.801e+05, Qg=1.646e-01, Qz=5.829e-03, Sd=9.425e-02, SwB=0.000e+00) | k_frac=3.7281 mD, dp=15.27 MPa | Sw=[0.260,0.384] | 740.0s
2026-02-19 23:44:47 - M5Trainer - INFO -   [Sw约束v9] Sw=[0.260, 0.288, 0.435], 权重=200, 惩罚=0.000000 (低=0.0000, 高=0.0000)
2026-02-19 23:44:47 - M5Trainer - INFO -   [Sw监控] SY9: Sw=[0.2600, 0.2904, 0.4322], krg_min=3.757811e-01
2026-02-19 23:44:47 - M5Trainer - INFO - [Step  3500/8000] Stage C | L=7.8061e+03 (IC=1.354e-01, BC=1.561e-01, PDE=9.019e+05, Qg=1.542e-01, Qz=6.678e-03, Sd=1.052e-01, SwB=0.000e+00) | k_frac=3.6212 mD, dp=15.58 MPa | Sw=[0.260,0.387] | 756.6s
2026-02-19 23:44:47 - M5Trainer - INFO -   [k_frac诊断] grad=-7.5407e-01, k_frac=3.621249 mD
2026-02-19 23:45:04 - M5Trainer - INFO - [Step  3600/8000] Stage C | L=7.3180e+03 (IC=1.258e-01, BC=5.767e-02, PDE=8.685e+05, Qg=1.473e-01, Qz=2.027e-02, Sd=1.138e-01, SwB=0.000e+00) | k_frac=3.5518 mD, dp=15.83 MPa | Sw=[0.260,0.383] | 773.6s
2026-02-19 23:45:21 - M5Trainer - INFO - [Step  3700/8000] Stage C | L=9.7440e+03 (IC=1.026e-01, BC=5.254e-02, PDE=9.514e+05, Qg=1.539e-01, Qz=1.917e-02, Sd=1.104e-01, SwB=0.000e+00) | k_frac=3.4722 mD, dp=16.04 MPa | Sw=[0.260,0.458] | 790.7s
2026-02-19 23:45:38 - M5Trainer - INFO - [Step  3800/8000] Stage C | L=1.1280e+04 (IC=6.407e-02, BC=3.202e-02, PDE=1.024e+06, Qg=1.637e-01, Qz=1.540e-02, Sd=8.611e-02, SwB=0.000e+00) | k_frac=3.4016 mD, dp=16.22 MPa | Sw=[0.260,0.354] | 807.8s
2026-02-19 23:45:55 - M5Trainer - INFO - [Step  3900/8000] Stage C | L=1.0909e+04 (IC=1.157e-01, BC=3.820e-02, PDE=9.727e+05, Qg=1.509e-01, Qz=1.451e-02, Sd=8.525e-02, SwB=0.000e+00) | k_frac=3.3066 mD, dp=16.38 MPa | Sw=[0.260,0.362] | 824.8s
2026-02-19 23:46:12 - M5Trainer - INFO -   [Sw约束v9] Sw=[0.260, 0.275, 0.432], 权重=200, 惩罚=0.000000 (低=0.0000, 高=0.0000)
2026-02-19 23:46:12 - M5Trainer - INFO -   [Sw监控] SY9: Sw=[0.2600, 0.2600, 0.2600], krg_min=6.751000e-01
2026-02-19 23:46:12 - M5Trainer - INFO - [Step  4000/8000] Stage C | L=8.1081e+03 (IC=1.835e-01, BC=9.300e-02, PDE=9.170e+05, Qg=1.497e-01, Qz=1.736e-02, Sd=1.094e-01, SwB=0.000e+00) | k_frac=3.2638 mD, dp=16.48 MPa | Sw=[0.260,0.395] | 841.6s
2026-02-19 23:46:12 - M5Trainer - INFO -   [k_frac诊断] grad=-1.3229e+00, k_frac=3.263787 mD
2026-02-19 23:46:29 - M5Trainer - INFO - [Step  4100/8000] Stage C | L=8.5294e+03 (IC=1.469e-01, BC=2.469e-02, PDE=8.427e+05, Qg=1.461e-01, Qz=1.417e-02, Sd=8.782e-02, SwB=0.000e+00) | k_frac=3.2290 mD, dp=16.56 MPa | Sw=[0.260,0.364] | 858.6s
2026-02-19 23:46:46 - M5Trainer - INFO - [Step  4200/8000] Stage C | L=8.4719e+03 (IC=7.240e-02, BC=4.757e-02, PDE=8.738e+05, Qg=1.533e-01, Qz=1.553e-02, Sd=9.957e-02, SwB=0.000e+00) | k_frac=3.2215 mD, dp=16.62 MPa | Sw=[0.260,0.367] | 875.7s
2026-02-19 23:47:03 - M5Trainer - INFO - [Step  4300/8000] Stage C | L=8.1960e+03 (IC=1.030e-01, BC=5.488e-02, PDE=8.044e+05, Qg=1.489e-01, Qz=1.521e-02, Sd=9.998e-02, SwB=0.000e+00) | k_frac=3.1983 mD, dp=16.66 MPa | Sw=[0.260,0.348] | 892.7s
2026-02-19 23:47:20 - M5Trainer - INFO - [Step  4400/8000] Stage C | L=8.5630e+03 (IC=1.353e-01, BC=6.127e-02, PDE=8.795e+05, Qg=1.523e-01, Qz=1.351e-02, Sd=8.503e-02, SwB=0.000e+00) | k_frac=3.1970 mD, dp=16.70 MPa | Sw=[0.260,0.305] | 910.0s
