2026-02-18 23:00:00 - M5Trainer - INFO -   torch.compile 已跳过 (Triton 不支持 Windows, 使用 eager 模式)
2026-02-18 23:00:00 - M5Trainer - INFO - k_frac 独立参数组: lr=3.00e-03 (factor=3.0)
2026-02-18 23:00:01 - M5Trainer - INFO - k_net 学习率: 1.00e-04 (factor=0.1, warmup=2000 steps)
2026-02-18 23:00:01 - M5Trainer - INFO -   井 SY9: 1332 条同化数据 (train=799, val=266, test=267)
    开井点数 (q>1): train=745, val=88, test=121
    有效压力点: val_p=109, test_p=121
2026-02-18 23:00:01 - M5Trainer - INFO -   train time window(norm): [0.0000, 0.5995]
2026-02-18 23:00:01 - M5Trainer - INFO -   M3 PVT cg(76.0, 140.32) = 0.009744
2026-02-18 23:00:01 - M5Trainer - INFO -   M3 PVT Bg(76.0, 140.32) = 0.002577
2026-02-18 23:00:01 - M5Trainer - INFO -   PDE 缩放: αx=0.029719, αy=0.074361
2026-02-18 23:00:01 - M5Trainer - INFO - M5Trainer 初始化完成: device=cpu, lr=0.001, max_steps=5000, relobralo=True, rar=True
2026-02-18 23:00:01 - M5Trainer - INFO - ============================================================
2026-02-18 23:00:01 - M5Trainer - INFO - M5 PINN 井—藏耦合同化训练开始
2026-02-18 23:00:01 - M5Trainer - INFO - ============================================================
2026-02-18 23:00:01 - M5Trainer - INFO - 训练阶段: A[0-500] B[500-1750] C[1750-3500] D[3500-5000]
2026-02-18 23:00:01 - M5Trainer - INFO -   qg_nearzero 权重: A=3.0, B=6.0->9.0, C=12.0, D=3.0, enable=True
2026-02-18 23:00:01 - M5Trainer - INFO - --- M5 单位/量纲诊断 (train 第 1 步前) ---
2026-02-18 23:00:01 - M5Trainer - INFO -   qg_obs 范围: 0.00e+00 ~ 8.39e+05 m³/d, 均值: 2.97e+05 m³/d
2026-02-18 23:00:01 - M5Trainer - INFO -   qg_pred 范围: 3.84e+05 ~ 4.00e+05
2026-02-18 23:00:01 - M5Trainer - INFO -   p_wf 范围: 7.43e+01 ~ 7.43e+01 MPa
2026-02-18 23:00:01 - M5Trainer - INFO -   p_field @ well: 7.50e+01 MPa
2026-02-18 23:00:01 - M5Trainer - INFO -   k_frac = 5.4020 mD
2026-02-18 23:00:01 - M5Trainer - INFO -   WI_raw = 4.309845e-13 [检查单位]
2026-02-18 23:00:01 - M5Trainer - INFO -   dp_wellbore = 12.00 MPa
2026-02-18 23:00:01 - M5Trainer - INFO -   Bg_ref = 2.576898e-03
2026-02-18 23:00:01 - M5Trainer - INFO -   qg_obs 范围: 0.00e+00 ~ 8.39e+05 m³/d
2026-02-18 23:00:01 - M5Trainer - INFO -   qg_obs 中位数 = 3.07e+05 m³/d
2026-02-18 23:00:01 - M5Trainer - INFO -   ✅ v9: PDE源项已升级为时变 source(x,y,t) = qg_obs(t) * kernel(x,y)
2026-02-18 23:00:01 - M5Trainer - INFO -   ✅ 每个PDE配点使用其时刻对应的真实观测产量（线性插值）
2026-02-18 23:00:01 - M5Trainer - INFO - --- 诊断结束 ---
2026-02-18 23:00:01 - M5Trainer - INFO -   [shape] SY9: qg pred=(1332, 1) vs obs=(1332, 1), p_wf pred=(1332, 1) vs p_obs=(1332, 1)
2026-02-18 23:00:01 - M5Trainer - INFO -   [Sw约束v9] Sw=[0.260, 0.260, 0.260], 权重=500, 惩罚=0.000000 (低=0.0000, 高=0.0000)
2026-02-18 23:00:01 - M5Trainer - INFO -   ✅ k_frac_mD.grad = -4.701713e-03 (PDE梯度贯通)
2026-02-18 23:00:01 - M5Trainer - INFO -   ✅ k_net: 18 组参数收到梯度
2026-02-18 23:00:01 - M5Trainer - INFO -   [梯度验收] SY9: qg_obs range=[0.0, 838700.0]
2026-02-18 23:00:01 - M5Trainer - INFO -   [Sw监控] SY9: Sw=[0.2600, 0.2600, 0.2600], krg_min=6.751000e-01
2026-02-18 23:00:01 - M5Trainer - INFO - [Step     0/5000] Stage A | L=5.9961e+02 (IC=0.000e+00, BC=0.000e+00, PDE=0.000e+00, Qg=2.988e-01, Qz=1.315e-01, Sd=3.770e-01, SwB=0.000e+00) | k_frac=5.4022 mD, dp=12.00 MPa | Sw=[0.260,0.260] | 0.4s
2026-02-18 23:00:01 - M5Trainer - INFO -   [k_frac诊断] grad=-4.7017e-03, k_frac=5.402158 mD
2026-02-18 23:00:25 - M5Trainer - INFO - [Step   100/5000] Stage A | L=1.0866e+02 (IC=0.000e+00, BC=0.000e+00, PDE=0.000e+00, Qg=3.068e-01, Qz=2.115e-01, Sd=7.277e-01, SwB=0.000e+00) | k_frac=5.3894 mD, dp=12.02 MPa | Sw=[0.260,0.260] | 24.4s
2026-02-18 23:00:50 - M5Trainer - INFO -   [梯度验收] SY9: qg_obs range=[0.0, 838700.0]
2026-02-18 23:00:50 - M5Trainer - INFO - [Step   200/5000] Stage A | L=2.4171e+01 (IC=0.000e+00, BC=0.000e+00, PDE=0.000e+00, Qg=3.349e-01, Qz=9.056e-01, Sd=3.357e+00, SwB=0.000e+00) | k_frac=5.0787 mD, dp=12.07 MPa | Sw=[0.260,0.260] | 48.8s
2026-02-18 23:01:12 - M5Trainer - INFO - [Step   300/5000] Stage A | L=2.9536e+01 (IC=0.000e+00, BC=0.000e+00, PDE=0.000e+00, Qg=2.480e-01, Qz=1.955e-01, Sd=7.570e-01, SwB=0.000e+00) | k_frac=4.8039 mD, dp=12.14 MPa | Sw=[0.260,0.260] | 71.7s
2026-02-18 23:01:33 - M5Trainer - INFO -   [梯度验收] SY9: qg_obs range=[0.0, 838700.0]
2026-02-18 23:01:34 - M5Trainer - INFO - [Step   400/5000] Stage A | L=2.3165e+01 (IC=0.000e+00, BC=0.000e+00, PDE=0.000e+00, Qg=2.313e-01, Qz=1.821e-02, Sd=1.507e+00, SwB=0.000e+00) | k_frac=4.6685 mD, dp=12.21 MPa | Sw=[0.156,0.349] | 92.8s
2026-02-18 23:01:55 - M5Trainer - INFO -   [Sw约束v9] Sw=[0.142, 0.251, 0.653], 权重=300, 惩罚=0.000000 (低=0.0000, 高=0.0000)
2026-02-18 23:01:55 - M5Trainer - INFO -   [Sw监控] SY9: Sw=[0.1479, 0.3024, 0.6532], krg_min=1.191717e-01
2026-02-18 23:01:55 - M5Trainer - INFO - [Step   500/5000] Stage B | L=1.3277e+02 (IC=0.000e+00, BC=0.000e+00, PDE=0.000e+00, Qg=2.457e-01, Qz=1.122e-02, Sd=1.486e+00, SwB=0.000e+00) | k_frac=4.5341 mD, dp=12.27 MPa | Sw=[0.148,0.523] | 114.3s
2026-02-18 23:01:55 - M5Trainer - INFO -   [k_frac诊断] grad=3.7282e-01, k_frac=4.534088 mD
2026-02-18 23:02:18 - M5Trainer - INFO -   [梯度验收] SY9: qg_obs range=[0.0, 838700.0]
2026-02-18 23:02:18 - M5Trainer - INFO - [Step   600/5000] Stage B | L=1.3945e+02 (IC=0.000e+00, BC=0.000e+00, PDE=0.000e+00, Qg=2.469e-01, Qz=2.593e-02, Sd=1.816e-01, SwB=0.000e+00) | k_frac=4.4337 mD, dp=12.34 MPa | Sw=[0.151,0.432] | 137.5s
2026-02-18 23:02:42 - M5Trainer - INFO - [Step   700/5000] Stage B | L=1.9815e+02 (IC=0.000e+00, BC=0.000e+00, PDE=0.000e+00, Qg=2.511e-01, Qz=7.430e-03, Sd=1.575e-01, SwB=0.000e+00) | k_frac=4.2215 mD, dp=12.54 MPa | Sw=[0.155,0.444] | 161.5s
2026-02-18 23:03:15 - M5Trainer - INFO -   [梯度验收] SY9: qg_obs range=[0.0, 838700.0]
2026-02-18 23:03:15 - M5Trainer - INFO - [Step   800/5000] Stage B | L=1.8119e+02 (IC=0.000e+00, BC=0.000e+00, PDE=0.000e+00, Qg=2.196e-01, Qz=4.916e-03, Sd=1.215e-01, SwB=0.000e+00) | k_frac=4.0370 mD, dp=12.76 MPa | Sw=[0.150,0.470] | 194.5s
2026-02-18 23:03:50 - M5Trainer - INFO - [Step   900/5000] Stage B | L=1.9637e+02 (IC=0.000e+00, BC=0.000e+00, PDE=0.000e+00, Qg=2.130e-01, Qz=2.997e-03, Sd=6.996e-02, SwB=0.000e+00) | k_frac=3.8621 mD, dp=13.01 MPa | Sw=[0.152,0.495] | 229.3s
2026-02-18 23:04:19 - M5Trainer - INFO -   [Sw约束v9] Sw=[0.152, 0.271, 0.526], 权重=300, 惩罚=0.000000 (低=0.0000, 高=0.0000)
2026-02-18 23:04:19 - M5Trainer - INFO -   [梯度验收] SY9: qg_obs range=[0.0, 838700.0]
2026-02-18 23:04:19 - M5Trainer - INFO -   [Sw监控] SY9: Sw=[0.1543, 0.2598, 0.5146], krg_min=2.632746e-01
2026-02-18 23:04:19 - M5Trainer - INFO - [Step  1000/5000] Stage B | L=2.2967e+02 (IC=0.000e+00, BC=0.000e+00, PDE=0.000e+00, Qg=2.388e-01, Qz=2.610e-03, Sd=7.363e-02, SwB=0.000e+00) | k_frac=3.7408 mD, dp=13.21 MPa | Sw=[0.153,0.469] | 258.2s
2026-02-18 23:04:19 - M5Trainer - INFO -   [k_frac诊断] grad=1.8052e+00, k_frac=3.740844 mD
2026-02-18 23:04:57 - M5Trainer - INFO - [Step  1100/5000] Stage B | L=1.8831e+02 (IC=0.000e+00, BC=0.000e+00, PDE=0.000e+00, Qg=2.172e-01, Qz=3.899e-03, Sd=9.518e-02, SwB=0.000e+00) | k_frac=3.6165 mD, dp=13.43 MPa | Sw=[0.159,0.499] | 296.1s
2026-02-18 23:05:33 - M5Trainer - INFO -   [梯度验收] SY9: qg_obs range=[0.0, 838700.0]
2026-02-18 23:05:33 - M5Trainer - INFO - [Step  1200/5000] Stage B | L=2.2668e+02 (IC=0.000e+00, BC=0.000e+00, PDE=0.000e+00, Qg=2.262e-01, Qz=1.431e-02, Sd=7.335e-02, SwB=0.000e+00) | k_frac=3.4933 mD, dp=13.63 MPa | Sw=[0.151,0.474] | 332.7s
2026-02-18 23:05:57 - M5Trainer - INFO - [Step  1300/5000] Stage B | L=2.0075e+02 (IC=0.000e+00, BC=0.000e+00, PDE=0.000e+00, Qg=2.249e-01, Qz=1.557e-02, Sd=8.914e-02, SwB=0.000e+00) | k_frac=3.3966 mD, dp=13.82 MPa | Sw=[0.150,0.486] | 356.4s
2026-02-18 23:06:20 - M5Trainer - INFO -   [梯度验收] SY9: qg_obs range=[0.0, 838700.0]
2026-02-18 23:06:20 - M5Trainer - INFO - [Step  1400/5000] Stage B | L=2.1721e+02 (IC=0.000e+00, BC=0.000e+00, PDE=0.000e+00, Qg=2.123e-01, Qz=1.295e-02, Sd=7.345e-02, SwB=0.000e+00) | k_frac=3.3051 mD, dp=14.01 MPa | Sw=[0.139,0.544] | 379.4s
2026-02-18 23:06:43 - M5Trainer - INFO -   [Sw约束v9] Sw=[0.138, 0.303, 0.627], 权重=300, 惩罚=0.000000 (低=0.0000, 高=0.0000)
2026-02-18 23:06:43 - M5Trainer - INFO -   [Sw监控] SY9: Sw=[0.1414, 0.2265, 0.4897], krg_min=2.952677e-01
2026-02-18 23:06:43 - M5Trainer - INFO - [Step  1500/5000] Stage B | L=2.3943e+02 (IC=0.000e+00, BC=0.000e+00, PDE=0.000e+00, Qg=2.259e-01, Qz=1.092e-02, Sd=6.159e-02, SwB=0.000e+00) | k_frac=3.2325 mD, dp=14.19 MPa | Sw=[0.139,0.564] | 402.7s
2026-02-18 23:06:43 - M5Trainer - INFO -   [k_frac诊断] grad=1.1108e+00, k_frac=3.232548 mD
2026-02-18 23:07:08 - M5Trainer - INFO -   [梯度验收] SY9: qg_obs range=[0.0, 838700.0]
2026-02-18 23:07:08 - M5Trainer - INFO - [Step  1600/5000] Stage B | L=2.2370e+02 (IC=0.000e+00, BC=0.000e+00, PDE=0.000e+00, Qg=2.080e-01, Qz=1.192e-02, Sd=7.370e-02, SwB=0.000e+00) | k_frac=3.1397 mD, dp=14.38 MPa | Sw=[0.139,0.591] | 427.5s
2026-02-18 23:07:32 - M5Trainer - INFO - [Step  1700/5000] Stage B | L=2.1646e+02 (IC=0.000e+00, BC=0.000e+00, PDE=0.000e+00, Qg=2.147e-01, Qz=1.233e-02, Sd=8.026e-02, SwB=0.000e+00) | k_frac=3.0669 mD, dp=14.56 MPa | Sw=[0.144,0.479] | 451.6s
2026-02-18 23:07:57 - M5Trainer - INFO -   [梯度验收] SY9: qg_obs range=[0.0, 838700.0]
2026-02-18 23:07:57 - M5Trainer - INFO - [Step  1800/5000] Stage C | L=3.3270e+02 (IC=0.000e+00, BC=0.000e+00, PDE=0.000e+00, Qg=2.068e-01, Qz=1.183e-02, Sd=8.046e-02, SwB=0.000e+00) | k_frac=3.0164 mD, dp=14.67 MPa | Sw=[0.150,0.468] | 476.1s
2026-02-18 23:08:21 - M5Trainer - INFO - [Step  1900/5000] Stage C | L=3.6854e+02 (IC=0.000e+00, BC=0.000e+00, PDE=0.000e+00, Qg=2.141e-01, Qz=1.062e-02, Sd=7.112e-02, SwB=0.000e+00) | k_frac=3.0013 mD, dp=14.72 MPa | Sw=[0.153,0.438] | 500.4s
2026-02-18 23:08:44 - M5Trainer - INFO -   [Sw约束v9] Sw=[0.140, 0.308, 0.586], 权重=200, 惩罚=0.000000 (低=0.0000, 高=0.0000)
2026-02-18 23:08:44 - M5Trainer - INFO -   [Sw监控] SY9: Sw=[0.1484, 0.2403, 0.5508], krg_min=2.202165e-01
2026-02-18 23:08:44 - M5Trainer - INFO - [Step  2000/5000] Stage C | L=3.8412e+02 (IC=0.000e+00, BC=0.000e+00, PDE=0.000e+00, Qg=2.177e-01, Qz=1.075e-02, Sd=7.201e-02, SwB=0.000e+00) | k_frac=2.9755 mD, dp=14.78 MPa | Sw=[0.153,0.571] | 523.4s
2026-02-18 23:08:44 - M5Trainer - INFO -   [k_frac诊断] grad=6.0797e-01, k_frac=2.975451 mD
2026-02-18 23:09:07 - M5Trainer - INFO - [Step  2100/5000] Stage C | L=3.8172e+02 (IC=0.000e+00, BC=0.000e+00, PDE=0.000e+00, Qg=2.067e-01, Qz=9.529e-03, Sd=6.260e-02, SwB=0.000e+00) | k_frac=2.9467 mD, dp=14.86 MPa | Sw=[0.149,0.523] | 546.4s
2026-02-18 23:09:31 - M5Trainer - INFO - [Step  2200/5000] Stage C | L=4.6227e+02 (IC=0.000e+00, BC=0.000e+00, PDE=0.000e+00, Qg=2.221e-01, Qz=8.251e-03, Sd=5.356e-02, SwB=0.000e+00) | k_frac=2.9213 mD, dp=14.94 MPa | Sw=[0.153,0.503] | 570.5s
2026-02-18 23:10:02 - M5Trainer - INFO - [Step  2300/5000] Stage C | L=3.8796e+02 (IC=0.000e+00, BC=0.000e+00, PDE=0.000e+00, Qg=1.999e-01, Qz=9.548e-03, Sd=6.607e-02, SwB=0.000e+00) | k_frac=2.9053 mD, dp=15.01 MPa | Sw=[0.154,0.490] | 600.8s
2026-02-18 23:10:33 - M5Trainer - INFO - [Step  2400/5000] Stage C | L=4.3597e+02 (IC=0.000e+00, BC=0.000e+00, PDE=0.000e+00, Qg=2.130e-01, Qz=8.153e-03, Sd=5.391e-02, SwB=0.000e+00) | k_frac=2.8787 mD, dp=15.09 MPa | Sw=[0.156,0.531] | 632.2s
2026-02-18 23:11:03 - M5Trainer - INFO -   [Sw约束v9] Sw=[0.154, 0.343, 0.515], 权重=200, 惩罚=0.000000 (低=0.0000, 高=0.0000)
2026-02-18 23:11:03 - M5Trainer - INFO -   [Sw监控] SY9: Sw=[0.1555, 0.2513, 0.4842], krg_min=3.025073e-01
2026-02-18 23:11:03 - M5Trainer - INFO - [Step  2500/5000] Stage C | L=4.4073e+02 (IC=0.000e+00, BC=0.000e+00, PDE=0.000e+00, Qg=2.209e-01, Qz=8.842e-03, Sd=6.196e-02, SwB=0.000e+00) | k_frac=2.8537 mD, dp=15.18 MPa | Sw=[0.160,0.505] | 662.5s
2026-02-18 23:11:03 - M5Trainer - INFO -   [k_frac诊断] grad=-1.7869e+00, k_frac=2.853701 mD
2026-02-18 23:11:37 - M5Trainer - INFO - [Step  2600/5000] Stage C | L=4.0537e+02 (IC=0.000e+00, BC=0.000e+00, PDE=0.000e+00, Qg=2.055e-01, Qz=9.293e-03, Sd=6.812e-02, SwB=0.000e+00) | k_frac=2.8469 mD, dp=15.24 MPa | Sw=[0.163,0.416] | 696.6s
2026-02-18 23:12:17 - M5Trainer - INFO - [Step  2700/5000] Stage C | L=4.0044e+02 (IC=0.000e+00, BC=0.000e+00, PDE=0.000e+00, Qg=2.000e-01, Qz=1.322e-03, Sd=6.736e-02, SwB=0.000e+00) | k_frac=2.8254 mD, dp=15.31 MPa | Sw=[0.148,0.569] | 736.5s
2026-02-18 23:12:55 - M5Trainer - INFO - [Step  2800/5000] Stage C | L=4.5873e+02 (IC=0.000e+00, BC=0.000e+00, PDE=0.000e+00, Qg=2.158e-01, Qz=1.453e-03, Sd=5.827e-02, SwB=0.000e+00) | k_frac=2.8039 mD, dp=15.38 MPa | Sw=[0.147,0.563] | 774.0s
2026-02-18 23:13:35 - M5Trainer - INFO - [Step  2900/5000] Stage C | L=4.0996e+02 (IC=0.000e+00, BC=0.000e+00, PDE=0.000e+00, Qg=2.007e-01, Qz=2.148e-03, Sd=5.793e-02, SwB=0.000e+00) | k_frac=2.7994 mD, dp=15.44 MPa | Sw=[0.148,0.512] | 814.0s
2026-02-18 23:14:15 - M5Trainer - INFO -   [Sw约束v9] Sw=[0.142, 0.314, 0.539], 权重=200, 惩罚=0.000000 (低=0.0000, 高=0.0000)
2026-02-18 23:14:16 - M5Trainer - INFO -   [Sw监控] SY9: Sw=[0.1416, 0.2642, 0.4773], krg_min=3.117716e-01
2026-02-18 23:14:16 - M5Trainer - INFO - [Step  3000/5000] Stage C | L=4.1510e+02 (IC=0.000e+00, BC=0.000e+00, PDE=0.000e+00, Qg=2.021e-01, Qz=1.842e-03, Sd=5.836e-02, SwB=0.000e+00) | k_frac=2.7891 mD, dp=15.50 MPa | Sw=[0.152,0.521] | 854.9s
2026-02-18 23:14:16 - M5Trainer - INFO -   [k_frac诊断] grad=1.1657e+00, k_frac=2.789089 mD
2026-02-18 23:24:44 - M5Trainer - INFO - [Step  3100/5000] Stage C | L=4.6864e+02 (IC=0.000e+00, BC=0.000e+00, PDE=0.000e+00, Qg=2.154e-01, Qz=3.559e-03, Sd=4.705e-02, SwB=0.000e+00) | k_frac=2.7778 mD, dp=15.55 MPa | Sw=[0.159,0.536] | 1483.4s
2026-02-18 23:25:47 - M5Trainer - INFO - [Step  3200/5000] Stage C | L=4.2389e+02 (IC=0.000e+00, BC=0.000e+00, PDE=0.000e+00, Qg=2.007e-01, Qz=1.544e-03, Sd=4.914e-02, SwB=0.000e+00) | k_frac=2.7732 mD, dp=15.59 MPa | Sw=[0.155,0.510] | 1546.1s
2026-02-18 23:26:26 - M5Trainer - INFO - [Step  3300/5000] Stage C | L=4.4059e+02 (IC=0.000e+00, BC=0.000e+00, PDE=0.000e+00, Qg=2.054e-01, Qz=2.586e-03, Sd=5.045e-02, SwB=0.000e+00) | k_frac=2.7663 mD, dp=15.63 MPa | Sw=[0.154,0.529] | 1584.9s
2026-02-18 23:27:06 - M5Trainer - INFO - [Step  3400/5000] Stage C | L=4.0314e+02 (IC=0.000e+00, BC=0.000e+00, PDE=0.000e+00, Qg=1.983e-01, Qz=1.358e-03, Sd=4.755e-02, SwB=0.000e+00) | k_frac=2.7582 mD, dp=15.67 MPa | Sw=[0.144,0.538] | 1625.4s
2026-02-18 23:27:47 - M5Trainer - INFO -   [Sw约束v9] Sw=[0.146, 0.324, 0.532], 权重=100, 惩罚=0.000000 (低=0.0000, 高=0.0000)
2026-02-18 23:27:47 - M5Trainer - INFO -   [Sw监控] SY9: Sw=[0.1387, 0.2717, 0.4857], krg_min=3.004537e-01
2026-02-18 23:27:47 - M5Trainer - INFO - [Step  3500/5000] Stage D | L=6.1065e+02 (IC=0.000e+00, BC=0.000e+00, PDE=0.000e+00, Qg=1.968e-01, Qz=1.577e-03, Sd=4.452e-02, SwB=0.000e+00) | k_frac=2.7543 mD, dp=15.70 MPa | Sw=[0.150,0.519] | 1666.7s
2026-02-18 23:27:47 - M5Trainer - INFO -   [k_frac诊断] grad=2.2344e-01, k_frac=2.754257 mD
2026-02-18 23:28:30 - M5Trainer - INFO - [Step  3600/5000] Stage D | L=5.9748e+02 (IC=0.000e+00, BC=0.000e+00, PDE=0.000e+00, Qg=1.965e-01, Qz=1.797e-03, Sd=4.574e-02, SwB=0.000e+00) | k_frac=2.7518 mD, dp=15.71 MPa | Sw=[0.156,0.498] | 1709.5s
2026-02-18 23:29:14 - M5Trainer - INFO - [Step  3700/5000] Stage D | L=5.8523e+02 (IC=0.000e+00, BC=0.000e+00, PDE=0.000e+00, Qg=1.963e-01, Qz=1.724e-03, Sd=4.650e-02, SwB=0.000e+00) | k_frac=2.7518 mD, dp=15.72 MPa | Sw=[0.155,0.512] | 1753.5s
2026-02-18 23:29:59 - M5Trainer - INFO - [Step  3800/5000] Stage D | L=5.9378e+02 (IC=0.000e+00, BC=0.000e+00, PDE=0.000e+00, Qg=1.974e-01, Qz=1.981e-03, Sd=4.509e-02, SwB=0.000e+00) | k_frac=2.7515 mD, dp=15.73 MPa | Sw=[0.158,0.500] | 1798.0s
2026-02-18 23:30:47 - M5Trainer - INFO - [Step  3900/5000] Stage D | L=5.6202e+02 (IC=0.000e+00, BC=0.000e+00, PDE=0.000e+00, Qg=1.932e-01, Qz=2.286e-03, Sd=4.601e-02, SwB=0.000e+00) | k_frac=2.7496 mD, dp=15.73 MPa | Sw=[0.154,0.515] | 1846.3s
2026-02-18 23:31:32 - M5Trainer - INFO -   [Sw约束v9] Sw=[0.146, 0.320, 0.529], 权重=100, 惩罚=0.000000 (低=0.0000, 高=0.0000)
2026-02-18 23:31:32 - M5Trainer - INFO -   [Sw监控] SY9: Sw=[0.1393, 0.2681, 0.4910], krg_min=2.935469e-01
2026-02-18 23:31:32 - M5Trainer - INFO - [Step  4000/5000] Stage D | L=5.6842e+02 (IC=0.000e+00, BC=0.000e+00, PDE=0.000e+00, Qg=1.937e-01, Qz=1.983e-03, Sd=4.549e-02, SwB=0.000e+00) | k_frac=2.7487 mD, dp=15.74 MPa | Sw=[0.155,0.502] | 1891.4s
2026-02-18 23:31:32 - M5Trainer - INFO -   [k_frac诊断] grad=2.0676e-01, k_frac=2.748736 mD
2026-02-18 23:32:10 - M5Trainer - INFO - [Step  4100/5000] Stage D | L=5.6058e+02 (IC=0.000e+00, BC=0.000e+00, PDE=0.000e+00, Qg=1.930e-01, Qz=2.044e-03, Sd=4.620e-02, SwB=0.000e+00) | k_frac=2.7479 mD, dp=15.74 MPa | Sw=[0.154,0.521] | 1928.9s
2026-02-18 23:32:43 - M5Trainer - INFO - [Step  4200/5000] Stage D | L=5.5320e+02 (IC=0.000e+00, BC=0.000e+00, PDE=0.000e+00, Qg=1.927e-01, Qz=2.187e-03, Sd=4.782e-02, SwB=0.000e+00) | k_frac=2.7480 mD, dp=15.75 MPa | Sw=[0.151,0.516] | 1961.8s
2026-02-18 23:33:20 - M5Trainer - INFO - [Step  4300/5000] Stage D | L=5.4462e+02 (IC=0.000e+00, BC=0.000e+00, PDE=0.000e+00, Qg=1.933e-01, Qz=2.398e-03, Sd=4.761e-02, SwB=0.000e+00) | k_frac=2.7477 mD, dp=15.75 MPa | Sw=[0.149,0.507] | 1999.6s
2026-02-18 23:34:00 - M5Trainer - INFO - [Step  4400/5000] Stage D | L=5.3445e+02 (IC=0.000e+00, BC=0.000e+00, PDE=0.000e+00, Qg=1.922e-01, Qz=2.567e-03, Sd=4.752e-02, SwB=0.000e+00) | k_frac=2.7472 mD, dp=15.75 MPa | Sw=[0.154,0.497] | 2039.7s
2026-02-18 23:34:37 - M5Trainer - INFO -   [Sw约束v9] Sw=[0.147, 0.318, 0.527], 权重=100, 惩罚=0.000000 (低=0.0000, 高=0.0000)
2026-02-18 23:34:37 - M5Trainer - INFO -   [Sw监控] SY9: Sw=[0.1404, 0.2649, 0.4847], krg_min=3.018752e-01
2026-02-18 23:34:37 - M5Trainer - INFO - [Step  4500/5000] Stage D | L=5.3301e+02 (IC=0.000e+00, BC=0.000e+00, PDE=0.000e+00, Qg=1.925e-01, Qz=2.549e-03, Sd=4.731e-02, SwB=0.000e+00) | k_frac=2.7472 mD, dp=15.76 MPa | Sw=[0.154,0.520] | 2076.1s
2026-02-18 23:34:37 - M5Trainer - INFO -   [k_frac诊断] grad=3.1967e-01, k_frac=2.747181 mD
2026-02-18 23:35:15 - M5Trainer - INFO - [Step  4600/5000] Stage D | L=5.2689e+02 (IC=0.000e+00, BC=0.000e+00, PDE=0.000e+00, Qg=1.914e-01, Qz=2.555e-03, Sd=4.653e-02, SwB=0.000e+00) | k_frac=2.7468 mD, dp=15.76 MPa | Sw=[0.152,0.514] | 2114.6s
2026-02-18 23:35:51 - M5Trainer - INFO - [Step  4700/5000] Stage D | L=5.2131e+02 (IC=0.000e+00, BC=0.000e+00, PDE=0.000e+00, Qg=1.910e-01, Qz=2.528e-03, Sd=4.672e-02, SwB=0.000e+00) | k_frac=2.7467 mD, dp=15.76 MPa | Sw=[0.157,0.498] | 2150.6s
2026-02-18 23:36:27 - M5Trainer - INFO - [Step  4800/5000] Stage D | L=5.1617e+02 (IC=0.000e+00, BC=0.000e+00, PDE=0.000e+00, Qg=1.904e-01, Qz=2.517e-03, Sd=4.677e-02, SwB=0.000e+00) | k_frac=2.7467 mD, dp=15.76 MPa | Sw=[0.152,0.502] | 2185.9s
2026-02-18 23:37:01 - M5Trainer - INFO - [Step  4900/5000] Stage D | L=5.1140e+02 (IC=0.000e+00, BC=0.000e+00, PDE=0.000e+00, Qg=1.901e-01, Qz=2.513e-03, Sd=4.677e-02, SwB=0.000e+00) | k_frac=2.7467 mD, dp=15.76 MPa | Sw=[0.155,0.511] | 2220.1s
2026-02-18 23:37:35 - M5Trainer - INFO - [Step  4999/5000] Stage D | L=5.0735e+02 (IC=0.000e+00, BC=0.000e+00, PDE=0.000e+00, Qg=1.901e-01, Qz=2.511e-03, Sd=4.677e-02, SwB=0.000e+00) | k_frac=2.7467 mD, dp=15.76 MPa | Sw=[0.154,0.494] | 2254.2s
2026-02-18 23:37:35 - M5Trainer - INFO - 
M5 训练完成! 耗时: 2254.2s, 最佳验证分数(val_score): 18.9909
2026-02-18 23:37:35 - M5Trainer - INFO - 配置快照已保存: C:\Users\16281\Desktop\cpedc_project\outputs\mk_pinn_dt_v2\resolved_config_m5.json
2026-02-18 23:37:35 - M5Trainer - INFO - 反演参数审计: C:\Users\16281\Desktop\cpedc_project\outputs\mk_pinn_dt_v2\reports\M5_inversion_params.json
2026-02-18 23:37:36 - M5Trainer - INFO -   torch.compile 已跳过 (Triton 不支持 Windows, 使用 eager 模式)
2026-02-18 23:37:36 - M5Trainer - INFO - k_frac 独立参数组: lr=3.00e-03 (factor=3.0)
2026-02-18 23:37:36 - M5Trainer - INFO -   井 SY9: 1332 条同化数据 (train=799, val=266, test=267)
    开井点数 (q>1): train=745, val=88, test=121
    有效压力点: val_p=109, test_p=121
2026-02-18 23:37:36 - M5Trainer - INFO -   train time window(norm): [0.0000, 0.5995]
2026-02-18 23:37:36 - M5Trainer - INFO -   M3 PVT cg(76.0, 140.32) = 0.009744
2026-02-18 23:37:36 - M5Trainer - INFO -   M3 PVT Bg(76.0, 140.32) = 0.002577
2026-02-18 23:37:36 - M5Trainer - INFO -   PDE 缩放: αx=0.029719, αy=0.074361
2026-02-18 23:37:36 - M5Trainer - INFO - M5Trainer 初始化完成: device=cpu, lr=0.001, max_steps=5000, relobralo=True, rar=True
2026-02-18 23:37:36 - M5Trainer - INFO - ============================================================
2026-02-18 23:37:36 - M5Trainer - INFO - M5 PINN 井—藏耦合同化训练开始
2026-02-18 23:37:36 - M5Trainer - INFO - ============================================================
2026-02-18 23:37:36 - M5Trainer - INFO - 训练阶段: A[0-500] B[500-1750] C[1750-3500] D[3500-5000]
2026-02-18 23:37:36 - M5Trainer - INFO -   qg_nearzero 权重: A=3.0, B=6.0->9.0, C=12.0, D=3.0, enable=True
2026-02-18 23:37:36 - M5Trainer - INFO - --- M5 单位/量纲诊断 (train 第 1 步前) ---
2026-02-18 23:37:36 - M5Trainer - INFO -   qg_obs 范围: 0.00e+00 ~ 8.39e+05 m³/d, 均值: 2.97e+05 m³/d
2026-02-18 23:37:36 - M5Trainer - INFO -   qg_pred 范围: 3.92e+05 ~ 4.12e+05
2026-02-18 23:37:36 - M5Trainer - INFO -   p_wf 范围: 7.43e+01 ~ 7.43e+01 MPa
2026-02-18 23:37:36 - M5Trainer - INFO -   p_field @ well: 7.50e+01 MPa
2026-02-18 23:37:36 - M5Trainer - INFO -   k_frac = 5.4020 mD
2026-02-18 23:37:36 - M5Trainer - INFO -   WI_raw = 4.309845e-13 [检查单位]
2026-02-18 23:37:36 - M5Trainer - INFO -   dp_wellbore = 12.00 MPa
2026-02-18 23:37:36 - M5Trainer - INFO -   Bg_ref = 2.576898e-03
2026-02-18 23:37:36 - M5Trainer - INFO -   qg_obs 范围: 0.00e+00 ~ 8.39e+05 m³/d
2026-02-18 23:37:36 - M5Trainer - INFO -   qg_obs 中位数 = 3.07e+05 m³/d
2026-02-18 23:37:36 - M5Trainer - INFO -   ✅ v9: PDE源项已升级为时变 source(x,y,t) = qg_obs(t) * kernel(x,y)
2026-02-18 23:37:36 - M5Trainer - INFO -   ✅ 每个PDE配点使用其时刻对应的真实观测产量（线性插值）
2026-02-18 23:37:36 - M5Trainer - INFO - --- 诊断结束 ---
2026-02-18 23:37:36 - M5Trainer - INFO -   [shape] SY9: qg pred=(1332, 1) vs obs=(1332, 1), p_wf pred=(1332, 1) vs p_obs=(1332, 1)
2026-02-18 23:37:36 - M5Trainer - INFO -   [Sw约束v9] Sw=[0.260, 0.260, 0.260], 权重=500, 惩罚=0.000000 (低=0.0000, 高=0.0000)
2026-02-18 23:37:37 - M5Trainer - INFO -   ✅ k_frac_mD.grad = -8.620301e-03 (PDE梯度贯通)
2026-02-18 23:37:37 - M5Trainer - INFO -   [梯度验收] SY9: qg_obs range=[0.0, 838700.0]
2026-02-18 23:37:37 - M5Trainer - INFO -   [Sw监控] SY9: Sw=[0.2600, 0.2600, 0.2600], krg_min=6.751000e-01
2026-02-18 23:37:37 - M5Trainer - INFO - [Step     0/5000] Stage A | L=7.8154e+02 (IC=1.000e+00, BC=1.000e+00, PDE=1.611e+06, Qg=2.877e-01, Qz=1.269e-01, Sd=3.650e-01, SwB=0.000e+00) | k_frac=5.4022 mD, dp=12.00 MPa | Sw=[0.260,0.260] | 1.3s
2026-02-18 23:37:37 - M5Trainer - INFO -   [k_frac诊断] grad=-8.6203e-03, k_frac=5.402158 mD
2026-02-18 23:39:24 - M5Trainer - INFO - [Step   100/5000] Stage A | L=3.0305e+02 (IC=1.062e-02, BC=1.400e-02, PDE=1.989e+06, Qg=2.569e-01, Qz=1.048e-01, Sd=7.283e-01, SwB=0.000e+00) | k_frac=5.4037 mD, dp=12.02 MPa | Sw=[0.212,0.452] | 108.4s
2026-02-18 23:41:16 - M5Trainer - INFO -   [梯度验收] SY9: qg_obs range=[0.0, 838700.0]
2026-02-18 23:41:16 - M5Trainer - INFO - [Step   200/5000] Stage A | L=1.7737e+02 (IC=1.050e-01, BC=6.370e-02, PDE=1.740e+06, Qg=2.377e-01, Qz=2.576e-02, Sd=1.437e+01, SwB=0.000e+00) | k_frac=5.2698 mD, dp=12.05 MPa | Sw=[0.144,0.696] | 220.1s
2026-02-18 23:43:11 - M5Trainer - INFO - [Step   300/5000] Stage A | L=3.2424e+02 (IC=6.365e-02, BC=3.921e-02, PDE=1.922e+06, Qg=2.058e-01, Qz=1.824e-02, Sd=1.562e+01, SwB=0.000e+00) | k_frac=5.2515 mD, dp=12.05 MPa | Sw=[0.145,0.708] | 335.0s
2026-02-18 23:44:50 - M5Trainer - INFO -   [梯度验收] SY9: qg_obs range=[0.0, 838700.0]
2026-02-18 23:44:50 - M5Trainer - INFO - [Step   400/5000] Stage A | L=3.4120e+02 (IC=2.821e-02, BC=2.213e-02, PDE=1.875e+06, Qg=2.195e-01, Qz=2.121e-02, Sd=1.733e+01, SwB=0.000e+00) | k_frac=5.2347 mD, dp=12.05 MPa | Sw=[0.142,0.684] | 434.6s
2026-02-18 23:46:29 - M5Trainer - INFO -   [Sw约束v9] Sw=[0.138, 0.347, 0.768], 权重=300, 惩罚=0.000000 (低=0.0000, 高=0.0000)
2026-02-18 23:46:30 - M5Trainer - INFO -   [Sw监控] SY9: Sw=[0.6132, 0.6971, 0.7694], krg_min=4.182050e-02
2026-02-18 23:46:30 - M5Trainer - INFO - [Step   500/5000] Stage B | L=1.3342e+03 (IC=4.797e-02, BC=2.967e-02, PDE=1.337e+06, Qg=2.161e-01, Qz=1.927e-02, Sd=1.957e+01, SwB=0.000e+00) | k_frac=5.2191 mD, dp=12.06 MPa | Sw=[0.137,0.725] | 533.6s
2026-02-18 23:46:30 - M5Trainer - INFO -   [k_frac诊断] grad=1.6807e-01, k_frac=5.219141 mD
2026-02-18 23:48:12 - M5Trainer - INFO -   [梯度验收] SY9: qg_obs range=[0.0, 838700.0]
2026-02-18 23:48:12 - M5Trainer - INFO - [Step   600/5000] Stage B | L=1.2859e+03 (IC=8.555e-02, BC=1.813e-01, PDE=1.312e+06, Qg=2.157e-01, Qz=2.504e-03, Sd=4.909e-01, SwB=0.000e+00) | k_frac=5.2058 mD, dp=12.11 MPa | Sw=[0.140,0.664] | 636.1s
2026-02-18 23:49:53 - M5Trainer - INFO - [Step   700/5000] Stage B | L=1.5257e+03 (IC=2.865e-01, BC=5.826e-01, PDE=1.528e+06, Qg=2.261e-01, Qz=1.086e-03, Sd=2.969e-01, SwB=0.000e+00) | k_frac=5.1669 mD, dp=12.15 MPa | Sw=[0.141,0.699] | 736.8s
2026-02-18 23:51:33 - M5Trainer - INFO -   [梯度验收] SY9: qg_obs range=[0.0, 838700.0]
2026-02-18 23:51:33 - M5Trainer - INFO - [Step   800/5000] Stage B | L=1.7637e+03 (IC=9.582e-02, BC=5.636e-02, PDE=1.419e+06, Qg=2.087e-01, Qz=7.900e-04, Sd=2.146e-01, SwB=0.000e+00) | k_frac=5.1418 mD, dp=12.17 MPa | Sw=[0.137,0.698] | 837.3s
2026-02-18 23:53:13 - M5Trainer - INFO - [Step   900/5000] Stage B | L=1.5342e+03 (IC=4.529e-02, BC=4.014e-02, PDE=1.230e+06, Qg=2.095e-01, Qz=8.575e-04, Sd=2.018e-01, SwB=0.000e+00) | k_frac=5.1174 mD, dp=12.20 MPa | Sw=[0.139,0.651] | 937.6s
2026-02-18 23:55:06 - M5Trainer - INFO -   [Sw约束v9] Sw=[0.133, 0.416, 0.713], 权重=300, 惩罚=0.000000 (低=0.0000, 高=0.0000)
2026-02-18 23:55:06 - M5Trainer - INFO -   [梯度验收] SY9: qg_obs range=[0.0, 838700.0]
2026-02-18 23:55:06 - M5Trainer - INFO -   [Sw监控] SY9: Sw=[0.5713, 0.6393, 0.7134], krg_min=7.416700e-02
2026-02-18 23:55:06 - M5Trainer - INFO - [Step  1000/5000] Stage B | L=1.4397e+03 (IC=1.280e-01, BC=8.025e-02, PDE=1.167e+06, Qg=2.310e-01, Qz=1.595e-03, Sd=2.429e-01, SwB=0.000e+00) | k_frac=5.0881 mD, dp=12.24 MPa | Sw=[0.134,0.703] | 1050.6s
2026-02-18 23:55:06 - M5Trainer - INFO -   [k_frac诊断] grad=2.0843e-01, k_frac=5.088116 mD
2026-02-18 23:57:02 - M5Trainer - INFO - [Step  1100/5000] Stage B | L=1.8979e+03 (IC=9.836e-02, BC=1.184e-01, PDE=1.341e+06, Qg=2.256e-01, Qz=7.483e-04, Sd=1.591e-01, SwB=0.000e+00) | k_frac=5.0558 mD, dp=12.29 MPa | Sw=[0.137,0.684] | 1165.7s
2026-02-18 23:58:51 - M5Trainer - INFO -   [梯度验收] SY9: qg_obs range=[0.0, 838700.0]
2026-02-18 23:58:51 - M5Trainer - INFO - [Step  1200/5000] Stage B | L=2.4548e+03 (IC=5.420e-02, BC=4.190e-02, PDE=1.498e+06, Qg=2.354e-01, Qz=8.448e-04, Sd=1.649e-01, SwB=0.000e+00) | k_frac=5.0374 mD, dp=12.33 MPa | Sw=[0.140,0.692] | 1275.0s
2026-02-19 00:00:45 - M5Trainer - INFO - [Step  1300/5000] Stage B | L=1.8321e+03 (IC=7.605e-02, BC=5.654e-02, PDE=1.217e+06, Qg=2.545e-01, Qz=1.315e-03, Sd=1.956e-01, SwB=0.000e+00) | k_frac=5.0105 mD, dp=12.38 MPa | Sw=[0.148,0.657] | 1388.8s
2026-02-19 00:02:35 - M5Trainer - INFO -   [梯度验收] SY9: qg_obs range=[0.0, 838700.0]
2026-02-19 00:02:35 - M5Trainer - INFO - [Step  1400/5000] Stage B | L=1.5184e+03 (IC=4.761e-01, BC=4.704e-01, PDE=1.262e+06, Qg=2.386e-01, Qz=2.321e-03, Sd=2.177e-01, SwB=0.000e+00) | k_frac=4.9902 mD, dp=12.44 MPa | Sw=[0.142,0.618] | 1499.3s
2026-02-19 00:04:25 - M5Trainer - INFO -   [Sw约束v9] Sw=[0.137, 0.342, 0.690], 权重=300, 惩罚=0.000000 (低=0.0000, 高=0.0000)
2026-02-19 00:04:26 - M5Trainer - INFO -   [Sw监控] SY9: Sw=[0.5190, 0.6244, 0.6897], krg_min=9.061832e-02
2026-02-19 00:04:26 - M5Trainer - INFO - [Step  1500/5000] Stage B | L=1.9484e+03 (IC=1.543e-01, BC=1.379e-01, PDE=1.243e+06, Qg=2.183e-01, Qz=1.352e-03, Sd=2.083e-01, SwB=0.000e+00) | k_frac=4.9593 mD, dp=12.49 MPa | Sw=[0.142,0.680] | 1610.1s
2026-02-19 00:04:26 - M5Trainer - INFO -   [k_frac诊断] grad=2.4100e-01, k_frac=4.959321 mD
2026-02-19 00:06:27 - M5Trainer - INFO -   [梯度验收] SY9: qg_obs range=[0.0, 838700.0]
2026-02-19 00:06:27 - M5Trainer - INFO - [Step  1600/5000] Stage B | L=2.2357e+03 (IC=3.919e-02, BC=3.403e-02, PDE=1.232e+06, Qg=2.048e-01, Qz=9.585e-04, Sd=2.075e-01, SwB=0.000e+00) | k_frac=4.9385 mD, dp=12.55 MPa | Sw=[0.136,0.658] | 1731.5s
2026-02-19 00:08:21 - M5Trainer - INFO - [Step  1700/5000] Stage B | L=2.0130e+03 (IC=1.169e-01, BC=8.987e-02, PDE=1.184e+06, Qg=2.261e-01, Qz=1.653e-03, Sd=1.800e-01, SwB=0.000e+00) | k_frac=4.9084 mD, dp=12.63 MPa | Sw=[0.139,0.661] | 1845.0s
2026-02-19 00:10:21 - M5Trainer - INFO -   [梯度验收] SY9: qg_obs range=[0.0, 838700.0]
2026-02-19 00:10:21 - M5Trainer - INFO - [Step  1800/5000] Stage C | L=9.5580e+03 (IC=3.814e-01, BC=2.571e-01, PDE=1.281e+06, Qg=2.433e-01, Qz=1.316e-03, Sd=5.587e-02, SwB=0.000e+00) | k_frac=4.8730 mD, dp=12.68 MPa | Sw=[0.143,0.585] | 1964.9s
2026-02-19 00:12:26 - M5Trainer - INFO - [Step  1900/5000] Stage C | L=1.0085e+04 (IC=4.781e-01, BC=3.887e-01, PDE=1.342e+06, Qg=2.061e-01, Qz=4.073e-03, Sd=2.025e-01, SwB=0.000e+00) | k_frac=4.7859 mD, dp=12.76 MPa | Sw=[0.146,0.602] | 2090.6s
2026-02-19 00:14:21 - M5Trainer - INFO -   [Sw约束v9] Sw=[0.139, 0.321, 0.635], 权重=200, 惩罚=0.000000 (低=0.0000, 高=0.0000)
2026-02-19 00:14:22 - M5Trainer - INFO -   [Sw监控] SY9: Sw=[0.3538, 0.5484, 0.6331], krg_min=1.366459e-01
2026-02-19 00:14:22 - M5Trainer - INFO - [Step  2000/5000] Stage C | L=1.3762e+04 (IC=1.493e-01, BC=1.408e-01, PDE=1.389e+06, Qg=2.295e-01, Qz=2.112e-03, Sd=1.772e-01, SwB=0.000e+00) | k_frac=4.7296 mD, dp=12.81 MPa | Sw=[0.140,0.615] | 2205.7s
2026-02-19 00:14:22 - M5Trainer - INFO -   [k_frac诊断] grad=-2.6567e-01, k_frac=4.729639 mD
2026-02-19 10:19:40 - M5Trainer - INFO - [Step  2100/5000] Stage C | L=1.1496e+04 (IC=1.080e-01, BC=8.985e-02, PDE=1.164e+06, Qg=2.063e-01, Qz=2.882e-03, Sd=1.733e-01, SwB=0.000e+00) | k_frac=4.6805 mD, dp=12.86 MPa | Sw=[0.149,0.595] | 38524.6s
2026-02-19 10:22:55 - M5Trainer - INFO - [Step  2200/5000] Stage C | L=1.3351e+04 (IC=1.133e-01, BC=8.296e-02, PDE=1.236e+06, Qg=2.029e-01, Qz=2.162e-03, Sd=1.655e-01, SwB=0.000e+00) | k_frac=4.6437 mD, dp=12.92 MPa | Sw=[0.146,0.587] | 38719.4s
2026-02-19 10:26:10 - M5Trainer - INFO - [Step  2300/5000] Stage C | L=1.3980e+04 (IC=1.865e-01, BC=1.727e-01, PDE=1.318e+06, Qg=1.947e-01, Qz=2.641e-03, Sd=1.809e-01, SwB=0.000e+00) | k_frac=4.6156 mD, dp=12.97 MPa | Sw=[0.142,0.615] | 38913.9s
2026-02-19 11:14:00 - M5Trainer - INFO - [Step  2400/5000] Stage C | L=1.1782e+04 (IC=2.602e-01, BC=2.606e-01, PDE=1.208e+06, Qg=2.083e-01, Qz=2.129e-03, Sd=1.455e-01, SwB=0.000e+00) | k_frac=4.5954 mD, dp=13.03 MPa | Sw=[0.144,0.594] | 41783.9s
2026-02-19 11:16:17 - M5Trainer - INFO -   [Sw约束v9] Sw=[0.142, 0.300, 0.618], 权重=200, 惩罚=0.000000 (低=0.0000, 高=0.0000)
2026-02-19 11:16:18 - M5Trainer - INFO -   [Sw监控] SY9: Sw=[0.2735, 0.5348, 0.6168], krg_min=1.516082e-01
2026-02-19 11:16:18 - M5Trainer - INFO - [Step  2500/5000] Stage C | L=1.4281e+04 (IC=6.667e-02, BC=5.996e-02, PDE=1.168e+06, Qg=1.880e-01, Qz=2.189e-03, Sd=1.626e-01, SwB=0.000e+00) | k_frac=4.5687 mD, dp=13.08 MPa | Sw=[0.143,0.583] | 41922.4s
2026-02-19 11:16:18 - M5Trainer - INFO -   [k_frac诊断] grad=-2.4350e-03, k_frac=4.568676 mD
2026-02-19 11:18:25 - M5Trainer - INFO - [Step  2600/5000] Stage C | L=1.4090e+04 (IC=6.609e-02, BC=7.689e-02, PDE=1.151e+06, Qg=2.263e-01, Qz=3.552e-03, Sd=1.574e-01, SwB=0.000e+00) | k_frac=4.5548 mD, dp=13.12 MPa | Sw=[0.154,0.509] | 42049.3s
2026-02-19 11:20:32 - M5Trainer - INFO - [Step  2700/5000] Stage C | L=1.4374e+04 (IC=6.340e-02, BC=7.763e-02, PDE=1.131e+06, Qg=1.910e-01, Qz=3.026e-03, Sd=1.978e-01, SwB=0.000e+00) | k_frac=4.5288 mD, dp=13.17 MPa | Sw=[0.141,0.621] | 42176.6s
2026-02-19 11:22:38 - M5Trainer - INFO - [Step  2800/5000] Stage C | L=1.4794e+04 (IC=8.780e-02, BC=7.490e-02, PDE=1.144e+06, Qg=2.223e-01, Qz=2.349e-03, Sd=1.549e-01, SwB=0.000e+00) | k_frac=4.5101 mD, dp=13.21 MPa | Sw=[0.149,0.597] | 42302.3s
2026-02-19 11:24:45 - M5Trainer - INFO - [Step  2900/5000] Stage C | L=1.9011e+04 (IC=8.632e-02, BC=7.404e-02, PDE=1.292e+06, Qg=2.101e-01, Qz=2.594e-03, Sd=1.316e-01, SwB=0.000e+00) | k_frac=4.4907 mD, dp=13.26 MPa | Sw=[0.146,0.569] | 42428.8s
2026-02-19 11:26:45 - M5Trainer - INFO -   [Sw约束v9] Sw=[0.144, 0.283, 0.611], 权重=200, 惩罚=0.000000 (低=0.0000, 高=0.0000)
2026-02-19 11:26:46 - M5Trainer - INFO -   [Sw监控] SY9: Sw=[0.1554, 0.4758, 0.6099], krg_min=1.582193e-01
2026-02-19 11:26:46 - M5Trainer - INFO - [Step  3000/5000] Stage C | L=1.3470e+04 (IC=1.570e-01, BC=1.705e-01, PDE=1.111e+06, Qg=2.111e-01, Qz=2.955e-03, Sd=1.603e-01, SwB=0.000e+00) | k_frac=4.4691 mD, dp=13.31 MPa | Sw=[0.151,0.566] | 42550.2s
2026-02-19 11:26:46 - M5Trainer - INFO -   [k_frac诊断] grad=-2.0605e-01, k_frac=4.469058 mD
2026-02-19 11:28:46 - M5Trainer - INFO - [Step  3100/5000] Stage C | L=1.2975e+04 (IC=1.858e-01, BC=1.954e-01, PDE=1.087e+06, Qg=2.072e-01, Qz=2.705e-03, Sd=1.487e-01, SwB=0.000e+00) | k_frac=4.4610 mD, dp=13.37 MPa | Sw=[0.145,0.552] | 42669.9s
2026-02-19 11:30:52 - M5Trainer - INFO - [Step  3200/5000] Stage C | L=1.7635e+04 (IC=1.115e-01, BC=1.014e-01, PDE=1.206e+06, Qg=1.977e-01, Qz=2.468e-03, Sd=1.557e-01, SwB=0.000e+00) | k_frac=4.4482 mD, dp=13.42 MPa | Sw=[0.145,0.574] | 42796.0s
2026-02-19 11:32:57 - M5Trainer - INFO - [Step  3300/5000] Stage C | L=1.1514e+04 (IC=2.049e-01, BC=1.653e-01, PDE=9.727e+05, Qg=1.960e-01, Qz=2.354e-03, Sd=1.336e-01, SwB=0.000e+00) | k_frac=4.4380 mD, dp=13.45 MPa | Sw=[0.146,0.589] | 42920.7s
2026-02-19 11:35:01 - M5Trainer - INFO - [Step  3400/5000] Stage C | L=1.3856e+04 (IC=1.100e-01, BC=6.601e-02, PDE=9.846e+05, Qg=2.111e-01, Qz=1.837e-03, Sd=1.221e-01, SwB=0.000e+00) | k_frac=4.4305 mD, dp=13.48 MPa | Sw=[0.148,0.576] | 43045.4s
2026-02-19 11:37:05 - M5Trainer - INFO -   [Sw约束v9] Sw=[0.141, 0.290, 0.619], 权重=100, 惩罚=0.000000 (低=0.0000, 高=0.0000)
2026-02-19 11:37:06 - M5Trainer - INFO -   [Sw监控] SY9: Sw=[0.1427, 0.4951, 0.6204], krg_min=1.482307e-01
2026-02-19 11:37:06 - M5Trainer - INFO - [Step  3500/5000] Stage D | L=1.4929e+04 (IC=8.204e-02, BC=8.151e-02, PDE=1.015e+06, Qg=1.864e-01, Qz=2.046e-03, Sd=1.711e-01, SwB=0.000e+00) | k_frac=4.4298 mD, dp=13.51 MPa | Sw=[0.147,0.596] | 43170.0s
2026-02-19 11:37:06 - M5Trainer - INFO -   [k_frac诊断] grad=2.0853e-01, k_frac=4.429837 mD
2026-02-19 11:39:19 - M5Trainer - INFO - [Step  3600/5000] Stage D | L=1.3338e+04 (IC=1.124e-01, BC=9.065e-02, PDE=9.736e+05, Qg=2.044e-01, Qz=1.928e-03, Sd=1.715e-01, SwB=0.000e+00) | k_frac=4.4288 mD, dp=13.52 MPa | Sw=[0.142,0.593] | 43303.5s
2026-02-19 11:41:31 - M5Trainer - INFO - [Step  3700/5000] Stage D | L=1.5872e+04 (IC=1.071e-01, BC=8.216e-02, PDE=1.073e+06, Qg=1.860e-01, Qz=2.051e-03, Sd=1.731e-01, SwB=0.000e+00) | k_frac=4.4292 mD, dp=13.52 MPa | Sw=[0.143,0.590] | 43435.3s
2026-02-19 11:43:43 - M5Trainer - INFO - [Step  3800/5000] Stage D | L=1.7363e+04 (IC=1.593e-01, BC=9.144e-02, PDE=1.167e+06, Qg=1.770e-01, Qz=2.091e-03, Sd=1.722e-01, SwB=0.000e+00) | k_frac=4.4295 mD, dp=13.53 MPa | Sw=[0.142,0.599] | 43567.1s
2026-02-19 11:45:49 - M5Trainer - INFO - [Step  3900/5000] Stage D | L=1.6173e+04 (IC=1.387e-01, BC=8.075e-02, PDE=1.106e+06, Qg=1.816e-01, Qz=2.116e-03, Sd=1.751e-01, SwB=0.000e+00) | k_frac=4.4305 mD, dp=13.53 MPa | Sw=[0.145,0.613] | 43692.9s
2026-02-19 11:47:54 - M5Trainer - INFO -   [Sw约束v9] Sw=[0.142, 0.289, 0.617], 权重=100, 惩罚=0.000000 (低=0.0000, 高=0.0000)
2026-02-19 11:47:55 - M5Trainer - INFO -   [Sw监控] SY9: Sw=[0.1531, 0.5083, 0.6191], krg_min=1.494729e-01
2026-02-19 11:47:55 - M5Trainer - INFO - [Step  4000/5000] Stage D | L=1.4382e+04 (IC=1.353e-01, BC=1.015e-01, PDE=1.043e+06, Qg=1.780e-01, Qz=2.148e-03, Sd=1.744e-01, SwB=0.000e+00) | k_frac=4.4304 mD, dp=13.54 MPa | Sw=[0.146,0.583] | 43819.2s
2026-02-19 11:47:55 - M5Trainer - INFO -   [k_frac诊断] grad=6.8142e-02, k_frac=4.430440 mD
2026-02-19 11:50:07 - M5Trainer - INFO - [Step  4100/5000] Stage D | L=1.1932e+04 (IC=1.740e-01, BC=9.583e-02, PDE=9.461e+05, Qg=1.792e-01, Qz=2.002e-03, Sd=1.646e-01, SwB=0.000e+00) | k_frac=4.4302 mD, dp=13.54 MPa | Sw=[0.146,0.568] | 43951.1s
2026-02-19 11:52:21 - M5Trainer - INFO - [Step  4200/5000] Stage D | L=1.3574e+04 (IC=8.992e-02, BC=9.205e-02, PDE=9.851e+05, Qg=1.763e-01, Qz=2.048e-03, Sd=1.709e-01, SwB=0.000e+00) | k_frac=4.4305 mD, dp=13.54 MPa | Sw=[0.141,0.609] | 44084.8s
2026-02-19 11:54:39 - M5Trainer - INFO - [Step  4300/5000] Stage D | L=1.1282e+04 (IC=1.248e-01, BC=9.182e-02, PDE=8.981e+05, Qg=1.787e-01, Qz=2.044e-03, Sd=1.680e-01, SwB=0.000e+00) | k_frac=4.4304 mD, dp=13.55 MPa | Sw=[0.142,0.617] | 44222.7s
2026-02-19 11:56:50 - M5Trainer - INFO - [Step  4400/5000] Stage D | L=1.3242e+04 (IC=1.358e-01, BC=8.524e-02, PDE=9.921e+05, Qg=1.752e-01, Qz=1.982e-03, Sd=1.660e-01, SwB=0.000e+00) | k_frac=4.4310 mD, dp=13.55 MPa | Sw=[0.143,0.591] | 44354.1s
2026-02-19 11:59:01 - M5Trainer - INFO -   [Sw约束v9] Sw=[0.142, 0.292, 0.619], 权重=100, 惩罚=0.000000 (低=0.0000, 高=0.0000)
2026-02-19 11:59:02 - M5Trainer - INFO -   [Sw监控] SY9: Sw=[0.1407, 0.5058, 0.6152], krg_min=1.531121e-01
2026-02-19 11:59:02 - M5Trainer - INFO - [Step  4500/5000] Stage D | L=1.2434e+04 (IC=1.102e-01, BC=9.686e-02, PDE=9.543e+05, Qg=1.733e-01, Qz=2.169e-03, Sd=1.717e-01, SwB=0.000e+00) | k_frac=4.4318 mD, dp=13.55 MPa | Sw=[0.143,0.590] | 44486.2s
2026-02-19 11:59:02 - M5Trainer - INFO -   [k_frac诊断] grad=2.3426e-01, k_frac=4.431751 mD
2026-02-19 12:01:19 - M5Trainer - INFO - [Step  4600/5000] Stage D | L=1.3933e+04 (IC=1.222e-01, BC=1.028e-01, PDE=1.033e+06, Qg=1.721e-01, Qz=2.200e-03, Sd=1.727e-01, SwB=0.000e+00) | k_frac=4.4320 mD, dp=13.55 MPa | Sw=[0.148,0.560] | 44623.3s
2026-02-19 12:03:36 - M5Trainer - INFO - [Step  4700/5000] Stage D | L=1.0639e+04 (IC=1.541e-01, BC=1.052e-01, PDE=8.953e+05, Qg=1.728e-01, Qz=2.256e-03, Sd=1.741e-01, SwB=0.000e+00) | k_frac=4.4323 mD, dp=13.55 MPa | Sw=[0.143,0.597] | 44759.9s
2026-02-19 12:05:43 - M5Trainer - INFO - [Step  4800/5000] Stage D | L=1.0995e+04 (IC=1.194e-01, BC=1.175e-01, PDE=9.050e+05, Qg=1.703e-01, Qz=2.258e-03, Sd=1.742e-01, SwB=0.000e+00) | k_frac=4.4323 mD, dp=13.55 MPa | Sw=[0.145,0.599] | 44887.2s
2026-02-19 12:07:48 - M5Trainer - INFO - [Step  4900/5000] Stage D | L=9.9188e+03 (IC=1.460e-01, BC=1.102e-01, PDE=8.579e+05, Qg=1.698e-01, Qz=2.264e-03, Sd=1.744e-01, SwB=0.000e+00) | k_frac=4.4323 mD, dp=13.55 MPa | Sw=[0.142,0.605] | 45012.5s
2026-02-19 12:09:51 - M5Trainer - INFO - [Step  4999/5000] Stage D | L=1.1181e+04 (IC=1.465e-01, BC=1.358e-01, PDE=9.351e+05, Qg=1.699e-01, Qz=2.266e-03, Sd=1.745e-01, SwB=0.000e+00) | k_frac=4.4323 mD, dp=13.55 MPa | Sw=[0.143,0.609] | 45135.4s
2026-02-19 12:09:51 - M5Trainer - INFO - 
M5 训练完成! 耗时: 45135.4s, 最佳验证分数(val_score): 18.7872
2026-02-19 12:09:51 - M5Trainer - INFO - 配置快照已保存: C:\Users\16281\Desktop\cpedc_project\outputs\mk_pinn_dt_v2\resolved_config_m5.json
2026-02-19 12:09:51 - M5Trainer - INFO - 反演参数审计: C:\Users\16281\Desktop\cpedc_project\outputs\mk_pinn_dt_v2\reports\M5_inversion_params.json
2026-02-19 12:09:52 - M5Trainer - INFO -   torch.compile 已跳过 (Triton 不支持 Windows, 使用 eager 模式)
2026-02-19 12:09:52 - M5Trainer - INFO - k_frac 独立参数组: lr=3.00e-03 (factor=3.0)
2026-02-19 12:09:52 - M5Trainer - INFO - k_net 学习率: 1.00e-04 (factor=0.1, warmup=2000 steps)
2026-02-19 12:09:52 - M5Trainer - INFO -   井 SY9: 1332 条同化数据 (train=799, val=266, test=267)
    开井点数 (q>1): train=745, val=88, test=121
    有效压力点: val_p=109, test_p=121
2026-02-19 12:09:52 - M5Trainer - INFO -   train time window(norm): [0.0000, 0.5995]
2026-02-19 12:09:52 - M5Trainer - INFO -   M3 PVT cg(76.0, 140.32) = 0.009744
2026-02-19 12:09:52 - M5Trainer - INFO -   M3 PVT Bg(76.0, 140.32) = 0.002577
2026-02-19 12:09:52 - M5Trainer - INFO -   PDE 缩放: αx=0.029719, αy=0.074361
2026-02-19 12:09:52 - M5Trainer - INFO - M5Trainer 初始化完成: device=cpu, lr=0.001, max_steps=5000, relobralo=True, rar=True
2026-02-19 12:09:52 - M5Trainer - INFO - ============================================================
2026-02-19 12:09:52 - M5Trainer - INFO - M5 PINN 井—藏耦合同化训练开始
2026-02-19 12:09:52 - M5Trainer - INFO - ============================================================
2026-02-19 12:09:52 - M5Trainer - INFO - 训练阶段: A[0-500] B[500-1750] C[1750-3500] D[3500-5000]
2026-02-19 12:09:52 - M5Trainer - INFO -   qg_nearzero 权重: A=3.0, B=6.0->9.0, C=12.0, D=3.0, enable=True
2026-02-19 12:09:52 - M5Trainer - INFO - --- M5 单位/量纲诊断 (train 第 1 步前) ---
2026-02-19 12:09:52 - M5Trainer - INFO -   qg_obs 范围: 0.00e+00 ~ 8.39e+05 m³/d, 均值: 2.97e+05 m³/d
2026-02-19 12:09:52 - M5Trainer - INFO -   qg_pred 范围: 3.90e+05 ~ 3.99e+05
2026-02-19 12:09:52 - M5Trainer - INFO -   p_wf 范围: 7.43e+01 ~ 7.43e+01 MPa
2026-02-19 12:09:52 - M5Trainer - INFO -   p_field @ well: 7.50e+01 MPa
2026-02-19 12:09:52 - M5Trainer - INFO -   k_frac = 5.4020 mD
2026-02-19 12:09:52 - M5Trainer - INFO -   WI_raw = 4.309845e-13 [检查单位]
2026-02-19 12:09:52 - M5Trainer - INFO -   dp_wellbore = 12.00 MPa
2026-02-19 12:09:52 - M5Trainer - INFO -   Bg_ref = 2.576898e-03
2026-02-19 12:09:52 - M5Trainer - INFO -   qg_obs 范围: 0.00e+00 ~ 8.39e+05 m³/d
2026-02-19 12:09:52 - M5Trainer - INFO -   qg_obs 中位数 = 3.07e+05 m³/d
2026-02-19 12:09:52 - M5Trainer - INFO -   ✅ v9: PDE源项已升级为时变 source(x,y,t) = qg_obs(t) * kernel(x,y)
2026-02-19 12:09:52 - M5Trainer - INFO -   ✅ 每个PDE配点使用其时刻对应的真实观测产量（线性插值）
2026-02-19 12:09:52 - M5Trainer - INFO - --- 诊断结束 ---
2026-02-19 12:09:52 - M5Trainer - INFO -   [shape] SY9: qg pred=(1332, 1) vs obs=(1332, 1), p_wf pred=(1332, 1) vs p_obs=(1332, 1)
2026-02-19 12:09:52 - M5Trainer - INFO -   [Sw约束v9] Sw=[0.260, 0.260, 0.260], 权重=500, 惩罚=0.000000 (低=0.0000, 高=0.0000)
2026-02-19 12:09:53 - M5Trainer - INFO -   ✅ k_frac_mD.grad = -6.792066e-03 (PDE梯度贯通)
2026-02-19 12:09:53 - M5Trainer - INFO -   ✅ k_net: 18 组参数收到梯度
2026-02-19 12:09:53 - M5Trainer - INFO -   [梯度验收] SY9: qg_obs range=[0.0, 838700.0]
2026-02-19 12:09:53 - M5Trainer - INFO -   [Sw监控] SY9: Sw=[0.2600, 0.2600, 0.2600], krg_min=6.751000e-01
2026-02-19 12:09:53 - M5Trainer - INFO - [Step     0/5000] Stage A | L=9.7059e+02 (IC=1.000e+00, BC=1.000e+00, PDE=1.611e+06, Qg=2.959e-01, Qz=1.259e-01, Sd=3.631e-01, SwB=0.000e+00) | k_frac=5.4022 mD, dp=12.00 MPa | Sw=[0.260,0.260] | 1.2s
2026-02-19 12:09:53 - M5Trainer - INFO -   [k_frac诊断] grad=-6.7921e-03, k_frac=5.402158 mD
2026-02-19 12:11:49 - M5Trainer - INFO - [Step   100/5000] Stage A | L=5.0861e+02 (IC=1.144e-02, BC=1.222e-02, PDE=1.988e+06, Qg=3.105e-01, Qz=1.889e-01, Sd=6.434e-01, SwB=0.000e+00) | k_frac=5.4023 mD, dp=12.02 MPa | Sw=[0.249,0.267] | 117.0s
2026-02-19 12:13:34 - M5Trainer - INFO -   [梯度验收] SY9: qg_obs range=[0.0, 838700.0]
2026-02-19 12:13:34 - M5Trainer - INFO - [Step   200/5000] Stage A | L=2.6252e+02 (IC=1.599e-01, BC=1.112e-01, PDE=1.738e+06, Qg=3.108e-01, Qz=9.266e-02, Sd=5.804e+00, SwB=0.000e+00) | k_frac=5.2055 mD, dp=12.06 MPa | Sw=[0.175,0.566] | 222.1s
2026-02-19 12:15:11 - M5Trainer - INFO - [Step   300/5000] Stage A | L=5.0721e+02 (IC=9.997e-02, BC=4.541e-02, PDE=1.921e+06, Qg=2.247e-01, Qz=6.520e-02, Sd=1.235e+01, SwB=0.000e+00) | k_frac=5.1012 mD, dp=12.08 MPa | Sw=[0.169,0.474] | 319.3s
2026-02-19 12:16:46 - M5Trainer - INFO -   [梯度验收] SY9: qg_obs range=[0.0, 838700.0]
2026-02-19 12:16:46 - M5Trainer - INFO - [Step   400/5000] Stage A | L=5.6530e+02 (IC=2.526e-02, BC=2.601e-02, PDE=1.874e+06, Qg=2.234e-01, Qz=4.614e-02, Sd=1.946e+01, SwB=0.000e+00) | k_frac=5.0467 mD, dp=12.09 MPa | Sw=[0.169,0.517] | 414.3s
2026-02-19 12:18:21 - M5Trainer - INFO -   [Sw约束v9] Sw=[0.150, 0.295, 0.751], 权重=300, 惩罚=0.000000 (低=0.0000, 高=0.0000)
2026-02-19 12:18:22 - M5Trainer - INFO -   [Sw监控] SY9: Sw=[0.1588, 0.5508, 0.7521], krg_min=5.084499e-02
2026-02-19 12:18:22 - M5Trainer - INFO - [Step   500/5000] Stage B | L=2.5794e+03 (IC=4.232e-02, BC=3.300e-02, PDE=1.581e+06, Qg=2.221e-01, Qz=3.088e-02, Sd=2.189e+01, SwB=0.000e+00) | k_frac=4.9997 mD, dp=12.09 MPa | Sw=[0.156,0.614] | 510.0s
2026-02-19 12:18:22 - M5Trainer - INFO -   [k_frac诊断] grad=-1.1372e-01, k_frac=4.999703 mD
2026-02-19 12:20:08 - M5Trainer - INFO -   [梯度验收] SY9: qg_obs range=[0.0, 838700.0]
2026-02-19 12:20:08 - M5Trainer - INFO - [Step   600/5000] Stage B | L=2.9993e+03 (IC=5.254e-02, BC=5.045e-02, PDE=1.561e+06, Qg=2.319e-01, Qz=1.702e-02, Sd=5.527e-01, SwB=0.000e+00) | k_frac=4.9505 mD, dp=12.17 MPa | Sw=[0.184,0.492] | 616.0s
2026-02-19 12:21:51 - M5Trainer - INFO - [Step   700/5000] Stage B | L=3.9103e+03 (IC=2.304e-01, BC=2.714e-01, PDE=1.874e+06, Qg=2.158e-01, Qz=8.846e-03, Sd=3.606e-01, SwB=0.000e+00) | k_frac=4.8506 mD, dp=12.23 MPa | Sw=[0.167,0.497] | 718.5s
2026-02-19 12:23:52 - M5Trainer - INFO -   [梯度验收] SY9: qg_obs range=[0.0, 838700.0]
2026-02-19 12:23:52 - M5Trainer - INFO - [Step   800/5000] Stage B | L=3.7483e+03 (IC=1.310e-01, BC=1.779e-01, PDE=1.704e+06, Qg=2.446e-01, Qz=5.098e-03, Sd=2.233e-01, SwB=0.000e+00) | k_frac=4.7744 mD, dp=12.27 MPa | Sw=[0.164,0.506] | 840.0s
2026-02-19 12:26:13 - M5Trainer - INFO - [Step   900/5000] Stage B | L=3.1225e+03 (IC=1.491e-01, BC=1.491e-01, PDE=1.450e+06, Qg=2.111e-01, Qz=4.665e-03, Sd=2.205e-01, SwB=0.000e+00) | k_frac=4.7152 mD, dp=12.31 MPa | Sw=[0.153,0.537] | 980.7s
2026-02-19 12:28:32 - M5Trainer - INFO -   [Sw约束v9] Sw=[0.151, 0.291, 0.598], 权重=300, 惩罚=0.000000 (低=0.0000, 高=0.0000)
2026-02-19 12:28:33 - M5Trainer - INFO -   [梯度验收] SY9: qg_obs range=[0.0, 838700.0]
2026-02-19 12:28:33 - M5Trainer - INFO -   [Sw监控] SY9: Sw=[0.1837, 0.4850, 0.5973], krg_min=1.705358e-01
2026-02-19 12:28:33 - M5Trainer - INFO - [Step  1000/5000] Stage B | L=3.0843e+03 (IC=5.992e-02, BC=5.838e-02, PDE=1.366e+06, Qg=2.383e-01, Qz=4.218e-03, Sd=2.062e-01, SwB=0.000e+00) | k_frac=4.6583 mD, dp=12.35 MPa | Sw=[0.159,0.555] | 1121.2s
2026-02-19 12:28:33 - M5Trainer - INFO -   [k_frac诊断] grad=2.3621e-01, k_frac=4.658260 mD
2026-02-19 12:31:12 - M5Trainer - INFO - [Step  1100/5000] Stage B | L=3.9247e+03 (IC=1.197e-01, BC=1.714e-01, PDE=1.595e+06, Qg=2.547e-01, Qz=3.172e-03, Sd=2.032e-01, SwB=0.000e+00) | k_frac=4.5643 mD, dp=12.40 MPa | Sw=[0.145,0.596] | 1279.8s
2026-02-19 12:33:53 - M5Trainer - INFO -   [梯度验收] SY9: qg_obs range=[0.0, 838700.0]
2026-02-19 12:33:53 - M5Trainer - INFO - [Step  1200/5000] Stage B | L=5.2704e+03 (IC=4.514e-02, BC=5.403e-02, PDE=1.802e+06, Qg=2.424e-01, Qz=3.383e-03, Sd=1.692e-01, SwB=0.000e+00) | k_frac=4.5029 mD, dp=12.46 MPa | Sw=[0.152,0.569] | 1440.6s
2026-02-19 12:36:25 - M5Trainer - INFO - [Step  1300/5000] Stage B | L=3.6626e+03 (IC=1.378e-01, BC=1.260e-01, PDE=1.449e+06, Qg=2.380e-01, Qz=4.279e-03, Sd=1.849e-01, SwB=0.000e+00) | k_frac=4.4398 mD, dp=12.53 MPa | Sw=[0.151,0.585] | 1593.1s
2026-02-19 12:38:50 - M5Trainer - INFO -   [梯度验收] SY9: qg_obs range=[0.0, 838700.0]
2026-02-19 12:38:50 - M5Trainer - INFO - [Step  1400/5000] Stage B | L=4.0449e+03 (IC=1.632e-01, BC=1.619e-01, PDE=1.494e+06, Qg=2.376e-01, Qz=2.759e-03, Sd=7.286e-02, SwB=0.000e+00) | k_frac=4.3784 mD, dp=12.59 MPa | Sw=[0.159,0.483] | 1737.8s
2026-02-19 12:41:15 - M5Trainer - INFO -   [Sw约束v9] Sw=[0.145, 0.278, 0.615], 权重=300, 惩罚=0.000000 (低=0.0000, 高=0.0000)
2026-02-19 12:41:16 - M5Trainer - INFO -   [Sw监控] SY9: Sw=[0.1521, 0.4783, 0.6331], krg_min=1.366400e-01
2026-02-19 12:41:16 - M5Trainer - INFO - [Step  1500/5000] Stage B | L=3.8758e+03 (IC=2.351e-01, BC=1.560e-01, PDE=1.470e+06, Qg=2.137e-01, Qz=3.737e-03, Sd=2.206e-01, SwB=0.000e+00) | k_frac=4.3051 mD, dp=12.68 MPa | Sw=[0.148,0.581] | 1884.4s
2026-02-19 12:41:16 - M5Trainer - INFO -   [k_frac诊断] grad=-1.9039e-01, k_frac=4.305100 mD
2026-02-19 12:43:52 - M5Trainer - INFO -   [梯度验收] SY9: qg_obs range=[0.0, 838700.0]
2026-02-19 12:43:52 - M5Trainer - INFO - [Step  1600/5000] Stage B | L=4.4417e+03 (IC=6.812e-02, BC=7.066e-02, PDE=1.458e+06, Qg=2.849e-01, Qz=6.315e-03, Sd=2.154e-01, SwB=0.000e+00) | k_frac=4.2600 mD, dp=12.75 MPa | Sw=[0.155,0.512] | 2040.0s
2026-02-19 12:46:19 - M5Trainer - INFO - [Step  1700/5000] Stage B | L=4.8198e+03 (IC=5.606e-02, BC=4.737e-02, PDE=1.394e+06, Qg=2.177e-01, Qz=4.799e-03, Sd=2.091e-01, SwB=0.000e+00) | k_frac=4.2060 mD, dp=12.83 MPa | Sw=[0.149,0.545] | 2186.5s
2026-02-19 12:48:44 - M5Trainer - INFO -   [梯度验收] SY9: qg_obs range=[0.0, 838700.0]
2026-02-19 12:48:44 - M5Trainer - INFO - [Step  1800/5000] Stage C | L=2.4548e+04 (IC=5.349e-02, BC=9.658e-02, PDE=1.531e+06, Qg=2.955e-01, Qz=9.799e-03, Sd=2.558e-01, SwB=0.000e+00) | k_frac=4.1732 mD, dp=12.89 MPa | Sw=[0.148,0.540] | 2332.0s
2026-02-19 12:51:08 - M5Trainer - INFO - [Step  1900/5000] Stage C | L=2.9312e+04 (IC=7.606e-02, BC=1.589e-01, PDE=1.608e+06, Qg=2.238e-01, Qz=4.414e-03, Sd=1.843e-01, SwB=0.000e+00) | k_frac=4.1279 mD, dp=12.94 MPa | Sw=[0.149,0.547] | 2475.8s
2026-02-19 12:53:29 - M5Trainer - INFO -   [Sw约束v9] Sw=[0.146, 0.249, 0.586], 权重=200, 惩罚=0.000000 (低=0.0000, 高=0.0000)
2026-02-19 12:53:30 - M5Trainer - INFO -   [Sw监控] SY9: Sw=[0.1506, 0.4108, 0.5906], krg_min=1.773308e-01
2026-02-19 12:53:30 - M5Trainer - INFO - [Step  2000/5000] Stage C | L=2.6159e+04 (IC=3.660e-01, BC=3.362e-01, PDE=1.678e+06, Qg=2.136e-01, Qz=3.841e-03, Sd=1.918e-01, SwB=0.000e+00) | k_frac=4.1020 mD, dp=12.99 MPa | Sw=[0.148,0.552] | 2617.6s
2026-02-19 12:53:30 - M5Trainer - INFO -   [k_frac诊断] grad=-2.0081e-01, k_frac=4.102019 mD
2026-02-19 12:56:02 - M5Trainer - INFO - [Step  2100/5000] Stage C | L=3.0680e+04 (IC=7.093e-02, BC=5.795e-02, PDE=1.386e+06, Qg=2.088e-01, Qz=3.748e-03, Sd=2.052e-01, SwB=0.000e+00) | k_frac=4.0741 mD, dp=13.05 MPa | Sw=[0.146,0.577] | 2770.2s
2026-02-19 12:58:25 - M5Trainer - INFO - [Step  2200/5000] Stage C | L=3.2420e+04 (IC=1.351e-01, BC=1.003e-01, PDE=1.474e+06, Qg=2.712e-01, Qz=1.848e-03, Sd=1.194e-01, SwB=0.000e+00) | k_frac=4.0510 mD, dp=13.11 MPa | Sw=[0.145,0.538] | 2913.4s
2026-02-19 13:01:00 - M5Trainer - INFO - [Step  2300/5000] Stage C | L=3.3615e+04 (IC=2.399e-01, BC=1.928e-01, PDE=1.593e+06, Qg=2.545e-01, Qz=3.798e-03, Sd=1.473e-01, SwB=0.000e+00) | k_frac=4.0487 mD, dp=13.17 MPa | Sw=[0.144,0.600] | 3068.4s
2026-02-19 13:03:28 - M5Trainer - INFO - [Step  2400/5000] Stage C | L=2.6219e+04 (IC=4.320e-01, BC=2.988e-01, PDE=1.450e+06, Qg=2.338e-01, Qz=3.102e-03, Sd=1.819e-01, SwB=0.000e+00) | k_frac=4.0505 mD, dp=13.21 MPa | Sw=[0.141,0.590] | 3215.6s
2026-02-19 13:05:29 - M5Trainer - INFO -   [Sw约束v9] Sw=[0.142, 0.264, 0.599], 权重=200, 惩罚=0.000000 (低=0.0000, 高=0.0000)
2026-02-19 13:05:30 - M5Trainer - INFO -   [Sw监控] SY9: Sw=[0.1451, 0.3957, 0.5976], krg_min=1.702454e-01
2026-02-19 13:05:30 - M5Trainer - INFO - [Step  2500/5000] Stage C | L=3.4845e+04 (IC=1.166e-01, BC=1.313e-01, PDE=1.401e+06, Qg=2.104e-01, Qz=3.399e-03, Sd=1.795e-01, SwB=0.000e+00) | k_frac=4.0458 mD, dp=13.26 MPa | Sw=[0.143,0.541] | 3337.9s
2026-02-19 13:05:30 - M5Trainer - INFO -   [k_frac诊断] grad=2.9909e-01, k_frac=4.045797 mD
2026-02-19 13:07:34 - M5Trainer - INFO - [Step  2600/5000] Stage C | L=2.7580e+04 (IC=2.630e-01, BC=2.316e-01, PDE=1.393e+06, Qg=2.198e-01, Qz=5.961e-03, Sd=2.353e-01, SwB=0.000e+00) | k_frac=4.0352 mD, dp=13.32 MPa | Sw=[0.143,0.534] | 3461.8s
2026-02-19 13:09:38 - M5Trainer - INFO - [Step  2700/5000] Stage C | L=3.1094e+04 (IC=1.611e-01, BC=1.426e-01, PDE=1.370e+06, Qg=2.080e-01, Qz=4.064e-03, Sd=1.721e-01, SwB=0.000e+00) | k_frac=4.0463 mD, dp=13.37 MPa | Sw=[0.143,0.546] | 3586.3s
2026-02-19 13:11:43 - M5Trainer - INFO - [Step  2800/5000] Stage C | L=2.4476e+04 (IC=3.367e-01, BC=3.667e-01, PDE=1.372e+06, Qg=2.930e-01, Qz=8.516e-03, Sd=1.961e-01, SwB=0.000e+00) | k_frac=4.0615 mD, dp=13.41 MPa | Sw=[0.140,0.592] | 3710.5s
2026-02-19 13:13:45 - M5Trainer - INFO - [Step  2900/5000] Stage C | L=3.3082e+04 (IC=4.135e-01, BC=4.124e-01, PDE=1.559e+06, Qg=2.255e-01, Qz=2.157e-03, Sd=1.707e-01, SwB=0.000e+00) | k_frac=4.0654 mD, dp=13.44 MPa | Sw=[0.137,0.582] | 3832.6s
2026-02-19 13:15:53 - M5Trainer - INFO -   [Sw约束v9] Sw=[0.134, 0.240, 0.626], 权重=200, 惩罚=0.000000 (低=0.0000, 高=0.0000)
2026-02-19 13:15:53 - M5Trainer - INFO -   [Sw监控] SY9: Sw=[0.1372, 0.4188, 0.6342], krg_min=1.355945e-01
2026-02-19 13:15:53 - M5Trainer - INFO -   [best更新] val_score=17.4909 (step 3000)
2026-02-19 13:15:53 - M5Trainer - INFO - [Step  3000/5000] Stage C | L=3.7216e+04 (IC=9.451e-02, BC=6.807e-02, PDE=1.325e+06, Qg=2.290e-01, Qz=1.804e-03, Sd=1.776e-01, SwB=0.000e+00) | k_frac=4.0696 mD, dp=13.48 MPa | Sw=[0.136,0.601] | 3961.3s
2026-02-19 13:15:53 - M5Trainer - INFO -   [k_frac诊断] grad=2.8310e-01, k_frac=4.069630 mD
2026-02-19 13:17:53 - M5Trainer - INFO - [Step  3100/5000] Stage C | L=3.7632e+04 (IC=1.057e-01, BC=1.095e-01, PDE=1.296e+06, Qg=2.113e-01, Qz=2.975e-03, Sd=1.707e-01, SwB=0.000e+00) | k_frac=4.0740 mD, dp=13.51 MPa | Sw=[0.137,0.561] | 4081.3s
2026-02-19 13:19:59 - M5Trainer - INFO - [Step  3200/5000] Stage C | L=3.3419e+04 (IC=2.780e-01, BC=3.521e-01, PDE=1.448e+06, Qg=2.469e-01, Qz=9.354e-04, Sd=1.932e-01, SwB=0.000e+00) | k_frac=4.0910 mD, dp=13.54 MPa | Sw=[0.137,0.581] | 4206.9s
2026-02-19 13:21:58 - M5Trainer - INFO - [Step  3300/5000] Stage C | L=3.1214e+04 (IC=1.474e-01, BC=1.154e-01, PDE=1.172e+06, Qg=2.121e-01, Qz=3.431e-03, Sd=1.838e-01, SwB=0.000e+00) | k_frac=4.1077 mD, dp=13.56 MPa | Sw=[0.138,0.581] | 4325.6s
2026-02-19 13:24:08 - M5Trainer - INFO - [Step  3400/5000] Stage C | L=3.3853e+04 (IC=1.077e-01, BC=1.234e-01, PDE=1.203e+06, Qg=2.412e-01, Qz=1.451e-03, Sd=1.330e-01, SwB=0.000e+00) | k_frac=4.1170 mD, dp=13.58 MPa | Sw=[0.138,0.575] | 4456.2s
2026-02-19 13:26:31 - M5Trainer - INFO -   [Sw约束v9] Sw=[0.134, 0.223, 0.647], 权重=100, 惩罚=0.000000 (低=0.0000, 高=0.0000)
2026-02-19 13:26:33 - M5Trainer - INFO -   [Sw监控] SY9: Sw=[0.1387, 0.4315, 0.6525], krg_min=1.197865e-01
2026-02-19 13:26:33 - M5Trainer - INFO - [Step  3500/5000] Stage D | L=2.8265e+04 (IC=3.935e-01, BC=2.697e-01, PDE=1.217e+06, Qg=2.216e-01, Qz=1.644e-03, Sd=1.895e-01, SwB=0.000e+00) | k_frac=4.1289 mD, dp=13.60 MPa | Sw=[0.137,0.609] | 4600.6s
2026-02-19 13:26:33 - M5Trainer - INFO -   [k_frac诊断] grad=-2.6729e-01, k_frac=4.128853 mD
2026-02-19 13:29:16 - M5Trainer - INFO - [Step  3600/5000] Stage D | L=3.2696e+04 (IC=1.176e-01, BC=1.400e-01, PDE=1.153e+06, Qg=2.075e-01, Qz=1.745e-03, Sd=1.582e-01, SwB=0.000e+00) | k_frac=4.1258 mD, dp=13.61 MPa | Sw=[0.141,0.560] | 4763.7s
2026-02-19 13:32:05 - M5Trainer - INFO - [Step  3700/5000] Stage D | L=3.8358e+04 (IC=1.041e-01, BC=1.016e-01, PDE=1.263e+06, Qg=2.157e-01, Qz=2.243e-03, Sd=1.779e-01, SwB=0.000e+00) | k_frac=4.1273 mD, dp=13.61 MPa | Sw=[0.142,0.568] | 4932.8s
2026-02-19 13:34:52 - M5Trainer - INFO - [Step  3800/5000] Stage D | L=4.2157e+04 (IC=1.480e-01, BC=1.480e-01, PDE=1.404e+06, Qg=1.976e-01, Qz=2.838e-03, Sd=2.180e-01, SwB=0.000e+00) | k_frac=4.1322 mD, dp=13.62 MPa | Sw=[0.143,0.549] | 5099.8s
2026-02-19 13:37:37 - M5Trainer - INFO - [Step  3900/5000] Stage D | L=3.5211e+04 (IC=1.962e-01, BC=1.908e-01, PDE=1.344e+06, Qg=1.959e-01, Qz=3.377e-03, Sd=2.306e-01, SwB=0.000e+00) | k_frac=4.1343 mD, dp=13.62 MPa | Sw=[0.144,0.559] | 5265.3s
2026-02-19 13:40:09 - M5Trainer - INFO -   [Sw约束v9] Sw=[0.134, 0.233, 0.620], 权重=100, 惩罚=0.000000 (低=0.0000, 高=0.0000)
2026-02-19 13:40:10 - M5Trainer - INFO -   [Sw监控] SY9: Sw=[0.1466, 0.4172, 0.6053], krg_min=1.625899e-01
2026-02-19 13:40:10 - M5Trainer - INFO - [Step  4000/5000] Stage D | L=3.2177e+04 (IC=1.882e-01, BC=2.619e-01, PDE=1.265e+06, Qg=2.052e-01, Qz=4.258e-03, Sd=2.438e-01, SwB=0.000e+00) | k_frac=4.1385 mD, dp=13.62 MPa | Sw=[0.143,0.558] | 5418.0s
2026-02-19 13:40:10 - M5Trainer - INFO -   [k_frac诊断] grad=-7.0010e-02, k_frac=4.138502 mD
2026-02-19 13:43:13 - M5Trainer - INFO - [Step  4100/5000] Stage D | L=2.4788e+04 (IC=2.659e-01, BC=2.398e-01, PDE=1.114e+06, Qg=2.013e-01, Qz=4.763e-03, Sd=2.511e-01, SwB=0.000e+00) | k_frac=4.1418 mD, dp=13.63 MPa | Sw=[0.140,0.584] | 5601.3s
2026-02-19 13:46:16 - M5Trainer - INFO - [Step  4200/5000] Stage D | L=2.4588e+04 (IC=2.390e-01, BC=2.564e-01, PDE=1.137e+06, Qg=1.991e-01, Qz=5.026e-03, Sd=2.627e-01, SwB=0.000e+00) | k_frac=4.1437 mD, dp=13.63 MPa | Sw=[0.137,0.590] | 5783.8s
2026-02-19 13:49:21 - M5Trainer - INFO - [Step  4300/5000] Stage D | L=1.9585e+04 (IC=2.916e-01, BC=2.823e-01, PDE=1.025e+06, Qg=2.049e-01, Qz=4.919e-03, Sd=2.654e-01, SwB=0.000e+00) | k_frac=4.1447 mD, dp=13.63 MPa | Sw=[0.137,0.585] | 5968.7s
2026-02-19 13:52:28 - M5Trainer - INFO - [Step  4400/5000] Stage D | L=2.2800e+04 (IC=3.446e-01, BC=3.604e-01, PDE=1.149e+06, Qg=2.031e-01, Qz=5.156e-03, Sd=2.724e-01, SwB=0.000e+00) | k_frac=4.1458 mD, dp=13.63 MPa | Sw=[0.138,0.607] | 6156.2s
2026-02-19 13:55:32 - M5Trainer - INFO -   [Sw约束v9] Sw=[0.132, 0.237, 0.620], 权重=100, 惩罚=0.000000 (低=0.0000, 高=0.0000)
2026-02-19 13:55:33 - M5Trainer - INFO -   [Sw监控] SY9: Sw=[0.1328, 0.4232, 0.6099], krg_min=1.581822e-01
2026-02-19 13:55:33 - M5Trainer - INFO - [Step  4500/5000] Stage D | L=2.2284e+04 (IC=3.239e-01, BC=3.057e-01, PDE=1.087e+06, Qg=2.012e-01, Qz=5.089e-03, Sd=2.729e-01, SwB=0.000e+00) | k_frac=4.1460 mD, dp=13.63 MPa | Sw=[0.138,0.583] | 6341.0s
2026-02-19 13:55:33 - M5Trainer - INFO -   [k_frac诊断] grad=1.3664e-02, k_frac=4.146027 mD
2026-02-19 13:58:40 - M5Trainer - INFO - [Step  4600/5000] Stage D | L=2.5665e+04 (IC=3.315e-01, BC=3.230e-01, PDE=1.170e+06, Qg=2.035e-01, Qz=5.048e-03, Sd=2.683e-01, SwB=0.000e+00) | k_frac=4.1459 mD, dp=13.63 MPa | Sw=[0.133,0.583] | 6527.6s
2026-02-19 14:01:51 - M5Trainer - INFO - [Step  4700/5000] Stage D | L=2.1510e+04 (IC=2.929e-01, BC=2.658e-01, PDE=1.022e+06, Qg=1.989e-01, Qz=4.843e-03, Sd=2.616e-01, SwB=0.000e+00) | k_frac=4.1455 mD, dp=13.63 MPa | Sw=[0.135,0.600] | 6719.3s
2026-02-19 14:04:58 - M5Trainer - INFO - [Step  4800/5000] Stage D | L=2.1678e+04 (IC=3.050e-01, BC=3.306e-01, PDE=1.041e+06, Qg=1.982e-01, Qz=4.826e-03, Sd=2.601e-01, SwB=0.000e+00) | k_frac=4.1456 mD, dp=13.63 MPa | Sw=[0.136,0.600] | 6905.6s
2026-02-19 14:08:03 - M5Trainer - INFO - [Step  4900/5000] Stage D | L=1.9858e+04 (IC=3.298e-01, BC=2.641e-01, PDE=9.747e+05, Qg=1.979e-01, Qz=4.836e-03, Sd=2.598e-01, SwB=0.000e+00) | k_frac=4.1456 mD, dp=13.63 MPa | Sw=[0.136,0.621] | 7090.6s
2026-02-19 14:10:59 - M5Trainer - INFO - [Step  4999/5000] Stage D | L=2.3558e+04 (IC=3.106e-01, BC=3.002e-01, PDE=1.078e+06, Qg=1.976e-01, Qz=4.847e-03, Sd=2.596e-01, SwB=0.000e+00) | k_frac=4.1456 mD, dp=13.63 MPa | Sw=[0.137,0.600] | 7266.5s
2026-02-19 14:10:59 - M5Trainer - INFO - 
M5 训练完成! 耗时: 7266.5s, 最佳验证分数(val_score): 16.7869
2026-02-19 14:10:59 - M5Trainer - INFO - 配置快照已保存: C:\Users\16281\Desktop\cpedc_project\outputs\mk_pinn_dt_v2\resolved_config_m5.json
2026-02-19 14:10:59 - M5Trainer - INFO - 反演参数审计: C:\Users\16281\Desktop\cpedc_project\outputs\mk_pinn_dt_v2\reports\M5_inversion_params.json
