2026-02-21 21:22:17 - M5Trainer - INFO -   torch.compile 已跳过 (Triton 不支持 Windows, 使用 eager 模式)
2026-02-21 21:22:17 - M5Trainer - INFO - k_frac 独立参数组: lr=2.00e-03 (factor=2.0)
2026-02-21 21:22:19 - M5Trainer - INFO - k_net 学习率: 1.00e-04 (factor=0.1, warmup=2000 steps)
2026-02-21 21:22:19 - M5Trainer - INFO -   井 SY9: 1332 条同化数据 (train=799, val=266, test=267)
    开井点数 (q>1): train=745, val=88, test=121
    有效压力点: val_p=109, test_p=121
2026-02-21 21:22:19 - M5Trainer - INFO -   train time window(norm): [0.0000, 0.5995]
2026-02-21 21:22:19 - M5Trainer - INFO -   well_h[SY9] = 48.4 m (有效储厚)
2026-02-21 21:22:19 - M5Trainer - INFO -   well_h[SY13] = 41.6 m (有效储厚)
2026-02-21 21:22:19 - M5Trainer - INFO -   well_h[SY201] = 37.9 m (有效储厚)
2026-02-21 21:22:19 - M5Trainer - INFO -   well_h[SY101] = 41.7 m (有效储厚)
2026-02-21 21:22:19 - M5Trainer - INFO -   well_h[SY102] = 45.4 m (有效储厚)
2026-02-21 21:22:19 - M5Trainer - INFO -   well_h[SY116] = 39.3 m (有效储厚)
2026-02-21 21:22:19 - M5Trainer - INFO -   well_h[SYX211] = 6.0 m (有效储厚)
2026-02-21 21:22:19 - M5Trainer - INFO -   M3 PVT cg(76.0, 140.32) = 0.009744
2026-02-21 21:22:19 - M5Trainer - INFO -   M3 PVT Bg(76.0, 140.32) = 0.002577
2026-02-21 21:22:19 - M5Trainer - INFO -   PDE 缩放: αx=0.101777, αy=0.254660
2026-02-21 21:22:19 - M5Trainer - INFO - M5Trainer 初始化完成: device=cuda, lr=0.001, max_steps=20000, relobralo=True, rar=True
2026-02-21 21:22:19 - M5Trainer - INFO - ============================================================
2026-02-21 21:22:19 - M5Trainer - INFO - M5 PINN 井—藏耦合同化训练开始
2026-02-21 21:22:19 - M5Trainer - INFO - ============================================================
2026-02-21 21:22:19 - M5Trainer - INFO -   阶段权重已被 config 覆盖 (train.stages 或 training_stages.stage_*.weights)
2026-02-21 21:22:19 - M5Trainer - INFO - 训练阶段: A[0-2000] B[2000-9600] C[9600-15600] D[15600-20000]
2026-02-21 21:22:19 - M5Trainer - INFO -   qg_nearzero 权重: A=3.0, B=6.0->9.0, C=12.0, D=3.0, enable=True
2026-02-21 21:22:19 - M5Trainer - INFO - --- M5 单位/量纲诊断 (train 第 1 步前) ---
2026-02-21 21:22:19 - M5Trainer - INFO -   qg_obs 范围: 0.00e+00 ~ 8.39e+05 m³/d, 均值: 2.97e+05 m³/d
2026-02-21 21:22:19 - M5Trainer - INFO -   qg_pred 范围: 7.56e+04 ~ 7.60e+04
2026-02-21 21:22:19 - M5Trainer - INFO -   p_wf 范围: 7.43e+01 ~ 7.43e+01 MPa
2026-02-21 21:22:19 - M5Trainer - INFO -   p_field @ well: 7.50e+01 MPa
2026-02-21 21:22:19 - M5Trainer - INFO -   k_frac = 4.0000 mD
2026-02-21 21:22:19 - M5Trainer - INFO -   WI_raw = 1.676348e-13 [检查单位]
2026-02-21 21:22:19 - M5Trainer - INFO -   dp_wellbore = 13.30 MPa
2026-02-21 21:22:19 - M5Trainer - INFO -   Bg_ref = 2.576898e-03
2026-02-21 21:22:19 - M5Trainer - INFO -   qg_obs 范围: 0.00e+00 ~ 8.39e+05 m³/d
2026-02-21 21:22:19 - M5Trainer - INFO -   qg_obs 中位数 = 3.07e+05 m³/d
2026-02-21 21:22:19 - M5Trainer - INFO -   ✅ v9: PDE源项已升级为时变 source(x,y,t) = qg_obs(t) * kernel(x,y)
2026-02-21 21:22:19 - M5Trainer - INFO -   ✅ 每个PDE配点使用其时刻对应的真实观测产量（线性插值）
2026-02-21 21:22:19 - M5Trainer - INFO - --- 诊断结束 ---
2026-02-21 21:22:19 - M5Trainer - INFO -   [shape] SY9: qg pred=(1332, 1) vs obs=(1332, 1), p_wf pred=(1332, 1) vs p_obs=(1332, 1)
2026-02-21 21:22:20 - M5Trainer - INFO -   ✅ k_frac_mD.grad = -5.232789e-02 (PDE梯度贯通)
2026-02-21 21:22:20 - M5Trainer - INFO -   ✅ k_net: 18 组参数收到梯度
2026-02-21 21:22:20 - M5Trainer - INFO -   [梯度验收] SY9: qg_obs range=[0.0, 838700.0]
2026-02-21 21:22:20 - M5Trainer - INFO -   [Sw监控] SY9: Sw=[0.2600, 0.2600, 0.2600], krg_min=6.751000e-01
2026-02-21 21:22:20 - M5Trainer - INFO - [Step     0/20000] Stage A | L=5.0908e+02 (IC=1.000e+00, BC=1.000e+00, PDE=1.611e+06, Qg=1.891e+00, Qz=4.767e-03, Sd=3.655e-01, SQg=1.113e-09, SwB=0.000e+00) | k_frac=4.0001 mD, dp=13.30 MPa | Sw=[0.260,0.260] | 1.0s
2026-02-21 21:22:20 - M5Trainer - INFO -   [k_frac诊断] grad=-5.2328e-02, k_frac=4.000075 mD
2026-02-21 21:22:40 - M5Trainer - INFO - [Step   100/20000] Stage A | L=3.6040e+02 (IC=1.131e-02, BC=1.849e-02, PDE=1.989e+06, Qg=1.815e+00, Qz=5.115e-03, Sd=4.086e-01, SQg=1.324e-06, SwB=0.000e+00) | k_frac=4.0232 mD, dp=13.30 MPa | Sw=[0.260,0.260] | 21.4s
2026-02-21 21:23:00 - M5Trainer - INFO -   [梯度验收] SY9: qg_obs range=[0.0, 838700.0]
2026-02-21 21:23:00 - M5Trainer - INFO - [Step   200/20000] Stage A | L=1.9009e+02 (IC=8.153e-03, BC=7.381e-03, PDE=1.739e+06, Qg=1.018e+00, Qz=1.464e-02, Sd=1.217e+00, SQg=2.623e-04, SwB=0.000e+00) | k_frac=4.1401 mD, dp=13.30 MPa | Sw=[0.260,0.264] | 41.8s
2026-02-21 21:23:21 - M5Trainer - INFO - [Step   300/20000] Stage A | L=2.8763e+02 (IC=8.942e-02, BC=1.545e-02, PDE=1.922e+06, Qg=3.116e-01, Qz=7.364e-02, Sd=6.209e+00, SQg=1.753e-03, SwB=0.000e+00) | k_frac=4.2484 mD, dp=13.30 MPa | Sw=[0.260,0.443] | 62.2s
2026-02-21 21:23:41 - M5Trainer - INFO -   [梯度验收] SY9: qg_obs range=[0.0, 838700.0]
2026-02-21 21:23:42 - M5Trainer - INFO - [Step   400/20000] Stage A | L=3.2089e+02 (IC=7.068e-02, BC=2.935e-02, PDE=1.875e+06, Qg=3.079e-01, Qz=2.426e-02, Sd=6.632e+00, SQg=1.810e-03, SwB=0.000e+00) | k_frac=4.2470 mD, dp=13.30 MPa | Sw=[0.260,0.418] | 82.8s
2026-02-21 21:24:02 - M5Trainer - INFO -   [Sw监控] SY9: Sw=[0.2600, 0.3178, 0.4578], krg_min=3.387410e-01
2026-02-21 21:24:02 - M5Trainer - INFO - [Step   500/20000] Stage A | L=1.1110e+02 (IC=1.296e-02, BC=1.436e-02, PDE=1.074e+06, Qg=2.885e-01, Qz=2.337e-02, Sd=7.106e+00, SQg=1.762e-03, SwB=0.000e+00) | k_frac=4.2437 mD, dp=13.30 MPa | Sw=[0.260,0.454] | 103.6s
2026-02-21 21:24:02 - M5Trainer - INFO -   [k_frac诊断] grad=7.1266e-02, k_frac=4.243717 mD
2026-02-21 21:24:23 - M5Trainer - INFO -   [梯度验收] SY9: qg_obs range=[0.0, 838700.0]
2026-02-21 21:24:23 - M5Trainer - INFO - [Step   600/20000] Stage A | L=1.3008e+02 (IC=1.194e-02, BC=7.971e-03, PDE=1.053e+06, Qg=2.764e-01, Qz=2.397e-02, Sd=7.433e+00, SQg=1.733e-03, SwB=0.000e+00) | k_frac=4.2430 mD, dp=13.30 MPa | Sw=[0.260,0.421] | 124.2s
2026-02-21 21:24:44 - M5Trainer - INFO - [Step   700/20000] Stage A | L=1.5418e+02 (IC=1.960e-01, BC=2.551e-01, PDE=1.188e+06, Qg=2.787e-01, Qz=2.600e-02, Sd=8.032e+00, SQg=1.758e-03, SwB=0.000e+00) | k_frac=4.2441 mD, dp=13.30 MPa | Sw=[0.260,0.417] | 145.0s
2026-02-21 21:25:04 - M5Trainer - INFO -   [梯度验收] SY9: qg_obs range=[0.0, 838700.0]
2026-02-21 21:25:04 - M5Trainer - INFO - [Step   800/20000] Stage A | L=1.4116e+02 (IC=2.202e-02, BC=1.357e-02, PDE=1.124e+06, Qg=2.589e-01, Qz=2.882e-02, Sd=8.752e+00, SQg=1.648e-03, SwB=0.000e+00) | k_frac=4.2410 mD, dp=13.30 MPa | Sw=[0.260,0.438] | 165.6s
2026-02-21 21:25:25 - M5Trainer - INFO - [Step   900/20000] Stage A | L=1.2700e+02 (IC=2.265e-02, BC=1.716e-02, PDE=9.989e+05, Qg=2.571e-01, Qz=2.808e-02, Sd=8.591e+00, SQg=1.790e-03, SwB=0.000e+00) | k_frac=4.2259 mD, dp=13.30 MPa | Sw=[0.260,0.454] | 186.3s
2026-02-21 21:25:46 - M5Trainer - INFO -   [梯度验收] SY9: qg_obs range=[0.0, 838700.0]
2026-02-21 21:25:46 - M5Trainer - INFO -   [Sw监控] SY9: Sw=[0.2600, 0.3136, 0.4589], krg_min=3.371753e-01
2026-02-21 21:25:46 - M5Trainer - INFO - [Step  1000/20000] Stage A | L=7.8738e+01 (IC=2.898e-02, BC=2.386e-02, PDE=7.077e+05, Qg=2.532e-01, Qz=2.628e-02, Sd=7.900e+00, SQg=2.070e-03, SwB=0.000e+00) | k_frac=4.2067 mD, dp=13.30 MPa | Sw=[0.260,0.448] | 207.1s
2026-02-21 21:25:46 - M5Trainer - INFO -   [k_frac诊断] grad=4.0731e-02, k_frac=4.206670 mD
2026-02-21 21:26:07 - M5Trainer - INFO - [Step  1100/20000] Stage A | L=8.8431e+01 (IC=2.697e-02, BC=2.211e-02, PDE=7.765e+05, Qg=2.533e-01, Qz=2.198e-02, Sd=6.527e+00, SQg=2.500e-03, SwB=0.000e+00) | k_frac=4.1762 mD, dp=13.30 MPa | Sw=[0.260,0.449] | 228.1s
2026-02-21 21:26:28 - M5Trainer - INFO -   [梯度验收] SY9: qg_obs range=[0.0, 838700.0]
2026-02-21 21:26:28 - M5Trainer - INFO - [Step  1200/20000] Stage A | L=1.0785e+02 (IC=6.853e-02, BC=8.243e-02, PDE=8.364e+05, Qg=2.501e-01, Qz=2.024e-02, Sd=6.104e+00, SQg=2.752e-03, SwB=0.000e+00) | k_frac=4.1625 mD, dp=13.30 MPa | Sw=[0.260,0.459] | 249.1s
2026-02-21 21:26:49 - M5Trainer - INFO - [Step  1300/20000] Stage A | L=9.0034e+01 (IC=1.379e-02, BC=9.286e-03, PDE=7.178e+05, Qg=2.581e-01, Qz=1.837e-02, Sd=5.107e+00, SQg=3.447e-03, SwB=0.000e+00) | k_frac=4.1422 mD, dp=13.30 MPa | Sw=[0.260,0.429] | 269.9s
2026-02-21 21:27:09 - M5Trainer - INFO -   [梯度验收] SY9: qg_obs range=[0.0, 838700.0]
2026-02-21 21:27:09 - M5Trainer - INFO - [Step  1400/20000] Stage A | L=9.6332e+01 (IC=6.769e-02, BC=5.467e-02, PDE=7.427e+05, Qg=2.485e-01, Qz=1.495e-02, Sd=4.491e+00, SQg=3.502e-03, SwB=0.000e+00) | k_frac=4.1291 mD, dp=13.30 MPa | Sw=[0.260,0.392] | 290.4s
2026-02-21 21:27:30 - M5Trainer - INFO -   [Sw监控] SY9: Sw=[0.2600, 0.3018, 0.4586], krg_min=3.375936e-01
2026-02-21 21:27:30 - M5Trainer - INFO - [Step  1500/20000] Stage A | L=9.2430e+01 (IC=6.665e-02, BC=5.134e-02, PDE=6.633e+05, Qg=2.520e-01, Qz=1.679e-02, Sd=4.547e+00, SQg=3.972e-03, SwB=0.000e+00) | k_frac=4.1185 mD, dp=13.30 MPa | Sw=[0.260,0.458] | 310.9s
2026-02-21 21:27:30 - M5Trainer - INFO -   [k_frac诊断] grad=4.3266e-03, k_frac=4.118453 mD
2026-02-21 21:27:50 - M5Trainer - INFO -   [梯度验收] SY9: qg_obs range=[0.0, 838700.0]
2026-02-21 21:27:50 - M5Trainer - INFO - [Step  1600/20000] Stage A | L=8.6177e+01 (IC=3.480e-02, BC=2.015e-02, PDE=6.590e+05, Qg=2.433e-01, Qz=1.328e-02, Sd=4.036e+00, SQg=4.001e-03, SwB=0.000e+00) | k_frac=4.0982 mD, dp=13.30 MPa | Sw=[0.260,0.456] | 331.5s
2026-02-21 21:28:11 - M5Trainer - INFO - [Step  1700/20000] Stage A | L=8.8374e+01 (IC=3.924e-02, BC=3.614e-02, PDE=6.431e+05, Qg=2.436e-01, Qz=1.292e-02, Sd=3.963e+00, SQg=4.182e-03, SwB=0.000e+00) | k_frac=4.0878 mD, dp=13.30 MPa | Sw=[0.260,0.450] | 352.2s
2026-02-21 21:28:31 - M5Trainer - INFO -   [梯度验收] SY9: qg_obs range=[0.0, 838700.0]
2026-02-21 21:28:31 - M5Trainer - INFO - [Step  1800/20000] Stage A | L=9.7968e+01 (IC=1.938e-02, BC=1.549e-02, PDE=6.710e+05, Qg=2.390e-01, Qz=1.262e-02, Sd=3.852e+00, SQg=4.428e-03, SwB=0.000e+00) | k_frac=4.0798 mD, dp=13.30 MPa | Sw=[0.260,0.432] | 372.7s
2026-02-21 21:28:52 - M5Trainer - INFO - [Step  1900/20000] Stage A | L=1.0712e+02 (IC=4.495e-02, BC=4.987e-02, PDE=6.914e+05, Qg=2.441e-01, Qz=1.311e-02, Sd=4.052e+00, SQg=4.255e-03, SwB=0.000e+00) | k_frac=4.0686 mD, dp=13.30 MPa | Sw=[0.260,0.402] | 393.2s
2026-02-21 21:29:12 - M5Trainer - INFO -   [Sw监控] SY9: Sw=[0.2600, 0.2815, 0.4595], krg_min=3.363630e-01
2026-02-21 21:29:12 - M5Trainer - INFO - [Step  2000/20000] Stage B | L=2.3946e+02 (IC=3.565e-02, BC=3.939e-02, PDE=6.135e+05, Qg=2.437e-01, Qz=5.304e-02, Sd=4.366e+00, SQg=4.274e-03, SwB=0.000e+00) | k_frac=4.0466 mD, dp=13.30 MPa | Sw=[0.260,0.448] | 413.8s
2026-02-21 21:29:12 - M5Trainer - INFO -   [k_frac诊断] grad=3.9463e-02, k_frac=4.046586 mD
2026-02-21 21:29:33 - M5Trainer - INFO - [Step  2100/20000] Stage B | L=1.9758e+02 (IC=1.121e-01, BC=6.520e-02, PDE=5.506e+05, Qg=2.248e-01, Qz=3.157e-03, Sd=1.609e-01, SQg=7.857e-03, SwB=0.000e+00) | k_frac=4.2922 mD, dp=13.30 MPa | Sw=[0.260,0.455] | 434.4s
2026-02-21 21:29:54 - M5Trainer - INFO - [Step  2200/20000] Stage B | L=2.1935e+02 (IC=4.086e-02, BC=2.765e-02, PDE=5.748e+05, Qg=2.154e-01, Qz=2.845e-03, Sd=1.358e-01, SQg=8.311e-03, SwB=0.000e+00) | k_frac=4.3707 mD, dp=13.30 MPa | Sw=[0.260,0.458] | 455.0s
2026-02-21 21:30:14 - M5Trainer - INFO - [Step  2300/20000] Stage B | L=2.3997e+02 (IC=6.665e-02, BC=3.716e-02, PDE=5.904e+05, Qg=2.199e-01, Qz=7.792e-04, Sd=1.138e-01, SQg=8.883e-03, SwB=0.000e+00) | k_frac=4.3993 mD, dp=13.30 MPa | Sw=[0.260,0.455] | 475.6s
2026-02-21 21:30:35 - M5Trainer - INFO - [Step  2400/20000] Stage B | L=2.4679e+02 (IC=4.118e-02, BC=2.478e-02, PDE=5.603e+05, Qg=2.126e-01, Qz=7.466e-04, Sd=1.206e-01, SQg=8.670e-03, SwB=0.000e+00) | k_frac=4.4110 mD, dp=13.30 MPa | Sw=[0.260,0.455] | 496.2s
2026-02-21 21:30:56 - M5Trainer - INFO -   [Sw监控] SY9: Sw=[0.2600, 0.3292, 0.4587], krg_min=3.374593e-01
2026-02-21 21:30:56 - M5Trainer - INFO - [Step  2500/20000] Stage B | L=2.2745e+02 (IC=4.459e-02, BC=4.556e-02, PDE=5.306e+05, Qg=2.231e-01, Qz=8.183e-04, Sd=1.168e-01, SQg=8.673e-03, SwB=0.000e+00) | k_frac=4.4170 mD, dp=13.30 MPa | Sw=[0.260,0.433] | 517.1s
2026-02-21 21:30:56 - M5Trainer - INFO -   [k_frac诊断] grad=1.5841e+00, k_frac=4.417020 mD
2026-02-21 21:31:17 - M5Trainer - INFO - [Step  2600/20000] Stage B | L=2.1901e+02 (IC=5.205e-02, BC=3.877e-02, PDE=5.223e+05, Qg=2.254e-01, Qz=5.747e-04, Sd=9.637e-02, SQg=8.266e-03, SwB=0.000e+00) | k_frac=4.3992 mD, dp=13.30 MPa | Sw=[0.260,0.459] | 537.9s
2026-02-21 21:31:38 - M5Trainer - INFO - [Step  2700/20000] Stage B | L=1.8352e+02 (IC=1.171e-01, BC=1.199e-01, PDE=5.175e+05, Qg=2.224e-01, Qz=5.990e-04, Sd=1.025e-01, SQg=8.258e-03, SwB=0.000e+00) | k_frac=4.3835 mD, dp=13.30 MPa | Sw=[0.260,0.460] | 558.9s
2026-02-21 21:31:58 - M5Trainer - INFO - [Step  2800/20000] Stage B | L=2.1892e+02 (IC=6.691e-02, BC=2.302e-02, PDE=5.242e+05, Qg=2.303e-01, Qz=6.538e-04, Sd=1.048e-01, SQg=8.517e-03, SwB=0.000e+00) | k_frac=4.3604 mD, dp=13.30 MPa | Sw=[0.260,0.435] | 579.8s
2026-02-21 21:32:19 - M5Trainer - INFO - [Step  2900/20000] Stage B | L=2.4951e+02 (IC=4.272e-02, BC=3.803e-02, PDE=5.597e+05, Qg=2.180e-01, Qz=5.897e-04, Sd=1.000e-01, SQg=8.236e-03, SwB=0.000e+00) | k_frac=4.3407 mD, dp=13.30 MPa | Sw=[0.260,0.456] | 600.7s
2026-02-21 21:32:40 - M5Trainer - INFO -   [Sw监控] SY9: Sw=[0.2600, 0.3329, 0.4596], krg_min=3.361949e-01
2026-02-21 21:32:40 - M5Trainer - INFO - [Step  3000/20000] Stage B | L=1.9453e+02 (IC=5.276e-02, BC=3.250e-02, PDE=4.541e+05, Qg=2.159e-01, Qz=5.775e-04, Sd=1.010e-01, SQg=8.876e-03, SwB=0.000e+00) | k_frac=4.3331 mD, dp=13.30 MPa | Sw=[0.260,0.458] | 621.4s
2026-02-21 21:32:40 - M5Trainer - INFO -   [k_frac诊断] grad=-5.0778e-01, k_frac=4.333064 mD
2026-02-21 21:33:01 - M5Trainer - INFO - [Step  3100/20000] Stage B | L=1.8800e+02 (IC=4.310e-02, BC=4.273e-02, PDE=4.483e+05, Qg=2.124e-01, Qz=5.643e-04, Sd=9.975e-02, SQg=9.300e-03, SwB=0.000e+00) | k_frac=4.3227 mD, dp=13.30 MPa | Sw=[0.260,0.459] | 642.4s
2026-02-21 21:33:22 - M5Trainer - INFO - [Step  3200/20000] Stage B | L=2.1577e+02 (IC=3.300e-02, BC=3.032e-02, PDE=4.722e+05, Qg=2.342e-01, Qz=1.830e-03, Sd=1.138e-01, SQg=9.308e-03, SwB=0.000e+00) | k_frac=4.3103 mD, dp=13.30 MPa | Sw=[0.260,0.432] | 663.5s
2026-02-21 21:33:44 - M5Trainer - INFO - [Step  3300/20000] Stage B | L=1.6779e+02 (IC=9.416e-02, BC=6.936e-02, PDE=4.193e+05, Qg=2.324e-01, Qz=6.685e-04, Sd=1.151e-01, SQg=9.552e-03, SwB=0.000e+00) | k_frac=4.3101 mD, dp=13.30 MPa | Sw=[0.260,0.458] | 684.8s
2026-02-21 21:34:05 - M5Trainer - INFO - [Step  3400/20000] Stage B | L=2.0339e+02 (IC=3.742e-02, BC=2.019e-02, PDE=4.196e+05, Qg=2.343e-01, Qz=7.792e-04, Sd=1.337e-01, SQg=9.269e-03, SwB=0.000e+00) | k_frac=4.3101 mD, dp=13.30 MPa | Sw=[0.260,0.430] | 705.8s
2026-02-21 21:34:26 - M5Trainer - INFO -   [Sw监控] SY9: Sw=[0.2600, 0.3181, 0.4592], krg_min=3.367670e-01
2026-02-21 21:34:26 - M5Trainer - INFO - [Step  3500/20000] Stage B | L=1.8252e+02 (IC=5.076e-02, BC=5.003e-02, PDE=4.079e+05, Qg=2.333e-01, Qz=6.201e-04, Sd=1.101e-01, SQg=9.161e-03, SwB=0.000e+00) | k_frac=4.2972 mD, dp=13.30 MPa | Sw=[0.260,0.453] | 727.0s
2026-02-21 21:34:26 - M5Trainer - INFO -   [k_frac诊断] grad=-3.6091e-01, k_frac=4.297151 mD
2026-02-21 21:34:47 - M5Trainer - INFO - [Step  3600/20000] Stage B | L=1.8336e+02 (IC=4.517e-02, BC=2.275e-02, PDE=4.020e+05, Qg=2.205e-01, Qz=5.908e-04, Sd=1.060e-01, SQg=8.775e-03, SwB=0.000e+00) | k_frac=4.2938 mD, dp=13.30 MPa | Sw=[0.260,0.427] | 748.3s
2026-02-21 21:35:08 - M5Trainer - INFO - [Step  3700/20000] Stage B | L=1.7010e+02 (IC=9.314e-02, BC=5.232e-02, PDE=4.247e+05, Qg=2.115e-01, Qz=6.186e-04, Sd=1.088e-01, SQg=8.952e-03, SwB=0.000e+00) | k_frac=4.2916 mD, dp=13.30 MPa | Sw=[0.260,0.442] | 769.7s
2026-02-21 21:35:30 - M5Trainer - INFO - [Step  3800/20000] Stage B | L=1.9282e+02 (IC=5.587e-02, BC=6.672e-02, PDE=4.360e+05, Qg=2.104e-01, Qz=5.555e-04, Sd=1.017e-01, SQg=9.110e-03, SwB=0.000e+00) | k_frac=4.2842 mD, dp=13.30 MPa | Sw=[0.260,0.454] | 791.1s
2026-02-21 21:35:51 - M5Trainer - INFO - [Step  3900/20000] Stage B | L=1.9460e+02 (IC=3.202e-02, BC=2.390e-02, PDE=4.217e+05, Qg=2.065e-01, Qz=7.000e-04, Sd=1.170e-01, SQg=9.194e-03, SwB=0.000e+00) | k_frac=4.2784 mD, dp=13.30 MPa | Sw=[0.260,0.455] | 812.6s
2026-02-21 21:36:13 - M5Trainer - INFO -   [Sw监控] SY9: Sw=[0.2600, 0.3274, 0.4589], krg_min=3.370851e-01
2026-02-21 21:36:13 - M5Trainer - INFO - [Step  4000/20000] Stage B | L=1.9359e+02 (IC=1.577e-02, BC=2.192e-02, PDE=3.756e+05, Qg=2.022e-01, Qz=6.007e-04, Sd=1.025e-01, SQg=9.097e-03, SwB=0.000e+00) | k_frac=4.2757 mD, dp=13.30 MPa | Sw=[0.260,0.459] | 834.3s
2026-02-21 21:36:13 - M5Trainer - INFO -   [k_frac诊断] grad=4.2817e-02, k_frac=4.275656 mD
2026-02-21 21:36:35 - M5Trainer - INFO - [Step  4100/20000] Stage B | L=1.5883e+02 (IC=6.712e-02, BC=5.850e-02, PDE=3.641e+05, Qg=2.097e-01, Qz=4.597e-04, Sd=7.845e-02, SQg=9.365e-03, SwB=0.000e+00) | k_frac=4.2619 mD, dp=13.30 MPa | Sw=[0.260,0.451] | 855.8s
2026-02-21 21:36:56 - M5Trainer - INFO - [Step  4200/20000] Stage B | L=1.8233e+02 (IC=3.988e-02, BC=2.833e-02, PDE=3.716e+05, Qg=2.081e-01, Qz=5.312e-04, Sd=9.525e-02, SQg=9.072e-03, SwB=0.000e+00) | k_frac=4.2660 mD, dp=13.30 MPa | Sw=[0.260,0.453] | 877.5s
2026-02-21 21:37:18 - M5Trainer - INFO - [Step  4300/20000] Stage B | L=1.3863e+02 (IC=8.777e-02, BC=1.144e-01, PDE=3.569e+05, Qg=2.191e-01, Qz=5.262e-04, Sd=9.657e-02, SQg=9.412e-03, SwB=0.000e+00) | k_frac=4.2670 mD, dp=13.30 MPa | Sw=[0.260,0.459] | 899.1s
2026-02-21 21:37:39 - M5Trainer - INFO - [Step  4400/20000] Stage B | L=1.8140e+02 (IC=5.439e-02, BC=3.085e-02, PDE=3.704e+05, Qg=2.178e-01, Qz=5.432e-04, Sd=9.877e-02, SQg=9.950e-03, SwB=0.000e+00) | k_frac=4.2637 mD, dp=13.30 MPa | Sw=[0.260,0.459] | 920.7s
2026-02-21 21:38:01 - M5Trainer - INFO -   [Sw监控] SY9: Sw=[0.2600, 0.3212, 0.4595], krg_min=3.363421e-01
2026-02-21 21:38:01 - M5Trainer - INFO - [Step  4500/20000] Stage B | L=1.9955e+02 (IC=4.705e-02, BC=1.756e-02, PDE=3.429e+05, Qg=2.124e-01, Qz=5.257e-04, Sd=9.192e-02, SQg=9.413e-03, SwB=0.000e+00) | k_frac=4.2527 mD, dp=13.30 MPa | Sw=[0.260,0.445] | 942.4s
2026-02-21 21:38:01 - M5Trainer - INFO -   [k_frac诊断] grad=2.0705e+00, k_frac=4.252669 mD
2026-02-21 21:38:23 - M5Trainer - INFO - [Step  4600/20000] Stage B | L=1.7985e+02 (IC=5.886e-02, BC=2.784e-02, PDE=3.571e+05, Qg=2.191e-01, Qz=5.458e-04, Sd=9.742e-02, SQg=9.267e-03, SwB=0.000e+00) | k_frac=4.2611 mD, dp=13.30 MPa | Sw=[0.260,0.455] | 964.2s
2026-02-21 21:38:45 - M5Trainer - INFO - [Step  4700/20000] Stage B | L=1.8634e+02 (IC=2.632e-02, BC=2.307e-02, PDE=3.340e+05, Qg=2.110e-01, Qz=5.782e-04, Sd=1.071e-01, SQg=9.473e-03, SwB=0.000e+00) | k_frac=4.2614 mD, dp=13.30 MPa | Sw=[0.260,0.416] | 986.5s
2026-02-21 21:39:07 - M5Trainer - INFO - [Step  4800/20000] Stage B | L=1.6658e+02 (IC=4.816e-02, BC=5.106e-02, PDE=3.344e+05, Qg=2.127e-01, Qz=5.075e-04, Sd=9.222e-02, SQg=8.734e-03, SwB=0.000e+00) | k_frac=4.2547 mD, dp=13.30 MPa | Sw=[0.260,0.460] | 1008.5s
2026-02-21 21:39:29 - M5Trainer - INFO - [Step  4900/20000] Stage B | L=1.6936e+02 (IC=7.950e-02, BC=4.339e-02, PDE=3.286e+05, Qg=2.188e-01, Qz=4.322e-04, Sd=7.636e-02, SQg=8.633e-03, SwB=0.000e+00) | k_frac=4.2361 mD, dp=13.30 MPa | Sw=[0.260,0.458] | 1030.5s
2026-02-21 21:39:52 - M5Trainer - INFO -   [Sw监控] SY9: Sw=[0.2600, 0.3367, 0.4598], krg_min=3.358303e-01
2026-02-21 21:39:52 - M5Trainer - INFO - [Step  5000/20000] Stage B | L=1.5955e+02 (IC=7.181e-02, BC=2.069e-02, PDE=3.093e+05, Qg=2.148e-01, Qz=4.679e-04, Sd=8.467e-02, SQg=8.360e-03, SwB=0.000e+00) | k_frac=4.2289 mD, dp=13.30 MPa | Sw=[0.260,0.459] | 1053.3s
2026-02-21 21:39:52 - M5Trainer - INFO -   [k_frac诊断] grad=-6.6152e-02, k_frac=4.228900 mD
2026-02-21 21:40:14 - M5Trainer - INFO - [Step  5100/20000] Stage B | L=2.0314e+02 (IC=2.788e-02, BC=2.965e-02, PDE=3.095e+05, Qg=2.108e-01, Qz=4.551e-04, Sd=8.114e-02, SQg=8.945e-03, SwB=0.000e+00) | k_frac=4.2236 mD, dp=13.30 MPa | Sw=[0.260,0.459] | 1075.7s
2026-02-21 21:40:35 - M5Trainer - INFO - [Step  5200/20000] Stage B | L=1.8631e+02 (IC=3.384e-02, BC=1.564e-02, PDE=3.207e+05, Qg=2.148e-01, Qz=3.990e-04, Sd=6.878e-02, SQg=8.812e-03, SwB=0.000e+00) | k_frac=4.2164 mD, dp=13.30 MPa | Sw=[0.260,0.460] | 1096.7s
2026-02-21 21:40:56 - M5Trainer - INFO - [Step  5300/20000] Stage B | L=1.8437e+02 (IC=2.662e-02, BC=2.654e-02, PDE=3.289e+05, Qg=2.138e-01, Qz=5.002e-04, Sd=9.053e-02, SQg=8.941e-03, SwB=0.000e+00) | k_frac=4.2170 mD, dp=13.30 MPa | Sw=[0.260,0.460] | 1117.8s
2026-02-21 21:41:18 - M5Trainer - INFO - [Step  5400/20000] Stage B | L=1.8510e+02 (IC=2.823e-02, BC=1.919e-02, PDE=3.118e+05, Qg=2.074e-01, Qz=4.052e-04, Sd=7.100e-02, SQg=9.055e-03, SwB=0.000e+00) | k_frac=4.1996 mD, dp=13.30 MPa | Sw=[0.260,0.459] | 1139.0s
2026-02-21 21:41:39 - M5Trainer - INFO -   [Sw监控] SY9: Sw=[0.2600, 0.3381, 0.4599], krg_min=3.357723e-01
2026-02-21 21:41:39 - M5Trainer - INFO - [Step  5500/20000] Stage B | L=1.5798e+02 (IC=7.576e-02, BC=2.553e-02, PDE=2.860e+05, Qg=2.163e-01, Qz=4.379e-04, Sd=8.003e-02, SQg=8.071e-03, SwB=0.000e+00) | k_frac=4.1853 mD, dp=13.30 MPa | Sw=[0.260,0.459] | 1160.2s
2026-02-21 21:41:39 - M5Trainer - INFO -   [k_frac诊断] grad=-1.4125e-01, k_frac=4.185301 mD
2026-02-21 21:42:00 - M5Trainer - INFO - [Step  5600/20000] Stage B | L=1.8074e+02 (IC=4.144e-02, BC=2.978e-02, PDE=3.100e+05, Qg=2.212e-01, Qz=4.443e-04, Sd=7.808e-02, SQg=9.479e-03, SwB=0.000e+00) | k_frac=4.1833 mD, dp=13.30 MPa | Sw=[0.260,0.460] | 1181.5s
2026-02-21 21:42:21 - M5Trainer - INFO - [Step  5700/20000] Stage B | L=1.1765e+02 (IC=9.244e-02, BC=1.199e-01, PDE=2.875e+05, Qg=2.151e-01, Qz=1.420e-03, Sd=6.746e-02, SQg=8.832e-03, SwB=0.000e+00) | k_frac=4.1884 mD, dp=13.30 MPa | Sw=[0.260,0.458] | 1202.8s
2026-02-21 21:42:43 - M5Trainer - INFO - [Step  5800/20000] Stage B | L=1.6129e+02 (IC=4.608e-02, BC=4.223e-02, PDE=2.967e+05, Qg=2.076e-01, Qz=5.765e-04, Sd=7.116e-02, SQg=9.032e-03, SwB=0.000e+00) | k_frac=4.1919 mD, dp=13.30 MPa | Sw=[0.260,0.455] | 1224.1s
2026-02-21 21:43:04 - M5Trainer - INFO - [Step  5900/20000] Stage B | L=1.7571e+02 (IC=3.387e-02, BC=3.488e-02, PDE=2.955e+05, Qg=2.104e-01, Qz=4.244e-04, Sd=6.611e-02, SQg=9.017e-03, SwB=0.000e+00) | k_frac=4.1938 mD, dp=13.30 MPa | Sw=[0.260,0.444] | 1245.3s
2026-02-21 21:43:25 - M5Trainer - INFO -   [Sw监控] SY9: Sw=[0.2600, 0.3326, 0.4599], krg_min=3.357419e-01
2026-02-21 21:43:25 - M5Trainer - INFO - [Step  6000/20000] Stage B | L=1.6639e+02 (IC=4.676e-02, BC=4.850e-02, PDE=2.759e+05, Qg=2.210e-01, Qz=3.545e-04, Sd=5.916e-02, SQg=8.562e-03, SwB=0.000e+00) | k_frac=4.1929 mD, dp=13.30 MPa | Sw=[0.260,0.460] | 1266.7s
2026-02-21 21:43:25 - M5Trainer - INFO -   [k_frac诊断] grad=-1.4660e-01, k_frac=4.192935 mD
2026-02-21 21:43:47 - M5Trainer - INFO - [Step  6100/20000] Stage B | L=1.7744e+02 (IC=2.665e-02, BC=1.057e-02, PDE=2.725e+05, Qg=2.151e-01, Qz=3.533e-04, Sd=5.895e-02, SQg=8.704e-03, SwB=0.000e+00) | k_frac=4.1919 mD, dp=13.30 MPa | Sw=[0.260,0.459] | 1288.2s
2026-02-21 21:44:09 - M5Trainer - INFO - [Step  6200/20000] Stage B | L=1.8794e+02 (IC=4.102e-02, BC=1.448e-02, PDE=2.836e+05, Qg=2.156e-01, Qz=3.877e-04, Sd=6.786e-02, SQg=9.288e-03, SwB=0.000e+00) | k_frac=4.1889 mD, dp=13.30 MPa | Sw=[0.260,0.457] | 1310.2s
2026-02-21 21:44:30 - M5Trainer - INFO - [Step  6300/20000] Stage B | L=1.9009e+02 (IC=2.584e-02, BC=2.416e-02, PDE=2.816e+05, Qg=2.280e-01, Qz=3.258e-04, Sd=5.360e-02, SQg=8.930e-03, SwB=0.000e+00) | k_frac=4.1724 mD, dp=13.30 MPa | Sw=[0.260,0.460] | 1331.6s
2026-02-21 21:44:52 - M5Trainer - INFO - [Step  6400/20000] Stage B | L=1.6385e+02 (IC=6.485e-02, BC=4.518e-02, PDE=2.801e+05, Qg=2.150e-01, Qz=3.679e-04, Sd=6.305e-02, SQg=8.896e-03, SwB=0.000e+00) | k_frac=4.1801 mD, dp=13.30 MPa | Sw=[0.260,0.460] | 1352.9s
2026-02-21 21:45:13 - M5Trainer - INFO -   [Sw监控] SY9: Sw=[0.2600, 0.3369, 0.4599], krg_min=3.357592e-01
2026-02-21 21:45:13 - M5Trainer - INFO - [Step  6500/20000] Stage B | L=1.9375e+02 (IC=4.640e-02, BC=2.240e-02, PDE=2.625e+05, Qg=2.223e-01, Qz=4.261e-04, Sd=7.320e-02, SQg=8.768e-03, SwB=0.000e+00) | k_frac=4.1958 mD, dp=13.30 MPa | Sw=[0.260,0.460] | 1374.3s
2026-02-21 21:45:13 - M5Trainer - INFO -   [k_frac诊断] grad=-6.4195e-01, k_frac=4.195800 mD
2026-02-21 21:45:35 - M5Trainer - INFO - [Step  6600/20000] Stage B | L=1.6296e+02 (IC=7.595e-02, BC=4.920e-02, PDE=2.663e+05, Qg=2.142e-01, Qz=3.933e-04, Sd=6.248e-02, SQg=8.643e-03, SwB=0.000e+00) | k_frac=4.1946 mD, dp=13.30 MPa | Sw=[0.260,0.460] | 1396.0s
2026-02-21 21:45:56 - M5Trainer - INFO - [Step  6700/20000] Stage B | L=1.6011e+02 (IC=9.299e-02, BC=4.941e-02, PDE=2.608e+05, Qg=2.215e-01, Qz=4.213e-04, Sd=6.677e-02, SQg=9.524e-03, SwB=0.000e+00) | k_frac=4.2032 mD, dp=13.30 MPa | Sw=[0.260,0.458] | 1417.7s
2026-02-21 21:46:18 - M5Trainer - INFO - [Step  6800/20000] Stage B | L=1.5383e+02 (IC=6.392e-02, BC=5.215e-02, PDE=2.675e+05, Qg=2.153e-01, Qz=3.531e-04, Sd=5.728e-02, SQg=8.887e-03, SwB=0.000e+00) | k_frac=4.2001 mD, dp=13.30 MPa | Sw=[0.260,0.460] | 1439.3s
2026-02-21 21:46:40 - M5Trainer - INFO - [Step  6900/20000] Stage B | L=1.6493e+02 (IC=6.597e-02, BC=5.838e-02, PDE=2.530e+05, Qg=2.145e-01, Qz=3.389e-04, Sd=5.169e-02, SQg=9.069e-03, SwB=0.000e+00) | k_frac=4.1991 mD, dp=13.30 MPa | Sw=[0.260,0.455] | 1461.0s
2026-02-21 21:47:01 - M5Trainer - INFO -   [Sw监控] SY9: Sw=[0.2600, 0.3272, 0.4598], krg_min=3.358827e-01
2026-02-21 21:47:02 - M5Trainer - INFO - [Step  7000/20000] Stage B | L=1.4145e+02 (IC=1.036e-01, BC=6.395e-02, PDE=2.306e+05, Qg=2.125e-01, Qz=3.781e-04, Sd=5.665e-02, SQg=9.027e-03, SwB=0.000e+00) | k_frac=4.1933 mD, dp=13.30 MPa | Sw=[0.260,0.450] | 1482.8s
2026-02-21 21:47:02 - M5Trainer - INFO -   [k_frac诊断] grad=3.0916e-01, k_frac=4.193255 mD
2026-02-21 21:47:24 - M5Trainer - INFO - [Step  7100/20000] Stage B | L=1.4785e+02 (IC=7.503e-02, BC=6.279e-02, PDE=2.379e+05, Qg=2.199e-01, Qz=3.528e-04, Sd=5.621e-02, SQg=9.198e-03, SwB=0.000e+00) | k_frac=4.1934 mD, dp=13.30 MPa | Sw=[0.260,0.460] | 1504.9s
2026-02-21 21:47:46 - M5Trainer - INFO - [Step  7200/20000] Stage B | L=1.8720e+02 (IC=2.512e-02, BC=1.953e-02, PDE=2.430e+05, Qg=2.108e-01, Qz=3.888e-04, Sd=4.585e-02, SQg=8.647e-03, SwB=0.000e+00) | k_frac=4.2000 mD, dp=13.30 MPa | Sw=[0.260,0.459] | 1527.1s
2026-02-21 21:48:09 - M5Trainer - INFO - [Step  7300/20000] Stage B | L=1.5331e+02 (IC=4.889e-02, BC=2.786e-02, PDE=2.433e+05, Qg=2.038e-01, Qz=3.391e-04, Sd=5.502e-02, SQg=8.978e-03, SwB=0.000e+00) | k_frac=4.2149 mD, dp=13.30 MPa | Sw=[0.260,0.460] | 1550.8s
2026-02-21 21:48:32 - M5Trainer - INFO - [Step  7400/20000] Stage B | L=1.7928e+02 (IC=4.210e-02, BC=2.539e-02, PDE=2.572e+05, Qg=2.047e-01, Qz=3.194e-04, Sd=4.873e-02, SQg=8.535e-03, SwB=0.000e+00) | k_frac=4.2113 mD, dp=13.30 MPa | Sw=[0.260,0.456] | 1573.6s
2026-02-21 21:48:54 - M5Trainer - INFO -   [Sw监控] SY9: Sw=[0.2600, 0.3255, 0.4599], krg_min=3.357225e-01
2026-02-21 21:48:54 - M5Trainer - INFO - [Step  7500/20000] Stage B | L=1.7698e+02 (IC=6.041e-02, BC=1.272e-02, PDE=2.305e+05, Qg=2.044e-01, Qz=3.352e-04, Sd=5.055e-02, SQg=8.875e-03, SwB=0.000e+00) | k_frac=4.2119 mD, dp=13.30 MPa | Sw=[0.260,0.456] | 1595.8s
2026-02-21 21:48:54 - M5Trainer - INFO -   [k_frac诊断] grad=-7.4737e-01, k_frac=4.211908 mD
2026-02-21 21:49:17 - M5Trainer - INFO - [Step  7600/20000] Stage B | L=1.7510e+02 (IC=4.182e-02, BC=3.197e-02, PDE=2.255e+05, Qg=2.135e-01, Qz=3.363e-04, Sd=4.730e-02, SQg=7.977e-03, SwB=0.000e+00) | k_frac=4.2038 mD, dp=13.30 MPa | Sw=[0.260,0.459] | 1618.1s
2026-02-21 21:49:39 - M5Trainer - INFO - [Step  7700/20000] Stage B | L=1.7082e+02 (IC=4.368e-02, BC=2.931e-02, PDE=2.289e+05, Qg=2.191e-01, Qz=3.836e-04, Sd=5.821e-02, SQg=9.167e-03, SwB=0.000e+00) | k_frac=4.2087 mD, dp=13.30 MPa | Sw=[0.260,0.459] | 1640.4s
2026-02-21 21:50:01 - M5Trainer - INFO - [Step  7800/20000] Stage B | L=1.6553e+02 (IC=1.814e-02, BC=1.485e-02, PDE=2.255e+05, Qg=2.056e-01, Qz=3.011e-04, Sd=4.334e-02, SQg=8.131e-03, SwB=0.000e+00) | k_frac=4.1982 mD, dp=13.30 MPa | Sw=[0.260,0.460] | 1662.6s
2026-02-21 21:50:24 - M5Trainer - INFO - [Step  7900/20000] Stage B | L=1.3875e+02 (IC=5.350e-02, BC=4.748e-02, PDE=2.320e+05, Qg=2.047e-01, Qz=2.988e-04, Sd=4.608e-02, SQg=8.511e-03, SwB=0.000e+00) | k_frac=4.1958 mD, dp=13.30 MPa | Sw=[0.260,0.460] | 1684.9s
2026-02-21 21:50:46 - M5Trainer - INFO -   [Sw监控] SY9: Sw=[0.2600, 0.3361, 0.4599], krg_min=3.357385e-01
2026-02-21 21:50:46 - M5Trainer - INFO - [Step  8000/20000] Stage B | L=1.4221e+02 (IC=4.519e-02, BC=2.724e-02, PDE=2.106e+05, Qg=2.092e-01, Qz=2.885e-04, Sd=4.166e-02, SQg=8.252e-03, SwB=0.000e+00) | k_frac=4.1818 mD, dp=13.30 MPa | Sw=[0.260,0.458] | 1707.4s
2026-02-21 21:50:46 - M5Trainer - INFO -   [k_frac诊断] grad=4.0216e-01, k_frac=4.181832 mD
2026-02-21 21:51:09 - M5Trainer - INFO - [Step  8100/20000] Stage B | L=1.5942e+02 (IC=2.011e-02, BC=1.234e-02, PDE=2.120e+05, Qg=1.994e-01, Qz=2.583e-04, Sd=3.846e-02, SQg=8.407e-03, SwB=0.000e+00) | k_frac=4.1643 mD, dp=13.30 MPa | Sw=[0.260,0.459] | 1730.1s
2026-02-21 21:51:31 - M5Trainer - INFO - [Step  8200/20000] Stage B | L=1.5779e+02 (IC=3.493e-02, BC=1.080e-02, PDE=2.152e+05, Qg=2.012e-01, Qz=2.334e-04, Sd=3.354e-02, SQg=8.270e-03, SwB=0.000e+00) | k_frac=4.1476 mD, dp=13.30 MPa | Sw=[0.260,0.457] | 1752.7s
2026-02-21 21:51:54 - M5Trainer - INFO - [Step  8300/20000] Stage B | L=1.5522e+02 (IC=2.648e-02, BC=1.559e-02, PDE=2.132e+05, Qg=2.009e-01, Qz=2.328e-04, Sd=3.414e-02, SQg=8.201e-03, SwB=0.000e+00) | k_frac=4.1375 mD, dp=13.30 MPa | Sw=[0.260,0.460] | 1775.6s
2026-02-21 21:52:17 - M5Trainer - INFO - [Step  8400/20000] Stage B | L=1.6973e+02 (IC=1.689e-02, BC=1.075e-02, PDE=2.089e+05, Qg=2.052e-01, Qz=2.280e-04, Sd=3.041e-02, SQg=8.535e-03, SwB=0.000e+00) | k_frac=4.1272 mD, dp=13.30 MPa | Sw=[0.260,0.460] | 1798.1s
2026-02-21 21:52:40 - M5Trainer - INFO -   [Sw监控] SY9: Sw=[0.2600, 0.3320, 0.4599], krg_min=3.357500e-01
2026-02-21 21:52:40 - M5Trainer - INFO - [Step  8500/20000] Stage B | L=1.5533e+02 (IC=3.150e-02, BC=1.136e-02, PDE=2.114e+05, Qg=2.010e-01, Qz=2.546e-04, Sd=3.394e-02, SQg=8.195e-03, SwB=0.000e+00) | k_frac=4.1269 mD, dp=13.30 MPa | Sw=[0.260,0.460] | 1820.9s
2026-02-21 21:52:40 - M5Trainer - INFO -   [k_frac诊断] grad=-7.9626e-01, k_frac=4.126920 mD
2026-02-21 21:53:03 - M5Trainer - INFO - [Step  8600/20000] Stage B | L=1.5367e+02 (IC=1.134e-02, BC=7.355e-03, PDE=2.022e+05, Qg=2.008e-01, Qz=2.310e-04, Sd=3.146e-02, SQg=8.338e-03, SwB=0.000e+00) | k_frac=4.1141 mD, dp=13.30 MPa | Sw=[0.260,0.460] | 1843.9s
2026-02-21 21:53:26 - M5Trainer - INFO - [Step  8700/20000] Stage B | L=1.4729e+02 (IC=6.287e-02, BC=2.719e-02, PDE=2.051e+05, Qg=2.230e-01, Qz=2.158e-04, Sd=2.992e-02, SQg=9.215e-03, SwB=0.000e+00) | k_frac=4.1076 mD, dp=13.30 MPa | Sw=[0.260,0.459] | 1866.9s
2026-02-21 21:53:49 - M5Trainer - INFO - [Step  8800/20000] Stage B | L=1.8057e+02 (IC=1.499e-02, BC=1.160e-02, PDE=1.985e+05, Qg=2.198e-01, Qz=1.870e-04, Sd=2.479e-02, SQg=9.084e-03, SwB=0.000e+00) | k_frac=4.0978 mD, dp=13.30 MPa | Sw=[0.260,0.452] | 1890.0s
2026-02-21 21:54:12 - M5Trainer - INFO - [Step  8900/20000] Stage B | L=1.8447e+02 (IC=1.659e-02, BC=1.154e-02, PDE=2.075e+05, Qg=2.222e-01, Qz=1.850e-04, Sd=2.431e-02, SQg=8.961e-03, SwB=0.000e+00) | k_frac=4.0805 mD, dp=13.30 MPa | Sw=[0.260,0.453] | 1913.1s
2026-02-21 21:54:35 - M5Trainer - INFO -   [Sw监控] SY9: Sw=[0.2600, 0.3248, 0.4599], krg_min=3.357909e-01
2026-02-21 21:54:35 - M5Trainer - INFO - [Step  9000/20000] Stage B | L=1.8493e+02 (IC=9.507e-03, BC=7.088e-03, PDE=1.911e+05, Qg=2.185e-01, Qz=2.008e-04, Sd=2.767e-02, SQg=8.992e-03, SwB=0.000e+00) | k_frac=4.0702 mD, dp=13.30 MPa | Sw=[0.260,0.460] | 1936.2s
2026-02-21 21:54:35 - M5Trainer - INFO -   [k_frac诊断] grad=-4.6580e-02, k_frac=4.070231 mD
2026-02-21 21:54:58 - M5Trainer - INFO - [Step  9100/20000] Stage B | L=2.0490e+02 (IC=1.307e-02, BC=1.099e-02, PDE=1.941e+05, Qg=2.203e-01, Qz=1.791e-04, Sd=2.234e-02, SQg=9.274e-03, SwB=0.000e+00) | k_frac=4.0635 mD, dp=13.30 MPa | Sw=[0.260,0.455] | 1959.6s
2026-02-21 21:55:22 - M5Trainer - INFO - [Step  9200/20000] Stage B | L=1.6204e+02 (IC=2.547e-02, BC=2.088e-02, PDE=1.946e+05, Qg=2.216e-01, Qz=1.848e-04, Sd=2.535e-02, SQg=9.508e-03, SwB=0.000e+00) | k_frac=4.0585 mD, dp=13.30 MPa | Sw=[0.260,0.444] | 1983.0s
2026-02-21 21:55:45 - M5Trainer - INFO - [Step  9300/20000] Stage B | L=1.7632e+02 (IC=1.460e-02, BC=1.034e-02, PDE=1.930e+05, Qg=2.207e-01, Qz=1.838e-04, Sd=2.497e-02, SQg=9.186e-03, SwB=0.000e+00) | k_frac=4.0507 mD, dp=13.30 MPa | Sw=[0.260,0.458] | 2006.5s
2026-02-21 21:56:09 - M5Trainer - INFO - [Step  9400/20000] Stage B | L=1.6299e+02 (IC=1.969e-02, BC=1.240e-02, PDE=1.900e+05, Qg=2.211e-01, Qz=1.674e-04, Sd=1.993e-02, SQg=9.248e-03, SwB=0.000e+00) | k_frac=4.0415 mD, dp=13.30 MPa | Sw=[0.260,0.459] | 2030.0s
2026-02-21 21:56:32 - M5Trainer - INFO -   [Sw监控] SY9: Sw=[0.2600, 0.3248, 0.4599], krg_min=3.357406e-01
2026-02-21 21:56:32 - M5Trainer - INFO - [Step  9500/20000] Stage B | L=1.7156e+02 (IC=1.181e-02, BC=1.054e-02, PDE=1.777e+05, Qg=2.155e-01, Qz=1.799e-04, Sd=2.333e-02, SQg=8.965e-03, SwB=0.000e+00) | k_frac=4.0318 mD, dp=13.30 MPa | Sw=[0.260,0.459] | 2053.6s
2026-02-21 21:56:32 - M5Trainer - INFO -   [k_frac诊断] grad=-9.7695e-01, k_frac=4.031800 mD
2026-02-21 21:56:56 - M5Trainer - INFO - [Step  9600/20000] Stage C | L=2.5752e+02 (IC=2.053e-02, BC=1.339e-02, PDE=1.806e+05, Qg=2.186e-01, Qz=1.750e-04, Sd=2.250e-02, SQg=9.054e-03, SwB=0.000e+00) | k_frac=4.0238 mD, dp=13.30 MPa | Sw=[0.260,0.444] | 2077.4s
2026-02-21 21:57:20 - M5Trainer - INFO - [Step  9700/20000] Stage C | L=2.0160e+02 (IC=4.906e-02, BC=4.182e-02, PDE=1.892e+05, Qg=2.237e-01, Qz=1.871e-04, Sd=2.211e-02, SQg=8.801e-03, SwB=0.000e+00) | k_frac=4.0228 mD, dp=13.30 MPa | Sw=[0.260,0.454] | 2101.2s
2026-02-21 21:57:44 - M5Trainer - INFO - [Step  9800/20000] Stage C | L=2.0305e+02 (IC=4.367e-02, BC=3.616e-02, PDE=1.801e+05, Qg=2.157e-01, Qz=1.870e-04, Sd=2.492e-02, SQg=8.879e-03, SwB=0.000e+00) | k_frac=4.0233 mD, dp=13.30 MPa | Sw=[0.260,0.459] | 2125.1s
2026-02-21 21:58:07 - M5Trainer - INFO - [Step  9900/20000] Stage C | L=2.7913e+02 (IC=8.874e-03, BC=7.665e-03, PDE=1.751e+05, Qg=2.175e-01, Qz=1.606e-04, Sd=2.059e-02, SQg=9.113e-03, SwB=0.000e+00) | k_frac=4.0227 mD, dp=13.30 MPa | Sw=[0.260,0.459] | 2148.8s
2026-02-21 21:58:31 - M5Trainer - INFO -   [Sw监控] SY9: Sw=[0.2600, 0.3220, 0.4599], krg_min=3.357697e-01
2026-02-21 21:58:31 - M5Trainer - INFO - [Step 10000/20000] Stage C | L=2.3576e+02 (IC=3.255e-02, BC=1.715e-02, PDE=1.682e+05, Qg=2.155e-01, Qz=1.668e-04, Sd=2.005e-02, SQg=8.943e-03, SwB=0.000e+00) | k_frac=4.0226 mD, dp=13.30 MPa | Sw=[0.260,0.459] | 2172.6s
2026-02-21 21:58:31 - M5Trainer - INFO -   [k_frac诊断] grad=-6.9227e-02, k_frac=4.022579 mD
2026-02-21 21:58:55 - M5Trainer - INFO - [Step 10100/20000] Stage C | L=2.7783e+02 (IC=1.282e-02, BC=9.373e-03, PDE=1.674e+05, Qg=2.206e-01, Qz=1.763e-04, Sd=2.156e-02, SQg=9.100e-03, SwB=0.000e+00) | k_frac=4.0239 mD, dp=13.30 MPa | Sw=[0.260,0.457] | 2196.7s
2026-02-21 21:59:19 - M5Trainer - INFO - [Step 10200/20000] Stage C | L=2.6508e+02 (IC=2.293e-02, BC=1.329e-02, PDE=1.736e+05, Qg=2.246e-01, Qz=1.990e-04, Sd=2.052e-02, SQg=8.665e-03, SwB=0.000e+00) | k_frac=4.0185 mD, dp=13.30 MPa | Sw=[0.260,0.460] | 2220.8s
2026-02-21 21:59:43 - M5Trainer - INFO - [Step 10300/20000] Stage C | L=2.9966e+02 (IC=7.159e-03, BC=5.109e-03, PDE=1.693e+05, Qg=2.199e-01, Qz=2.348e-04, Sd=2.053e-02, SQg=9.015e-03, SwB=0.000e+00) | k_frac=4.0173 mD, dp=13.30 MPa | Sw=[0.260,0.456] | 2244.6s
2026-02-21 22:00:07 - M5Trainer - INFO - [Step 10400/20000] Stage C | L=2.9163e+02 (IC=1.070e-02, BC=9.719e-03, PDE=1.738e+05, Qg=2.188e-01, Qz=1.749e-04, Sd=2.060e-02, SQg=9.189e-03, SwB=0.000e+00) | k_frac=4.0156 mD, dp=13.30 MPa | Sw=[0.260,0.455] | 2268.6s
2026-02-21 22:00:31 - M5Trainer - INFO -   [Sw监控] SY9: Sw=[0.2600, 0.3193, 0.4599], krg_min=3.357853e-01
2026-02-21 22:00:31 - M5Trainer - INFO - [Step 10500/20000] Stage C | L=2.2394e+02 (IC=6.016e-02, BC=2.504e-02, PDE=1.606e+05, Qg=2.198e-01, Qz=1.788e-04, Sd=1.881e-02, SQg=8.926e-03, SwB=0.000e+00) | k_frac=4.0164 mD, dp=13.30 MPa | Sw=[0.260,0.457] | 2292.7s
2026-02-21 22:00:31 - M5Trainer - INFO -   [k_frac诊断] grad=-1.3474e+00, k_frac=4.016431 mD
2026-02-21 22:00:56 - M5Trainer - INFO - [Step 10600/20000] Stage C | L=2.5828e+02 (IC=2.565e-02, BC=1.710e-02, PDE=1.669e+05, Qg=2.181e-01, Qz=2.269e-04, Sd=2.078e-02, SQg=9.214e-03, SwB=0.000e+00) | k_frac=4.0176 mD, dp=13.30 MPa | Sw=[0.260,0.458] | 2317.1s
2026-02-21 22:01:20 - M5Trainer - INFO - [Step 10700/20000] Stage C | L=2.6026e+02 (IC=2.410e-02, BC=1.665e-02, PDE=1.646e+05, Qg=2.182e-01, Qz=1.660e-04, Sd=2.007e-02, SQg=9.134e-03, SwB=0.000e+00) | k_frac=4.0174 mD, dp=13.30 MPa | Sw=[0.260,0.436] | 2341.7s
2026-02-21 22:01:45 - M5Trainer - INFO - [Step 10800/20000] Stage C | L=2.7744e+02 (IC=1.201e-02, BC=1.126e-02, PDE=1.623e+05, Qg=2.140e-01, Qz=2.069e-04, Sd=1.872e-02, SQg=9.340e-03, SwB=0.000e+00) | k_frac=4.0177 mD, dp=13.30 MPa | Sw=[0.260,0.448] | 2366.4s
2026-02-21 22:02:10 - M5Trainer - INFO - [Step 10900/20000] Stage C | L=2.5805e+02 (IC=2.223e-02, BC=1.165e-02, PDE=1.569e+05, Qg=2.139e-01, Qz=1.738e-04, Sd=1.885e-02, SQg=9.169e-03, SwB=0.000e+00) | k_frac=4.0185 mD, dp=13.30 MPa | Sw=[0.260,0.449] | 2390.8s
2026-02-21 22:02:34 - M5Trainer - INFO -   [Sw监控] SY9: Sw=[0.2600, 0.3147, 0.4598], krg_min=3.359197e-01
2026-02-21 22:02:34 - M5Trainer - INFO - [Step 11000/20000] Stage C | L=2.4287e+02 (IC=3.688e-02, BC=1.294e-02, PDE=1.481e+05, Qg=2.167e-01, Qz=2.328e-04, Sd=2.197e-02, SQg=8.707e-03, SwB=0.000e+00) | k_frac=4.0137 mD, dp=13.30 MPa | Sw=[0.260,0.453] | 2415.3s
2026-02-21 22:02:34 - M5Trainer - INFO -   [k_frac诊断] grad=-1.2701e+00, k_frac=4.013685 mD
2026-02-21 22:02:59 - M5Trainer - INFO - [Step 11100/20000] Stage C | L=2.8428e+02 (IC=1.200e-02, BC=1.341e-02, PDE=1.494e+05, Qg=2.173e-01, Qz=2.547e-04, Sd=2.069e-02, SQg=9.111e-03, SwB=0.000e+00) | k_frac=4.0141 mD, dp=13.30 MPa | Sw=[0.260,0.457] | 2440.4s
2026-02-21 22:03:24 - M5Trainer - INFO - [Step 11200/20000] Stage C | L=2.6442e+02 (IC=2.243e-02, BC=1.327e-02, PDE=1.511e+05, Qg=2.162e-01, Qz=2.651e-04, Sd=1.546e-02, SQg=9.215e-03, SwB=0.000e+00) | k_frac=4.0100 mD, dp=13.30 MPa | Sw=[0.260,0.455] | 2465.6s
2026-02-21 22:03:49 - M5Trainer - INFO - [Step 11300/20000] Stage C | L=2.4827e+02 (IC=2.143e-02, BC=2.760e-02, PDE=1.514e+05, Qg=2.158e-01, Qz=2.161e-04, Sd=1.900e-02, SQg=9.162e-03, SwB=0.000e+00) | k_frac=4.0119 mD, dp=13.30 MPa | Sw=[0.260,0.449] | 2490.7s
2026-02-21 22:04:14 - M5Trainer - INFO - [Step 11400/20000] Stage C | L=2.8622e+02 (IC=2.269e-02, BC=1.460e-02, PDE=1.516e+05, Qg=2.196e-01, Qz=1.911e-04, Sd=1.763e-02, SQg=8.751e-03, SwB=0.000e+00) | k_frac=4.0066 mD, dp=13.30 MPa | Sw=[0.260,0.456] | 2515.6s
2026-02-21 22:04:39 - M5Trainer - INFO -   [Sw监控] SY9: Sw=[0.2600, 0.3041, 0.4598], krg_min=3.358748e-01
2026-02-21 22:04:39 - M5Trainer - INFO - [Step 11500/20000] Stage C | L=2.7803e+02 (IC=1.603e-02, BC=1.377e-02, PDE=1.435e+05, Qg=2.153e-01, Qz=3.263e-04, Sd=1.844e-02, SQg=8.956e-03, SwB=0.000e+00) | k_frac=4.0072 mD, dp=13.30 MPa | Sw=[0.260,0.459] | 2540.7s
2026-02-21 22:04:39 - M5Trainer - INFO -   [k_frac诊断] grad=-8.9955e-01, k_frac=4.007195 mD
2026-02-21 22:05:05 - M5Trainer - INFO - [Step 11600/20000] Stage C | L=2.8671e+02 (IC=1.008e-02, BC=8.984e-03, PDE=1.398e+05, Qg=2.154e-01, Qz=2.411e-04, Sd=2.122e-02, SQg=9.313e-03, SwB=0.000e+00) | k_frac=4.0091 mD, dp=13.30 MPa | Sw=[0.260,0.453] | 2566.2s
2026-02-21 22:05:30 - M5Trainer - INFO - [Step 11700/20000] Stage C | L=2.8574e+02 (IC=1.423e-02, BC=8.101e-03, PDE=1.390e+05, Qg=2.163e-01, Qz=2.571e-04, Sd=2.079e-02, SQg=9.142e-03, SwB=0.000e+00) | k_frac=4.0086 mD, dp=13.30 MPa | Sw=[0.260,0.459] | 2591.6s
2026-02-21 22:05:56 - M5Trainer - INFO - [Step 11800/20000] Stage C | L=2.7753e+02 (IC=2.020e-02, BC=9.684e-03, PDE=1.351e+05, Qg=2.150e-01, Qz=2.452e-04, Sd=1.779e-02, SQg=9.027e-03, SwB=0.000e+00) | k_frac=4.0055 mD, dp=13.30 MPa | Sw=[0.260,0.456] | 2616.9s
2026-02-21 22:06:21 - M5Trainer - INFO - [Step 11900/20000] Stage C | L=2.7820e+02 (IC=1.527e-02, BC=1.498e-02, PDE=1.458e+05, Qg=2.141e-01, Qz=1.863e-04, Sd=1.700e-02, SQg=8.979e-03, SwB=0.000e+00) | k_frac=4.0037 mD, dp=13.30 MPa | Sw=[0.260,0.460] | 2642.3s
2026-02-21 22:06:46 - M5Trainer - INFO -   [Sw监控] SY9: Sw=[0.2600, 0.3125, 0.4598], krg_min=3.359405e-01
2026-02-21 22:06:46 - M5Trainer - INFO - [Step 12000/20000] Stage C | L=2.8643e+02 (IC=1.716e-02, BC=8.445e-03, PDE=1.389e+05, Qg=2.122e-01, Qz=2.517e-04, Sd=1.866e-02, SQg=8.929e-03, SwB=0.000e+00) | k_frac=4.0035 mD, dp=13.30 MPa | Sw=[0.260,0.428] | 2667.6s
2026-02-21 22:06:46 - M5Trainer - INFO -   [k_frac诊断] grad=8.6992e-01, k_frac=4.003490 mD
2026-02-21 22:07:12 - M5Trainer - INFO - [Step 12100/20000] Stage C | L=2.6119e+02 (IC=1.891e-02, BC=1.888e-02, PDE=1.387e+05, Qg=2.129e-01, Qz=2.516e-04, Sd=1.662e-02, SQg=9.233e-03, SwB=0.000e+00) | k_frac=4.0014 mD, dp=13.30 MPa | Sw=[0.260,0.451] | 2693.5s
2026-02-21 22:07:38 - M5Trainer - INFO - [Step 12200/20000] Stage C | L=2.9796e+02 (IC=1.252e-02, BC=1.427e-02, PDE=1.332e+05, Qg=2.146e-01, Qz=2.221e-04, Sd=1.633e-02, SQg=9.013e-03, SwB=0.000e+00) | k_frac=3.9995 mD, dp=13.30 MPa | Sw=[0.260,0.452] | 2719.3s
2026-02-21 22:08:04 - M5Trainer - INFO - [Step 12300/20000] Stage C | L=2.3318e+02 (IC=2.499e-02, BC=2.806e-02, PDE=1.362e+05, Qg=2.124e-01, Qz=2.273e-04, Sd=2.054e-02, SQg=9.198e-03, SwB=0.000e+00) | k_frac=4.0020 mD, dp=13.30 MPa | Sw=[0.260,0.457] | 2745.1s
2026-02-21 22:08:30 - M5Trainer - INFO - [Step 12400/20000] Stage C | L=2.5085e+02 (IC=2.447e-02, BC=2.075e-02, PDE=1.383e+05, Qg=2.150e-01, Qz=2.761e-04, Sd=1.852e-02, SQg=9.314e-03, SwB=0.000e+00) | k_frac=4.0026 mD, dp=13.30 MPa | Sw=[0.260,0.459] | 2770.9s
2026-02-21 22:08:56 - M5Trainer - INFO -   [Sw监控] SY9: Sw=[0.2600, 0.3130, 0.4598], krg_min=3.359348e-01
2026-02-21 22:08:56 - M5Trainer - INFO - [Step 12500/20000] Stage C | L=2.8919e+02 (IC=1.189e-02, BC=1.367e-02, PDE=1.321e+05, Qg=2.151e-01, Qz=2.322e-04, Sd=1.944e-02, SQg=8.713e-03, SwB=0.000e+00) | k_frac=3.9985 mD, dp=13.30 MPa | Sw=[0.260,0.460] | 2796.9s
2026-02-21 22:08:56 - M5Trainer - INFO -   [k_frac诊断] grad=3.4053e-01, k_frac=3.998520 mD
2026-02-21 22:09:22 - M5Trainer - INFO - [Step 12600/20000] Stage C | L=2.2682e+02 (IC=1.738e-02, BC=1.783e-02, PDE=1.291e+05, Qg=2.106e-01, Qz=2.483e-04, Sd=1.774e-02, SQg=8.990e-03, SwB=0.000e+00) | k_frac=3.9972 mD, dp=13.30 MPa | Sw=[0.260,0.448] | 2823.3s
2026-02-21 22:09:48 - M5Trainer - INFO - [Step 12700/20000] Stage C | L=2.6144e+02 (IC=1.759e-02, BC=1.506e-02, PDE=1.282e+05, Qg=2.133e-01, Qz=2.474e-04, Sd=1.812e-02, SQg=8.996e-03, SwB=0.000e+00) | k_frac=3.9962 mD, dp=13.30 MPa | Sw=[0.260,0.451] | 2849.6s
2026-02-21 22:10:15 - M5Trainer - INFO - [Step 12800/20000] Stage C | L=2.7488e+02 (IC=1.108e-02, BC=1.116e-02, PDE=1.306e+05, Qg=2.137e-01, Qz=2.432e-04, Sd=2.049e-02, SQg=9.168e-03, SwB=0.000e+00) | k_frac=3.9975 mD, dp=13.30 MPa | Sw=[0.260,0.438] | 2875.9s
2026-02-21 22:10:41 - M5Trainer - INFO - [Step 12900/20000] Stage C | L=2.1103e+02 (IC=4.092e-02, BC=3.522e-02, PDE=1.355e+05, Qg=2.114e-01, Qz=2.100e-04, Sd=1.850e-02, SQg=9.004e-03, SwB=0.000e+00) | k_frac=3.9956 mD, dp=13.30 MPa | Sw=[0.260,0.459] | 2902.1s
2026-02-21 22:11:07 - M5Trainer - INFO -   [Sw监控] SY9: Sw=[0.2600, 0.3132, 0.4598], krg_min=3.359268e-01
2026-02-21 22:11:07 - M5Trainer - INFO - [Step 13000/20000] Stage C | L=2.7256e+02 (IC=1.348e-02, BC=1.318e-02, PDE=1.218e+05, Qg=2.148e-01, Qz=2.541e-04, Sd=2.141e-02, SQg=8.805e-03, SwB=0.000e+00) | k_frac=3.9949 mD, dp=13.30 MPa | Sw=[0.260,0.457] | 2928.4s
2026-02-21 22:11:07 - M5Trainer - INFO -   [k_frac诊断] grad=-4.0821e-01, k_frac=3.994938 mD
2026-02-21 22:11:34 - M5Trainer - INFO - [Step 13100/20000] Stage C | L=2.7827e+02 (IC=1.554e-02, BC=1.033e-02, PDE=1.223e+05, Qg=2.116e-01, Qz=2.492e-04, Sd=2.086e-02, SQg=8.879e-03, SwB=0.000e+00) | k_frac=3.9945 mD, dp=13.30 MPa | Sw=[0.260,0.419] | 2955.4s
2026-02-21 22:12:01 - M5Trainer - INFO - [Step 13200/20000] Stage C | L=2.9218e+02 (IC=1.055e-02, BC=1.020e-02, PDE=1.259e+05, Qg=2.147e-01, Qz=2.964e-04, Sd=1.984e-02, SQg=8.692e-03, SwB=0.000e+00) | k_frac=3.9929 mD, dp=13.30 MPa | Sw=[0.260,0.431] | 2982.4s
2026-02-21 22:12:28 - M5Trainer - INFO - [Step 13300/20000] Stage C | L=3.0779e+02 (IC=8.235e-03, BC=8.030e-03, PDE=1.246e+05, Qg=2.130e-01, Qz=2.430e-04, Sd=2.011e-02, SQg=8.978e-03, SwB=0.000e+00) | k_frac=3.9944 mD, dp=13.30 MPa | Sw=[0.260,0.458] | 3009.1s
2026-02-21 22:12:54 - M5Trainer - INFO - [Step 13400/20000] Stage C | L=2.9904e+02 (IC=9.055e-03, BC=9.179e-03, PDE=1.213e+05, Qg=2.121e-01, Qz=2.033e-04, Sd=2.010e-02, SQg=8.909e-03, SwB=0.000e+00) | k_frac=3.9926 mD, dp=13.30 MPa | Sw=[0.260,0.432] | 3035.8s
2026-02-21 22:13:21 - M5Trainer - INFO -   [Sw监控] SY9: Sw=[0.2600, 0.3152, 0.4598], krg_min=3.359237e-01
2026-02-21 22:13:21 - M5Trainer - INFO - [Step 13500/20000] Stage C | L=3.0443e+02 (IC=7.709e-03, BC=6.832e-03, PDE=1.150e+05, Qg=2.096e-01, Qz=2.146e-04, Sd=2.084e-02, SQg=8.757e-03, SwB=0.000e+00) | k_frac=3.9910 mD, dp=13.30 MPa | Sw=[0.260,0.420] | 3062.7s
2026-02-21 22:13:21 - M5Trainer - INFO -   [k_frac诊断] grad=-7.8279e-01, k_frac=3.991001 mD
2026-02-21 22:13:49 - M5Trainer - INFO - [Step 13600/20000] Stage C | L=2.7438e+02 (IC=8.650e-03, BC=1.291e-02, PDE=1.148e+05, Qg=2.104e-01, Qz=2.064e-04, Sd=2.081e-02, SQg=8.952e-03, SwB=0.000e+00) | k_frac=3.9924 mD, dp=13.30 MPa | Sw=[0.260,0.448] | 3090.2s
2026-02-21 22:14:16 - M5Trainer - INFO - [Step 13700/20000] Stage C | L=2.8483e+02 (IC=1.635e-02, BC=9.705e-03, PDE=1.141e+05, Qg=2.122e-01, Qz=1.925e-04, Sd=2.125e-02, SQg=8.899e-03, SwB=0.000e+00) | k_frac=3.9917 mD, dp=13.30 MPa | Sw=[0.260,0.456] | 3117.5s
2026-02-21 22:14:43 - M5Trainer - INFO - [Step 13800/20000] Stage C | L=2.7634e+02 (IC=1.964e-02, BC=1.316e-02, PDE=1.136e+05, Qg=2.142e-01, Qz=1.826e-04, Sd=2.021e-02, SQg=8.916e-03, SwB=0.000e+00) | k_frac=3.9908 mD, dp=13.30 MPa | Sw=[0.260,0.442] | 3144.8s
2026-02-21 22:15:11 - M5Trainer - INFO - [Step 13900/20000] Stage C | L=3.0173e+02 (IC=9.834e-03, BC=8.954e-03, PDE=1.170e+05, Qg=2.133e-01, Qz=2.155e-04, Sd=2.086e-02, SQg=8.847e-03, SwB=0.000e+00) | k_frac=3.9913 mD, dp=13.30 MPa | Sw=[0.260,0.456] | 3171.9s
2026-02-21 22:15:38 - M5Trainer - INFO -   [Sw监控] SY9: Sw=[0.2600, 0.3255, 0.4598], krg_min=3.359087e-01
2026-02-21 22:15:38 - M5Trainer - INFO - [Step 14000/20000] Stage C | L=2.9712e+02 (IC=1.130e-02, BC=1.036e-02, PDE=1.114e+05, Qg=2.147e-01, Qz=1.751e-04, Sd=2.261e-02, SQg=8.874e-03, SwB=0.000e+00) | k_frac=3.9922 mD, dp=13.30 MPa | Sw=[0.260,0.458] | 3199.3s
2026-02-21 22:15:38 - M5Trainer - INFO -   [k_frac诊断] grad=1.3380e+00, k_frac=3.992209 mD
2026-02-21 22:16:06 - M5Trainer - INFO - [Step 14100/20000] Stage C | L=2.9862e+02 (IC=1.166e-02, BC=1.047e-02, PDE=1.086e+05, Qg=2.132e-01, Qz=1.801e-04, Sd=2.000e-02, SQg=8.914e-03, SwB=0.000e+00) | k_frac=3.9897 mD, dp=13.30 MPa | Sw=[0.260,0.458] | 3227.0s
2026-02-21 22:16:33 - M5Trainer - INFO - [Step 14200/20000] Stage C | L=2.9381e+02 (IC=9.246e-03, BC=1.030e-02, PDE=1.056e+05, Qg=2.106e-01, Qz=2.120e-04, Sd=2.094e-02, SQg=9.116e-03, SwB=0.000e+00) | k_frac=3.9912 mD, dp=13.30 MPa | Sw=[0.260,0.456] | 3254.8s
2026-02-21 22:17:01 - M5Trainer - INFO - [Step 14300/20000] Stage C | L=2.3659e+02 (IC=2.769e-02, BC=1.722e-02, PDE=1.073e+05, Qg=2.105e-01, Qz=1.912e-04, Sd=2.173e-02, SQg=8.777e-03, SwB=0.000e+00) | k_frac=3.9904 mD, dp=13.30 MPa | Sw=[0.260,0.456] | 3282.6s
2026-02-21 22:17:29 - M5Trainer - INFO - [Step 14400/20000] Stage C | L=3.2240e+02 (IC=6.070e-03, BC=6.557e-03, PDE=1.100e+05, Qg=2.110e-01, Qz=2.140e-04, Sd=2.026e-02, SQg=8.807e-03, SwB=0.000e+00) | k_frac=3.9894 mD, dp=13.30 MPa | Sw=[0.260,0.455] | 3310.4s
2026-02-21 22:17:57 - M5Trainer - INFO -   [Sw监控] SY9: Sw=[0.2600, 0.3174, 0.4596], krg_min=3.361200e-01
2026-02-21 22:17:57 - M5Trainer - INFO - [Step 14500/20000] Stage C | L=2.7667e+02 (IC=1.520e-02, BC=1.133e-02, PDE=1.076e+05, Qg=2.106e-01, Qz=2.020e-04, Sd=1.981e-02, SQg=8.912e-03, SwB=0.000e+00) | k_frac=3.9885 mD, dp=13.30 MPa | Sw=[0.260,0.459] | 3338.3s
2026-02-21 22:17:57 - M5Trainer - INFO -   [k_frac诊断] grad=1.6760e+00, k_frac=3.988534 mD
2026-02-21 22:18:25 - M5Trainer - INFO - [Step 14600/20000] Stage C | L=2.2465e+02 (IC=3.393e-02, BC=2.617e-02, PDE=1.066e+05, Qg=2.112e-01, Qz=1.954e-04, Sd=2.290e-02, SQg=8.956e-03, SwB=0.000e+00) | k_frac=3.9905 mD, dp=13.30 MPa | Sw=[0.260,0.452] | 3366.5s
2026-02-21 22:18:53 - M5Trainer - INFO - [Step 14700/20000] Stage C | L=3.0023e+02 (IC=6.289e-03, BC=6.687e-03, PDE=1.075e+05, Qg=2.099e-01, Qz=1.913e-04, Sd=2.082e-02, SQg=8.939e-03, SwB=0.000e+00) | k_frac=3.9882 mD, dp=13.30 MPa | Sw=[0.260,0.452] | 3394.6s
2026-02-21 22:19:21 - M5Trainer - INFO - [Step 14800/20000] Stage C | L=2.8393e+02 (IC=1.707e-02, BC=9.817e-03, PDE=1.022e+05, Qg=2.125e-01, Qz=2.020e-04, Sd=2.124e-02, SQg=8.721e-03, SwB=0.000e+00) | k_frac=3.9874 mD, dp=13.30 MPa | Sw=[0.260,0.455] | 3422.8s
2026-02-21 22:19:50 - M5Trainer - INFO - [Step 14900/20000] Stage C | L=2.6629e+02 (IC=1.987e-02, BC=1.186e-02, PDE=1.038e+05, Qg=2.106e-01, Qz=2.071e-04, Sd=2.264e-02, SQg=8.769e-03, SwB=0.000e+00) | k_frac=3.9877 mD, dp=13.30 MPa | Sw=[0.260,0.449] | 3451.0s
2026-02-21 22:20:18 - M5Trainer - INFO -   [Sw监控] SY9: Sw=[0.2600, 0.3162, 0.4597], krg_min=3.360208e-01
2026-02-21 22:20:18 - M5Trainer - INFO - [Step 15000/20000] Stage C | L=2.9967e+02 (IC=1.070e-02, BC=7.553e-03, PDE=1.029e+05, Qg=2.113e-01, Qz=2.201e-04, Sd=2.321e-02, SQg=8.838e-03, SwB=0.000e+00) | k_frac=3.9886 mD, dp=13.30 MPa | Sw=[0.260,0.453] | 3479.1s
2026-02-21 22:20:18 - M5Trainer - INFO -   [k_frac诊断] grad=2.6716e-01, k_frac=3.988565 mD
2026-02-21 22:20:46 - M5Trainer - INFO - [Step 15100/20000] Stage C | L=2.8771e+02 (IC=1.169e-02, BC=1.145e-02, PDE=1.022e+05, Qg=2.111e-01, Qz=2.191e-04, Sd=2.363e-02, SQg=8.873e-03, SwB=0.000e+00) | k_frac=3.9874 mD, dp=13.30 MPa | Sw=[0.260,0.452] | 3507.6s
2026-02-21 22:21:15 - M5Trainer - INFO - [Step 15200/20000] Stage C | L=2.9827e+02 (IC=9.177e-03, BC=9.120e-03, PDE=9.926e+04, Qg=2.091e-01, Qz=1.916e-04, Sd=2.251e-02, SQg=9.026e-03, SwB=0.000e+00) | k_frac=3.9865 mD, dp=13.30 MPa | Sw=[0.260,0.452] | 3536.1s
2026-02-21 22:21:43 - M5Trainer - INFO - [Step 15300/20000] Stage C | L=3.1128e+02 (IC=6.051e-03, BC=6.368e-03, PDE=9.980e+04, Qg=2.089e-01, Qz=2.175e-04, Sd=2.379e-02, SQg=8.784e-03, SwB=0.000e+00) | k_frac=3.9868 mD, dp=13.30 MPa | Sw=[0.260,0.432] | 3564.8s
2026-02-21 22:22:12 - M5Trainer - INFO - [Step 15400/20000] Stage C | L=3.1464e+02 (IC=7.964e-03, BC=9.272e-03, PDE=9.718e+04, Qg=2.129e-01, Qz=2.200e-04, Sd=2.117e-02, SQg=8.937e-03, SwB=0.000e+00) | k_frac=3.9840 mD, dp=13.30 MPa | Sw=[0.260,0.435] | 3593.5s
2026-02-21 22:22:41 - M5Trainer - INFO -   [Sw监控] SY9: Sw=[0.2600, 0.3169, 0.4597], krg_min=3.359599e-01
2026-02-21 22:22:41 - M5Trainer - INFO - [Step 15500/20000] Stage C | L=3.0722e+02 (IC=8.674e-03, BC=7.495e-03, PDE=9.725e+04, Qg=2.118e-01, Qz=1.973e-04, Sd=2.298e-02, SQg=8.802e-03, SwB=0.000e+00) | k_frac=3.9859 mD, dp=13.30 MPa | Sw=[0.260,0.430] | 3622.0s
2026-02-21 22:22:41 - M5Trainer - INFO -   [k_frac诊断] grad=-1.4670e+00, k_frac=3.985853 mD
2026-02-21 22:23:10 - M5Trainer - INFO - [Step 15600/20000] Stage D | L=5.6659e+02 (IC=8.492e-03, BC=8.005e-03, PDE=9.535e+04, Qg=2.105e-01, Qz=2.383e-04, Sd=2.272e-02, SQg=8.697e-03, SwB=0.000e+00) | k_frac=3.9841 mD, dp=13.30 MPa | Sw=[0.260,0.454] | 3651.1s
2026-02-21 22:23:39 - M5Trainer - INFO - [Step 15700/20000] Stage D | L=5.4620e+02 (IC=8.586e-03, BC=8.223e-03, PDE=9.933e+04, Qg=2.067e-01, Qz=2.472e-04, Sd=2.233e-02, SQg=8.864e-03, SwB=0.000e+00) | k_frac=3.9844 mD, dp=13.30 MPa | Sw=[0.260,0.458] | 3679.9s
2026-02-21 22:24:08 - M5Trainer - INFO - [Step 15800/20000] Stage D | L=5.3426e+02 (IC=8.736e-03, BC=8.857e-03, PDE=9.681e+04, Qg=2.063e-01, Qz=2.474e-04, Sd=2.279e-02, SQg=8.933e-03, SwB=0.000e+00) | k_frac=3.9850 mD, dp=13.30 MPa | Sw=[0.260,0.451] | 3709.0s
2026-02-21 22:24:37 - M5Trainer - INFO - [Step 15900/20000] Stage D | L=5.1078e+02 (IC=1.085e-02, BC=1.108e-02, PDE=9.681e+04, Qg=2.070e-01, Qz=2.558e-04, Sd=2.326e-02, SQg=8.748e-03, SwB=0.000e+00) | k_frac=3.9852 mD, dp=13.30 MPa | Sw=[0.260,0.438] | 3738.2s
2026-02-21 22:25:08 - M5Trainer - INFO -   [Sw监控] SY9: Sw=[0.2600, 0.3139, 0.4598], krg_min=3.359544e-01
2026-02-21 22:25:08 - M5Trainer - INFO -   [best更新] val_score=9.4608 (step 16000)
2026-02-21 22:25:08 - M5Trainer - INFO - [Step 16000/20000] Stage D | L=5.0949e+02 (IC=1.497e-02, BC=6.889e-03, PDE=9.330e+04, Qg=2.068e-01, Qz=2.702e-04, Sd=2.369e-02, SQg=8.795e-03, SwB=0.000e+00) | k_frac=3.9852 mD, dp=13.30 MPa | Sw=[0.260,0.452] | 3769.5s
2026-02-21 22:25:08 - M5Trainer - INFO -   [k_frac诊断] grad=1.5143e+00, k_frac=3.985240 mD
2026-02-21 22:25:38 - M5Trainer - INFO - [Step 16100/20000] Stage D | L=5.3896e+02 (IC=7.798e-03, BC=7.153e-03, PDE=9.351e+04, Qg=2.058e-01, Qz=2.605e-04, Sd=2.399e-02, SQg=8.786e-03, SwB=0.000e+00) | k_frac=3.9849 mD, dp=13.30 MPa | Sw=[0.260,0.445] | 3799.1s
2026-02-21 22:26:07 - M5Trainer - INFO - [Step 16200/20000] Stage D | L=5.1490e+02 (IC=9.233e-03, BC=9.161e-03, PDE=8.798e+04, Qg=2.057e-01, Qz=2.417e-04, Sd=2.421e-02, SQg=8.818e-03, SwB=0.000e+00) | k_frac=3.9848 mD, dp=13.30 MPa | Sw=[0.260,0.457] | 3828.7s
2026-02-21 22:26:37 - M5Trainer - INFO - [Step 16300/20000] Stage D | L=4.8427e+02 (IC=1.658e-02, BC=8.926e-03, PDE=9.285e+04, Qg=2.060e-01, Qz=2.816e-04, Sd=2.509e-02, SQg=8.578e-03, SwB=0.000e+00) | k_frac=3.9851 mD, dp=13.30 MPa | Sw=[0.260,0.429] | 3858.4s
2026-02-21 22:27:07 - M5Trainer - INFO - [Step 16400/20000] Stage D | L=5.2820e+02 (IC=8.388e-03, BC=7.878e-03, PDE=9.244e+04, Qg=2.055e-01, Qz=2.846e-04, Sd=2.513e-02, SQg=8.626e-03, SwB=0.000e+00) | k_frac=3.9850 mD, dp=13.30 MPa | Sw=[0.260,0.427] | 3888.0s
2026-02-21 22:27:36 - M5Trainer - INFO -   [Sw监控] SY9: Sw=[0.2600, 0.3136, 0.4598], krg_min=3.359317e-01
2026-02-21 22:27:36 - M5Trainer - INFO - [Step 16500/20000] Stage D | L=4.9130e+02 (IC=1.464e-02, BC=7.868e-03, PDE=8.739e+04, Qg=2.052e-01, Qz=2.769e-04, Sd=2.524e-02, SQg=8.896e-03, SwB=0.000e+00) | k_frac=3.9852 mD, dp=13.30 MPa | Sw=[0.260,0.449] | 3917.6s
2026-02-21 22:27:36 - M5Trainer - INFO -   [k_frac诊断] grad=7.2563e-01, k_frac=3.985156 mD
2026-02-21 22:28:06 - M5Trainer - INFO - [Step 16600/20000] Stage D | L=4.7866e+02 (IC=1.593e-02, BC=9.017e-03, PDE=8.612e+04, Qg=2.052e-01, Qz=2.786e-04, Sd=2.562e-02, SQg=8.763e-03, SwB=0.000e+00) | k_frac=3.9850 mD, dp=13.30 MPa | Sw=[0.260,0.428] | 3947.6s
2026-02-21 22:28:36 - M5Trainer - INFO - [Step 16700/20000] Stage D | L=5.2581e+02 (IC=6.778e-03, BC=8.152e-03, PDE=8.648e+04, Qg=2.055e-01, Qz=2.751e-04, Sd=2.642e-02, SQg=8.994e-03, SwB=0.000e+00) | k_frac=3.9853 mD, dp=13.30 MPa | Sw=[0.260,0.440] | 3977.6s
2026-02-21 22:29:06 - M5Trainer - INFO - [Step 16800/20000] Stage D | L=5.2165e+02 (IC=7.571e-03, BC=7.504e-03, PDE=8.719e+04, Qg=2.053e-01, Qz=2.762e-04, Sd=2.689e-02, SQg=8.959e-03, SwB=0.000e+00) | k_frac=3.9854 mD, dp=13.30 MPa | Sw=[0.260,0.417] | 4007.6s
2026-02-21 22:29:36 - M5Trainer - INFO - [Step 16900/20000] Stage D | L=5.0894e+02 (IC=8.237e-03, BC=8.672e-03, PDE=8.566e+04, Qg=2.053e-01, Qz=2.848e-04, Sd=2.683e-02, SQg=8.803e-03, SwB=0.000e+00) | k_frac=3.9854 mD, dp=13.30 MPa | Sw=[0.260,0.443] | 4037.5s
2026-02-21 22:30:06 - M5Trainer - INFO -   [Sw监控] SY9: Sw=[0.2600, 0.3147, 0.4598], krg_min=3.359269e-01
2026-02-21 22:30:06 - M5Trainer - INFO -   [best更新] val_score=8.5189 (step 17000)
2026-02-21 22:30:06 - M5Trainer - INFO - [Step 17000/20000] Stage D | L=5.0668e+02 (IC=9.147e-03, BC=8.846e-03, PDE=8.291e+04, Qg=2.050e-01, Qz=2.628e-04, Sd=2.633e-02, SQg=8.779e-03, SwB=0.000e+00) | k_frac=3.9850 mD, dp=13.30 MPa | Sw=[0.260,0.445] | 4067.5s
2026-02-21 22:30:06 - M5Trainer - INFO -   [k_frac诊断] grad=4.8435e-01, k_frac=3.985002 mD
2026-02-21 22:30:37 - M5Trainer - INFO - [Step 17100/20000] Stage D | L=5.1066e+02 (IC=7.712e-03, BC=8.772e-03, PDE=8.244e+04, Qg=2.060e-01, Qz=2.777e-04, Sd=2.673e-02, SQg=8.713e-03, SwB=0.000e+00) | k_frac=3.9848 mD, dp=13.30 MPa | Sw=[0.260,0.386] | 4097.9s
2026-02-21 22:31:11 - M5Trainer - INFO - [Step 17200/20000] Stage D | L=4.9433e+02 (IC=9.460e-03, BC=9.481e-03, PDE=8.405e+04, Qg=2.054e-01, Qz=2.679e-04, Sd=2.687e-02, SQg=8.972e-03, SwB=0.000e+00) | k_frac=3.9851 mD, dp=13.30 MPa | Sw=[0.260,0.445] | 4132.6s
2026-02-21 22:31:46 - M5Trainer - INFO - [Step 17300/20000] Stage D | L=5.1660e+02 (IC=9.366e-03, BC=6.858e-03, PDE=8.232e+04, Qg=2.054e-01, Qz=2.867e-04, Sd=2.735e-02, SQg=8.966e-03, SwB=0.000e+00) | k_frac=3.9852 mD, dp=13.30 MPa | Sw=[0.260,0.459] | 4167.0s
2026-02-21 22:32:21 - M5Trainer - INFO - [Step 17400/20000] Stage D | L=5.2735e+02 (IC=6.574e-03, BC=7.315e-03, PDE=8.377e+04, Qg=2.051e-01, Qz=2.752e-04, Sd=2.718e-02, SQg=8.966e-03, SwB=0.000e+00) | k_frac=3.9849 mD, dp=13.30 MPa | Sw=[0.260,0.437] | 4202.2s
2026-02-21 22:32:53 - M5Trainer - INFO -   [Sw监控] SY9: Sw=[0.2600, 0.3134, 0.4598], krg_min=3.359414e-01
2026-02-21 22:32:53 - M5Trainer - INFO - [Step 17500/20000] Stage D | L=4.9311e+02 (IC=1.125e-02, BC=8.488e-03, PDE=8.162e+04, Qg=2.047e-01, Qz=2.861e-04, Sd=2.738e-02, SQg=8.962e-03, SwB=0.000e+00) | k_frac=3.9850 mD, dp=13.30 MPa | Sw=[0.260,0.452] | 4234.6s
2026-02-21 22:32:53 - M5Trainer - INFO -   [k_frac诊断] grad=1.0000e+00, k_frac=3.985020 mD
2026-02-21 22:33:25 - M5Trainer - INFO - [Step 17600/20000] Stage D | L=5.0107e+02 (IC=8.184e-03, BC=8.964e-03, PDE=7.990e+04, Qg=2.046e-01, Qz=2.774e-04, Sd=2.763e-02, SQg=8.955e-03, SwB=0.000e+00) | k_frac=3.9851 mD, dp=13.30 MPa | Sw=[0.260,0.437] | 4266.6s
2026-02-21 22:33:57 - M5Trainer - INFO - [Step 17700/20000] Stage D | L=5.0869e+02 (IC=7.432e-03, BC=8.168e-03, PDE=7.918e+04, Qg=2.040e-01, Qz=2.874e-04, Sd=2.766e-02, SQg=8.958e-03, SwB=0.000e+00) | k_frac=3.9851 mD, dp=13.30 MPa | Sw=[0.260,0.413] | 4298.7s
2026-02-21 22:34:29 - M5Trainer - INFO - [Step 17800/20000] Stage D | L=5.1656e+02 (IC=7.189e-03, BC=7.037e-03, PDE=8.055e+04, Qg=2.041e-01, Qz=2.844e-04, Sd=2.777e-02, SQg=8.986e-03, SwB=0.000e+00) | k_frac=3.9852 mD, dp=13.30 MPa | Sw=[0.260,0.443] | 4330.7s
2026-02-21 22:35:01 - M5Trainer - INFO - [Step 17900/20000] Stage D | L=4.9097e+02 (IC=9.379e-03, BC=8.527e-03, PDE=7.963e+04, Qg=2.039e-01, Qz=2.864e-04, Sd=2.782e-02, SQg=8.800e-03, SwB=0.000e+00) | k_frac=3.9852 mD, dp=13.30 MPa | Sw=[0.260,0.426] | 4362.7s
2026-02-21 22:35:33 - M5Trainer - INFO -   [Sw监控] SY9: Sw=[0.2600, 0.3135, 0.4598], krg_min=3.359561e-01
2026-02-21 22:35:33 - M5Trainer - INFO - [Step 18000/20000] Stage D | L=4.7956e+02 (IC=1.093e-02, BC=9.206e-03, PDE=7.414e+04, Qg=2.038e-01, Qz=2.936e-04, Sd=2.790e-02, SQg=8.748e-03, SwB=0.000e+00) | k_frac=3.9852 mD, dp=13.30 MPa | Sw=[0.260,0.435] | 4394.8s
2026-02-21 22:35:33 - M5Trainer - INFO -   [k_frac诊断] grad=-6.5171e-01, k_frac=3.985184 mD
2026-02-21 22:36:07 - M5Trainer - INFO - [Step 18100/20000] Stage D | L=4.9381e+02 (IC=9.048e-03, BC=8.472e-03, PDE=7.799e+04, Qg=2.038e-01, Qz=2.882e-04, Sd=2.797e-02, SQg=8.688e-03, SwB=0.000e+00) | k_frac=3.9852 mD, dp=13.30 MPa | Sw=[0.260,0.452] | 4428.8s
2026-02-21 22:36:45 - M5Trainer - INFO - [Step 18200/20000] Stage D | L=5.0457e+02 (IC=8.126e-03, BC=7.283e-03, PDE=7.707e+04, Qg=2.039e-01, Qz=2.909e-04, Sd=2.789e-02, SQg=8.807e-03, SwB=0.000e+00) | k_frac=3.9851 mD, dp=13.30 MPa | Sw=[0.260,0.452] | 4466.3s
2026-02-21 22:37:17 - M5Trainer - INFO - [Step 18300/20000] Stage D | L=5.0654e+02 (IC=7.780e-03, BC=6.809e-03, PDE=7.744e+04, Qg=2.035e-01, Qz=2.852e-04, Sd=2.799e-02, SQg=8.714e-03, SwB=0.000e+00) | k_frac=3.9851 mD, dp=13.30 MPa | Sw=[0.260,0.450] | 4497.9s
2026-02-21 22:37:48 - M5Trainer - INFO - [Step 18400/20000] Stage D | L=5.0666e+02 (IC=7.154e-03, BC=7.172e-03, PDE=7.935e+04, Qg=2.033e-01, Qz=2.880e-04, Sd=2.808e-02, SQg=8.705e-03, SwB=0.000e+00) | k_frac=3.9852 mD, dp=13.30 MPa | Sw=[0.260,0.446] | 4529.4s
2026-02-21 22:38:19 - M5Trainer - INFO -   [Sw监控] SY9: Sw=[0.2600, 0.3137, 0.4597], krg_min=3.359573e-01
2026-02-21 22:38:19 - M5Trainer - INFO - [Step 18500/20000] Stage D | L=4.9219e+02 (IC=8.904e-03, BC=7.971e-03, PDE=7.257e+04, Qg=2.032e-01, Qz=2.922e-04, Sd=2.809e-02, SQg=8.739e-03, SwB=0.000e+00) | k_frac=3.9852 mD, dp=13.30 MPa | Sw=[0.260,0.454] | 4560.7s
2026-02-21 22:38:19 - M5Trainer - INFO -   [k_frac诊断] grad=-1.4354e+00, k_frac=3.985222 mD
2026-02-21 22:38:51 - M5Trainer - INFO - [Step 18600/20000] Stage D | L=4.8249e+02 (IC=1.076e-02, BC=7.520e-03, PDE=7.313e+04, Qg=2.030e-01, Qz=2.911e-04, Sd=2.811e-02, SQg=8.756e-03, SwB=0.000e+00) | k_frac=3.9853 mD, dp=13.30 MPa | Sw=[0.260,0.457] | 4592.1s
2026-02-21 22:39:23 - M5Trainer - INFO - [Step 18700/20000] Stage D | L=4.6916e+02 (IC=1.040e-02, BC=9.826e-03, PDE=7.380e+04, Qg=2.029e-01, Qz=2.911e-04, Sd=2.814e-02, SQg=8.753e-03, SwB=0.000e+00) | k_frac=3.9853 mD, dp=13.30 MPa | Sw=[0.260,0.455] | 4624.0s
2026-02-21 22:39:55 - M5Trainer - INFO - [Step 18800/20000] Stage D | L=4.7928e+02 (IC=1.055e-02, BC=8.231e-03, PDE=7.388e+04, Qg=2.027e-01, Qz=2.939e-04, Sd=2.817e-02, SQg=8.674e-03, SwB=0.000e+00) | k_frac=3.9853 mD, dp=13.30 MPa | Sw=[0.260,0.450] | 4656.6s
2026-02-21 22:40:31 - M5Trainer - INFO - [Step 18900/20000] Stage D | L=4.9630e+02 (IC=6.828e-03, BC=8.285e-03, PDE=7.369e+04, Qg=2.026e-01, Qz=2.929e-04, Sd=2.817e-02, SQg=8.803e-03, SwB=0.000e+00) | k_frac=3.9853 mD, dp=13.30 MPa | Sw=[0.260,0.449] | 4692.2s
2026-02-21 22:41:04 - M5Trainer - INFO -   [Sw监控] SY9: Sw=[0.2600, 0.3137, 0.4598], krg_min=3.359531e-01
2026-02-21 22:41:04 - M5Trainer - INFO - [Step 19000/20000] Stage D | L=4.8563e+02 (IC=9.126e-03, BC=8.008e-03, PDE=7.016e+04, Qg=2.025e-01, Qz=2.922e-04, Sd=2.819e-02, SQg=8.752e-03, SwB=0.000e+00) | k_frac=3.9853 mD, dp=13.30 MPa | Sw=[0.260,0.446] | 4725.4s
2026-02-21 22:41:04 - M5Trainer - INFO -   [k_frac诊断] grad=3.9688e-01, k_frac=3.985319 mD
2026-02-21 22:41:38 - M5Trainer - INFO - [Step 19100/20000] Stage D | L=4.8754e+02 (IC=9.250e-03, BC=7.053e-03, PDE=7.135e+04, Qg=2.024e-01, Qz=2.920e-04, Sd=2.819e-02, SQg=8.762e-03, SwB=0.000e+00) | k_frac=3.9853 mD, dp=13.30 MPa | Sw=[0.260,0.411] | 4759.2s
2026-02-21 22:42:12 - M5Trainer - INFO - [Step 19200/20000] Stage D | L=4.8506e+02 (IC=8.510e-03, BC=8.103e-03, PDE=7.046e+04, Qg=2.023e-01, Qz=2.930e-04, Sd=2.819e-02, SQg=8.725e-03, SwB=0.000e+00) | k_frac=3.9853 mD, dp=13.30 MPa | Sw=[0.260,0.446] | 4792.9s
2026-02-21 22:42:45 - M5Trainer - INFO - [Step 19300/20000] Stage D | L=4.8613e+02 (IC=8.027e-03, BC=8.247e-03, PDE=7.263e+04, Qg=2.023e-01, Qz=2.930e-04, Sd=2.820e-02, SQg=8.720e-03, SwB=0.000e+00) | k_frac=3.9853 mD, dp=13.30 MPa | Sw=[0.260,0.457] | 4826.6s
2026-02-21 22:43:19 - M5Trainer - INFO - [Step 19400/20000] Stage D | L=4.7993e+02 (IC=7.753e-03, BC=9.303e-03, PDE=6.970e+04, Qg=2.019e-01, Qz=2.925e-04, Sd=2.820e-02, SQg=8.758e-03, SwB=0.000e+00) | k_frac=3.9853 mD, dp=13.30 MPa | Sw=[0.260,0.458] | 4860.3s
2026-02-21 22:43:53 - M5Trainer - INFO -   [Sw监控] SY9: Sw=[0.2600, 0.3137, 0.4598], krg_min=3.359543e-01
2026-02-21 22:43:53 - M5Trainer - INFO - [Step 19500/20000] Stage D | L=4.7791e+02 (IC=8.294e-03, BC=9.394e-03, PDE=6.813e+04, Qg=2.020e-01, Qz=2.924e-04, Sd=2.820e-02, SQg=8.764e-03, SwB=0.000e+00) | k_frac=3.9853 mD, dp=13.30 MPa | Sw=[0.260,0.425] | 4894.2s
2026-02-21 22:43:53 - M5Trainer - INFO -   [k_frac诊断] grad=-1.4009e+00, k_frac=3.985324 mD
2026-02-21 22:44:27 - M5Trainer - INFO - [Step 19600/20000] Stage D | L=4.4183e+02 (IC=1.529e-02, BC=9.640e-03, PDE=6.823e+04, Qg=2.019e-01, Qz=2.922e-04, Sd=2.820e-02, SQg=8.770e-03, SwB=0.000e+00) | k_frac=3.9853 mD, dp=13.30 MPa | Sw=[0.260,0.449] | 4928.5s
2026-02-21 22:45:01 - M5Trainer - INFO - [Step 19700/20000] Stage D | L=4.8493e+02 (IC=7.606e-03, BC=8.435e-03, PDE=6.602e+04, Qg=2.019e-01, Qz=2.923e-04, Sd=2.820e-02, SQg=8.775e-03, SwB=0.000e+00) | k_frac=3.9853 mD, dp=13.30 MPa | Sw=[0.260,0.414] | 4962.7s
2026-02-21 22:45:36 - M5Trainer - INFO - [Step 19800/20000] Stage D | L=5.0674e+02 (IC=6.646e-03, BC=5.807e-03, PDE=6.769e+04, Qg=2.018e-01, Qz=2.923e-04, Sd=2.820e-02, SQg=8.768e-03, SwB=0.000e+00) | k_frac=3.9853 mD, dp=13.30 MPa | Sw=[0.260,0.457] | 4996.9s
2026-02-21 22:46:10 - M5Trainer - INFO - [Step 19900/20000] Stage D | L=4.9181e+02 (IC=8.089e-03, BC=6.988e-03, PDE=6.754e+04, Qg=2.019e-01, Qz=2.923e-04, Sd=2.820e-02, SQg=8.766e-03, SwB=0.000e+00) | k_frac=3.9853 mD, dp=13.30 MPa | Sw=[0.260,0.450] | 5031.1s
2026-02-21 22:46:44 - M5Trainer - INFO - [Step 19999/20000] Stage D | L=5.0362e+02 (IC=7.301e-03, BC=8.454e-03, PDE=6.555e+04, Qg=2.019e-01, Qz=2.923e-04, Sd=2.820e-02, SQg=8.756e-03, SwB=0.000e+00) | k_frac=3.9853 mD, dp=13.30 MPa | Sw=[0.260,0.433] | 5065.1s
2026-02-21 22:46:44 - M5Trainer - INFO - 
M5 训练完成! 耗时: 5065.1s, 最佳验证分数(val_score): 8.3651
2026-02-21 22:46:44 - M5Trainer - INFO - 配置快照已保存: C:\Users\16281\Desktop\cpedc_project\outputs\mk_pinn_dt_v2\resolved_config_m5.json
2026-02-21 22:46:44 - M5Trainer - INFO - 反演参数审计: C:\Users\16281\Desktop\cpedc_project\outputs\mk_pinn_dt_v2\reports\M5_inversion_params.json
2026-02-21 22:46:44 - M5Trainer - INFO -   history 已恢复 (18801 步)
2026-02-21 22:46:44 - M5Trainer - INFO -   best_step=18800
2026-02-21 22:46:44 - M5Trainer - INFO - 已加载 M5 检查点: C:\Users\16281\Desktop\cpedc_project\outputs\mk_pinn_dt_v2\ckpt\m5_pinn_best.pt
2026-02-21 22:46:44 - M5Trainer - INFO -   history 已恢复 (20000 步)
2026-02-21 22:46:44 - M5Trainer - INFO - 已加载 M5 检查点: C:\Users\16281\Desktop\cpedc_project\outputs\mk_pinn_dt_v2\ckpt\m5_pinn_final.pt
2026-02-21 22:46:44 - M5Trainer - INFO -   history 已恢复 (20000 步)
2026-02-21 22:46:44 - M5Trainer - INFO - 已加载 M5 检查点: C:\Users\16281\Desktop\cpedc_project\outputs\mk_pinn_dt_v2\ckpt\m5_pinn_final.pt
2026-02-21 22:46:44 - M5Trainer - INFO - generate_report: 自动择优采用 final checkpoint, qg_score=10.4762
2026-02-21 22:46:44 - M5Trainer - INFO - 反演参数审计: C:\Users\16281\Desktop\cpedc_project\outputs\mk_pinn_dt_v2\reports\M5_inversion_params.json
2026-02-21 22:46:45 - M5Trainer - INFO - qg 对比图已保存: C:\Users\16281\Desktop\cpedc_project\outputs\mk_pinn_dt_v2\figs\M5_qg_comparison_SY9.png
2026-02-21 22:46:45 - M5Trainer - INFO - p_wf 反演图已保存: C:\Users\16281\Desktop\cpedc_project\outputs\mk_pinn_dt_v2\figs\M5_pwf_inversion_SY9.png
2026-02-21 22:46:48 - M5Trainer - INFO - 训练曲线图已保存: C:\Users\16281\Desktop\cpedc_project\outputs\mk_pinn_dt_v2\figs\M5_training_history.png
2026-02-21 22:46:48 - M5Trainer - INFO - 残差热力图已保存: C:\Users\16281\Desktop\cpedc_project\outputs\mk_pinn_dt_v2\figs\M5_pde_residual_map.png
2026-02-21 22:46:52 - M5Trainer - INFO - M6 连通性分析完成
2026-02-21 22:46:55 - M5Trainer - INFO - M7 水侵预警分析完成
2026-02-21 22:46:55 - M5Trainer - INFO -   history 已恢复 (18801 步)
2026-02-21 22:46:55 - M5Trainer - INFO -   best_step=18800
2026-02-21 22:46:55 - M5Trainer - INFO - 已加载 M5 检查点: C:\Users\16281\Desktop\cpedc_project\outputs\mk_pinn_dt_v2\ckpt\m5_pinn_best.pt
2026-02-21 22:46:55 - M5Trainer - INFO -   history 已恢复 (20000 步)
2026-02-21 22:46:55 - M5Trainer - INFO - 已加载 M5 检查点: C:\Users\16281\Desktop\cpedc_project\outputs\mk_pinn_dt_v2\ckpt\m5_pinn_final.pt
2026-02-21 22:46:55 - M5Trainer - INFO - M5 验收报告已保存: C:\Users\16281\Desktop\cpedc_project\outputs\mk_pinn_dt_v2\reports\M5_validation_report.md
