2026-03-05 01:03:06 - M5Trainer - INFO -   torch.compile 已跳过 (Triton 不支持 Windows, 使用 eager 模式)
2026-03-05 01:03:06 - M5Trainer - INFO - k_frac 独立参数组: lr=2.00e-03 (factor=2.0)
2026-03-05 01:03:06 - M5Trainer - INFO -   [v3.17] well_singularity 参数组: 1153 params, lr=1.00e-03
2026-03-05 01:03:06 - M5Trainer - INFO -   [v3.14] Corey 指数可学习: ng₀=1.0846, nw₀=4.4071 (SY13 拟合先验, lr_factor=0.5)
2026-03-05 01:03:07 - M5Trainer - INFO -   [v3.14] well_model.relperm = loss_fn.relperm (共享实例)
2026-03-05 01:03:07 - M5Trainer - INFO - k_net 学习率: 1.00e-04 (factor=0.1, warmup=2000 steps)
2026-03-05 01:03:07 - M5Trainer - INFO -   井 SY9: 1332 条同化数据 (train=865, val=199, test=268)
    开井点数 (q>1): train=801, val=32, test=121
    有效压力点: val_p=43, test_p=121
2026-03-05 01:03:07 - M5Trainer - INFO -   train time window(norm): [0.0000, 0.6491]
2026-03-05 01:03:07 - M5Trainer - INFO -   well_h[SY9] = 48.4 m (有效储厚)
2026-03-05 01:03:07 - M5Trainer - INFO -   well_h[SY13] = 41.6 m (有效储厚)
2026-03-05 01:03:07 - M5Trainer - INFO -   well_h[SY201] = 37.9 m (有效储厚)
2026-03-05 01:03:07 - M5Trainer - INFO -   well_h[SY101] = 41.7 m (有效储厚)
2026-03-05 01:03:07 - M5Trainer - INFO -   well_h[SY102] = 45.4 m (有效储厚)
2026-03-05 01:03:07 - M5Trainer - INFO -   well_h[SY116] = 39.3 m (有效储厚)
2026-03-05 01:03:07 - M5Trainer - INFO -   well_h[SYX211] = 6.0 m (有效储厚)
2026-03-05 01:03:07 - M5Trainer - INFO -   [TDS→Sw] SY9: 过滤88个域外样本 (t_day>1331天), 保留85/173个域内样本
2026-03-05 01:03:07 - M5Trainer - INFO -   [TDS→Sw] SY9: 85个采样点, t_day=[1, 1330], TDS=[55, 105158] mg/L, Sw_tds=[0.260, 0.938], Swc=0.260, Sgr=0.062
2026-03-05 01:03:07 - M5Trainer - INFO -   [TDS→Sw] 共加载 85 个TDS→Sw软标签点
2026-03-05 01:03:07 - M5Trainer - INFO -   M3 PVT cg(76.0, 140.32) = 0.009744
2026-03-05 01:03:07 - M5Trainer - INFO -   M3 PVT Bg(76.0, 140.32) = 0.002577
2026-03-05 01:03:07 - M5Trainer - INFO -   PDE 缩放: αx=0.101777, αy=0.254660
2026-03-05 01:03:07 - M5Trainer - INFO - M5Trainer 初始化完成: device=cuda, lr=0.001, max_steps=35000, relobralo=True, rar=True
2026-03-05 01:03:07 - M5Trainer - INFO - ============================================================
2026-03-05 01:03:07 - M5Trainer - INFO - M5 PINN 井—藏耦合同化训练开始
2026-03-05 01:03:07 - M5Trainer - INFO - ============================================================
2026-03-05 01:03:07 - M5Trainer - INFO -   阶段权重已被 config 覆盖 (train.stages 或 training_stages.stage_*.weights)
2026-03-05 01:03:07 - M5Trainer - INFO - 训练阶段: A[0-2800] B[2800-9800] C[9800-19600] D[19600-35000]
2026-03-05 01:03:07 - M5Trainer - INFO -   qg_nearzero 权重: A=3.0, B=6.0->9.0, C=12.0, D=7.0, enable=True
2026-03-05 01:03:07 - M5Trainer - INFO - --- M5 单位/量纲诊断 (train 第 1 步前) ---
2026-03-05 01:03:07 - M5Trainer - INFO -   qg_obs 范围: 0.00e+00 ~ 8.39e+05 m³/d, 均值: 2.97e+05 m³/d
2026-03-05 01:03:07 - M5Trainer - INFO -   qg_pred 范围: 1.52e+05 ~ 1.59e+05
2026-03-05 01:03:07 - M5Trainer - INFO -   p_wf 范围: 7.43e+01 ~ 7.43e+01 MPa
2026-03-05 01:03:07 - M5Trainer - INFO -   p_field @ well: 7.50e+01 MPa
2026-03-05 01:03:07 - M5Trainer - INFO -   k_frac = 8.0000 mD
2026-03-05 01:03:07 - M5Trainer - INFO -   WI_raw = 3.352697e-13 [检查单位]
2026-03-05 01:03:07 - M5Trainer - INFO -   dp_wellbore = 13.30 MPa
2026-03-05 01:03:07 - M5Trainer - INFO -   Bg_ref = 2.576898e-03
2026-03-05 01:03:07 - M5Trainer - INFO -   qg_obs 范围: 0.00e+00 ~ 8.39e+05 m³/d
2026-03-05 01:03:07 - M5Trainer - INFO -   qg_obs 中位数 = 3.07e+05 m³/d
2026-03-05 01:03:07 - M5Trainer - INFO -   ✅ v9: PDE源项已升级为时变 source(x,y,t) = qg_obs(t) * kernel(x,y)
2026-03-05 01:03:07 - M5Trainer - INFO -   ✅ 每个PDE配点使用其时刻对应的真实观测产量（线性插值）
2026-03-05 01:03:07 - M5Trainer - INFO - --- 诊断结束 ---
2026-03-05 01:03:07 - M5Trainer - INFO -   [v3.13] Stage A+B 冻结 k_frac=8.0000 mD (Stage C 解冻)
2026-03-05 01:03:07 - M5Trainer - INFO -   [v3.14] Stage A+B 冻结 ng=1.0846, nw=4.4071 (Stage C 解冻)
2026-03-05 01:03:07 - M5Trainer - INFO -   [shape] SY9: qg pred=(1332, 1) vs obs=(1332, 1), p_wf pred=(1332, 1) vs p_obs=(1332, 1)
2026-03-05 01:03:08 - M5Trainer - WARNING -   ⚠️ k_eff_mD.grad 为 None 或零! 可辨识性可能受损
2026-03-05 01:03:08 - M5Trainer - INFO -   ✅ k_net: 18 组参数收到梯度
2026-03-05 01:03:08 - M5Trainer - INFO -   [梯度验收] SY9: qg_obs range=[0.0, 838700.0]
2026-03-05 01:03:08 - M5Trainer - INFO -   [Sw监控] SY9: Sw=[0.1500, 0.1500, 0.1500], krg_min=6.751000e-01
2026-03-05 01:03:08 - M5Trainer - INFO - [Step     0/35000] A | L=3.3955e+02 | 0.9s
2026-03-05 01:03:08 - M5Trainer - INFO -   loss: IC=1.00e+00 BC=1.00e+00 PDE=1.67e+02 Qg=1.67e+00 Sd=3.86e-01 TDS=0.00e+00
2026-03-05 01:03:08 - M5Trainer - INFO -   param: k=8.000mD dp=13.3 ng=1.085 nw=4.407 Sw=[0.150,0.150] | A(t)=[-0.00,-0.00,-0.00]
2026-03-05 01:03:08 - M5Trainer - INFO -   [k_frac诊断] grad=None, k_frac=8.000001 mD
