2026-02-19 12:22:36 - M5Trainer - INFO -   torch.compile 已跳过 (Triton 不支持 Windows, 使用 eager 模式)
2026-02-19 12:22:36 - M5Trainer - INFO - k_frac 独立参数组: lr=3.00e-03 (factor=3.0)
2026-02-19 12:22:38 - M5Trainer - INFO - k_net 学习率: 1.00e-04 (factor=0.1, warmup=2000 steps)
2026-02-19 12:22:38 - M5Trainer - INFO -   井 SY9: 1332 条同化数据 (train=799, val=266, test=267)
    开井点数 (q>1): train=745, val=88, test=121
    有效压力点: val_p=109, test_p=121
2026-02-19 12:22:38 - M5Trainer - INFO -   train time window(norm): [0.0000, 0.5995]
2026-02-19 12:22:38 - M5Trainer - INFO -   M3 PVT cg(76.0, 140.32) = 0.009744
2026-02-19 12:22:38 - M5Trainer - INFO -   M3 PVT Bg(76.0, 140.32) = 0.002577
2026-02-19 12:22:38 - M5Trainer - INFO -   PDE 缩放: αx=0.029719, αy=0.074361
2026-02-19 12:22:38 - M5Trainer - INFO - M5Trainer 初始化完成: device=cuda, lr=0.001, max_steps=50000, relobralo=True, rar=True
2026-02-19 12:22:38 - M5Trainer - INFO - ============================================================
2026-02-19 12:22:38 - M5Trainer - INFO - M5 PINN 井—藏耦合同化训练开始
2026-02-19 12:22:38 - M5Trainer - INFO - ============================================================
2026-02-19 12:22:38 - M5Trainer - INFO - 训练阶段: A[0-5000] B[5000-17500] C[17500-35000] D[35000-50000]
2026-02-19 12:22:38 - M5Trainer - INFO -   qg_nearzero 权重: A=3.0, B=6.0->9.0, C=12.0, D=3.0, enable=True
2026-02-19 12:22:38 - M5Trainer - INFO - --- M5 单位/量纲诊断 (train 第 1 步前) ---
2026-02-19 12:22:38 - M5Trainer - INFO -   qg_obs 范围: 0.00e+00 ~ 8.39e+05 m³/d, 均值: 2.97e+05 m³/d
2026-02-19 12:22:39 - M5Trainer - INFO -   qg_pred 范围: 3.98e+05 ~ 4.12e+05
2026-02-19 12:22:39 - M5Trainer - INFO -   p_wf 范围: 7.43e+01 ~ 7.43e+01 MPa
2026-02-19 12:22:39 - M5Trainer - INFO -   p_field @ well: 7.50e+01 MPa
2026-02-19 12:22:39 - M5Trainer - INFO -   k_frac = 5.4020 mD
2026-02-19 12:22:39 - M5Trainer - INFO -   WI_raw = 4.309845e-13 [检查单位]
2026-02-19 12:22:39 - M5Trainer - INFO -   dp_wellbore = 12.00 MPa
2026-02-19 12:22:39 - M5Trainer - INFO -   Bg_ref = 2.576898e-03
2026-02-19 12:22:39 - M5Trainer - INFO -   qg_obs 范围: 0.00e+00 ~ 8.39e+05 m³/d
2026-02-19 12:22:39 - M5Trainer - INFO -   qg_obs 中位数 = 3.07e+05 m³/d
2026-02-19 12:22:39 - M5Trainer - INFO -   ✅ v9: PDE源项已升级为时变 source(x,y,t) = qg_obs(t) * kernel(x,y)
2026-02-19 12:22:39 - M5Trainer - INFO -   ✅ 每个PDE配点使用其时刻对应的真实观测产量（线性插值）
2026-02-19 12:22:39 - M5Trainer - INFO - --- 诊断结束 ---
2026-02-19 12:22:39 - M5Trainer - INFO -   [shape] SY9: qg pred=(1332, 1) vs obs=(1332, 1), p_wf pred=(1332, 1) vs p_obs=(1332, 1)
2026-02-19 12:22:39 - M5Trainer - INFO -   [Sw约束v9] Sw=[0.260, 0.260, 0.260], 权重=500, 惩罚=0.000000 (低=0.0000, 高=0.0000)
2026-02-19 12:22:40 - M5Trainer - INFO -   ✅ k_frac_mD.grad = -6.581267e-03 (PDE梯度贯通)
2026-02-19 12:22:40 - M5Trainer - INFO -   ✅ k_net: 18 组参数收到梯度
2026-02-19 12:22:40 - M5Trainer - INFO -   [梯度验收] SY9: qg_obs range=[0.0, 838700.0]
2026-02-19 12:22:40 - M5Trainer - INFO -   [Sw监控] SY9: Sw=[0.2600, 0.2600, 0.2600], krg_min=6.751000e-01
2026-02-19 12:22:40 - M5Trainer - INFO - [Step     0/50000] Stage A | L=7.8183e+02 (IC=1.000e+00, BC=1.000e+00, PDE=1.611e+06, Qg=2.888e-01, Qz=1.329e-01, Sd=3.841e-01, SwB=0.000e+00) | k_frac=5.4022 mD, dp=12.00 MPa | Sw=[0.260,0.260] | 1.5s
2026-02-19 12:22:40 - M5Trainer - INFO -   [k_frac诊断] grad=-6.5813e-03, k_frac=5.402157 mD
2026-02-19 12:23:10 - M5Trainer - INFO - [Step   100/50000] Stage A | L=3.0782e+02 (IC=1.128e-02, BC=1.075e-02, PDE=1.988e+06, Qg=3.286e-01, Qz=2.083e-01, Sd=7.352e-01, SwB=0.000e+00) | k_frac=5.3610 mD, dp=12.02 MPa | Sw=[0.253,0.264] | 32.1s
2026-02-19 12:23:37 - M5Trainer - INFO -   [梯度验收] SY9: qg_obs range=[0.0, 838700.0]
2026-02-19 12:23:37 - M5Trainer - INFO - [Step   200/50000] Stage A | L=1.5625e+02 (IC=3.913e-02, BC=2.155e-02, PDE=1.738e+06, Qg=2.979e-01, Qz=8.355e-02, Sd=1.372e+01, SwB=0.000e+00) | k_frac=5.1451 mD, dp=12.06 MPa | Sw=[0.158,0.654] | 58.9s
2026-02-19 12:23:59 - M5Trainer - INFO - [Step   300/50000] Stage A | L=2.8152e+02 (IC=4.438e-02, BC=4.637e-02, PDE=1.921e+06, Qg=2.246e-01, Qz=6.566e-02, Sd=1.763e+01, SwB=0.000e+00) | k_frac=5.0764 mD, dp=12.06 MPa | Sw=[0.184,0.509] | 80.7s
2026-02-19 12:24:27 - M5Trainer - INFO -   [梯度验收] SY9: qg_obs range=[0.0, 838700.0]
2026-02-19 12:24:27 - M5Trainer - INFO - [Step   400/50000] Stage A | L=2.8736e+02 (IC=3.438e-02, BC=4.104e-02, PDE=1.874e+06, Qg=2.240e-01, Qz=5.402e-02, Sd=2.094e+01, SwB=0.000e+00) | k_frac=5.0361 mD, dp=12.07 MPa | Sw=[0.162,0.532] | 108.6s
2026-02-19 12:24:52 - M5Trainer - INFO -   [Sw约束v9] Sw=[0.151, 0.310, 0.746], 权重=500, 惩罚=0.000000 (低=0.0000, 高=0.0000)
2026-02-19 12:24:52 - M5Trainer - INFO -   [Sw监控] SY9: Sw=[0.1717, 0.5458, 0.7531], krg_min=5.028768e-02
2026-02-19 12:24:52 - M5Trainer - INFO - [Step   500/50000] Stage A | L=2.2270e+02 (IC=8.862e-02, BC=1.272e-01, PDE=1.553e+06, Qg=2.276e-01, Qz=3.065e-02, Sd=2.224e+01, SwB=0.000e+00) | k_frac=4.9918 mD, dp=12.08 MPa | Sw=[0.159,0.594] | 134.0s
2026-02-19 12:24:52 - M5Trainer - INFO -   [k_frac诊断] grad=-2.4078e-01, k_frac=4.991839 mD
2026-02-19 12:25:18 - M5Trainer - INFO -   [梯度验收] SY9: qg_obs range=[0.0, 838700.0]
2026-02-19 12:25:18 - M5Trainer - INFO - [Step   600/50000] Stage A | L=2.2282e+02 (IC=9.913e-02, BC=1.160e-01, PDE=1.533e+06, Qg=2.283e-01, Qz=3.332e-02, Sd=2.165e+01, SwB=0.000e+00) | k_frac=4.9438 mD, dp=12.09 MPa | Sw=[0.153,0.674] | 160.3s
2026-02-19 12:25:42 - M5Trainer - INFO - [Step   700/50000] Stage A | L=3.0529e+02 (IC=2.456e-02, BC=2.788e-02, PDE=1.833e+06, Qg=2.301e-01, Qz=2.923e-02, Sd=2.343e+01, SwB=0.000e+00) | k_frac=4.8999 mD, dp=12.10 MPa | Sw=[0.158,0.576] | 183.8s
2026-02-19 12:26:05 - M5Trainer - INFO -   [梯度验收] SY9: qg_obs range=[0.0, 838700.0]
2026-02-19 12:26:05 - M5Trainer - INFO - [Step   800/50000] Stage A | L=2.6414e+02 (IC=4.230e-02, BC=3.821e-02, PDE=1.672e+06, Qg=2.575e-01, Qz=3.248e-02, Sd=2.387e+01, SwB=0.000e+00) | k_frac=4.8487 mD, dp=12.11 MPa | Sw=[0.155,0.578] | 206.4s
2026-02-19 12:26:28 - M5Trainer - INFO - [Step   900/50000] Stage A | L=2.1648e+02 (IC=3.771e-02, BC=3.668e-02, PDE=1.425e+06, Qg=2.486e-01, Qz=1.819e-02, Sd=2.058e+01, SwB=0.000e+00) | k_frac=4.7801 mD, dp=12.13 MPa | Sw=[0.158,0.582] | 230.0s
2026-02-19 12:26:54 - M5Trainer - INFO -   [Sw约束v9] Sw=[0.142, 0.312, 0.777], 权重=500, 惩罚=0.000000 (低=0.0000, 高=0.0000)
2026-02-19 12:26:54 - M5Trainer - INFO -   [梯度验收] SY9: qg_obs range=[0.0, 838700.0]
2026-02-19 12:26:54 - M5Trainer - INFO -   [Sw监控] SY9: Sw=[0.1661, 0.5904, 0.7772], krg_min=3.806796e-02
2026-02-19 12:26:54 - M5Trainer - INFO - [Step  1000/50000] Stage A | L=2.0339e+02 (IC=2.656e-02, BC=1.776e-02, PDE=1.348e+06, Qg=2.462e-01, Qz=1.406e-02, Sd=1.993e+01, SwB=0.000e+00) | k_frac=4.7042 mD, dp=12.15 MPa | Sw=[0.144,0.648] | 255.9s
2026-02-19 12:26:54 - M5Trainer - INFO -   [k_frac诊断] grad=-2.2633e-01, k_frac=4.704231 mD
2026-02-19 12:27:20 - M5Trainer - INFO - [Step  1100/50000] Stage A | L=2.5461e+02 (IC=2.116e-02, BC=1.582e-02, PDE=1.571e+06, Qg=2.494e-01, Qz=1.374e-02, Sd=2.011e+01, SwB=0.000e+00) | k_frac=4.6515 mD, dp=12.17 MPa | Sw=[0.146,0.645] | 281.3s
2026-02-19 12:27:41 - M5Trainer - INFO -   [梯度验收] SY9: qg_obs range=[0.0, 838700.0]
2026-02-19 12:27:41 - M5Trainer - INFO - [Step  1200/50000] Stage A | L=3.0522e+02 (IC=2.233e-02, BC=1.581e-02, PDE=1.773e+06, Qg=2.201e-01, Qz=9.998e-03, Sd=1.967e+01, SwB=0.000e+00) | k_frac=4.5969 mD, dp=12.19 MPa | Sw=[0.159,0.716] | 303.0s
2026-02-19 12:28:04 - M5Trainer - INFO - [Step  1300/50000] Stage A | L=2.0041e+02 (IC=1.293e-01, BC=2.946e-01, PDE=1.429e+06, Qg=2.372e-01, Qz=4.211e-02, Sd=1.760e+01, SwB=0.000e+00) | k_frac=4.5508 mD, dp=12.22 MPa | Sw=[0.146,0.639] | 326.2s
2026-02-19 12:28:29 - M5Trainer - INFO -   [梯度验收] SY9: qg_obs range=[0.0, 838700.0]
2026-02-19 12:28:29 - M5Trainer - INFO - [Step  1400/50000] Stage A | L=2.3296e+02 (IC=2.597e-02, BC=2.663e-02, PDE=1.474e+06, Qg=2.246e-01, Qz=1.399e-02, Sd=1.964e+01, SwB=0.000e+00) | k_frac=4.4951 mD, dp=12.25 MPa | Sw=[0.154,0.627] | 351.3s
2026-02-19 12:28:56 - M5Trainer - INFO -   [Sw约束v9] Sw=[0.141, 0.311, 0.758], 权重=500, 惩罚=0.000000 (低=0.0000, 高=0.0000)
2026-02-19 12:28:56 - M5Trainer - INFO -   [Sw监控] SY9: Sw=[0.1780, 0.5704, 0.7684], krg_min=4.234742e-02
2026-02-19 12:28:56 - M5Trainer - INFO - [Step  1500/50000] Stage A | L=2.0445e+02 (IC=1.544e-01, BC=1.319e-01, PDE=1.402e+06, Qg=2.663e-01, Qz=1.448e-02, Sd=1.546e+01, SwB=0.000e+00) | k_frac=4.4229 mD, dp=12.28 MPa | Sw=[0.146,0.664] | 377.5s
2026-02-19 12:28:56 - M5Trainer - INFO -   [k_frac诊断] grad=1.5977e-03, k_frac=4.422901 mD
2026-02-19 12:29:23 - M5Trainer - INFO -   [梯度验收] SY9: qg_obs range=[0.0, 838700.0]
2026-02-19 12:29:23 - M5Trainer - INFO - [Step  1600/50000] Stage A | L=2.1451e+02 (IC=4.902e-02, BC=5.698e-02, PDE=1.391e+06, Qg=2.181e-01, Qz=9.369e-03, Sd=1.569e+01, SwB=0.000e+00) | k_frac=4.3874 mD, dp=12.31 MPa | Sw=[0.160,0.626] | 404.6s
2026-02-19 12:29:49 - M5Trainer - INFO - [Step  1700/50000] Stage A | L=1.9135e+02 (IC=1.180e-01, BC=9.365e-02, PDE=1.331e+06, Qg=2.207e-01, Qz=7.581e-03, Sd=1.692e+01, SwB=0.000e+00) | k_frac=4.3610 mD, dp=12.32 MPa | Sw=[0.147,0.661] | 430.7s
2026-02-19 12:30:15 - M5Trainer - INFO -   [梯度验收] SY9: qg_obs range=[0.0, 838700.0]
2026-02-19 12:30:15 - M5Trainer - INFO - [Step  1800/50000] Stage A | L=2.2944e+02 (IC=4.010e-02, BC=5.351e-02, PDE=1.456e+06, Qg=2.109e-01, Qz=8.378e-03, Sd=1.774e+01, SwB=0.000e+00) | k_frac=4.3143 mD, dp=12.35 MPa | Sw=[0.142,0.631] | 456.4s
2026-02-19 12:30:36 - M5Trainer - INFO - [Step  1900/50000] Stage A | L=2.5129e+02 (IC=3.238e-02, BC=3.678e-02, PDE=1.529e+06, Qg=2.397e-01, Qz=1.470e-02, Sd=1.760e+01, SwB=0.000e+00) | k_frac=4.2707 mD, dp=12.38 MPa | Sw=[0.153,0.649] | 478.2s
2026-02-19 12:30:59 - M5Trainer - INFO -   [Sw约束v9] Sw=[0.135, 0.299, 0.763], 权重=500, 惩罚=0.000000 (低=0.0000, 高=0.0000)
2026-02-19 12:31:00 - M5Trainer - INFO -   [Sw监控] SY9: Sw=[0.1729, 0.5622, 0.7652], krg_min=4.393650e-02
2026-02-19 12:31:00 - M5Trainer - INFO - [Step  2000/50000] Stage A | L=2.5525e+02 (IC=2.677e-02, BC=5.973e-02, PDE=1.552e+06, Qg=2.397e-01, Qz=1.425e-02, Sd=1.743e+01, SwB=0.000e+00) | k_frac=4.2310 mD, dp=12.42 MPa | Sw=[0.143,0.583] | 501.5s
2026-02-19 12:31:00 - M5Trainer - INFO -   [k_frac诊断] grad=-1.6641e-01, k_frac=4.230965 mD
2026-02-19 12:31:22 - M5Trainer - INFO - [Step  2100/50000] Stage A | L=1.8195e+02 (IC=1.248e-01, BC=1.305e-01, PDE=1.291e+06, Qg=2.328e-01, Qz=1.098e-02, Sd=1.828e+01, SwB=0.000e+00) | k_frac=4.1990 mD, dp=12.44 MPa | Sw=[0.168,0.662] | 523.6s
2026-02-19 12:31:44 - M5Trainer - INFO - [Step  2200/50000] Stage A | L=2.1155e+02 (IC=3.959e-02, BC=9.992e-02, PDE=1.371e+06, Qg=2.500e-01, Qz=1.852e-02, Sd=1.610e+01, SwB=0.000e+00) | k_frac=4.1469 mD, dp=12.47 MPa | Sw=[0.136,0.642] | 546.2s
2026-02-19 12:32:10 - M5Trainer - INFO - [Step  2300/50000] Stage A | L=2.5050e+02 (IC=1.152e-02, BC=2.033e-02, PDE=1.474e+06, Qg=2.479e-01, Qz=1.135e-02, Sd=1.765e+01, SwB=0.000e+00) | k_frac=4.1150 mD, dp=12.50 MPa | Sw=[0.148,0.658] | 571.7s
2026-02-19 12:32:36 - M5Trainer - INFO - [Step  2400/50000] Stage A | L=2.1582e+02 (IC=1.272e-02, BC=1.605e-02, PDE=1.347e+06, Qg=2.472e-01, Qz=7.032e-03, Sd=1.999e+01, SwB=0.000e+00) | k_frac=4.0868 mD, dp=12.53 MPa | Sw=[0.154,0.715] | 597.6s
2026-02-19 12:33:04 - M5Trainer - INFO -   [Sw约束v9] Sw=[0.141, 0.272, 0.771], 权重=500, 惩罚=0.000000 (低=0.0000, 高=0.0000)
2026-02-19 12:33:04 - M5Trainer - INFO -   [Sw监控] SY9: Sw=[0.1840, 0.5448, 0.7768], krg_min=3.824933e-02
2026-02-19 12:33:04 - M5Trainer - INFO - [Step  2500/50000] Stage A | L=1.9516e+02 (IC=1.367e-02, BC=2.230e-02, PDE=1.280e+06, Qg=2.303e-01, Qz=1.061e-02, Sd=1.957e+01, SwB=0.000e+00) | k_frac=4.0637 mD, dp=12.56 MPa | Sw=[0.155,0.604] | 626.0s
2026-02-19 12:33:04 - M5Trainer - INFO -   [k_frac诊断] grad=2.1015e-01, k_frac=4.063704 mD
2026-02-19 12:33:32 - M5Trainer - INFO - [Step  2600/50000] Stage A | L=1.9954e+02 (IC=2.272e-02, BC=2.343e-02, PDE=1.264e+06, Qg=2.443e-01, Qz=7.542e-03, Sd=1.566e+01, SwB=0.000e+00) | k_frac=4.0092 mD, dp=12.60 MPa | Sw=[0.152,0.601] | 653.8s
2026-02-19 12:33:58 - M5Trainer - INFO - [Step  2700/50000] Stage A | L=1.7954e+02 (IC=6.039e-02, BC=6.729e-02, PDE=1.243e+06, Qg=2.226e-01, Qz=7.656e-03, Sd=1.620e+01, SwB=0.000e+00) | k_frac=3.9595 mD, dp=12.66 MPa | Sw=[0.197,0.590] | 679.5s
2026-02-19 12:34:20 - M5Trainer - INFO - [Step  2800/50000] Stage A | L=1.9418e+02 (IC=2.608e-02, BC=3.626e-02, PDE=1.253e+06, Qg=2.278e-01, Qz=5.068e-03, Sd=1.599e+01, SwB=0.000e+00) | k_frac=3.9137 mD, dp=12.70 MPa | Sw=[0.154,0.780] | 701.4s
2026-02-19 12:34:42 - M5Trainer - INFO - [Step  2900/50000] Stage A | L=2.2598e+02 (IC=1.965e-02, BC=4.865e-02, PDE=1.424e+06, Qg=2.242e-01, Qz=8.897e-03, Sd=1.645e+01, SwB=0.000e+00) | k_frac=3.8736 mD, dp=12.73 MPa | Sw=[0.180,0.609] | 724.1s
2026-02-19 12:35:06 - M5Trainer - INFO -   [Sw约束v9] Sw=[0.140, 0.310, 0.792], 权重=500, 惩罚=0.000000 (低=0.0000, 高=0.0000)
2026-02-19 12:35:06 - M5Trainer - INFO -   [Sw监控] SY9: Sw=[0.1887, 0.5313, 0.7959], krg_min=2.974134e-02
2026-02-19 12:35:06 - M5Trainer - INFO - [Step  3000/50000] Stage A | L=1.6913e+02 (IC=6.204e-02, BC=5.888e-02, PDE=1.195e+06, Qg=2.217e-01, Qz=4.382e-03, Sd=1.442e+01, SwB=0.000e+00) | k_frac=3.8386 mD, dp=12.77 MPa | Sw=[0.147,0.570] | 747.7s
2026-02-19 12:35:06 - M5Trainer - INFO -   [k_frac诊断] grad=-9.5383e-02, k_frac=3.838617 mD
2026-02-19 12:35:30 - M5Trainer - INFO - [Step  3100/50000] Stage A | L=1.7116e+02 (IC=1.490e-02, BC=6.006e-02, PDE=1.168e+06, Qg=2.240e-01, Qz=7.965e-03, Sd=1.548e+01, SwB=0.000e+00) | k_frac=3.8000 mD, dp=12.81 MPa | Sw=[0.202,0.618] | 771.6s
2026-02-19 12:35:58 - M5Trainer - INFO - [Step  3200/50000] Stage A | L=1.9992e+02 (IC=2.923e-02, BC=3.843e-02, PDE=1.301e+06, Qg=2.187e-01, Qz=5.306e-03, Sd=1.408e+01, SwB=0.000e+00) | k_frac=3.7638 mD, dp=12.83 MPa | Sw=[0.184,0.609] | 799.5s
2026-02-19 12:36:25 - M5Trainer - INFO - [Step  3300/50000] Stage A | L=1.5727e+02 (IC=1.715e-02, BC=2.288e-02, PDE=1.045e+06, Qg=2.401e-01, Qz=8.127e-03, Sd=1.582e+01, SwB=0.000e+00) | k_frac=3.7091 mD, dp=12.88 MPa | Sw=[0.161,0.632] | 827.3s
2026-02-19 12:36:52 - M5Trainer - INFO - [Step  3400/50000] Stage A | L=1.6202e+02 (IC=1.549e-02, BC=2.272e-02, PDE=1.062e+06, Qg=2.143e-01, Qz=5.135e-03, Sd=1.430e+01, SwB=0.000e+00) | k_frac=3.6930 mD, dp=12.87 MPa | Sw=[0.152,0.615] | 853.8s
2026-02-19 12:37:19 - M5Trainer - INFO -   [Sw约束v9] Sw=[0.145, 0.341, 0.781], 权重=500, 惩罚=0.000000 (低=0.0000, 高=0.0000)
2026-02-19 12:37:19 - M5Trainer - INFO -   [Sw监控] SY9: Sw=[0.2109, 0.5566, 0.7785], krg_min=3.747760e-02
2026-02-19 12:37:19 - M5Trainer - INFO - [Step  3500/50000] Stage A | L=1.5400e+02 (IC=3.910e-02, BC=8.937e-02, PDE=1.080e+06, Qg=2.471e-01, Qz=6.726e-03, Sd=1.317e+01, SwB=0.000e+00) | k_frac=3.6595 mD, dp=12.88 MPa | Sw=[0.205,0.630] | 880.9s
2026-02-19 12:37:19 - M5Trainer - INFO -   [k_frac诊断] grad=-1.3411e-01, k_frac=3.659488 mD
2026-02-19 12:37:48 - M5Trainer - INFO - [Step  3600/50000] Stage A | L=1.5760e+02 (IC=9.696e-03, BC=3.412e-02, PDE=1.032e+06, Qg=2.079e-01, Qz=8.862e-03, Sd=1.569e+01, SwB=0.000e+00) | k_frac=3.6345 mD, dp=12.89 MPa | Sw=[0.197,0.592] | 909.6s
2026-02-19 12:38:18 - M5Trainer - INFO - [Step  3700/50000] Stage A | L=1.6697e+02 (IC=4.310e-02, BC=4.939e-02, PDE=1.138e+06, Qg=2.164e-01, Qz=5.676e-03, Sd=1.672e+01, SwB=0.000e+00) | k_frac=3.6108 mD, dp=12.90 MPa | Sw=[0.169,0.641] | 939.4s
2026-02-19 12:38:47 - M5Trainer - INFO - [Step  3800/50000] Stage A | L=1.8724e+02 (IC=3.218e-02, BC=4.313e-02, PDE=1.248e+06, Qg=2.031e-01, Qz=5.503e-03, Sd=1.554e+01, SwB=0.000e+00) | k_frac=3.5936 mD, dp=12.91 MPa | Sw=[0.187,0.611] | 968.9s
2026-02-19 12:39:17 - M5Trainer - INFO - [Step  3900/50000] Stage A | L=1.9152e+02 (IC=1.446e-02, BC=2.617e-02, PDE=1.183e+06, Qg=1.913e-01, Qz=4.828e-03, Sd=1.618e+01, SwB=0.000e+00) | k_frac=3.5668 mD, dp=12.92 MPa | Sw=[0.190,0.733] | 998.4s
2026-02-19 12:39:48 - M5Trainer - INFO -   [Sw约束v9] Sw=[0.152, 0.321, 0.773], 权重=500, 惩罚=0.000000 (低=0.0000, 高=0.0000)
2026-02-19 12:39:49 - M5Trainer - INFO -   [Sw监控] SY9: Sw=[0.2326, 0.5215, 0.7776], krg_min=3.787593e-02
2026-02-19 12:39:49 - M5Trainer - INFO - [Step  4000/50000] Stage A | L=1.2726e+02 (IC=1.335e-01, BC=1.127e-01, PDE=1.054e+06, Qg=2.152e-01, Qz=5.924e-03, Sd=1.423e+01, SwB=0.000e+00) | k_frac=3.5455 mD, dp=12.93 MPa | Sw=[0.213,0.551] | 1030.5s
2026-02-19 12:39:49 - M5Trainer - INFO -   [k_frac诊断] grad=-2.6179e-02, k_frac=3.545492 mD
2026-02-19 12:40:18 - M5Trainer - INFO - [Step  4100/50000] Stage A | L=1.3840e+02 (IC=3.244e-02, BC=4.038e-02, PDE=9.541e+05, Qg=2.149e-01, Qz=7.237e-03, Sd=1.512e+01, SwB=0.000e+00) | k_frac=3.5247 mD, dp=12.94 MPa | Sw=[0.184,0.620] | 1060.1s
2026-02-19 12:40:47 - M5Trainer - INFO - [Step  4200/50000] Stage A | L=1.4013e+02 (IC=4.540e-02, BC=4.734e-02, PDE=9.932e+05, Qg=2.076e-01, Qz=5.097e-03, Sd=1.511e+01, SwB=0.000e+00) | k_frac=3.4952 mD, dp=12.96 MPa | Sw=[0.191,0.772] | 1089.2s
2026-02-19 12:41:14 - M5Trainer - INFO - [Step  4300/50000] Stage A | L=1.2958e+02 (IC=4.171e-02, BC=3.833e-02, PDE=9.056e+05, Qg=2.184e-01, Qz=5.393e-03, Sd=1.431e+01, SwB=0.000e+00) | k_frac=3.4863 mD, dp=12.95 MPa | Sw=[0.168,0.607] | 1116.1s
2026-02-19 12:41:43 - M5Trainer - INFO - [Step  4400/50000] Stage A | L=1.6668e+02 (IC=1.507e-02, BC=1.771e-02, PDE=1.004e+06, Qg=2.427e-01, Qz=5.727e-03, Sd=1.519e+01, SwB=0.000e+00) | k_frac=3.4708 mD, dp=12.95 MPa | Sw=[0.180,0.603] | 1145.0s
2026-02-19 12:42:13 - M5Trainer - INFO -   [Sw约束v9] Sw=[0.148, 0.330, 0.781], 权重=500, 惩罚=0.000000 (低=0.0000, 高=0.0000)
2026-02-19 12:42:13 - M5Trainer - INFO -   [Sw监控] SY9: Sw=[0.2298, 0.5329, 0.7824], krg_min=3.563036e-02
2026-02-19 12:42:13 - M5Trainer - INFO - [Step  4500/50000] Stage A | L=1.4560e+02 (IC=2.270e-02, BC=2.912e-02, PDE=9.442e+05, Qg=2.358e-01, Qz=4.823e-03, Sd=1.485e+01, SwB=0.000e+00) | k_frac=3.4481 mD, dp=12.96 MPa | Sw=[0.175,0.573] | 1175.2s
2026-02-19 12:42:13 - M5Trainer - INFO -   [k_frac诊断] grad=9.2641e-02, k_frac=3.448099 mD
2026-02-19 12:42:43 - M5Trainer - INFO - [Step  4600/50000] Stage A | L=1.7429e+02 (IC=1.491e-02, BC=1.975e-02, PDE=1.022e+06, Qg=2.118e-01, Qz=3.359e-03, Sd=1.375e+01, SwB=0.000e+00) | k_frac=3.4275 mD, dp=12.96 MPa | Sw=[0.221,0.563] | 1205.2s
2026-02-19 12:43:13 - M5Trainer - INFO - [Step  4700/50000] Stage A | L=1.4763e+02 (IC=1.044e-02, BC=2.361e-02, PDE=8.897e+05, Qg=2.038e-01, Qz=5.189e-03, Sd=1.444e+01, SwB=0.000e+00) | k_frac=3.4206 mD, dp=12.95 MPa | Sw=[0.214,0.606] | 1234.6s
2026-02-19 12:43:44 - M5Trainer - INFO - [Step  4800/50000] Stage A | L=1.4239e+02 (IC=1.575e-02, BC=2.602e-02, PDE=9.009e+05, Qg=2.216e-01, Qz=3.978e-03, Sd=1.397e+01, SwB=0.000e+00) | k_frac=3.3979 mD, dp=12.95 MPa | Sw=[0.224,0.602] | 1265.6s
2026-02-19 12:44:17 - M5Trainer - INFO - [Step  4900/50000] Stage A | L=1.4020e+02 (IC=2.332e-02, BC=2.199e-02, PDE=8.545e+05, Qg=2.051e-01, Qz=6.557e-03, Sd=1.478e+01, SwB=0.000e+00) | k_frac=3.3819 mD, dp=12.95 MPa | Sw=[0.192,0.589] | 1299.1s
2026-02-19 12:44:48 - M5Trainer - INFO -   [Sw约束v9] Sw=[0.155, 0.324, 0.789], 权重=300, 惩罚=0.000000 (低=0.0000, 高=0.0000)
2026-02-19 12:44:48 - M5Trainer - INFO -   [Sw监控] SY9: Sw=[0.1971, 0.5422, 0.7897], krg_min=3.238235e-02
2026-02-19 12:44:48 - M5Trainer - INFO - [Step  5000/50000] Stage B | L=7.7106e+02 (IC=8.705e-03, BC=6.720e-03, PDE=8.636e+05, Qg=2.099e-01, Qz=4.605e-03, Sd=1.556e+01, SwB=0.000e+00) | k_frac=3.3705 mD, dp=12.94 MPa | Sw=[0.190,0.626] | 1329.6s
2026-02-19 12:44:48 - M5Trainer - INFO -   [k_frac诊断] grad=2.2001e-01, k_frac=3.370507 mD
2026-02-19 12:45:17 - M5Trainer - INFO - [Step  5100/50000] Stage B | L=7.1704e+02 (IC=2.640e-02, BC=2.144e-02, PDE=8.537e+05, Qg=2.252e-01, Qz=6.651e-04, Sd=7.589e-01, SwB=0.000e+00) | k_frac=3.3807 mD, dp=13.12 MPa | Sw=[0.216,0.749] | 1359.0s
2026-02-19 12:45:47 - M5Trainer - INFO - [Step  5200/50000] Stage B | L=6.2679e+02 (IC=4.549e-02, BC=8.028e-02, PDE=8.968e+05, Qg=2.125e-01, Qz=4.567e-04, Sd=4.429e-01, SwB=0.000e+00) | k_frac=3.3757 mD, dp=13.23 MPa | Sw=[0.198,0.719] | 1389.0s
2026-02-19 12:46:20 - M5Trainer - INFO - [Step  5300/50000] Stage B | L=7.8944e+02 (IC=4.485e-02, BC=3.562e-02, PDE=9.592e+05, Qg=2.110e-01, Qz=5.047e-04, Sd=5.151e-01, SwB=0.000e+00) | k_frac=3.3656 mD, dp=13.32 MPa | Sw=[0.191,0.641] | 1421.8s
2026-02-19 12:46:46 - M5Trainer - INFO - [Step  5400/50000] Stage B | L=6.1551e+02 (IC=6.271e-02, BC=4.972e-02, PDE=8.494e+05, Qg=2.001e-01, Qz=7.853e-04, Sd=5.508e-01, SwB=0.000e+00) | k_frac=3.3281 mD, dp=13.42 MPa | Sw=[0.181,0.540] | 1447.5s
2026-02-19 12:47:15 - M5Trainer - INFO -   [Sw约束v9] Sw=[0.170, 0.299, 0.730], 权重=300, 惩罚=0.000000 (低=0.0000, 高=0.0000)
2026-02-19 12:47:15 - M5Trainer - INFO -   [Sw监控] SY9: Sw=[0.2083, 0.4832, 0.7282], krg_min=6.473821e-02
2026-02-19 12:47:15 - M5Trainer - INFO - [Step  5500/50000] Stage B | L=6.7922e+02 (IC=1.022e-02, BC=1.182e-02, PDE=7.195e+05, Qg=2.257e-01, Qz=7.354e-04, Sd=5.285e-01, SwB=0.000e+00) | k_frac=3.3294 mD, dp=13.50 MPa | Sw=[0.187,0.557] | 1476.8s
2026-02-19 12:47:15 - M5Trainer - INFO -   [k_frac诊断] grad=3.1043e-01, k_frac=3.329383 mD
2026-02-19 12:47:42 - M5Trainer - INFO - [Step  5600/50000] Stage B | L=5.6910e+02 (IC=8.796e-02, BC=8.245e-02, PDE=8.706e+05, Qg=1.989e-01, Qz=1.014e-03, Sd=4.069e-01, SwB=0.000e+00) | k_frac=3.3172 mD, dp=13.55 MPa | Sw=[0.191,0.523] | 1503.5s
2026-02-19 12:48:07 - M5Trainer - INFO - [Step  5700/50000] Stage B | L=5.3669e+02 (IC=3.818e-02, BC=5.488e-02, PDE=7.233e+05, Qg=2.026e-01, Qz=2.920e-03, Sd=9.833e-01, SwB=0.000e+00) | k_frac=3.3036 mD, dp=13.64 MPa | Sw=[0.190,0.526] | 1528.6s
2026-02-19 12:48:35 - M5Trainer - INFO - [Step  5800/50000] Stage B | L=5.6944e+02 (IC=7.238e-02, BC=6.457e-02, PDE=7.818e+05, Qg=2.140e-01, Qz=4.573e-03, Sd=3.038e-01, SwB=0.000e+00) | k_frac=3.2585 mD, dp=13.75 MPa | Sw=[0.204,0.478] | 1556.9s
2026-02-19 12:49:01 - M5Trainer - INFO - [Step  5900/50000] Stage B | L=7.0278e+02 (IC=3.586e-02, BC=2.676e-02, PDE=7.766e+05, Qg=2.716e-01, Qz=3.130e-03, Sd=4.795e-01, SwB=0.000e+00) | k_frac=3.2572 mD, dp=13.83 MPa | Sw=[0.205,0.482] | 1582.4s
2026-02-19 12:49:28 - M5Trainer - INFO -   [Sw约束v9] Sw=[0.170, 0.301, 0.653], 权重=300, 惩罚=0.000000 (低=0.0000, 高=0.0000)
2026-02-19 12:49:28 - M5Trainer - INFO -   [Sw监控] SY9: Sw=[0.2201, 0.4584, 0.6211], krg_min=1.475632e-01
2026-02-19 12:49:28 - M5Trainer - INFO - [Step  6000/50000] Stage B | L=6.5463e+02 (IC=2.257e-02, BC=3.508e-02, PDE=7.272e+05, Qg=2.054e-01, Qz=2.601e-03, Sd=3.514e-01, SwB=0.000e+00) | k_frac=3.2550 mD, dp=13.88 MPa | Sw=[0.210,0.540] | 1609.9s
2026-02-19 12:49:28 - M5Trainer - INFO -   [k_frac诊断] grad=2.6598e-01, k_frac=3.254955 mD
2026-02-19 12:49:58 - M5Trainer - INFO - [Step  6100/50000] Stage B | L=5.2762e+02 (IC=4.692e-02, BC=7.462e-02, PDE=7.054e+05, Qg=1.905e-01, Qz=2.077e-03, Sd=4.172e-01, SwB=0.000e+00) | k_frac=3.2498 mD, dp=13.93 MPa | Sw=[0.199,0.551] | 1640.1s
2026-02-19 12:50:24 - M5Trainer - INFO - [Step  6200/50000] Stage B | L=6.4800e+02 (IC=6.373e-02, BC=4.959e-02, PDE=7.826e+05, Qg=2.192e-01, Qz=1.003e-03, Sd=2.854e-01, SwB=0.000e+00) | k_frac=3.2565 mD, dp=13.98 MPa | Sw=[0.222,0.527] | 1665.5s
2026-02-19 12:50:48 - M5Trainer - INFO - [Step  6300/50000] Stage B | L=6.7629e+02 (IC=4.520e-02, BC=3.829e-02, PDE=7.581e+05, Qg=2.208e-01, Qz=2.267e-03, Sd=3.535e-01, SwB=0.000e+00) | k_frac=3.2507 mD, dp=14.06 MPa | Sw=[0.201,0.498] | 1690.1s
2026-02-19 12:51:11 - M5Trainer - INFO - [Step  6400/50000] Stage B | L=6.8689e+02 (IC=3.686e-02, BC=3.761e-02, PDE=7.535e+05, Qg=2.122e-01, Qz=2.868e-03, Sd=3.517e-01, SwB=0.000e+00) | k_frac=3.2339 mD, dp=14.12 MPa | Sw=[0.192,0.568] | 1712.9s
2026-02-19 12:51:40 - M5Trainer - INFO -   [Sw约束v9] Sw=[0.185, 0.310, 0.618], 权重=300, 惩罚=0.000000 (低=0.0000, 高=0.0000)
2026-02-19 12:51:41 - M5Trainer - INFO -   [Sw监控] SY9: Sw=[0.2277, 0.4452, 0.6048], krg_min=1.631296e-01
2026-02-19 12:51:41 - M5Trainer - INFO - [Step  6500/50000] Stage B | L=7.3528e+02 (IC=3.433e-02, BC=2.749e-02, PDE=7.520e+05, Qg=2.471e-01, Qz=2.910e-03, Sd=3.243e-01, SwB=0.000e+00) | k_frac=3.2371 mD, dp=14.18 MPa | Sw=[0.185,0.524] | 1742.4s
2026-02-19 12:51:41 - M5Trainer - INFO -   [k_frac诊断] grad=4.1310e-01, k_frac=3.237121 mD
2026-02-19 12:52:11 - M5Trainer - INFO - [Step  6600/50000] Stage B | L=6.6543e+02 (IC=7.110e-02, BC=5.137e-02, PDE=7.861e+05, Qg=2.246e-01, Qz=3.997e-03, Sd=3.103e-01, SwB=0.000e+00) | k_frac=3.2337 mD, dp=14.24 MPa | Sw=[0.230,0.551] | 1772.8s
2026-02-19 12:52:36 - M5Trainer - INFO - [Step  6700/50000] Stage B | L=5.9759e+02 (IC=9.773e-02, BC=5.691e-02, PDE=7.466e+05, Qg=2.062e-01, Qz=3.476e-03, Sd=3.208e-01, SwB=0.000e+00) | k_frac=3.2325 mD, dp=14.29 MPa | Sw=[0.202,0.510] | 1797.7s
2026-02-19 12:53:01 - M5Trainer - INFO - [Step  6800/50000] Stage B | L=7.6563e+02 (IC=3.986e-02, BC=4.484e-02, PDE=7.847e+05, Qg=2.000e-01, Qz=2.958e-03, Sd=2.357e-01, SwB=0.000e+00) | k_frac=3.2309 mD, dp=14.33 MPa | Sw=[0.203,0.557] | 1822.8s
2026-02-19 12:53:27 - M5Trainer - INFO - [Step  6900/50000] Stage B | L=5.9982e+02 (IC=7.597e-02, BC=4.436e-02, PDE=6.809e+05, Qg=2.025e-01, Qz=3.835e-03, Sd=2.138e-01, SwB=0.000e+00) | k_frac=3.2143 mD, dp=14.38 MPa | Sw=[0.217,0.492] | 1848.9s
2026-02-19 12:53:55 - M5Trainer - INFO -   [Sw约束v9] Sw=[0.200, 0.320, 0.578], 权重=300, 惩罚=0.000000 (低=0.0000, 高=0.0000)
2026-02-19 12:53:56 - M5Trainer - INFO -   [Sw监控] SY9: Sw=[0.2037, 0.4341, 0.5783], krg_min=1.900760e-01
2026-02-19 12:53:56 - M5Trainer - INFO - [Step  7000/50000] Stage B | L=4.3153e+02 (IC=9.412e-02, BC=1.052e-01, PDE=5.974e+05, Qg=2.167e-01, Qz=3.309e-03, Sd=2.971e-01, SwB=0.000e+00) | k_frac=3.2228 mD, dp=14.43 MPa | Sw=[0.203,0.479] | 1877.4s
2026-02-19 12:53:56 - M5Trainer - INFO -   [k_frac诊断] grad=3.5716e-01, k_frac=3.222827 mD
2026-02-19 12:54:23 - M5Trainer - INFO - [Step  7100/50000] Stage B | L=5.4005e+02 (IC=7.567e-02, BC=6.976e-02, PDE=6.504e+05, Qg=1.998e-01, Qz=2.727e-03, Sd=2.036e-01, SwB=0.000e+00) | k_frac=3.2111 mD, dp=14.49 MPa | Sw=[0.225,0.519] | 1904.8s
2026-02-19 12:54:50 - M5Trainer - INFO - [Step  7200/50000] Stage B | L=5.4037e+02 (IC=9.132e-02, BC=9.066e-02, PDE=6.790e+05, Qg=1.956e-01, Qz=1.969e-03, Sd=2.218e-01, SwB=0.000e+00) | k_frac=3.2084 mD, dp=14.51 MPa | Sw=[0.199,0.530] | 1931.5s
2026-02-19 12:55:15 - M5Trainer - INFO - [Step  7300/50000] Stage B | L=7.4677e+02 (IC=3.247e-02, BC=2.428e-02, PDE=6.806e+05, Qg=1.892e-01, Qz=3.200e-03, Sd=1.986e-01, SwB=0.000e+00) | k_frac=3.2061 mD, dp=14.56 MPa | Sw=[0.215,0.508] | 1957.1s
2026-02-19 12:55:41 - M5Trainer - INFO - [Step  7400/50000] Stage B | L=8.3036e+02 (IC=4.060e-02, BC=4.000e-02, PDE=7.689e+05, Qg=1.969e-01, Qz=1.923e-03, Sd=1.804e-01, SwB=0.000e+00) | k_frac=3.2156 mD, dp=14.62 MPa | Sw=[0.209,0.504] | 1982.9s
2026-02-19 12:56:08 - M5Trainer - INFO -   [Sw约束v9] Sw=[0.198, 0.306, 0.555], 权重=300, 惩罚=0.000000 (低=0.0000, 高=0.0000)
2026-02-19 12:56:08 - M5Trainer - INFO -   [Sw监控] SY9: Sw=[0.2148, 0.4253, 0.5455], krg_min=2.262879e-01
2026-02-19 12:56:08 - M5Trainer - INFO - [Step  7500/50000] Stage B | L=6.6487e+02 (IC=4.341e-02, BC=3.263e-02, PDE=6.512e+05, Qg=2.068e-01, Qz=5.121e-03, Sd=3.423e-01, SwB=0.000e+00) | k_frac=3.2100 mD, dp=14.67 MPa | Sw=[0.212,0.512] | 2009.5s
2026-02-19 12:56:08 - M5Trainer - INFO -   [k_frac诊断] grad=4.5130e-01, k_frac=3.209955 mD
2026-02-19 12:56:33 - M5Trainer - INFO - [Step  7600/50000] Stage B | L=6.7823e+02 (IC=2.359e-02, BC=3.168e-02, PDE=6.178e+05, Qg=2.007e-01, Qz=2.073e-03, Sd=2.078e-01, SwB=0.000e+00) | k_frac=3.2005 mD, dp=14.74 MPa | Sw=[0.208,0.464] | 2034.4s
2026-02-19 12:56:59 - M5Trainer - INFO - [Step  7700/50000] Stage B | L=6.5234e+02 (IC=5.180e-02, BC=2.977e-02, PDE=6.353e+05, Qg=2.057e-01, Qz=2.837e-03, Sd=2.251e-01, SwB=0.000e+00) | k_frac=3.2036 mD, dp=14.79 MPa | Sw=[0.216,0.487] | 2060.6s
2026-02-19 12:57:25 - M5Trainer - INFO - [Step  7800/50000] Stage B | L=6.5127e+02 (IC=3.675e-02, BC=3.946e-02, PDE=6.193e+05, Qg=2.279e-01, Qz=1.798e-03, Sd=1.839e-01, SwB=0.000e+00) | k_frac=3.1894 mD, dp=14.87 MPa | Sw=[0.221,0.535] | 2086.8s
2026-02-19 12:57:50 - M5Trainer - INFO - [Step  7900/50000] Stage B | L=4.6840e+02 (IC=1.635e-01, BC=1.341e-01, PDE=6.521e+05, Qg=1.934e-01, Qz=1.565e-03, Sd=2.575e-01, SwB=0.000e+00) | k_frac=3.1846 mD, dp=14.94 MPa | Sw=[0.213,0.486] | 2111.6s
2026-02-19 12:58:16 - M5Trainer - INFO -   [Sw约束v9] Sw=[0.204, 0.322, 0.585], 权重=300, 惩罚=0.000000 (低=0.0000, 高=0.0000)
2026-02-19 12:58:16 - M5Trainer - INFO -   [Sw监控] SY9: Sw=[0.2123, 0.4408, 0.5850], krg_min=1.831245e-01
2026-02-19 12:58:16 - M5Trainer - INFO - [Step  8000/50000] Stage B | L=5.5158e+02 (IC=4.645e-02, BC=3.551e-02, PDE=5.395e+05, Qg=1.879e-01, Qz=1.627e-03, Sd=1.750e-01, SwB=0.000e+00) | k_frac=3.2002 mD, dp=14.96 MPa | Sw=[0.214,0.495] | 2138.2s
2026-02-19 12:58:16 - M5Trainer - INFO -   [k_frac诊断] grad=-4.7717e-01, k_frac=3.200173 mD
2026-02-19 12:58:49 - M5Trainer - INFO - [Step  8100/50000] Stage B | L=4.3253e+02 (IC=1.095e-01, BC=9.202e-02, PDE=5.506e+05, Qg=1.897e-01, Qz=2.291e-03, Sd=2.036e-01, SwB=0.000e+00) | k_frac=3.2083 mD, dp=14.99 MPa | Sw=[0.213,0.549] | 2170.6s
2026-02-19 12:59:19 - M5Trainer - INFO - [Step  8200/50000] Stage B | L=5.9964e+02 (IC=6.301e-02, BC=3.623e-02, PDE=5.724e+05, Qg=1.971e-01, Qz=2.017e-03, Sd=2.101e-01, SwB=0.000e+00) | k_frac=3.2101 mD, dp=15.03 MPa | Sw=[0.247,0.489] | 2200.7s
2026-02-19 12:59:55 - M5Trainer - INFO - [Step  8300/50000] Stage B | L=6.2940e+02 (IC=5.120e-02, BC=2.207e-02, PDE=5.599e+05, Qg=1.975e-01, Qz=1.657e-03, Sd=1.838e-01, SwB=0.000e+00) | k_frac=3.2184 mD, dp=15.08 MPa | Sw=[0.214,0.508] | 2236.6s
2026-02-19 13:00:27 - M5Trainer - INFO - [Step  8400/50000] Stage B | L=5.3992e+02 (IC=5.513e-02, BC=4.793e-02, PDE=5.299e+05, Qg=2.254e-01, Qz=1.872e-03, Sd=1.449e-01, SwB=0.000e+00) | k_frac=3.2266 mD, dp=15.11 MPa | Sw=[0.222,0.461] | 2269.1s
2026-02-19 13:00:57 - M5Trainer - INFO -   [Sw约束v9] Sw=[0.192, 0.320, 0.589], 权重=300, 惩罚=0.000000 (低=0.0000, 高=0.0000)
2026-02-19 13:00:57 - M5Trainer - INFO -   [Sw监控] SY9: Sw=[0.2007, 0.4465, 0.5809], krg_min=1.873694e-01
2026-02-19 13:00:57 - M5Trainer - INFO - [Step  8500/50000] Stage B | L=4.9318e+02 (IC=1.327e-01, BC=8.956e-02, PDE=5.666e+05, Qg=1.952e-01, Qz=1.623e-03, Sd=1.501e-01, SwB=0.000e+00) | k_frac=3.2337 mD, dp=15.16 MPa | Sw=[0.207,0.500] | 2298.8s
2026-02-19 13:00:57 - M5Trainer - INFO -   [k_frac诊断] grad=-1.4418e-01, k_frac=3.233692 mD
2026-02-19 13:01:25 - M5Trainer - INFO - [Step  8600/50000] Stage B | L=4.5939e+02 (IC=7.133e-02, BC=7.619e-02, PDE=5.082e+05, Qg=2.023e-01, Qz=1.330e-03, Sd=1.680e-01, SwB=0.000e+00) | k_frac=3.2419 mD, dp=15.20 MPa | Sw=[0.220,0.484] | 2326.4s
2026-02-19 13:02:00 - M5Trainer - INFO - [Step  8700/50000] Stage B | L=5.0317e+02 (IC=8.381e-02, BC=5.133e-02, PDE=5.194e+05, Qg=1.862e-01, Qz=1.822e-03, Sd=1.450e-01, SwB=0.000e+00) | k_frac=3.2490 mD, dp=15.23 MPa | Sw=[0.231,0.486] | 2362.1s
