2026-02-27 21:10:40 - M5Trainer - INFO -   torch.compile 已跳过 (Triton 不支持 Windows, 使用 eager 模式)
2026-02-27 21:10:40 - M5Trainer - INFO - k_frac 独立参数组: lr=2.00e-03 (factor=2.0)
2026-02-27 21:10:40 - M5Trainer - INFO -   [v3.17] well_singularity 参数组: 1153 params, lr=1.00e-03
2026-02-27 21:10:40 - M5Trainer - INFO -   [v3.14] Corey 指数可学习: ng₀=1.0846, nw₀=4.4071 (SY13 拟合先验, lr_factor=3.0)
2026-02-27 21:10:40 - M5Trainer - INFO -   [v3.14] well_model.relperm = loss_fn.relperm (共享实例)
2026-02-27 21:10:40 - M5Trainer - INFO - k_net 学习率: 1.00e-04 (factor=0.1, warmup=2000 steps)
2026-02-27 21:10:40 - M5Trainer - INFO -   井 SY9: 1332 条同化数据 (train=865, val=199, test=268)
    开井点数 (q>1): train=801, val=32, test=121
    有效压力点: val_p=43, test_p=121
2026-02-27 21:10:40 - M5Trainer - INFO -   train time window(norm): [0.0000, 0.6491]
2026-02-27 21:10:40 - M5Trainer - INFO -   well_h[SY9] = 48.4 m (有效储厚)
2026-02-27 21:10:40 - M5Trainer - INFO -   well_h[SY13] = 41.6 m (有效储厚)
2026-02-27 21:10:40 - M5Trainer - INFO -   well_h[SY201] = 37.9 m (有效储厚)
2026-02-27 21:10:40 - M5Trainer - INFO -   well_h[SY101] = 41.7 m (有效储厚)
2026-02-27 21:10:40 - M5Trainer - INFO -   well_h[SY102] = 45.4 m (有效储厚)
2026-02-27 21:10:40 - M5Trainer - INFO -   well_h[SY116] = 39.3 m (有效储厚)
2026-02-27 21:10:40 - M5Trainer - INFO -   well_h[SYX211] = 6.0 m (有效储厚)
2026-02-27 21:10:40 - M5Trainer - INFO -   [TDS→Sw] SY9: 173个采样点, t_day=[1, 3518], TDS=[55, 105158] mg/L, Sw_tds=[0.260, 0.938], Swc=0.260, Sgr=0.062
2026-02-27 21:10:40 - M5Trainer - INFO -   [TDS→Sw] 共加载 173 个TDS→Sw软标签点
2026-02-27 21:10:40 - M5Trainer - INFO -   M3 PVT cg(76.0, 140.32) = 0.009744
2026-02-27 21:10:40 - M5Trainer - INFO -   M3 PVT Bg(76.0, 140.32) = 0.002577
2026-02-27 21:10:40 - M5Trainer - INFO -   PDE 缩放: αx=0.101777, αy=0.254660
2026-02-27 21:10:40 - M5Trainer - INFO - M5Trainer 初始化完成: device=cuda, lr=0.001, max_steps=80000, relobralo=True, rar=True
2026-02-27 21:10:40 - M5Trainer - INFO - ============================================================
2026-02-27 21:10:40 - M5Trainer - INFO - M5 PINN 井—藏耦合同化训练开始
2026-02-27 21:10:40 - M5Trainer - INFO - ============================================================
2026-02-27 21:10:40 - M5Trainer - INFO -   阶段权重已被 config 覆盖 (train.stages 或 training_stages.stage_*.weights)
2026-02-27 21:10:40 - M5Trainer - INFO - 训练阶段: A[0-6400] B[6400-22400] C[22400-44800] D[44800-80000]
2026-02-27 21:10:40 - M5Trainer - INFO -   qg_nearzero 权重: A=3.0, B=6.0->9.0, C=12.0, D=7.0, enable=True
2026-02-27 21:10:40 - M5Trainer - INFO - --- M5 单位/量纲诊断 (train 第 1 步前) ---
2026-02-27 21:10:40 - M5Trainer - INFO -   qg_obs 范围: 0.00e+00 ~ 8.39e+05 m³/d, 均值: 2.97e+05 m³/d
2026-02-27 21:10:40 - M5Trainer - INFO -   qg_pred 范围: 1.54e+05 ~ 1.56e+05
2026-02-27 21:10:40 - M5Trainer - INFO -   p_wf 范围: 7.43e+01 ~ 7.43e+01 MPa
2026-02-27 21:10:40 - M5Trainer - INFO -   p_field @ well: 7.50e+01 MPa
2026-02-27 21:10:40 - M5Trainer - INFO -   k_frac = 8.0000 mD
2026-02-27 21:10:40 - M5Trainer - INFO -   WI_raw = 3.352697e-13 [检查单位]
2026-02-27 21:10:40 - M5Trainer - INFO -   dp_wellbore = 13.30 MPa
2026-02-27 21:10:40 - M5Trainer - INFO -   Bg_ref = 2.576898e-03
2026-02-27 21:10:40 - M5Trainer - INFO -   qg_obs 范围: 0.00e+00 ~ 8.39e+05 m³/d
2026-02-27 21:10:40 - M5Trainer - INFO -   qg_obs 中位数 = 3.07e+05 m³/d
2026-02-27 21:10:40 - M5Trainer - INFO -   ✅ v9: PDE源项已升级为时变 source(x,y,t) = qg_obs(t) * kernel(x,y)
2026-02-27 21:10:40 - M5Trainer - INFO -   ✅ 每个PDE配点使用其时刻对应的真实观测产量（线性插值）
2026-02-27 21:10:40 - M5Trainer - INFO - --- 诊断结束 ---
2026-02-27 21:10:40 - M5Trainer - INFO -   [v3.13] Stage A+B 冻结 k_frac=8.0000 mD (Stage C 解冻)
2026-02-27 21:10:40 - M5Trainer - INFO -   [v3.14] Stage A+B 冻结 ng=1.0846, nw=4.4071 (Stage C 解冻)
2026-02-27 21:10:40 - M5Trainer - INFO -   [shape] SY9: qg pred=(1332, 1) vs obs=(1332, 1), p_wf pred=(1332, 1) vs p_obs=(1332, 1)
2026-02-27 21:10:40 - M5Trainer - WARNING -   ⚠️ k_eff_mD.grad 为 None 或零! 可辨识性可能受损
2026-02-27 21:10:40 - M5Trainer - INFO -   ✅ k_net: 18 组参数收到梯度
2026-02-27 21:10:40 - M5Trainer - INFO -   [梯度验收] SY9: qg_obs range=[0.0, 838700.0]
2026-02-27 21:10:40 - M5Trainer - INFO -   [Sw监控] SY9: Sw=[0.1500, 0.1500, 0.1500], krg_min=6.751000e-01
2026-02-27 21:10:40 - M5Trainer - INFO - [Step     0/80000] Stage A | L=3.3691e+02 (IC=1.000e+00, BC=1.000e+00, PDE=1.668e+02, Qg=1.658e+00, Qz=1.989e-02, Sd=3.690e-01, SQg=4.874e-08, SwB=0.000e+00, TDS=0.000e+00) | k_frac=8.0000 mD, dp=13.30 MPa | ng=1.085, nw=4.407 | Sw=[0.150,0.150] | A(t)=[-0.00,-0.00,-0.00] | 0.7s
2026-02-27 21:10:40 - M5Trainer - INFO -   [k_frac诊断] grad=None, k_frac=8.000001 mD
2026-02-27 21:10:58 - M5Trainer - INFO - [Step   100/80000] Stage A | L=1.9880e+02 (IC=9.943e-02, BC=3.495e-01, PDE=1.483e+02, Qg=1.585e+00, Qz=2.118e-02, Sd=3.936e-01, SQg=1.599e-06, SwB=0.000e+00, TDS=0.000e+00) | k_frac=8.0000 mD, dp=13.30 MPa | ng=1.085, nw=4.407 | Sw=[0.148,0.152] | A(t)=[-0.00,-0.00,-0.00] | 18.6s
2026-02-27 21:11:17 - M5Trainer - INFO -   [梯度验收] SY9: qg_obs range=[0.0, 838700.0]
2026-02-27 21:11:17 - M5Trainer - INFO - [Step   200/80000] Stage A | L=4.9976e+01 (IC=6.082e-03, BC=1.710e-02, PDE=1.664e+02, Qg=1.109e+00, Qz=3.218e-02, Sd=6.160e-01, SQg=8.589e-05, SwB=0.000e+00, TDS=0.000e+00) | k_frac=8.0000 mD, dp=13.30 MPa | ng=1.085, nw=4.407 | Sw=[0.136,0.157] | A(t)=[-0.01,-0.01,-0.01] | 37.4s
2026-02-27 21:11:33 - M5Trainer - INFO - [Step   300/80000] Stage A | L=2.2995e+01 (IC=3.230e-02, BC=4.400e-02, PDE=1.616e+02, Qg=4.528e-01, Qz=7.768e-02, Sd=1.563e+00, SQg=9.715e-04, SwB=0.000e+00, TDS=0.000e+00) | k_frac=8.0000 mD, dp=13.30 MPa | ng=1.085, nw=4.407 | Sw=[0.137,0.177] | A(t)=[-0.04,-0.04,-0.05] | 53.4s
2026-02-27 21:11:49 - M5Trainer - INFO -   [梯度验收] SY9: qg_obs range=[0.0, 838700.0]
2026-02-27 21:11:49 - M5Trainer - INFO - [Step   400/80000] Stage A | L=2.2496e+01 (IC=2.313e-02, BC=3.165e-02, PDE=1.521e+02, Qg=4.188e-01, Qz=9.476e-02, Sd=1.914e+00, SQg=1.217e-03, SwB=0.000e+00, TDS=0.000e+00) | k_frac=8.0000 mD, dp=13.30 MPa | ng=1.085, nw=4.407 | Sw=[0.138,0.173] | A(t)=[-0.11,-0.14,-0.16] | 69.2s
2026-02-27 21:12:05 - M5Trainer - INFO -   [Sw监控] SY9: Sw=[0.1109, 0.1439, 0.1645], krg_min=6.751000e-01
2026-02-27 21:12:05 - M5Trainer - INFO - [Step   500/80000] Stage A | L=2.2500e+01 (IC=2.983e-02, BC=4.107e-02, PDE=2.017e+02, Qg=4.049e-01, Qz=1.039e-01, Sd=2.086e+00, SQg=1.145e-03, SwB=0.000e+00, TDS=0.000e+00) | k_frac=8.0000 mD, dp=13.30 MPa | ng=1.085, nw=4.407 | Sw=[0.136,0.169] | A(t)=[-0.33,-0.44,-0.54] | 85.1s
2026-02-27 21:12:05 - M5Trainer - INFO -   [k_frac诊断] grad=None, k_frac=8.000001 mD
2026-02-27 21:12:21 - M5Trainer - INFO -   [梯度验收] SY9: qg_obs range=[0.0, 838700.0]
2026-02-27 21:12:21 - M5Trainer - INFO - [Step   600/80000] Stage A | L=2.2031e+01 (IC=5.059e-02, BC=3.056e-02, PDE=1.907e+02, Qg=3.888e-01, Qz=1.120e-01, Sd=2.231e+00, SQg=1.034e-03, SwB=0.000e+00, TDS=0.000e+00) | k_frac=8.0000 mD, dp=13.30 MPa | ng=1.085, nw=4.407 | Sw=[0.137,0.171] | A(t)=[-0.68,-0.92,-1.13] | 101.5s
2026-02-27 21:12:37 - M5Trainer - INFO - [Step   700/80000] Stage A | L=2.0919e+01 (IC=4.326e-02, BC=4.458e-02, PDE=1.762e+02, Qg=3.766e-01, Qz=1.224e-01, Sd=2.411e+00, SQg=1.077e-03, SwB=0.000e+00, TDS=0.000e+00) | k_frac=8.0000 mD, dp=13.30 MPa | ng=1.085, nw=4.407 | Sw=[0.141,0.164] | A(t)=[-1.27,-1.69,-2.05] | 117.6s
2026-02-27 21:12:53 - M5Trainer - INFO -   [梯度验收] SY9: qg_obs range=[0.0, 838700.0]
2026-02-27 21:12:53 - M5Trainer - INFO - [Step   800/80000] Stage A | L=2.2272e+01 (IC=9.941e-03, BC=1.339e-02, PDE=1.902e+02, Qg=3.726e-01, Qz=1.103e-01, Sd=2.150e+00, SQg=1.215e-03, SwB=0.000e+00, TDS=0.000e+00) | k_frac=8.0000 mD, dp=13.30 MPa | ng=1.085, nw=4.407 | Sw=[0.128,0.171] | A(t)=[-1.59,-2.10,-2.50] | 133.7s
2026-02-27 21:13:08 - M5Trainer - INFO - [Step   900/80000] Stage A | L=2.3120e+01 (IC=2.498e-02, BC=2.730e-02, PDE=1.958e+02, Qg=3.703e-01, Qz=9.923e-02, Sd=1.918e+00, SQg=1.501e-03, SwB=0.000e+00, TDS=0.000e+00) | k_frac=8.0000 mD, dp=13.30 MPa | ng=1.085, nw=4.407 | Sw=[0.137,0.173] | A(t)=[-1.86,-2.42,-2.84] | 148.5s
2026-02-27 21:13:25 - M5Trainer - INFO -   [梯度验收] SY9: qg_obs range=[0.0, 838700.0]
2026-02-27 21:13:25 - M5Trainer - INFO -   [Sw监控] SY9: Sw=[0.1237, 0.1558, 0.1822], krg_min=6.751000e-01
2026-02-27 21:13:25 - M5Trainer - INFO -   [best更新] val_score=35.4151 (step 1000)
2026-02-27 21:13:25 - M5Trainer - INFO - [Step  1000/80000] Stage A | L=2.4220e+01 (IC=5.258e-02, BC=9.303e-02, PDE=2.452e+02, Qg=3.695e-01, Qz=8.238e-02, Sd=1.565e+00, SQg=1.705e-03, SwB=0.000e+00, TDS=0.000e+00) | k_frac=8.0000 mD, dp=13.30 MPa | ng=1.085, nw=4.407 | Sw=[0.138,0.176] | A(t)=[-2.15,-2.76,-3.19] | 165.0s
2026-02-27 21:13:25 - M5Trainer - INFO -   [k_frac诊断] grad=None, k_frac=8.000001 mD
2026-02-27 21:13:41 - M5Trainer - INFO - [Step  1100/80000] Stage A | L=2.7390e+01 (IC=5.621e-02, BC=7.069e-02, PDE=2.368e+02, Qg=3.634e-01, Qz=7.350e-02, Sd=1.372e+00, SQg=2.396e-03, SwB=0.000e+00, TDS=0.000e+00) | k_frac=8.0000 mD, dp=13.30 MPa | ng=1.085, nw=4.407 | Sw=[0.132,0.181] | A(t)=[-2.41,-3.05,-3.50] | 181.6s
2026-02-27 21:14:10 - M5Trainer - INFO -   [梯度验收] SY9: qg_obs range=[0.0, 838700.0]
2026-02-27 21:14:10 - M5Trainer - INFO - [Step  1200/80000] Stage A | L=2.8427e+01 (IC=1.343e-02, BC=2.679e-02, PDE=2.390e+02, Qg=3.576e-01, Qz=5.390e-02, Sd=9.700e-01, SQg=3.317e-03, SwB=0.000e+00, TDS=0.000e+00) | k_frac=8.0000 mD, dp=13.30 MPa | ng=1.085, nw=4.407 | Sw=[0.131,0.181] | A(t)=[-2.52,-3.20,-3.65] | 210.4s
2026-02-27 21:14:41 - M5Trainer - INFO - [Step  1300/80000] Stage A | L=3.3241e+01 (IC=1.701e-02, BC=3.887e-02, PDE=2.325e+02, Qg=3.540e-01, Qz=3.948e-02, Sd=6.850e-01, SQg=4.006e-03, SwB=0.000e+00, TDS=0.000e+00) | k_frac=8.0000 mD, dp=13.30 MPa | ng=1.085, nw=4.407 | Sw=[0.138,0.173] | A(t)=[-2.66,-3.35,-3.80] | 241.3s
2026-02-27 21:15:12 - M5Trainer - INFO -   [梯度验收] SY9: qg_obs range=[0.0, 838700.0]
2026-02-27 21:15:12 - M5Trainer - INFO - [Step  1400/80000] Stage A | L=3.1075e+01 (IC=1.072e-02, BC=1.372e-02, PDE=2.476e+02, Qg=3.489e-01, Qz=2.283e-02, Sd=3.659e-01, SQg=5.251e-03, SwB=0.000e+00, TDS=0.000e+00) | k_frac=8.0000 mD, dp=13.30 MPa | ng=1.085, nw=4.407 | Sw=[0.134,0.178] | A(t)=[-2.85,-3.57,-4.03] | 272.0s
2026-02-27 21:15:42 - M5Trainer - INFO -   [Sw监控] SY9: Sw=[0.1289, 0.1593, 0.1876], krg_min=6.751000e-01
2026-02-27 21:15:42 - M5Trainer - INFO - [Step  1500/80000] Stage A | L=3.2196e+01 (IC=6.937e-03, BC=1.276e-02, PDE=2.962e+02, Qg=3.470e-01, Qz=2.007e-02, Sd=3.126e-01, SQg=5.696e-03, SwB=0.000e+00, TDS=0.000e+00) | k_frac=8.0000 mD, dp=13.30 MPa | ng=1.085, nw=4.407 | Sw=[0.140,0.172] | A(t)=[-2.99,-3.70,-4.15] | 302.0s
2026-02-27 21:15:42 - M5Trainer - INFO -   [k_frac诊断] grad=None, k_frac=8.000001 mD
2026-02-27 21:16:11 - M5Trainer - INFO -   [梯度验收] SY9: qg_obs range=[0.0, 838700.0]
2026-02-27 21:16:11 - M5Trainer - INFO - [Step  1600/80000] Stage A | L=3.3340e+01 (IC=3.407e-03, BC=1.335e-02, PDE=2.866e+02, Qg=3.454e-01, Qz=1.669e-02, Sd=2.510e-01, SQg=6.237e-03, SwB=0.000e+00, TDS=0.000e+00) | k_frac=8.0000 mD, dp=13.30 MPa | ng=1.085, nw=4.407 | Sw=[0.136,0.178] | A(t)=[-3.15,-3.85,-4.29] | 330.9s
2026-02-27 21:16:40 - M5Trainer - INFO - [Step  1700/80000] Stage A | L=3.2158e+01 (IC=7.040e-02, BC=9.425e-02, PDE=2.986e+02, Qg=3.429e-01, Qz=1.048e-02, Sd=1.417e-01, SQg=7.116e-03, SwB=0.000e+00, TDS=0.000e+00) | k_frac=8.0000 mD, dp=13.30 MPa | ng=1.085, nw=4.407 | Sw=[0.140,0.164] | A(t)=[-3.49,-4.17,-4.58] | 360.5s
2026-02-27 21:17:12 - M5Trainer - INFO -   [梯度验收] SY9: qg_obs range=[0.0, 838700.0]
2026-02-27 21:17:12 - M5Trainer - INFO - [Step  1800/80000] Stage A | L=3.4271e+01 (IC=5.144e-02, BC=4.863e-02, PDE=2.786e+02, Qg=3.396e-01, Qz=4.981e-03, Sd=5.243e-02, SQg=9.017e-03, SwB=0.000e+00, TDS=0.000e+00) | k_frac=8.0000 mD, dp=13.30 MPa | ng=1.085, nw=4.407 | Sw=[0.136,0.170] | A(t)=[-4.21,-4.84,-5.18] | 392.2s
2026-02-27 21:17:44 - M5Trainer - INFO - [Step  1900/80000] Stage A | L=4.3663e+01 (IC=2.792e-02, BC=3.734e-02, PDE=2.792e+02, Qg=3.389e-01, Qz=4.076e-03, Sd=3.915e-02, SQg=9.632e-03, SwB=0.000e+00, TDS=0.000e+00) | k_frac=8.0000 mD, dp=13.30 MPa | ng=1.085, nw=4.407 | Sw=[0.140,0.163] | A(t)=[-4.33,-4.94,-5.27] | 424.0s
2026-02-27 21:18:14 - M5Trainer - INFO -   [Sw监控] SY9: Sw=[0.1355, 0.1585, 0.1793], krg_min=6.751000e-01
2026-02-27 21:18:14 - M5Trainer - INFO - [Step  2000/80000] Stage A | L=4.0196e+01 (IC=9.877e-03, BC=1.669e-02, PDE=3.140e+02, Qg=3.384e-01, Qz=3.420e-03, Sd=3.012e-02, SQg=1.012e-02, SwB=0.000e+00, TDS=0.000e+00) | k_frac=8.0000 mD, dp=13.30 MPa | ng=1.085, nw=4.407 | Sw=[0.140,0.178] | A(t)=[-4.25,-4.87,-5.21] | 454.9s
2026-02-27 21:18:14 - M5Trainer - INFO -   [k_frac诊断] grad=None, k_frac=8.000001 mD
2026-02-27 21:18:46 - M5Trainer - INFO - [Step  2100/80000] Stage A | L=4.1769e+01 (IC=2.454e-03, BC=7.749e-03, PDE=3.190e+02, Qg=3.374e-01, Qz=2.793e-03, Sd=2.183e-02, SQg=1.035e-02, SwB=0.000e+00, TDS=0.000e+00) | k_frac=8.0000 mD, dp=13.30 MPa | ng=1.085, nw=4.407 | Sw=[0.139,0.166] | A(t)=[-4.62,-5.20,-5.51] | 486.1s
2026-02-27 21:19:17 - M5Trainer - INFO - [Step  2200/80000] Stage A | L=3.8547e+01 (IC=3.667e-02, BC=4.199e-02, PDE=3.251e+02, Qg=3.374e-01, Qz=2.299e-03, Sd=1.576e-02, SQg=1.082e-02, SwB=0.000e+00, TDS=0.000e+00) | k_frac=8.0000 mD, dp=13.30 MPa | ng=1.085, nw=4.407 | Sw=[0.135,0.180] | A(t)=[-5.16,-5.69,-5.94] | 517.8s
2026-02-27 21:19:49 - M5Trainer - INFO - [Step  2300/80000] Stage A | L=4.6117e+01 (IC=4.800e-02, BC=3.118e-02, PDE=3.118e+02, Qg=3.410e-01, Qz=2.771e-03, Sd=2.147e-02, SQg=1.150e-02, SwB=0.000e+00, TDS=0.000e+00) | k_frac=8.0000 mD, dp=13.30 MPa | ng=1.085, nw=4.407 | Sw=[0.142,0.169] | A(t)=[-4.80,-5.36,-5.65] | 549.7s
2026-02-27 21:20:21 - M5Trainer - INFO - [Step  2400/80000] Stage A | L=4.7826e+01 (IC=9.518e-02, BC=7.940e-02, PDE=3.191e+02, Qg=3.354e-01, Qz=3.103e-03, Sd=2.556e-02, SQg=1.098e-02, SwB=0.000e+00, TDS=0.000e+00) | k_frac=8.0000 mD, dp=13.30 MPa | ng=1.085, nw=4.407 | Sw=[0.141,0.166] | A(t)=[-4.40,-5.05,-5.39] | 581.4s
2026-02-27 21:20:53 - M5Trainer - INFO -   [Sw监控] SY9: Sw=[0.1372, 0.1576, 0.1843], krg_min=6.751000e-01
2026-02-27 21:20:53 - M5Trainer - INFO - [Step  2500/80000] Stage A | L=4.2076e+01 (IC=2.655e-02, BC=2.651e-02, PDE=3.667e+02, Qg=3.321e-01, Qz=3.071e-03, Sd=2.513e-02, SQg=1.067e-02, SwB=0.000e+00, TDS=0.000e+00) | k_frac=8.0000 mD, dp=13.30 MPa | ng=1.085, nw=4.407 | Sw=[0.143,0.166] | A(t)=[-4.53,-5.17,-5.50] | 613.3s
2026-02-27 21:20:53 - M5Trainer - INFO -   [k_frac诊断] grad=None, k_frac=8.000001 mD
2026-02-27 21:21:25 - M5Trainer - INFO - [Step  2600/80000] Stage A | L=4.7024e+01 (IC=1.926e-02, BC=2.885e-02, PDE=3.610e+02, Qg=3.299e-01, Qz=3.511e-03, Sd=3.077e-02, SQg=1.098e-02, SwB=0.000e+00, TDS=0.000e+00) | k_frac=8.0000 mD, dp=13.30 MPa | ng=1.085, nw=4.407 | Sw=[0.142,0.168] | A(t)=[-4.32,-5.00,-5.35] | 645.6s
2026-02-27 21:21:58 - M5Trainer - INFO - [Step  2700/80000] Stage A | L=4.5824e+01 (IC=2.442e-02, BC=4.293e-02, PDE=3.626e+02, Qg=3.263e-01, Qz=3.589e-03, Sd=3.173e-02, SQg=1.034e-02, SwB=0.000e+00, TDS=0.000e+00) | k_frac=8.0000 mD, dp=13.30 MPa | ng=1.085, nw=4.407 | Sw=[0.141,0.166] | A(t)=[-4.10,-4.82,-5.21] | 678.1s
2026-02-27 21:22:30 - M5Trainer - INFO - [Step  2800/80000] Stage A | L=4.0812e+01 (IC=7.525e-02, BC=6.654e-02, PDE=3.643e+02, Qg=3.254e-01, Qz=4.014e-03, Sd=3.728e-02, SQg=1.012e-02, SwB=0.000e+00, TDS=0.000e+00) | k_frac=8.0000 mD, dp=13.30 MPa | ng=1.085, nw=4.407 | Sw=[0.141,0.169] | A(t)=[-4.24,-4.94,-5.32] | 710.7s
2026-02-27 21:23:03 - M5Trainer - INFO - [Step  2900/80000] Stage A | L=5.3633e+01 (IC=1.827e-02, BC=2.566e-02, PDE=3.649e+02, Qg=3.202e-01, Qz=5.145e-03, Sd=5.287e-02, SQg=1.001e-02, SwB=0.000e+00, TDS=0.000e+00) | k_frac=8.0000 mD, dp=13.30 MPa | ng=1.085, nw=4.407 | Sw=[0.143,0.177] | A(t)=[-4.15,-4.88,-5.27] | 743.4s
2026-02-27 21:23:36 - M5Trainer - INFO -   [Sw监控] SY9: Sw=[0.1184, 0.1529, 0.1741], krg_min=6.751000e-01
2026-02-27 21:23:36 - M5Trainer - INFO - [Step  3000/80000] Stage A | L=4.3171e+01 (IC=3.292e-02, BC=2.926e-02, PDE=3.998e+02, Qg=3.146e-01, Qz=8.012e-03, Sd=9.506e-02, SQg=1.080e-02, SwB=0.000e+00, TDS=0.000e+00) | k_frac=8.0000 mD, dp=13.30 MPa | ng=1.085, nw=4.407 | Sw=[0.141,0.170] | A(t)=[-4.20,-4.95,-5.34] | 776.0s
2026-02-27 21:23:36 - M5Trainer - INFO -   [k_frac诊断] grad=None, k_frac=8.000001 mD
2026-02-27 21:24:09 - M5Trainer - INFO - [Step  3100/80000] Stage A | L=4.2286e+01 (IC=1.433e-02, BC=2.865e-02, PDE=4.016e+02, Qg=3.090e-01, Qz=7.669e-03, Sd=8.956e-02, SQg=1.051e-02, SwB=0.000e+00, TDS=0.000e+00) | k_frac=8.0000 mD, dp=13.30 MPa | ng=1.085, nw=4.407 | Sw=[0.142,0.174] | A(t)=[-4.27,-5.02,-5.40] | 809.0s
2026-02-27 21:24:42 - M5Trainer - INFO - [Step  3200/80000] Stage A | L=4.8648e+01 (IC=2.232e-02, BC=4.621e-02, PDE=3.879e+02, Qg=3.106e-01, Qz=8.104e-03, Sd=9.595e-02, SQg=1.105e-02, SwB=0.000e+00, TDS=0.000e+00) | k_frac=8.0000 mD, dp=13.30 MPa | ng=1.085, nw=4.407 | Sw=[0.132,0.173] | A(t)=[-4.13,-4.91,-5.31] | 842.4s
2026-02-27 21:25:16 - M5Trainer - INFO - [Step  3300/80000] Stage A | L=5.4601e+01 (IC=2.273e-02, BC=2.205e-02, PDE=3.894e+02, Qg=3.118e-01, Qz=8.318e-03, Sd=9.936e-02, SQg=9.700e-03, SwB=0.000e+00, TDS=0.000e+00) | k_frac=8.0000 mD, dp=13.30 MPa | ng=1.085, nw=4.407 | Sw=[0.141,0.158] | A(t)=[-4.31,-5.09,-5.48] | 876.0s
2026-02-27 21:25:49 - M5Trainer - INFO - [Step  3400/80000] Stage A | L=5.4870e+01 (IC=2.712e-02, BC=3.670e-02, PDE=3.855e+02, Qg=3.082e-01, Qz=8.609e-03, Sd=1.039e-01, SQg=1.076e-02, SwB=0.000e+00, TDS=0.000e+00) | k_frac=8.0000 mD, dp=13.30 MPa | ng=1.085, nw=4.407 | Sw=[0.144,0.160] | A(t)=[-4.14,-4.98,-5.40] | 909.5s
2026-02-27 21:26:23 - M5Trainer - INFO -   [Sw监控] SY9: Sw=[0.1428, 0.1508, 0.1615], krg_min=6.751000e-01
2026-02-27 21:26:23 - M5Trainer - INFO - [Step  3500/80000] Stage A | L=4.0578e+01 (IC=4.351e-02, BC=6.160e-02, PDE=4.048e+02, Qg=3.059e-01, Qz=7.188e-03, Sd=8.224e-02, SQg=1.045e-02, SwB=0.000e+00, TDS=0.000e+00) | k_frac=8.0000 mD, dp=13.30 MPa | ng=1.085, nw=4.407 | Sw=[0.142,0.157] | A(t)=[-4.02,-4.90,-5.35] | 943.2s
2026-02-27 21:26:23 - M5Trainer - INFO -   [k_frac诊断] grad=None, k_frac=8.000001 mD
2026-02-27 21:26:57 - M5Trainer - INFO - [Step  3600/80000] Stage A | L=4.3945e+01 (IC=3.523e-02, BC=2.466e-02, PDE=4.070e+02, Qg=3.073e-01, Qz=7.375e-03, Sd=8.541e-02, SQg=1.087e-02, SwB=0.000e+00, TDS=0.000e+00) | k_frac=8.0000 mD, dp=13.30 MPa | ng=1.085, nw=4.407 | Sw=[0.144,0.165] | A(t)=[-3.73,-4.69,-5.19] | 977.5s
2026-02-27 21:27:31 - M5Trainer - INFO - [Step  3700/80000] Stage A | L=5.3563e+01 (IC=1.737e-02, BC=1.899e-02, PDE=4.052e+02, Qg=3.045e-01, Qz=7.457e-03, Sd=8.663e-02, SQg=1.028e-02, SwB=0.000e+00, TDS=0.000e+00) | k_frac=8.0000 mD, dp=13.30 MPa | ng=1.085, nw=4.407 | Sw=[0.138,0.164] | A(t)=[-3.84,-4.79,-5.28] | 1011.6s
2026-02-27 21:28:06 - M5Trainer - INFO - [Step  3800/80000] Stage A | L=5.4701e+01 (IC=2.368e-02, BC=2.474e-02, PDE=3.949e+02, Qg=3.074e-01, Qz=8.390e-03, Sd=1.013e-01, SQg=9.448e-03, SwB=0.000e+00, TDS=0.000e+00) | k_frac=8.0000 mD, dp=13.30 MPa | ng=1.085, nw=4.407 | Sw=[0.144,0.166] | A(t)=[-4.00,-4.94,-5.40] | 1046.4s
2026-02-27 21:28:40 - M5Trainer - INFO - [Step  3900/80000] Stage A | L=4.7971e+01 (IC=3.512e-02, BC=4.054e-02, PDE=3.923e+02, Qg=3.026e-01, Qz=8.216e-03, Sd=9.861e-02, SQg=1.009e-02, SwB=0.000e+00, TDS=0.000e+00) | k_frac=8.0000 mD, dp=13.30 MPa | ng=1.085, nw=4.407 | Sw=[0.136,0.164] | A(t)=[-3.88,-4.85,-5.33] | 1080.8s
2026-02-27 21:29:15 - M5Trainer - INFO -   [Sw监控] SY9: Sw=[0.1224, 0.1482, 0.1974], krg_min=6.751000e-01
2026-02-27 21:29:15 - M5Trainer - INFO - [Step  4000/80000] Stage A | L=3.9855e+01 (IC=4.717e-02, BC=4.397e-02, PDE=3.992e+02, Qg=3.033e-01, Qz=6.214e-03, Sd=6.853e-02, SQg=1.049e-02, SwB=0.000e+00, TDS=0.000e+00) | k_frac=8.0000 mD, dp=13.30 MPa | ng=1.085, nw=4.407 | Sw=[0.138,0.167] | A(t)=[-4.16,-5.08,-5.51] | 1115.4s
2026-02-27 21:29:15 - M5Trainer - INFO -   [k_frac诊断] grad=None, k_frac=8.000001 mD
2026-02-27 21:29:50 - M5Trainer - INFO - [Step  4100/80000] Stage A | L=4.5052e+01 (IC=4.658e-02, BC=4.321e-02, PDE=4.094e+02, Qg=3.015e-01, Qz=6.100e-03, Sd=6.672e-02, SQg=1.005e-02, SwB=0.000e+00, TDS=0.000e+00) | k_frac=8.0000 mD, dp=13.30 MPa | ng=1.085, nw=4.407 | Sw=[0.143,0.167] | A(t)=[-4.57,-5.41,-5.78] | 1150.3s
2026-02-27 21:30:25 - M5Trainer - INFO - [Step  4200/80000] Stage A | L=5.2480e+01 (IC=5.069e-02, BC=3.526e-02, PDE=4.090e+02, Qg=2.977e-01, Qz=5.532e-03, Sd=5.890e-02, SQg=1.062e-02, SwB=0.000e+00, TDS=0.000e+00) | k_frac=8.0000 mD, dp=13.30 MPa | ng=1.085, nw=4.407 | Sw=[0.137,0.166] | A(t)=[-4.36,-5.22,-5.61] | 1185.6s
2026-02-27 21:31:01 - M5Trainer - INFO - [Step  4300/80000] Stage A | L=5.6752e+01 (IC=5.717e-03, BC=1.129e-02, PDE=4.104e+02, Qg=2.963e-01, Qz=6.873e-03, Sd=7.920e-02, SQg=1.003e-02, SwB=0.000e+00, TDS=0.000e+00) | k_frac=8.0000 mD, dp=13.30 MPa | ng=1.085, nw=4.407 | Sw=[0.125,0.168] | A(t)=[-4.09,-5.00,-5.44] | 1220.9s
2026-02-27 21:31:36 - M5Trainer - INFO - [Step  4400/80000] Stage A | L=4.5072e+01 (IC=3.016e-02, BC=4.176e-02, PDE=4.017e+02, Qg=2.916e-01, Qz=5.261e-03, Sd=5.568e-02, SQg=9.733e-03, SwB=0.000e+00, TDS=0.000e+00) | k_frac=8.0000 mD, dp=13.30 MPa | ng=1.085, nw=4.407 | Sw=[0.139,0.167] | A(t)=[-4.08,-5.06,-5.51] | 1256.3s
2026-02-27 21:32:11 - M5Trainer - INFO -   [Sw监控] SY9: Sw=[0.1301, 0.1473, 0.1720], krg_min=6.751000e-01
2026-02-27 21:32:11 - M5Trainer - INFO - [Step  4500/80000] Stage A | L=4.5006e+01 (IC=3.232e-02, BC=2.724e-02, PDE=4.125e+02, Qg=2.879e-01, Qz=5.187e-03, Sd=5.457e-02, SQg=9.874e-03, SwB=0.000e+00, TDS=0.000e+00) | k_frac=8.0000 mD, dp=13.30 MPa | ng=1.085, nw=4.407 | Sw=[0.139,0.161] | A(t)=[-4.04,-5.06,-5.53] | 1291.7s
2026-02-27 21:32:11 - M5Trainer - INFO -   [k_frac诊断] grad=None, k_frac=8.000001 mD
2026-02-27 21:32:48 - M5Trainer - INFO - [Step  4600/80000] Stage A | L=5.7649e+01 (IC=2.148e-02, BC=3.183e-02, PDE=4.234e+02, Qg=2.865e-01, Qz=4.144e-03, Sd=3.999e-02, SQg=9.511e-03, SwB=0.000e+00, TDS=0.000e+00) | k_frac=8.0000 mD, dp=13.30 MPa | ng=1.085, nw=4.407 | Sw=[0.139,0.167] | A(t)=[-4.31,-5.27,-5.69] | 1328.8s
2026-02-27 21:33:26 - M5Trainer - INFO - [Step  4700/80000] Stage A | L=4.8241e+01 (IC=4.047e-02, BC=2.374e-02, PDE=4.190e+02, Qg=2.819e-01, Qz=3.588e-03, Sd=3.249e-02, SQg=9.630e-03, SwB=0.000e+00, TDS=0.000e+00) | k_frac=8.0000 mD, dp=13.30 MPa | ng=1.085, nw=4.407 | Sw=[0.130,0.169] | A(t)=[-4.33,-5.28,-5.69] | 1366.4s
2026-02-27 21:34:04 - M5Trainer - INFO - [Step  4800/80000] Stage A | L=5.7687e+01 (IC=1.128e-02, BC=1.702e-02, PDE=4.099e+02, Qg=2.758e-01, Qz=3.265e-03, Sd=2.864e-02, SQg=1.010e-02, SwB=0.000e+00, TDS=0.000e+00) | k_frac=8.0000 mD, dp=13.30 MPa | ng=1.085, nw=4.407 | Sw=[0.130,0.164] | A(t)=[-4.26,-5.23,-5.65] | 1404.1s
2026-02-27 21:34:41 - M5Trainer - INFO - [Step  4900/80000] Stage A | L=4.4936e+01 (IC=5.045e-02, BC=3.009e-02, PDE=4.259e+02, Qg=2.744e-01, Qz=3.325e-03, Sd=2.940e-02, SQg=1.027e-02, SwB=0.000e+00, TDS=0.000e+00) | k_frac=8.0000 mD, dp=13.30 MPa | ng=1.085, nw=4.407 | Sw=[0.141,0.173] | A(t)=[-4.20,-5.21,-5.64] | 1441.8s
2026-02-27 21:35:19 - M5Trainer - INFO -   [Sw监控] SY9: Sw=[0.1426, 0.1576, 0.1968], krg_min=6.751000e-01
2026-02-27 21:35:19 - M5Trainer - INFO - [Step  5000/80000] Stage A | L=4.5570e+01 (IC=4.364e-02, BC=3.177e-02, PDE=4.205e+02, Qg=2.695e-01, Qz=2.787e-03, Sd=2.242e-02, SQg=9.531e-03, SwB=0.000e+00, TDS=0.000e+00) | k_frac=8.0000 mD, dp=13.30 MPa | ng=1.085, nw=4.407 | Sw=[0.140,0.165] | A(t)=[-4.15,-5.21,-5.66] | 1479.7s
2026-02-27 21:35:19 - M5Trainer - INFO -   [k_frac诊断] grad=None, k_frac=8.000001 mD
2026-02-27 21:35:58 - M5Trainer - INFO - [Step  5100/80000] Stage A | L=4.1133e+01 (IC=1.296e-02, BC=1.368e-02, PDE=4.224e+02, Qg=2.676e-01, Qz=2.510e-03, Sd=1.899e-02, SQg=9.921e-03, SwB=0.000e+00, TDS=0.000e+00) | k_frac=8.0000 mD, dp=13.30 MPa | ng=1.085, nw=4.407 | Sw=[0.126,0.151] | A(t)=[-4.64,-5.58,-5.95] | 1518.2s
2026-02-27 21:36:36 - M5Trainer - INFO - [Step  5200/80000] Stage A | L=4.5197e+01 (IC=7.503e-02, BC=7.974e-02, PDE=4.331e+02, Qg=2.673e-01, Qz=2.578e-03, Sd=1.996e-02, SQg=9.731e-03, SwB=0.000e+00, TDS=0.000e+00) | k_frac=8.0000 mD, dp=13.30 MPa | ng=1.085, nw=4.407 | Sw=[0.140,0.166] | A(t)=[-4.56,-5.52,-5.90] | 1556.8s
2026-02-27 21:37:15 - M5Trainer - INFO - [Step  5300/80000] Stage A | L=4.0702e+01 (IC=9.965e-03, BC=2.616e-02, PDE=4.255e+02, Qg=2.609e-01, Qz=2.842e-03, Sd=2.326e-02, SQg=9.992e-03, SwB=0.000e+00, TDS=0.000e+00) | k_frac=8.0000 mD, dp=13.30 MPa | ng=1.085, nw=4.407 | Sw=[0.140,0.161] | A(t)=[-4.48,-5.46,-5.85] | 1595.5s
2026-02-27 21:37:54 - M5Trainer - INFO - [Step  5400/80000] Stage A | L=4.3051e+01 (IC=9.724e-02, BC=7.888e-02, PDE=4.259e+02, Qg=2.731e-01, Qz=2.616e-03, Sd=2.048e-02, SQg=8.749e-03, SwB=0.000e+00, TDS=0.000e+00) | k_frac=8.0000 mD, dp=13.30 MPa | ng=1.085, nw=4.407 | Sw=[0.138,0.161] | A(t)=[-4.62,-5.58,-5.94] | 1634.4s
2026-02-27 21:38:34 - M5Trainer - INFO -   [Sw监控] SY9: Sw=[0.1354, 0.1602, 0.2104], krg_min=6.751000e-01
2026-02-27 21:38:34 - M5Trainer - INFO - [Step  5500/80000] Stage A | L=4.8629e+01 (IC=3.234e-02, BC=3.308e-02, PDE=4.305e+02, Qg=2.555e-01, Qz=3.782e-03, Sd=3.601e-02, SQg=9.393e-03, SwB=0.000e+00, TDS=0.000e+00) | k_frac=8.0000 mD, dp=13.30 MPa | ng=1.085, nw=4.407 | Sw=[0.142,0.200] | A(t)=[-4.49,-5.50,-5.89] | 1673.9s
2026-02-27 21:38:34 - M5Trainer - INFO -   [k_frac诊断] grad=None, k_frac=8.000001 mD
2026-02-27 21:39:13 - M5Trainer - INFO - [Step  5600/80000] Stage A | L=4.7236e+01 (IC=7.776e-03, BC=1.258e-02, PDE=4.276e+02, Qg=2.551e-01, Qz=3.345e-03, Sd=2.998e-02, SQg=9.319e-03, SwB=0.000e+00, TDS=0.000e+00) | k_frac=8.0000 mD, dp=13.30 MPa | ng=1.085, nw=4.407 | Sw=[0.144,0.160] | A(t)=[-4.61,-5.61,-5.98] | 1713.1s
2026-02-27 21:39:52 - M5Trainer - INFO - [Step  5700/80000] Stage A | L=5.7901e+01 (IC=1.076e-02, BC=1.138e-02, PDE=4.399e+02, Qg=2.537e-01, Qz=2.703e-03, Sd=2.155e-02, SQg=9.658e-03, SwB=0.000e+00, TDS=0.000e+00) | k_frac=8.0000 mD, dp=13.30 MPa | ng=1.085, nw=4.407 | Sw=[0.140,0.157] | A(t)=[-4.49,-5.54,-5.93] | 1752.8s
2026-02-27 21:40:32 - M5Trainer - INFO - [Step  5800/80000] Stage A | L=5.1331e+01 (IC=7.212e-03, BC=2.018e-02, PDE=4.341e+02, Qg=2.503e-01, Qz=2.717e-03, Sd=2.171e-02, SQg=1.021e-02, SwB=0.000e+00, TDS=0.000e+00) | k_frac=8.0000 mD, dp=13.30 MPa | ng=1.085, nw=4.407 | Sw=[0.136,0.159] | A(t)=[-4.41,-5.50,-5.89] | 1792.7s
2026-02-27 21:41:12 - M5Trainer - INFO - [Step  5900/80000] Stage A | L=4.6416e+01 (IC=2.167e-02, BC=2.061e-02, PDE=4.361e+02, Qg=2.534e-01, Qz=2.704e-03, Sd=2.159e-02, SQg=8.901e-03, SwB=0.000e+00, TDS=0.000e+00) | k_frac=8.0000 mD, dp=13.30 MPa | ng=1.085, nw=4.407 | Sw=[0.138,0.162] | A(t)=[-4.48,-5.59,-5.98] | 1832.7s
2026-02-27 21:41:52 - M5Trainer - INFO -   [Sw监控] SY9: Sw=[0.1275, 0.1504, 0.1757], krg_min=6.751000e-01
2026-02-27 21:41:52 - M5Trainer - INFO - [Step  6000/80000] Stage A | L=5.3392e+01 (IC=1.409e-02, BC=2.083e-02, PDE=4.373e+02, Qg=2.462e-01, Qz=2.898e-03, Sd=2.412e-02, SQg=9.514e-03, SwB=0.000e+00, TDS=0.000e+00) | k_frac=8.0000 mD, dp=13.30 MPa | ng=1.085, nw=4.407 | Sw=[0.136,0.160] | A(t)=[-4.33,-5.46,-5.86] | 1872.7s
2026-02-27 21:41:52 - M5Trainer - INFO -   [k_frac诊断] grad=None, k_frac=8.000001 mD
2026-02-27 21:42:33 - M5Trainer - INFO - [Step  6100/80000] Stage A | L=5.1804e+01 (IC=1.942e-02, BC=2.419e-02, PDE=4.469e+02, Qg=2.477e-01, Qz=2.690e-03, Sd=2.165e-02, SQg=8.829e-03, SwB=0.000e+00, TDS=0.000e+00) | k_frac=8.0000 mD, dp=13.30 MPa | ng=1.085, nw=4.407 | Sw=[0.136,0.162] | A(t)=[-4.19,-5.38,-5.82] | 1913.2s
2026-02-27 21:43:14 - M5Trainer - INFO - [Step  6200/80000] Stage A | L=4.8447e+01 (IC=1.479e-02, BC=2.635e-02, PDE=4.364e+02, Qg=2.431e-01, Qz=2.402e-03, Sd=1.796e-02, SQg=9.728e-03, SwB=0.000e+00, TDS=0.000e+00) | k_frac=8.0000 mD, dp=13.30 MPa | ng=1.085, nw=4.407 | Sw=[0.135,0.165] | A(t)=[-4.16,-5.38,-5.81] | 1954.0s
2026-02-27 21:43:54 - M5Trainer - INFO - [Step  6300/80000] Stage A | L=5.6806e+01 (IC=3.950e-03, BC=1.410e-02, PDE=4.503e+02, Qg=2.414e-01, Qz=2.880e-03, Sd=2.415e-02, SQg=8.929e-03, SwB=0.000e+00, TDS=0.000e+00) | k_frac=8.0000 mD, dp=13.30 MPa | ng=1.085, nw=4.407 | Sw=[0.142,0.164] | A(t)=[-4.29,-5.50,-5.91] | 1994.9s
2026-02-27 21:44:35 - M5Trainer - INFO - [Step  6400/80000] Stage B | L=1.0752e+02 (IC=1.115e-02, BC=1.585e-02, PDE=4.410e+02, Qg=2.416e-01, Qz=2.567e-03, Sd=1.999e-02, SQg=9.101e-03, SwB=0.000e+00, TDS=2.218e-01) | k_frac=8.0000 mD, dp=13.30 MPa | ng=1.085, nw=4.407 | Sw=[0.137,0.162] | A(t)=[-4.41,-5.62,-6.01] | 2035.8s
2026-02-27 21:45:16 - M5Trainer - INFO -   [Sw监控] SY9: Sw=[0.0797, 0.1324, 0.2930], krg_min=6.395274e-01
2026-02-27 21:45:16 - M5Trainer - INFO - [Step  6500/80000] Stage B | L=1.1461e+02 (IC=8.762e-03, BC=1.279e-02, PDE=4.544e+02, Qg=2.487e-01, Qz=1.831e-03, Sd=1.131e-02, SQg=8.439e-03, SwB=1.030e-03, TDS=2.579e-01) | k_frac=8.0000 mD, dp=13.30 MPa | ng=1.085, nw=4.407 | Sw=[0.065,0.216] | A(t)=[-4.40,-5.64,-6.04] | 2076.7s
2026-02-27 21:45:16 - M5Trainer - INFO -   [k_frac诊断] grad=None, k_frac=8.000001 mD
2026-02-27 21:45:58 - M5Trainer - INFO - [Step  6600/80000] Stage B | L=1.0502e+02 (IC=2.092e-02, BC=1.267e-02, PDE=4.346e+02, Qg=2.389e-01, Qz=2.188e-03, Sd=1.543e-02, SQg=9.300e-03, SwB=6.370e-07, TDS=2.290e-01) | k_frac=8.0000 mD, dp=13.30 MPa | ng=1.085, nw=4.407 | Sw=[0.083,0.171] | A(t)=[-4.33,-5.57,-5.97] | 2118.3s
2026-02-27 21:46:40 - M5Trainer - INFO - [Step  6700/80000] Stage B | L=1.1390e+02 (IC=1.396e-02, BC=1.814e-02, PDE=4.413e+02, Qg=2.331e-01, Qz=1.867e-03, Sd=1.167e-02, SQg=9.936e-03, SwB=0.000e+00, TDS=1.774e-01) | k_frac=8.0000 mD, dp=13.30 MPa | ng=1.085, nw=4.407 | Sw=[0.145,0.219] | A(t)=[-4.20,-5.51,-5.93] | 2159.9s
2026-02-27 21:47:22 - M5Trainer - INFO - [Step  6800/80000] Stage B | L=9.6518e+01 (IC=1.908e-02, BC=2.715e-02, PDE=4.472e+02, Qg=2.244e-01, Qz=1.866e-03, Sd=1.269e-02, SQg=8.635e-03, SwB=1.211e-06, TDS=1.326e-01) | k_frac=8.0000 mD, dp=13.30 MPa | ng=1.085, nw=4.407 | Sw=[0.100,0.246] | A(t)=[-4.14,-5.45,-5.87] | 2202.0s
2026-02-27 21:48:04 - M5Trainer - INFO - [Step  6900/80000] Stage B | L=8.0377e+01 (IC=4.146e-02, BC=4.167e-02, PDE=4.559e+02, Qg=2.224e-01, Qz=2.018e-03, Sd=1.462e-02, SQg=9.289e-03, SwB=1.251e-07, TDS=2.249e-01) | k_frac=8.0000 mD, dp=13.30 MPa | ng=1.085, nw=4.407 | Sw=[0.107,0.304] | A(t)=[-3.83,-5.18,-5.65] | 2244.7s
2026-02-27 21:48:47 - M5Trainer - INFO -   [Sw监控] SY9: Sw=[0.0688, 0.2280, 0.3672], krg_min=5.601684e-01
2026-02-27 21:48:47 - M5Trainer - INFO -   [best更新] val_score=17.5324 (step 7000)
2026-02-27 21:48:47 - M5Trainer - INFO - [Step  7000/80000] Stage B | L=8.0185e+01 (IC=3.127e-02, BC=4.640e-02, PDE=4.500e+02, Qg=2.188e-01, Qz=1.850e-03, Sd=1.105e-02, SQg=9.402e-03, SwB=0.000e+00, TDS=1.769e-01) | k_frac=8.0000 mD, dp=13.30 MPa | ng=1.085, nw=4.407 | Sw=[0.112,0.236] | A(t)=[-4.21,-5.50,-5.89] | 2287.3s
2026-02-27 21:48:47 - M5Trainer - INFO -   [k_frac诊断] grad=None, k_frac=8.000001 mD
2026-02-27 21:49:30 - M5Trainer - INFO - [Step  7100/80000] Stage B | L=9.4618e+01 (IC=2.991e-02, BC=3.637e-02, PDE=4.375e+02, Qg=2.199e-01, Qz=1.615e-03, Sd=8.527e-03, SQg=9.667e-03, SwB=0.000e+00, TDS=1.865e-01) | k_frac=8.0000 mD, dp=13.30 MPa | ng=1.085, nw=4.407 | Sw=[0.109,0.261] | A(t)=[-4.29,-5.53,-5.91] | 2329.9s
2026-02-27 21:50:13 - M5Trainer - INFO - [Step  7200/80000] Stage B | L=1.1729e+02 (IC=1.206e-02, BC=1.761e-02, PDE=4.440e+02, Qg=2.099e-01, Qz=1.610e-03, Sd=8.426e-03, SQg=9.475e-03, SwB=0.000e+00, TDS=1.782e-01) | k_frac=8.0000 mD, dp=13.30 MPa | ng=1.085, nw=4.407 | Sw=[0.130,0.321] | A(t)=[-4.55,-5.68,-6.00] | 2373.7s
2026-02-27 21:50:57 - M5Trainer - INFO - [Step  7300/80000] Stage B | L=1.0205e+02 (IC=3.775e-02, BC=2.727e-02, PDE=4.391e+02, Qg=2.107e-01, Qz=1.584e-03, Sd=8.132e-03, SQg=9.300e-03, SwB=0.000e+00, TDS=1.738e-01) | k_frac=8.0000 mD, dp=13.30 MPa | ng=1.085, nw=4.407 | Sw=[0.115,0.315] | A(t)=[-4.39,-5.56,-5.90] | 2417.0s
2026-02-27 21:51:40 - M5Trainer - INFO - [Step  7400/80000] Stage B | L=1.0680e+02 (IC=2.228e-02, BC=1.743e-02, PDE=4.453e+02, Qg=2.073e-01, Qz=1.377e-03, Sd=7.528e-03, SQg=9.403e-03, SwB=8.805e-10, TDS=1.596e-01) | k_frac=8.0000 mD, dp=13.30 MPa | ng=1.085, nw=4.407 | Sw=[0.096,0.317] | A(t)=[-4.38,-5.56,-5.90] | 2460.4s
2026-02-27 21:52:24 - M5Trainer - INFO -   [Sw监控] SY9: Sw=[0.0729, 0.2729, 0.4200], krg_min=5.042225e-01
2026-02-27 21:52:24 - M5Trainer - INFO - [Step  7500/80000] Stage B | L=7.7949e+01 (IC=2.476e-02, BC=3.701e-02, PDE=4.440e+02, Qg=2.056e-01, Qz=1.777e-03, Sd=1.006e-02, SQg=9.741e-03, SwB=0.000e+00, TDS=1.572e-01) | k_frac=8.0000 mD, dp=13.30 MPa | ng=1.085, nw=4.407 | Sw=[0.124,0.313] | A(t)=[-4.32,-5.52,-5.86] | 2504.6s
2026-02-27 21:52:24 - M5Trainer - INFO -   [k_frac诊断] grad=None, k_frac=8.000001 mD
2026-02-27 21:53:08 - M5Trainer - INFO - [Step  7600/80000] Stage B | L=8.0654e+01 (IC=2.019e-02, BC=2.255e-02, PDE=4.474e+02, Qg=2.006e-01, Qz=1.394e-03, Sd=7.043e-03, SQg=9.398e-03, SwB=3.460e-06, TDS=1.360e-01) | k_frac=8.0000 mD, dp=13.30 MPa | ng=1.085, nw=4.407 | Sw=[0.097,0.332] | A(t)=[-4.27,-5.47,-5.82] | 2548.8s
2026-02-27 21:53:53 - M5Trainer - INFO - [Step  7700/80000] Stage B | L=9.8778e+01 (IC=1.953e-02, BC=2.710e-02, PDE=4.522e+02, Qg=2.017e-01, Qz=1.559e-03, Sd=7.798e-03, SQg=9.323e-03, SwB=6.505e-06, TDS=1.726e-01) | k_frac=8.0000 mD, dp=13.30 MPa | ng=1.085, nw=4.407 | Sw=[0.079,0.388] | A(t)=[-4.17,-5.42,-5.78] | 2593.0s
2026-02-27 21:54:37 - M5Trainer - INFO - [Step  7800/80000] Stage B | L=8.5550e+01 (IC=3.011e-02, BC=3.986e-02, PDE=4.524e+02, Qg=2.163e-01, Qz=1.120e-03, Sd=6.840e-03, SQg=9.313e-03, SwB=2.177e-04, TDS=1.682e-01) | k_frac=8.0000 mD, dp=13.30 MPa | ng=1.085, nw=4.407 | Sw=[0.065,0.422] | A(t)=[-4.33,-5.52,-5.85] | 2637.5s
2026-02-27 21:55:22 - M5Trainer - INFO - [Step  7900/80000] Stage B | L=5.9772e+01 (IC=5.778e-02, BC=4.535e-02, PDE=4.569e+02, Qg=1.980e-01, Qz=1.457e-03, Sd=8.405e-03, SQg=9.809e-03, SwB=2.944e-04, TDS=1.332e-01) | k_frac=8.0000 mD, dp=13.30 MPa | ng=1.085, nw=4.407 | Sw=[0.067,0.433] | A(t)=[-5.42,-6.22,-6.39] | 2682.2s
2026-02-27 21:56:07 - M5Trainer - INFO -   [Sw监控] SY9: Sw=[0.1008, 0.2796, 0.4433], krg_min=4.797024e-01
2026-02-27 21:56:07 - M5Trainer - INFO - [Step  8000/80000] Stage B | L=8.7129e+01 (IC=2.369e-02, BC=3.109e-02, PDE=4.743e+02, Qg=1.924e-01, Qz=1.367e-03, Sd=8.785e-03, SQg=9.053e-03, SwB=7.762e-04, TDS=1.549e-01) | k_frac=8.0000 mD, dp=13.30 MPa | ng=1.085, nw=4.407 | Sw=[0.061,0.355] | A(t)=[-5.17,-5.97,-6.14] | 2727.0s
2026-02-27 21:56:07 - M5Trainer - INFO -   [k_frac诊断] grad=None, k_frac=8.000001 mD
2026-02-27 21:56:52 - M5Trainer - INFO - [Step  8100/80000] Stage B | L=7.1193e+01 (IC=3.610e-02, BC=5.413e-02, PDE=4.697e+02, Qg=1.842e-01, Qz=1.302e-03, Sd=7.314e-03, SQg=9.787e-03, SwB=5.086e-04, TDS=1.655e-01) | k_frac=8.0000 mD, dp=13.30 MPa | ng=1.085, nw=4.407 | Sw=[0.065,0.262] | A(t)=[-4.96,-5.81,-6.01] | 2772.5s
2026-02-27 21:57:37 - M5Trainer - INFO - [Step  8200/80000] Stage B | L=6.5207e+01 (IC=2.596e-02, BC=1.539e-02, PDE=4.586e+02, Qg=1.857e-01, Qz=1.388e-03, Sd=6.817e-03, SQg=9.589e-03, SwB=9.784e-04, TDS=1.432e-01) | k_frac=8.0000 mD, dp=13.30 MPa | ng=1.085, nw=4.407 | Sw=[0.066,0.428] | A(t)=[-5.24,-6.00,-6.16] | 2817.2s
2026-02-27 21:58:25 - M5Trainer - INFO - [Step  8300/80000] Stage B | L=9.6466e+01 (IC=1.115e-02, BC=1.768e-02, PDE=4.692e+02, Qg=1.820e-01, Qz=1.227e-03, Sd=7.290e-03, SQg=9.282e-03, SwB=1.209e-03, TDS=1.425e-01) | k_frac=8.0000 mD, dp=13.30 MPa | ng=1.085, nw=4.407 | Sw=[0.058,0.422] | A(t)=[-6.02,-6.56,-6.65] | 2865.5s
2026-02-27 21:59:12 - M5Trainer - INFO - [Step  8400/80000] Stage B | L=6.5950e+01 (IC=2.904e-02, BC=1.505e-02, PDE=4.639e+02, Qg=1.842e-01, Qz=9.164e-04, Sd=4.783e-03, SQg=9.945e-03, SwB=1.500e-03, TDS=1.520e-01) | k_frac=8.0000 mD, dp=13.30 MPa | ng=1.085, nw=4.407 | Sw=[0.057,0.343] | A(t)=[-5.98,-6.50,-6.59] | 2912.9s
2026-02-27 21:59:58 - M5Trainer - INFO -   [Sw监控] SY9: Sw=[0.1000, 0.3019, 0.4446], krg_min=4.783155e-01
2026-02-27 21:59:58 - M5Trainer - INFO - [Step  8500/80000] Stage B | L=7.8270e+01 (IC=1.580e-02, BC=2.151e-02, PDE=4.666e+02, Qg=2.073e-01, Qz=1.320e-03, Sd=5.520e-03, SQg=8.835e-03, SwB=1.139e-03, TDS=1.715e-01) | k_frac=8.0000 mD, dp=13.30 MPa | ng=1.085, nw=4.407 | Sw=[0.061,0.442] | A(t)=[-6.39,-6.81,-6.88] | 2958.4s
2026-02-27 21:59:58 - M5Trainer - INFO -   [k_frac诊断] grad=None, k_frac=8.000001 mD
2026-02-27 22:00:47 - M5Trainer - INFO - [Step  8600/80000] Stage B | L=7.5048e+01 (IC=1.512e-02, BC=2.467e-02, PDE=4.711e+02, Qg=1.881e-01, Qz=9.908e-04, Sd=6.142e-03, SQg=9.065e-03, SwB=4.875e-04, TDS=1.644e-01) | k_frac=8.0000 mD, dp=13.30 MPa | ng=1.085, nw=4.407 | Sw=[0.059,0.445] | A(t)=[-6.37,-6.80,-6.86] | 3007.5s
2026-02-27 22:01:36 - M5Trainer - INFO - [Step  8700/80000] Stage B | L=8.6587e+01 (IC=2.642e-02, BC=4.058e-02, PDE=4.781e+02, Qg=1.900e-01, Qz=1.039e-03, Sd=6.397e-03, SQg=9.196e-03, SwB=2.454e-04, TDS=2.631e-01) | k_frac=8.0000 mD, dp=13.30 MPa | ng=1.085, nw=4.407 | Sw=[0.069,0.444] | A(t)=[-5.93,-6.40,-6.48] | 3056.9s
2026-02-27 22:02:26 - M5Trainer - INFO - [Step  8800/80000] Stage B | L=8.8775e+01 (IC=3.956e-02, BC=4.197e-02, PDE=4.821e+02, Qg=2.014e-01, Qz=1.098e-03, Sd=7.832e-03, SQg=9.449e-03, SwB=1.708e-04, TDS=1.958e-01) | k_frac=8.0000 mD, dp=13.30 MPa | ng=1.085, nw=4.407 | Sw=[0.068,0.444] | A(t)=[-6.02,-6.47,-6.55] | 3106.5s
2026-02-27 22:03:13 - M5Trainer - INFO - [Step  8900/80000] Stage B | L=6.2721e+01 (IC=6.411e-02, BC=8.317e-02, PDE=4.742e+02, Qg=1.882e-01, Qz=1.337e-03, Sd=5.776e-03, SQg=8.884e-03, SwB=1.892e-04, TDS=1.722e-01) | k_frac=8.0000 mD, dp=13.30 MPa | ng=1.085, nw=4.407 | Sw=[0.063,0.413] | A(t)=[-5.87,-6.33,-6.41] | 3153.4s
2026-02-27 22:04:02 - M5Trainer - INFO -   [Sw监控] SY9: Sw=[0.0645, 0.2969, 0.4473], krg_min=4.754186e-01
2026-02-27 22:04:02 - M5Trainer - INFO - [Step  9000/80000] Stage B | L=8.2401e+01 (IC=3.570e-02, BC=3.248e-02, PDE=4.888e+02, Qg=1.907e-01, Qz=9.785e-04, Sd=5.817e-03, SQg=9.305e-03, SwB=4.597e-04, TDS=1.807e-01) | k_frac=8.0000 mD, dp=13.30 MPa | ng=1.085, nw=4.407 | Sw=[0.061,0.354] | A(t)=[-5.76,-6.21,-6.29] | 3202.7s
2026-02-27 22:04:02 - M5Trainer - INFO -   [k_frac诊断] grad=None, k_frac=8.000001 mD
2026-02-27 22:04:52 - M5Trainer - INFO - [Step  9100/80000] Stage B | L=8.4364e+01 (IC=3.796e-02, BC=5.016e-02, PDE=4.906e+02, Qg=1.879e-01, Qz=1.110e-03, Sd=5.719e-03, SQg=9.866e-03, SwB=6.198e-04, TDS=1.585e-01) | k_frac=8.0000 mD, dp=13.30 MPa | ng=1.085, nw=4.407 | Sw=[0.056,0.327] | A(t)=[-5.85,-6.28,-6.36] | 3252.2s
2026-02-27 22:05:41 - M5Trainer - INFO - [Step  9200/80000] Stage B | L=7.5120e+01 (IC=3.961e-02, BC=5.985e-02, PDE=4.910e+02, Qg=1.920e-01, Qz=9.041e-04, Sd=4.739e-03, SQg=8.952e-03, SwB=4.129e-04, TDS=1.871e-01) | k_frac=8.0000 mD, dp=13.30 MPa | ng=1.085, nw=4.407 | Sw=[0.059,0.349] | A(t)=[-5.80,-6.26,-6.34] | 3301.7s
2026-02-27 22:06:28 - M5Trainer - INFO - [Step  9300/80000] Stage B | L=1.0517e+02 (IC=1.086e-02, BC=1.773e-02, PDE=5.007e+02, Qg=1.898e-01, Qz=9.964e-04, Sd=5.652e-03, SQg=9.144e-03, SwB=9.272e-04, TDS=1.448e-01) | k_frac=8.0000 mD, dp=13.30 MPa | ng=1.085, nw=4.407 | Sw=[0.055,0.446] | A(t)=[-5.93,-6.32,-6.38] | 3348.8s
2026-02-27 22:07:15 - M5Trainer - INFO - [Step  9400/80000] Stage B | L=8.0869e+01 (IC=4.830e-02, BC=3.350e-02, PDE=4.962e+02, Qg=1.857e-01, Qz=1.109e-03, Sd=6.721e-03, SQg=9.320e-03, SwB=8.959e-04, TDS=1.545e-01) | k_frac=8.0000 mD, dp=13.30 MPa | ng=1.085, nw=4.407 | Sw=[0.057,0.446] | A(t)=[-5.69,-6.11,-6.18] | 3395.7s
2026-02-27 22:08:06 - M5Trainer - INFO -   [Sw监控] SY9: Sw=[0.0623, 0.2885, 0.4485], krg_min=4.742335e-01
2026-02-27 22:08:06 - M5Trainer - INFO - [Step  9500/80000] Stage B | L=9.1273e+01 (IC=1.955e-02, BC=2.132e-02, PDE=5.058e+02, Qg=1.856e-01, Qz=1.070e-03, Sd=7.444e-03, SQg=9.217e-03, SwB=7.837e-04, TDS=1.669e-01) | k_frac=8.0000 mD, dp=13.30 MPa | ng=1.085, nw=4.407 | Sw=[0.057,0.439] | A(t)=[-5.70,-6.09,-6.16] | 3446.4s
2026-02-27 22:08:06 - M5Trainer - INFO -   [k_frac诊断] grad=None, k_frac=8.000001 mD
2026-02-27 22:08:56 - M5Trainer - INFO - [Step  9600/80000] Stage B | L=7.8868e+01 (IC=4.880e-02, BC=3.680e-02, PDE=5.167e+02, Qg=1.864e-01, Qz=9.240e-04, Sd=4.558e-03, SQg=9.940e-03, SwB=6.352e-04, TDS=1.728e-01) | k_frac=8.0000 mD, dp=13.30 MPa | ng=1.085, nw=4.407 | Sw=[0.064,0.391] | A(t)=[-5.70,-6.13,-6.20] | 3496.5s
2026-02-27 22:09:47 - M5Trainer - INFO - [Step  9700/80000] Stage B | L=9.3888e+01 (IC=1.858e-02, BC=2.399e-02, PDE=5.192e+02, Qg=1.824e-01, Qz=8.252e-04, Sd=4.817e-03, SQg=9.607e-03, SwB=1.066e-03, TDS=1.559e-01) | k_frac=8.0000 mD, dp=13.30 MPa | ng=1.085, nw=4.407 | Sw=[0.064,0.446] | A(t)=[-5.92,-6.31,-6.37] | 3547.3s
2026-02-27 22:10:34 - M5Trainer - INFO - [Step  9800/80000] Stage B | L=6.4326e+01 (IC=3.034e-02, BC=3.346e-02, PDE=5.080e+02, Qg=1.776e-01, Qz=6.637e-04, Sd=4.067e-03, SQg=9.695e-03, SwB=1.097e-03, TDS=1.572e-01) | k_frac=8.0000 mD, dp=13.30 MPa | ng=1.085, nw=4.407 | Sw=[0.060,0.315] | A(t)=[-6.05,-6.40,-6.45] | 3594.6s
2026-02-27 22:11:23 - M5Trainer - INFO - [Step  9900/80000] Stage B | L=1.0136e+02 (IC=1.554e-02, BC=2.454e-02, PDE=5.143e+02, Qg=1.809e-01, Qz=7.816e-04, Sd=4.979e-03, SQg=9.955e-03, SwB=9.555e-04, TDS=1.527e-01) | k_frac=8.0000 mD, dp=13.30 MPa | ng=1.085, nw=4.407 | Sw=[0.061,0.446] | A(t)=[-6.51,-6.78,-6.82] | 3643.1s
2026-02-27 22:12:10 - M5Trainer - INFO -   [Sw监控] SY9: Sw=[0.0635, 0.2942, 0.4488], krg_min=4.738532e-01
2026-02-27 22:12:10 - M5Trainer - INFO - [Step 10000/80000] Stage B | L=7.7906e+01 (IC=2.703e-02, BC=4.026e-02, PDE=5.117e+02, Qg=1.859e-01, Qz=7.826e-04, Sd=5.304e-03, SQg=9.127e-03, SwB=1.307e-03, TDS=1.701e-01) | k_frac=8.0000 mD, dp=13.30 MPa | ng=1.085, nw=4.407 | Sw=[0.061,0.383] | A(t)=[-6.63,-6.88,-6.91] | 3690.2s
2026-02-27 22:12:10 - M5Trainer - INFO -   [k_frac诊断] grad=None, k_frac=8.000001 mD
2026-02-27 22:12:57 - M5Trainer - INFO - [Step 10100/80000] Stage B | L=6.6923e+01 (IC=2.768e-02, BC=3.570e-02, PDE=5.117e+02, Qg=1.841e-01, Qz=9.376e-04, Sd=6.142e-03, SQg=8.872e-03, SwB=1.055e-03, TDS=1.728e-01) | k_frac=8.0000 mD, dp=13.30 MPa | ng=1.085, nw=4.407 | Sw=[0.058,0.297] | A(t)=[-6.62,-6.88,-6.91] | 3737.6s
2026-02-27 22:13:46 - M5Trainer - INFO - [Step 10200/80000] Stage B | L=7.0321e+01 (IC=2.230e-02, BC=2.858e-02, PDE=5.155e+02, Qg=1.860e-01, Qz=1.132e-03, Sd=5.482e-03, SQg=9.959e-03, SwB=1.035e-03, TDS=2.070e-01) | k_frac=8.0000 mD, dp=13.30 MPa | ng=1.085, nw=4.407 | Sw=[0.055,0.447] | A(t)=[-7.00,-7.21,-7.24] | 3786.3s
2026-02-27 22:14:35 - M5Trainer - INFO - [Step 10300/80000] Stage B | L=8.5128e+01 (IC=1.790e-02, BC=2.030e-02, PDE=5.209e+02, Qg=1.955e-01, Qz=1.256e-03, Sd=7.463e-03, SQg=9.902e-03, SwB=1.318e-03, TDS=1.644e-01) | k_frac=8.0000 mD, dp=13.30 MPa | ng=1.085, nw=4.407 | Sw=[0.059,0.447] | A(t)=[-7.23,-7.42,-7.45] | 3835.6s
2026-02-27 22:15:26 - M5Trainer - INFO - [Step 10400/80000] Stage B | L=7.6555e+01 (IC=1.598e-02, BC=2.111e-02, PDE=5.193e+02, Qg=1.868e-01, Qz=7.627e-04, Sd=4.447e-03, SQg=9.805e-03, SwB=8.105e-04, TDS=1.500e-01) | k_frac=8.0000 mD, dp=13.30 MPa | ng=1.085, nw=4.407 | Sw=[0.060,0.448] | A(t)=[-7.26,-7.44,-7.46] | 3886.8s
2026-02-27 22:16:14 - M5Trainer - INFO -   [Sw监控] SY9: Sw=[0.0769, 0.2941, 0.4490], krg_min=4.737111e-01
2026-02-27 22:16:14 - M5Trainer - INFO - [Step 10500/80000] Stage B | L=9.0947e+01 (IC=3.177e-02, BC=3.403e-02, PDE=5.256e+02, Qg=1.768e-01, Qz=9.749e-04, Sd=4.814e-03, SQg=9.967e-03, SwB=8.955e-04, TDS=1.459e-01) | k_frac=8.0000 mD, dp=13.30 MPa | ng=1.085, nw=4.407 | Sw=[0.057,0.318] | A(t)=[-7.30,-7.47,-7.49] | 3934.3s
2026-02-27 22:16:14 - M5Trainer - INFO -   [k_frac诊断] grad=None, k_frac=8.000001 mD
2026-02-27 22:17:06 - M5Trainer - INFO - [Step 10600/80000] Stage B | L=6.6154e+01 (IC=1.592e-02, BC=3.837e-02, PDE=5.221e+02, Qg=1.765e-01, Qz=8.825e-04, Sd=4.658e-03, SQg=9.682e-03, SwB=1.401e-03, TDS=1.467e-01) | k_frac=8.0000 mD, dp=13.30 MPa | ng=1.085, nw=4.407 | Sw=[0.056,0.446] | A(t)=[-7.15,-7.34,-7.36] | 3986.0s
2026-02-27 22:17:56 - M5Trainer - INFO - [Step 10700/80000] Stage B | L=5.1794e+01 (IC=9.375e-02, BC=8.649e-02, PDE=5.254e+02, Qg=1.864e-01, Qz=1.035e-03, Sd=4.160e-03, SQg=1.040e-02, SwB=7.112e-04, TDS=2.415e-01) | k_frac=8.0000 mD, dp=13.30 MPa | ng=1.085, nw=4.407 | Sw=[0.064,0.304] | A(t)=[-7.37,-7.53,-7.55] | 4036.3s
2026-02-27 22:18:48 - M5Trainer - INFO - [Step 10800/80000] Stage B | L=1.1447e+02 (IC=3.034e-02, BC=3.887e-02, PDE=5.231e+02, Qg=1.787e-01, Qz=7.087e-04, Sd=3.875e-03, SQg=1.000e-02, SwB=7.362e-04, TDS=1.668e-01) | k_frac=8.0000 mD, dp=13.30 MPa | ng=1.085, nw=4.407 | Sw=[0.061,0.448] | A(t)=[-7.38,-7.53,-7.55] | 4088.2s
2026-02-27 22:19:38 - M5Trainer - INFO - [Step 10900/80000] Stage B | L=1.0671e+02 (IC=2.083e-02, BC=2.273e-02, PDE=5.299e+02, Qg=1.788e-01, Qz=7.225e-04, Sd=2.776e-03, SQg=9.997e-03, SwB=7.115e-04, TDS=1.658e-01) | k_frac=8.0000 mD, dp=13.30 MPa | ng=1.085, nw=4.407 | Sw=[0.061,0.407] | A(t)=[-7.29,-7.46,-7.48] | 4138.2s
2026-02-27 22:20:29 - M5Trainer - INFO -   [Sw监控] SY9: Sw=[0.0565, 0.3045, 0.4490], krg_min=4.736353e-01
2026-02-27 22:20:29 - M5Trainer - INFO -   [best更新] val_score=9.6440 (step 11000)
2026-02-27 22:20:29 - M5Trainer - INFO - [Step 11000/80000] Stage B | L=7.4140e+01 (IC=1.924e-02, BC=1.975e-02, PDE=5.303e+02, Qg=1.778e-01, Qz=8.752e-04, Sd=3.817e-03, SQg=9.648e-03, SwB=1.084e-03, TDS=1.499e-01) | k_frac=8.0000 mD, dp=13.30 MPa | ng=1.085, nw=4.407 | Sw=[0.062,0.446] | A(t)=[-7.20,-7.39,-7.41] | 4189.3s
2026-02-27 22:20:29 - M5Trainer - INFO -   [k_frac诊断] grad=None, k_frac=8.000001 mD
2026-02-27 22:21:23 - M5Trainer - INFO - [Step 11100/80000] Stage B | L=7.9835e+01 (IC=1.214e-02, BC=1.842e-02, PDE=5.376e+02, Qg=1.782e-01, Qz=7.474e-04, Sd=2.894e-03, SQg=9.838e-03, SwB=1.283e-03, TDS=1.779e-01) | k_frac=8.0000 mD, dp=13.30 MPa | ng=1.085, nw=4.407 | Sw=[0.057,0.448] | A(t)=[-7.53,-7.68,-7.70] | 4243.8s
2026-02-27 22:22:20 - M5Trainer - INFO - [Step 11200/80000] Stage B | L=7.5004e+01 (IC=1.204e-02, BC=2.051e-02, PDE=5.363e+02, Qg=1.844e-01, Qz=9.446e-04, Sd=6.118e-03, SQg=9.528e-03, SwB=2.140e-03, TDS=1.750e-01) | k_frac=8.0000 mD, dp=13.30 MPa | ng=1.085, nw=4.407 | Sw=[0.057,0.448] | A(t)=[-7.53,-7.68,-7.69] | 4300.1s
2026-02-27 22:23:12 - M5Trainer - INFO - [Step 11300/80000] Stage B | L=8.1193e+01 (IC=9.313e-03, BC=1.511e-02, PDE=5.231e+02, Qg=1.874e-01, Qz=1.008e-03, Sd=5.362e-03, SQg=9.543e-03, SwB=1.778e-03, TDS=1.740e-01) | k_frac=8.0000 mD, dp=13.30 MPa | ng=1.085, nw=4.407 | Sw=[0.063,0.448] | A(t)=[-7.63,-7.77,-7.78] | 4352.6s
2026-02-27 22:24:07 - M5Trainer - INFO - [Step 11400/80000] Stage B | L=8.4120e+01 (IC=3.798e-02, BC=4.043e-02, PDE=5.293e+02, Qg=1.855e-01, Qz=1.132e-03, Sd=5.062e-03, SQg=9.617e-03, SwB=1.150e-03, TDS=1.786e-01) | k_frac=8.0000 mD, dp=13.30 MPa | ng=1.085, nw=4.407 | Sw=[0.062,0.193] | A(t)=[-7.19,-7.36,-7.38] | 4407.0s
2026-02-27 22:25:02 - M5Trainer - INFO -   [Sw监控] SY9: Sw=[0.1212, 0.2904, 0.4493], krg_min=4.733727e-01
2026-02-27 22:25:02 - M5Trainer - INFO - [Step 11500/80000] Stage B | L=7.8219e+01 (IC=2.103e-02, BC=2.675e-02, PDE=5.546e+02, Qg=1.884e-01, Qz=9.341e-04, Sd=4.331e-03, SQg=9.489e-03, SwB=8.136e-04, TDS=1.431e-01) | k_frac=8.0000 mD, dp=13.30 MPa | ng=1.085, nw=4.407 | Sw=[0.057,0.448] | A(t)=[-7.49,-7.64,-7.65] | 4461.9s
2026-02-27 22:25:02 - M5Trainer - INFO -   [k_frac诊断] grad=None, k_frac=8.000001 mD
2026-02-27 22:25:58 - M5Trainer - INFO - [Step 11600/80000] Stage B | L=7.2948e+01 (IC=2.441e-02, BC=2.337e-02, PDE=5.526e+02, Qg=1.772e-01, Qz=9.157e-04, Sd=3.860e-03, SQg=9.798e-03, SwB=1.233e-03, TDS=1.724e-01) | k_frac=8.0000 mD, dp=13.30 MPa | ng=1.085, nw=4.407 | Sw=[0.064,0.261] | A(t)=[-7.61,-7.74,-7.75] | 4518.5s
2026-02-27 22:26:54 - M5Trainer - INFO - [Step 11700/80000] Stage B | L=5.4987e+01 (IC=9.090e-02, BC=3.896e-02, PDE=5.526e+02, Qg=1.771e-01, Qz=1.236e-03, Sd=5.632e-03, SQg=1.003e-02, SwB=1.450e-03, TDS=1.641e-01) | k_frac=8.0000 mD, dp=13.30 MPa | ng=1.085, nw=4.407 | Sw=[0.058,0.448] | A(t)=[-7.65,-7.77,-7.78] | 4573.9s
2026-02-27 22:27:50 - M5Trainer - INFO - [Step 11800/80000] Stage B | L=8.1578e+01 (IC=8.083e-03, BC=1.305e-02, PDE=5.577e+02, Qg=1.899e-01, Qz=1.157e-03, Sd=7.558e-03, SQg=9.816e-03, SwB=1.115e-03, TDS=1.774e-01) | k_frac=8.0000 mD, dp=13.30 MPa | ng=1.085, nw=4.407 | Sw=[0.065,0.274] | A(t)=[-7.73,-7.85,-7.86] | 4630.0s
2026-02-27 22:28:48 - M5Trainer - INFO - [Step 11900/80000] Stage B | L=8.4175e+01 (IC=1.786e-02, BC=2.014e-02, PDE=5.469e+02, Qg=1.930e-01, Qz=9.721e-04, Sd=4.071e-03, SQg=9.576e-03, SwB=1.012e-03, TDS=1.531e-01) | k_frac=8.0000 mD, dp=13.30 MPa | ng=1.085, nw=4.407 | Sw=[0.061,0.448] | A(t)=[-7.73,-7.84,-7.85] | 4687.9s
2026-02-27 22:29:44 - M5Trainer - INFO -   [Sw监控] SY9: Sw=[0.0607, 0.2932, 0.4490], krg_min=4.736701e-01
2026-02-27 22:29:44 - M5Trainer - INFO -   [best更新] val_score=8.8212 (step 12000)
2026-02-27 22:29:44 - M5Trainer - INFO - [Step 12000/80000] Stage B | L=6.0955e+01 (IC=6.139e-02, BC=4.968e-02, PDE=5.677e+02, Qg=1.814e-01, Qz=9.178e-04, Sd=4.267e-03, SQg=9.554e-03, SwB=7.425e-04, TDS=1.513e-01) | k_frac=8.0000 mD, dp=13.30 MPa | ng=1.085, nw=4.407 | Sw=[0.069,0.356] | A(t)=[-7.70,-7.81,-7.82] | 4744.0s
2026-02-27 22:29:44 - M5Trainer - INFO -   [k_frac诊断] grad=None, k_frac=8.000001 mD
2026-02-27 22:30:43 - M5Trainer - INFO - [Step 12100/80000] Stage B | L=5.5684e+01 (IC=9.493e-02, BC=1.072e-01, PDE=5.717e+02, Qg=1.860e-01, Qz=8.481e-04, Sd=4.144e-03, SQg=9.509e-03, SwB=7.659e-04, TDS=1.563e-01) | k_frac=8.0000 mD, dp=13.30 MPa | ng=1.085, nw=4.407 | Sw=[0.066,0.272] | A(t)=[-7.68,-7.79,-7.80] | 4803.7s
2026-02-27 22:31:39 - M5Trainer - INFO - [Step 12200/80000] Stage B | L=1.1772e+02 (IC=1.424e-02, BC=1.968e-02, PDE=5.622e+02, Qg=1.826e-01, Qz=8.071e-04, Sd=3.240e-03, SQg=9.784e-03, SwB=9.305e-04, TDS=1.823e-01) | k_frac=8.0000 mD, dp=13.30 MPa | ng=1.085, nw=4.407 | Sw=[0.062,0.296] | A(t)=[-7.44,-7.59,-7.60] | 4859.9s
2026-02-27 22:32:35 - M5Trainer - INFO - [Step 12300/80000] Stage B | L=7.1107e+01 (IC=4.198e-02, BC=6.118e-02, PDE=5.713e+02, Qg=1.827e-01, Qz=7.970e-04, Sd=3.687e-03, SQg=1.012e-02, SwB=9.118e-04, TDS=1.596e-01) | k_frac=8.0000 mD, dp=13.30 MPa | ng=1.085, nw=4.407 | Sw=[0.055,0.192] | A(t)=[-7.30,-7.46,-7.47] | 4915.5s
2026-02-27 22:33:33 - M5Trainer - INFO - [Step 12400/80000] Stage B | L=1.1421e+02 (IC=1.334e-02, BC=1.883e-02, PDE=5.624e+02, Qg=1.763e-01, Qz=8.861e-04, Sd=3.900e-03, SQg=9.420e-03, SwB=6.156e-04, TDS=1.532e-01) | k_frac=8.0000 mD, dp=13.30 MPa | ng=1.085, nw=4.407 | Sw=[0.059,0.447] | A(t)=[-7.39,-7.57,-7.58] | 4973.1s
2026-02-27 22:34:29 - M5Trainer - INFO -   [Sw监控] SY9: Sw=[0.0778, 0.3097, 0.4494], krg_min=4.732339e-01
2026-02-27 22:34:29 - M5Trainer - INFO - [Step 12500/80000] Stage B | L=6.7322e+01 (IC=3.915e-02, BC=5.318e-02, PDE=5.680e+02, Qg=1.774e-01, Qz=9.040e-04, Sd=5.797e-03, SQg=9.728e-03, SwB=8.226e-04, TDS=1.631e-01) | k_frac=8.0000 mD, dp=13.30 MPa | ng=1.085, nw=4.407 | Sw=[0.061,0.449] | A(t)=[-7.32,-7.49,-7.51] | 5029.0s
2026-02-27 22:34:29 - M5Trainer - INFO -   [k_frac诊断] grad=None, k_frac=8.000001 mD
2026-02-27 22:35:27 - M5Trainer - INFO - [Step 12600/80000] Stage B | L=8.0647e+01 (IC=1.077e-02, BC=1.840e-02, PDE=5.825e+02, Qg=1.754e-01, Qz=8.145e-04, Sd=3.841e-03, SQg=1.020e-02, SwB=8.239e-04, TDS=1.615e-01) | k_frac=8.0000 mD, dp=13.30 MPa | ng=1.085, nw=4.407 | Sw=[0.057,0.363] | A(t)=[-7.59,-7.72,-7.73] | 5087.3s
2026-02-27 22:36:23 - M5Trainer - INFO - [Step 12700/80000] Stage B | L=1.3624e+02 (IC=1.637e-02, BC=2.076e-02, PDE=5.688e+02, Qg=1.820e-01, Qz=6.612e-04, Sd=2.730e-03, SQg=1.032e-02, SwB=5.884e-04, TDS=2.056e-01) | k_frac=8.0000 mD, dp=13.30 MPa | ng=1.085, nw=4.407 | Sw=[0.065,0.329] | A(t)=[-7.70,-7.82,-7.82] | 5143.7s
2026-02-27 22:37:21 - M5Trainer - INFO - [Step 12800/80000] Stage B | L=8.9134e+01 (IC=1.849e-02, BC=2.848e-02, PDE=5.807e+02, Qg=1.760e-01, Qz=7.209e-04, Sd=2.930e-03, SQg=1.011e-02, SwB=6.541e-04, TDS=1.866e-01) | k_frac=8.0000 mD, dp=13.30 MPa | ng=1.085, nw=4.407 | Sw=[0.057,0.438] | A(t)=[-7.40,-7.55,-7.56] | 5201.9s
2026-02-27 22:38:22 - M5Trainer - INFO - [Step 12900/80000] Stage B | L=7.0469e+01 (IC=3.373e-02, BC=5.089e-02, PDE=5.738e+02, Qg=1.740e-01, Qz=6.717e-04, Sd=2.547e-03, SQg=9.837e-03, SwB=7.072e-04, TDS=1.879e-01) | k_frac=8.0000 mD, dp=13.30 MPa | ng=1.085, nw=4.407 | Sw=[0.064,0.449] | A(t)=[-7.40,-7.57,-7.58] | 5262.1s
2026-02-27 22:39:17 - M5Trainer - INFO -   [Sw监控] SY9: Sw=[0.0705, 0.3091, 0.4496], krg_min=4.730617e-01
2026-02-27 22:39:17 - M5Trainer - INFO - [Step 13000/80000] Stage B | L=7.4916e+01 (IC=3.742e-02, BC=6.049e-02, PDE=5.770e+02, Qg=1.799e-01, Qz=5.145e-04, Sd=3.258e-03, SQg=9.958e-03, SwB=1.054e-03, TDS=1.750e-01) | k_frac=8.0000 mD, dp=13.30 MPa | ng=1.085, nw=4.407 | Sw=[0.061,0.418] | A(t)=[-7.63,-7.76,-7.77] | 5317.8s
2026-02-27 22:39:17 - M5Trainer - INFO -   [k_frac诊断] grad=None, k_frac=8.000001 mD
2026-02-27 22:40:20 - M5Trainer - INFO - [Step 13100/80000] Stage B | L=8.7600e+01 (IC=1.111e-02, BC=1.847e-02, PDE=5.860e+02, Qg=1.760e-01, Qz=5.072e-04, Sd=3.155e-03, SQg=9.876e-03, SwB=1.215e-03, TDS=1.860e-01) | k_frac=8.0000 mD, dp=13.30 MPa | ng=1.085, nw=4.407 | Sw=[0.062,0.425] | A(t)=[-7.52,-7.66,-7.66] | 5380.8s
2026-02-27 22:41:24 - M5Trainer - INFO - [Step 13200/80000] Stage B | L=8.6155e+01 (IC=9.745e-03, BC=1.323e-02, PDE=5.736e+02, Qg=1.803e-01, Qz=7.243e-04, Sd=4.288e-03, SQg=9.801e-03, SwB=1.166e-03, TDS=1.634e-01) | k_frac=8.0000 mD, dp=13.30 MPa | ng=1.085, nw=4.407 | Sw=[0.059,0.357] | A(t)=[-7.74,-7.85,-7.85] | 5444.2s
2026-02-27 22:42:29 - M5Trainer - INFO - [Step 13300/80000] Stage B | L=8.6227e+01 (IC=9.908e-03, BC=1.344e-02, PDE=5.733e+02, Qg=1.775e-01, Qz=7.848e-04, Sd=3.482e-03, SQg=1.001e-02, SwB=1.016e-03, TDS=1.746e-01) | k_frac=8.0000 mD, dp=13.30 MPa | ng=1.085, nw=4.407 | Sw=[0.055,0.313] | A(t)=[-7.82,-7.92,-7.92] | 5509.0s
2026-02-27 22:43:30 - M5Trainer - INFO - [Step 13400/80000] Stage B | L=8.3985e+01 (IC=8.638e-03, BC=1.390e-02, PDE=5.779e+02, Qg=1.796e-01, Qz=1.022e-03, Sd=4.801e-03, SQg=9.548e-03, SwB=8.979e-04, TDS=1.748e-01) | k_frac=8.0000 mD, dp=13.30 MPa | ng=1.085, nw=4.407 | Sw=[0.055,0.424] | A(t)=[-7.81,-7.90,-7.91] | 5570.5s
2026-02-27 22:44:33 - M5Trainer - INFO -   [Sw监控] SY9: Sw=[0.0513, 0.2937, 0.4497], krg_min=4.729477e-01
2026-02-27 22:44:33 - M5Trainer - INFO - [Step 13500/80000] Stage B | L=8.0540e+01 (IC=1.706e-02, BC=1.705e-02, PDE=5.878e+02, Qg=1.778e-01, Qz=7.434e-04, Sd=3.939e-03, SQg=9.589e-03, SwB=7.798e-04, TDS=1.857e-01) | k_frac=8.0000 mD, dp=13.30 MPa | ng=1.085, nw=4.407 | Sw=[0.058,0.449] | A(t)=[-7.82,-7.91,-7.91] | 5633.6s
2026-02-27 22:44:33 - M5Trainer - INFO -   [k_frac诊断] grad=None, k_frac=8.000001 mD
2026-02-27 22:45:39 - M5Trainer - INFO - [Step 13600/80000] Stage B | L=7.8344e+01 (IC=1.862e-02, BC=2.198e-02, PDE=5.877e+02, Qg=1.730e-01, Qz=7.753e-04, Sd=3.272e-03, SQg=1.002e-02, SwB=8.270e-04, TDS=1.829e-01) | k_frac=8.0000 mD, dp=13.30 MPa | ng=1.085, nw=4.407 | Sw=[0.065,0.311] | A(t)=[-7.71,-7.81,-7.82] | 5699.5s
2026-02-27 22:46:40 - M5Trainer - INFO - [Step 13700/80000] Stage B | L=8.6567e+01 (IC=1.286e-02, BC=1.824e-02, PDE=5.769e+02, Qg=1.771e-01, Qz=8.305e-04, Sd=2.319e-03, SQg=1.040e-02, SwB=9.661e-04, TDS=2.147e-01) | k_frac=8.0000 mD, dp=13.30 MPa | ng=1.085, nw=4.407 | Sw=[0.063,0.394] | A(t)=[-7.75,-7.85,-7.85] | 5760.9s
2026-02-27 22:47:46 - M5Trainer - INFO - [Step 13800/80000] Stage B | L=8.6161e+01 (IC=7.738e-03, BC=1.012e-02, PDE=5.842e+02, Qg=1.751e-01, Qz=8.332e-04, Sd=3.532e-03, SQg=9.875e-03, SwB=1.203e-03, TDS=1.785e-01) | k_frac=8.0000 mD, dp=13.30 MPa | ng=1.085, nw=4.407 | Sw=[0.062,0.357] | A(t)=[-7.75,-7.84,-7.84] | 5826.7s
2026-02-27 22:48:53 - M5Trainer - INFO - [Step 13900/80000] Stage B | L=8.5601e+01 (IC=1.697e-02, BC=1.918e-02, PDE=5.818e+02, Qg=1.818e-01, Qz=7.289e-04, Sd=2.723e-03, SQg=9.871e-03, SwB=1.238e-03, TDS=1.649e-01) | k_frac=8.0000 mD, dp=13.30 MPa | ng=1.085, nw=4.407 | Sw=[0.058,0.448] | A(t)=[-7.82,-7.92,-7.92] | 5893.4s
2026-02-27 22:50:01 - M5Trainer - INFO -   [Sw监控] SY9: Sw=[0.0506, 0.3001, 0.4496], krg_min=4.729840e-01
2026-02-27 22:50:01 - M5Trainer - INFO - [Step 14000/80000] Stage B | L=7.9309e+01 (IC=1.548e-02, BC=1.902e-02, PDE=5.903e+02, Qg=1.721e-01, Qz=7.498e-04, Sd=2.992e-03, SQg=1.005e-02, SwB=9.314e-04, TDS=1.634e-01) | k_frac=8.0000 mD, dp=13.30 MPa | ng=1.085, nw=4.407 | Sw=[0.061,0.332] | A(t)=[-7.84,-7.93,-7.93] | 5961.5s
2026-02-27 22:50:01 - M5Trainer - INFO -   [k_frac诊断] grad=None, k_frac=8.000001 mD
2026-02-27 22:51:06 - M5Trainer - INFO - [Step 14100/80000] Stage B | L=9.2461e+01 (IC=9.311e-03, BC=1.088e-02, PDE=5.967e+02, Qg=1.775e-01, Qz=5.881e-04, Sd=2.087e-03, SQg=9.831e-03, SwB=8.548e-04, TDS=1.648e-01) | k_frac=8.0000 mD, dp=13.30 MPa | ng=1.085, nw=4.407 | Sw=[0.064,0.449] | A(t)=[-7.85,-7.96,-7.96] | 6026.7s
2026-02-27 22:52:12 - M5Trainer - INFO - [Step 14200/80000] Stage B | L=1.3434e+02 (IC=2.223e-02, BC=2.195e-02, PDE=5.908e+02, Qg=1.796e-01, Qz=6.599e-04, Sd=2.201e-03, SQg=9.908e-03, SwB=7.980e-04, TDS=1.613e-01) | k_frac=8.0000 mD, dp=13.30 MPa | ng=1.085, nw=4.407 | Sw=[0.064,0.449] | A(t)=[-7.71,-7.83,-7.84] | 6092.6s
2026-02-27 22:53:15 - M5Trainer - INFO - [Step 14300/80000] Stage B | L=8.1457e+01 (IC=1.947e-02, BC=1.501e-02, PDE=5.892e+02, Qg=1.779e-01, Qz=8.407e-04, Sd=3.219e-03, SQg=9.826e-03, SwB=9.559e-04, TDS=1.542e-01) | k_frac=8.0000 mD, dp=13.30 MPa | ng=1.085, nw=4.407 | Sw=[0.066,0.369] | A(t)=[-7.77,-7.88,-7.88] | 6155.2s
2026-02-27 22:54:18 - M5Trainer - INFO - [Step 14400/80000] Stage B | L=9.0408e+01 (IC=6.800e-03, BC=9.959e-03, PDE=5.941e+02, Qg=1.741e-01, Qz=5.302e-04, Sd=2.228e-03, SQg=1.001e-02, SwB=9.837e-04, TDS=1.645e-01) | k_frac=8.0000 mD, dp=13.30 MPa | ng=1.085, nw=4.407 | Sw=[0.060,0.271] | A(t)=[-7.76,-7.86,-7.86] | 6217.9s
2026-02-27 22:55:26 - M5Trainer - INFO -   [Sw监控] SY9: Sw=[0.0508, 0.3067, 0.4498], krg_min=4.728281e-01
2026-02-27 22:55:26 - M5Trainer - INFO - [Step 14500/80000] Stage B | L=6.9695e+01 (IC=3.611e-02, BC=3.179e-02, PDE=5.994e+02, Qg=1.734e-01, Qz=7.509e-04, Sd=3.011e-03, SQg=9.833e-03, SwB=6.889e-04, TDS=1.636e-01) | k_frac=8.0000 mD, dp=13.30 MPa | ng=1.085, nw=4.407 | Sw=[0.060,0.449] | A(t)=[-7.81,-7.90,-7.90] | 6286.4s
2026-02-27 22:55:26 - M5Trainer - INFO -   [k_frac诊断] grad=None, k_frac=8.000001 mD
2026-02-27 22:56:36 - M5Trainer - INFO - [Step 14600/80000] Stage B | L=9.5315e+01 (IC=1.140e-02, BC=1.500e-02, PDE=5.986e+02, Qg=1.837e-01, Qz=5.523e-04, Sd=1.671e-03, SQg=9.610e-03, SwB=9.430e-04, TDS=1.670e-01) | k_frac=8.0000 mD, dp=13.30 MPa | ng=1.085, nw=4.407 | Sw=[0.061,0.433] | A(t)=[-7.77,-7.87,-7.87] | 6356.5s
2026-02-27 22:57:46 - M5Trainer - INFO - [Step 14700/80000] Stage B | L=9.1495e+01 (IC=1.548e-02, BC=1.798e-02, PDE=6.032e+02, Qg=1.756e-01, Qz=7.706e-04, Sd=2.458e-03, SQg=9.530e-03, SwB=7.849e-04, TDS=1.606e-01) | k_frac=8.0000 mD, dp=13.30 MPa | ng=1.085, nw=4.407 | Sw=[0.062,0.266] | A(t)=[-7.77,-7.87,-7.87] | 6426.2s
2026-02-27 22:58:51 - M5Trainer - INFO - [Step 14800/80000] Stage B | L=8.0471e+01 (IC=2.008e-02, BC=1.983e-02, PDE=5.984e+02, Qg=1.694e-01, Qz=6.855e-04, Sd=2.174e-03, SQg=9.994e-03, SwB=8.141e-04, TDS=1.576e-01) | k_frac=8.0000 mD, dp=13.30 MPa | ng=1.085, nw=4.407 | Sw=[0.062,0.449] | A(t)=[-7.77,-7.87,-7.87] | 6491.4s
2026-02-27 22:59:57 - M5Trainer - INFO - [Step 14900/80000] Stage B | L=7.9476e+01 (IC=2.458e-02, BC=2.992e-02, PDE=6.060e+02, Qg=1.789e-01, Qz=6.857e-04, Sd=2.058e-03, SQg=9.753e-03, SwB=9.677e-04, TDS=1.646e-01) | k_frac=8.0000 mD, dp=13.30 MPa | ng=1.085, nw=4.407 | Sw=[0.059,0.397] | A(t)=[-7.83,-7.92,-7.92] | 6557.1s
2026-02-27 23:01:04 - M5Trainer - INFO -   [Sw监控] SY9: Sw=[0.0519, 0.3066, 0.4498], krg_min=4.728613e-01
2026-02-27 23:01:04 - M5Trainer - INFO - [Step 15000/80000] Stage B | L=8.9813e+01 (IC=1.603e-02, BC=1.916e-02, PDE=6.082e+02, Qg=1.814e-01, Qz=5.633e-04, Sd=1.657e-03, SQg=9.693e-03, SwB=4.800e-04, TDS=1.803e-01) | k_frac=8.0000 mD, dp=13.30 MPa | ng=1.085, nw=4.407 | Sw=[0.072,0.448] | A(t)=[-7.84,-7.92,-7.92] | 6624.7s
2026-02-27 23:01:04 - M5Trainer - INFO -   [k_frac诊断] grad=None, k_frac=8.000001 mD
2026-02-27 23:02:10 - M5Trainer - INFO - [Step 15100/80000] Stage B | L=8.9945e+01 (IC=9.422e-03, BC=1.920e-02, PDE=6.121e+02, Qg=1.798e-01, Qz=7.090e-04, Sd=2.293e-03, SQg=9.568e-03, SwB=3.240e-04, TDS=2.149e-01) | k_frac=8.0000 mD, dp=13.30 MPa | ng=1.085, nw=4.407 | Sw=[0.053,0.347] | A(t)=[-7.79,-7.87,-7.87] | 6690.8s
2026-02-27 23:03:16 - M5Trainer - INFO - [Step 15200/80000] Stage B | L=9.2016e+01 (IC=7.594e-03, BC=9.135e-03, PDE=6.120e+02, Qg=1.785e-01, Qz=6.416e-04, Sd=2.698e-03, SQg=9.916e-03, SwB=8.013e-04, TDS=2.044e-01) | k_frac=8.0000 mD, dp=13.30 MPa | ng=1.085, nw=4.407 | Sw=[0.066,0.307] | A(t)=[-7.85,-7.97,-7.98] | 6756.0s
2026-02-27 23:04:21 - M5Trainer - INFO - [Step 15300/80000] Stage B | L=7.9950e+01 (IC=2.337e-02, BC=2.024e-02, PDE=6.049e+02, Qg=1.757e-01, Qz=6.773e-04, Sd=2.380e-03, SQg=1.003e-02, SwB=5.513e-04, TDS=1.862e-01) | k_frac=8.0000 mD, dp=13.30 MPa | ng=1.085, nw=4.407 | Sw=[0.059,0.449] | A(t)=[-7.75,-7.95,-7.95] | 6821.7s
2026-02-27 23:05:32 - M5Trainer - INFO - [Step 15400/80000] Stage B | L=5.6708e+01 (IC=7.209e-02, BC=7.149e-02, PDE=6.075e+02, Qg=1.775e-01, Qz=7.549e-04, Sd=2.756e-03, SQg=9.808e-03, SwB=5.980e-04, TDS=1.760e-01) | k_frac=8.0000 mD, dp=13.30 MPa | ng=1.085, nw=4.407 | Sw=[0.061,0.287] | A(t)=[-7.77,-7.99,-7.99] | 6892.5s
2026-02-27 23:06:54 - M5Trainer - INFO -   [Sw监控] SY9: Sw=[0.0542, 0.3018, 0.4498], krg_min=4.728540e-01
2026-02-27 23:06:54 - M5Trainer - INFO - [Step 15500/80000] Stage B | L=8.4654e+01 (IC=2.122e-02, BC=1.872e-02, PDE=6.173e+02, Qg=1.768e-01, Qz=6.926e-04, Sd=2.027e-03, SQg=9.778e-03, SwB=4.587e-04, TDS=1.935e-01) | k_frac=8.0000 mD, dp=13.30 MPa | ng=1.085, nw=4.407 | Sw=[0.065,0.321] | A(t)=[-7.74,-7.91,-7.91] | 6974.9s
2026-02-27 23:06:54 - M5Trainer - INFO -   [k_frac诊断] grad=None, k_frac=8.000001 mD
2026-02-27 23:12:37 - M5Trainer - INFO - [Step 15600/80000] Stage B | L=9.4758e+01 (IC=9.651e-03, BC=9.506e-03, PDE=6.192e+02, Qg=1.770e-01, Qz=6.431e-04, Sd=1.971e-03, SQg=9.778e-03, SwB=4.214e-04, TDS=1.779e-01) | k_frac=8.0000 mD, dp=13.30 MPa | ng=1.085, nw=4.407 | Sw=[0.057,0.384] | A(t)=[-7.83,-8.04,-8.04] | 7317.2s
2026-02-27 23:17:00 - M5Trainer - INFO - [Step 15700/80000] Stage B | L=8.4270e+01 (IC=1.772e-02, BC=2.339e-02, PDE=6.195e+02, Qg=1.818e-01, Qz=6.937e-04, Sd=2.527e-03, SQg=9.743e-03, SwB=4.406e-04, TDS=1.726e-01) | k_frac=8.0000 mD, dp=13.30 MPa | ng=1.085, nw=4.407 | Sw=[0.072,0.450] | A(t)=[-7.70,-8.01,-8.01] | 7580.1s
2026-02-27 23:21:41 - M5Trainer - INFO - [Step 15800/80000] Stage B | L=9.1414e+01 (IC=8.330e-03, BC=9.183e-03, PDE=6.143e+02, Qg=1.726e-01, Qz=6.636e-04, Sd=2.344e-03, SQg=9.747e-03, SwB=3.611e-04, TDS=1.589e-01) | k_frac=8.0000 mD, dp=13.30 MPa | ng=1.085, nw=4.407 | Sw=[0.066,0.378] | A(t)=[-7.67,-8.02,-8.02] | 7860.9s
2026-02-27 23:26:12 - M5Trainer - INFO - [Step 15900/80000] Stage B | L=8.7637e+01 (IC=1.105e-02, BC=1.125e-02, PDE=6.174e+02, Qg=1.735e-01, Qz=7.616e-04, Sd=2.572e-03, SQg=1.010e-02, SwB=5.116e-04, TDS=1.770e-01) | k_frac=8.0000 mD, dp=13.30 MPa | ng=1.085, nw=4.407 | Sw=[0.062,0.331] | A(t)=[-7.72,-7.98,-7.98] | 8132.8s
2026-02-27 23:31:18 - M5Trainer - INFO -   [Sw监控] SY9: Sw=[0.0595, 0.3193, 0.4499], krg_min=4.727494e-01
2026-02-27 23:31:18 - M5Trainer - INFO - [Step 16000/80000] Stage B | L=1.2473e+02 (IC=8.712e-03, BC=1.412e-02, PDE=6.269e+02, Qg=1.827e-01, Qz=6.313e-04, Sd=1.931e-03, SQg=9.789e-03, SwB=3.703e-04, TDS=1.595e-01) | k_frac=8.0000 mD, dp=13.30 MPa | ng=1.085, nw=4.407 | Sw=[0.060,0.406] | A(t)=[-7.52,-7.98,-7.98] | 8438.7s
2026-02-27 23:31:18 - M5Trainer - INFO -   [k_frac诊断] grad=None, k_frac=8.000001 mD
2026-02-27 23:36:20 - M5Trainer - INFO - [Step 16100/80000] Stage B | L=8.0463e+01 (IC=3.592e-02, BC=8.616e-03, PDE=6.249e+02, Qg=1.760e-01, Qz=7.431e-04, Sd=2.420e-03, SQg=9.852e-03, SwB=6.243e-04, TDS=1.584e-01) | k_frac=8.0000 mD, dp=13.30 MPa | ng=1.085, nw=4.407 | Sw=[0.062,0.213] | A(t)=[-7.66,-7.96,-7.96] | 8740.2s
2026-02-27 23:40:36 - M5Trainer - INFO - [Step 16200/80000] Stage B | L=7.8022e+01 (IC=1.574e-02, BC=1.929e-02, PDE=6.328e+02, Qg=1.728e-01, Qz=8.450e-04, Sd=3.745e-03, SQg=9.608e-03, SwB=6.195e-04, TDS=1.779e-01) | k_frac=8.0000 mD, dp=13.30 MPa | ng=1.085, nw=4.407 | Sw=[0.071,0.445] | A(t)=[-7.59,-7.96,-7.96] | 8996.7s
