2026-02-21 20:43:16 - M5Trainer - INFO -   torch.compile 已跳过 (Triton 不支持 Windows, 使用 eager 模式)
2026-02-21 20:43:16 - M5Trainer - INFO - k_frac 独立参数组: lr=2.00e-03 (factor=2.0)
2026-02-21 20:43:18 - M5Trainer - INFO - k_net 学习率: 1.00e-04 (factor=0.1, warmup=2000 steps)
2026-02-21 20:43:18 - M5Trainer - INFO -   井 SY9: 1332 条同化数据 (train=799, val=266, test=267)
    开井点数 (q>1): train=745, val=88, test=121
    有效压力点: val_p=109, test_p=121
2026-02-21 20:43:18 - M5Trainer - INFO -   train time window(norm): [0.0000, 0.5995]
2026-02-21 20:43:18 - M5Trainer - INFO -   well_h[SY9] = 48.4 m (有效储厚)
2026-02-21 20:43:18 - M5Trainer - INFO -   well_h[SY13] = 41.6 m (有效储厚)
2026-02-21 20:43:18 - M5Trainer - INFO -   well_h[SY201] = 37.9 m (有效储厚)
2026-02-21 20:43:18 - M5Trainer - INFO -   well_h[SY101] = 41.7 m (有效储厚)
2026-02-21 20:43:18 - M5Trainer - INFO -   well_h[SY102] = 45.4 m (有效储厚)
2026-02-21 20:43:18 - M5Trainer - INFO -   well_h[SY116] = 39.3 m (有效储厚)
2026-02-21 20:43:18 - M5Trainer - INFO -   well_h[SYX211] = 6.0 m (有效储厚)
2026-02-21 20:43:18 - M5Trainer - INFO -   M3 PVT cg(76.0, 140.32) = 0.009744
2026-02-21 20:43:18 - M5Trainer - INFO -   M3 PVT Bg(76.0, 140.32) = 0.002577
2026-02-21 20:43:18 - M5Trainer - INFO -   PDE 缩放: αx=0.101777, αy=0.254660
2026-02-21 20:43:18 - M5Trainer - INFO - M5Trainer 初始化完成: device=cuda, lr=0.001, max_steps=20000, relobralo=True, rar=True
2026-02-21 20:43:18 - M5Trainer - INFO - ============================================================
2026-02-21 20:43:18 - M5Trainer - INFO - M5 PINN 井—藏耦合同化训练开始
2026-02-21 20:43:18 - M5Trainer - INFO - ============================================================
2026-02-21 20:43:18 - M5Trainer - INFO -   阶段权重已被 config 覆盖 (train.stages 或 training_stages.stage_*.weights)
2026-02-21 20:43:18 - M5Trainer - INFO - 训练阶段: A[0-2000] B[2000-9600] C[9600-15600] D[15600-20000]
2026-02-21 20:43:18 - M5Trainer - INFO -   qg_nearzero 权重: A=3.0, B=6.0->9.0, C=12.0, D=3.0, enable=True
2026-02-21 20:43:18 - M5Trainer - INFO - --- M5 单位/量纲诊断 (train 第 1 步前) ---
2026-02-21 20:43:18 - M5Trainer - INFO -   qg_obs 范围: 0.00e+00 ~ 8.39e+05 m³/d, 均值: 2.97e+05 m³/d
2026-02-21 20:43:18 - M5Trainer - INFO -   qg_pred 范围: 1.49e+05 ~ 1.52e+05
2026-02-21 20:43:18 - M5Trainer - INFO -   p_wf 范围: 7.43e+01 ~ 7.43e+01 MPa
2026-02-21 20:43:18 - M5Trainer - INFO -   p_field @ well: 7.50e+01 MPa
2026-02-21 20:43:18 - M5Trainer - INFO -   k_frac = 4.0000 mD
2026-02-21 20:43:18 - M5Trainer - INFO -   WI_raw = 1.676348e-13 [检查单位]
2026-02-21 20:43:18 - M5Trainer - INFO -   dp_wellbore = 13.30 MPa
2026-02-21 20:43:18 - M5Trainer - INFO -   Bg_ref = 2.576898e-03
2026-02-21 20:43:18 - M5Trainer - INFO -   qg_obs 范围: 0.00e+00 ~ 8.39e+05 m³/d
2026-02-21 20:43:18 - M5Trainer - INFO -   qg_obs 中位数 = 3.07e+05 m³/d
2026-02-21 20:43:18 - M5Trainer - INFO -   ✅ v9: PDE源项已升级为时变 source(x,y,t) = qg_obs(t) * kernel(x,y)
2026-02-21 20:43:18 - M5Trainer - INFO -   ✅ 每个PDE配点使用其时刻对应的真实观测产量（线性插值）
2026-02-21 20:43:18 - M5Trainer - INFO - --- 诊断结束 ---
2026-02-21 20:43:18 - M5Trainer - INFO -   [shape] SY9: qg pred=(1332, 1) vs obs=(1332, 1), p_wf pred=(1332, 1) vs p_obs=(1332, 1)
2026-02-21 20:43:19 - M5Trainer - INFO -   ✅ k_frac_mD.grad = -6.857205e-02 (PDE梯度贯通)
2026-02-21 20:43:19 - M5Trainer - INFO -   ✅ k_net: 18 组参数收到梯度
2026-02-21 20:43:19 - M5Trainer - INFO -   [梯度验收] SY9: qg_obs range=[0.0, 838700.0]
2026-02-21 20:43:19 - M5Trainer - INFO -   [Sw监控] SY9: Sw=[0.2600, 0.2600, 0.2600], krg_min=6.751000e-01
2026-02-21 20:43:19 - M5Trainer - INFO - [Step     0/20000] Stage A | L=4.8083e+02 (IC=1.000e+00, BC=1.000e+00, PDE=1.611e+06, Qg=1.304e+00, Qz=1.844e-02, Sd=3.489e-01, SQg=1.056e-09, SwB=0.000e+00) | k_frac=4.0001 mD, dp=13.30 MPa | Sw=[0.260,0.260] | 1.1s
2026-02-21 20:43:19 - M5Trainer - INFO -   [k_frac诊断] grad=-6.8572e-02, k_frac=4.000075 mD
2026-02-21 20:43:48 - M5Trainer - INFO - [Step   100/20000] Stage A | L=3.3020e+02 (IC=1.672e-02, BC=1.803e-02, PDE=1.988e+06, Qg=1.194e+00, Qz=1.935e-02, Sd=3.981e-01, SQg=7.783e-06, SwB=0.000e+00) | k_frac=4.0233 mD, dp=13.30 MPa | Sw=[0.260,0.261] | 29.9s
2026-02-21 20:44:21 - M5Trainer - INFO -   [梯度验收] SY9: qg_obs range=[0.0, 838700.0]
2026-02-21 20:44:21 - M5Trainer - INFO - [Step   200/20000] Stage A | L=1.1772e+02 (IC=2.419e-02, BC=2.258e-02, PDE=1.739e+06, Qg=4.694e-01, Qz=5.574e-02, Sd=1.242e+00, SQg=1.163e-03, SwB=0.000e+00) | k_frac=4.1259 mD, dp=13.30 MPa | Sw=[0.260,0.260] | 63.0s
2026-02-21 20:44:44 - M5Trainer - INFO - [Step   300/20000] Stage A | L=2.5394e+02 (IC=2.391e-02, BC=1.495e-02, PDE=1.923e+06, Qg=3.723e-01, Qz=7.696e-02, Sd=2.225e+00, SQg=1.357e-03, SwB=0.000e+00) | k_frac=4.1096 mD, dp=13.30 MPa | Sw=[0.260,0.336] | 86.1s
2026-02-21 20:45:06 - M5Trainer - INFO -   [梯度验收] SY9: qg_obs range=[0.0, 838700.0]
2026-02-21 20:45:06 - M5Trainer - INFO - [Step   400/20000] Stage A | L=2.8578e+02 (IC=1.905e-02, BC=1.755e-02, PDE=1.875e+06, Qg=2.578e-01, Qz=3.179e-02, Sd=2.346e+00, SQg=1.276e-03, SwB=0.000e+00) | k_frac=4.0637 mD, dp=13.30 MPa | Sw=[0.260,0.351] | 108.2s
2026-02-21 20:45:35 - M5Trainer - INFO -   [Sw监控] SY9: Sw=[0.2600, 0.3307, 0.4535], krg_min=3.448421e-01
2026-02-21 20:45:35 - M5Trainer - INFO - [Step   500/20000] Stage A | L=1.5007e+02 (IC=2.919e-02, BC=2.585e-02, PDE=1.174e+06, Qg=2.421e-01, Qz=2.564e-02, Sd=2.082e+00, SQg=1.451e-03, SwB=0.000e+00) | k_frac=4.0223 mD, dp=13.30 MPa | Sw=[0.260,0.420] | 137.4s
2026-02-21 20:45:35 - M5Trainer - INFO -   [k_frac诊断] grad=1.0283e-01, k_frac=4.022295 mD
2026-02-21 20:46:03 - M5Trainer - INFO -   [梯度验收] SY9: qg_obs range=[0.0, 838700.0]
2026-02-21 20:46:03 - M5Trainer - INFO - [Step   600/20000] Stage A | L=1.6445e+02 (IC=3.656e-02, BC=4.114e-02, PDE=1.155e+06, Qg=2.384e-01, Qz=2.248e-02, Sd=1.906e+00, SQg=1.696e-03, SwB=0.000e+00) | k_frac=3.9754 mD, dp=13.30 MPa | Sw=[0.260,0.419] | 165.1s
2026-02-21 20:46:24 - M5Trainer - INFO - [Step   700/20000] Stage A | L=1.8091e+02 (IC=6.212e-02, BC=3.916e-02, PDE=1.318e+06, Qg=2.313e-01, Qz=1.892e-02, Sd=1.676e+00, SQg=2.105e-03, SwB=0.000e+00) | k_frac=3.9151 mD, dp=13.30 MPa | Sw=[0.260,0.422] | 185.9s
2026-02-21 20:46:45 - M5Trainer - INFO -   [梯度验收] SY9: qg_obs range=[0.0, 838700.0]
2026-02-21 20:46:45 - M5Trainer - INFO - [Step   800/20000] Stage A | L=1.6611e+02 (IC=1.022e-01, BC=7.317e-02, PDE=1.236e+06, Qg=2.424e-01, Qz=1.588e-02, Sd=1.449e+00, SQg=2.464e-03, SwB=0.000e+00) | k_frac=3.8560 mD, dp=13.30 MPa | Sw=[0.260,0.422] | 206.8s
2026-02-21 20:47:06 - M5Trainer - INFO - [Step   900/20000] Stage A | L=1.5295e+02 (IC=3.284e-02, BC=2.144e-02, PDE=1.091e+06, Qg=2.248e-01, Qz=1.316e-02, Sd=1.211e+00, SQg=3.129e-03, SwB=0.000e+00) | k_frac=3.7933 mD, dp=13.30 MPa | Sw=[0.260,0.429] | 227.7s
2026-02-21 20:47:26 - M5Trainer - INFO -   [梯度验收] SY9: qg_obs range=[0.0, 838700.0]
2026-02-21 20:47:26 - M5Trainer - INFO -   [Sw监控] SY9: Sw=[0.2600, 0.3246, 0.4585], krg_min=3.377171e-01
2026-02-21 20:47:26 - M5Trainer - INFO - [Step  1000/20000] Stage A | L=1.1278e+02 (IC=2.973e-02, BC=3.623e-02, PDE=8.679e+05, Qg=2.333e-01, Qz=9.874e-03, Sd=8.596e-01, SQg=4.010e-03, SwB=0.000e+00) | k_frac=3.6914 mD, dp=13.30 MPa | Sw=[0.260,0.378] | 248.6s
2026-02-21 20:47:26 - M5Trainer - INFO -   [k_frac诊断] grad=1.8012e-01, k_frac=3.691403 mD
2026-02-21 20:47:47 - M5Trainer - INFO - [Step  1100/20000] Stage A | L=1.3475e+02 (IC=3.044e-02, BC=2.535e-02, PDE=9.657e+05, Qg=2.281e-01, Qz=6.478e-03, Sd=6.132e-01, SQg=4.078e-03, SwB=0.000e+00) | k_frac=3.6224 mD, dp=13.30 MPa | Sw=[0.260,0.398] | 269.5s
2026-02-21 20:48:12 - M5Trainer - INFO -   [梯度验收] SY9: qg_obs range=[0.0, 838700.0]
2026-02-21 20:48:12 - M5Trainer - INFO - [Step  1200/20000] Stage A | L=1.5354e+02 (IC=1.629e-01, BC=1.940e-01, PDE=1.051e+06, Qg=2.185e-01, Qz=5.038e-03, Sd=4.741e-01, SQg=5.421e-03, SwB=0.000e+00) | k_frac=3.5313 mD, dp=13.30 MPa | Sw=[0.260,0.453] | 293.8s
2026-02-21 20:48:36 - M5Trainer - INFO - [Step  1300/20000] Stage A | L=1.3171e+02 (IC=1.545e-02, BC=1.457e-02, PDE=8.904e+05, Qg=2.074e-01, Qz=3.643e-03, Sd=3.413e-01, SQg=6.129e-03, SwB=0.000e+00) | k_frac=3.4508 mD, dp=13.30 MPa | Sw=[0.260,0.457] | 317.8s
2026-02-21 20:49:04 - M5Trainer - INFO -   [梯度验收] SY9: qg_obs range=[0.0, 838700.0]
2026-02-21 20:49:04 - M5Trainer - INFO - [Step  1400/20000] Stage A | L=1.3622e+02 (IC=4.348e-02, BC=4.903e-02, PDE=9.194e+05, Qg=2.167e-01, Qz=3.527e-03, Sd=2.672e-01, SQg=6.390e-03, SwB=0.000e+00) | k_frac=3.4007 mD, dp=13.30 MPa | Sw=[0.260,0.371] | 346.4s
2026-02-21 20:49:32 - M5Trainer - INFO -   [Sw监控] SY9: Sw=[0.2600, 0.3254, 0.4594], krg_min=3.364267e-01
2026-02-21 20:49:32 - M5Trainer - INFO - [Step  1500/20000] Stage A | L=1.1609e+02 (IC=3.429e-02, BC=1.578e-02, PDE=7.717e+05, Qg=2.174e-01, Qz=2.270e-03, Sd=2.108e-01, SQg=7.389e-03, SwB=0.000e+00) | k_frac=3.2645 mD, dp=13.30 MPa | Sw=[0.260,0.459] | 374.2s
2026-02-21 20:49:32 - M5Trainer - INFO -   [k_frac诊断] grad=8.5581e-01, k_frac=3.264491 mD
2026-02-21 20:49:58 - M5Trainer - INFO -   [梯度验收] SY9: qg_obs range=[0.0, 838700.0]
2026-02-21 20:49:58 - M5Trainer - INFO - [Step  1600/20000] Stage A | L=1.0508e+02 (IC=5.171e-02, BC=7.593e-02, PDE=7.676e+05, Qg=2.224e-01, Qz=1.653e-03, Sd=1.571e-01, SQg=6.851e-03, SwB=0.000e+00) | k_frac=3.1454 mD, dp=13.30 MPa | Sw=[0.260,0.443] | 400.0s
2026-02-21 20:50:23 - M5Trainer - INFO - [Step  1700/20000] Stage A | L=1.0308e+02 (IC=4.915e-02, BC=4.900e-02, PDE=7.467e+05, Qg=2.154e-01, Qz=1.549e-03, Sd=1.580e-01, SQg=7.950e-03, SwB=0.000e+00) | k_frac=3.0456 mD, dp=13.30 MPa | Sw=[0.260,0.427] | 425.7s
2026-02-21 20:50:50 - M5Trainer - INFO -   [梯度验收] SY9: qg_obs range=[0.0, 838700.0]
2026-02-21 20:50:50 - M5Trainer - INFO - [Step  1800/20000] Stage A | L=1.3006e+02 (IC=5.168e-02, BC=6.437e-02, PDE=7.844e+05, Qg=2.099e-01, Qz=2.623e-03, Sd=1.525e-01, SQg=7.503e-03, SwB=0.000e+00) | k_frac=2.9336 mD, dp=13.30 MPa | Sw=[0.260,0.439] | 452.1s
2026-02-21 20:51:14 - M5Trainer - INFO - [Step  1900/20000] Stage A | L=1.2395e+02 (IC=8.287e-02, BC=4.304e-02, PDE=8.098e+05, Qg=2.069e-01, Qz=3.287e-03, Sd=1.752e-01, SQg=7.793e-03, SwB=0.000e+00) | k_frac=2.8572 mD, dp=13.30 MPa | Sw=[0.260,0.387] | 476.4s
2026-02-21 20:51:37 - M5Trainer - INFO -   [Sw监控] SY9: Sw=[0.2600, 0.3178, 0.4593], krg_min=3.365593e-01
2026-02-21 20:51:37 - M5Trainer - INFO - [Step  2000/20000] Stage B | L=2.1470e+02 (IC=6.566e-02, BC=6.601e-02, PDE=7.455e+05, Qg=2.221e-01, Qz=2.419e-03, Sd=1.878e-01, SQg=7.254e-03, SwB=0.000e+00) | k_frac=2.8080 mD, dp=13.30 MPa | Sw=[0.260,0.408] | 499.2s
2026-02-21 20:51:37 - M5Trainer - INFO -   [k_frac诊断] grad=1.6093e-03, k_frac=2.807972 mD
2026-02-21 20:51:58 - M5Trainer - INFO - [Step  2100/20000] Stage B | L=2.7028e+02 (IC=2.743e-02, BC=4.290e-02, PDE=6.622e+05, Qg=2.295e-01, Qz=2.247e-03, Sd=9.142e-02, SQg=9.198e-03, SwB=0.000e+00) | k_frac=2.7432 mD, dp=13.30 MPa | Sw=[0.260,0.395] | 520.1s
2026-02-21 20:52:19 - M5Trainer - INFO - [Step  2200/20000] Stage B | L=2.6722e+02 (IC=4.178e-02, BC=3.920e-02, PDE=6.928e+05, Qg=2.119e-01, Qz=2.484e-03, Sd=9.270e-02, SQg=9.444e-03, SwB=0.000e+00) | k_frac=2.6648 mD, dp=13.30 MPa | Sw=[0.260,0.448] | 540.9s
2026-02-21 20:52:39 - M5Trainer - INFO - [Step  2300/20000] Stage B | L=2.9435e+02 (IC=7.661e-02, BC=5.713e-02, PDE=7.168e+05, Qg=2.123e-01, Qz=8.723e-04, Sd=6.870e-02, SQg=8.939e-03, SwB=0.000e+00) | k_frac=2.6197 mD, dp=13.30 MPa | Sw=[0.260,0.458] | 561.6s
2026-02-21 20:53:00 - M5Trainer - INFO - [Step  2400/20000] Stage B | L=2.2965e+02 (IC=1.093e-01, BC=1.222e-01, PDE=6.774e+05, Qg=2.147e-01, Qz=9.292e-04, Sd=7.299e-02, SQg=9.184e-03, SwB=0.000e+00) | k_frac=2.5858 mD, dp=13.30 MPa | Sw=[0.260,0.458] | 582.4s
2026-02-21 20:53:23 - M5Trainer - INFO -   [Sw监控] SY9: Sw=[0.2600, 0.3288, 0.4595], krg_min=3.363109e-01
2026-02-21 20:53:23 - M5Trainer - INFO - [Step  2500/20000] Stage B | L=1.8482e+02 (IC=1.616e-01, BC=1.572e-01, PDE=5.945e+05, Qg=2.143e-01, Qz=6.412e-04, Sd=7.325e-02, SQg=9.325e-03, SwB=0.000e+00) | k_frac=2.5569 mD, dp=13.30 MPa | Sw=[0.260,0.458] | 604.8s
2026-02-21 20:53:23 - M5Trainer - INFO -   [k_frac诊断] grad=9.9244e-02, k_frac=2.556925 mD
2026-02-21 20:53:46 - M5Trainer - INFO - [Step  2600/20000] Stage B | L=2.7183e+02 (IC=2.167e-02, BC=1.560e-02, PDE=5.852e+05, Qg=2.148e-01, Qz=6.335e-04, Sd=6.647e-02, SQg=9.098e-03, SwB=0.000e+00) | k_frac=2.5070 mD, dp=13.30 MPa | Sw=[0.260,0.459] | 628.2s
2026-02-21 20:54:09 - M5Trainer - INFO - [Step  2700/20000] Stage B | L=2.4617e+02 (IC=4.415e-02, BC=3.742e-02, PDE=5.781e+05, Qg=2.152e-01, Qz=5.807e-04, Sd=7.661e-02, SQg=8.572e-03, SwB=0.000e+00) | k_frac=2.4616 mD, dp=13.30 MPa | Sw=[0.260,0.459] | 650.9s
2026-02-21 20:54:37 - M5Trainer - INFO - [Step  2800/20000] Stage B | L=2.3481e+02 (IC=1.005e-01, BC=6.973e-02, PDE=5.870e+05, Qg=2.176e-01, Qz=7.564e-04, Sd=7.492e-02, SQg=9.053e-03, SwB=0.000e+00) | k_frac=2.4408 mD, dp=13.30 MPa | Sw=[0.260,0.458] | 679.1s
2026-02-21 20:55:00 - M5Trainer - INFO - [Step  2900/20000] Stage B | L=2.8770e+02 (IC=2.529e-02, BC=1.936e-02, PDE=6.310e+05, Qg=2.312e-01, Qz=6.962e-04, Sd=9.165e-02, SQg=9.746e-03, SwB=0.000e+00) | k_frac=2.4193 mD, dp=13.30 MPa | Sw=[0.260,0.455] | 702.0s
2026-02-21 20:55:23 - M5Trainer - INFO -   [Sw监控] SY9: Sw=[0.2600, 0.3274, 0.4597], krg_min=3.360854e-01
2026-02-21 20:55:23 - M5Trainer - INFO - [Step  3000/20000] Stage B | L=2.2000e+02 (IC=3.551e-02, BC=3.734e-02, PDE=5.124e+05, Qg=2.143e-01, Qz=5.501e-04, Sd=7.703e-02, SQg=8.841e-03, SwB=0.000e+00) | k_frac=2.3849 mD, dp=13.30 MPa | Sw=[0.260,0.458] | 724.7s
2026-02-21 20:55:23 - M5Trainer - INFO -   [k_frac诊断] grad=8.2410e-01, k_frac=2.384922 mD
2026-02-21 20:55:46 - M5Trainer - INFO - [Step  3100/20000] Stage B | L=2.3094e+02 (IC=2.691e-02, BC=2.023e-02, PDE=5.064e+05, Qg=2.153e-01, Qz=6.369e-04, Sd=8.419e-02, SQg=8.756e-03, SwB=0.000e+00) | k_frac=2.3690 mD, dp=13.30 MPa | Sw=[0.260,0.459] | 748.4s
2026-02-21 20:56:16 - M5Trainer - INFO - [Step  3200/20000] Stage B | L=2.3926e+02 (IC=2.500e-02, BC=2.414e-02, PDE=5.359e+05, Qg=2.263e-01, Qz=7.411e-04, Sd=9.729e-02, SQg=9.434e-03, SwB=0.000e+00) | k_frac=2.3595 mD, dp=13.30 MPa | Sw=[0.260,0.457] | 778.5s
2026-02-21 20:56:47 - M5Trainer - INFO - [Step  3300/20000] Stage B | L=1.9090e+02 (IC=5.104e-02, BC=4.627e-02, PDE=4.710e+05, Qg=2.165e-01, Qz=6.178e-04, Sd=7.883e-02, SQg=9.076e-03, SwB=0.000e+00) | k_frac=2.3459 mD, dp=13.30 MPa | Sw=[0.260,0.458] | 809.0s
2026-02-21 20:57:17 - M5Trainer - INFO - [Step  3400/20000] Stage B | L=2.1013e+02 (IC=4.960e-02, BC=5.823e-02, PDE=4.729e+05, Qg=2.247e-01, Qz=6.017e-04, Sd=6.802e-02, SQg=8.168e-03, SwB=0.000e+00) | k_frac=2.3368 mD, dp=13.30 MPa | Sw=[0.260,0.428] | 839.6s
2026-02-21 20:57:49 - M5Trainer - INFO -   [Sw监控] SY9: Sw=[0.2600, 0.3242, 0.4598], krg_min=3.359471e-01
2026-02-21 20:57:49 - M5Trainer - INFO - [Step  3500/20000] Stage B | L=1.7454e+02 (IC=5.189e-02, BC=3.947e-02, PDE=4.291e+05, Qg=2.154e-01, Qz=6.097e-04, Sd=7.680e-02, SQg=9.307e-03, SwB=0.000e+00) | k_frac=2.3269 mD, dp=13.30 MPa | Sw=[0.260,0.459] | 870.9s
2026-02-21 20:57:49 - M5Trainer - INFO -   [k_frac诊断] grad=1.0572e+00, k_frac=2.326905 mD
2026-02-21 20:58:19 - M5Trainer - INFO - [Step  3600/20000] Stage B | L=1.6947e+02 (IC=6.366e-02, BC=2.266e-02, PDE=4.212e+05, Qg=2.243e-01, Qz=6.384e-04, Sd=6.389e-02, SQg=8.609e-03, SwB=0.000e+00) | k_frac=2.3182 mD, dp=13.30 MPa | Sw=[0.260,0.459] | 901.6s
2026-02-21 20:58:48 - M5Trainer - INFO - [Step  3700/20000] Stage B | L=1.9904e+02 (IC=2.354e-02, BC=2.656e-02, PDE=4.474e+05, Qg=2.183e-01, Qz=1.218e-03, Sd=8.518e-02, SQg=9.255e-03, SwB=0.000e+00) | k_frac=2.3152 mD, dp=13.30 MPa | Sw=[0.260,0.459] | 930.6s
2026-02-21 20:59:19 - M5Trainer - INFO - [Step  3800/20000] Stage B | L=1.6534e+02 (IC=8.533e-02, BC=9.653e-02, PDE=4.600e+05, Qg=2.169e-01, Qz=9.228e-04, Sd=7.175e-02, SQg=9.072e-03, SwB=0.000e+00) | k_frac=2.3093 mD, dp=13.30 MPa | Sw=[0.260,0.456] | 961.6s
2026-02-21 20:59:49 - M5Trainer - INFO - [Step  3900/20000] Stage B | L=1.8651e+02 (IC=5.585e-02, BC=6.092e-02, PDE=4.433e+05, Qg=2.126e-01, Qz=8.436e-04, Sd=8.952e-02, SQg=9.220e-03, SwB=0.000e+00) | k_frac=2.3037 mD, dp=13.30 MPa | Sw=[0.260,0.437] | 991.5s
2026-02-21 21:00:18 - M5Trainer - INFO -   [Sw监控] SY9: Sw=[0.2600, 0.3243, 0.4598], krg_min=3.358366e-01
2026-02-21 21:00:18 - M5Trainer - INFO - [Step  4000/20000] Stage B | L=1.8916e+02 (IC=3.405e-02, BC=3.461e-02, PDE=4.067e+05, Qg=2.158e-01, Qz=5.948e-04, Sd=8.193e-02, SQg=9.552e-03, SwB=0.000e+00) | k_frac=2.2865 mD, dp=13.30 MPa | Sw=[0.260,0.459] | 1020.1s
2026-02-21 21:00:18 - M5Trainer - INFO -   [k_frac诊断] grad=1.1548e+00, k_frac=2.286496 mD
2026-02-21 21:00:45 - M5Trainer - INFO - [Step  4100/20000] Stage B | L=1.9784e+02 (IC=2.016e-02, BC=1.921e-02, PDE=3.936e+05, Qg=2.193e-01, Qz=5.174e-04, Sd=8.192e-02, SQg=9.697e-03, SwB=0.000e+00) | k_frac=2.2778 mD, dp=13.30 MPa | Sw=[0.260,0.459] | 1047.6s
2026-02-21 21:01:13 - M5Trainer - INFO - [Step  4200/20000] Stage B | L=1.8875e+02 (IC=4.326e-02, BC=2.994e-02, PDE=4.006e+05, Qg=2.213e-01, Qz=5.150e-04, Sd=7.925e-02, SQg=9.550e-03, SwB=0.000e+00) | k_frac=2.2673 mD, dp=13.30 MPa | Sw=[0.260,0.458] | 1074.7s
2026-02-21 21:01:40 - M5Trainer - INFO - [Step  4300/20000] Stage B | L=1.6625e+02 (IC=5.009e-02, BC=4.843e-02, PDE=3.839e+05, Qg=2.125e-01, Qz=6.284e-04, Sd=7.904e-02, SQg=9.275e-03, SwB=0.000e+00) | k_frac=2.2573 mD, dp=13.30 MPa | Sw=[0.260,0.453] | 1101.9s
2026-02-21 21:02:06 - M5Trainer - INFO - [Step  4400/20000] Stage B | L=1.7471e+02 (IC=5.257e-02, BC=4.653e-02, PDE=3.998e+05, Qg=2.172e-01, Qz=4.816e-04, Sd=7.463e-02, SQg=9.230e-03, SwB=0.000e+00) | k_frac=2.2462 mD, dp=13.30 MPa | Sw=[0.260,0.459] | 1128.5s
2026-02-21 21:02:31 - M5Trainer - INFO -   [Sw监控] SY9: Sw=[0.2600, 0.3243, 0.4597], krg_min=3.359582e-01
2026-02-21 21:02:31 - M5Trainer - INFO - [Step  4500/20000] Stage B | L=1.6353e+02 (IC=4.994e-02, BC=4.359e-02, PDE=3.774e+05, Qg=2.089e-01, Qz=4.296e-04, Sd=6.716e-02, SQg=9.381e-03, SwB=0.000e+00) | k_frac=2.2395 mD, dp=13.30 MPa | Sw=[0.260,0.459] | 1153.4s
2026-02-21 21:02:31 - M5Trainer - INFO -   [k_frac诊断] grad=-8.3599e-01, k_frac=2.239521 mD
2026-02-21 21:03:01 - M5Trainer - INFO - [Step  4600/20000] Stage B | L=1.7388e+02 (IC=5.370e-02, BC=3.108e-02, PDE=3.932e+05, Qg=2.122e-01, Qz=1.269e-03, Sd=6.236e-02, SQg=9.243e-03, SwB=0.000e+00) | k_frac=2.2348 mD, dp=13.30 MPa | Sw=[0.260,0.460] | 1183.2s
2026-02-21 21:03:29 - M5Trainer - INFO - [Step  4700/20000] Stage B | L=1.8086e+02 (IC=2.799e-02, BC=2.528e-02, PDE=3.670e+05, Qg=2.192e-01, Qz=4.221e-04, Sd=5.999e-02, SQg=8.669e-03, SwB=0.000e+00) | k_frac=2.2312 mD, dp=13.30 MPa | Sw=[0.260,0.458] | 1210.7s
2026-02-21 21:03:54 - M5Trainer - INFO - [Step  4800/20000] Stage B | L=1.7773e+02 (IC=4.168e-02, BC=4.346e-02, PDE=3.682e+05, Qg=2.124e-01, Qz=4.337e-04, Sd=6.734e-02, SQg=9.334e-03, SwB=0.000e+00) | k_frac=2.2318 mD, dp=13.30 MPa | Sw=[0.260,0.458] | 1236.2s
2026-02-21 21:04:20 - M5Trainer - INFO - [Step  4900/20000] Stage B | L=2.0257e+02 (IC=2.366e-02, BC=1.016e-02, PDE=3.609e+05, Qg=2.144e-01, Qz=4.296e-04, Sd=6.229e-02, SQg=8.958e-03, SwB=0.000e+00) | k_frac=2.2259 mD, dp=13.30 MPa | Sw=[0.260,0.454] | 1261.7s
2026-02-21 21:04:49 - M5Trainer - INFO -   [Sw监控] SY9: Sw=[0.2600, 0.3282, 0.4598], krg_min=3.358290e-01
2026-02-21 21:04:49 - M5Trainer - INFO - [Step  5000/20000] Stage B | L=1.6811e+02 (IC=3.227e-02, BC=3.062e-02, PDE=3.345e+05, Qg=2.135e-01, Qz=4.689e-04, Sd=7.297e-02, SQg=9.221e-03, SwB=0.000e+00) | k_frac=2.2207 mD, dp=13.30 MPa | Sw=[0.260,0.446] | 1291.3s
2026-02-21 21:04:49 - M5Trainer - INFO -   [k_frac诊断] grad=4.5794e-01, k_frac=2.220680 mD
2026-02-21 21:05:13 - M5Trainer - INFO - [Step  5100/20000] Stage B | L=1.7620e+02 (IC=2.939e-02, BC=2.096e-02, PDE=3.333e+05, Qg=2.135e-01, Qz=4.179e-04, Sd=6.504e-02, SQg=9.212e-03, SwB=0.000e+00) | k_frac=2.2166 mD, dp=13.30 MPa | Sw=[0.260,0.460] | 1315.1s
2026-02-21 21:05:37 - M5Trainer - INFO - [Step  5200/20000] Stage B | L=1.5620e+02 (IC=5.173e-02, BC=3.607e-02, PDE=3.433e+05, Qg=2.106e-01, Qz=4.563e-04, Sd=6.819e-02, SQg=9.329e-03, SwB=0.000e+00) | k_frac=2.2129 mD, dp=13.30 MPa | Sw=[0.260,0.455] | 1339.2s
2026-02-21 21:05:59 - M5Trainer - INFO - [Step  5300/20000] Stage B | L=2.0017e+02 (IC=1.732e-02, BC=1.804e-02, PDE=3.519e+05, Qg=2.092e-01, Qz=4.289e-04, Sd=5.930e-02, SQg=9.267e-03, SwB=0.000e+00) | k_frac=2.2121 mD, dp=13.30 MPa | Sw=[0.260,0.460] | 1361.3s
