2026-02-18 14:24:54 - M5Trainer - INFO -   torch.compile 已跳过 (Triton 不支持 Windows, 使用 eager 模式)
2026-02-18 14:24:54 - M5Trainer - INFO - k_frac 独立参数组: lr=3.00e-03 (factor=3.0)
2026-02-18 14:24:54 - M5Trainer - INFO - k_net 学习率: 1.00e-04 (factor=0.1, warmup=2000 steps)
2026-02-18 14:24:54 - M5Trainer - INFO -   井 SY9: 1332 条同化数据 (train=799, val=266, test=267)
    开井点数 (q>1): train=745, val=88, test=121
    有效压力点: val_p=109, test_p=121
2026-02-18 14:24:54 - M5Trainer - INFO -   train time window(norm): [0.0000, 0.5995]
2026-02-18 14:24:54 - M5Trainer - INFO -   M3 PVT cg(76.0, 140.32) = 0.009744
2026-02-18 14:24:54 - M5Trainer - INFO -   M3 PVT Bg(76.0, 140.32) = 0.002577
2026-02-18 14:24:54 - M5Trainer - INFO -   PDE 缩放: αx=0.029719, αy=0.074361
2026-02-18 14:24:54 - M5Trainer - INFO - M5Trainer 初始化完成: device=cuda, lr=0.001, max_steps=5000, relobralo=True, rar=True
2026-02-18 14:24:54 - M5Trainer - INFO - ============================================================
2026-02-18 14:24:54 - M5Trainer - INFO - M5 PINN 井—藏耦合同化训练开始
2026-02-18 14:24:54 - M5Trainer - INFO - ============================================================
2026-02-18 14:24:54 - M5Trainer - INFO - 训练阶段: A[0-500] B[500-1750] C[1750-3500] D[3500-5000]
2026-02-18 14:24:54 - M5Trainer - INFO -   qg_nearzero 权重: A=3.0, B=6.0->9.0, C=12.0, D=3.0, enable=True
2026-02-18 14:24:54 - M5Trainer - INFO - --- M5 单位/量纲诊断 (train 第 1 步前) ---
2026-02-18 14:24:54 - M5Trainer - INFO -   qg_obs 范围: 0.00e+00 ~ 8.39e+05 m³/d, 均值: 2.97e+05 m³/d
2026-02-18 14:24:54 - M5Trainer - INFO -   qg_pred 范围: 4.98e+05 ~ 5.02e+05
2026-02-18 14:24:54 - M5Trainer - INFO -   p_wf 范围: 7.41e+01 ~ 7.41e+01 MPa
2026-02-18 14:24:54 - M5Trainer - INFO -   p_field @ well: 7.50e+01 MPa
2026-02-18 14:24:54 - M5Trainer - INFO -   k_frac = 5.4020 mD
2026-02-18 14:24:54 - M5Trainer - INFO -   WI_raw = 4.309845e-13 [检查单位]
2026-02-18 14:24:54 - M5Trainer - INFO -   dp_wellbore = 12.00 MPa
2026-02-18 14:24:54 - M5Trainer - INFO -   Bg_ref = 2.576898e-03
2026-02-18 14:24:54 - M5Trainer - INFO -   qg_obs 范围: 0.00e+00 ~ 8.39e+05 m³/d
2026-02-18 14:24:54 - M5Trainer - INFO -   qg_obs 中位数 = 3.07e+05 m³/d
2026-02-18 14:24:54 - M5Trainer - INFO -   ✅ v9: PDE源项已升级为时变 source(x,y,t) = qg_obs(t) * kernel(x,y)
2026-02-18 14:24:54 - M5Trainer - INFO -   ✅ 每个PDE配点使用其时刻对应的真实观测产量（线性插值）
2026-02-18 14:24:54 - M5Trainer - INFO - --- 诊断结束 ---
2026-02-18 14:24:54 - M5Trainer - INFO -   [shape] SY9: qg pred=(1332, 1) vs obs=(1332, 1), p_wf pred=(1332, 1) vs p_obs=(1332, 1)
2026-02-18 14:24:55 - M5Trainer - INFO -   [Sw约束v9] Sw=[0.260, 0.260, 0.260], 权重=500, 惩罚=0.000000 (低=0.0000, 高=0.0000)
2026-02-18 14:24:55 - M5Trainer - INFO -   ✅ k_frac_mD.grad = 1.925410e-01 (PDE梯度贯通)
2026-02-18 14:24:55 - M5Trainer - INFO -   ✅ k_net: 18 组参数收到梯度
2026-02-18 14:24:55 - M5Trainer - INFO -   [梯度验收] SY9: qg_obs range=[0.0, 838700.0]
2026-02-18 14:24:55 - M5Trainer - INFO -   [Sw监控] SY9: Sw=[0.2600, 0.2600, 0.2600], krg_min=6.751000e-01
2026-02-18 14:24:55 - M5Trainer - INFO - [Step     0/5000] Stage A | L=8.8693e+02 (IC=1.000e+00, BC=1.000e+00, PDE=1.611e+06, Qg=3.863e-01, Qz=3.915e+01, Sd=6.375e-01, SwB=0.000e+00) | k_frac=5.4018 mD, dp=12.00 MPa | Sw=[0.260,0.260] | 0.6s
2026-02-18 14:24:55 - M5Trainer - INFO -   [k_frac诊断] grad=1.9254e-01, k_frac=5.401842 mD
2026-02-18 14:25:07 - M5Trainer - INFO - [Step   100/5000] Stage A | L=3.3821e+02 (IC=2.744e-02, BC=1.897e-02, PDE=1.987e+06, Qg=5.826e-01, Qz=2.650e+00, Sd=5.270e-01, SwB=0.000e+00) | k_frac=5.3427 mD, dp=12.02 MPa | Sw=[0.196,0.489] | 13.1s
2026-02-18 14:25:20 - M5Trainer - INFO -   [梯度验收] SY9: qg_obs range=[0.0, 838700.0]
2026-02-18 14:25:20 - M5Trainer - INFO - [Step   200/5000] Stage A | L=1.7049e+02 (IC=5.254e-02, BC=2.614e-02, PDE=1.739e+06, Qg=4.625e-01, Qz=1.456e+00, Sd=3.285e+01, SwB=3.882e-09) | k_frac=5.2270 mD, dp=12.06 MPa | Sw=[0.147,0.834] | 25.7s
2026-02-18 14:25:32 - M5Trainer - INFO - [Step   300/5000] Stage A | L=2.9787e+02 (IC=7.064e-02, BC=1.119e-01, PDE=1.921e+06, Qg=4.357e-01, Qz=8.995e-01, Sd=3.218e+01, SwB=3.114e-07) | k_frac=5.1540 mD, dp=12.07 MPa | Sw=[0.149,0.722] | 38.3s
2026-02-18 14:25:45 - M5Trainer - INFO -   [梯度验收] SY9: qg_obs range=[0.0, 838700.0]
2026-02-18 14:25:45 - M5Trainer - INFO - [Step   400/5000] Stage A | L=3.0858e+02 (IC=5.170e-02, BC=2.495e-02, PDE=1.875e+06, Qg=4.058e-01, Qz=1.101e+00, Sd=3.597e+01, SwB=7.070e-07) | k_frac=5.1063 mD, dp=12.07 MPa | Sw=[0.150,0.777] | 50.9s
2026-02-18 14:25:58 - M5Trainer - INFO -   [Sw约束v9] Sw=[0.133, 0.371, 0.866], 权重=300, 惩罚=0.000001 (低=0.0000, 高=0.0000)
2026-02-18 14:25:58 - M5Trainer - INFO -   [Sw监控] SY9: Sw=[0.5750, 0.7290, 0.8667], krg_min=7.561262e-03
2026-02-18 14:25:58 - M5Trainer - INFO - [Step   500/5000] Stage B | L=1.6229e+03 (IC=6.853e-02, BC=4.504e-02, PDE=1.582e+06, Qg=4.205e-01, Qz=9.732e-01, Sd=3.461e+01, SwB=7.148e-07) | k_frac=5.0503 mD, dp=12.07 MPa | Sw=[0.145,0.828] | 63.5s
2026-02-18 14:25:58 - M5Trainer - INFO -   [k_frac诊断] grad=1.6516e-01, k_frac=5.050276 mD
2026-02-18 14:26:11 - M5Trainer - INFO -   [梯度验收] SY9: qg_obs range=[0.0, 838700.0]
2026-02-18 14:26:11 - M5Trainer - INFO - [Step   600/5000] Stage B | L=1.5920e+03 (IC=1.121e-01, BC=1.309e-01, PDE=1.563e+06, Qg=3.657e-01, Qz=3.098e+00, Sd=7.452e-01, SwB=0.000e+00) | k_frac=5.0551 mD, dp=12.24 MPa | Sw=[0.138,0.761] | 76.4s
2026-02-18 14:26:23 - M5Trainer - INFO - [Step   700/5000] Stage B | L=2.1005e+03 (IC=1.361e-01, BC=1.860e-01, PDE=1.880e+06, Qg=3.617e-01, Qz=4.248e+00, Sd=1.057e+00, SwB=0.000e+00) | k_frac=5.0555 mD, dp=12.47 MPa | Sw=[0.141,0.682] | 89.2s
2026-02-18 14:26:36 - M5Trainer - INFO -   [梯度验收] SY9: qg_obs range=[0.0, 838700.0]
2026-02-18 14:26:36 - M5Trainer - INFO - [Step   800/5000] Stage B | L=1.7844e+03 (IC=2.818e-01, BC=3.816e-01, PDE=1.705e+06, Qg=3.316e-01, Qz=2.494e+00, Sd=9.928e-01, SwB=0.000e+00) | k_frac=5.0455 mD, dp=12.68 MPa | Sw=[0.135,0.740] | 102.1s
2026-02-18 14:26:49 - M5Trainer - INFO - [Step   900/5000] Stage B | L=1.6453e+03 (IC=9.601e-02, BC=1.625e-01, PDE=1.456e+06, Qg=3.671e-01, Qz=2.276e+00, Sd=1.018e+00, SwB=0.000e+00) | k_frac=5.0383 mD, dp=12.87 MPa | Sw=[0.123,0.777] | 115.0s
2026-02-18 14:27:02 - M5Trainer - INFO -   [Sw约束v9] Sw=[0.123, 0.314, 0.836], 权重=300, 惩罚=0.000000 (低=0.0000, 高=0.0000)
2026-02-18 14:27:02 - M5Trainer - INFO -   [梯度验收] SY9: qg_obs range=[0.0, 838700.0]
2026-02-18 14:27:02 - M5Trainer - INFO -   [Sw监控] SY9: Sw=[0.1492, 0.4259, 0.8355], krg_min=1.553510e-02
2026-02-18 14:27:02 - M5Trainer - INFO - [Step  1000/5000] Stage B | L=1.3509e+03 (IC=2.880e-01, BC=3.390e-01, PDE=1.310e+06, Qg=3.548e-01, Qz=1.845e+00, Sd=9.049e-01, SwB=0.000e+00) | k_frac=5.0065 mD, dp=13.12 MPa | Sw=[0.124,0.730] | 127.9s
2026-02-18 14:27:02 - M5Trainer - INFO -   [k_frac诊断] grad=-3.7345e-01, k_frac=5.006515 mD
2026-02-18 14:27:15 - M5Trainer - INFO - [Step  1100/5000] Stage B | L=1.5901e+03 (IC=6.434e-01, BC=4.787e-01, PDE=1.521e+06, Qg=3.444e-01, Qz=3.107e+00, Sd=8.584e-01, SwB=0.000e+00) | k_frac=4.9995 mD, dp=13.37 MPa | Sw=[0.130,0.746] | 140.9s
2026-02-18 14:27:28 - M5Trainer - INFO -   [梯度验收] SY9: qg_obs range=[0.0, 838700.0]
2026-02-18 14:27:28 - M5Trainer - INFO - [Step  1200/5000] Stage B | L=2.4958e+03 (IC=1.043e-01, BC=7.267e-02, PDE=1.709e+06, Qg=3.517e-01, Qz=1.723e+00, Sd=8.480e-01, SwB=0.000e+00) | k_frac=5.0059 mD, dp=13.62 MPa | Sw=[0.140,0.741] | 154.1s
2026-02-18 14:27:41 - M5Trainer - INFO - [Step  1300/5000] Stage B | L=1.9190e+03 (IC=8.773e-02, BC=7.911e-02, PDE=1.387e+06, Qg=3.614e-01, Qz=2.012e+00, Sd=1.034e+00, SwB=0.000e+00) | k_frac=5.0539 mD, dp=13.91 MPa | Sw=[0.137,0.773] | 167.3s
2026-02-18 14:27:55 - M5Trainer - INFO -   [梯度验收] SY9: qg_obs range=[0.0, 838700.0]
2026-02-18 14:27:55 - M5Trainer - INFO - [Step  1400/5000] Stage B | L=1.9780e+03 (IC=1.585e-01, BC=1.393e-01, PDE=1.425e+06, Qg=3.221e-01, Qz=2.441e+00, Sd=9.296e-01, SwB=0.000e+00) | k_frac=5.0535 mD, dp=14.16 MPa | Sw=[0.141,0.552] | 180.4s
2026-02-18 14:28:08 - M5Trainer - INFO -   [Sw约束v9] Sw=[0.122, 0.323, 0.852], 权重=300, 惩罚=0.000000 (低=0.0000, 高=0.0000)
2026-02-18 14:28:08 - M5Trainer - INFO -   [Sw监控] SY9: Sw=[0.1446, 0.4154, 0.8507], krg_min=1.129680e-02
2026-02-18 14:28:08 - M5Trainer - INFO - [Step  1500/5000] Stage B | L=1.7214e+03 (IC=2.074e-01, BC=3.106e-01, PDE=1.324e+06, Qg=3.317e-01, Qz=2.531e+00, Sd=9.842e-01, SwB=9.370e-10) | k_frac=5.0917 mD, dp=14.35 MPa | Sw=[0.136,0.751] | 193.6s
2026-02-18 14:28:08 - M5Trainer - INFO -   [k_frac诊断] grad=2.6047e+00, k_frac=5.091701 mD
2026-02-18 14:28:21 - M5Trainer - INFO -   [梯度验收] SY9: qg_obs range=[0.0, 838700.0]
2026-02-18 14:28:21 - M5Trainer - INFO - [Step  1600/5000] Stage B | L=1.9316e+03 (IC=9.068e-02, BC=1.388e-01, PDE=1.313e+06, Qg=3.359e-01, Qz=2.199e+00, Sd=9.550e-01, SwB=0.000e+00) | k_frac=5.0812 mD, dp=14.56 MPa | Sw=[0.125,0.619] | 207.0s
2026-02-18 14:28:34 - M5Trainer - INFO - [Step  1700/5000] Stage B | L=1.7333e+03 (IC=2.671e-01, BC=2.482e-01, PDE=1.263e+06, Qg=3.394e-01, Qz=2.597e+00, Sd=9.142e-01, SwB=0.000e+00) | k_frac=5.0923 mD, dp=14.76 MPa | Sw=[0.127,0.816] | 220.3s
2026-02-18 14:28:48 - M5Trainer - INFO -   [梯度验收] SY9: qg_obs range=[0.0, 838700.0]
2026-02-18 14:28:48 - M5Trainer - INFO - [Step  1800/5000] Stage C | L=1.0006e+04 (IC=1.619e-01, BC=1.503e-01, PDE=1.374e+06, Qg=3.543e-01, Qz=2.667e+00, Sd=9.118e-01, SwB=0.000e+00) | k_frac=5.1036 mD, dp=14.92 MPa | Sw=[0.132,0.720] | 233.7s
2026-02-18 14:29:01 - M5Trainer - INFO - [Step  1900/5000] Stage C | L=1.1328e+04 (IC=1.697e-01, BC=1.306e-01, PDE=1.434e+06, Qg=3.543e-01, Qz=1.835e+00, Sd=8.976e-01, SwB=4.882e-09) | k_frac=5.1673 mD, dp=15.00 MPa | Sw=[0.123,0.852] | 247.1s
2026-02-18 14:29:15 - M5Trainer - INFO -   [Sw约束v9] Sw=[0.124, 0.299, 0.837], 权重=200, 惩罚=0.000000 (低=0.0000, 高=0.0000)
2026-02-18 14:29:15 - M5Trainer - INFO -   [Sw监控] SY9: Sw=[0.1431, 0.4247, 0.8373], krg_min=1.497907e-02
2026-02-18 14:29:15 - M5Trainer - INFO - [Step  2000/5000] Stage C | L=1.0335e+04 (IC=2.373e-01, BC=4.091e-01, PDE=1.420e+06, Qg=3.563e-01, Qz=2.512e+00, Sd=8.423e-01, SwB=0.000e+00) | k_frac=5.1913 mD, dp=15.08 MPa | Sw=[0.132,0.676] | 260.5s
2026-02-18 14:29:15 - M5Trainer - INFO -   [k_frac诊断] grad=-2.4830e+00, k_frac=5.191294 mD
2026-02-18 14:29:28 - M5Trainer - INFO - [Step  2100/5000] Stage C | L=9.2967e+03 (IC=3.725e-01, BC=3.096e-01, PDE=1.215e+06, Qg=3.710e-01, Qz=1.955e+00, Sd=7.768e-01, SwB=0.000e+00) | k_frac=5.2218 mD, dp=15.16 MPa | Sw=[0.122,0.825] | 274.3s
2026-02-18 14:29:42 - M5Trainer - INFO - [Step  2200/5000] Stage C | L=1.2534e+04 (IC=1.490e-01, BC=1.010e-01, PDE=1.275e+06, Qg=3.406e-01, Qz=2.266e+00, Sd=8.619e-01, SwB=0.000e+00) | k_frac=5.2896 mD, dp=15.24 MPa | Sw=[0.125,0.688] | 288.0s
2026-02-18 14:29:56 - M5Trainer - INFO - [Step  2300/5000] Stage C | L=1.3029e+04 (IC=3.113e-01, BC=1.830e-01, PDE=1.363e+06, Qg=3.438e-01, Qz=2.368e+00, Sd=8.555e-01, SwB=0.000e+00) | k_frac=5.3298 mD, dp=15.32 MPa | Sw=[0.123,0.733] | 301.6s
2026-02-18 14:30:10 - M5Trainer - INFO - [Step  2400/5000] Stage C | L=1.2038e+04 (IC=2.745e-01, BC=2.244e-01, PDE=1.263e+06, Qg=3.369e-01, Qz=4.152e+00, Sd=7.878e-01, SwB=0.000e+00) | k_frac=5.3299 mD, dp=15.41 MPa | Sw=[0.123,0.654] | 315.4s
2026-02-18 14:30:23 - M5Trainer - INFO -   [Sw约束v9] Sw=[0.121, 0.341, 0.862], 权重=200, 惩罚=0.000000 (低=0.0000, 高=0.0000)
2026-02-18 14:30:23 - M5Trainer - INFO -   [Sw监控] SY9: Sw=[0.1275, 0.4604, 0.8634], krg_min=8.261365e-03
2026-02-18 14:30:23 - M5Trainer - INFO - [Step  2500/5000] Stage C | L=1.2052e+04 (IC=1.906e-01, BC=1.041e-01, PDE=1.167e+06, Qg=3.557e-01, Qz=2.359e+00, Sd=8.176e-01, SwB=1.460e-07) | k_frac=5.3750 mD, dp=15.50 MPa | Sw=[0.121,0.564] | 329.2s
2026-02-18 14:30:23 - M5Trainer - INFO -   [k_frac诊断] grad=-2.0156e+00, k_frac=5.374996 mD
2026-02-18 14:30:38 - M5Trainer - INFO - [Step  2600/5000] Stage C | L=1.1626e+04 (IC=2.483e-01, BC=2.033e-01, PDE=1.165e+06, Qg=3.346e-01, Qz=2.143e+00, Sd=8.018e-01, SwB=3.233e-08) | k_frac=5.4003 mD, dp=15.58 MPa | Sw=[0.121,0.808] | 343.4s
2026-02-18 14:30:52 - M5Trainer - INFO - [Step  2700/5000] Stage C | L=1.3077e+04 (IC=1.643e-01, BC=8.404e-02, PDE=1.148e+06, Qg=3.635e-01, Qz=1.677e+00, Sd=7.381e-01, SwB=2.567e-07) | k_frac=5.4041 mD, dp=15.67 MPa | Sw=[0.122,0.705] | 357.5s
2026-02-18 14:31:06 - M5Trainer - INFO - [Step  2800/5000] Stage C | L=1.2988e+04 (IC=1.680e-01, BC=1.375e-01, PDE=1.145e+06, Qg=3.541e-01, Qz=1.718e+00, Sd=7.631e-01, SwB=9.137e-07) | k_frac=5.4507 mD, dp=15.75 MPa | Sw=[0.122,0.862] | 371.6s
2026-02-18 14:31:20 - M5Trainer - INFO - [Step  2900/5000] Stage C | L=1.6211e+04 (IC=1.585e-01, BC=1.159e-01, PDE=1.274e+06, Qg=3.455e-01, Qz=1.669e+00, Sd=7.754e-01, SwB=6.122e-07) | k_frac=5.4873 mD, dp=15.82 MPa | Sw=[0.121,0.867] | 385.9s
2026-02-18 14:31:35 - M5Trainer - INFO -   [Sw约束v9] Sw=[0.120, 0.273, 0.870], 权重=200, 惩罚=0.000003 (低=0.0000, 高=0.0000)
2026-02-18 14:31:35 - M5Trainer - INFO -   [Sw监控] SY9: Sw=[0.1652, 0.4364, 0.8698], krg_min=6.933517e-03
2026-02-18 14:31:35 - M5Trainer - INFO - [Step  3000/5000] Stage C | L=1.2718e+04 (IC=2.301e-01, BC=9.414e-02, PDE=1.088e+06, Qg=3.568e-01, Qz=2.356e+00, Sd=7.523e-01, SwB=2.699e-06) | k_frac=5.4949 mD, dp=15.89 MPa | Sw=[0.121,0.869] | 400.7s
2026-02-18 14:31:35 - M5Trainer - INFO -   [k_frac诊断] grad=-1.4806e+00, k_frac=5.494892 mD
2026-02-18 14:31:50 - M5Trainer - INFO - [Step  3100/5000] Stage C | L=1.2611e+04 (IC=2.338e-01, BC=1.172e-01, PDE=1.071e+06, Qg=3.707e-01, Qz=2.243e+00, Sd=7.612e-01, SwB=6.214e-07) | k_frac=5.5177 mD, dp=15.93 MPa | Sw=[0.121,0.686] | 415.8s
2026-02-18 14:32:05 - M5Trainer - INFO - [Step  3200/5000] Stage C | L=1.4380e+04 (IC=1.944e-01, BC=2.275e-01, PDE=1.170e+06, Qg=3.415e-01, Qz=2.238e+00, Sd=7.582e-01, SwB=1.414e-07) | k_frac=5.5306 mD, dp=15.98 MPa | Sw=[0.121,0.849] | 431.2s
2026-02-18 14:32:20 - M5Trainer - INFO - [Step  3300/5000] Stage C | L=1.1390e+04 (IC=1.785e-01, BC=1.880e-01, PDE=9.830e+05, Qg=3.539e-01, Qz=1.809e+00, Sd=7.782e-01, SwB=1.553e-06) | k_frac=5.5541 mD, dp=16.02 MPa | Sw=[0.121,0.646] | 446.0s
2026-02-18 14:32:35 - M5Trainer - INFO - [Step  3400/5000] Stage C | L=1.1522e+04 (IC=2.521e-01, BC=2.294e-01, PDE=1.003e+06, Qg=3.549e-01, Qz=2.513e+00, Sd=7.479e-01, SwB=1.397e-06) | k_frac=5.5610 mD, dp=16.06 MPa | Sw=[0.124,0.849] | 460.8s
2026-02-18 14:32:50 - M5Trainer - INFO -   [Sw约束v9] Sw=[0.120, 0.268, 0.874], 权重=100, 惩罚=0.000002 (低=0.0000, 高=0.0000)
2026-02-18 14:32:50 - M5Trainer - INFO -   [Sw监控] SY9: Sw=[0.1231, 0.4378, 0.8652], krg_min=7.873207e-03
2026-02-18 14:32:50 - M5Trainer - INFO - [Step  3500/5000] Stage D | L=1.3675e+04 (IC=1.286e-01, BC=9.359e-02, PDE=1.004e+06, Qg=3.475e-01, Qz=2.482e+00, Sd=7.452e-01, SwB=1.827e-06) | k_frac=5.5749 mD, dp=16.09 MPa | Sw=[0.121,0.868] | 475.6s
2026-02-18 14:32:50 - M5Trainer - INFO -   [k_frac诊断] grad=-1.2017e+00, k_frac=5.574870 mD
2026-02-18 14:33:05 - M5Trainer - INFO - [Step  3600/5000] Stage D | L=1.1763e+04 (IC=1.786e-01, BC=1.643e-01, PDE=9.584e+05, Qg=3.366e-01, Qz=2.213e+00, Sd=7.452e-01, SwB=1.554e-06) | k_frac=5.5743 mD, dp=16.09 MPa | Sw=[0.120,0.729] | 490.8s
2026-02-18 14:33:20 - M5Trainer - INFO - [Step  3700/5000] Stage D | L=1.3151e+04 (IC=1.616e-01, BC=1.903e-01, PDE=1.028e+06, Qg=3.296e-01, Qz=2.375e+00, Sd=7.457e-01, SwB=1.518e-06) | k_frac=5.5748 mD, dp=16.10 MPa | Sw=[0.120,0.517] | 506.1s
2026-02-18 14:33:36 - M5Trainer - INFO - [Step  3800/5000] Stage D | L=1.4561e+04 (IC=2.435e-01, BC=1.618e-01, PDE=1.109e+06, Qg=3.310e-01, Qz=2.546e+00, Sd=7.449e-01, SwB=2.301e-06) | k_frac=5.5754 mD, dp=16.10 MPa | Sw=[0.120,0.551] | 521.9s
2026-02-18 14:33:51 - M5Trainer - INFO - [Step  3900/5000] Stage D | L=1.3939e+04 (IC=2.556e-01, BC=1.453e-01, PDE=1.077e+06, Qg=3.300e-01, Qz=3.544e+00, Sd=7.374e-01, SwB=1.278e-06) | k_frac=5.5725 mD, dp=16.11 MPa | Sw=[0.120,0.875] | 537.2s
2026-02-18 14:34:07 - M5Trainer - INFO -   [Sw约束v9] Sw=[0.120, 0.236, 0.876], 权重=100, 惩罚=0.000002 (低=0.0000, 高=0.0000)
2026-02-18 14:34:07 - M5Trainer - INFO -   [Sw监控] SY9: Sw=[0.1225, 0.4383, 0.8757], krg_min=5.800368e-03
2026-02-18 14:34:07 - M5Trainer - INFO - [Step  4000/5000] Stage D | L=1.1563e+04 (IC=2.409e-01, BC=1.680e-01, PDE=9.657e+05, Qg=3.309e-01, Qz=2.828e+00, Sd=7.393e-01, SwB=1.995e-06) | k_frac=5.5754 mD, dp=16.11 MPa | Sw=[0.120,0.747] | 553.1s
2026-02-18 14:34:07 - M5Trainer - INFO -   [k_frac诊断] grad=-1.5658e-02, k_frac=5.575397 mD
2026-02-18 14:34:24 - M5Trainer - INFO - [Step  4100/5000] Stage D | L=9.4165e+03 (IC=3.136e-01, BC=1.205e-01, PDE=8.533e+05, Qg=3.253e-01, Qz=2.649e+00, Sd=7.382e-01, SwB=3.158e-06) | k_frac=5.5751 mD, dp=16.11 MPa | Sw=[0.120,0.686] | 570.1s
2026-02-18 14:34:42 - M5Trainer - INFO - [Step  4200/5000] Stage D | L=1.0773e+04 (IC=1.366e-01, BC=1.147e-01, PDE=8.732e+05, Qg=3.235e-01, Qz=2.653e+00, Sd=7.381e-01, SwB=3.570e-06) | k_frac=5.5747 mD, dp=16.11 MPa | Sw=[0.120,0.873] | 587.5s
2026-02-18 14:34:59 - M5Trainer - INFO - [Step  4300/5000] Stage D | L=9.1403e+03 (IC=2.226e-01, BC=1.214e-01, PDE=8.129e+05, Qg=3.213e-01, Qz=2.625e+00, Sd=7.382e-01, SwB=4.749e-06) | k_frac=5.5747 mD, dp=16.12 MPa | Sw=[0.120,0.594] | 604.5s
2026-02-18 14:35:16 - M5Trainer - INFO - [Step  4400/5000] Stage D | L=1.0149e+04 (IC=3.246e-01, BC=1.304e-01, PDE=8.903e+05, Qg=3.227e-01, Qz=2.678e+00, Sd=7.377e-01, SwB=3.477e-06) | k_frac=5.5745 mD, dp=16.12 MPa | Sw=[0.120,0.876] | 621.5s
2026-02-18 14:35:33 - M5Trainer - INFO -   [Sw约束v9] Sw=[0.120, 0.234, 0.876], 权重=100, 惩罚=0.000003 (低=0.0000, 高=0.0000)
2026-02-18 14:35:33 - M5Trainer - INFO -   [Sw监控] SY9: Sw=[0.1221, 0.4369, 0.8760], krg_min=5.736147e-03
2026-02-18 14:35:33 - M5Trainer - INFO - [Step  4500/5000] Stage D | L=8.7720e+03 (IC=2.722e-01, BC=1.284e-01, PDE=8.049e+05, Qg=3.212e-01, Qz=2.605e+00, Sd=7.377e-01, SwB=3.040e-06) | k_frac=5.5745 mD, dp=16.12 MPa | Sw=[0.120,0.806] | 638.5s
2026-02-18 14:35:33 - M5Trainer - INFO -   [k_frac诊断] grad=4.6330e-01, k_frac=5.574516 mD
2026-02-18 14:35:51 - M5Trainer - INFO - [Step  4600/5000] Stage D | L=9.8250e+03 (IC=2.641e-01, BC=1.130e-01, PDE=8.492e+05, Qg=3.223e-01, Qz=2.773e+00, Sd=7.380e-01, SwB=3.434e-06) | k_frac=5.5747 mD, dp=16.12 MPa | Sw=[0.120,0.685] | 656.4s
2026-02-18 14:36:09 - M5Trainer - INFO - [Step  4700/5000] Stage D | L=8.1306e+03 (IC=2.650e-01, BC=1.270e-01, PDE=7.594e+05, Qg=3.197e-01, Qz=2.845e+00, Sd=7.384e-01, SwB=4.079e-06) | k_frac=5.5750 mD, dp=16.12 MPa | Sw=[0.120,0.876] | 674.6s
2026-02-18 14:36:26 - M5Trainer - INFO - [Step  4800/5000] Stage D | L=8.8640e+03 (IC=1.907e-01, BC=1.094e-01, PDE=7.760e+05, Qg=3.200e-01, Qz=2.906e+00, Sd=7.386e-01, SwB=3.607e-06) | k_frac=5.5751 mD, dp=16.12 MPa | Sw=[0.120,0.876] | 692.1s
2026-02-18 14:36:44 - M5Trainer - INFO - [Step  4900/5000] Stage D | L=7.7830e+03 (IC=3.141e-01, BC=1.141e-01, PDE=7.396e+05, Qg=3.193e-01, Qz=2.905e+00, Sd=7.385e-01, SwB=3.976e-06) | k_frac=5.5751 mD, dp=16.12 MPa | Sw=[0.120,0.695] | 709.7s
2026-02-18 14:37:00 - M5Trainer - INFO - [Step  4999/5000] Stage D | L=8.9898e+03 (IC=2.361e-01, BC=1.150e-01, PDE=7.891e+05, Qg=3.193e-01, Qz=2.904e+00, Sd=7.385e-01, SwB=2.471e-06) | k_frac=5.5752 mD, dp=16.12 MPa | Sw=[0.120,0.860] | 725.5s
2026-02-18 14:37:00 - M5Trainer - INFO - 
M5 训练完成! 耗时: 725.5s, 最佳验证分数(val_score): 26.9181
2026-02-18 14:37:00 - M5Trainer - INFO - 配置快照已保存: C:\Users\16281\Desktop\cpedc_project\outputs\mk_pinn_dt_v2\resolved_config_m5.json
2026-02-18 14:37:00 - M5Trainer - INFO - 反演参数审计: C:\Users\16281\Desktop\cpedc_project\outputs\mk_pinn_dt_v2\reports\M5_inversion_params.json
2026-02-18 14:37:00 - M5Trainer - INFO -   history 已恢复 (4201 步)
2026-02-18 14:37:00 - M5Trainer - INFO -   best_step=4200
2026-02-18 14:37:00 - M5Trainer - INFO - 已加载 M5 检查点: C:\Users\16281\Desktop\cpedc_project\outputs\mk_pinn_dt_v2\ckpt\m5_pinn_best.pt
2026-02-18 14:37:00 - M5Trainer - INFO -   history 已恢复 (5000 步)
2026-02-18 14:37:00 - M5Trainer - INFO - 已加载 M5 检查点: C:\Users\16281\Desktop\cpedc_project\outputs\mk_pinn_dt_v2\ckpt\m5_pinn_final.pt
2026-02-18 14:37:00 - M5Trainer - INFO -   history 已恢复 (4201 步)
2026-02-18 14:37:00 - M5Trainer - INFO -   best_step=4200
2026-02-18 14:37:00 - M5Trainer - INFO - 已加载 M5 检查点: C:\Users\16281\Desktop\cpedc_project\outputs\mk_pinn_dt_v2\ckpt\m5_pinn_best.pt
2026-02-18 14:37:00 - M5Trainer - INFO - generate_report: 自动择优采用 best checkpoint, qg_score=17.1021
2026-02-18 14:37:00 - M5Trainer - INFO - 反演参数审计: C:\Users\16281\Desktop\cpedc_project\outputs\mk_pinn_dt_v2\reports\M5_inversion_params.json
2026-02-18 14:37:00 - M5Trainer - INFO - qg 对比图已保存: C:\Users\16281\Desktop\cpedc_project\outputs\mk_pinn_dt_v2\figs\M5_qg_comparison_SY9.png
2026-02-18 14:37:00 - M5Trainer - INFO - p_wf 反演图已保存: C:\Users\16281\Desktop\cpedc_project\outputs\mk_pinn_dt_v2\figs\M5_pwf_inversion_SY9.png
2026-02-18 14:37:01 - M5Trainer - INFO - 训练曲线图已保存: C:\Users\16281\Desktop\cpedc_project\outputs\mk_pinn_dt_v2\figs\M5_training_history.png
2026-02-18 14:37:01 - M5Trainer - INFO - 残差热力图已保存: C:\Users\16281\Desktop\cpedc_project\outputs\mk_pinn_dt_v2\figs\M5_pde_residual_map.png
2026-02-18 14:37:02 - M5Trainer - INFO - M6 连通性分析完成
2026-02-18 14:37:04 - M5Trainer - INFO - M7 水侵预警分析完成
2026-02-18 14:37:04 - M5Trainer - INFO -   history 已恢复 (5000 步)
2026-02-18 14:37:04 - M5Trainer - INFO - 已加载 M5 检查点: C:\Users\16281\Desktop\cpedc_project\outputs\mk_pinn_dt_v2\ckpt\m5_pinn_final.pt
2026-02-18 14:37:04 - M5Trainer - INFO -   history 已恢复 (4201 步)
2026-02-18 14:37:04 - M5Trainer - INFO -   best_step=4200
2026-02-18 14:37:04 - M5Trainer - INFO - 已加载 M5 检查点: C:\Users\16281\Desktop\cpedc_project\outputs\mk_pinn_dt_v2\ckpt\m5_pinn_best.pt
2026-02-18 14:37:04 - M5Trainer - INFO - M5 验收报告已保存: C:\Users\16281\Desktop\cpedc_project\outputs\mk_pinn_dt_v2\reports\M5_validation_report.md
