2026-02-12 14:11:50 - M5Trainer - INFO -   torch.compile 已跳过 (Triton 不支持 Windows, 使用 eager 模式)
2026-02-12 14:11:51 - M5Trainer - INFO - k_net 学习率: 3.00e-04 (factor=0.3, warmup=2000 steps)
2026-02-12 14:11:51 - M5Trainer - INFO -   井 SY9: 1025 条同化数据
2026-02-12 14:11:51 - M5Trainer - INFO -   M3 PVT cg(76.0, 140.32) = 0.009744
2026-02-12 14:11:51 - M5Trainer - INFO -   M3 PVT Bg(76.0, 140.32) = 0.002577
2026-02-12 14:11:51 - M5Trainer - INFO -   PDE 缩放: αx=0.029719, αy=0.074361
2026-02-12 14:11:51 - M5Trainer - INFO - M5Trainer 初始化完成: device=cuda, lr=0.001, max_steps=50000, relobralo=True, rar=True
2026-02-12 14:11:51 - M5Trainer - INFO - ============================================================
2026-02-12 14:11:51 - M5Trainer - INFO - M5 PINN 井—藏耦合同化训练开始
2026-02-12 14:11:51 - M5Trainer - INFO - ============================================================
2026-02-12 14:11:51 - M5Trainer - INFO - 训练阶段: A[0-7500] B[7500-20000] C[20000-35000] D[35000-50000]
2026-02-12 14:11:51 - M5Trainer - INFO - --- M5 单位/量纲诊断 (train 第 1 步前) ---
2026-02-12 14:11:51 - M5Trainer - INFO -   qg_obs 范围: 0.00e+00 ~ 8.39e+05 m³/d, 均值: 3.86e+05 m³/d
2026-02-12 14:11:51 - M5Trainer - INFO -   qg_pred 范围: 1.32e+07 ~ 1.42e+07
2026-02-12 14:11:51 - M5Trainer - INFO -   p_wf 范围: 4.44e+01 ~ 4.50e+01 MPa
2026-02-12 14:11:51 - M5Trainer - INFO -   p_field @ well: 5.25e+01 MPa
2026-02-12 14:11:51 - M5Trainer - INFO -   k_eff = 0.1460 mD, f_frac = 37.00
2026-02-12 14:11:51 - M5Trainer - INFO -   WI_raw = 4.309845e-13 [检查单位]
2026-02-12 14:11:51 - M5Trainer - INFO -   dp_wellbore = 5.00 MPa
2026-02-12 14:11:51 - M5Trainer - INFO -   Bg_ref = 2.576898e-03
2026-02-12 14:11:51 - M5Trainer - INFO - --- 诊断结束 ---
2026-02-12 14:11:51 - M5Trainer - INFO -   ✅ k_eff_mD.grad = 4.741696e-16 (PDE梯度贯通)
2026-02-12 14:11:51 - M5Trainer - INFO -   ✅ k_net: 18 组参数收到梯度
2026-02-12 14:11:51 - M5Trainer - INFO -   ✅ f_frac.grad = 2.796898e-03
2026-02-12 14:11:51 - M5Trainer - INFO -   [梯度验收] SY9: qg_obs range=[0.0, 838700.0]
2026-02-12 14:11:51 - M5Trainer - INFO -   [Sw监控] SY9: Sw=[0.2600, 0.2600, 0.2600], krg_min=6.751000e-01
2026-02-12 14:11:51 - M5Trainer - INFO - [Step     0/50000] Stage A | L=9.4573e+03 (IC=5.522e+02, BC=5.522e+02, PDE=1.580e+01, Qg=1.173e+03) | k=0.15 mD, f=37.0 | Sw=[0.260,0.260] | 0.7s
2026-02-12 14:12:05 - M5Trainer - INFO - [Step   100/50000] Stage A | L=5.7711e+01 (IC=4.384e+00, BC=7.417e-01, PDE=2.002e+01, Qg=9.119e+00) | k=0.15 mD, f=37.0 | Sw=[0.142,0.425] | 14.0s
2026-02-12 14:12:17 - M5Trainer - INFO -   [梯度验收] SY9: qg_obs range=[0.0, 838700.0]
2026-02-12 14:12:17 - M5Trainer - INFO - [Step   200/50000] Stage A | L=1.0666e+00 (IC=2.236e-01, BC=1.901e-01, PDE=1.984e+01, Qg=1.123e+00) | k=0.15 mD, f=37.0 | Sw=[0.114,0.579] | 26.6s
2026-02-12 14:12:33 - M5Trainer - INFO - [Step   300/50000] Stage A | L=2.0206e+00 (IC=3.229e+00, BC=6.627e-01, PDE=2.046e+01, Qg=1.289e+00) | k=0.15 mD, f=37.0 | Sw=[0.029,0.908] | 42.5s
2026-02-12 14:12:49 - M5Trainer - INFO -   [梯度验收] SY9: qg_obs range=[0.0, 838700.0]
2026-02-12 14:12:49 - M5Trainer - INFO - [Step   400/50000] Stage A | L=1.8882e+00 (IC=6.511e-01, BC=5.354e-01, PDE=2.081e+01, Qg=1.338e+00) | k=0.15 mD, f=37.0 | Sw=[0.034,0.939] | 58.3s
2026-02-12 14:13:05 - M5Trainer - INFO -   [Sw监控] SY9: Sw=[0.9535, 0.9597, 0.9728], krg_min=1.000000e-04
2026-02-12 14:13:05 - M5Trainer - WARNING -   ⚠️ SY9: Sw_max=0.9728 > 0.95, 可能导致 krg→0 梯度死锁!
2026-02-12 14:13:05 - M5Trainer - INFO - [Step   500/50000] Stage A | L=1.2526e+00 (IC=4.913e-01, BC=2.873e-01, PDE=1.557e+01, Qg=1.336e+00) | k=0.15 mD, f=37.0 | Sw=[0.050,0.964] | 74.1s
2026-02-12 14:13:20 - M5Trainer - INFO -   [梯度验收] SY9: qg_obs range=[0.0, 838700.0]
2026-02-12 14:13:20 - M5Trainer - INFO - [Step   600/50000] Stage A | L=1.0825e+00 (IC=8.303e-01, BC=2.422e-01, PDE=1.210e+01, Qg=1.332e+00) | k=0.15 mD, f=36.9 | Sw=[0.046,0.980] | 89.8s
2026-02-12 14:13:36 - M5Trainer - INFO - [Step   700/50000] Stage A | L=1.3213e+00 (IC=2.625e-01, BC=3.863e-02, PDE=1.430e+01, Qg=1.337e+00) | k=0.15 mD, f=36.9 | Sw=[0.064,0.963] | 105.6s
2026-02-12 14:13:52 - M5Trainer - INFO -   [梯度验收] SY9: qg_obs range=[0.0, 838700.0]
2026-02-12 14:13:52 - M5Trainer - INFO - [Step   800/50000] Stage A | L=1.0471e+00 (IC=4.038e-01, BC=9.377e-02, PDE=1.201e+01, Qg=1.333e+00) | k=0.15 mD, f=36.9 | Sw=[0.083,0.981] | 121.4s
2026-02-12 14:14:08 - M5Trainer - INFO - [Step   900/50000] Stage A | L=1.0740e+00 (IC=3.816e-01, BC=4.562e-01, PDE=1.216e+01, Qg=1.332e+00) | k=0.15 mD, f=36.8 | Sw=[0.029,0.962] | 137.0s
2026-02-12 14:14:23 - M5Trainer - INFO -   [梯度验收] SY9: qg_obs range=[0.0, 838700.0]
2026-02-12 14:14:23 - M5Trainer - INFO -   [Sw监控] SY9: Sw=[0.9447, 0.9578, 0.9884], krg_min=1.000000e-04
2026-02-12 14:14:23 - M5Trainer - WARNING -   ⚠️ SY9: Sw_max=0.9884 > 0.95, 可能导致 krg→0 梯度死锁!
2026-02-12 14:14:23 - M5Trainer - INFO - [Step  1000/50000] Stage A | L=3.9928e-01 (IC=6.083e-01, BC=8.063e-02, PDE=5.574e+00, Qg=1.334e+00) | k=0.15 mD, f=36.7 | Sw=[0.218,0.953] | 152.7s
2026-02-12 14:14:39 - M5Trainer - INFO - [Step  1100/50000] Stage A | L=9.7932e-01 (IC=3.163e-01, BC=3.123e-01, PDE=1.076e+01, Qg=1.334e+00) | k=0.15 mD, f=36.7 | Sw=[0.228,0.975] | 168.5s
2026-02-12 14:14:55 - M5Trainer - INFO -   [梯度验收] SY9: qg_obs range=[0.0, 838700.0]
2026-02-12 14:14:55 - M5Trainer - INFO - [Step  1200/50000] Stage A | L=1.2570e+00 (IC=6.895e-01, BC=3.349e-02, PDE=1.223e+01, Qg=1.336e+00) | k=0.15 mD, f=36.6 | Sw=[0.860,0.984] | 184.3s
2026-02-12 14:15:11 - M5Trainer - INFO - [Step  1300/50000] Stage A | L=9.7199e-01 (IC=4.568e-01, BC=1.228e-02, PDE=1.052e+01, Qg=1.335e+00) | k=0.15 mD, f=36.6 | Sw=[0.891,0.991] | 200.2s
2026-02-12 14:15:27 - M5Trainer - INFO -   [梯度验收] SY9: qg_obs range=[0.0, 838700.0]
2026-02-12 14:15:27 - M5Trainer - INFO - [Step  1400/50000] Stage A | L=1.6726e+00 (IC=4.882e-01, BC=1.809e-02, PDE=1.490e+01, Qg=1.335e+00) | k=0.15 mD, f=36.5 | Sw=[0.896,0.996] | 216.0s
2026-02-12 14:15:43 - M5Trainer - INFO -   [Sw监控] SY9: Sw=[0.9955, 0.9966, 0.9977], krg_min=1.000000e-04
2026-02-12 14:15:43 - M5Trainer - WARNING -   ⚠️ SY9: Sw_max=0.9977 > 0.95, 可能导致 krg→0 梯度死锁!
2026-02-12 14:15:43 - M5Trainer - INFO - [Step  1500/50000] Stage A | L=1.4660e+00 (IC=5.250e-01, BC=9.574e-02, PDE=1.294e+01, Qg=1.335e+00) | k=0.15 mD, f=36.4 | Sw=[0.906,0.996] | 232.0s
2026-02-12 14:15:58 - M5Trainer - INFO -   [梯度验收] SY9: qg_obs range=[0.0, 838700.0]
2026-02-12 14:15:58 - M5Trainer - INFO - [Step  1600/50000] Stage A | L=1.1588e+00 (IC=4.372e-01, BC=1.749e-02, PDE=1.036e+01, Qg=1.335e+00) | k=0.15 mD, f=36.4 | Sw=[0.908,0.999] | 247.7s
2026-02-12 14:16:14 - M5Trainer - INFO - [Step  1700/50000] Stage A | L=1.6756e+00 (IC=5.187e-01, BC=1.287e-02, PDE=1.004e+01, Qg=1.335e+00) | k=0.15 mD, f=36.3 | Sw=[0.969,0.999] | 263.5s
2026-02-12 14:16:30 - M5Trainer - INFO -   [梯度验收] SY9: qg_obs range=[0.0, 838700.0]
2026-02-12 14:16:30 - M5Trainer - INFO - [Step  1800/50000] Stage A | L=1.0758e+00 (IC=4.786e-01, BC=1.375e-02, PDE=8.752e+00, Qg=1.335e+00) | k=0.15 mD, f=36.3 | Sw=[0.931,0.999] | 279.4s
2026-02-12 14:16:46 - M5Trainer - INFO - [Step  1900/50000] Stage A | L=2.0515e+00 (IC=7.203e-01, BC=9.547e-02, PDE=9.839e+00, Qg=1.334e+00) | k=0.15 mD, f=36.3 | Sw=[0.997,0.999] | 295.3s
2026-02-12 14:17:02 - M5Trainer - INFO -   [Sw监控] SY9: Sw=[0.9998, 0.9999, 0.9999], krg_min=1.000000e-04
2026-02-12 14:17:02 - M5Trainer - WARNING -   ⚠️ SY9: Sw_max=0.9999 > 0.95, 可能导致 krg→0 梯度死锁!
2026-02-12 14:17:02 - M5Trainer - INFO - [Step  2000/50000] Stage A | L=6.3223e+00 (IC=3.672e+00, BC=3.307e+00, PDE=1.130e+01, Qg=1.335e+00) | k=0.15 mD, f=36.2 | Sw=[0.999,1.000] | 310.9s
2026-02-12 14:17:17 - M5Trainer - INFO - [Step  2100/50000] Stage A | L=2.3184e+00 (IC=1.662e+00, BC=1.012e+00, PDE=7.888e+00, Qg=1.334e+00) | k=0.15 mD, f=36.1 | Sw=[1.000,1.000] | 326.0s
2026-02-12 14:17:32 - M5Trainer - INFO - [Step  2200/50000] Stage A | L=1.7130e+00 (IC=5.898e-01, BC=2.297e-02, PDE=7.530e+00, Qg=1.334e+00) | k=0.15 mD, f=36.0 | Sw=[1.000,1.000] | 341.3s
