2026-02-17 20:12:57 - M5Trainer - INFO -   torch.compile 已跳过 (Triton 不支持 Windows, 使用 eager 模式)
2026-02-17 20:12:57 - M5Trainer - INFO - k_frac 独立参数组: lr=3.00e-03 (factor=3.0)
2026-02-17 20:12:58 - M5Trainer - INFO - k_net 学习率: 1.00e-04 (factor=0.1, warmup=2000 steps)
2026-02-17 20:12:58 - M5Trainer - INFO -   井 SY9: 1332 条同化数据 (train=799, val=133, test=400)
    开井点数 (q>1): train=745, val=88, test=121
    有效压力点: val_p=109, test_p=121
2026-02-17 20:12:58 - M5Trainer - INFO -   train time window(norm): [0.0000, 0.5995]
2026-02-17 20:12:58 - M5Trainer - INFO -   M3 PVT cg(76.0, 140.32) = 0.009744
2026-02-17 20:12:58 - M5Trainer - INFO -   M3 PVT Bg(76.0, 140.32) = 0.002577
2026-02-17 20:12:58 - M5Trainer - INFO -   PDE 缩放: αx=0.029719, αy=0.074361
2026-02-17 20:12:58 - M5Trainer - INFO - M5Trainer 初始化完成: device=cuda, lr=0.001, max_steps=5000, relobralo=True, rar=True
2026-02-17 20:12:58 - M5Trainer - INFO - ============================================================
2026-02-17 20:12:58 - M5Trainer - INFO - M5 PINN 井—藏耦合同化训练开始
2026-02-17 20:12:58 - M5Trainer - INFO - ============================================================
2026-02-17 20:12:58 - M5Trainer - INFO - 训练阶段: A[0-500] B[500-1750] C[1750-3500] D[3500-5000]
2026-02-17 20:12:58 - M5Trainer - INFO - --- M5 单位/量纲诊断 (train 第 1 步前) ---
2026-02-17 20:12:58 - M5Trainer - INFO -   qg_obs 范围: 0.00e+00 ~ 8.39e+05 m³/d, 均值: 2.97e+05 m³/d
2026-02-17 20:12:58 - M5Trainer - INFO -   qg_pred 范围: 3.69e+05 ~ 3.86e+05
2026-02-17 20:12:58 - M5Trainer - INFO -   p_wf 范围: 7.43e+01 ~ 7.43e+01 MPa
2026-02-17 20:12:58 - M5Trainer - INFO -   p_field @ well: 7.50e+01 MPa
2026-02-17 20:12:58 - M5Trainer - INFO -   k_frac = 5.4020 mD
2026-02-17 20:12:58 - M5Trainer - INFO -   WI_raw = 4.309845e-13 [检查单位]
2026-02-17 20:12:58 - M5Trainer - INFO -   dp_wellbore = 12.00 MPa
2026-02-17 20:12:58 - M5Trainer - INFO -   Bg_ref = 2.576898e-03
2026-02-17 20:12:58 - M5Trainer - INFO -   qg_obs 范围: 0.00e+00 ~ 8.39e+05 m³/d
2026-02-17 20:12:58 - M5Trainer - INFO -   qg_obs 中位数 = 3.07e+05 m³/d
2026-02-17 20:12:58 - M5Trainer - INFO -   ✅ v9: PDE源项已升级为时变 source(x,y,t) = qg_obs(t) * kernel(x,y)
2026-02-17 20:12:58 - M5Trainer - INFO -   ✅ 每个PDE配点使用其时刻对应的真实观测产量（线性插值）
2026-02-17 20:12:58 - M5Trainer - INFO - --- 诊断结束 ---
2026-02-17 20:12:58 - M5Trainer - INFO -   [shape] SY9: qg pred=(799, 1) vs obs=(799, 1), p_wf pred=(799, 1) vs p_obs=(799, 1)
2026-02-17 20:12:59 - M5Trainer - INFO -   [Sw约束v9] Sw=[0.260, 0.260, 0.260], 权重=500, 惩罚=0.000000 (低=0.0000, 高=0.0000)
2026-02-17 20:12:59 - M5Trainer - INFO -   ✅ k_frac_mD.grad = 1.461827e+00 (PDE梯度贯通)
2026-02-17 20:12:59 - M5Trainer - INFO -   ✅ k_net: 18 组参数收到梯度
2026-02-17 20:12:59 - M5Trainer - INFO -   [梯度验收] SY9: qg_obs range=[0.0, 838700.0]
2026-02-17 20:12:59 - M5Trainer - INFO -   [Sw监控] SY9: Sw=[0.2600, 0.2600, 0.2600], krg_min=6.751000e-01
2026-02-17 20:12:59 - M5Trainer - INFO -   [best更新] val_score=175.2697 (step 0)
2026-02-17 20:12:59 - M5Trainer - INFO - [Step     0/5000] Stage A | L=1.7375e+03 (IC=1.000e+00, BC=1.000e+00, PDE=1.334e+06, Qg=4.487e-01, Qz=1.609e+02, Sd=4.264e-01, SwB=0.000e+00) | k_frac=5.4018 mD, dp=12.00 MPa | Sw=[0.260,0.260] | 0.6s
2026-02-17 20:12:59 - M5Trainer - INFO -   [k_frac诊断] grad=1.4618e+00, k_frac=5.401842 mD
2026-02-17 20:13:11 - M5Trainer - INFO - [Step   100/5000] Stage A | L=3.0664e+02 (IC=2.219e-02, BC=4.091e-02, PDE=1.553e+06, Qg=6.598e-01, Qz=3.549e+00, Sd=3.055e-01, SwB=0.000e+00) | k_frac=5.3581 mD, dp=12.00 MPa | Sw=[0.190,0.643] | 12.9s
2026-02-17 20:13:23 - M5Trainer - INFO -   [梯度验收] SY9: qg_obs range=[0.0, 838700.0]
2026-02-17 20:13:23 - M5Trainer - INFO - [Step   200/5000] Stage A | L=2.1843e+02 (IC=2.764e-02, BC=1.590e-02, PDE=1.532e+06, Qg=7.285e-01, Qz=2.260e-01, Sd=2.478e-01, SwB=0.000e+00) | k_frac=5.3376 mD, dp=12.04 MPa | Sw=[0.140,0.807] | 25.2s
2026-02-17 20:13:36 - M5Trainer - INFO - [Step   300/5000] Stage A | L=2.1657e+02 (IC=4.664e-02, BC=5.480e-02, PDE=1.397e+06, Qg=4.896e-01, Qz=1.082e+01, Sd=4.973e-01, SwB=0.000e+00) | k_frac=5.3398 mD, dp=12.07 MPa | Sw=[0.153,0.695] | 37.9s
2026-02-17 20:13:49 - M5Trainer - INFO -   [梯度验收] SY9: qg_obs range=[0.0, 838700.0]
2026-02-17 20:13:49 - M5Trainer - INFO - [Step   400/5000] Stage A | L=2.6665e+02 (IC=9.049e-02, BC=7.782e-02, PDE=1.495e+06, Qg=4.155e-01, Qz=5.140e+00, Sd=6.638e-01, SwB=0.000e+00) | k_frac=5.3412 mD, dp=12.08 MPa | Sw=[0.154,0.596] | 50.9s
2026-02-17 20:14:02 - M5Trainer - INFO -   [Sw约束v9] Sw=[0.138, 0.299, 0.763], 权重=300, 惩罚=0.000000 (低=0.0000, 高=0.0000)
2026-02-17 20:14:02 - M5Trainer - INFO -   [Sw监控] SY9: Sw=[0.1713, 0.4017, 0.7588], krg_min=4.726696e-02
2026-02-17 20:14:02 - M5Trainer - INFO - [Step   500/5000] Stage B | L=1.5107e+03 (IC=3.379e-02, BC=3.739e-02, PDE=1.611e+06, Qg=4.160e-01, Qz=6.387e+00, Sd=6.550e-01, SwB=0.000e+00) | k_frac=5.3488 mD, dp=12.11 MPa | Sw=[0.143,0.753] | 63.9s
2026-02-17 20:14:02 - M5Trainer - INFO -   [k_frac诊断] grad=1.7889e+00, k_frac=5.348772 mD
2026-02-17 20:14:15 - M5Trainer - INFO -   [梯度验收] SY9: qg_obs range=[0.0, 838700.0]
2026-02-17 20:14:15 - M5Trainer - INFO - [Step   600/5000] Stage B | L=1.7318e+03 (IC=9.267e-02, BC=1.041e-01, PDE=1.593e+06, Qg=5.042e-01, Qz=7.718e+00, Sd=2.438e-01, SwB=0.000e+00) | k_frac=5.5926 mD, dp=12.16 MPa | Sw=[0.148,0.490] | 76.7s
2026-02-17 20:14:27 - M5Trainer - INFO - [Step   700/5000] Stage B | L=2.1700e+03 (IC=1.505e-01, BC=1.701e-01, PDE=1.848e+06, Qg=5.373e-01, Qz=8.311e+00, Sd=1.663e-01, SwB=0.000e+00) | k_frac=5.9579 mD, dp=12.21 MPa | Sw=[0.160,0.516] | 89.3s
2026-02-17 20:14:41 - M5Trainer - INFO -   [梯度验收] SY9: qg_obs range=[0.0, 838700.0]
2026-02-17 20:14:41 - M5Trainer - INFO - [Step   800/5000] Stage B | L=1.9332e+03 (IC=6.319e-02, BC=8.983e-02, PDE=1.670e+06, Qg=4.282e-01, Qz=1.776e+01, Sd=3.146e-01, SwB=0.000e+00) | k_frac=6.4668 mD, dp=12.27 MPa | Sw=[0.154,0.741] | 102.7s
2026-02-17 20:14:54 - M5Trainer - INFO - [Step   900/5000] Stage B | L=1.7757e+03 (IC=1.066e-01, BC=1.315e-01, PDE=1.517e+06, Qg=4.492e-01, Qz=6.021e+00, Sd=2.542e-01, SwB=0.000e+00) | k_frac=7.1658 mD, dp=12.31 MPa | Sw=[0.129,0.574] | 115.8s
2026-02-17 20:15:06 - M5Trainer - INFO -   [Sw约束v9] Sw=[0.127, 0.277, 0.790], 权重=300, 惩罚=0.000000 (低=0.0000, 高=0.0000)
2026-02-17 20:15:06 - M5Trainer - INFO -   [梯度验收] SY9: qg_obs range=[0.0, 838700.0]
2026-02-17 20:15:06 - M5Trainer - INFO -   [Sw监控] SY9: Sw=[0.1976, 0.4385, 0.7889], krg_min=3.273419e-02
2026-02-17 20:15:06 - M5Trainer - INFO -   [best更新] val_score=72.7186 (step 1000)
2026-02-17 20:15:06 - M5Trainer - INFO - [Step  1000/5000] Stage B | L=1.7484e+03 (IC=1.358e-01, BC=1.732e-01, PDE=1.442e+06, Qg=5.034e-01, Qz=4.725e+00, Sd=1.948e-01, SwB=0.000e+00) | k_frac=7.7442 mD, dp=12.36 MPa | Sw=[0.128,0.652] | 128.4s
2026-02-17 20:15:06 - M5Trainer - INFO -   [k_frac诊断] grad=1.4737e-01, k_frac=7.744227 mD
2026-02-17 20:15:19 - M5Trainer - INFO - [Step  1100/5000] Stage B | L=2.2322e+03 (IC=7.752e-02, BC=1.112e-01, PDE=1.614e+06, Qg=4.262e-01, Qz=8.980e+00, Sd=1.796e-01, SwB=0.000e+00) | k_frac=8.3981 mD, dp=12.42 MPa | Sw=[0.128,0.590] | 141.1s
2026-02-17 20:15:32 - M5Trainer - INFO -   [梯度验收] SY9: qg_obs range=[0.0, 838700.0]
2026-02-17 20:15:32 - M5Trainer - INFO - [Step  1200/5000] Stage B | L=2.4941e+03 (IC=1.921e-01, BC=2.193e-01, PDE=1.760e+06, Qg=4.500e-01, Qz=6.930e+00, Sd=1.766e-01, SwB=0.000e+00) | k_frac=8.7524 mD, dp=12.46 MPa | Sw=[0.136,0.793] | 153.8s
2026-02-17 20:15:45 - M5Trainer - INFO - [Step  1300/5000] Stage B | L=2.1310e+03 (IC=1.796e-01, BC=2.326e-01, PDE=1.517e+06, Qg=5.080e-01, Qz=6.309e+00, Sd=1.064e-01, SwB=0.000e+00) | k_frac=9.0841 mD, dp=12.50 MPa | Sw=[0.124,0.675] | 166.5s
2026-02-17 20:15:57 - M5Trainer - INFO -   [梯度验收] SY9: qg_obs range=[0.0, 838700.0]
2026-02-17 20:15:57 - M5Trainer - INFO - [Step  1400/5000] Stage B | L=2.3579e+03 (IC=1.612e-01, BC=1.820e-01, PDE=1.553e+06, Qg=4.988e-01, Qz=4.241e+00, Sd=8.830e-02, SwB=0.000e+00) | k_frac=9.1880 mD, dp=12.58 MPa | Sw=[0.124,0.717] | 179.2s
2026-02-17 20:16:10 - M5Trainer - INFO -   [Sw约束v9] Sw=[0.124, 0.242, 0.801], 权重=300, 惩罚=0.000000 (低=0.0000, 高=0.0000)
2026-02-17 20:16:10 - M5Trainer - INFO -   [Sw监控] SY9: Sw=[0.1501, 0.2761, 0.7998], krg_min=2.812603e-02
2026-02-17 20:16:10 - M5Trainer - INFO - [Step  1500/5000] Stage B | L=2.0420e+03 (IC=2.028e-01, BC=2.057e-01, PDE=1.360e+06, Qg=5.238e-01, Qz=8.835e+00, Sd=3.928e-02, SwB=0.000e+00) | k_frac=9.3808 mD, dp=12.63 MPa | Sw=[0.127,0.479] | 192.0s
2026-02-17 20:16:10 - M5Trainer - INFO -   [k_frac诊断] grad=5.1395e-02, k_frac=9.380781 mD
2026-02-17 20:16:23 - M5Trainer - INFO -   [梯度验收] SY9: qg_obs range=[0.0, 838700.0]
2026-02-17 20:16:23 - M5Trainer - INFO - [Step  1600/5000] Stage B | L=2.1887e+03 (IC=5.507e-02, BC=1.022e-01, PDE=1.372e+06, Qg=4.305e-01, Qz=5.698e+00, Sd=1.212e-01, SwB=0.000e+00) | k_frac=9.6051 mD, dp=12.66 MPa | Sw=[0.125,0.717] | 205.0s
2026-02-17 20:16:36 - M5Trainer - INFO - [Step  1700/5000] Stage B | L=2.1036e+03 (IC=8.176e-02, BC=9.876e-02, PDE=1.308e+06, Qg=4.294e-01, Qz=2.194e+00, Sd=1.241e-01, SwB=0.000e+00) | k_frac=9.9052 mD, dp=12.69 MPa | Sw=[0.123,0.553] | 217.9s
2026-02-17 20:16:49 - M5Trainer - INFO -   [梯度验收] SY9: qg_obs range=[0.0, 838700.0]
2026-02-17 20:16:49 - M5Trainer - INFO - [Step  1800/5000] Stage C | L=9.8430e+03 (IC=2.813e-01, BC=2.672e-01, PDE=1.411e+06, Qg=4.369e-01, Qz=3.831e+00, Sd=1.601e-01, SwB=2.166e-08) | k_frac=10.2042 mD, dp=12.71 MPa | Sw=[0.124,0.821] | 230.8s
2026-02-17 20:17:02 - M5Trainer - INFO - [Step  1900/5000] Stage C | L=8.3577e+03 (IC=8.837e-01, BC=9.639e-01, PDE=1.446e+06, Qg=4.628e-01, Qz=3.847e+01, Sd=1.091e-01, SwB=0.000e+00) | k_frac=10.4234 mD, dp=12.78 MPa | Sw=[0.127,0.704] | 243.8s
2026-02-17 20:17:15 - M5Trainer - INFO -   [Sw约束v9] Sw=[0.121, 0.225, 0.855], 权重=200, 惩罚=0.000000 (低=0.0000, 高=0.0000)
2026-02-17 20:17:15 - M5Trainer - INFO -   [Sw监控] SY9: Sw=[0.1338, 0.4131, 0.8513], krg_min=1.114342e-02
2026-02-17 20:17:15 - M5Trainer - INFO - [Step  2000/5000] Stage C | L=1.2383e+04 (IC=1.901e-01, BC=1.812e-01, PDE=1.465e+06, Qg=5.099e-01, Qz=3.101e+00, Sd=9.159e-02, SwB=6.090e-09) | k_frac=10.6613 mD, dp=12.84 MPa | Sw=[0.121,0.800] | 256.7s
2026-02-17 20:17:15 - M5Trainer - INFO -   [k_frac诊断] grad=3.4288e-02, k_frac=10.661331 mD
2026-02-17 20:17:28 - M5Trainer - INFO - [Step  2100/5000] Stage C | L=1.0967e+04 (IC=2.494e-01, BC=3.371e-01, PDE=1.259e+06, Qg=5.775e-01, Qz=4.498e+00, Sd=3.559e-02, SwB=1.085e-07) | k_frac=10.6384 mD, dp=12.89 MPa | Sw=[0.120,0.503] | 270.0s
2026-02-17 20:17:41 - M5Trainer - INFO - [Step  2200/5000] Stage C | L=1.2431e+04 (IC=2.745e-01, BC=3.364e-01, PDE=1.308e+06, Qg=5.331e-01, Qz=4.642e+00, Sd=3.012e-02, SwB=0.000e+00) | k_frac=10.6384 mD, dp=12.95 MPa | Sw=[0.121,0.833] | 283.2s
2026-02-17 20:17:55 - M5Trainer - INFO - [Step  2300/5000] Stage C | L=1.4069e+04 (IC=3.844e-01, BC=3.353e-01, PDE=1.412e+06, Qg=6.964e-01, Qz=3.507e+00, Sd=6.308e-03, SwB=1.020e-05) | k_frac=10.7581 mD, dp=12.98 MPa | Sw=[0.120,0.872] | 296.5s
2026-02-17 20:18:08 - M5Trainer - INFO - [Step  2400/5000] Stage C | L=1.3499e+04 (IC=1.633e-01, BC=2.189e-01, PDE=1.283e+06, Qg=5.614e-01, Qz=2.140e+00, Sd=4.286e-02, SwB=6.807e-07) | k_frac=11.0130 mD, dp=13.05 MPa | Sw=[0.120,0.546] | 309.8s
2026-02-17 20:18:21 - M5Trainer - INFO -   [Sw约束v9] Sw=[0.120, 0.166, 0.878], 权重=200, 惩罚=0.000006 (低=0.0000, 高=0.0000)
2026-02-17 20:18:21 - M5Trainer - INFO -   [Sw监控] SY9: Sw=[0.1204, 0.3158, 0.8782], krg_min=5.358556e-03
2026-02-17 20:18:21 - M5Trainer - INFO - [Step  2500/5000] Stage C | L=1.0928e+04 (IC=2.213e-01, BC=2.968e-01, PDE=1.133e+06, Qg=5.267e-01, Qz=3.077e+00, Sd=6.034e-02, SwB=5.509e-06) | k_frac=11.1375 mD, dp=13.09 MPa | Sw=[0.120,0.868] | 323.1s
2026-02-17 20:18:21 - M5Trainer - INFO -   [k_frac诊断] grad=2.2913e-01, k_frac=11.137451 mD
2026-02-17 20:18:35 - M5Trainer - INFO - [Step  2600/5000] Stage C | L=1.0987e+04 (IC=2.442e-01, BC=1.964e-01, PDE=1.118e+06, Qg=5.147e-01, Qz=3.735e+00, Sd=8.731e-02, SwB=1.937e-06) | k_frac=11.2806 mD, dp=13.11 MPa | Sw=[0.120,0.513] | 337.0s
2026-02-17 20:18:49 - M5Trainer - INFO - [Step  2700/5000] Stage C | L=1.2728e+04 (IC=2.355e-01, BC=2.623e-01, PDE=1.120e+06, Qg=8.579e-01, Qz=1.220e+00, Sd=5.523e-05, SwB=1.221e-06) | k_frac=11.0653 mD, dp=13.12 MPa | Sw=[0.120,0.513] | 350.9s
2026-02-17 20:19:03 - M5Trainer - INFO - [Step  2800/5000] Stage C | L=1.4287e+04 (IC=9.313e-02, BC=1.368e-01, PDE=1.117e+06, Qg=6.173e-01, Qz=4.895e+00, Sd=2.080e-02, SwB=1.377e-05) | k_frac=11.2167 mD, dp=13.15 MPa | Sw=[0.120,0.870] | 364.8s
2026-02-17 20:19:17 - M5Trainer - INFO - [Step  2900/5000] Stage C | L=1.6427e+04 (IC=1.387e-01, BC=1.643e-01, PDE=1.214e+06, Qg=6.861e-01, Qz=2.762e+00, Sd=1.292e-02, SwB=1.842e-05) | k_frac=11.1793 mD, dp=13.16 MPa | Sw=[0.120,0.877] | 378.5s
2026-02-17 20:19:30 - M5Trainer - INFO -   [Sw约束v9] Sw=[0.120, 0.160, 0.879], 权重=200, 惩罚=0.000008 (低=0.0000, 高=0.0000)
2026-02-17 20:19:30 - M5Trainer - INFO -   [Sw监控] SY9: Sw=[0.1200, 0.2556, 0.8793], krg_min=5.157012e-03
2026-02-17 20:19:30 - M5Trainer - INFO -   [best更新] val_score=58.9539 (step 3000)
2026-02-17 20:19:30 - M5Trainer - INFO - [Step  3000/5000] Stage C | L=1.1665e+04 (IC=1.648e-01, BC=1.964e-01, PDE=9.965e+05, Qg=5.989e-01, Qz=3.719e+00, Sd=1.718e-02, SwB=7.876e-06) | k_frac=11.2155 mD, dp=13.17 MPa | Sw=[0.120,0.678] | 392.2s
2026-02-17 20:19:30 - M5Trainer - INFO -   [k_frac诊断] grad=-2.3135e-02, k_frac=11.215526 mD
2026-02-17 20:19:44 - M5Trainer - INFO - [Step  3100/5000] Stage C | L=1.1662e+04 (IC=1.463e-01, BC=1.276e-01, PDE=9.811e+05, Qg=6.338e-01, Qz=3.200e+00, Sd=3.958e-02, SwB=1.749e-05) | k_frac=11.2598 mD, dp=13.17 MPa | Sw=[0.120,0.877] | 406.2s
2026-02-17 20:19:58 - M5Trainer - INFO - [Step  3200/5000] Stage C | L=1.3637e+04 (IC=1.063e-01, BC=1.278e-01, PDE=1.059e+06, Qg=6.242e-01, Qz=3.452e+00, Sd=5.657e-02, SwB=2.035e-05) | k_frac=11.3494 mD, dp=13.19 MPa | Sw=[0.120,0.671] | 420.2s
2026-02-17 20:20:12 - M5Trainer - INFO - [Step  3300/5000] Stage C | L=1.1641e+04 (IC=2.630e-01, BC=1.896e-01, PDE=9.414e+05, Qg=7.011e-01, Qz=3.772e+00, Sd=4.103e-03, SwB=1.345e-05) | k_frac=11.2009 mD, dp=13.20 MPa | Sw=[0.120,0.740] | 434.3s
2026-02-17 20:20:26 - M5Trainer - INFO - [Step  3400/5000] Stage C | L=1.4188e+04 (IC=1.036e-01, BC=1.169e-01, PDE=9.588e+05, Qg=7.066e-01, Qz=3.627e+00, Sd=3.961e-03, SwB=1.524e-05) | k_frac=11.1976 mD, dp=13.22 MPa | Sw=[0.120,0.828] | 448.3s
2026-02-17 20:20:40 - M5Trainer - INFO -   [Sw约束v9] Sw=[0.120, 0.141, 0.880], 权重=100, 惩罚=0.000013 (低=0.0000, 高=0.0000)
2026-02-17 20:20:40 - M5Trainer - INFO -   [Sw监控] SY9: Sw=[0.1200, 0.2606, 0.8793], krg_min=5.166539e-03
2026-02-17 20:20:40 - M5Trainer - INFO - [Step  3500/5000] Stage D | L=1.1639e+04 (IC=8.656e-02, BC=1.195e-01, PDE=8.209e+05, Qg=7.237e-01, Qz=3.441e+00, Sd=2.440e-03, SwB=1.294e-05) | k_frac=11.1714 mD, dp=13.23 MPa | Sw=[0.120,0.879] | 462.3s
2026-02-17 20:20:40 - M5Trainer - INFO -   [k_frac诊断] grad=3.0562e-03, k_frac=11.171450 mD
2026-02-17 20:20:55 - M5Trainer - INFO - [Step  3600/5000] Stage D | L=1.1492e+04 (IC=9.168e-02, BC=9.878e-02, PDE=8.049e+05, Qg=7.292e-01, Qz=3.272e+00, Sd=2.098e-03, SwB=1.589e-05) | k_frac=11.1643 mD, dp=13.23 MPa | Sw=[0.120,0.879] | 476.5s
2026-02-17 20:21:09 - M5Trainer - INFO - [Step  3700/5000] Stage D | L=1.2768e+04 (IC=9.916e-02, BC=1.110e-01, PDE=8.643e+05, Qg=7.319e-01, Qz=3.089e+00, Sd=1.985e-03, SwB=1.545e-05) | k_frac=11.1617 mD, dp=13.23 MPa | Sw=[0.120,0.879] | 490.7s
2026-02-17 20:21:23 - M5Trainer - INFO - [Step  3800/5000] Stage D | L=1.3595e+04 (IC=1.064e-01, BC=1.009e-01, PDE=8.934e+05, Qg=7.352e-01, Qz=2.948e+00, Sd=1.856e-03, SwB=1.181e-05) | k_frac=11.1571 mD, dp=13.23 MPa | Sw=[0.120,0.879] | 504.9s
2026-02-17 20:21:38 - M5Trainer - INFO - [Step  3900/5000] Stage D | L=1.3439e+04 (IC=8.660e-02, BC=9.813e-02, PDE=8.764e+05, Qg=7.385e-01, Qz=3.067e+00, Sd=1.685e-03, SwB=1.143e-05) | k_frac=11.1528 mD, dp=13.23 MPa | Sw=[0.120,0.879] | 519.8s
2026-02-17 20:21:52 - M5Trainer - INFO -   [Sw约束v9] Sw=[0.120, 0.138, 0.880], 权重=100, 惩罚=0.000013 (低=0.0000, 高=0.0000)
2026-02-17 20:21:52 - M5Trainer - INFO -   [Sw监控] SY9: Sw=[0.1200, 0.2592, 0.8791], krg_min=5.193380e-03
2026-02-17 20:21:52 - M5Trainer - INFO - [Step  4000/5000] Stage D | L=9.5447e+03 (IC=9.330e-02, BC=1.027e-01, PDE=7.094e+05, Qg=7.415e-01, Qz=2.724e+00, Sd=1.619e-03, SwB=1.260e-05) | k_frac=11.1509 mD, dp=13.23 MPa | Sw=[0.120,0.180] | 534.3s
2026-02-17 20:21:52 - M5Trainer - INFO -   [k_frac诊断] grad=-2.2104e-04, k_frac=11.150853 mD
2026-02-17 20:22:07 - M5Trainer - INFO - [Step  4100/5000] Stage D | L=8.7687e+03 (IC=9.260e-02, BC=9.472e-02, PDE=6.676e+05, Qg=7.415e-01, Qz=2.889e+00, Sd=1.582e-03, SwB=1.264e-05) | k_frac=11.1495 mD, dp=13.23 MPa | Sw=[0.120,0.256] | 549.4s
2026-02-17 20:22:22 - M5Trainer - INFO - [Step  4200/5000] Stage D | L=9.6355e+03 (IC=8.630e-02, BC=9.289e-02, PDE=7.002e+05, Qg=7.459e-01, Qz=2.584e+00, Sd=1.438e-03, SwB=1.438e-05) | k_frac=11.1456 mD, dp=13.23 MPa | Sw=[0.120,0.879] | 564.2s
2026-02-17 20:22:37 - M5Trainer - INFO - [Step  4300/5000] Stage D | L=8.9202e+03 (IC=8.855e-02, BC=8.922e-02, PDE=6.645e+05, Qg=7.510e-01, Qz=2.610e+00, Sd=1.270e-03, SwB=1.382e-05) | k_frac=11.1406 mD, dp=13.23 MPa | Sw=[0.120,0.242] | 579.0s
2026-02-17 20:22:52 - M5Trainer - INFO - [Step  4400/5000] Stage D | L=9.6889e+03 (IC=7.921e-02, BC=9.255e-02, PDE=6.933e+05, Qg=7.538e-01, Qz=2.443e+00, Sd=1.182e-03, SwB=1.097e-05) | k_frac=11.1376 mD, dp=13.23 MPa | Sw=[0.120,0.879] | 593.8s
2026-02-17 20:23:07 - M5Trainer - INFO -   [Sw约束v9] Sw=[0.120, 0.142, 0.879], 权重=100, 惩罚=0.000013 (低=0.0000, 高=0.0000)
2026-02-17 20:23:07 - M5Trainer - INFO -   [Sw监控] SY9: Sw=[0.1200, 0.2535, 0.8789], krg_min=5.226807e-03
2026-02-17 20:23:07 - M5Trainer - INFO - [Step  4500/5000] Stage D | L=7.7205e+03 (IC=9.264e-02, BC=1.048e-01, PDE=6.091e+05, Qg=7.562e-01, Qz=2.386e+00, Sd=1.111e-03, SwB=1.332e-05) | k_frac=11.1349 mD, dp=13.23 MPa | Sw=[0.120,0.877] | 608.6s
2026-02-17 20:23:07 - M5Trainer - INFO -   [k_frac诊断] grad=2.0556e-03, k_frac=11.134931 mD
2026-02-17 20:23:22 - M5Trainer - INFO - [Step  4600/5000] Stage D | L=8.2613e+03 (IC=9.927e-02, BC=9.634e-02, PDE=6.313e+05, Qg=7.584e-01, Qz=2.342e+00, Sd=1.048e-03, SwB=1.261e-05) | k_frac=11.1328 mD, dp=13.24 MPa | Sw=[0.120,0.878] | 623.9s
2026-02-17 20:23:37 - M5Trainer - INFO - [Step  4700/5000] Stage D | L=7.3802e+03 (IC=9.678e-02, BC=1.025e-01, PDE=5.867e+05, Qg=7.597e-01, Qz=2.304e+00, Sd=1.015e-03, SwB=1.390e-05) | k_frac=11.1316 mD, dp=13.24 MPa | Sw=[0.120,0.879] | 639.1s
2026-02-17 20:24:00 - M5Trainer - INFO - [Step  4800/5000] Stage D | L=7.4548e+03 (IC=9.481e-02, BC=1.074e-01, PDE=5.884e+05, Qg=7.611e-01, Qz=2.263e+00, Sd=9.811e-04, SwB=1.381e-05) | k_frac=11.1304 mD, dp=13.24 MPa | Sw=[0.120,0.879] | 661.6s
2026-02-17 20:24:16 - M5Trainer - INFO - [Step  4900/5000] Stage D | L=7.1771e+03 (IC=9.337e-02, BC=9.904e-02, PDE=5.687e+05, Qg=7.622e-01, Qz=2.234e+00, Sd=9.533e-04, SwB=1.480e-05) | k_frac=11.1294 mD, dp=13.24 MPa | Sw=[0.120,0.336] | 677.9s
2026-02-17 20:24:34 - M5Trainer - INFO - [Step  4999/5000] Stage D | L=7.9153e+03 (IC=9.525e-02, BC=9.936e-02, PDE=6.037e+05, Qg=7.627e-01, Qz=2.213e+00, Sd=9.425e-04, SwB=1.243e-05) | k_frac=11.1290 mD, dp=13.24 MPa | Sw=[0.120,0.876] | 696.1s
2026-02-17 20:24:34 - M5Trainer - INFO - 
M5 训练完成! 耗时: 696.1s, 最佳验证分数(val_score): 58.9539
2026-02-17 20:24:34 - M5Trainer - INFO - 配置快照已保存: C:\Users\16281\Desktop\cpedc_project\outputs\mk_pinn_dt_v2\resolved_config_m5.json
2026-02-17 20:24:34 - M5Trainer - INFO - 反演参数审计: C:\Users\16281\Desktop\cpedc_project\outputs\mk_pinn_dt_v2\reports\M5_inversion_params.json
2026-02-17 20:24:34 - M5Trainer - INFO -   history 已恢复 (3001 步)
2026-02-17 20:24:34 - M5Trainer - INFO -   best_step=3000
2026-02-17 20:24:34 - M5Trainer - INFO - 已加载 M5 检查点: C:\Users\16281\Desktop\cpedc_project\outputs\mk_pinn_dt_v2\ckpt\m5_pinn_best.pt
2026-02-17 20:24:34 - M5Trainer - INFO - generate_report: 加载 best checkpoint from C:\Users\16281\Desktop\cpedc_project\outputs\mk_pinn_dt_v2\ckpt\m5_pinn_best.pt
2026-02-17 20:24:34 - M5Trainer - INFO -   history 已恢复 (3001 步)
2026-02-17 20:24:34 - M5Trainer - INFO -   best_step=3000
2026-02-17 20:24:34 - M5Trainer - INFO - 已加载 M5 检查点: C:\Users\16281\Desktop\cpedc_project\outputs\mk_pinn_dt_v2\ckpt\m5_pinn_best.pt
2026-02-17 20:24:34 - M5Trainer - INFO - 反演参数审计: C:\Users\16281\Desktop\cpedc_project\outputs\mk_pinn_dt_v2\reports\M5_inversion_params.json
2026-02-17 20:24:35 - M5Trainer - INFO - qg 对比图已保存: C:\Users\16281\Desktop\cpedc_project\outputs\mk_pinn_dt_v2\figs\M5_qg_comparison_SY9.png
2026-02-17 20:24:35 - M5Trainer - INFO - p_wf 反演图已保存: C:\Users\16281\Desktop\cpedc_project\outputs\mk_pinn_dt_v2\figs\M5_pwf_inversion_SY9.png
2026-02-17 20:24:36 - M5Trainer - INFO - 训练曲线图已保存: C:\Users\16281\Desktop\cpedc_project\outputs\mk_pinn_dt_v2\figs\M5_training_history.png
2026-02-17 20:24:36 - M5Trainer - INFO - 残差热力图已保存: C:\Users\16281\Desktop\cpedc_project\outputs\mk_pinn_dt_v2\figs\M5_pde_residual_map.png
2026-02-17 20:24:38 - M5Trainer - INFO - M6 连通性分析完成
2026-02-17 20:24:39 - M5Trainer - INFO - M7 水侵预警分析完成
2026-02-17 20:24:39 - M5Trainer - INFO -   history 已恢复 (5000 步)
2026-02-17 20:24:39 - M5Trainer - INFO - 已加载 M5 检查点: C:\Users\16281\Desktop\cpedc_project\outputs\mk_pinn_dt_v2\ckpt\m5_pinn_final.pt
2026-02-17 20:24:39 - M5Trainer - INFO -   history 已恢复 (3001 步)
2026-02-17 20:24:39 - M5Trainer - INFO -   best_step=3000
2026-02-17 20:24:39 - M5Trainer - INFO - 已加载 M5 检查点: C:\Users\16281\Desktop\cpedc_project\outputs\mk_pinn_dt_v2\ckpt\m5_pinn_best.pt
2026-02-17 20:24:39 - M5Trainer - INFO - M5 验收报告已保存: C:\Users\16281\Desktop\cpedc_project\outputs\mk_pinn_dt_v2\reports\M5_validation_report.md
