2026-02-17 21:18:11 - M5Trainer - INFO -   torch.compile 已跳过 (Triton 不支持 Windows, 使用 eager 模式)
2026-02-17 21:18:11 - M5Trainer - INFO - k_frac 独立参数组: lr=3.00e-03 (factor=3.0)
2026-02-17 21:18:12 - M5Trainer - INFO - k_net 学习率: 1.00e-04 (factor=0.1, warmup=2000 steps)
2026-02-17 21:18:12 - M5Trainer - INFO -   井 SY9: 1332 条同化数据 (train=799, val=133, test=400)
    开井点数 (q>1): train=745, val=88, test=121
    有效压力点: val_p=109, test_p=121
2026-02-17 21:18:12 - M5Trainer - INFO -   train time window(norm): [0.0000, 0.5995]
2026-02-17 21:18:12 - M5Trainer - INFO -   M3 PVT cg(76.0, 140.32) = 0.009744
2026-02-17 21:18:12 - M5Trainer - INFO -   M3 PVT Bg(76.0, 140.32) = 0.002577
2026-02-17 21:18:12 - M5Trainer - INFO -   PDE 缩放: αx=0.029719, αy=0.074361
2026-02-17 21:18:12 - M5Trainer - INFO - M5Trainer 初始化完成: device=cuda, lr=0.001, max_steps=5000, relobralo=True, rar=True
2026-02-17 21:18:12 - M5Trainer - INFO - ============================================================
2026-02-17 21:18:12 - M5Trainer - INFO - M5 PINN 井—藏耦合同化训练开始
2026-02-17 21:18:12 - M5Trainer - INFO - ============================================================
2026-02-17 21:18:12 - M5Trainer - INFO - 训练阶段: A[0-500] B[500-1750] C[1750-3500] D[3500-5000]
2026-02-17 21:18:12 - M5Trainer - INFO - --- M5 单位/量纲诊断 (train 第 1 步前) ---
2026-02-17 21:18:12 - M5Trainer - INFO -   qg_obs 范围: 0.00e+00 ~ 8.39e+05 m³/d, 均值: 2.97e+05 m³/d
2026-02-17 21:18:12 - M5Trainer - INFO -   qg_pred 范围: 3.80e+05 ~ 3.86e+05
2026-02-17 21:18:12 - M5Trainer - INFO -   p_wf 范围: 7.43e+01 ~ 7.43e+01 MPa
2026-02-17 21:18:12 - M5Trainer - INFO -   p_field @ well: 7.50e+01 MPa
2026-02-17 21:18:12 - M5Trainer - INFO -   k_frac = 5.4020 mD
2026-02-17 21:18:12 - M5Trainer - INFO -   WI_raw = 4.309845e-13 [检查单位]
2026-02-17 21:18:12 - M5Trainer - INFO -   dp_wellbore = 12.00 MPa
2026-02-17 21:18:12 - M5Trainer - INFO -   Bg_ref = 2.576898e-03
2026-02-17 21:18:12 - M5Trainer - INFO -   qg_obs 范围: 0.00e+00 ~ 8.39e+05 m³/d
2026-02-17 21:18:12 - M5Trainer - INFO -   qg_obs 中位数 = 3.07e+05 m³/d
2026-02-17 21:18:12 - M5Trainer - INFO -   ✅ v9: PDE源项已升级为时变 source(x,y,t) = qg_obs(t) * kernel(x,y)
2026-02-17 21:18:12 - M5Trainer - INFO -   ✅ 每个PDE配点使用其时刻对应的真实观测产量（线性插值）
2026-02-17 21:18:12 - M5Trainer - INFO - --- 诊断结束 ---
2026-02-17 21:18:12 - M5Trainer - INFO -   [shape] SY9: qg pred=(799, 1) vs obs=(799, 1), p_wf pred=(799, 1) vs p_obs=(799, 1)
2026-02-17 21:18:12 - M5Trainer - INFO -   [Sw约束v9] Sw=[0.260, 0.260, 0.260], 权重=500, 惩罚=0.000000 (低=0.0000, 高=0.0000)
2026-02-17 21:18:13 - M5Trainer - INFO -   ✅ k_frac_mD.grad = 1.558583e-03 (PDE梯度贯通)
2026-02-17 21:18:13 - M5Trainer - INFO -   ✅ k_net: 18 组参数收到梯度
2026-02-17 21:18:13 - M5Trainer - INFO -   [梯度验收] SY9: qg_obs range=[0.0, 838700.0]
2026-02-17 21:18:13 - M5Trainer - INFO -   [Sw监控] SY9: Sw=[0.2600, 0.2600, 0.2600], krg_min=6.751000e-01
2026-02-17 21:18:13 - M5Trainer - INFO -   [best更新] val_score=68.1987 (step 0)
2026-02-17 21:18:13 - M5Trainer - INFO - [Step     0/5000] Stage A | L=4.0590e+02 (IC=1.000e+00, BC=1.000e+00, PDE=1.334e+06, Qg=4.678e-01, Qz=0.000e+00, Sd=3.474e-01, SwB=0.000e+00) | k_frac=5.4018 mD, dp=12.00 MPa | Sw=[0.260,0.260] | 0.7s
2026-02-17 21:18:13 - M5Trainer - INFO -   [k_frac诊断] grad=1.5586e-03, k_frac=5.401842 mD
2026-02-17 21:18:25 - M5Trainer - INFO - [Step   100/5000] Stage A | L=2.1747e+02 (IC=1.400e-02, BC=1.330e-02, PDE=1.554e+06, Qg=4.476e-01, Qz=0.000e+00, Sd=6.105e-01, SwB=0.000e+00) | k_frac=5.4068 mD, dp=12.02 MPa | Sw=[0.242,0.271] | 12.8s
2026-02-17 21:18:37 - M5Trainer - INFO -   [梯度验收] SY9: qg_obs range=[0.0, 838700.0]
2026-02-17 21:18:37 - M5Trainer - INFO - [Step   200/5000] Stage A | L=1.6076e+02 (IC=4.783e-03, BC=5.116e-03, PDE=1.530e+06, Qg=4.374e-01, Qz=0.000e+00, Sd=5.779e-01, SwB=0.000e+00) | k_frac=5.3784 mD, dp=12.02 MPa | Sw=[0.216,0.282] | 24.8s
2026-02-17 21:18:49 - M5Trainer - INFO - [Step   300/5000] Stage A | L=2.4419e+02 (IC=4.595e-02, BC=6.004e-02, PDE=1.397e+06, Qg=3.709e-01, Qz=0.000e+00, Sd=5.059e-01, SwB=0.000e+00) | k_frac=5.3455 mD, dp=12.03 MPa | Sw=[0.160,0.482] | 36.9s
2026-02-17 21:19:01 - M5Trainer - INFO -   [梯度验收] SY9: qg_obs range=[0.0, 838700.0]
2026-02-17 21:19:01 - M5Trainer - INFO - [Step   400/5000] Stage A | L=2.6783e+02 (IC=8.039e-02, BC=3.971e-02, PDE=1.494e+06, Qg=3.552e-01, Qz=0.000e+00, Sd=4.944e-01, SwB=0.000e+00) | k_frac=5.3230 mD, dp=12.04 MPa | Sw=[0.157,0.518] | 48.9s
2026-02-17 21:19:13 - M5Trainer - INFO -   [Sw约束v9] Sw=[0.159, 0.267, 0.496], 权重=300, 惩罚=0.000000 (低=0.0000, 高=0.0000)
2026-02-17 21:19:13 - M5Trainer - INFO -   [Sw监控] SY9: Sw=[0.1604, 0.2910, 0.4960], krg_min=2.870245e-01
2026-02-17 21:19:13 - M5Trainer - INFO - [Step   500/5000] Stage B | L=1.6571e+03 (IC=7.203e-02, BC=3.793e-02, PDE=1.722e+06, Qg=3.458e-01, Qz=0.000e+00, Sd=4.773e-01, SwB=0.000e+00) | k_frac=5.3168 mD, dp=12.06 MPa | Sw=[0.161,0.485] | 61.0s
2026-02-17 21:19:13 - M5Trainer - INFO -   [k_frac诊断] grad=3.0477e-01, k_frac=5.316763 mD
2026-02-17 21:19:26 - M5Trainer - INFO -   [梯度验收] SY9: qg_obs range=[0.0, 838700.0]
2026-02-17 21:19:26 - M5Trainer - INFO - [Step   600/5000] Stage B | L=1.7051e+03 (IC=1.512e-01, BC=1.530e-01, PDE=1.714e+06, Qg=3.577e-01, Qz=0.000e+00, Sd=3.960e-01, SwB=0.000e+00) | k_frac=5.4482 mD, dp=12.08 MPa | Sw=[0.157,0.469] | 73.6s
2026-02-17 21:19:38 - M5Trainer - INFO - [Step   700/5000] Stage B | L=2.2894e+03 (IC=9.270e-02, BC=1.091e-01, PDE=2.001e+06, Qg=3.853e-01, Qz=0.000e+00, Sd=4.073e-01, SwB=0.000e+00) | k_frac=5.6504 mD, dp=12.12 MPa | Sw=[0.148,0.503] | 86.1s
2026-02-17 21:19:51 - M5Trainer - INFO -   [梯度验收] SY9: qg_obs range=[0.0, 838700.0]
2026-02-17 21:19:51 - M5Trainer - INFO - [Step   800/5000] Stage B | L=1.9856e+03 (IC=2.790e-01, BC=2.087e-01, PDE=1.797e+06, Qg=3.733e-01, Qz=0.000e+00, Sd=3.366e-01, SwB=0.000e+00) | k_frac=5.8522 mD, dp=12.16 MPa | Sw=[0.136,0.556] | 98.6s
2026-02-17 21:20:03 - M5Trainer - INFO - [Step   900/5000] Stage B | L=1.9136e+03 (IC=8.689e-02, BC=7.047e-02, PDE=1.622e+06, Qg=3.591e-01, Qz=0.000e+00, Sd=3.226e-01, SwB=0.000e+00) | k_frac=6.0120 mD, dp=12.19 MPa | Sw=[0.140,0.544] | 111.2s
2026-02-17 21:20:16 - M5Trainer - INFO -   [Sw约束v9] Sw=[0.129, 0.260, 0.618], 权重=300, 惩罚=0.000000 (低=0.0000, 高=0.0000)
2026-02-17 21:20:16 - M5Trainer - INFO -   [梯度验收] SY9: qg_obs range=[0.0, 838700.0]
2026-02-17 21:20:16 - M5Trainer - INFO -   [Sw监控] SY9: Sw=[0.1411, 0.2699, 0.5834], krg_min=1.847488e-01
2026-02-17 21:20:16 - M5Trainer - INFO - [Step  1000/5000] Stage B | L=1.8520e+03 (IC=7.725e-02, BC=5.586e-02, PDE=1.523e+06, Qg=3.673e-01, Qz=0.000e+00, Sd=3.410e-01, SwB=0.000e+00) | k_frac=6.1953 mD, dp=12.24 MPa | Sw=[0.130,0.565] | 123.7s
2026-02-17 21:20:16 - M5Trainer - INFO -   [k_frac诊断] grad=-2.3776e-01, k_frac=6.195276 mD
2026-02-17 21:20:28 - M5Trainer - INFO - [Step  1100/5000] Stage B | L=2.1503e+03 (IC=2.062e-01, BC=2.598e-01, PDE=1.723e+06, Qg=3.695e-01, Qz=0.000e+00, Sd=2.417e-01, SwB=0.000e+00) | k_frac=6.3195 mD, dp=12.28 MPa | Sw=[0.139,0.530] | 136.3s
2026-02-17 21:20:41 - M5Trainer - INFO -   [梯度验收] SY9: qg_obs range=[0.0, 838700.0]
2026-02-17 21:20:41 - M5Trainer - INFO - [Step  1200/5000] Stage B | L=2.6673e+03 (IC=1.380e-01, BC=1.362e-01, PDE=1.897e+06, Qg=3.688e-01, Qz=0.000e+00, Sd=3.319e-01, SwB=0.000e+00) | k_frac=6.5205 mD, dp=12.32 MPa | Sw=[0.128,0.644] | 149.0s
2026-02-17 21:20:54 - M5Trainer - INFO - [Step  1300/5000] Stage B | L=2.3667e+03 (IC=5.020e-02, BC=6.445e-02, PDE=1.607e+06, Qg=3.699e-01, Qz=0.000e+00, Sd=2.250e-01, SwB=0.000e+00) | k_frac=6.6246 mD, dp=12.39 MPa | Sw=[0.139,0.480] | 161.6s
2026-02-17 21:21:06 - M5Trainer - INFO -   [梯度验收] SY9: qg_obs range=[0.0, 838700.0]
2026-02-17 21:21:06 - M5Trainer - INFO - [Step  1400/5000] Stage B | L=2.4796e+03 (IC=1.449e-01, BC=1.178e-01, PDE=1.646e+06, Qg=3.742e-01, Qz=0.000e+00, Sd=2.148e-01, SwB=0.000e+00) | k_frac=6.7337 mD, dp=12.42 MPa | Sw=[0.128,0.590] | 174.3s
2026-02-17 21:21:19 - M5Trainer - INFO -   [Sw约束v9] Sw=[0.125, 0.250, 0.806], 权重=300, 惩罚=0.000000 (低=0.0000, 高=0.0000)
2026-02-17 21:21:19 - M5Trainer - INFO -   [Sw监控] SY9: Sw=[0.1537, 0.2774, 0.5097], krg_min=2.694212e-01
2026-02-17 21:21:19 - M5Trainer - INFO - [Step  1500/5000] Stage B | L=2.1445e+03 (IC=1.134e-01, BC=2.242e-01, PDE=1.511e+06, Qg=3.486e-01, Qz=0.000e+00, Sd=2.432e-01, SwB=0.000e+00) | k_frac=6.8476 mD, dp=12.48 MPa | Sw=[0.130,0.553] | 187.0s
2026-02-17 21:21:19 - M5Trainer - INFO -   [k_frac诊断] grad=-1.9611e-01, k_frac=6.847649 mD
2026-02-17 21:21:32 - M5Trainer - INFO -   [梯度验收] SY9: qg_obs range=[0.0, 838700.0]
2026-02-17 21:21:32 - M5Trainer - INFO - [Step  1600/5000] Stage B | L=2.3459e+03 (IC=1.087e-01, BC=1.537e-01, PDE=1.525e+06, Qg=3.526e-01, Qz=0.000e+00, Sd=2.281e-01, SwB=0.000e+00) | k_frac=6.9471 mD, dp=12.49 MPa | Sw=[0.125,0.586] | 199.9s
2026-02-17 21:21:45 - M5Trainer - INFO - [Step  1700/5000] Stage B | L=2.4401e+03 (IC=6.381e-02, BC=5.820e-02, PDE=1.453e+06, Qg=3.775e-01, Qz=0.000e+00, Sd=1.840e-01, SwB=0.000e+00) | k_frac=7.0406 mD, dp=12.50 MPa | Sw=[0.123,0.752] | 212.9s
2026-02-17 21:21:58 - M5Trainer - INFO -   [梯度验收] SY9: qg_obs range=[0.0, 838700.0]
2026-02-17 21:21:58 - M5Trainer - INFO - [Step  1800/5000] Stage C | L=1.1743e+04 (IC=1.494e-01, BC=2.046e-01, PDE=1.575e+06, Qg=3.678e-01, Qz=0.000e+00, Sd=2.320e-01, SwB=4.901e-09) | k_frac=7.1771 mD, dp=12.54 MPa | Sw=[0.122,0.837] | 225.8s
2026-02-17 21:22:11 - M5Trainer - INFO - [Step  1900/5000] Stage C | L=1.2854e+04 (IC=1.734e-01, BC=2.513e-01, PDE=1.618e+06, Qg=3.702e-01, Qz=0.000e+00, Sd=2.007e-01, SwB=0.000e+00) | k_frac=7.2352 mD, dp=12.56 MPa | Sw=[0.122,0.840] | 238.7s
2026-02-17 21:22:24 - M5Trainer - INFO -   [Sw约束v9] Sw=[0.121, 0.322, 0.860], 权重=200, 惩罚=0.000000 (低=0.0000, 高=0.0000)
2026-02-17 21:22:24 - M5Trainer - INFO -   [Sw监控] SY9: Sw=[0.1299, 0.2606, 0.8532], krg_min=1.066700e-02
2026-02-17 21:22:24 - M5Trainer - INFO - [Step  2000/5000] Stage C | L=1.3658e+04 (IC=3.375e-01, BC=2.844e-01, PDE=1.720e+06, Qg=3.589e-01, Qz=0.000e+00, Sd=2.104e-01, SwB=1.060e-07) | k_frac=7.3490 mD, dp=12.62 MPa | Sw=[0.121,0.790] | 251.7s
2026-02-17 21:22:24 - M5Trainer - INFO -   [k_frac诊断] grad=-1.3886e+00, k_frac=7.349034 mD
2026-02-17 21:22:37 - M5Trainer - INFO - [Step  2100/5000] Stage C | L=1.2923e+04 (IC=1.882e-01, BC=1.694e-01, PDE=1.437e+06, Qg=3.954e-01, Qz=0.000e+00, Sd=1.733e-01, SwB=1.996e-07) | k_frac=7.4903 mD, dp=12.65 MPa | Sw=[0.120,0.846] | 264.9s
2026-02-17 21:22:50 - M5Trainer - INFO - [Step  2200/5000] Stage C | L=1.4627e+04 (IC=1.412e-01, BC=1.248e-01, PDE=1.456e+06, Qg=3.592e-01, Qz=0.000e+00, Sd=1.959e-01, SwB=3.217e-06) | k_frac=7.5442 mD, dp=12.68 MPa | Sw=[0.120,0.862] | 278.1s
2026-02-17 21:23:03 - M5Trainer - INFO - [Step  2300/5000] Stage C | L=1.4503e+04 (IC=2.931e-01, BC=6.588e-01, PDE=1.635e+06, Qg=3.540e-01, Qz=0.000e+00, Sd=1.768e-01, SwB=2.534e-07) | k_frac=7.6316 mD, dp=12.72 MPa | Sw=[0.120,0.853] | 291.3s
2026-02-17 21:23:17 - M5Trainer - INFO - [Step  2400/5000] Stage C | L=1.4601e+04 (IC=1.670e-01, BC=1.746e-01, PDE=1.410e+06, Qg=3.526e-01, Qz=0.000e+00, Sd=1.913e-01, SwB=8.843e-06) | k_frac=7.6719 mD, dp=12.75 MPa | Sw=[0.120,0.870] | 304.5s
2026-02-17 21:23:30 - M5Trainer - INFO -   [Sw约束v9] Sw=[0.120, 0.318, 0.879], 权重=200, 惩罚=0.000027 (低=0.0000, 高=0.0000)
2026-02-17 21:23:30 - M5Trainer - INFO -   [Sw监控] SY9: Sw=[0.1201, 0.1906, 0.8791], krg_min=5.192216e-03
2026-02-17 21:23:30 - M5Trainer - INFO - [Step  2500/5000] Stage C | L=1.4709e+04 (IC=2.408e-01, BC=2.554e-01, PDE=1.440e+06, Qg=3.870e-01, Qz=0.000e+00, Sd=1.737e-01, SwB=2.739e-05) | k_frac=7.6656 mD, dp=12.78 MPa | Sw=[0.120,0.879] | 317.8s
2026-02-17 21:23:30 - M5Trainer - INFO -   [k_frac诊断] grad=7.9977e-01, k_frac=7.665553 mD
2026-02-17 21:23:43 - M5Trainer - INFO - [Step  2600/5000] Stage C | L=1.7317e+04 (IC=1.003e-01, BC=1.112e-01, PDE=1.431e+06, Qg=3.583e-01, Qz=0.000e+00, Sd=1.773e-01, SwB=9.198e-06) | k_frac=7.7702 mD, dp=12.80 MPa | Sw=[0.120,0.878] | 331.4s
2026-02-17 21:23:57 - M5Trainer - INFO - [Step  2700/5000] Stage C | L=1.6172e+04 (IC=1.101e-01, BC=9.132e-02, PDE=1.342e+06, Qg=3.655e-01, Qz=0.000e+00, Sd=1.771e-01, SwB=4.766e-06) | k_frac=7.7929 mD, dp=12.82 MPa | Sw=[0.120,0.878] | 344.9s
2026-02-17 21:24:11 - M5Trainer - INFO - [Step  2800/5000] Stage C | L=1.4954e+04 (IC=3.515e-01, BC=3.000e-01, PDE=1.427e+06, Qg=3.560e-01, Qz=0.000e+00, Sd=1.801e-01, SwB=7.641e-06) | k_frac=7.8087 mD, dp=12.83 MPa | Sw=[0.120,0.876] | 358.6s
2026-02-17 21:24:24 - M5Trainer - INFO - [Step  2900/5000] Stage C | L=2.0776e+04 (IC=1.233e-01, BC=1.100e-01, PDE=1.528e+06, Qg=3.765e-01, Qz=0.000e+00, Sd=1.716e-01, SwB=6.778e-06) | k_frac=7.8323 mD, dp=12.86 MPa | Sw=[0.120,0.879] | 372.1s
2026-02-17 21:24:38 - M5Trainer - INFO -   [Sw约束v9] Sw=[0.120, 0.264, 0.879], 权重=200, 惩罚=0.000010 (低=0.0000, 高=0.0000)
2026-02-17 21:24:38 - M5Trainer - INFO -   [Sw监控] SY9: Sw=[0.1201, 0.1869, 0.5485], krg_min=2.228628e-01
2026-02-17 21:24:38 - M5Trainer - INFO - [Step  3000/5000] Stage C | L=1.4313e+04 (IC=1.527e-01, BC=1.315e-01, PDE=1.207e+06, Qg=3.684e-01, Qz=0.000e+00, Sd=1.722e-01, SwB=1.016e-05) | k_frac=7.8347 mD, dp=12.86 MPa | Sw=[0.120,0.873] | 385.8s
2026-02-17 21:24:38 - M5Trainer - INFO -   [k_frac诊断] grad=-2.2880e-03, k_frac=7.834728 mD
2026-02-17 21:24:52 - M5Trainer - INFO - [Step  3100/5000] Stage C | L=1.3858e+04 (IC=1.321e-01, BC=1.398e-01, PDE=1.156e+06, Qg=3.659e-01, Qz=0.000e+00, Sd=1.709e-01, SwB=9.597e-06) | k_frac=7.8350 mD, dp=12.86 MPa | Sw=[0.120,0.875] | 399.8s
2026-02-17 21:25:06 - M5Trainer - INFO - [Step  3200/5000] Stage C | L=1.8184e+04 (IC=1.409e-01, BC=1.726e-01, PDE=1.363e+06, Qg=3.658e-01, Qz=0.000e+00, Sd=1.715e-01, SwB=8.670e-06) | k_frac=7.8370 mD, dp=12.87 MPa | Sw=[0.120,0.860] | 413.8s
2026-02-17 21:25:20 - M5Trainer - INFO - [Step  3300/5000] Stage C | L=1.1390e+04 (IC=1.554e-01, BC=1.609e-01, PDE=1.004e+06, Qg=3.619e-01, Qz=0.000e+00, Sd=1.705e-01, SwB=7.574e-06) | k_frac=7.8371 mD, dp=12.87 MPa | Sw=[0.120,0.872] | 427.7s
2026-02-17 21:25:34 - M5Trainer - INFO - [Step  3400/5000] Stage C | L=1.1704e+04 (IC=1.648e-01, BC=1.782e-01, PDE=1.011e+06, Qg=3.588e-01, Qz=0.000e+00, Sd=1.743e-01, SwB=6.921e-06) | k_frac=7.8418 mD, dp=12.87 MPa | Sw=[0.120,0.742] | 441.7s
2026-02-17 21:25:48 - M5Trainer - INFO -   [Sw约束v9] Sw=[0.120, 0.256, 0.879], 权重=100, 惩罚=0.000009 (低=0.0000, 高=0.0000)
2026-02-17 21:25:48 - M5Trainer - INFO -   [Sw监控] SY9: Sw=[0.1201, 0.2023, 0.7429], krg_min=5.596588e-02
2026-02-17 21:25:48 - M5Trainer - INFO - [Step  3500/5000] Stage D | L=1.2596e+04 (IC=1.612e-01, BC=2.217e-01, PDE=1.051e+06, Qg=3.579e-01, Qz=0.000e+00, Sd=1.697e-01, SwB=8.828e-06) | k_frac=7.8365 mD, dp=12.87 MPa | Sw=[0.120,0.879] | 455.7s
2026-02-17 21:25:48 - M5Trainer - INFO -   [k_frac诊断] grad=2.1032e-03, k_frac=7.836511 mD
2026-02-17 21:26:02 - M5Trainer - INFO - [Step  3600/5000] Stage D | L=1.1920e+04 (IC=1.949e-01, BC=2.085e-01, PDE=1.022e+06, Qg=3.565e-01, Qz=0.000e+00, Sd=1.724e-01, SwB=8.836e-06) | k_frac=7.8460 mD, dp=12.88 MPa | Sw=[0.120,0.879] | 469.9s
2026-02-17 21:26:16 - M5Trainer - INFO - [Step  3700/5000] Stage D | L=1.4038e+04 (IC=1.558e-01, BC=2.329e-01, PDE=1.118e+06, Qg=3.532e-01, Qz=0.000e+00, Sd=1.745e-01, SwB=6.760e-06) | k_frac=7.8584 mD, dp=12.88 MPa | Sw=[0.120,0.729] | 484.2s
2026-02-17 21:26:30 - M5Trainer - INFO - [Step  3800/5000] Stage D | L=1.5816e+04 (IC=1.802e-01, BC=2.767e-01, PDE=1.223e+06, Qg=3.467e-01, Qz=0.000e+00, Sd=1.797e-01, SwB=7.648e-06) | k_frac=7.8686 mD, dp=12.89 MPa | Sw=[0.120,0.878] | 498.4s
2026-02-17 21:26:45 - M5Trainer - INFO - [Step  3900/5000] Stage D | L=1.4832e+04 (IC=1.624e-01, BC=3.405e-01, PDE=1.181e+06, Qg=3.520e-01, Qz=0.000e+00, Sd=1.782e-01, SwB=7.831e-06) | k_frac=7.8668 mD, dp=12.89 MPa | Sw=[0.120,0.877] | 512.6s
2026-02-17 21:26:59 - M5Trainer - INFO -   [Sw约束v9] Sw=[0.120, 0.231, 0.879], 权重=100, 惩罚=0.000009 (低=0.0000, 高=0.0000)
2026-02-17 21:26:59 - M5Trainer - INFO -   [Sw监控] SY9: Sw=[0.1201, 0.2181, 0.5820], krg_min=1.861855e-01
2026-02-17 21:26:59 - M5Trainer - INFO - [Step  4000/5000] Stage D | L=1.2850e+04 (IC=1.553e-01, BC=3.402e-01, PDE=1.074e+06, Qg=3.543e-01, Qz=0.000e+00, Sd=1.798e-01, SwB=8.975e-06) | k_frac=7.8829 mD, dp=12.90 MPa | Sw=[0.120,0.878] | 526.9s
2026-02-17 21:26:59 - M5Trainer - INFO -   [k_frac诊断] grad=-3.8997e-02, k_frac=7.882872 mD
2026-02-17 21:27:13 - M5Trainer - INFO - [Step  4100/5000] Stage D | L=1.1561e+04 (IC=1.816e-01, BC=3.248e-01, PDE=1.003e+06, Qg=3.503e-01, Qz=0.000e+00, Sd=1.725e-01, SwB=6.371e-06) | k_frac=7.8789 mD, dp=12.91 MPa | Sw=[0.120,0.873] | 541.4s
2026-02-17 21:27:28 - M5Trainer - INFO - [Step  4200/5000] Stage D | L=1.2163e+04 (IC=1.511e-01, BC=3.387e-01, PDE=1.020e+06, Qg=3.431e-01, Qz=0.000e+00, Sd=1.788e-01, SwB=6.024e-06) | k_frac=7.8907 mD, dp=12.91 MPa | Sw=[0.120,0.862] | 555.9s
2026-02-17 21:27:42 - M5Trainer - INFO - [Step  4300/5000] Stage D | L=9.4908e+03 (IC=1.714e-01, BC=3.601e-01, PDE=8.828e+05, Qg=3.441e-01, Qz=0.000e+00, Sd=1.776e-01, SwB=6.014e-06) | k_frac=7.8924 mD, dp=12.91 MPa | Sw=[0.120,0.850] | 570.4s
2026-02-17 21:27:57 - M5Trainer - INFO - [Step  4400/5000] Stage D | L=1.2482e+04 (IC=1.716e-01, BC=3.166e-01, PDE=1.026e+06, Qg=3.380e-01, Qz=0.000e+00, Sd=1.781e-01, SwB=6.764e-06) | k_frac=7.8937 mD, dp=12.92 MPa | Sw=[0.120,0.864] | 584.9s
2026-02-17 21:28:11 - M5Trainer - INFO -   [Sw约束v9] Sw=[0.120, 0.236, 0.878], 权重=100, 惩罚=0.000007 (低=0.0000, 高=0.0000)
2026-02-17 21:28:11 - M5Trainer - INFO -   [Sw监控] SY9: Sw=[0.1201, 0.2140, 0.5574], krg_min=2.127731e-01
2026-02-17 21:28:11 - M5Trainer - INFO - [Step  4500/5000] Stage D | L=1.0500e+04 (IC=1.674e-01, BC=2.956e-01, PDE=9.153e+05, Qg=3.373e-01, Qz=0.000e+00, Sd=1.780e-01, SwB=7.170e-06) | k_frac=7.8963 mD, dp=12.92 MPa | Sw=[0.120,0.848] | 599.4s
2026-02-17 21:28:11 - M5Trainer - INFO -   [k_frac诊断] grad=-4.0641e-02, k_frac=7.896283 mD
2026-02-17 21:28:26 - M5Trainer - INFO - [Step  4600/5000] Stage D | L=1.2572e+04 (IC=1.600e-01, BC=2.925e-01, PDE=1.014e+06, Qg=3.381e-01, Qz=0.000e+00, Sd=1.785e-01, SwB=6.644e-06) | k_frac=7.8990 mD, dp=12.92 MPa | Sw=[0.120,0.723] | 614.4s
2026-02-17 21:28:41 - M5Trainer - INFO - [Step  4700/5000] Stage D | L=1.0033e+04 (IC=1.838e-01, BC=2.696e-01, PDE=8.826e+05, Qg=3.361e-01, Qz=0.000e+00, Sd=1.780e-01, SwB=5.592e-06) | k_frac=7.8989 mD, dp=12.92 MPa | Sw=[0.120,0.863] | 629.4s
2026-02-17 21:28:56 - M5Trainer - INFO - [Step  4800/5000] Stage D | L=9.8801e+03 (IC=1.556e-01, BC=2.610e-01, PDE=8.601e+05, Qg=3.354e-01, Qz=0.000e+00, Sd=1.781e-01, SwB=6.804e-06) | k_frac=7.8999 mD, dp=12.92 MPa | Sw=[0.120,0.878] | 644.3s
2026-02-17 21:29:11 - M5Trainer - INFO - [Step  4900/5000] Stage D | L=9.1079e+03 (IC=1.724e-01, BC=2.506e-01, PDE=8.201e+05, Qg=3.352e-01, Qz=0.000e+00, Sd=1.780e-01, SwB=7.176e-06) | k_frac=7.9000 mD, dp=12.92 MPa | Sw=[0.120,0.877] | 659.3s
2026-02-17 21:29:26 - M5Trainer - INFO - [Step  4999/5000] Stage D | L=1.1395e+04 (IC=1.438e-01, BC=2.842e-01, PDE=9.337e+05, Qg=3.349e-01, Qz=0.000e+00, Sd=1.780e-01, SwB=6.797e-06) | k_frac=7.9001 mD, dp=12.92 MPa | Sw=[0.120,0.877] | 674.2s
2026-02-17 21:29:26 - M5Trainer - INFO - 
M5 训练完成! 耗时: 674.2s, 最佳验证分数(val_score): 65.8572
2026-02-17 21:29:26 - M5Trainer - INFO - 配置快照已保存: C:\Users\16281\Desktop\cpedc_project\outputs\mk_pinn_dt_v2\resolved_config_m5.json
2026-02-17 21:29:26 - M5Trainer - INFO - 反演参数审计: C:\Users\16281\Desktop\cpedc_project\outputs\mk_pinn_dt_v2\reports\M5_inversion_params.json
2026-02-17 21:29:26 - M5Trainer - INFO -   history 已恢复 (201 步)
2026-02-17 21:29:26 - M5Trainer - INFO -   best_step=200
2026-02-17 21:29:26 - M5Trainer - INFO - 已加载 M5 检查点: C:\Users\16281\Desktop\cpedc_project\outputs\mk_pinn_dt_v2\ckpt\m5_pinn_best.pt
2026-02-17 21:29:26 - M5Trainer - INFO - generate_report: 加载 best checkpoint from C:\Users\16281\Desktop\cpedc_project\outputs\mk_pinn_dt_v2\ckpt\m5_pinn_best.pt
2026-02-17 21:29:26 - M5Trainer - INFO -   history 已恢复 (201 步)
2026-02-17 21:29:26 - M5Trainer - INFO -   best_step=200
2026-02-17 21:29:26 - M5Trainer - INFO - 已加载 M5 检查点: C:\Users\16281\Desktop\cpedc_project\outputs\mk_pinn_dt_v2\ckpt\m5_pinn_best.pt
2026-02-17 21:29:26 - M5Trainer - INFO - 反演参数审计: C:\Users\16281\Desktop\cpedc_project\outputs\mk_pinn_dt_v2\reports\M5_inversion_params.json
2026-02-17 21:29:27 - M5Trainer - INFO - qg 对比图已保存: C:\Users\16281\Desktop\cpedc_project\outputs\mk_pinn_dt_v2\figs\M5_qg_comparison_SY9.png
2026-02-17 21:29:27 - M5Trainer - INFO - p_wf 反演图已保存: C:\Users\16281\Desktop\cpedc_project\outputs\mk_pinn_dt_v2\figs\M5_pwf_inversion_SY9.png
2026-02-17 21:29:27 - M5Trainer - INFO - 训练曲线图已保存: C:\Users\16281\Desktop\cpedc_project\outputs\mk_pinn_dt_v2\figs\M5_training_history.png
2026-02-17 21:29:28 - M5Trainer - INFO - 残差热力图已保存: C:\Users\16281\Desktop\cpedc_project\outputs\mk_pinn_dt_v2\figs\M5_pde_residual_map.png
2026-02-17 21:29:29 - M5Trainer - INFO - M6 连通性分析完成
2026-02-17 21:29:30 - M5Trainer - INFO - M7 水侵预警分析完成
2026-02-17 21:29:30 - M5Trainer - INFO -   history 已恢复 (5000 步)
2026-02-17 21:29:30 - M5Trainer - INFO - 已加载 M5 检查点: C:\Users\16281\Desktop\cpedc_project\outputs\mk_pinn_dt_v2\ckpt\m5_pinn_final.pt
2026-02-17 21:29:30 - M5Trainer - INFO -   history 已恢复 (201 步)
2026-02-17 21:29:30 - M5Trainer - INFO -   best_step=200
2026-02-17 21:29:30 - M5Trainer - INFO - 已加载 M5 检查点: C:\Users\16281\Desktop\cpedc_project\outputs\mk_pinn_dt_v2\ckpt\m5_pinn_best.pt
2026-02-17 21:29:30 - M5Trainer - INFO - M5 验收报告已保存: C:\Users\16281\Desktop\cpedc_project\outputs\mk_pinn_dt_v2\reports\M5_validation_report.md
