2026-02-18 15:30:36 - M5Trainer - INFO -   torch.compile 已跳过 (Triton 不支持 Windows, 使用 eager 模式)
2026-02-18 15:30:36 - M5Trainer - INFO - k_frac 独立参数组: lr=3.00e-03 (factor=3.0)
2026-02-18 15:30:36 - M5Trainer - INFO - k_net 学习率: 1.00e-04 (factor=0.1, warmup=2000 steps)
2026-02-18 15:30:36 - M5Trainer - INFO -   井 SY9: 1332 条同化数据 (train=799, val=266, test=267)
    开井点数 (q>1): train=745, val=88, test=121
    有效压力点: val_p=109, test_p=121
2026-02-18 15:30:36 - M5Trainer - INFO -   train time window(norm): [0.0000, 0.5995]
2026-02-18 15:30:37 - M5Trainer - INFO -   M3 PVT cg(76.0, 140.32) = 0.009744
2026-02-18 15:30:37 - M5Trainer - INFO -   M3 PVT Bg(76.0, 140.32) = 0.002577
2026-02-18 15:30:37 - M5Trainer - INFO -   PDE 缩放: αx=0.029719, αy=0.074361
2026-02-18 15:30:37 - M5Trainer - INFO - M5Trainer 初始化完成: device=cuda, lr=0.001, max_steps=5000, relobralo=True, rar=True
2026-02-18 15:30:37 - M5Trainer - INFO - ============================================================
2026-02-18 15:30:37 - M5Trainer - INFO - M5 PINN 井—藏耦合同化训练开始
2026-02-18 15:30:37 - M5Trainer - INFO - ============================================================
2026-02-18 15:30:37 - M5Trainer - INFO - 训练阶段: A[0-500] B[500-1750] C[1750-3500] D[3500-5000]
2026-02-18 15:30:37 - M5Trainer - INFO -   qg_nearzero 权重: A=3.0, B=6.0->9.0, C=12.0, D=3.0, enable=True
2026-02-18 15:30:37 - M5Trainer - INFO - --- M5 单位/量纲诊断 (train 第 1 步前) ---
2026-02-18 15:30:37 - M5Trainer - INFO -   qg_obs 范围: 0.00e+00 ~ 8.39e+05 m³/d, 均值: 2.97e+05 m³/d
2026-02-18 15:30:37 - M5Trainer - INFO -   qg_pred 范围: 3.92e+05 ~ 3.97e+05
2026-02-18 15:30:37 - M5Trainer - INFO -   p_wf 范围: 7.43e+01 ~ 7.43e+01 MPa
2026-02-18 15:30:37 - M5Trainer - INFO -   p_field @ well: 7.50e+01 MPa
2026-02-18 15:30:37 - M5Trainer - INFO -   k_frac = 5.4020 mD
2026-02-18 15:30:37 - M5Trainer - INFO -   WI_raw = 4.309845e-13 [检查单位]
2026-02-18 15:30:37 - M5Trainer - INFO -   dp_wellbore = 12.00 MPa
2026-02-18 15:30:37 - M5Trainer - INFO -   Bg_ref = 2.576898e-03
2026-02-18 15:30:37 - M5Trainer - INFO -   qg_obs 范围: 0.00e+00 ~ 8.39e+05 m³/d
2026-02-18 15:30:37 - M5Trainer - INFO -   qg_obs 中位数 = 3.07e+05 m³/d
2026-02-18 15:30:37 - M5Trainer - INFO -   ✅ v9: PDE源项已升级为时变 source(x,y,t) = qg_obs(t) * kernel(x,y)
2026-02-18 15:30:37 - M5Trainer - INFO -   ✅ 每个PDE配点使用其时刻对应的真实观测产量（线性插值）
2026-02-18 15:30:37 - M5Trainer - INFO - --- 诊断结束 ---
2026-02-18 15:30:37 - M5Trainer - INFO -   [shape] SY9: qg pred=(1332, 1) vs obs=(1332, 1), p_wf pred=(1332, 1) vs p_obs=(1332, 1)
2026-02-18 15:30:37 - M5Trainer - INFO -   [Sw约束v9] Sw=[0.260, 0.260, 0.260], 权重=500, 惩罚=0.000000 (低=0.0000, 高=0.0000)
2026-02-18 15:30:37 - M5Trainer - INFO -   ✅ k_frac_mD.grad = -2.634025e-03 (PDE梯度贯通)
2026-02-18 15:30:37 - M5Trainer - INFO -   ✅ k_net: 18 组参数收到梯度
2026-02-18 15:30:37 - M5Trainer - INFO -   [梯度验收] SY9: qg_obs range=[0.0, 838700.0]
2026-02-18 15:30:37 - M5Trainer - INFO -   [Sw监控] SY9: Sw=[0.2600, 0.2600, 0.2600], krg_min=6.751000e-01
2026-02-18 15:30:37 - M5Trainer - INFO - [Step     0/5000] Stage A | L=7.7950e+02 (IC=1.000e+00, BC=1.000e+00, PDE=1.611e+06, Qg=1.913e-01, Qz=1.294e-01, Sd=3.713e-01, SwB=0.000e+00) | k_frac=5.4022 mD, dp=12.00 MPa | Sw=[0.260,0.260] | 0.6s
2026-02-18 15:30:37 - M5Trainer - INFO -   [k_frac诊断] grad=-2.6340e-03, k_frac=5.402157 mD
2026-02-18 15:30:50 - M5Trainer - INFO - [Step   100/5000] Stage A | L=3.0219e+02 (IC=1.046e-02, BC=1.485e-02, PDE=1.988e+06, Qg=1.628e-01, Qz=2.496e-01, Sd=9.660e-01, SwB=0.000e+00) | k_frac=5.4657 mD, dp=12.02 MPa | Sw=[0.249,0.276] | 13.5s
2026-02-18 15:31:02 - M5Trainer - INFO -   [梯度验收] SY9: qg_obs range=[0.0, 838700.0]
2026-02-18 15:31:03 - M5Trainer - INFO - [Step   200/5000] Stage A | L=1.4830e+02 (IC=5.054e-02, BC=4.299e-02, PDE=1.738e+06, Qg=1.993e-01, Qz=6.618e-02, Sd=2.823e+01, SwB=0.000e+00) | k_frac=5.2752 mD, dp=12.05 MPa | Sw=[0.171,0.664] | 26.0s
2026-02-18 15:31:15 - M5Trainer - INFO - [Step   300/5000] Stage A | L=2.7686e+02 (IC=1.427e-01, BC=1.430e-01, PDE=1.920e+06, Qg=1.586e-01, Qz=4.238e-02, Sd=2.098e+01, SwB=0.000e+00) | k_frac=5.1570 mD, dp=12.06 MPa | Sw=[0.160,0.542] | 38.7s
2026-02-18 15:31:28 - M5Trainer - INFO -   [梯度验收] SY9: qg_obs range=[0.0, 838700.0]
2026-02-18 15:31:28 - M5Trainer - INFO - [Step   400/5000] Stage A | L=2.9395e+02 (IC=4.741e-02, BC=3.270e-02, PDE=1.874e+06, Qg=1.516e-01, Qz=4.276e-02, Sd=2.940e+01, SwB=0.000e+00) | k_frac=5.0895 mD, dp=12.07 MPa | Sw=[0.154,0.596] | 51.5s
2026-02-18 15:31:41 - M5Trainer - INFO -   [Sw约束v9] Sw=[0.148, 0.323, 0.761], 权重=300, 惩罚=0.000000 (低=0.0000, 高=0.0000)
2026-02-18 15:31:41 - M5Trainer - INFO -   [Sw监控] SY9: Sw=[0.1530, 0.5596, 0.7620], krg_min=4.556092e-02
2026-02-18 15:31:41 - M5Trainer - INFO - [Step   500/5000] Stage B | L=1.4806e+03 (IC=3.988e-02, BC=3.964e-02, PDE=1.560e+06, Qg=1.481e-01, Qz=3.369e-02, Sd=3.015e+01, SwB=0.000e+00) | k_frac=5.0544 mD, dp=12.08 MPa | Sw=[0.151,0.641] | 64.3s
2026-02-18 15:31:41 - M5Trainer - INFO -   [k_frac诊断] grad=1.2289e-01, k_frac=5.054433 mD
2026-02-18 15:31:55 - M5Trainer - INFO -   [梯度验收] SY9: qg_obs range=[0.0, 838700.0]
2026-02-18 15:31:55 - M5Trainer - INFO - [Step   600/5000] Stage B | L=1.3567e+03 (IC=1.685e-01, BC=1.207e-01, PDE=1.540e+06, Qg=1.482e-01, Qz=3.621e-02, Sd=1.719e+00, SwB=0.000e+00) | k_frac=5.2960 mD, dp=12.27 MPa | Sw=[0.185,0.399] | 78.1s
2026-02-18 15:32:08 - M5Trainer - INFO - [Step   700/5000] Stage B | L=1.9732e+03 (IC=7.194e-02, BC=4.731e-02, PDE=1.843e+06, Qg=1.633e-01, Qz=1.193e-02, Sd=1.177e+00, SwB=0.000e+00) | k_frac=5.3621 mD, dp=12.47 MPa | Sw=[0.182,0.470] | 91.1s
2026-02-18 15:32:22 - M5Trainer - INFO -   [梯度验收] SY9: qg_obs range=[0.0, 838700.0]
2026-02-18 15:32:22 - M5Trainer - INFO - [Step   800/5000] Stage B | L=1.8498e+03 (IC=7.489e-02, BC=8.152e-02, PDE=1.678e+06, Qg=1.512e-01, Qz=8.692e-03, Sd=1.163e+00, SwB=0.000e+00) | k_frac=5.4193 mD, dp=12.71 MPa | Sw=[0.166,0.435] | 105.6s
2026-02-18 15:32:37 - M5Trainer - INFO - [Step   900/5000] Stage B | L=1.4440e+03 (IC=1.767e-01, BC=2.112e-01, PDE=1.432e+06, Qg=1.465e-01, Qz=1.733e-02, Sd=1.047e+00, SwB=0.000e+00) | k_frac=5.4748 mD, dp=12.93 MPa | Sw=[0.175,0.412] | 120.9s
2026-02-18 15:32:54 - M5Trainer - INFO -   [Sw约束v9] Sw=[0.152, 0.242, 0.684], 权重=300, 惩罚=0.000000 (低=0.0000, 高=0.0000)
2026-02-18 15:32:54 - M5Trainer - INFO -   [梯度验收] SY9: qg_obs range=[0.0, 838700.0]
2026-02-18 15:32:54 - M5Trainer - INFO -   [Sw监控] SY9: Sw=[0.1765, 0.3070, 0.6816], krg_min=9.664124e-02
2026-02-18 15:32:54 - M5Trainer - INFO -   [best更新] val_score=24.5055 (step 1000)
2026-02-18 15:32:54 - M5Trainer - INFO - [Step  1000/5000] Stage B | L=1.4390e+03 (IC=1.273e-01, BC=7.128e-02, PDE=1.360e+06, Qg=1.506e-01, Qz=9.493e-03, Sd=1.239e+00, SwB=0.000e+00) | k_frac=5.5148 mD, dp=13.24 MPa | Sw=[0.175,0.375] | 137.3s
2026-02-18 15:32:54 - M5Trainer - INFO -   [k_frac诊断] grad=6.8557e-01, k_frac=5.514822 mD
2026-02-18 15:33:10 - M5Trainer - INFO - [Step  1100/5000] Stage B | L=1.9828e+03 (IC=5.552e-02, BC=5.413e-02, PDE=1.585e+06, Qg=1.481e-01, Qz=5.386e-03, Sd=1.040e+00, SwB=0.000e+00) | k_frac=5.5675 mD, dp=13.55 MPa | Sw=[0.159,0.520] | 153.2s
2026-02-18 15:33:25 - M5Trainer - INFO -   [梯度验收] SY9: qg_obs range=[0.0, 838700.0]
2026-02-18 15:33:25 - M5Trainer - INFO - [Step  1200/5000] Stage B | L=2.2852e+03 (IC=2.397e-01, BC=2.380e-01, PDE=1.791e+06, Qg=1.420e-01, Qz=6.213e-03, Sd=9.103e-01, SwB=0.000e+00) | k_frac=5.6716 mD, dp=13.78 MPa | Sw=[0.163,0.503] | 168.9s
2026-02-18 15:33:42 - M5Trainer - INFO - [Step  1300/5000] Stage B | L=1.8540e+03 (IC=1.478e-01, BC=1.188e-01, PDE=1.442e+06, Qg=1.519e-01, Qz=8.565e-03, Sd=8.004e-01, SwB=0.000e+00) | k_frac=5.7724 mD, dp=14.03 MPa | Sw=[0.149,0.441] | 185.2s
2026-02-18 15:33:57 - M5Trainer - INFO -   [梯度验收] SY9: qg_obs range=[0.0, 838700.0]
2026-02-18 15:33:57 - M5Trainer - INFO - [Step  1400/5000] Stage B | L=2.1408e+03 (IC=1.014e-01, BC=7.035e-02, PDE=1.487e+06, Qg=1.607e-01, Qz=5.418e-03, Sd=5.821e-01, SwB=0.000e+00) | k_frac=5.7689 mD, dp=14.40 MPa | Sw=[0.155,0.404] | 200.7s
2026-02-18 15:34:11 - M5Trainer - INFO -   [Sw约束v9] Sw=[0.155, 0.272, 0.469], 权重=300, 惩罚=0.000000 (低=0.0000, 高=0.0000)
2026-02-18 15:34:11 - M5Trainer - INFO -   [Sw监控] SY9: Sw=[0.1722, 0.3035, 0.4587], krg_min=3.373733e-01
2026-02-18 15:34:11 - M5Trainer - INFO - [Step  1500/5000] Stage B | L=1.9383e+03 (IC=1.837e-01, BC=2.070e-01, PDE=1.450e+06, Qg=1.438e-01, Qz=8.454e-02, Sd=6.736e-01, SwB=0.000e+00) | k_frac=5.8956 mD, dp=14.69 MPa | Sw=[0.175,0.431] | 214.9s
2026-02-18 15:34:11 - M5Trainer - INFO -   [k_frac诊断] grad=-1.2441e+00, k_frac=5.895563 mD
2026-02-18 15:34:25 - M5Trainer - INFO -   [梯度验收] SY9: qg_obs range=[0.0, 838700.0]
2026-02-18 15:34:25 - M5Trainer - INFO - [Step  1600/5000] Stage B | L=2.1143e+03 (IC=1.379e-01, BC=1.259e-01, PDE=1.439e+06, Qg=1.397e-01, Qz=6.582e-02, Sd=6.159e-01, SwB=0.000e+00) | k_frac=6.0001 mD, dp=14.93 MPa | Sw=[0.163,0.490] | 228.7s
2026-02-18 15:34:41 - M5Trainer - INFO - [Step  1700/5000] Stage B | L=2.1231e+03 (IC=1.163e-01, BC=4.263e-02, PDE=1.376e+06, Qg=1.343e-01, Qz=1.129e-02, Sd=6.408e-01, SwB=0.000e+00) | k_frac=6.0096 mD, dp=15.16 MPa | Sw=[0.143,0.587] | 244.8s
2026-02-18 15:34:57 - M5Trainer - INFO -   [梯度验收] SY9: qg_obs range=[0.0, 838700.0]
2026-02-18 15:34:57 - M5Trainer - INFO - [Step  1800/5000] Stage C | L=1.0681e+04 (IC=2.710e-01, BC=2.143e-01, PDE=1.509e+06, Qg=1.473e-01, Qz=1.393e-02, Sd=6.489e-01, SwB=0.000e+00) | k_frac=6.1411 mD, dp=15.32 MPa | Sw=[0.160,0.374] | 260.7s
2026-02-18 15:35:12 - M5Trainer - INFO - [Step  1900/5000] Stage C | L=1.3236e+04 (IC=1.966e-01, BC=1.165e-01, PDE=1.585e+06, Qg=1.430e-01, Qz=7.106e-03, Sd=6.386e-01, SwB=0.000e+00) | k_frac=6.1391 mD, dp=15.35 MPa | Sw=[0.154,0.469] | 275.3s
2026-02-18 15:35:26 - M5Trainer - INFO -   [Sw约束v9] Sw=[0.135, 0.239, 0.673], 权重=200, 惩罚=0.000000 (低=0.0000, 高=0.0000)
2026-02-18 15:35:26 - M5Trainer - INFO -   [Sw监控] SY9: Sw=[0.1455, 0.2565, 0.6242], krg_min=1.447019e-01
2026-02-18 15:35:26 - M5Trainer - INFO - [Step  2000/5000] Stage C | L=1.4355e+04 (IC=2.164e-01, BC=1.337e-01, PDE=1.652e+06, Qg=1.492e-01, Qz=1.452e-02, Sd=6.016e-01, SwB=0.000e+00) | k_frac=6.1435 mD, dp=15.39 MPa | Sw=[0.139,0.547] | 289.8s
2026-02-18 15:35:26 - M5Trainer - INFO -   [k_frac诊断] grad=1.3919e+00, k_frac=6.143495 mD
2026-02-18 15:35:41 - M5Trainer - INFO - [Step  2100/5000] Stage C | L=1.2833e+04 (IC=2.048e-01, BC=1.046e-01, PDE=1.367e+06, Qg=1.615e-01, Qz=3.024e-02, Sd=5.125e-01, SwB=0.000e+00) | k_frac=6.1468 mD, dp=15.51 MPa | Sw=[0.133,0.632] | 304.3s
2026-02-18 15:35:55 - M5Trainer - INFO - [Step  2200/5000] Stage C | L=1.4862e+04 (IC=1.927e-01, BC=8.645e-02, PDE=1.453e+06, Qg=1.522e-01, Qz=9.548e-04, Sd=5.790e-01, SwB=0.000e+00) | k_frac=6.1806 mD, dp=15.59 MPa | Sw=[0.128,0.404] | 318.4s
2026-02-18 15:36:10 - M5Trainer - INFO - [Step  2300/5000] Stage C | L=1.6632e+04 (IC=2.408e-01, BC=1.195e-01, PDE=1.568e+06, Qg=1.504e-01, Qz=9.146e-04, Sd=6.176e-01, SwB=0.000e+00) | k_frac=6.1711 mD, dp=15.68 MPa | Sw=[0.130,0.473] | 333.6s
2026-02-18 15:36:25 - M5Trainer - INFO - [Step  2400/5000] Stage C | L=1.5555e+04 (IC=1.843e-01, BC=7.904e-02, PDE=1.429e+06, Qg=1.559e-01, Qz=8.890e-04, Sd=6.652e-01, SwB=0.000e+00) | k_frac=6.1599 mD, dp=15.77 MPa | Sw=[0.130,0.394] | 349.0s
2026-02-18 15:36:41 - M5Trainer - INFO -   [Sw约束v9] Sw=[0.129, 0.248, 0.760], 权重=200, 惩罚=0.000000 (低=0.0000, 高=0.0000)
2026-02-18 15:36:41 - M5Trainer - INFO -   [Sw监控] SY9: Sw=[0.1302, 0.3022, 0.7063], krg_min=7.895238e-02
2026-02-18 15:36:41 - M5Trainer - INFO - [Step  2500/5000] Stage C | L=1.4387e+04 (IC=2.132e-01, BC=1.303e-01, PDE=1.364e+06, Qg=1.442e-01, Qz=3.782e-03, Sd=6.524e-01, SwB=0.000e+00) | k_frac=6.1356 mD, dp=15.82 MPa | Sw=[0.131,0.436] | 364.9s
2026-02-18 15:36:41 - M5Trainer - INFO -   [k_frac诊断] grad=1.8106e-01, k_frac=6.135559 mD
2026-02-18 15:36:58 - M5Trainer - INFO - [Step  2600/5000] Stage C | L=1.5528e+04 (IC=1.817e-01, BC=5.714e-02, PDE=1.348e+06, Qg=1.370e-01, Qz=2.390e-03, Sd=6.279e-01, SwB=0.000e+00) | k_frac=6.1484 mD, dp=15.86 MPa | Sw=[0.129,0.343] | 381.0s
2026-02-18 15:37:13 - M5Trainer - INFO - [Step  2700/5000] Stage C | L=1.5547e+04 (IC=1.608e-01, BC=8.568e-02, PDE=1.325e+06, Qg=1.367e-01, Qz=6.677e-02, Sd=6.142e-01, SwB=0.000e+00) | k_frac=6.1643 mD, dp=15.91 MPa | Sw=[0.136,0.408] | 396.6s
2026-02-18 15:37:29 - M5Trainer - INFO - [Step  2800/5000] Stage C | L=1.5146e+04 (IC=2.581e-01, BC=1.121e-01, PDE=1.334e+06, Qg=1.443e-01, Qz=5.239e-03, Sd=6.441e-01, SwB=0.000e+00) | k_frac=6.2156 mD, dp=15.96 MPa | Sw=[0.135,0.704] | 412.9s
2026-02-18 15:37:45 - M5Trainer - INFO - [Step  2900/5000] Stage C | L=2.0644e+04 (IC=1.802e-01, BC=7.151e-02, PDE=1.523e+06, Qg=1.466e-01, Qz=3.299e-02, Sd=6.333e-01, SwB=0.000e+00) | k_frac=6.2325 mD, dp=16.00 MPa | Sw=[0.140,0.551] | 428.9s
2026-02-18 15:38:01 - M5Trainer - INFO -   [Sw约束v9] Sw=[0.127, 0.251, 0.752], 权重=200, 惩罚=0.000000 (低=0.0000, 高=0.0000)
2026-02-18 15:38:01 - M5Trainer - INFO -   [Sw监控] SY9: Sw=[0.1511, 0.3308, 0.7492], krg_min=5.244181e-02
2026-02-18 15:38:02 - M5Trainer - INFO -   [best更新] val_score=24.2328 (step 3000)
2026-02-18 15:38:02 - M5Trainer - INFO - [Step  3000/5000] Stage C | L=1.7031e+04 (IC=1.799e-01, BC=5.223e-02, PDE=1.293e+06, Qg=1.336e-01, Qz=2.141e-03, Sd=6.117e-01, SwB=0.000e+00) | k_frac=6.2408 mD, dp=16.03 MPa | Sw=[0.164,0.549] | 445.0s
2026-02-18 15:38:02 - M5Trainer - INFO -   [k_frac诊断] grad=-2.3517e-01, k_frac=6.240778 mD
2026-02-18 15:38:18 - M5Trainer - INFO - [Step  3100/5000] Stage C | L=1.6421e+04 (IC=2.119e-01, BC=6.034e-02, PDE=1.262e+06, Qg=1.370e-01, Qz=1.196e-03, Sd=5.861e-01, SwB=0.000e+00) | k_frac=6.2522 mD, dp=16.07 MPa | Sw=[0.128,0.360] | 461.1s
2026-02-18 15:38:33 - M5Trainer - INFO - [Step  3200/5000] Stage C | L=2.1063e+04 (IC=1.592e-01, BC=4.238e-02, PDE=1.414e+06, Qg=1.404e-01, Qz=9.675e-04, Sd=5.862e-01, SwB=0.000e+00) | k_frac=6.2752 mD, dp=16.10 MPa | Sw=[0.129,0.715] | 476.9s
2026-02-18 15:38:48 - M5Trainer - INFO - [Step  3300/5000] Stage C | L=1.5157e+04 (IC=1.488e-01, BC=4.088e-02, PDE=1.127e+06, Qg=1.349e-01, Qz=1.325e-03, Sd=5.888e-01, SwB=0.000e+00) | k_frac=6.3027 mD, dp=16.13 MPa | Sw=[0.129,0.339] | 491.9s
2026-02-18 15:39:03 - M5Trainer - INFO - [Step  3400/5000] Stage C | L=1.5384e+04 (IC=1.790e-01, BC=5.090e-02, PDE=1.149e+06, Qg=1.335e-01, Qz=8.327e-04, Sd=5.918e-01, SwB=0.000e+00) | k_frac=6.3146 mD, dp=16.16 MPa | Sw=[0.128,0.391] | 506.9s
2026-02-18 15:39:18 - M5Trainer - INFO -   [Sw约束v9] Sw=[0.127, 0.256, 0.781], 权重=100, 惩罚=0.000000 (低=0.0000, 高=0.0000)
2026-02-18 15:39:18 - M5Trainer - INFO -   [Sw监控] SY9: Sw=[0.1545, 0.3780, 0.7790], krg_min=3.720240e-02
2026-02-18 15:39:18 - M5Trainer - INFO - [Step  3500/5000] Stage D | L=1.6495e+04 (IC=1.281e-01, BC=7.340e-02, PDE=1.168e+06, Qg=1.369e-01, Qz=8.823e-04, Sd=5.969e-01, SwB=0.000e+00) | k_frac=6.3430 mD, dp=16.18 MPa | Sw=[0.129,0.659] | 521.7s
2026-02-18 15:39:18 - M5Trainer - INFO -   [k_frac诊断] grad=-7.8327e-01, k_frac=6.342989 mD
2026-02-18 15:39:34 - M5Trainer - INFO - [Step  3600/5000] Stage D | L=1.5148e+04 (IC=1.742e-01, BC=4.500e-02, PDE=1.112e+06, Qg=1.338e-01, Qz=8.309e-04, Sd=5.961e-01, SwB=0.000e+00) | k_frac=6.3444 mD, dp=16.19 MPa | Sw=[0.129,0.752] | 537.4s
2026-02-18 15:39:50 - M5Trainer - INFO - [Step  3700/5000] Stage D | L=1.8241e+04 (IC=1.350e-01, BC=4.261e-02, PDE=1.229e+06, Qg=1.323e-01, Qz=8.398e-04, Sd=5.966e-01, SwB=0.000e+00) | k_frac=6.3469 mD, dp=16.19 MPa | Sw=[0.128,0.360] | 553.8s
2026-02-18 15:40:07 - M5Trainer - INFO - [Step  3800/5000] Stage D | L=2.0276e+04 (IC=2.172e-01, BC=4.689e-02, PDE=1.359e+06, Qg=1.307e-01, Qz=9.280e-04, Sd=6.173e-01, SwB=0.000e+00) | k_frac=6.3599 mD, dp=16.19 MPa | Sw=[0.131,0.360] | 570.3s
2026-02-18 15:40:25 - M5Trainer - INFO - [Step  3900/5000] Stage D | L=1.8435e+04 (IC=2.145e-01, BC=5.151e-02, PDE=1.289e+06, Qg=1.306e-01, Qz=8.348e-04, Sd=6.119e-01, SwB=0.000e+00) | k_frac=6.3593 mD, dp=16.20 MPa | Sw=[0.130,0.781] | 588.2s
2026-02-18 15:40:40 - M5Trainer - INFO -   [Sw约束v9] Sw=[0.127, 0.247, 0.779], 权重=100, 惩罚=0.000000 (低=0.0000, 高=0.0000)
2026-02-18 15:40:40 - M5Trainer - INFO -   [Sw监控] SY9: Sw=[0.1541, 0.3648, 0.7823], krg_min=3.568141e-02
2026-02-18 15:40:40 - M5Trainer - INFO - [Step  4000/5000] Stage D | L=1.6423e+04 (IC=1.782e-01, BC=4.234e-02, PDE=1.184e+06, Qg=1.333e-01, Qz=8.838e-04, Sd=6.086e-01, SwB=0.000e+00) | k_frac=6.3580 mD, dp=16.20 MPa | Sw=[0.127,0.398] | 603.9s
2026-02-18 15:40:40 - M5Trainer - INFO -   [k_frac诊断] grad=-1.2967e-01, k_frac=6.357976 mD
2026-02-18 15:40:56 - M5Trainer - INFO - [Step  4100/5000] Stage D | L=1.2246e+04 (IC=3.156e-01, BC=6.743e-02, PDE=1.056e+06, Qg=1.307e-01, Qz=8.752e-04, Sd=6.071e-01, SwB=0.000e+00) | k_frac=6.3589 mD, dp=16.20 MPa | Sw=[0.127,0.753] | 619.4s
2026-02-18 15:41:12 - M5Trainer - INFO - [Step  4200/5000] Stage D | L=1.5113e+04 (IC=1.067e-01, BC=4.394e-02, PDE=1.102e+06, Qg=1.322e-01, Qz=1.151e-03, Sd=6.036e-01, SwB=0.000e+00) | k_frac=6.3566 mD, dp=16.20 MPa | Sw=[0.135,0.779] | 635.6s
2026-02-18 15:41:28 - M5Trainer - INFO - [Step  4300/5000] Stage D | L=1.2351e+04 (IC=1.370e-01, BC=5.472e-02, PDE=9.969e+05, Qg=1.293e-01, Qz=1.259e-03, Sd=6.016e-01, SwB=0.000e+00) | k_frac=6.3552 mD, dp=16.20 MPa | Sw=[0.128,0.391] | 651.8s
2026-02-18 15:41:44 - M5Trainer - INFO - [Step  4400/5000] Stage D | L=1.3703e+04 (IC=2.591e-01, BC=6.849e-02, PDE=1.118e+06, Qg=1.286e-01, Qz=1.323e-03, Sd=6.011e-01, SwB=0.000e+00) | k_frac=6.3548 mD, dp=16.21 MPa | Sw=[0.127,0.766] | 667.8s
2026-02-18 15:42:00 - M5Trainer - INFO -   [Sw约束v9] Sw=[0.126, 0.245, 0.773], 权重=100, 惩罚=0.000000 (低=0.0000, 高=0.0000)
2026-02-18 15:42:00 - M5Trainer - INFO -   [Sw监控] SY9: Sw=[0.1544, 0.3585, 0.7817], krg_min=3.595570e-02
2026-02-18 15:42:00 - M5Trainer - INFO - [Step  4500/5000] Stage D | L=1.2610e+04 (IC=2.415e-01, BC=6.603e-02, PDE=1.059e+06, Qg=1.284e-01, Qz=2.061e-03, Sd=6.019e-01, SwB=0.000e+00) | k_frac=6.3554 mD, dp=16.21 MPa | Sw=[0.126,0.349] | 683.2s
2026-02-18 15:42:00 - M5Trainer - INFO -   [k_frac诊断] grad=-9.1236e-02, k_frac=6.355404 mD
2026-02-18 15:42:16 - M5Trainer - INFO - [Step  4600/5000] Stage D | L=1.4525e+04 (IC=2.199e-01, BC=7.001e-02, PDE=1.149e+06, Qg=1.286e-01, Qz=3.834e-03, Sd=6.018e-01, SwB=0.000e+00) | k_frac=6.3554 mD, dp=16.21 MPa | Sw=[0.128,0.338] | 699.2s
2026-02-18 15:42:32 - M5Trainer - INFO - [Step  4700/5000] Stage D | L=1.0943e+04 (IC=2.343e-01, BC=9.326e-02, PDE=9.912e+05, Qg=1.289e-01, Qz=5.405e-03, Sd=6.017e-01, SwB=0.000e+00) | k_frac=6.3553 mD, dp=16.21 MPa | Sw=[0.134,0.738] | 715.0s
2026-02-18 15:42:47 - M5Trainer - INFO - [Step  4800/5000] Stage D | L=1.1465e+04 (IC=1.839e-01, BC=9.344e-02, PDE=1.005e+06, Qg=1.287e-01, Qz=7.201e-03, Sd=6.016e-01, SwB=0.000e+00) | k_frac=6.3553 mD, dp=16.21 MPa | Sw=[0.153,0.714] | 730.7s
2026-02-18 15:43:04 - M5Trainer - INFO - [Step  4900/5000] Stage D | L=9.7792e+03 (IC=3.008e-01, BC=9.874e-02, PDE=9.461e+05, Qg=1.286e-01, Qz=8.112e-03, Sd=6.016e-01, SwB=0.000e+00) | k_frac=6.3553 mD, dp=16.21 MPa | Sw=[0.129,0.717] | 747.4s
2026-02-18 15:43:20 - M5Trainer - INFO - [Step  4999/5000] Stage D | L=1.2412e+04 (IC=1.769e-01, BC=8.555e-02, PDE=1.043e+06, Qg=1.285e-01, Qz=8.356e-03, Sd=6.016e-01, SwB=0.000e+00) | k_frac=6.3553 mD, dp=16.21 MPa | Sw=[0.135,0.340] | 763.3s
2026-02-18 15:43:20 - M5Trainer - INFO - 
M5 训练完成! 耗时: 763.3s, 最佳验证分数(val_score): 24.0933
2026-02-18 15:43:20 - M5Trainer - INFO - 配置快照已保存: C:\Users\16281\Desktop\cpedc_project\outputs\mk_pinn_dt_v2\resolved_config_m5.json
2026-02-18 15:43:20 - M5Trainer - INFO - 反演参数审计: C:\Users\16281\Desktop\cpedc_project\outputs\mk_pinn_dt_v2\reports\M5_inversion_params.json
2026-02-18 15:43:20 - M5Trainer - INFO -   history 已恢复 (3801 步)
2026-02-18 15:43:20 - M5Trainer - INFO -   best_step=3800
2026-02-18 15:43:20 - M5Trainer - INFO - 已加载 M5 检查点: C:\Users\16281\Desktop\cpedc_project\outputs\mk_pinn_dt_v2\ckpt\m5_pinn_best.pt
2026-02-18 15:43:20 - M5Trainer - INFO -   history 已恢复 (5000 步)
2026-02-18 15:43:20 - M5Trainer - INFO - 已加载 M5 检查点: C:\Users\16281\Desktop\cpedc_project\outputs\mk_pinn_dt_v2\ckpt\m5_pinn_final.pt
2026-02-18 15:43:20 - M5Trainer - INFO -   history 已恢复 (3801 步)
2026-02-18 15:43:20 - M5Trainer - INFO -   best_step=3800
2026-02-18 15:43:20 - M5Trainer - INFO - 已加载 M5 检查点: C:\Users\16281\Desktop\cpedc_project\outputs\mk_pinn_dt_v2\ckpt\m5_pinn_best.pt
2026-02-18 15:43:20 - M5Trainer - INFO - generate_report: 自动择优采用 best checkpoint, qg_score=18.8003
2026-02-18 15:43:20 - M5Trainer - INFO - 反演参数审计: C:\Users\16281\Desktop\cpedc_project\outputs\mk_pinn_dt_v2\reports\M5_inversion_params.json
2026-02-18 15:43:20 - M5Trainer - INFO - qg 对比图已保存: C:\Users\16281\Desktop\cpedc_project\outputs\mk_pinn_dt_v2\figs\M5_qg_comparison_SY9.png
2026-02-18 15:43:20 - M5Trainer - INFO - p_wf 反演图已保存: C:\Users\16281\Desktop\cpedc_project\outputs\mk_pinn_dt_v2\figs\M5_pwf_inversion_SY9.png
2026-02-18 15:43:21 - M5Trainer - INFO - 训练曲线图已保存: C:\Users\16281\Desktop\cpedc_project\outputs\mk_pinn_dt_v2\figs\M5_training_history.png
2026-02-18 15:43:21 - M5Trainer - INFO - 残差热力图已保存: C:\Users\16281\Desktop\cpedc_project\outputs\mk_pinn_dt_v2\figs\M5_pde_residual_map.png
2026-02-18 15:43:23 - M5Trainer - INFO - M6 连通性分析完成
2026-02-18 15:43:24 - M5Trainer - INFO - M7 水侵预警分析完成
2026-02-18 15:43:24 - M5Trainer - INFO -   history 已恢复 (5000 步)
2026-02-18 15:43:24 - M5Trainer - INFO - 已加载 M5 检查点: C:\Users\16281\Desktop\cpedc_project\outputs\mk_pinn_dt_v2\ckpt\m5_pinn_final.pt
2026-02-18 15:43:24 - M5Trainer - INFO -   history 已恢复 (3801 步)
2026-02-18 15:43:24 - M5Trainer - INFO -   best_step=3800
2026-02-18 15:43:24 - M5Trainer - INFO - 已加载 M5 检查点: C:\Users\16281\Desktop\cpedc_project\outputs\mk_pinn_dt_v2\ckpt\m5_pinn_best.pt
2026-02-18 15:43:24 - M5Trainer - INFO - M5 验收报告已保存: C:\Users\16281\Desktop\cpedc_project\outputs\mk_pinn_dt_v2\reports\M5_validation_report.md
