2026-02-12 14:54:33 - M5Trainer - INFO -   torch.compile 已跳过 (Triton 不支持 Windows, 使用 eager 模式)
2026-02-12 14:54:33 - M5Trainer - INFO - k_net 学习率: 3.00e-04 (factor=0.3, warmup=2000 steps)
2026-02-12 14:54:33 - M5Trainer - INFO -   井 SY9: 1025 条同化数据
2026-02-12 14:54:33 - M5Trainer - INFO -   M3 PVT cg(76.0, 140.32) = 0.009744
2026-02-12 14:54:33 - M5Trainer - INFO -   M3 PVT Bg(76.0, 140.32) = 0.002577
2026-02-12 14:54:33 - M5Trainer - INFO -   PDE 缩放: αx=0.029719, αy=0.074361
2026-02-12 14:54:33 - M5Trainer - INFO - M5Trainer 初始化完成: device=cuda, lr=0.001, max_steps=50000, relobralo=True, rar=True
2026-02-12 14:54:33 - M5Trainer - INFO - ============================================================
2026-02-12 14:54:33 - M5Trainer - INFO - M5 PINN 井—藏耦合同化训练开始
2026-02-12 14:54:33 - M5Trainer - INFO - ============================================================
2026-02-12 14:54:33 - M5Trainer - INFO - 训练阶段: A[0-7500] B[7500-20000] C[20000-35000] D[35000-50000]
2026-02-12 14:54:33 - M5Trainer - INFO - --- M5 单位/量纲诊断 (train 第 1 步前) ---
2026-02-12 14:54:33 - M5Trainer - INFO -   qg_obs 范围: 0.00e+00 ~ 8.39e+05 m³/d, 均值: 3.86e+05 m³/d
2026-02-12 14:54:34 - M5Trainer - INFO -   qg_pred 范围: 5.75e+06 ~ 6.11e+06
2026-02-12 14:54:34 - M5Trainer - INFO -   p_wf 范围: 4.45e+01 ~ 4.50e+01 MPa
2026-02-12 14:54:34 - M5Trainer - INFO -   p_field @ well: 5.25e+01 MPa
2026-02-12 14:54:34 - M5Trainer - INFO -   k_eff = 0.1460 mD, f_frac = 37.00
2026-02-12 14:54:34 - M5Trainer - INFO -   WI_raw = 4.309845e-13 [检查单位]
2026-02-12 14:54:34 - M5Trainer - INFO -   dp_wellbore = 5.00 MPa
2026-02-12 14:54:34 - M5Trainer - INFO -   Bg_ref = 2.576898e-03
2026-02-12 14:54:34 - M5Trainer - INFO - --- 诊断结束 ---
2026-02-12 14:54:34 - M5Trainer - INFO -   ✅ k_eff_mD.grad = 5.374520e-16 (PDE梯度贯通)
2026-02-12 14:54:34 - M5Trainer - INFO -   ✅ k_net: 18 组参数收到梯度
2026-02-12 14:54:34 - M5Trainer - INFO -   ✅ f_frac.grad = 5.697611e-04
2026-02-12 14:54:34 - M5Trainer - INFO -   [梯度验收] SY9: qg_obs range=[0.0, 838700.0]
2026-02-12 14:54:34 - M5Trainer - INFO -   [Sw监控] SY9: Sw=[0.2600, 0.2600, 0.2600], krg_min=6.751000e-01
2026-02-12 14:54:34 - M5Trainer - INFO - [Step     0/50000] Stage A | L=1.4009e+04 (IC=5.522e+02, BC=5.522e+02, PDE=1.580e+01, Qg=2.022e+02, SwB=0.000e+00) | k=0.15 mD, f=37.0 | Sw=[0.260,0.260] | 0.6s
2026-02-12 14:54:48 - M5Trainer - INFO - [Step   100/50000] Stage A | L=1.7338e+01 (IC=3.440e-01, BC=1.383e-01, PDE=1.946e+01, Qg=9.259e+00, SwB=3.490e-03) | k=0.15 mD, f=37.0 | Sw=[0.123,0.506] | 14.7s
2026-02-12 14:55:01 - M5Trainer - INFO -   [梯度验收] SY9: qg_obs range=[0.0, 838700.0]
2026-02-12 14:55:01 - M5Trainer - INFO - [Step   200/50000] Stage A | L=3.4860e-01 (IC=5.669e-02, BC=6.143e-02, PDE=1.807e+01, Qg=1.896e-01, SwB=2.769e-03) | k=0.15 mD, f=37.0 | Sw=[0.129,0.703] | 28.1s
2026-02-12 14:55:14 - M5Trainer - INFO - [Step   300/50000] Stage A | L=7.8559e-01 (IC=3.091e-01, BC=1.094e-01, PDE=1.363e+01, Qg=1.330e+00, SwB=1.996e-02) | k=0.15 mD, f=37.0 | Sw=[0.118,0.791] | 41.0s
2026-02-12 14:55:27 - M5Trainer - INFO -   [梯度验收] SY9: qg_obs range=[0.0, 838700.0]
2026-02-12 14:55:27 - M5Trainer - INFO - [Step   400/50000] Stage A | L=5.8661e-01 (IC=6.749e-01, BC=1.003e-01, PDE=5.716e+00, Qg=1.323e+00, SwB=1.507e-02) | k=0.15 mD, f=37.0 | Sw=[0.161,0.801] | 53.8s
2026-02-12 14:55:40 - M5Trainer - INFO -   [Sw监控] SY9: Sw=[0.8044, 0.8435, 0.8892], krg_min=3.592625e-03
2026-02-12 14:55:40 - M5Trainer - INFO - [Step   500/50000] Stage A | L=1.0323e+00 (IC=1.771e-01, BC=6.959e-02, PDE=1.625e+01, Qg=1.357e+00, SwB=2.783e-02) | k=0.15 mD, f=36.9 | Sw=[0.084,0.855] | 66.9s
2026-02-12 14:55:55 - M5Trainer - INFO -   [梯度验收] SY9: qg_obs range=[0.0, 838700.0]
2026-02-12 14:55:55 - M5Trainer - INFO - [Step   600/50000] Stage A | L=6.3208e-01 (IC=1.671e-01, BC=1.922e-01, PDE=1.888e+01, Qg=1.220e+00, SwB=8.542e-03) | k=0.15 mD, f=36.9 | Sw=[0.128,0.713] | 82.1s
2026-02-12 14:56:11 - M5Trainer - INFO - [Step   700/50000] Stage A | L=6.7145e-01 (IC=2.551e-01, BC=3.286e-01, PDE=2.149e+01, Qg=2.400e+00, SwB=1.044e-03) | k=0.15 mD, f=36.8 | Sw=[0.077,0.490] | 97.3s
2026-02-12 14:56:26 - M5Trainer - INFO -   [梯度验收] SY9: qg_obs range=[0.0, 838700.0]
2026-02-12 14:56:26 - M5Trainer - INFO - [Step   800/50000] Stage A | L=8.0468e-01 (IC=1.382e-01, BC=2.902e-01, PDE=1.896e+01, Qg=1.351e+00, SwB=1.558e-02) | k=0.15 mD, f=36.8 | Sw=[0.180,0.882] | 112.6s
2026-02-12 14:56:42 - M5Trainer - INFO - [Step   900/50000] Stage A | L=2.2128e+00 (IC=3.863e-01, BC=2.895e-01, PDE=7.587e+00, Qg=1.336e+00, SwB=8.360e-02) | k=0.15 mD, f=36.7 | Sw=[0.162,0.899] | 128.2s
2026-02-12 14:56:56 - M5Trainer - INFO -   [梯度验收] SY9: qg_obs range=[0.0, 838700.0]
2026-02-12 14:56:56 - M5Trainer - INFO -   [Sw监控] SY9: Sw=[0.8858, 0.8960, 0.8991], krg_min=2.323149e-03
2026-02-12 14:56:56 - M5Trainer - INFO - [Step  1000/50000] Stage A | L=2.2803e+00 (IC=3.979e-01, BC=1.189e-01, PDE=5.881e+00, Qg=1.344e+00, SwB=8.057e-02) | k=0.15 mD, f=36.6 | Sw=[0.039,0.703] | 142.8s
2026-02-12 14:57:11 - M5Trainer - INFO - [Step  1100/50000] Stage A | L=4.6116e-01 (IC=2.856e-02, BC=8.580e-02, PDE=1.174e+01, Qg=1.403e+00, SwB=5.973e-03) | k=0.15 mD, f=36.5 | Sw=[0.203,0.761] | 157.8s
2026-02-12 14:57:27 - M5Trainer - INFO -   [梯度验收] SY9: qg_obs range=[0.0, 838700.0]
2026-02-12 14:57:27 - M5Trainer - INFO - [Step  1200/50000] Stage A | L=7.8249e-01 (IC=2.422e-01, BC=2.744e-01, PDE=1.825e+01, Qg=1.397e+00, SwB=9.859e-03) | k=0.15 mD, f=36.5 | Sw=[0.375,0.800] | 173.6s
2026-02-12 14:57:43 - M5Trainer - INFO - [Step  1300/50000] Stage A | L=7.9960e-01 (IC=2.228e-01, BC=1.071e-01, PDE=1.363e+01, Qg=1.401e+00, SwB=2.272e-02) | k=0.15 mD, f=36.4 | Sw=[0.139,0.717] | 189.5s
2026-02-12 14:57:59 - M5Trainer - INFO -   [梯度验收] SY9: qg_obs range=[0.0, 838700.0]
2026-02-12 14:57:59 - M5Trainer - INFO - [Step  1400/50000] Stage A | L=4.4659e-01 (IC=6.428e-01, BC=7.764e-01, PDE=1.395e+01, Qg=1.677e+00, SwB=3.378e-03) | k=0.15 mD, f=36.3 | Sw=[0.102,0.360] | 205.7s
2026-02-12 14:58:14 - M5Trainer - INFO -   [Sw监控] SY9: Sw=[0.8448, 0.8771, 0.8958], krg_min=2.712269e-03
2026-02-12 14:58:14 - M5Trainer - INFO - [Step  1500/50000] Stage A | L=6.9796e-01 (IC=3.786e-02, BC=2.178e-02, PDE=1.119e+01, Qg=1.335e+00, SwB=1.451e-02) | k=0.15 mD, f=36.3 | Sw=[0.243,0.676] | 220.9s
2026-02-12 14:58:27 - M5Trainer - INFO -   [梯度验收] SY9: qg_obs range=[0.0, 838700.0]
2026-02-12 14:58:27 - M5Trainer - INFO - [Step  1600/50000] Stage A | L=2.7218e-01 (IC=4.453e-02, BC=3.172e-02, PDE=9.234e+00, Qg=1.335e+00, SwB=2.883e-03) | k=0.15 mD, f=36.2 | Sw=[0.181,0.353] | 234.2s
2026-02-12 14:58:41 - M5Trainer - INFO - [Step  1700/50000] Stage A | L=3.0396e-01 (IC=2.800e-02, BC=2.769e-02, PDE=9.082e+00, Qg=1.531e+00, SwB=6.448e-04) | k=0.15 mD, f=36.1 | Sw=[0.095,0.448] | 247.2s
2026-02-12 14:58:54 - M5Trainer - INFO -   [梯度验收] SY9: qg_obs range=[0.0, 838700.0]
2026-02-12 14:58:54 - M5Trainer - INFO - [Step  1800/50000] Stage A | L=3.2327e-01 (IC=4.283e-01, BC=3.861e-01, PDE=1.314e+01, Qg=1.189e+00, SwB=3.088e-03) | k=0.15 mD, f=36.1 | Sw=[0.197,0.478] | 260.4s
2026-02-12 14:59:07 - M5Trainer - INFO - [Step  1900/50000] Stage A | L=3.7899e-01 (IC=3.409e-01, BC=3.795e-01, PDE=1.041e+01, Qg=1.370e+00, SwB=1.859e-03) | k=0.15 mD, f=36.0 | Sw=[0.198,0.347] | 273.5s
2026-02-12 14:59:20 - M5Trainer - INFO -   [Sw监控] SY9: Sw=[0.8358, 0.8930, 0.8968], krg_min=2.590015e-03
2026-02-12 14:59:20 - M5Trainer - INFO - [Step  2000/50000] Stage A | L=2.1071e-01 (IC=9.259e-02, BC=1.073e-01, PDE=7.293e+00, Qg=1.338e+00, SwB=9.053e-04) | k=0.15 mD, f=35.9 | Sw=[0.192,0.375] | 286.7s
2026-02-12 14:59:34 - M5Trainer - INFO - [Step  2100/50000] Stage A | L=1.6502e-01 (IC=1.774e-01, BC=1.525e-01, PDE=4.800e+00, Qg=1.339e+00, SwB=1.671e-04) | k=0.15 mD, f=35.9 | Sw=[0.203,0.288] | 300.3s
2026-02-12 14:59:47 - M5Trainer - INFO - [Step  2200/50000] Stage A | L=1.5207e-01 (IC=1.370e-02, BC=1.898e-03, PDE=2.968e+00, Qg=1.334e+00, SwB=2.207e-04) | k=0.15 mD, f=35.8 | Sw=[0.220,0.664] | 313.8s
2026-02-12 15:00:01 - M5Trainer - INFO - [Step  2300/50000] Stage A | L=1.4102e-01 (IC=4.856e-02, BC=4.308e-02, PDE=2.833e+00, Qg=1.334e+00, SwB=1.645e-04) | k=0.15 mD, f=35.8 | Sw=[0.270,0.320] | 327.2s
2026-02-12 15:00:14 - M5Trainer - INFO - [Step  2400/50000] Stage A | L=2.0915e-01 (IC=2.694e-01, BC=2.724e-01, PDE=3.689e+00, Qg=1.332e+00, SwB=6.487e-05) | k=0.15 mD, f=35.8 | Sw=[0.260,0.280] | 340.7s
2026-02-12 15:00:29 - M5Trainer - INFO -   [Sw监控] SY9: Sw=[0.3897, 0.4180, 0.4597], krg_min=3.360085e-01
2026-02-12 15:00:29 - M5Trainer - INFO - [Step  2500/50000] Stage A | L=3.8700e-01 (IC=2.703e-01, BC=1.933e-01, PDE=1.317e+01, Qg=1.340e+00, SwB=4.976e-04) | k=0.15 mD, f=35.7 | Sw=[0.302,0.402] | 355.4s
2026-02-12 15:00:44 - M5Trainer - INFO - [Step  2600/50000] Stage A | L=2.2191e-01 (IC=4.349e-02, BC=3.232e-02, PDE=5.405e+00, Qg=1.339e+00, SwB=7.150e-05) | k=0.15 mD, f=35.7 | Sw=[0.273,0.314] | 370.9s
2026-02-12 15:01:00 - M5Trainer - INFO - [Step  2700/50000] Stage A | L=2.9529e-01 (IC=1.737e-01, BC=1.809e-01, PDE=2.614e+00, Qg=1.337e+00, SwB=5.222e-05) | k=0.15 mD, f=35.6 | Sw=[0.270,0.312] | 387.0s
2026-02-12 15:01:17 - M5Trainer - INFO - [Step  2800/50000] Stage A | L=3.1112e-01 (IC=1.416e-01, BC=1.428e-01, PDE=2.751e+00, Qg=1.334e+00, SwB=3.914e-05) | k=0.15 mD, f=35.6 | Sw=[0.263,0.291] | 403.3s
2026-02-12 15:01:33 - M5Trainer - INFO - [Step  2900/50000] Stage A | L=2.9309e-01 (IC=3.423e-02, BC=2.759e-02, PDE=4.962e+00, Qg=1.337e+00, SwB=1.987e-05) | k=0.15 mD, f=35.6 | Sw=[0.255,0.311] | 419.6s
2026-02-12 15:01:50 - M5Trainer - INFO -   [Sw监控] SY9: Sw=[0.3050, 0.3334, 0.3442], krg_min=5.177988e-01
2026-02-12 15:01:50 - M5Trainer - INFO - [Step  3000/50000] Stage A | L=3.6718e-01 (IC=1.685e-01, BC=1.620e-01, PDE=2.138e+00, Qg=1.336e+00, SwB=2.506e-05) | k=0.15 mD, f=35.5 | Sw=[0.258,0.292] | 436.9s
2026-02-12 15:02:09 - M5Trainer - INFO - [Step  3100/50000] Stage A | L=1.1432e+00 (IC=7.391e-01, BC=7.518e-01, PDE=3.433e+00, Qg=1.336e+00, SwB=4.715e-04) | k=0.15 mD, f=35.5 | Sw=[0.333,0.345] | 455.3s
2026-02-12 15:02:27 - M5Trainer - INFO - [Step  3200/50000] Stage A | L=3.2654e-01 (IC=6.059e-03, BC=5.603e-03, PDE=2.065e+00, Qg=1.335e+00, SwB=1.529e-06) | k=0.15 mD, f=35.4 | Sw=[0.266,0.269] | 473.4s
2026-02-12 15:02:44 - M5Trainer - INFO - [Step  3300/50000] Stage A | L=3.6590e-01 (IC=4.030e-02, BC=4.154e-02, PDE=2.538e+00, Qg=1.336e+00, SwB=7.326e-06) | k=0.15 mD, f=35.4 | Sw=[0.269,0.278] | 490.6s
2026-02-12 15:03:00 - M5Trainer - INFO - [Step  3400/50000] Stage A | L=4.5458e-01 (IC=2.223e-02, BC=2.118e-02, PDE=2.656e+00, Qg=1.335e+00, SwB=1.855e-05) | k=0.15 mD, f=35.4 | Sw=[0.275,0.282] | 507.0s
2026-02-12 15:03:18 - M5Trainer - INFO -   [Sw监控] SY9: Sw=[0.2969, 0.3103, 0.3153], krg_min=5.694702e-01
2026-02-12 15:03:18 - M5Trainer - INFO - [Step  3500/50000] Stage A | L=4.0859e-01 (IC=6.299e-02, BC=6.046e-02, PDE=3.354e+00, Qg=1.333e+00, SwB=2.143e-04) | k=0.15 mD, f=35.3 | Sw=[0.306,0.314] | 524.2s
2026-02-12 15:03:36 - M5Trainer - INFO - [Step  3600/50000] Stage A | L=4.6974e-01 (IC=1.178e-01, BC=1.289e-01, PDE=4.810e+00, Qg=1.337e+00, SwB=5.150e-05) | k=0.15 mD, f=35.3 | Sw=[0.236,0.242] | 542.9s
2026-02-12 15:03:52 - M5Trainer - INFO - [Step  3700/50000] Stage A | L=4.8711e-01 (IC=6.252e-02, BC=6.151e-02, PDE=3.136e+00, Qg=1.335e+00, SwB=3.054e-06) | k=0.15 mD, f=35.2 | Sw=[0.252,0.256] | 558.8s
