2026-02-15 16:40:28 - M5Trainer - INFO -   torch.compile 已跳过 (Triton 不支持 Windows, 使用 eager 模式)
2026-02-15 16:40:28 - M5Trainer - INFO - k_frac 独立参数组: lr=1.00e-02 (factor=10.0)
2026-02-15 16:40:29 - M5Trainer - INFO - k_net 学习率: 1.00e-04 (factor=0.1, warmup=2000 steps)
2026-02-15 16:40:29 - M5Trainer - INFO -   井 SY9: 1025 条同化数据
2026-02-15 16:40:29 - M5Trainer - INFO -   M3 PVT cg(76.0, 140.32) = 0.009744
2026-02-15 16:40:29 - M5Trainer - INFO -   M3 PVT Bg(76.0, 140.32) = 0.002577
2026-02-15 16:40:29 - M5Trainer - INFO -   PDE 缩放: αx=0.029719, αy=0.074361
2026-02-15 16:40:29 - M5Trainer - INFO - M5Trainer 初始化完成: device=cuda, lr=0.001, max_steps=10000, relobralo=True, rar=True
2026-02-15 16:40:29 - M5Trainer - INFO - ============================================================
2026-02-15 16:40:29 - M5Trainer - INFO - M5 PINN 井—藏耦合同化训练开始
2026-02-15 16:40:29 - M5Trainer - INFO - ============================================================
2026-02-15 16:40:29 - M5Trainer - INFO - 训练阶段: A[0-1000] B[1000-3500] C[3500-7000] D[7000-10000]
2026-02-15 16:40:29 - M5Trainer - INFO - --- M5 单位/量纲诊断 (train 第 1 步前) ---
2026-02-15 16:40:29 - M5Trainer - INFO -   qg_obs 范围: 0.00e+00 ~ 8.39e+05 m³/d, 均值: 3.86e+05 m³/d
2026-02-15 16:40:29 - M5Trainer - INFO -   qg_pred 范围: 1.20e+07 ~ 1.20e+07
2026-02-15 16:40:29 - M5Trainer - INFO -   p_wf 范围: 5.35e+01 ~ 5.35e+01 MPa
2026-02-15 16:40:29 - M5Trainer - INFO -   p_field @ well: 7.50e+01 MPa
2026-02-15 16:40:29 - M5Trainer - INFO -   k_frac = 5.4020 mD
2026-02-15 16:40:29 - M5Trainer - INFO -   WI_raw = 4.309845e-13 [检查单位]
2026-02-15 16:40:29 - M5Trainer - INFO -   dp_wellbore = 12.00 MPa
2026-02-15 16:40:29 - M5Trainer - INFO -   Bg_ref = 2.576898e-03
2026-02-15 16:40:29 - M5Trainer - INFO -   qg_obs中位数 = 4.61e+05 m³/d
2026-02-15 16:40:29 - M5Trainer - INFO -   PDE源项强度 = 5.34e+00 m³/s (负值=生产)
2026-02-15 16:40:29 - M5Trainer - INFO -   ✅ 确认: PDE源项使用观测值qg_obs，而非预测值qg_pred
2026-02-15 16:40:29 - M5Trainer - INFO - --- 诊断结束 ---
2026-02-15 16:40:29 - M5Trainer - INFO -   [shape] SY9: qg pred=(1025, 1) vs obs=(1025, 1), p_wf pred=(1025, 1) vs p_obs=(1025, 1)
2026-02-15 16:40:30 - M5Trainer - INFO -   ✅ k_frac_mD.grad = 4.084473e+00 (PDE梯度贯通)
2026-02-15 16:40:30 - M5Trainer - INFO -   ✅ k_net: 18 组参数收到梯度
2026-02-15 16:40:30 - M5Trainer - INFO -   [梯度验收] SY9: qg_obs range=[0.0, 838700.0]
2026-02-15 16:40:30 - M5Trainer - INFO -   [Sw监控] SY9: Sw=[0.2600, 0.2600, 0.2600], krg_min=6.751000e-01
2026-02-15 16:40:30 - M5Trainer - INFO - [Step     0/10000] Stage A | L=2.7704e+04 (IC=1.000e+00, BC=1.000e+00, PDE=2.351e+06, Qg=4.028e+03, SwB=0.000e+00) | k_frac=5.4015 mD, dp=12.00 MPa | Sw=[0.260,0.260] | 0.6s
2026-02-15 16:40:30 - M5Trainer - INFO -   [k_frac诊断] grad=4.0845e+00, k_frac=5.401474 mD
2026-02-15 16:40:42 - M5Trainer - INFO - [Step   100/10000] Stage A | L=2.6138e+04 (IC=2.575e-02, BC=6.116e-02, PDE=2.589e+06, Qg=5.750e+01, SwB=1.384e-03) | k_frac=5.3024 mD, dp=11.98 MPa | Sw=[0.174,0.692] | 12.9s
2026-02-15 16:40:54 - M5Trainer - INFO -   [梯度验收] SY9: qg_obs range=[0.0, 838700.0]
2026-02-15 16:40:54 - M5Trainer - INFO - [Step   200/10000] Stage A | L=1.9587e+04 (IC=6.242e-02, BC=3.958e-02, PDE=2.407e+06, Qg=1.486e+00, SwB=5.903e-02) | k_frac=5.2377 mD, dp=11.91 MPa | Sw=[0.140,0.856] | 24.8s
2026-02-15 16:41:05 - M5Trainer - INFO - [Step   300/10000] Stage A | L=3.9551e+04 (IC=1.124e-01, BC=9.138e-02, PDE=2.506e+06, Qg=8.374e+01, SwB=5.719e-02) | k_frac=4.9847 mD, dp=11.91 MPa | Sw=[0.125,0.873] | 36.5s
2026-02-15 16:41:17 - M5Trainer - INFO -   [梯度验收] SY9: qg_obs range=[0.0, 838700.0]
2026-02-15 16:41:17 - M5Trainer - INFO - [Step   400/10000] Stage A | L=4.7896e+04 (IC=6.703e-02, BC=3.623e-02, PDE=2.660e+06, Qg=7.807e+01, SwB=7.445e-02) | k_frac=4.5484 mD, dp=11.91 MPa | Sw=[0.121,0.876] | 48.3s
2026-02-15 16:41:29 - M5Trainer - INFO -   [Sw监控] SY9: Sw=[0.1203, 0.3829, 0.8741], krg_min=6.089105e-03
2026-02-15 16:41:29 - M5Trainer - INFO - [Step   500/10000] Stage A | L=3.1980e+04 (IC=1.101e-01, BC=8.690e-02, PDE=2.158e+06, Qg=5.828e+01, SwB=1.063e-01) | k_frac=3.7478 mD, dp=11.88 MPa | Sw=[0.120,0.872] | 60.0s
2026-02-15 16:41:29 - M5Trainer - INFO -   [k_frac诊断] grad=9.1724e-02, k_frac=3.747829 mD
2026-02-15 16:41:41 - M5Trainer - INFO -   [梯度验收] SY9: qg_obs range=[0.0, 838700.0]
2026-02-15 16:41:41 - M5Trainer - INFO - [Step   600/10000] Stage A | L=3.7053e+04 (IC=9.017e-02, BC=5.398e-02, PDE=2.302e+06, Qg=5.908e+01, SwB=1.438e-01) | k_frac=3.4189 mD, dp=11.85 MPa | Sw=[0.120,0.875] | 72.4s
2026-02-15 16:41:54 - M5Trainer - INFO - [Step   700/10000] Stage A | L=4.5731e+04 (IC=1.131e-01, BC=6.637e-02, PDE=2.685e+06, Qg=3.764e+01, SwB=1.458e-01) | k_frac=2.8601 mD, dp=11.79 MPa | Sw=[0.120,0.879] | 84.8s
2026-02-15 16:42:06 - M5Trainer - INFO -   [梯度验收] SY9: qg_obs range=[0.0, 838700.0]
2026-02-15 16:42:06 - M5Trainer - INFO - [Step   800/10000] Stage A | L=3.6493e+04 (IC=1.203e-01, BC=6.169e-02, PDE=2.358e+06, Qg=1.780e+01, SwB=1.175e-01) | k_frac=2.3798 mD, dp=11.76 MPa | Sw=[0.120,0.873] | 97.2s
2026-02-15 16:42:18 - M5Trainer - INFO - [Step   900/10000] Stage A | L=3.0465e+04 (IC=3.211e-01, BC=1.212e-01, PDE=2.182e+06, Qg=6.107e+01, SwB=1.368e-01) | k_frac=2.2349 mD, dp=11.75 MPa | Sw=[0.120,0.879] | 109.5s
2026-02-15 16:42:31 - M5Trainer - INFO -   [梯度验收] SY9: qg_obs range=[0.0, 838700.0]
2026-02-15 16:42:31 - M5Trainer - INFO -   [Sw监控] SY9: Sw=[0.1201, 0.4502, 0.8786], krg_min=5.287847e-03
2026-02-15 16:42:31 - M5Trainer - INFO - [Step  1000/10000] Stage B | L=2.7818e+05 (IC=1.319e-01, BC=1.065e-01, PDE=2.006e+06, Qg=2.971e+01, SwB=1.634e-01) | k_frac=2.0973 mD, dp=11.76 MPa | Sw=[0.120,0.879] | 121.8s
2026-02-15 16:42:31 - M5Trainer - INFO -   [k_frac诊断] grad=4.5149e-04, k_frac=2.097268 mD
2026-02-15 16:42:43 - M5Trainer - INFO - [Step  1100/10000] Stage B | L=2.9877e+05 (IC=1.274e+00, BC=9.757e-01, PDE=2.158e+06, Qg=4.500e+01, SwB=1.694e-01) | k_frac=2.0448 mD, dp=11.76 MPa | Sw=[0.120,0.879] | 134.1s
2026-02-15 16:42:55 - M5Trainer - INFO -   [梯度验收] SY9: qg_obs range=[0.0, 838700.0]
2026-02-15 16:42:55 - M5Trainer - INFO - [Step  1200/10000] Stage B | L=4.8997e+05 (IC=7.235e-01, BC=5.017e-01, PDE=2.266e+06, Qg=3.972e+01, SwB=1.548e-01) | k_frac=2.0100 mD, dp=11.76 MPa | Sw=[0.120,0.879] | 146.4s
2026-02-15 16:43:08 - M5Trainer - INFO - [Step  1300/10000] Stage B | L=4.4536e+05 (IC=2.927e+00, BC=1.641e+00, PDE=2.260e+06, Qg=4.874e+01, SwB=1.719e-01) | k_frac=1.8777 mD, dp=11.76 MPa | Sw=[0.120,0.880] | 158.6s
2026-02-15 16:43:20 - M5Trainer - INFO -   [梯度验收] SY9: qg_obs range=[0.0, 838700.0]
2026-02-15 16:43:20 - M5Trainer - INFO - [Step  1400/10000] Stage B | L=6.2918e+05 (IC=9.434e-01, BC=6.314e-01, PDE=2.133e+06, Qg=3.415e+01, SwB=2.334e-01) | k_frac=1.8624 mD, dp=11.76 MPa | Sw=[0.120,0.880] | 170.9s
2026-02-15 16:43:33 - M5Trainer - INFO -   [Sw监控] SY9: Sw=[0.1200, 0.3337, 0.8798], krg_min=5.075828e-03
2026-02-15 16:43:33 - M5Trainer - INFO - [Step  1500/10000] Stage B | L=4.9147e+05 (IC=1.926e+00, BC=1.278e+00, PDE=1.851e+06, Qg=4.886e+01, SwB=2.125e-01) | k_frac=1.8083 mD, dp=11.76 MPa | Sw=[0.120,0.880] | 184.2s
2026-02-15 16:43:33 - M5Trainer - INFO -   [k_frac诊断] grad=3.7882e-03, k_frac=1.808339 mD
2026-02-15 16:43:46 - M5Trainer - INFO -   [梯度验收] SY9: qg_obs range=[0.0, 838700.0]
2026-02-15 16:43:46 - M5Trainer - INFO - [Step  1600/10000] Stage B | L=5.9707e+05 (IC=2.784e+00, BC=8.630e-01, PDE=1.861e+06, Qg=5.260e+01, SwB=1.975e-01) | k_frac=1.7611 mD, dp=11.76 MPa | Sw=[0.120,0.879] | 196.7s
2026-02-15 16:43:58 - M5Trainer - INFO - [Step  1700/10000] Stage B | L=6.4500e+05 (IC=2.795e+00, BC=7.109e-01, PDE=1.791e+06, Qg=5.283e+01, SwB=2.135e-01) | k_frac=1.6876 mD, dp=11.76 MPa | Sw=[0.120,0.880] | 209.1s
2026-02-15 16:44:10 - M5Trainer - INFO -   [梯度验收] SY9: qg_obs range=[0.0, 838700.0]
2026-02-15 16:44:10 - M5Trainer - INFO - [Step  1800/10000] Stage B | L=7.7447e+05 (IC=3.170e+00, BC=1.746e+00, PDE=1.941e+06, Qg=4.682e+01, SwB=1.590e-01) | k_frac=1.6229 mD, dp=11.76 MPa | Sw=[0.120,0.879] | 221.4s
2026-02-15 16:44:23 - M5Trainer - INFO - [Step  1900/10000] Stage B | L=9.2443e+05 (IC=3.493e+00, BC=2.154e+00, PDE=2.013e+06, Qg=3.755e+01, SwB=1.725e-01) | k_frac=1.5556 mD, dp=11.76 MPa | Sw=[0.120,0.879] | 233.8s
2026-02-15 16:44:36 - M5Trainer - INFO -   [Sw监控] SY9: Sw=[0.1200, 0.3116, 0.8799], krg_min=5.065154e-03
2026-02-15 16:44:36 - M5Trainer - INFO - [Step  2000/10000] Stage B | L=9.6999e+05 (IC=3.224e+00, BC=1.277e+00, PDE=1.871e+06, Qg=4.642e+01, SwB=1.510e-01) | k_frac=1.4839 mD, dp=11.75 MPa | Sw=[0.120,0.880] | 247.2s
2026-02-15 16:44:36 - M5Trainer - INFO -   [k_frac诊断] grad=2.6662e-03, k_frac=1.483901 mD
2026-02-15 16:44:51 - M5Trainer - INFO - [Step  2100/10000] Stage B | L=7.6544e+05 (IC=1.272e+01, BC=1.403e+01, PDE=1.804e+06, Qg=2.058e+01, SwB=1.534e-01) | k_frac=1.4253 mD, dp=11.75 MPa | Sw=[0.120,0.880] | 261.9s
2026-02-15 16:45:06 - M5Trainer - INFO - [Step  2200/10000] Stage B | L=1.0137e+06 (IC=8.084e+00, BC=4.026e+00, PDE=1.771e+06, Qg=7.397e+01, SwB=1.380e-01) | k_frac=1.3640 mD, dp=11.75 MPa | Sw=[0.120,0.880] | 277.3s
2026-02-15 16:45:22 - M5Trainer - INFO - [Step  2300/10000] Stage B | L=1.3671e+06 (IC=6.854e+00, BC=1.896e+00, PDE=1.897e+06, Qg=5.819e+01, SwB=1.437e-01) | k_frac=1.2990 mD, dp=11.75 MPa | Sw=[0.120,0.880] | 293.1s
2026-02-15 16:45:38 - M5Trainer - INFO - [Step  2400/10000] Stage B | L=1.2314e+06 (IC=9.581e+00, BC=7.382e+00, PDE=1.842e+06, Qg=2.891e+01, SwB=1.672e-01) | k_frac=1.2446 mD, dp=11.75 MPa | Sw=[0.120,0.880] | 308.6s
2026-02-15 16:45:53 - M5Trainer - INFO -   [Sw监控] SY9: Sw=[0.1200, 0.3163, 0.8798], krg_min=5.073535e-03
2026-02-15 16:45:53 - M5Trainer - INFO - [Step  2500/10000] Stage B | L=1.1583e+06 (IC=1.043e+01, BC=6.284e+00, PDE=1.676e+06, Qg=6.483e+01, SwB=1.903e-01) | k_frac=1.1964 mD, dp=11.75 MPa | Sw=[0.120,0.880] | 324.1s
2026-02-15 16:45:53 - M5Trainer - INFO -   [k_frac诊断] grad=8.1658e-04, k_frac=1.196359 mD
2026-02-15 16:46:09 - M5Trainer - INFO - [Step  2600/10000] Stage B | L=1.2807e+06 (IC=1.393e+01, BC=1.079e+01, PDE=1.739e+06, Qg=2.456e+01, SwB=1.450e-01) | k_frac=1.1583 mD, dp=11.74 MPa | Sw=[0.120,0.880] | 339.6s
2026-02-15 16:46:24 - M5Trainer - INFO - [Step  2700/10000] Stage B | L=1.3401e+06 (IC=2.110e+01, BC=1.473e+01, PDE=1.723e+06, Qg=5.109e+01, SwB=1.574e-01) | k_frac=1.1085 mD, dp=11.74 MPa | Sw=[0.120,0.880] | 355.3s
2026-02-15 16:46:40 - M5Trainer - INFO - [Step  2800/10000] Stage B | L=1.3604e+06 (IC=2.068e+01, BC=1.465e+01, PDE=1.648e+06, Qg=4.962e+01, SwB=1.710e-01) | k_frac=1.1043 mD, dp=11.74 MPa | Sw=[0.120,0.880] | 370.7s
2026-02-15 16:46:54 - M5Trainer - INFO - [Step  2900/10000] Stage B | L=1.5997e+06 (IC=1.611e+01, BC=1.341e+01, PDE=1.719e+06, Qg=4.690e+01, SwB=1.710e-01) | k_frac=1.1023 mD, dp=11.74 MPa | Sw=[0.120,0.880] | 385.6s
2026-02-15 16:47:10 - M5Trainer - INFO -   [Sw监控] SY9: Sw=[0.1200, 0.3099, 0.8798], krg_min=5.073444e-03
2026-02-15 16:47:10 - M5Trainer - INFO - [Step  3000/10000] Stage B | L=1.3431e+06 (IC=1.961e+01, BC=1.371e+01, PDE=1.509e+06, Qg=4.694e+01, SwB=1.679e-01) | k_frac=1.1005 mD, dp=11.74 MPa | Sw=[0.120,0.880] | 400.6s
2026-02-15 16:47:10 - M5Trainer - INFO -   [k_frac诊断] grad=7.4449e-04, k_frac=1.100491 mD
2026-02-15 16:47:25 - M5Trainer - INFO - [Step  3100/10000] Stage B | L=1.4427e+06 (IC=1.839e+01, BC=1.183e+01, PDE=1.512e+06, Qg=5.091e+01, SwB=1.655e-01) | k_frac=1.0956 mD, dp=11.74 MPa | Sw=[0.120,0.880] | 415.8s
2026-02-15 16:47:40 - M5Trainer - INFO - [Step  3200/10000] Stage B | L=1.5768e+06 (IC=2.210e+01, BC=1.583e+01, PDE=1.563e+06, Qg=5.183e+01, SwB=1.655e-01) | k_frac=1.0905 mD, dp=11.74 MPa | Sw=[0.120,0.879] | 431.2s
2026-02-15 16:47:56 - M5Trainer - INFO - [Step  3300/10000] Stage B | L=1.4833e+06 (IC=4.520e+01, BC=3.461e+01, PDE=1.545e+06, Qg=6.821e+01, SwB=1.702e-01) | k_frac=1.0682 mD, dp=11.74 MPa | Sw=[0.120,0.880] | 446.8s
2026-02-15 16:48:11 - M5Trainer - INFO - [Step  3400/10000] Stage B | L=1.7826e+06 (IC=4.250e+01, BC=3.291e+01, PDE=1.644e+06, Qg=6.529e+01, SwB=1.789e-01) | k_frac=1.0573 mD, dp=11.74 MPa | Sw=[0.120,0.880] | 462.0s
2026-02-15 16:48:26 - M5Trainer - INFO -   [Sw监控] SY9: Sw=[0.1200, 0.3107, 0.8799], krg_min=5.061735e-03
2026-02-15 16:48:26 - M5Trainer - INFO - [Step  3500/10000] Stage C | L=1.6839e+06 (IC=2.542e+01, BC=1.613e+01, PDE=1.499e+06, Qg=5.601e+01, SwB=1.733e-01) | k_frac=1.0455 mD, dp=11.74 MPa | Sw=[0.120,0.880] | 477.4s
2026-02-15 16:48:26 - M5Trainer - INFO -   [k_frac诊断] grad=6.1488e-04, k_frac=1.045527 mD
2026-02-15 16:48:42 - M5Trainer - INFO - [Step  3600/10000] Stage C | L=1.7660e+06 (IC=1.895e+01, BC=1.066e+01, PDE=1.409e+06, Qg=5.047e+01, SwB=1.680e-01) | k_frac=1.0314 mD, dp=11.74 MPa | Sw=[0.120,0.880] | 493.4s
2026-02-15 16:48:58 - M5Trainer - INFO - [Step  3700/10000] Stage C | L=1.9794e+06 (IC=2.017e+01, BC=1.143e+01, PDE=1.422e+06, Qg=4.848e+01, SwB=1.712e-01) | k_frac=1.0241 mD, dp=11.74 MPa | Sw=[0.120,0.880] | 509.2s
2026-02-15 16:49:14 - M5Trainer - INFO - [Step  3800/10000] Stage C | L=2.4959e+06 (IC=2.821e+01, BC=1.952e+01, PDE=1.583e+06, Qg=5.110e+01, SwB=1.744e-01) | k_frac=1.0102 mD, dp=11.74 MPa | Sw=[0.120,0.880] | 524.7s
2026-02-15 16:49:29 - M5Trainer - INFO - [Step  3900/10000] Stage C | L=2.8869e+06 (IC=2.157e+01, BC=1.272e+01, PDE=1.604e+06, Qg=4.582e+01, SwB=1.713e-01) | k_frac=1.0017 mD, dp=11.74 MPa | Sw=[0.120,0.880] | 540.2s
2026-02-15 16:49:45 - M5Trainer - INFO -   [Sw监控] SY9: Sw=[0.1200, 0.3068, 0.8798], krg_min=5.069044e-03
2026-02-15 16:49:45 - M5Trainer - INFO - [Step  4000/10000] Stage C | L=3.2554e+06 (IC=1.452e+01, BC=1.103e+01, PDE=1.609e+06, Qg=3.165e+01, SwB=1.484e-01) | k_frac=0.9623 mD, dp=11.73 MPa | Sw=[0.120,0.880] | 556.2s
2026-02-15 16:49:45 - M5Trainer - INFO -   [k_frac诊断] grad=2.4851e-03, k_frac=0.962297 mD
2026-02-15 16:50:01 - M5Trainer - INFO - [Step  4100/10000] Stage C | L=2.5415e+06 (IC=4.445e+01, BC=4.745e+01, PDE=1.423e+06, Qg=3.334e+01, SwB=1.960e-01) | k_frac=0.9092 mD, dp=11.73 MPa | Sw=[0.120,0.880] | 571.9s
2026-02-15 16:50:16 - M5Trainer - INFO - [Step  4200/10000] Stage C | L=2.5058e+06 (IC=7.704e+01, BC=7.323e+01, PDE=1.387e+06, Qg=4.986e+01, SwB=2.069e-01) | k_frac=0.8878 mD, dp=11.73 MPa | Sw=[0.120,0.880] | 587.6s
2026-02-15 16:50:32 - M5Trainer - INFO - [Step  4300/10000] Stage C | L=2.4923e+06 (IC=6.452e+01, BC=6.134e+01, PDE=1.321e+06, Qg=4.458e+01, SwB=2.163e-01) | k_frac=0.8492 mD, dp=11.73 MPa | Sw=[0.120,0.880] | 603.3s
2026-02-15 16:50:48 - M5Trainer - INFO - [Step  4400/10000] Stage C | L=3.3535e+06 (IC=7.703e+01, BC=7.057e+01, PDE=1.515e+06, Qg=4.356e+01, SwB=2.092e-01) | k_frac=0.8324 mD, dp=11.73 MPa | Sw=[0.120,0.880] | 619.0s
2026-02-15 16:51:04 - M5Trainer - INFO -   [Sw监控] SY9: Sw=[0.1200, 0.3105, 0.8799], krg_min=5.063953e-03
2026-02-15 16:51:04 - M5Trainer - INFO - [Step  4500/10000] Stage C | L=3.1296e+06 (IC=8.420e+01, BC=7.793e+01, PDE=1.361e+06, Qg=4.200e+01, SwB=2.128e-01) | k_frac=0.8180 mD, dp=11.73 MPa | Sw=[0.120,0.880] | 635.0s
2026-02-15 16:51:04 - M5Trainer - INFO -   [k_frac诊断] grad=2.9532e-04, k_frac=0.818037 mD
2026-02-15 16:51:22 - M5Trainer - INFO - [Step  4600/10000] Stage C | L=3.2517e+06 (IC=8.192e+01, BC=7.055e+01, PDE=1.335e+06, Qg=4.121e+01, SwB=2.058e-01) | k_frac=0.8108 mD, dp=11.73 MPa | Sw=[0.120,0.880] | 653.2s
2026-02-15 16:51:39 - M5Trainer - INFO - [Step  4700/10000] Stage C | L=3.3414e+06 (IC=8.047e+01, BC=7.217e+01, PDE=1.312e+06, Qg=4.046e+01, SwB=2.086e-01) | k_frac=0.8039 mD, dp=11.73 MPa | Sw=[0.120,0.880] | 670.0s
2026-02-15 16:51:55 - M5Trainer - INFO - [Step  4800/10000] Stage C | L=3.9243e+06 (IC=7.891e+01, BC=6.869e+01, PDE=1.397e+06, Qg=3.974e+01, SwB=2.023e-01) | k_frac=0.7970 mD, dp=11.73 MPa | Sw=[0.120,0.880] | 686.5s
2026-02-15 16:52:12 - M5Trainer - INFO - [Step  4900/10000] Stage C | L=3.4815e+06 (IC=7.344e+01, BC=6.956e+01, PDE=1.266e+06, Qg=3.819e+01, SwB=2.126e-01) | k_frac=0.7824 mD, dp=11.73 MPa | Sw=[0.120,0.880] | 702.8s
2026-02-15 16:52:28 - M5Trainer - INFO -   [Sw监控] SY9: Sw=[0.1200, 0.3098, 0.8799], krg_min=5.063913e-03
2026-02-15 16:52:28 - M5Trainer - INFO - [Step  5000/10000] Stage C | L=4.4774e+06 (IC=7.460e+01, BC=7.128e+01, PDE=1.448e+06, Qg=3.729e+01, SwB=2.058e-01) | k_frac=0.7737 mD, dp=11.73 MPa | Sw=[0.120,0.880] | 719.3s
2026-02-15 16:52:28 - M5Trainer - INFO -   [k_frac诊断] grad=1.9478e-04, k_frac=0.773693 mD
2026-02-15 16:52:45 - M5Trainer - INFO - [Step  5100/10000] Stage C | L=4.1640e+06 (IC=7.677e+01, BC=6.793e+01, PDE=1.363e+06, Qg=3.657e+01, SwB=2.127e-01) | k_frac=0.7668 mD, dp=11.72 MPa | Sw=[0.120,0.880] | 736.0s
2026-02-15 16:53:00 - M5Trainer - INFO - [Step  5200/10000] Stage C | L=3.6327e+06 (IC=7.362e+01, BC=7.029e+01, PDE=1.229e+06, Qg=3.589e+01, SwB=2.081e-01) | k_frac=0.7599 mD, dp=11.72 MPa | Sw=[0.120,0.880] | 751.5s
2026-02-15 16:53:16 - M5Trainer - INFO - [Step  5300/10000] Stage C | L=4.1404e+06 (IC=7.451e+01, BC=6.876e+01, PDE=1.302e+06, Qg=3.514e+01, SwB=1.979e-01) | k_frac=0.7524 mD, dp=11.72 MPa | Sw=[0.120,0.880] | 767.5s
2026-02-15 16:53:33 - M5Trainer - INFO - [Step  5400/10000] Stage C | L=4.0406e+06 (IC=7.520e+01, BC=7.083e+01, PDE=1.250e+06, Qg=3.436e+01, SwB=2.060e-01) | k_frac=0.7446 mD, dp=11.72 MPa | Sw=[0.120,0.880] | 784.0s
2026-02-15 16:53:50 - M5Trainer - INFO -   [Sw监控] SY9: Sw=[0.1200, 0.3103, 0.8799], krg_min=5.061155e-03
2026-02-15 16:53:50 - M5Trainer - INFO - [Step  5500/10000] Stage C | L=4.4421e+06 (IC=7.524e+01, BC=7.024e+01, PDE=1.301e+06, Qg=3.393e+01, SwB=2.095e-01) | k_frac=0.7402 mD, dp=11.72 MPa | Sw=[0.120,0.880] | 801.0s
2026-02-15 16:53:50 - M5Trainer - INFO -   [k_frac诊断] grad=6.2756e-05, k_frac=0.740224 mD
2026-02-15 16:54:07 - M5Trainer - INFO - [Step  5600/10000] Stage C | L=4.9448e+06 (IC=7.620e+01, BC=6.930e+01, PDE=1.365e+06, Qg=3.347e+01, SwB=2.062e-01) | k_frac=0.7355 mD, dp=11.72 MPa | Sw=[0.120,0.880] | 818.5s
2026-02-15 16:54:24 - M5Trainer - INFO - [Step  5700/10000] Stage C | L=4.2397e+06 (IC=7.484e+01, BC=7.052e+01, PDE=1.191e+06, Qg=3.284e+01, SwB=2.007e-01) | k_frac=0.7290 mD, dp=11.72 MPa | Sw=[0.120,0.880] | 835.3s
2026-02-15 16:54:41 - M5Trainer - INFO - [Step  5800/10000] Stage C | L=4.9210e+06 (IC=7.602e+01, BC=6.844e+01, PDE=1.268e+06, Qg=3.236e+01, SwB=1.954e-01) | k_frac=0.7239 mD, dp=11.72 MPa | Sw=[0.120,0.880] | 852.2s
2026-02-15 16:54:58 - M5Trainer - INFO - [Step  5900/10000] Stage C | L=5.4578e+06 (IC=7.399e+01, BC=6.893e+01, PDE=1.329e+06, Qg=3.190e+01, SwB=1.978e-01) | k_frac=0.7191 mD, dp=11.72 MPa | Sw=[0.120,0.880] | 868.9s
2026-02-15 16:55:15 - M5Trainer - INFO -   [Sw监控] SY9: Sw=[0.1200, 0.3095, 0.8799], krg_min=5.057442e-03
2026-02-15 16:55:15 - M5Trainer - INFO - [Step  6000/10000] Stage C | L=5.6107e+06 (IC=7.549e+01, BC=6.995e+01, PDE=1.300e+06, Qg=3.148e+01, SwB=2.056e-01) | k_frac=0.7146 mD, dp=11.72 MPa | Sw=[0.120,0.880] | 885.8s
2026-02-15 16:55:15 - M5Trainer - INFO -   [k_frac诊断] grad=8.1593e-04, k_frac=0.714639 mD
2026-02-15 16:55:32 - M5Trainer - INFO - [Step  6100/10000] Stage C | L=4.6794e+06 (IC=7.498e+01, BC=6.428e+01, PDE=1.169e+06, Qg=3.037e+01, SwB=2.063e-01) | k_frac=0.7028 mD, dp=11.72 MPa | Sw=[0.120,0.880] | 903.1s
2026-02-15 16:55:49 - M5Trainer - INFO - [Step  6200/10000] Stage C | L=5.7731e+06 (IC=7.531e+01, BC=6.811e+01, PDE=1.279e+06, Qg=2.981e+01, SwB=2.079e-01) | k_frac=0.6967 mD, dp=11.72 MPa | Sw=[0.120,0.880] | 920.5s
2026-02-15 16:56:07 - M5Trainer - INFO - [Step  6300/10000] Stage C | L=5.2035e+06 (IC=7.461e+01, BC=6.439e+01, PDE=1.180e+06, Qg=2.937e+01, SwB=1.987e-01) | k_frac=0.6920 mD, dp=11.72 MPa | Sw=[0.120,0.880] | 938.3s
2026-02-15 16:56:25 - M5Trainer - INFO - [Step  6400/10000] Stage C | L=5.2599e+06 (IC=7.752e+01, BC=6.982e+01, PDE=1.193e+06, Qg=2.897e+01, SwB=2.073e-01) | k_frac=0.6875 mD, dp=11.72 MPa | Sw=[0.120,0.880] | 955.8s
2026-02-15 16:56:42 - M5Trainer - INFO -   [Sw监控] SY9: Sw=[0.1200, 0.3097, 0.8798], krg_min=5.080863e-03
2026-02-15 16:56:42 - M5Trainer - INFO - [Step  6500/10000] Stage C | L=5.7130e+06 (IC=7.744e+01, BC=6.883e+01, PDE=1.219e+06, Qg=2.868e+01, SwB=2.016e-01) | k_frac=0.6844 mD, dp=11.72 MPa | Sw=[0.120,0.880] | 973.4s
2026-02-15 16:56:42 - M5Trainer - INFO -   [k_frac诊断] grad=9.9092e-05, k_frac=0.684353 mD
2026-02-15 16:57:00 - M5Trainer - INFO - [Step  6600/10000] Stage C | L=6.6969e+06 (IC=7.607e+01, BC=6.806e+01, PDE=1.301e+06, Qg=2.835e+01, SwB=1.891e-01) | k_frac=0.6807 mD, dp=11.72 MPa | Sw=[0.120,0.880] | 991.3s
2026-02-15 16:57:17 - M5Trainer - INFO - [Step  6700/10000] Stage C | L=6.3061e+06 (IC=7.723e+01, BC=6.673e+01, PDE=1.237e+06, Qg=2.808e+01, SwB=1.927e-01) | k_frac=0.6776 mD, dp=11.72 MPa | Sw=[0.120,0.880] | 1008.3s
2026-02-15 16:57:34 - M5Trainer - INFO - [Step  6800/10000] Stage C | L=6.1638e+06 (IC=7.316e+01, BC=6.383e+01, PDE=1.213e+06, Qg=2.767e+01, SwB=1.873e-01) | k_frac=0.6730 mD, dp=11.72 MPa | Sw=[0.120,0.880] | 1025.3s
2026-02-15 16:57:52 - M5Trainer - INFO - [Step  6900/10000] Stage C | L=5.4653e+06 (IC=7.315e+01, BC=6.515e+01, PDE=1.107e+06, Qg=2.730e+01, SwB=1.909e-01) | k_frac=0.6687 mD, dp=11.72 MPa | Sw=[0.120,0.880] | 1042.9s
2026-02-15 16:58:10 - M5Trainer - INFO -   [Sw监控] SY9: Sw=[0.1200, 0.3098, 0.8797], krg_min=5.092829e-03
2026-02-15 16:58:10 - M5Trainer - INFO - [Step  7000/10000] Stage D | L=5.7773e+06 (IC=7.338e+01, BC=6.709e+01, PDE=1.117e+06, Qg=2.698e+01, SwB=1.853e-01) | k_frac=0.6650 mD, dp=11.72 MPa | Sw=[0.120,0.880] | 1060.7s
2026-02-15 16:58:10 - M5Trainer - INFO -   [k_frac诊断] grad=1.3320e-04, k_frac=0.665014 mD
2026-02-15 16:58:28 - M5Trainer - INFO - [Step  7100/10000] Stage D | L=7.9446e+06 (IC=7.494e+01, BC=6.143e+01, PDE=1.302e+06, Qg=2.673e+01, SwB=1.807e-01) | k_frac=0.6623 mD, dp=11.72 MPa | Sw=[0.120,0.880] | 1079.0s
2026-02-15 16:58:47 - M5Trainer - INFO - [Step  7200/10000] Stage D | L=5.9142e+06 (IC=7.344e+01, BC=6.901e+01, PDE=1.158e+06, Qg=2.635e+01, SwB=1.913e-01) | k_frac=0.6579 mD, dp=11.72 MPa | Sw=[0.120,0.880] | 1098.0s
2026-02-15 16:59:06 - M5Trainer - INFO - [Step  7300/10000] Stage D | L=6.3922e+06 (IC=7.470e+01, BC=6.438e+01, PDE=1.159e+06, Qg=2.584e+01, SwB=1.985e-01) | k_frac=0.6522 mD, dp=11.72 MPa | Sw=[0.120,0.880] | 1117.2s
2026-02-15 16:59:24 - M5Trainer - INFO - [Step  7400/10000] Stage D | L=6.4026e+06 (IC=7.160e+01, BC=6.396e+01, PDE=1.154e+06, Qg=2.574e+01, SwB=1.999e-01) | k_frac=0.6510 mD, dp=11.72 MPa | Sw=[0.120,0.880] | 1135.2s
2026-02-15 16:59:42 - M5Trainer - INFO -   [Sw监控] SY9: Sw=[0.1200, 0.3032, 0.8796], krg_min=5.103113e-03
2026-02-15 16:59:42 - M5Trainer - INFO - [Step  7500/10000] Stage D | L=5.7941e+06 (IC=7.128e+01, BC=6.378e+01, PDE=1.089e+06, Qg=2.566e+01, SwB=1.993e-01) | k_frac=0.6500 mD, dp=11.72 MPa | Sw=[0.120,0.880] | 1152.8s
2026-02-15 16:59:42 - M5Trainer - INFO -   [k_frac诊断] grad=2.5098e-04, k_frac=0.650036 mD
2026-02-15 17:00:00 - M5Trainer - INFO - [Step  7600/10000] Stage D | L=5.8583e+06 (IC=7.307e+01, BC=6.147e+01, PDE=1.095e+06, Qg=2.559e+01, SwB=1.974e-01) | k_frac=0.6493 mD, dp=11.72 MPa | Sw=[0.120,0.880] | 1170.9s
2026-02-15 17:00:18 - M5Trainer - INFO - [Step  7700/10000] Stage D | L=5.3663e+06 (IC=7.073e+01, BC=6.412e+01, PDE=1.041e+06, Qg=2.553e+01, SwB=2.008e-01) | k_frac=0.6486 mD, dp=11.72 MPa | Sw=[0.120,0.880] | 1188.9s
2026-02-15 17:00:36 - M5Trainer - INFO - [Step  7800/10000] Stage D | L=6.7005e+06 (IC=7.255e+01, BC=6.424e+01, PDE=1.205e+06, Qg=2.541e+01, SwB=1.977e-01) | k_frac=0.6472 mD, dp=11.72 MPa | Sw=[0.120,0.880] | 1206.8s
2026-02-15 17:00:54 - M5Trainer - INFO - [Step  7900/10000] Stage D | L=5.0396e+06 (IC=7.341e+01, BC=6.650e+01, PDE=1.024e+06, Qg=2.531e+01, SwB=1.965e-01) | k_frac=0.6459 mD, dp=11.72 MPa | Sw=[0.120,0.880] | 1224.8s
2026-02-15 17:01:12 - M5Trainer - INFO -   [Sw监控] SY9: Sw=[0.1200, 0.3032, 0.8796], krg_min=5.109408e-03
2026-02-15 17:01:12 - M5Trainer - INFO - [Step  8000/10000] Stage D | L=4.7589e+06 (IC=7.446e+01, BC=6.976e+01, PDE=9.924e+05, Qg=2.520e+01, SwB=1.967e-01) | k_frac=0.6446 mD, dp=11.72 MPa | Sw=[0.120,0.880] | 1242.9s
2026-02-15 17:01:12 - M5Trainer - INFO -   [k_frac诊断] grad=1.1257e-03, k_frac=0.644561 mD
2026-02-15 17:01:30 - M5Trainer - INFO - [Step  8100/10000] Stage D | L=5.0799e+06 (IC=7.752e+01, BC=6.763e+01, PDE=1.026e+06, Qg=2.504e+01, SwB=1.924e-01) | k_frac=0.6426 mD, dp=11.72 MPa | Sw=[0.120,0.880] | 1261.4s
2026-02-15 17:01:49 - M5Trainer - INFO - [Step  8200/10000] Stage D | L=5.5019e+06 (IC=7.680e+01, BC=6.733e+01, PDE=1.073e+06, Qg=2.486e+01, SwB=1.954e-01) | k_frac=0.6405 mD, dp=11.72 MPa | Sw=[0.120,0.880] | 1279.8s
2026-02-15 17:02:07 - M5Trainer - INFO - [Step  8300/10000] Stage D | L=5.3372e+06 (IC=7.839e+01, BC=6.862e+01, PDE=1.055e+06, Qg=2.468e+01, SwB=1.942e-01) | k_frac=0.6383 mD, dp=11.72 MPa | Sw=[0.120,0.880] | 1298.3s
2026-02-15 17:02:26 - M5Trainer - INFO - [Step  8400/10000] Stage D | L=5.3943e+06 (IC=7.604e+01, BC=6.864e+01, PDE=1.060e+06, Qg=2.454e+01, SwB=1.955e-01) | k_frac=0.6366 mD, dp=11.72 MPa | Sw=[0.120,0.880] | 1316.9s
2026-02-15 17:02:44 - M5Trainer - INFO -   [Sw监控] SY9: Sw=[0.1200, 0.3033, 0.8796], krg_min=5.114818e-03
2026-02-15 17:02:44 - M5Trainer - INFO - [Step  8500/10000] Stage D | L=5.2839e+06 (IC=7.737e+01, BC=7.001e+01, PDE=1.046e+06, Qg=2.441e+01, SwB=1.903e-01) | k_frac=0.6351 mD, dp=11.72 MPa | Sw=[0.120,0.880] | 1335.0s
2026-02-15 17:02:44 - M5Trainer - INFO -   [k_frac诊断] grad=5.8639e-05, k_frac=0.635051 mD
2026-02-15 17:03:03 - M5Trainer - INFO - [Step  8600/10000] Stage D | L=4.7795e+06 (IC=7.675e+01, BC=6.862e+01, PDE=9.839e+05, Qg=2.432e+01, SwB=1.959e-01) | k_frac=0.6339 mD, dp=11.72 MPa | Sw=[0.120,0.880] | 1354.2s
2026-02-15 17:03:22 - M5Trainer - INFO - [Step  8700/10000] Stage D | L=4.2694e+06 (IC=7.795e+01, BC=6.944e+01, PDE=9.199e+05, Qg=2.413e+01, SwB=1.888e-01) | k_frac=0.6317 mD, dp=11.72 MPa | Sw=[0.120,0.880] | 1373.0s
2026-02-15 17:03:42 - M5Trainer - INFO - [Step  8800/10000] Stage D | L=4.5777e+06 (IC=7.748e+01, BC=7.048e+01, PDE=9.580e+05, Qg=2.400e+01, SwB=1.873e-01) | k_frac=0.6300 mD, dp=11.72 MPa | Sw=[0.120,0.880] | 1392.6s
2026-02-15 17:04:01 - M5Trainer - INFO - [Step  8900/10000] Stage D | L=5.3390e+06 (IC=7.849e+01, BC=7.241e+01, PDE=1.042e+06, Qg=2.385e+01, SwB=1.862e-01) | k_frac=0.6282 mD, dp=11.72 MPa | Sw=[0.120,0.879] | 1412.3s
2026-02-15 17:04:21 - M5Trainer - INFO -   [Sw监控] SY9: Sw=[0.1200, 0.3034, 0.8795], krg_min=5.122115e-03
2026-02-15 17:04:21 - M5Trainer - INFO - [Step  9000/10000] Stage D | L=4.6292e+06 (IC=7.543e+01, BC=7.177e+01, PDE=9.810e+05, Qg=2.373e+01, SwB=1.813e-01) | k_frac=0.6268 mD, dp=11.72 MPa | Sw=[0.120,0.880] | 1431.8s
2026-02-15 17:04:21 - M5Trainer - INFO -   [k_frac诊断] grad=9.1151e-05, k_frac=0.626765 mD
2026-02-15 17:04:41 - M5Trainer - INFO - [Step  9100/10000] Stage D | L=4.8666e+06 (IC=7.592e+01, BC=7.080e+01, PDE=1.006e+06, Qg=2.366e+01, SwB=1.791e-01) | k_frac=0.6259 mD, dp=11.72 MPa | Sw=[0.120,0.880] | 1451.9s
2026-02-15 17:04:59 - M5Trainer - INFO - [Step  9200/10000] Stage D | L=4.9301e+06 (IC=7.920e+01, BC=7.146e+01, PDE=1.008e+06, Qg=2.358e+01, SwB=1.841e-01) | k_frac=0.6248 mD, dp=11.72 MPa | Sw=[0.120,0.880] | 1470.6s
2026-02-15 17:05:19 - M5Trainer - INFO - [Step  9300/10000] Stage D | L=4.1777e+06 (IC=7.864e+01, BC=7.119e+01, PDE=9.010e+05, Qg=2.352e+01, SwB=1.822e-01) | k_frac=0.6242 mD, dp=11.72 MPa | Sw=[0.120,0.880] | 1489.8s
2026-02-15 17:05:37 - M5Trainer - INFO - [Step  9400/10000] Stage D | L=4.1090e+06 (IC=7.879e+01, BC=7.283e+01, PDE=9.052e+05, Qg=2.347e+01, SwB=1.822e-01) | k_frac=0.6236 mD, dp=11.72 MPa | Sw=[0.120,0.879] | 1508.0s
2026-02-15 17:05:55 - M5Trainer - INFO -   [Sw监控] SY9: Sw=[0.1200, 0.3034, 0.8795], krg_min=5.124060e-03
2026-02-15 17:05:55 - M5Trainer - INFO - [Step  9500/10000] Stage D | L=4.7451e+06 (IC=7.991e+01, BC=7.051e+01, PDE=9.794e+05, Qg=2.344e+01, SwB=1.796e-01) | k_frac=0.6232 mD, dp=11.72 MPa | Sw=[0.120,0.879] | 1525.7s
2026-02-15 17:05:55 - M5Trainer - INFO -   [k_frac诊断] grad=2.0821e-04, k_frac=0.623159 mD
2026-02-15 17:06:13 - M5Trainer - INFO - [Step  9600/10000] Stage D | L=4.0320e+06 (IC=7.984e+01, BC=7.016e+01, PDE=8.882e+05, Qg=2.340e+01, SwB=1.801e-01) | k_frac=0.6227 mD, dp=11.72 MPa | Sw=[0.120,0.880] | 1543.7s
2026-02-15 17:06:31 - M5Trainer - INFO - [Step  9700/10000] Stage D | L=4.5919e+06 (IC=7.933e+01, BC=7.263e+01, PDE=9.547e+05, Qg=2.338e+01, SwB=1.775e-01) | k_frac=0.6224 mD, dp=11.72 MPa | Sw=[0.120,0.880] | 1561.7s
2026-02-15 17:06:49 - M5Trainer - INFO - [Step  9800/10000] Stage D | L=5.0010e+06 (IC=7.784e+01, BC=7.203e+01, PDE=9.987e+05, Qg=2.336e+01, SwB=1.788e-01) | k_frac=0.6222 mD, dp=11.72 MPa | Sw=[0.120,0.879] | 1579.7s
2026-02-15 17:07:07 - M5Trainer - INFO - [Step  9900/10000] Stage D | L=4.2514e+06 (IC=7.672e+01, BC=7.081e+01, PDE=9.076e+05, Qg=2.335e+01, SwB=1.796e-01) | k_frac=0.6221 mD, dp=11.72 MPa | Sw=[0.120,0.879] | 1598.2s
2026-02-15 17:07:25 - M5Trainer - INFO - [Step  9999/10000] Stage D | L=4.7523e+06 (IC=7.939e+01, BC=7.268e+01, PDE=9.647e+05, Qg=2.334e+01, SwB=1.839e-01) | k_frac=0.6220 mD, dp=11.72 MPa | Sw=[0.120,0.880] | 1616.1s
2026-02-15 17:07:25 - M5Trainer - INFO - 
M5 训练完成! 耗时: 1616.1s, 最佳损失: 1.9587e+04
2026-02-15 17:07:25 - M5Trainer - INFO - 配置快照已保存: C:\Users\16281\Desktop\cpedc_project\outputs\mk_pinn_dt_v2\resolved_config_m5.json
2026-02-15 17:07:25 - M5Trainer - INFO - 反演参数审计: C:\Users\16281\Desktop\cpedc_project\outputs\mk_pinn_dt_v2\reports\M5_inversion_params.json
2026-02-15 17:07:25 - M5Trainer - INFO - 已加载 M5 检查点: C:\Users\16281\Desktop\cpedc_project\outputs\mk_pinn_dt_v2\ckpt\m5_pinn_best.pt
2026-02-15 17:07:26 - M5Trainer - INFO - qg 对比图已保存: C:\Users\16281\Desktop\cpedc_project\outputs\mk_pinn_dt_v2\figs\M5_qg_comparison_SY9.png
2026-02-15 17:07:26 - M5Trainer - INFO - p_wf 反演图已保存: C:\Users\16281\Desktop\cpedc_project\outputs\mk_pinn_dt_v2\figs\M5_pwf_inversion_SY9.png
2026-02-15 17:07:27 - M5Trainer - INFO - 训练曲线图已保存: C:\Users\16281\Desktop\cpedc_project\outputs\mk_pinn_dt_v2\figs\M5_training_history.png
2026-02-15 17:07:27 - M5Trainer - INFO - 残差热力图已保存: C:\Users\16281\Desktop\cpedc_project\outputs\mk_pinn_dt_v2\figs\M5_pde_residual_map.png
2026-02-15 17:07:28 - M5Trainer - INFO - M6 连通性分析完成
2026-02-15 17:07:29 - M5Trainer - INFO - M7 水侵预警分析完成
2026-02-15 17:07:29 - M5Trainer - INFO - M5 验收报告已保存: C:\Users\16281\Desktop\cpedc_project\outputs\mk_pinn_dt_v2\reports\M5_validation_report.md
