2026-02-21 17:47:34 - M5Trainer - INFO -   torch.compile 已跳过 (Triton 不支持 Windows, 使用 eager 模式)
2026-02-21 17:47:34 - M5Trainer - INFO - k_frac 独立参数组: lr=2.00e-03 (factor=2.0)
2026-02-21 17:47:35 - M5Trainer - INFO - k_net 学习率: 1.00e-04 (factor=0.1, warmup=2000 steps)
2026-02-21 17:47:35 - M5Trainer - INFO -   井 SY9: 1332 条同化数据 (train=799, val=266, test=267)
    开井点数 (q>1): train=745, val=88, test=121
    有效压力点: val_p=109, test_p=121
2026-02-21 17:47:35 - M5Trainer - INFO -   train time window(norm): [0.0000, 0.5995]
2026-02-21 17:47:35 - M5Trainer - INFO -   well_h[SY9] = 48.4 m (有效储厚)
2026-02-21 17:47:35 - M5Trainer - INFO -   well_h[SY13] = 41.6 m (有效储厚)
2026-02-21 17:47:35 - M5Trainer - INFO -   well_h[SY201] = 37.9 m (有效储厚)
2026-02-21 17:47:35 - M5Trainer - INFO -   well_h[SY101] = 41.7 m (有效储厚)
2026-02-21 17:47:35 - M5Trainer - INFO -   well_h[SY102] = 45.4 m (有效储厚)
2026-02-21 17:47:35 - M5Trainer - INFO -   well_h[SY116] = 39.3 m (有效储厚)
2026-02-21 17:47:35 - M5Trainer - INFO -   well_h[SYX211] = 6.0 m (有效储厚)
2026-02-21 17:47:35 - M5Trainer - INFO -   M3 PVT cg(76.0, 140.32) = 0.009744
2026-02-21 17:47:35 - M5Trainer - INFO -   M3 PVT Bg(76.0, 140.32) = 0.002577
2026-02-21 17:47:35 - M5Trainer - INFO -   PDE 缩放: αx=0.101777, αy=0.254660
2026-02-21 17:47:35 - M5Trainer - INFO - M5Trainer 初始化完成: device=cuda, lr=0.001, max_steps=20000, relobralo=True, rar=True
2026-02-21 17:47:35 - M5Trainer - INFO - ============================================================
2026-02-21 17:47:35 - M5Trainer - INFO - M5 PINN 井—藏耦合同化训练开始
2026-02-21 17:47:35 - M5Trainer - INFO - ============================================================
2026-02-21 17:47:35 - M5Trainer - INFO -   阶段权重已被 config 覆盖 (train.stages 或 training_stages.stage_*.weights)
2026-02-21 17:47:35 - M5Trainer - INFO - 训练阶段: A[0-2000] B[2000-9600] C[9600-15600] D[15600-20000]
2026-02-21 17:47:35 - M5Trainer - INFO -   qg_nearzero 权重: A=3.0, B=6.0->9.0, C=12.0, D=3.0, enable=True
2026-02-21 17:47:35 - M5Trainer - INFO - --- M5 单位/量纲诊断 (train 第 1 步前) ---
2026-02-21 17:47:35 - M5Trainer - INFO -   qg_obs 范围: 0.00e+00 ~ 8.39e+05 m³/d, 均值: 2.97e+05 m³/d
2026-02-21 17:47:35 - M5Trainer - INFO -   qg_pred 范围: 1.52e+05 ~ 1.60e+05
2026-02-21 17:47:35 - M5Trainer - INFO -   p_wf 范围: 7.43e+01 ~ 7.43e+01 MPa
2026-02-21 17:47:35 - M5Trainer - INFO -   p_field @ well: 7.50e+01 MPa
2026-02-21 17:47:35 - M5Trainer - INFO -   k_frac = 4.0000 mD
2026-02-21 17:47:35 - M5Trainer - INFO -   WI_raw = 1.676348e-13 [检查单位]
2026-02-21 17:47:35 - M5Trainer - INFO -   dp_wellbore = 13.30 MPa
2026-02-21 17:47:35 - M5Trainer - INFO -   Bg_ref = 2.576898e-03
2026-02-21 17:47:35 - M5Trainer - INFO -   qg_obs 范围: 0.00e+00 ~ 8.39e+05 m³/d
2026-02-21 17:47:35 - M5Trainer - INFO -   qg_obs 中位数 = 3.07e+05 m³/d
2026-02-21 17:47:35 - M5Trainer - INFO -   ✅ v9: PDE源项已升级为时变 source(x,y,t) = qg_obs(t) * kernel(x,y)
2026-02-21 17:47:35 - M5Trainer - INFO -   ✅ 每个PDE配点使用其时刻对应的真实观测产量（线性插值）
2026-02-21 17:47:35 - M5Trainer - INFO - --- 诊断结束 ---
2026-02-21 17:47:35 - M5Trainer - INFO -   [shape] SY9: qg pred=(1332, 1) vs obs=(1332, 1), p_wf pred=(1332, 1) vs p_obs=(1332, 1)
2026-02-21 17:47:35 - M5Trainer - INFO -   ✅ k_frac_mD.grad = -8.434453e-02 (PDE梯度贯通)
2026-02-21 17:47:35 - M5Trainer - INFO -   ✅ k_net: 18 组参数收到梯度
2026-02-21 17:47:35 - M5Trainer - INFO -   [梯度验收] SY9: qg_obs range=[0.0, 838700.0]
2026-02-21 17:47:35 - M5Trainer - INFO -   [Sw监控] SY9: Sw=[0.2600, 0.2600, 0.2600], krg_min=6.751000e-01
2026-02-21 17:47:35 - M5Trainer - INFO - [Step     0/20000] Stage A | L=4.7693e+02 (IC=1.000e+00, BC=1.000e+00, PDE=1.611e+06, Qg=1.251e+00, Qz=1.987e-02, Sd=3.770e-01, SwB=0.000e+00) | k_frac=4.0001 mD, dp=13.30 MPa | Sw=[0.260,0.260] | 0.6s
2026-02-21 17:47:35 - M5Trainer - INFO -   [k_frac诊断] grad=-8.4345e-02, k_frac=4.000075 mD
2026-02-21 17:47:48 - M5Trainer - INFO - [Step   100/20000] Stage A | L=3.2772e+02 (IC=1.498e-02, BC=4.340e-02, PDE=1.988e+06, Qg=1.160e+00, Qz=2.186e-02, Sd=4.448e-01, SwB=0.000e+00) | k_frac=4.0222 mD, dp=13.30 MPa | Sw=[0.260,0.260] | 13.3s
2026-02-21 17:48:02 - M5Trainer - INFO -   [梯度验收] SY9: qg_obs range=[0.0, 838700.0]
2026-02-21 17:48:02 - M5Trainer - INFO - [Step   200/20000] Stage A | L=1.5754e+02 (IC=3.531e-02, BC=1.310e-02, PDE=1.739e+06, Qg=4.301e-01, Qz=7.008e-02, Sd=1.549e+00, SwB=0.000e+00) | k_frac=4.1217 mD, dp=13.30 MPa | Sw=[0.260,0.306] | 27.6s
2026-02-21 17:48:19 - M5Trainer - INFO - [Step   300/20000] Stage A | L=2.9004e+02 (IC=2.045e-02, BC=1.248e-02, PDE=1.922e+06, Qg=2.964e-01, Qz=1.059e-01, Sd=2.408e+00, SwB=0.000e+00) | k_frac=4.1252 mD, dp=13.30 MPa | Sw=[0.260,0.406] | 44.0s
2026-02-21 17:48:33 - M5Trainer - INFO -   [梯度验收] SY9: qg_obs range=[0.0, 838700.0]
2026-02-21 17:48:33 - M5Trainer - INFO - [Step   400/20000] Stage A | L=2.9740e+02 (IC=2.062e-02, BC=1.722e-02, PDE=1.875e+06, Qg=2.787e-01, Qz=1.130e-01, Sd=2.585e+00, SwB=0.000e+00) | k_frac=4.0953 mD, dp=13.30 MPa | Sw=[0.260,0.403] | 58.3s
2026-02-21 17:48:46 - M5Trainer - INFO -   [Sw监控] SY9: Sw=[0.2600, 0.3043, 0.4576], krg_min=3.389902e-01
2026-02-21 17:48:46 - M5Trainer - INFO - [Step   500/20000] Stage A | L=1.9715e+02 (IC=1.965e-02, BC=2.688e-02, PDE=1.394e+06, Qg=2.678e-01, Qz=3.810e-02, Sd=2.545e+00, SwB=0.000e+00) | k_frac=4.0526 mD, dp=13.30 MPa | Sw=[0.260,0.433] | 71.4s
2026-02-21 17:48:46 - M5Trainer - INFO -   [k_frac诊断] grad=5.5213e-03, k_frac=4.052606 mD
2026-02-21 17:48:59 - M5Trainer - INFO -   [梯度验收] SY9: qg_obs range=[0.0, 838700.0]
2026-02-21 17:48:59 - M5Trainer - INFO - [Step   600/20000] Stage A | L=2.0651e+02 (IC=1.926e-02, BC=1.453e-02, PDE=1.371e+06, Qg=2.641e-01, Qz=2.979e-02, Sd=2.470e+00, SwB=0.000e+00) | k_frac=4.0101 mD, dp=13.30 MPa | Sw=[0.260,0.411] | 84.7s
2026-02-21 17:49:14 - M5Trainer - INFO - [Step   700/20000] Stage A | L=2.5985e+02 (IC=3.239e-02, BC=2.676e-02, PDE=1.609e+06, Qg=2.585e-01, Qz=2.666e-02, Sd=2.274e+00, SwB=0.000e+00) | k_frac=3.9462 mD, dp=13.30 MPa | Sw=[0.260,0.419] | 99.3s
2026-02-21 17:49:29 - M5Trainer - INFO -   [梯度验收] SY9: qg_obs range=[0.0, 838700.0]
2026-02-21 17:49:29 - M5Trainer - INFO - [Step   800/20000] Stage A | L=2.2792e+02 (IC=3.400e-02, BC=3.156e-02, PDE=1.485e+06, Qg=2.495e-01, Qz=2.747e-02, Sd=2.319e+00, SwB=0.000e+00) | k_frac=3.8876 mD, dp=13.30 MPa | Sw=[0.260,0.456] | 114.5s
2026-02-21 17:49:46 - M5Trainer - INFO - [Step   900/20000] Stage A | L=1.8483e+02 (IC=2.452e-02, BC=3.632e-02, PDE=1.283e+06, Qg=2.449e-01, Qz=2.787e-02, Sd=2.477e+00, SwB=0.000e+00) | k_frac=3.8434 mD, dp=13.30 MPa | Sw=[0.260,0.412] | 131.8s
2026-02-21 17:50:02 - M5Trainer - INFO -   [梯度验收] SY9: qg_obs range=[0.0, 838700.0]
2026-02-21 17:50:02 - M5Trainer - INFO -   [Sw监控] SY9: Sw=[0.2600, 0.3548, 0.4577], krg_min=3.388177e-01
2026-02-21 17:50:02 - M5Trainer - INFO -   [best更新] val_score=27.9061 (step 1000)
2026-02-21 17:50:02 - M5Trainer - INFO - [Step  1000/20000] Stage A | L=1.2738e+02 (IC=9.007e-02, BC=1.079e-01, PDE=1.042e+06, Qg=2.269e-01, Qz=3.400e-02, Sd=2.991e+00, SwB=0.000e+00) | k_frac=3.8144 mD, dp=13.30 MPa | Sw=[0.260,0.429] | 147.7s
2026-02-21 17:50:02 - M5Trainer - INFO -   [k_frac诊断] grad=6.2900e-02, k_frac=3.814410 mD
2026-02-21 17:50:18 - M5Trainer - INFO - [Step  1100/20000] Stage A | L=1.6016e+02 (IC=3.902e-02, BC=5.118e-02, PDE=1.178e+06, Qg=2.041e-01, Qz=4.072e-02, Sd=3.763e+00, SwB=0.000e+00) | k_frac=3.8077 mD, dp=13.30 MPa | Sw=[0.260,0.429] | 163.3s
2026-02-21 17:50:34 - M5Trainer - INFO -   [梯度验收] SY9: qg_obs range=[0.0, 838700.0]
2026-02-21 17:50:34 - M5Trainer - INFO - [Step  1200/20000] Stage A | L=1.9600e+02 (IC=4.091e-02, BC=4.891e-02, PDE=1.300e+06, Qg=2.093e-01, Qz=3.482e-02, Sd=3.088e+00, SwB=0.000e+00) | k_frac=3.8205 mD, dp=13.30 MPa | Sw=[0.260,0.457] | 179.1s
2026-02-21 17:50:50 - M5Trainer - INFO - [Step  1300/20000] Stage A | L=1.5549e+02 (IC=4.042e-02, BC=2.739e-02, PDE=1.081e+06, Qg=2.056e-01, Qz=2.602e-02, Sd=2.316e+00, SwB=0.000e+00) | k_frac=3.8391 mD, dp=13.30 MPa | Sw=[0.260,0.456] | 194.9s
2026-02-21 17:51:06 - M5Trainer - INFO -   [梯度验收] SY9: qg_obs range=[0.0, 838700.0]
2026-02-21 17:51:06 - M5Trainer - INFO - [Step  1400/20000] Stage A | L=1.6638e+02 (IC=2.360e-02, BC=2.094e-02, PDE=1.116e+06, Qg=1.941e-01, Qz=2.390e-02, Sd=2.083e+00, SwB=0.000e+00) | k_frac=3.8738 mD, dp=13.30 MPa | Sw=[0.260,0.414] | 210.9s
2026-02-21 17:51:21 - M5Trainer - INFO -   [Sw监控] SY9: Sw=[0.2600, 0.3927, 0.4584], krg_min=3.378364e-01
2026-02-21 17:51:21 - M5Trainer - INFO - [Step  1500/20000] Stage A | L=1.4065e+02 (IC=4.009e-02, BC=4.515e-02, PDE=9.992e+05, Qg=1.976e-01, Qz=2.140e-02, Sd=1.837e+00, SwB=0.000e+00) | k_frac=3.8942 mD, dp=13.30 MPa | Sw=[0.260,0.458] | 226.6s
2026-02-21 17:51:21 - M5Trainer - INFO -   [k_frac诊断] grad=-9.9209e-02, k_frac=3.894208 mD
2026-02-21 17:51:37 - M5Trainer - INFO -   [梯度验收] SY9: qg_obs range=[0.0, 838700.0]
2026-02-21 17:51:37 - M5Trainer - INFO - [Step  1600/20000] Stage A | L=1.4576e+02 (IC=2.328e-02, BC=2.913e-02, PDE=9.922e+05, Qg=2.104e-01, Qz=2.289e-02, Sd=1.954e+00, SwB=0.000e+00) | k_frac=3.9224 mD, dp=13.30 MPa | Sw=[0.260,0.457] | 242.2s
2026-02-21 17:51:51 - M5Trainer - INFO - [Step  1700/20000] Stage A | L=1.4258e+02 (IC=2.464e-02, BC=3.318e-02, PDE=9.602e+05, Qg=1.919e-01, Qz=1.971e-02, Sd=1.672e+00, SwB=0.000e+00) | k_frac=3.9359 mD, dp=13.30 MPa | Sw=[0.260,0.432] | 256.3s
2026-02-21 17:52:04 - M5Trainer - INFO -   [梯度验收] SY9: qg_obs range=[0.0, 838700.0]
2026-02-21 17:52:04 - M5Trainer - INFO - [Step  1800/20000] Stage A | L=1.4963e+02 (IC=7.607e-02, BC=6.552e-02, PDE=1.024e+06, Qg=2.023e-01, Qz=2.171e-02, Sd=1.837e+00, SwB=0.000e+00) | k_frac=3.9558 mD, dp=13.30 MPa | Sw=[0.260,0.455] | 269.7s
2026-02-21 17:52:18 - M5Trainer - INFO - [Step  1900/20000] Stage A | L=1.6951e+02 (IC=3.140e-02, BC=3.200e-02, PDE=1.063e+06, Qg=1.978e-01, Qz=2.028e-02, Sd=1.701e+00, SwB=0.000e+00) | k_frac=3.9616 mD, dp=13.30 MPa | Sw=[0.260,0.454] | 282.9s
2026-02-21 17:52:31 - M5Trainer - INFO -   [Sw监控] SY9: Sw=[0.2600, 0.3908, 0.4588], krg_min=3.372306e-01
2026-02-21 17:52:31 - M5Trainer - INFO -   [best更新] val_score=19.7937 (step 2000)
2026-02-21 17:52:31 - M5Trainer - INFO - [Step  2000/20000] Stage B | L=3.2246e+02 (IC=3.692e-02, BC=3.877e-02, PDE=9.859e+05, Qg=1.957e-01, Qz=2.277e-02, Sd=1.907e+00, SwB=0.000e+00) | k_frac=3.9712 mD, dp=13.30 MPa | Sw=[0.260,0.458] | 296.3s
2026-02-21 17:52:31 - M5Trainer - INFO -   [k_frac诊断] grad=9.0805e-01, k_frac=3.971195 mD
2026-02-21 17:52:45 - M5Trainer - INFO - [Step  2100/20000] Stage B | L=3.1240e+02 (IC=5.988e-02, BC=4.868e-02, PDE=8.644e+05, Qg=1.947e-01, Qz=2.675e-03, Sd=1.687e-01, SwB=0.000e+00) | k_frac=4.0762 mD, dp=13.30 MPa | Sw=[0.260,0.458] | 310.0s
2026-02-21 17:52:58 - M5Trainer - INFO - [Step  2200/20000] Stage B | L=3.3793e+02 (IC=5.359e-02, BC=4.898e-02, PDE=9.047e+05, Qg=1.979e-01, Qz=3.101e-03, Sd=1.859e-01, SwB=0.000e+00) | k_frac=4.1024 mD, dp=13.30 MPa | Sw=[0.260,0.458] | 323.7s
2026-02-21 17:53:12 - M5Trainer - INFO - [Step  2300/20000] Stage B | L=3.5157e+02 (IC=6.823e-02, BC=5.048e-02, PDE=9.471e+05, Qg=1.992e-01, Qz=3.064e-03, Sd=1.956e-01, SwB=0.000e+00) | k_frac=4.1358 mD, dp=13.30 MPa | Sw=[0.260,0.459] | 337.3s
2026-02-21 17:53:26 - M5Trainer - INFO - [Step  2400/20000] Stage B | L=3.2574e+02 (IC=5.241e-02, BC=5.824e-02, PDE=8.897e+05, Qg=1.914e-01, Qz=2.895e-03, Sd=1.627e-01, SwB=0.000e+00) | k_frac=4.1623 mD, dp=13.30 MPa | Sw=[0.260,0.451] | 350.8s
2026-02-21 17:53:39 - M5Trainer - INFO -   [Sw监控] SY9: Sw=[0.2600, 0.3886, 0.4595], krg_min=3.363717e-01
2026-02-21 17:53:39 - M5Trainer - INFO - [Step  2500/20000] Stage B | L=3.1730e+02 (IC=2.268e-02, BC=3.446e-02, PDE=8.247e+05, Qg=2.016e-01, Qz=3.102e-03, Sd=1.734e-01, SwB=0.000e+00) | k_frac=4.1852 mD, dp=13.30 MPa | Sw=[0.260,0.459] | 364.5s
2026-02-21 17:53:39 - M5Trainer - INFO -   [k_frac诊断] grad=9.9596e-01, k_frac=4.185159 mD
2026-02-21 17:53:54 - M5Trainer - INFO - [Step  2600/20000] Stage B | L=2.6357e+02 (IC=1.025e-01, BC=1.200e-01, PDE=8.163e+05, Qg=1.922e-01, Qz=2.820e-03, Sd=1.570e-01, SwB=0.000e+00) | k_frac=4.2046 mD, dp=13.30 MPa | Sw=[0.260,0.459] | 379.5s
2026-02-21 17:54:10 - M5Trainer - INFO - [Step  2700/20000] Stage B | L=2.9381e+02 (IC=5.845e-02, BC=3.600e-02, PDE=8.065e+05, Qg=2.026e-01, Qz=3.031e-03, Sd=1.718e-01, SwB=0.000e+00) | k_frac=4.2333 mD, dp=13.30 MPa | Sw=[0.260,0.459] | 395.5s
2026-02-21 17:54:26 - M5Trainer - INFO - [Step  2800/20000] Stage B | L=3.1338e+02 (IC=2.997e-02, BC=3.855e-02, PDE=8.120e+05, Qg=2.005e-01, Qz=2.751e-03, Sd=1.409e-01, SwB=0.000e+00) | k_frac=4.2320 mD, dp=13.30 MPa | Sw=[0.260,0.441] | 411.6s
2026-02-21 17:54:42 - M5Trainer - INFO - [Step  2900/20000] Stage B | L=2.9703e+02 (IC=1.074e-01, BC=9.198e-02, PDE=8.844e+05, Qg=1.938e-01, Qz=2.652e-03, Sd=1.523e-01, SwB=0.000e+00) | k_frac=4.2446 mD, dp=13.30 MPa | Sw=[0.260,0.451] | 427.4s
2026-02-21 17:54:58 - M5Trainer - INFO -   [Sw监控] SY9: Sw=[0.2600, 0.3894, 0.4593], krg_min=3.365451e-01
2026-02-21 17:54:58 - M5Trainer - INFO - [Step  3000/20000] Stage B | L=2.6278e+02 (IC=6.000e-02, BC=8.309e-02, PDE=7.586e+05, Qg=2.023e-01, Qz=2.587e-03, Sd=1.479e-01, SwB=0.000e+00) | k_frac=4.2423 mD, dp=13.30 MPa | Sw=[0.260,0.459] | 443.2s
2026-02-21 17:54:58 - M5Trainer - INFO -   [k_frac诊断] grad=7.0299e-02, k_frac=4.242335 mD
2026-02-21 17:55:13 - M5Trainer - INFO - [Step  3100/20000] Stage B | L=2.7915e+02 (IC=3.372e-02, BC=3.285e-02, PDE=7.468e+05, Qg=1.858e-01, Qz=2.649e-03, Sd=1.531e-01, SwB=0.000e+00) | k_frac=4.2426 mD, dp=13.30 MPa | Sw=[0.260,0.458] | 458.7s
2026-02-21 17:55:28 - M5Trainer - INFO - [Step  3200/20000] Stage B | L=3.2471e+02 (IC=2.207e-02, BC=3.124e-02, PDE=8.002e+05, Qg=1.960e-01, Qz=2.763e-03, Sd=1.550e-01, SwB=0.000e+00) | k_frac=4.2447 mD, dp=13.30 MPa | Sw=[0.260,0.459] | 473.3s
2026-02-21 17:55:42 - M5Trainer - INFO - [Step  3300/20000] Stage B | L=2.6361e+02 (IC=2.620e-02, BC=3.944e-02, PDE=6.947e+05, Qg=1.899e-01, Qz=2.615e-03, Sd=1.371e-01, SwB=0.000e+00) | k_frac=4.2394 mD, dp=13.30 MPa | Sw=[0.260,0.459] | 487.6s
2026-02-21 17:55:57 - M5Trainer - INFO - [Step  3400/20000] Stage B | L=2.5384e+02 (IC=4.696e-02, BC=4.110e-02, PDE=7.032e+05, Qg=1.875e-01, Qz=2.577e-03, Sd=1.431e-01, SwB=0.000e+00) | k_frac=4.2355 mD, dp=13.30 MPa | Sw=[0.260,0.452] | 502.2s
2026-02-21 17:56:11 - M5Trainer - INFO -   [Sw监控] SY9: Sw=[0.2600, 0.3914, 0.4596], krg_min=3.361485e-01
2026-02-21 17:56:11 - M5Trainer - INFO - [Step  3500/20000] Stage B | L=2.6264e+02 (IC=3.481e-02, BC=3.231e-02, PDE=6.773e+05, Qg=1.902e-01, Qz=2.356e-03, Sd=1.319e-01, SwB=0.000e+00) | k_frac=4.2390 mD, dp=13.30 MPa | Sw=[0.260,0.460] | 516.6s
2026-02-21 17:56:11 - M5Trainer - INFO -   [k_frac诊断] grad=-7.2182e-01, k_frac=4.239043 mD
2026-02-21 17:56:26 - M5Trainer - INFO - [Step  3600/20000] Stage B | L=2.5883e+02 (IC=3.110e-02, BC=2.553e-02, PDE=6.579e+05, Qg=1.938e-01, Qz=2.522e-03, Sd=1.384e-01, SwB=0.000e+00) | k_frac=4.2530 mD, dp=13.30 MPa | Sw=[0.260,0.460] | 531.3s
2026-02-21 17:56:41 - M5Trainer - INFO - [Step  3700/20000] Stage B | L=2.3309e+02 (IC=6.799e-02, BC=9.323e-02, PDE=6.985e+05, Qg=2.061e-01, Qz=2.313e-03, Sd=1.283e-01, SwB=0.000e+00) | k_frac=4.2628 mD, dp=13.30 MPa | Sw=[0.260,0.458] | 546.3s
2026-02-21 17:56:57 - M5Trainer - INFO - [Step  3800/20000] Stage B | L=2.8701e+02 (IC=2.994e-02, BC=3.571e-02, PDE=7.385e+05, Qg=1.873e-01, Qz=2.533e-03, Sd=1.389e-01, SwB=0.000e+00) | k_frac=4.2714 mD, dp=13.30 MPa | Sw=[0.260,0.458] | 562.7s
2026-02-21 17:57:14 - M5Trainer - INFO - [Step  3900/20000] Stage B | L=2.8983e+02 (IC=2.369e-02, BC=2.155e-02, PDE=7.164e+05, Qg=1.900e-01, Qz=2.394e-03, Sd=1.292e-01, SwB=0.000e+00) | k_frac=4.2635 mD, dp=13.30 MPa | Sw=[0.260,0.451] | 579.1s
2026-02-21 17:57:29 - M5Trainer - INFO -   [Sw监控] SY9: Sw=[0.2600, 0.3888, 0.4597], krg_min=3.360286e-01
2026-02-21 17:57:29 - M5Trainer - INFO - [Step  4000/20000] Stage B | L=1.9512e+02 (IC=9.318e-02, BC=1.378e-01, PDE=6.515e+05, Qg=1.893e-01, Qz=2.483e-03, Sd=1.303e-01, SwB=0.000e+00) | k_frac=4.2598 mD, dp=13.30 MPa | Sw=[0.260,0.459] | 594.4s
2026-02-21 17:57:29 - M5Trainer - INFO -   [k_frac诊断] grad=-5.6530e-01, k_frac=4.259831 mD
2026-02-21 17:57:45 - M5Trainer - INFO - [Step  4100/20000] Stage B | L=2.4997e+02 (IC=2.495e-02, BC=2.443e-02, PDE=6.103e+05, Qg=1.932e-01, Qz=2.457e-03, Sd=1.372e-01, SwB=0.000e+00) | k_frac=4.2588 mD, dp=13.30 MPa | Sw=[0.260,0.457] | 610.4s
2026-02-21 17:58:00 - M5Trainer - INFO - [Step  4200/20000] Stage B | L=2.4948e+02 (IC=2.879e-02, BC=4.120e-02, PDE=6.244e+05, Qg=1.960e-01, Qz=2.523e-03, Sd=1.376e-01, SwB=0.000e+00) | k_frac=4.2758 mD, dp=13.30 MPa | Sw=[0.260,0.459] | 625.1s
2026-02-21 17:58:14 - M5Trainer - INFO - [Step  4300/20000] Stage B | L=2.4751e+02 (IC=2.276e-02, BC=2.698e-02, PDE=5.899e+05, Qg=1.979e-01, Qz=2.135e-03, Sd=1.118e-01, SwB=0.000e+00) | k_frac=4.2759 mD, dp=13.30 MPa | Sw=[0.260,0.460] | 639.8s
2026-02-21 17:58:29 - M5Trainer - INFO - [Step  4400/20000] Stage B | L=2.5372e+02 (IC=3.870e-02, BC=4.955e-02, PDE=6.312e+05, Qg=2.205e-01, Qz=2.085e-03, Sd=1.130e-01, SwB=0.000e+00) | k_frac=4.2761 mD, dp=13.30 MPa | Sw=[0.260,0.459] | 654.5s
2026-02-21 17:58:44 - M5Trainer - INFO -   [Sw监控] SY9: Sw=[0.2600, 0.3899, 0.4597], krg_min=3.360608e-01
2026-02-21 17:58:44 - M5Trainer - INFO - [Step  4500/20000] Stage B | L=2.3988e+02 (IC=3.194e-02, BC=2.941e-02, PDE=5.862e+05, Qg=2.005e-01, Qz=2.305e-03, Sd=1.236e-01, SwB=0.000e+00) | k_frac=4.2747 mD, dp=13.30 MPa | Sw=[0.260,0.367] | 669.2s
2026-02-21 17:58:44 - M5Trainer - INFO -   [k_frac诊断] grad=1.4447e+00, k_frac=4.274665 mD
2026-02-21 17:58:59 - M5Trainer - INFO - [Step  4600/20000] Stage B | L=2.4379e+02 (IC=3.422e-02, BC=3.899e-02, PDE=6.133e+05, Qg=1.948e-01, Qz=2.232e-03, Sd=1.138e-01, SwB=0.000e+00) | k_frac=4.2792 mD, dp=13.30 MPa | Sw=[0.260,0.460] | 684.5s
2026-02-21 17:59:14 - M5Trainer - INFO - [Step  4700/20000] Stage B | L=1.9042e+02 (IC=7.875e-02, BC=9.093e-02, PDE=5.671e+05, Qg=1.990e-01, Qz=5.497e-03, Sd=1.006e-01, SwB=0.000e+00) | k_frac=4.2665 mD, dp=13.30 MPa | Sw=[0.260,0.459] | 699.7s
2026-02-21 17:59:30 - M5Trainer - INFO - [Step  4800/20000] Stage B | L=2.3929e+02 (IC=2.517e-02, BC=2.608e-02, PDE=5.728e+05, Qg=1.984e-01, Qz=2.010e-03, Sd=1.085e-01, SwB=0.000e+00) | k_frac=4.2658 mD, dp=13.30 MPa | Sw=[0.260,0.460] | 715.1s
2026-02-21 17:59:45 - M5Trainer - INFO - [Step  4900/20000] Stage B | L=2.3785e+02 (IC=2.308e-02, BC=1.860e-02, PDE=5.526e+05, Qg=1.890e-01, Qz=1.940e-03, Sd=1.033e-01, SwB=0.000e+00) | k_frac=4.2654 mD, dp=13.30 MPa | Sw=[0.260,0.459] | 730.6s
2026-02-21 18:00:01 - M5Trainer - INFO -   [Sw监控] SY9: Sw=[0.2600, 0.3870, 0.4597], krg_min=3.360035e-01
2026-02-21 18:00:01 - M5Trainer - INFO -   [best更新] val_score=14.3080 (step 5000)
2026-02-21 18:00:01 - M5Trainer - INFO - [Step  5000/20000] Stage B | L=2.3234e+02 (IC=3.816e-02, BC=2.812e-02, PDE=5.654e+05, Qg=1.905e-01, Qz=1.827e-03, Sd=9.557e-02, SwB=0.000e+00) | k_frac=4.2636 mD, dp=13.30 MPa | Sw=[0.260,0.435] | 746.4s
2026-02-21 18:00:01 - M5Trainer - INFO -   [k_frac诊断] grad=-1.1093e+00, k_frac=4.263578 mD
2026-02-21 18:00:18 - M5Trainer - INFO - [Step  5100/20000] Stage B | L=2.0511e+02 (IC=5.909e-02, BC=6.595e-02, PDE=5.551e+05, Qg=1.980e-01, Qz=1.863e-03, Sd=9.854e-02, SwB=0.000e+00) | k_frac=4.2623 mD, dp=13.30 MPa | Sw=[0.260,0.460] | 762.9s
2026-02-21 18:00:34 - M5Trainer - INFO - [Step  5200/20000] Stage B | L=2.4740e+02 (IC=1.873e-02, BC=2.504e-02, PDE=5.641e+05, Qg=1.940e-01, Qz=2.022e-03, Sd=1.101e-01, SwB=0.000e+00) | k_frac=4.2618 mD, dp=13.30 MPa | Sw=[0.260,0.457] | 779.7s
2026-02-21 18:00:50 - M5Trainer - INFO - [Step  5300/20000] Stage B | L=2.5940e+02 (IC=2.455e-02, BC=1.714e-02, PDE=5.890e+05, Qg=1.899e-01, Qz=1.926e-03, Sd=1.032e-01, SwB=0.000e+00) | k_frac=4.2610 mD, dp=13.30 MPa | Sw=[0.260,0.460] | 795.3s
2026-02-21 18:01:06 - M5Trainer - INFO - [Step  5400/20000] Stage B | L=1.8960e+02 (IC=7.038e-02, BC=7.907e-02, PDE=5.488e+05, Qg=1.990e-01, Qz=1.963e-03, Sd=1.057e-01, SwB=0.000e+00) | k_frac=4.2584 mD, dp=13.30 MPa | Sw=[0.260,0.459] | 810.9s
2026-02-21 18:01:21 - M5Trainer - INFO -   [Sw监控] SY9: Sw=[0.2600, 0.3856, 0.4597], krg_min=3.360808e-01
2026-02-21 18:01:21 - M5Trainer - INFO - [Step  5500/20000] Stage B | L=2.1412e+02 (IC=2.299e-02, BC=2.128e-02, PDE=5.006e+05, Qg=1.884e-01, Qz=2.097e-03, Sd=1.068e-01, SwB=0.000e+00) | k_frac=4.2550 mD, dp=13.30 MPa | Sw=[0.260,0.457] | 826.4s
2026-02-21 18:01:21 - M5Trainer - INFO -   [k_frac诊断] grad=1.3942e+00, k_frac=4.255041 mD
2026-02-21 18:01:37 - M5Trainer - INFO - [Step  5600/20000] Stage B | L=2.2338e+02 (IC=3.764e-02, BC=4.214e-02, PDE=5.536e+05, Qg=1.891e-01, Qz=1.794e-03, Sd=9.219e-02, SwB=0.000e+00) | k_frac=4.2537 mD, dp=13.30 MPa | Sw=[0.260,0.460] | 842.2s
2026-02-21 18:01:53 - M5Trainer - INFO - [Step  5700/20000] Stage B | L=2.0323e+02 (IC=3.900e-02, BC=4.795e-02, PDE=4.953e+05, Qg=1.996e-01, Qz=1.809e-03, Sd=9.406e-02, SwB=0.000e+00) | k_frac=4.2539 mD, dp=13.30 MPa | Sw=[0.260,0.455] | 858.1s
2026-02-21 18:02:09 - M5Trainer - INFO - [Step  5800/20000] Stage B | L=2.1769e+02 (IC=2.974e-02, BC=2.235e-02, PDE=5.194e+05, Qg=1.845e-01, Qz=1.917e-03, Sd=1.034e-01, SwB=0.000e+00) | k_frac=4.2570 mD, dp=13.30 MPa | Sw=[0.260,0.457] | 873.9s
2026-02-21 18:02:24 - M5Trainer - INFO - [Step  5900/20000] Stage B | L=2.0812e+02 (IC=4.173e-02, BC=4.903e-02, PDE=5.215e+05, Qg=2.026e-01, Qz=1.779e-03, Sd=8.908e-02, SwB=0.000e+00) | k_frac=4.2551 mD, dp=13.30 MPa | Sw=[0.260,0.458] | 889.7s
2026-02-21 18:02:40 - M5Trainer - INFO -   [Sw监控] SY9: Sw=[0.2600, 0.3946, 0.4598], krg_min=3.359304e-01
2026-02-21 18:02:40 - M5Trainer - INFO -   [best更新] val_score=13.9112 (step 6000)
2026-02-21 18:02:40 - M5Trainer - INFO - [Step  6000/20000] Stage B | L=1.8446e+02 (IC=4.400e-02, BC=4.347e-02, PDE=4.758e+05, Qg=1.817e-01, Qz=1.787e-03, Sd=9.166e-02, SwB=0.000e+00) | k_frac=4.2648 mD, dp=13.30 MPa | Sw=[0.260,0.460] | 905.6s
2026-02-21 18:02:40 - M5Trainer - INFO -   [k_frac诊断] grad=-1.5159e-01, k_frac=4.264757 mD
2026-02-21 18:02:56 - M5Trainer - INFO - [Step  6100/20000] Stage B | L=1.8674e+02 (IC=2.750e-02, BC=3.133e-02, PDE=4.604e+05, Qg=1.814e-01, Qz=1.849e-03, Sd=9.336e-02, SwB=0.000e+00) | k_frac=4.2693 mD, dp=13.30 MPa | Sw=[0.260,0.460] | 921.8s
2026-02-21 18:03:13 - M5Trainer - INFO - [Step  6200/20000] Stage B | L=2.0047e+02 (IC=4.717e-02, BC=2.848e-02, PDE=4.907e+05, Qg=1.848e-01, Qz=1.769e-03, Sd=9.100e-02, SwB=0.000e+00) | k_frac=4.2658 mD, dp=13.30 MPa | Sw=[0.260,0.460] | 938.0s
2026-02-21 18:03:29 - M5Trainer - INFO - [Step  6300/20000] Stage B | L=1.9048e+02 (IC=2.900e-02, BC=3.497e-02, PDE=4.780e+05, Qg=1.770e-01, Qz=1.681e-03, Sd=8.452e-02, SwB=0.000e+00) | k_frac=4.2699 mD, dp=13.30 MPa | Sw=[0.260,0.460] | 954.1s
2026-02-21 18:03:45 - M5Trainer - INFO - [Step  6400/20000] Stage B | L=2.1480e+02 (IC=2.088e-02, BC=2.191e-02, PDE=4.791e+05, Qg=1.790e-01, Qz=1.707e-03, Sd=8.790e-02, SwB=0.000e+00) | k_frac=4.2690 mD, dp=13.30 MPa | Sw=[0.260,0.460] | 970.3s
2026-02-21 18:04:01 - M5Trainer - INFO -   [Sw监控] SY9: Sw=[0.2600, 0.3889, 0.4598], krg_min=3.359189e-01
2026-02-21 18:04:01 - M5Trainer - INFO - [Step  6500/20000] Stage B | L=1.8734e+02 (IC=4.645e-02, BC=3.476e-02, PDE=4.559e+05, Qg=1.835e-01, Qz=1.584e-03, Sd=7.879e-02, SwB=0.000e+00) | k_frac=4.2667 mD, dp=13.30 MPa | Sw=[0.260,0.460] | 986.5s
2026-02-21 18:04:01 - M5Trainer - INFO -   [k_frac诊断] grad=-5.3854e-01, k_frac=4.266700 mD
2026-02-21 18:04:18 - M5Trainer - INFO - [Step  6600/20000] Stage B | L=2.1504e+02 (IC=2.031e-02, BC=1.908e-02, PDE=4.691e+05, Qg=1.977e-01, Qz=1.828e-03, Sd=9.389e-02, SwB=0.000e+00) | k_frac=4.2692 mD, dp=13.30 MPa | Sw=[0.260,0.458] | 1003.1s
2026-02-21 18:04:34 - M5Trainer - INFO - [Step  6700/20000] Stage B | L=2.1149e+02 (IC=2.007e-02, BC=1.875e-02, PDE=4.570e+05, Qg=2.119e-01, Qz=1.766e-03, Sd=8.950e-02, SwB=0.000e+00) | k_frac=4.2646 mD, dp=13.30 MPa | Sw=[0.260,0.460] | 1019.7s
2026-02-21 18:04:51 - M5Trainer - INFO - [Step  6800/20000] Stage B | L=2.0173e+02 (IC=2.882e-02, BC=3.037e-02, PDE=4.651e+05, Qg=1.822e-01, Qz=1.706e-03, Sd=8.767e-02, SwB=0.000e+00) | k_frac=4.2593 mD, dp=13.30 MPa | Sw=[0.260,0.459] | 1036.5s
2026-02-21 18:05:08 - M5Trainer - INFO - [Step  6900/20000] Stage B | L=1.9294e+02 (IC=2.126e-02, BC=2.096e-02, PDE=4.302e+05, Qg=1.801e-01, Qz=1.634e-03, Sd=8.315e-02, SwB=0.000e+00) | k_frac=4.2593 mD, dp=13.30 MPa | Sw=[0.260,0.460] | 1053.2s
2026-02-21 18:05:26 - M5Trainer - INFO -   [Sw监控] SY9: Sw=[0.2600, 0.3907, 0.4598], krg_min=3.359043e-01
2026-02-21 18:05:26 - M5Trainer - INFO - [Step  7000/20000] Stage B | L=1.6483e+02 (IC=3.369e-02, BC=4.295e-02, PDE=3.918e+05, Qg=1.896e-01, Qz=1.608e-03, Sd=8.037e-02, SwB=0.000e+00) | k_frac=4.2569 mD, dp=13.30 MPa | Sw=[0.260,0.459] | 1071.8s
2026-02-21 18:05:26 - M5Trainer - INFO -   [k_frac诊断] grad=-1.1199e+00, k_frac=4.256910 mD
2026-02-21 18:05:44 - M5Trainer - INFO - [Step  7100/20000] Stage B | L=1.8309e+02 (IC=3.569e-02, BC=2.853e-02, PDE=4.175e+05, Qg=1.909e-01, Qz=1.679e-03, Sd=8.421e-02, SwB=0.000e+00) | k_frac=4.2565 mD, dp=13.30 MPa | Sw=[0.260,0.460] | 1089.3s
2026-02-21 18:06:02 - M5Trainer - INFO - [Step  7200/20000] Stage B | L=2.0182e+02 (IC=1.804e-02, BC=1.522e-02, PDE=4.151e+05, Qg=1.881e-01, Qz=1.483e-03, Sd=7.325e-02, SwB=0.000e+00) | k_frac=4.2521 mD, dp=13.30 MPa | Sw=[0.260,0.460] | 1107.1s
2026-02-21 18:06:19 - M5Trainer - INFO - [Step  7300/20000] Stage B | L=1.9630e+02 (IC=2.044e-02, BC=1.878e-02, PDE=4.162e+05, Qg=1.901e-01, Qz=1.715e-03, Sd=8.473e-02, SwB=0.000e+00) | k_frac=4.2578 mD, dp=13.30 MPa | Sw=[0.260,0.460] | 1124.3s
2026-02-21 18:06:36 - M5Trainer - INFO - [Step  7400/20000] Stage B | L=2.0160e+02 (IC=2.353e-02, BC=1.853e-02, PDE=4.404e+05, Qg=1.822e-01, Qz=1.555e-03, Sd=7.662e-02, SwB=0.000e+00) | k_frac=4.2557 mD, dp=13.30 MPa | Sw=[0.260,0.459] | 1141.6s
2026-02-21 18:06:54 - M5Trainer - INFO -   [Sw监控] SY9: Sw=[0.2600, 0.3944, 0.4598], krg_min=3.358302e-01
2026-02-21 18:06:54 - M5Trainer - INFO - [Step  7500/20000] Stage B | L=1.8311e+02 (IC=1.554e-02, BC=1.876e-02, PDE=3.901e+05, Qg=1.808e-01, Qz=1.556e-03, Sd=7.812e-02, SwB=0.000e+00) | k_frac=4.2575 mD, dp=13.30 MPa | Sw=[0.260,0.459] | 1158.9s
2026-02-21 18:06:54 - M5Trainer - INFO -   [k_frac诊断] grad=-1.5625e+00, k_frac=4.257533 mD
2026-02-21 18:07:11 - M5Trainer - INFO - [Step  7600/20000] Stage B | L=1.6559e+02 (IC=3.916e-02, BC=2.712e-02, PDE=3.838e+05, Qg=1.833e-01, Qz=1.645e-03, Sd=8.303e-02, SwB=0.000e+00) | k_frac=4.2609 mD, dp=13.30 MPa | Sw=[0.260,0.460] | 1176.5s
2026-02-21 18:07:29 - M5Trainer - INFO - [Step  7700/20000] Stage B | L=1.4543e+02 (IC=4.623e-02, BC=6.265e-02, PDE=3.843e+05, Qg=1.786e-01, Qz=1.502e-03, Sd=7.381e-02, SwB=0.000e+00) | k_frac=4.2579 mD, dp=13.30 MPa | Sw=[0.260,0.460] | 1194.1s
2026-02-21 18:07:47 - M5Trainer - INFO - [Step  7800/20000] Stage B | L=1.8447e+02 (IC=2.248e-02, BC=1.690e-02, PDE=3.828e+05, Qg=1.861e-01, Qz=1.485e-03, Sd=7.282e-02, SwB=0.000e+00) | k_frac=4.2552 mD, dp=13.30 MPa | Sw=[0.260,0.460] | 1212.2s
2026-02-21 18:08:04 - M5Trainer - INFO - [Step  7900/20000] Stage B | L=1.7854e+02 (IC=2.484e-02, BC=1.808e-02, PDE=3.864e+05, Qg=1.817e-01, Qz=1.429e-03, Sd=7.019e-02, SwB=0.000e+00) | k_frac=4.2497 mD, dp=13.30 MPa | Sw=[0.260,0.460] | 1229.8s
2026-02-21 18:08:22 - M5Trainer - INFO -   [Sw监控] SY9: Sw=[0.2600, 0.3937, 0.4599], krg_min=3.358088e-01
2026-02-21 18:08:22 - M5Trainer - INFO - [Step  8000/20000] Stage B | L=1.6707e+02 (IC=2.402e-02, BC=4.104e-02, PDE=3.452e+05, Qg=1.844e-01, Qz=1.471e-03, Sd=7.163e-02, SwB=0.000e+00) | k_frac=4.2463 mD, dp=13.30 MPa | Sw=[0.260,0.460] | 1247.3s
2026-02-21 18:08:22 - M5Trainer - INFO -   [k_frac诊断] grad=-1.0736e+00, k_frac=4.246314 mD
2026-02-21 18:08:40 - M5Trainer - INFO - [Step  8100/20000] Stage B | L=1.5337e+02 (IC=3.840e-02, BC=3.459e-02, PDE=3.510e+05, Qg=1.833e-01, Qz=1.531e-03, Sd=7.380e-02, SwB=0.000e+00) | k_frac=4.2444 mD, dp=13.30 MPa | Sw=[0.260,0.460] | 1265.2s
2026-02-21 18:08:58 - M5Trainer - INFO - [Step  8200/20000] Stage B | L=1.6150e+02 (IC=3.891e-02, BC=2.691e-02, PDE=3.571e+05, Qg=1.882e-01, Qz=1.561e-03, Sd=7.805e-02, SwB=0.000e+00) | k_frac=4.2428 mD, dp=13.30 MPa | Sw=[0.260,0.460] | 1283.8s
2026-02-21 18:09:17 - M5Trainer - INFO - [Step  8300/20000] Stage B | L=1.5351e+02 (IC=3.739e-02, BC=3.692e-02, PDE=3.528e+05, Qg=1.854e-01, Qz=1.459e-03, Sd=7.159e-02, SwB=0.000e+00) | k_frac=4.2412 mD, dp=13.30 MPa | Sw=[0.260,0.460] | 1301.8s
2026-02-21 18:09:35 - M5Trainer - INFO - [Step  8400/20000] Stage B | L=1.7822e+02 (IC=1.132e-02, BC=1.118e-02, PDE=3.464e+05, Qg=1.746e-01, Qz=1.453e-03, Sd=7.112e-02, SwB=0.000e+00) | k_frac=4.2434 mD, dp=13.30 MPa | Sw=[0.260,0.460] | 1320.0s
2026-02-21 18:09:53 - M5Trainer - INFO -   [Sw监控] SY9: Sw=[0.2600, 0.3952, 0.4599], krg_min=3.357776e-01
2026-02-21 18:09:53 - M5Trainer - INFO - [Step  8500/20000] Stage B | L=1.7522e+02 (IC=1.535e-02, BC=8.807e-03, PDE=3.351e+05, Qg=1.755e-01, Qz=1.419e-03, Sd=6.970e-02, SwB=0.000e+00) | k_frac=4.2400 mD, dp=13.30 MPa | Sw=[0.260,0.460] | 1338.7s
2026-02-21 18:09:53 - M5Trainer - INFO -   [k_frac诊断] grad=5.7845e-01, k_frac=4.240023 mD
2026-02-21 18:10:12 - M5Trainer - INFO - [Step  8600/20000] Stage B | L=1.7725e+02 (IC=1.846e-02, BC=2.429e-02, PDE=3.196e+05, Qg=2.058e-01, Qz=1.405e-03, Sd=6.873e-02, SwB=0.000e+00) | k_frac=4.2329 mD, dp=13.30 MPa | Sw=[0.260,0.460] | 1357.7s
2026-02-21 18:10:32 - M5Trainer - INFO - [Step  8700/20000] Stage B | L=1.6462e+02 (IC=2.702e-02, BC=1.280e-02, PDE=3.177e+05, Qg=1.876e-01, Qz=1.432e-03, Sd=6.883e-02, SwB=0.000e+00) | k_frac=4.2286 mD, dp=13.30 MPa | Sw=[0.260,0.460] | 1376.9s
2026-02-21 18:10:51 - M5Trainer - INFO - [Step  8800/20000] Stage B | L=1.5758e+02 (IC=9.011e-03, BC=9.277e-03, PDE=3.119e+05, Qg=1.798e-01, Qz=1.466e-03, Sd=7.096e-02, SwB=0.000e+00) | k_frac=4.2284 mD, dp=13.30 MPa | Sw=[0.260,0.460] | 1396.7s
2026-02-21 18:11:10 - M5Trainer - INFO - [Step  8900/20000] Stage B | L=1.7542e+02 (IC=1.637e-02, BC=1.253e-02, PDE=3.305e+05, Qg=1.860e-01, Qz=1.555e-03, Sd=7.627e-02, SwB=0.000e+00) | k_frac=4.2270 mD, dp=13.30 MPa | Sw=[0.260,0.460] | 1415.1s
2026-02-21 18:11:28 - M5Trainer - INFO -   [Sw监控] SY9: Sw=[0.2600, 0.3945, 0.4599], krg_min=3.357661e-01
2026-02-21 18:11:28 - M5Trainer - INFO - [Step  9000/20000] Stage B | L=1.4346e+02 (IC=2.146e-02, BC=1.490e-02, PDE=3.064e+05, Qg=1.849e-01, Qz=1.481e-03, Sd=7.357e-02, SwB=0.000e+00) | k_frac=4.2259 mD, dp=13.30 MPa | Sw=[0.260,0.459] | 1433.5s
2026-02-21 18:11:28 - M5Trainer - INFO -   [k_frac诊断] grad=1.2077e+00, k_frac=4.225922 mD
2026-02-21 18:11:47 - M5Trainer - INFO - [Step  9100/20000] Stage B | L=1.6804e+02 (IC=1.548e-02, BC=7.479e-03, PDE=3.092e+05, Qg=1.782e-01, Qz=1.476e-03, Sd=7.362e-02, SwB=0.000e+00) | k_frac=4.2248 mD, dp=13.30 MPa | Sw=[0.260,0.460] | 1452.2s
2026-02-21 18:12:06 - M5Trainer - INFO - [Step  9200/20000] Stage B | L=1.7053e+02 (IC=1.419e-02, BC=9.595e-03, PDE=3.110e+05, Qg=1.752e-01, Qz=1.419e-03, Sd=7.093e-02, SwB=0.000e+00) | k_frac=4.2221 mD, dp=13.30 MPa | Sw=[0.260,0.460] | 1470.9s
2026-02-21 18:12:24 - M5Trainer - INFO - [Step  9300/20000] Stage B | L=1.7478e+02 (IC=1.024e-02, BC=6.053e-03, PDE=3.017e+05, Qg=1.820e-01, Qz=1.446e-03, Sd=7.342e-02, SwB=0.000e+00) | k_frac=4.2234 mD, dp=13.30 MPa | Sw=[0.260,0.460] | 1489.6s
2026-02-21 18:12:43 - M5Trainer - INFO - [Step  9400/20000] Stage B | L=1.5561e+02 (IC=1.720e-02, BC=9.646e-03, PDE=2.987e+05, Qg=1.845e-01, Qz=1.362e-03, Sd=6.738e-02, SwB=0.000e+00) | k_frac=4.2183 mD, dp=13.30 MPa | Sw=[0.260,0.460] | 1508.3s
2026-02-21 18:13:02 - M5Trainer - INFO -   [Sw监控] SY9: Sw=[0.2600, 0.3960, 0.4599], krg_min=3.357632e-01
2026-02-21 18:13:02 - M5Trainer - INFO - [Step  9500/20000] Stage B | L=1.7810e+02 (IC=7.831e-03, BC=5.436e-03, PDE=2.898e+05, Qg=1.821e-01, Qz=1.353e-03, Sd=6.508e-02, SwB=0.000e+00) | k_frac=4.2189 mD, dp=13.30 MPa | Sw=[0.260,0.460] | 1527.0s
2026-02-21 18:13:02 - M5Trainer - INFO -   [k_frac诊断] grad=-1.5740e+00, k_frac=4.218903 mD
2026-02-21 18:13:21 - M5Trainer - INFO - [Step  9600/20000] Stage C | L=1.6958e+02 (IC=4.758e-02, BC=4.543e-02, PDE=2.878e+05, Qg=1.829e-01, Qz=1.436e-03, Sd=6.997e-02, SwB=0.000e+00) | k_frac=4.2187 mD, dp=13.30 MPa | Sw=[0.260,0.459] | 1546.0s
2026-02-21 18:13:40 - M5Trainer - INFO - [Step  9700/20000] Stage C | L=2.0480e+02 (IC=3.694e-02, BC=2.026e-02, PDE=3.054e+05, Qg=1.842e-01, Qz=1.765e-03, Sd=9.060e-02, SwB=0.000e+00) | k_frac=4.2220 mD, dp=13.30 MPa | Sw=[0.260,0.460] | 1565.0s
2026-02-21 18:13:59 - M5Trainer - INFO - [Step  9800/20000] Stage C | L=2.1045e+02 (IC=3.181e-02, BC=2.076e-02, PDE=2.953e+05, Qg=1.842e-01, Qz=1.725e-03, Sd=9.054e-02, SwB=0.000e+00) | k_frac=4.2253 mD, dp=13.30 MPa | Sw=[0.260,0.460] | 1583.9s
2026-02-21 18:14:18 - M5Trainer - INFO - [Step  9900/20000] Stage C | L=2.2233e+02 (IC=1.433e-02, BC=1.099e-02, PDE=2.820e+05, Qg=1.745e-01, Qz=1.842e-03, Sd=9.615e-02, SwB=0.000e+00) | k_frac=4.2289 mD, dp=13.30 MPa | Sw=[0.260,0.460] | 1602.9s
2026-02-21 18:14:37 - M5Trainer - INFO -   [Sw监控] SY9: Sw=[0.2600, 0.3917, 0.4599], krg_min=3.357538e-01
2026-02-21 18:14:37 - M5Trainer - INFO - [Step 10000/20000] Stage C | L=2.0605e+02 (IC=2.362e-02, BC=2.099e-02, PDE=2.758e+05, Qg=1.784e-01, Qz=1.845e-03, Sd=9.802e-02, SwB=0.000e+00) | k_frac=4.2365 mD, dp=13.30 MPa | Sw=[0.260,0.460] | 1621.9s
2026-02-21 18:14:37 - M5Trainer - INFO -   [k_frac诊断] grad=1.2842e+00, k_frac=4.236474 mD
2026-02-21 18:14:56 - M5Trainer - INFO - [Step 10100/20000] Stage C | L=1.9185e+02 (IC=3.639e-02, BC=3.964e-02, PDE=2.774e+05, Qg=1.782e-01, Qz=1.884e-03, Sd=1.011e-01, SwB=0.000e+00) | k_frac=4.2397 mD, dp=13.30 MPa | Sw=[0.260,0.460] | 1641.2s
2026-02-21 18:15:15 - M5Trainer - INFO - [Step 10200/20000] Stage C | L=1.9196e+02 (IC=3.497e-02, BC=3.758e-02, PDE=2.859e+05, Qg=1.778e-01, Qz=1.901e-03, Sd=1.007e-01, SwB=0.000e+00) | k_frac=4.2492 mD, dp=13.30 MPa | Sw=[0.260,0.460] | 1660.6s
2026-02-21 18:15:35 - M5Trainer - INFO - [Step 10300/20000] Stage C | L=2.3687e+02 (IC=1.540e-02, BC=1.152e-02, PDE=2.734e+05, Qg=1.817e-01, Qz=1.958e-03, Sd=1.053e-01, SwB=0.000e+00) | k_frac=4.2515 mD, dp=13.30 MPa | Sw=[0.260,0.460] | 1679.9s
2026-02-21 18:15:54 - M5Trainer - INFO - [Step 10400/20000] Stage C | L=2.3377e+02 (IC=1.660e-02, BC=8.831e-03, PDE=2.785e+05, Qg=1.750e-01, Qz=1.854e-03, Sd=9.568e-02, SwB=0.000e+00) | k_frac=4.2532 mD, dp=13.30 MPa | Sw=[0.260,0.460] | 1699.2s
2026-02-21 18:16:13 - M5Trainer - INFO -   [Sw监控] SY9: Sw=[0.2600, 0.3879, 0.4599], krg_min=3.357639e-01
2026-02-21 18:16:13 - M5Trainer - INFO - [Step 10500/20000] Stage C | L=1.7389e+02 (IC=5.335e-02, BC=4.495e-02, PDE=2.612e+05, Qg=1.862e-01, Qz=1.922e-03, Sd=1.020e-01, SwB=0.000e+00) | k_frac=4.2574 mD, dp=13.30 MPa | Sw=[0.260,0.460] | 1718.4s
2026-02-21 18:16:13 - M5Trainer - INFO -   [k_frac诊断] grad=1.8900e-01, k_frac=4.257400 mD
2026-02-21 18:16:33 - M5Trainer - INFO - [Step 10600/20000] Stage C | L=2.3349e+02 (IC=1.962e-02, BC=1.565e-02, PDE=2.735e+05, Qg=1.849e-01, Qz=1.996e-03, Sd=1.074e-01, SwB=0.000e+00) | k_frac=4.2568 mD, dp=13.30 MPa | Sw=[0.260,0.460] | 1738.2s
2026-02-21 18:16:53 - M5Trainer - INFO - [Step 10700/20000] Stage C | L=2.3694e+02 (IC=1.705e-02, BC=1.328e-02, PDE=2.717e+05, Qg=1.818e-01, Qz=2.000e-03, Sd=1.069e-01, SwB=0.000e+00) | k_frac=4.2556 mD, dp=13.30 MPa | Sw=[0.260,0.460] | 1758.1s
2026-02-21 18:17:15 - M5Trainer - INFO - [Step 10800/20000] Stage C | L=2.4646e+02 (IC=1.885e-02, BC=1.010e-02, PDE=2.686e+05, Qg=1.867e-01, Qz=2.137e-03, Sd=1.176e-01, SwB=0.000e+00) | k_frac=4.2577 mD, dp=13.30 MPa | Sw=[0.260,0.460] | 1779.9s
2026-02-21 18:17:36 - M5Trainer - INFO - [Step 10900/20000] Stage C | L=2.4083e+02 (IC=1.800e-02, BC=1.365e-02, PDE=2.576e+05, Qg=1.843e-01, Qz=1.976e-03, Sd=1.057e-01, SwB=0.000e+00) | k_frac=4.2573 mD, dp=13.30 MPa | Sw=[0.260,0.460] | 1801.6s
2026-02-21 18:17:57 - M5Trainer - INFO -   [Sw监控] SY9: Sw=[0.2600, 0.3902, 0.4599], krg_min=3.357558e-01
2026-02-21 18:17:57 - M5Trainer - INFO - [Step 11000/20000] Stage C | L=2.5875e+02 (IC=1.655e-02, BC=1.224e-02, PDE=2.499e+05, Qg=1.922e-01, Qz=1.954e-03, Sd=1.033e-01, SwB=0.000e+00) | k_frac=4.2578 mD, dp=13.30 MPa | Sw=[0.260,0.460] | 1822.8s
2026-02-21 18:17:57 - M5Trainer - INFO -   [k_frac诊断] grad=-1.1969e+00, k_frac=4.257794 mD
2026-02-21 18:18:19 - M5Trainer - INFO - [Step 11100/20000] Stage C | L=2.0092e+02 (IC=3.179e-02, BC=4.611e-02, PDE=2.458e+05, Qg=1.849e-01, Qz=2.097e-03, Sd=1.114e-01, SwB=0.000e+00) | k_frac=4.2550 mD, dp=13.30 MPa | Sw=[0.260,0.460] | 1844.5s
2026-02-21 18:18:41 - M5Trainer - INFO - [Step 11200/20000] Stage C | L=2.6588e+02 (IC=1.640e-02, BC=1.080e-02, PDE=2.495e+05, Qg=1.923e-01, Qz=2.033e-03, Sd=1.025e-01, SwB=0.000e+00) | k_frac=4.2540 mD, dp=13.30 MPa | Sw=[0.260,0.460] | 1866.1s
2026-02-21 18:19:01 - M5Trainer - INFO - [Step 11300/20000] Stage C | L=2.7953e+02 (IC=2.270e-02, BC=2.027e-02, PDE=2.577e+05, Qg=2.103e-01, Qz=2.104e-03, Sd=1.117e-01, SwB=0.000e+00) | k_frac=4.2586 mD, dp=13.30 MPa | Sw=[0.260,0.460] | 1886.4s
2026-02-21 18:19:21 - M5Trainer - INFO - [Step 11400/20000] Stage C | L=2.5336e+02 (IC=4.506e-02, BC=3.789e-02, PDE=2.571e+05, Qg=2.114e-01, Qz=2.268e-03, Sd=1.147e-01, SwB=0.000e+00) | k_frac=4.2612 mD, dp=13.30 MPa | Sw=[0.260,0.460] | 1906.6s
2026-02-21 18:19:41 - M5Trainer - INFO -   [Sw监控] SY9: Sw=[0.2600, 0.3776, 0.4598], krg_min=3.358869e-01
2026-02-21 18:19:41 - M5Trainer - INFO - [Step 11500/20000] Stage C | L=2.8846e+02 (IC=2.129e-02, BC=1.403e-02, PDE=2.423e+05, Qg=2.046e-01, Qz=2.203e-03, Sd=1.141e-01, SwB=0.000e+00) | k_frac=4.2655 mD, dp=13.30 MPa | Sw=[0.260,0.459] | 1926.8s
2026-02-21 18:19:41 - M5Trainer - INFO -   [k_frac诊断] grad=-1.9931e-01, k_frac=4.265524 mD
2026-02-21 18:20:02 - M5Trainer - INFO - [Step 11600/20000] Stage C | L=2.6634e+02 (IC=3.221e-02, BC=2.459e-02, PDE=2.385e+05, Qg=2.063e-01, Qz=2.167e-03, Sd=1.172e-01, SwB=0.000e+00) | k_frac=4.2702 mD, dp=13.30 MPa | Sw=[0.260,0.460] | 1947.4s
2026-02-21 18:20:23 - M5Trainer - INFO - [Step 11700/20000] Stage C | L=2.4956e+02 (IC=3.323e-02, BC=4.205e-02, PDE=2.354e+05, Qg=2.070e-01, Qz=2.105e-03, Sd=1.142e-01, SwB=0.000e+00) | k_frac=4.2752 mD, dp=13.30 MPa | Sw=[0.260,0.460] | 1968.2s
2026-02-21 18:20:44 - M5Trainer - INFO - [Step 11800/20000] Stage C | L=2.3848e+02 (IC=3.705e-02, BC=3.298e-02, PDE=2.257e+05, Qg=1.985e-01, Qz=2.135e-03, Sd=1.132e-01, SwB=0.000e+00) | k_frac=4.2820 mD, dp=13.30 MPa | Sw=[0.260,0.460] | 1988.9s
2026-02-21 18:21:04 - M5Trainer - INFO - [Step 11900/20000] Stage C | L=2.7917e+02 (IC=2.293e-02, BC=2.299e-02, PDE=2.462e+05, Qg=2.000e-01, Qz=1.985e-03, Sd=1.028e-01, SwB=0.000e+00) | k_frac=4.2858 mD, dp=13.30 MPa | Sw=[0.260,0.460] | 2009.4s
2026-02-21 18:21:25 - M5Trainer - INFO -   [Sw监控] SY9: Sw=[0.2600, 0.3820, 0.4599], krg_min=3.358062e-01
2026-02-21 18:21:25 - M5Trainer - INFO - [Step 12000/20000] Stage C | L=2.7229e+02 (IC=1.987e-02, BC=1.972e-02, PDE=2.336e+05, Qg=2.002e-01, Qz=2.089e-03, Sd=1.083e-01, SwB=0.000e+00) | k_frac=4.2906 mD, dp=13.30 MPa | Sw=[0.260,0.460] | 2030.6s
2026-02-21 18:21:25 - M5Trainer - INFO -   [k_frac诊断] grad=-1.3444e+00, k_frac=4.290627 mD
2026-02-21 18:21:46 - M5Trainer - INFO - [Step 12100/20000] Stage C | L=2.3233e+02 (IC=4.680e-02, BC=3.775e-02, PDE=2.328e+05, Qg=1.971e-01, Qz=2.157e-03, Sd=1.072e-01, SwB=0.000e+00) | k_frac=4.2940 mD, dp=13.30 MPa | Sw=[0.260,0.460] | 2051.7s
2026-02-21 18:22:07 - M5Trainer - INFO - [Step 12200/20000] Stage C | L=2.5083e+02 (IC=3.525e-02, BC=2.775e-02, PDE=2.266e+05, Qg=1.987e-01, Qz=2.139e-03, Sd=1.109e-01, SwB=0.000e+00) | k_frac=4.3002 mD, dp=13.30 MPa | Sw=[0.260,0.460] | 2072.7s
2026-02-21 18:22:29 - M5Trainer - INFO - [Step 12300/20000] Stage C | L=2.4491e+02 (IC=3.621e-02, BC=3.112e-02, PDE=2.293e+05, Qg=1.969e-01, Qz=2.076e-03, Sd=1.038e-01, SwB=0.000e+00) | k_frac=4.3031 mD, dp=13.30 MPa | Sw=[0.260,0.459] | 2093.9s
2026-02-21 18:22:50 - M5Trainer - INFO - [Step 12400/20000] Stage C | L=2.7505e+02 (IC=1.691e-02, BC=1.956e-02, PDE=2.350e+05, Qg=1.961e-01, Qz=2.077e-03, Sd=1.075e-01, SwB=0.000e+00) | k_frac=4.3064 mD, dp=13.30 MPa | Sw=[0.260,0.460] | 2115.2s
2026-02-21 18:23:11 - M5Trainer - INFO -   [Sw监控] SY9: Sw=[0.2600, 0.3824, 0.4599], krg_min=3.357755e-01
2026-02-21 18:23:11 - M5Trainer - INFO - [Step 12500/20000] Stage C | L=2.8280e+02 (IC=2.745e-02, BC=1.687e-02, PDE=2.266e+05, Qg=2.043e-01, Qz=2.056e-03, Sd=1.065e-01, SwB=0.000e+00) | k_frac=4.3095 mD, dp=13.30 MPa | Sw=[0.260,0.460] | 2136.2s
2026-02-21 18:23:11 - M5Trainer - INFO -   [k_frac诊断] grad=-1.2326e+00, k_frac=4.309480 mD
2026-02-21 18:23:32 - M5Trainer - INFO - [Step 12600/20000] Stage C | L=2.6806e+02 (IC=2.010e-02, BC=2.214e-02, PDE=2.140e+05, Qg=1.994e-01, Qz=2.137e-03, Sd=1.096e-01, SwB=0.000e+00) | k_frac=4.3153 mD, dp=13.30 MPa | Sw=[0.260,0.460] | 2157.6s
2026-02-21 18:23:54 - M5Trainer - INFO - [Step 12700/20000] Stage C | L=2.8223e+02 (IC=1.956e-02, BC=2.018e-02, PDE=2.197e+05, Qg=2.023e-01, Qz=2.145e-03, Sd=1.094e-01, SwB=0.000e+00) | k_frac=4.3188 mD, dp=13.30 MPa | Sw=[0.260,0.457] | 2179.1s
2026-02-21 18:24:15 - M5Trainer - INFO - [Step 12800/20000] Stage C | L=2.1986e+02 (IC=4.935e-02, BC=4.810e-02, PDE=2.188e+05, Qg=1.948e-01, Qz=2.094e-03, Sd=1.087e-01, SwB=0.000e+00) | k_frac=4.3217 mD, dp=13.30 MPa | Sw=[0.260,0.459] | 2200.6s
2026-02-21 18:24:37 - M5Trainer - INFO - [Step 12900/20000] Stage C | L=2.6321e+02 (IC=3.416e-02, BC=3.365e-02, PDE=2.291e+05, Qg=1.969e-01, Qz=2.204e-03, Sd=1.115e-01, SwB=0.000e+00) | k_frac=4.3263 mD, dp=13.30 MPa | Sw=[0.260,0.460] | 2222.0s
2026-02-21 18:24:58 - M5Trainer - INFO -   [Sw监控] SY9: Sw=[0.2600, 0.3800, 0.4599], krg_min=3.357783e-01
2026-02-21 18:24:58 - M5Trainer - INFO - [Step 13000/20000] Stage C | L=2.8406e+02 (IC=1.396e-02, BC=1.766e-02, PDE=2.112e+05, Qg=1.966e-01, Qz=2.262e-03, Sd=1.149e-01, SwB=0.000e+00) | k_frac=4.3283 mD, dp=13.30 MPa | Sw=[0.260,0.460] | 2243.5s
2026-02-21 18:24:58 - M5Trainer - INFO -   [k_frac诊断] grad=1.4420e+00, k_frac=4.328290 mD
2026-02-21 18:25:20 - M5Trainer - INFO - [Step 13100/20000] Stage C | L=2.8554e+02 (IC=2.630e-02, BC=2.392e-02, PDE=2.065e+05, Qg=2.078e-01, Qz=2.276e-03, Sd=1.171e-01, SwB=0.000e+00) | k_frac=4.3330 mD, dp=13.30 MPa | Sw=[0.260,0.460] | 2265.4s
2026-02-21 18:25:42 - M5Trainer - INFO - [Step 13200/20000] Stage C | L=2.5654e+02 (IC=3.813e-02, BC=3.085e-02, PDE=2.143e+05, Qg=2.019e-01, Qz=2.429e-03, Sd=1.269e-01, SwB=0.000e+00) | k_frac=4.3366 mD, dp=13.30 MPa | Sw=[0.260,0.460] | 2287.3s
2026-02-21 18:26:04 - M5Trainer - INFO - [Step 13300/20000] Stage C | L=2.3147e+02 (IC=2.893e-02, BC=2.287e-02, PDE=2.141e+05, Qg=1.752e-01, Qz=2.273e-03, Sd=1.160e-01, SwB=0.000e+00) | k_frac=4.3358 mD, dp=13.30 MPa | Sw=[0.260,0.460] | 2309.3s
2026-02-21 18:26:26 - M5Trainer - INFO - [Step 13400/20000] Stage C | L=2.1331e+02 (IC=2.983e-02, BC=2.871e-02, PDE=2.071e+05, Qg=1.720e-01, Qz=2.127e-03, Sd=1.098e-01, SwB=0.000e+00) | k_frac=4.3357 mD, dp=13.30 MPa | Sw=[0.260,0.460] | 2331.3s
2026-02-21 18:26:48 - M5Trainer - INFO -   [Sw监控] SY9: Sw=[0.2600, 0.3928, 0.4599], krg_min=3.357511e-01
2026-02-21 18:26:48 - M5Trainer - INFO - [Step 13500/20000] Stage C | L=2.4408e+02 (IC=1.707e-02, BC=1.797e-02, PDE=1.975e+05, Qg=1.749e-01, Qz=2.135e-03, Sd=1.103e-01, SwB=0.000e+00) | k_frac=4.3354 mD, dp=13.30 MPa | Sw=[0.260,0.460] | 2353.3s
2026-02-21 18:26:48 - M5Trainer - INFO -   [k_frac诊断] grad=-1.4533e+00, k_frac=4.335371 mD
2026-02-21 18:27:10 - M5Trainer - INFO - [Step 13600/20000] Stage C | L=2.3199e+02 (IC=2.493e-02, BC=2.047e-02, PDE=1.961e+05, Qg=1.719e-01, Qz=2.201e-03, Sd=1.142e-01, SwB=0.000e+00) | k_frac=4.3389 mD, dp=13.30 MPa | Sw=[0.260,0.460] | 2375.6s
2026-02-21 18:27:33 - M5Trainer - INFO - [Step 13700/20000] Stage C | L=2.5087e+02 (IC=1.580e-02, BC=1.010e-02, PDE=2.006e+05, Qg=1.684e-01, Qz=2.155e-03, Sd=1.109e-01, SwB=0.000e+00) | k_frac=4.3406 mD, dp=13.30 MPa | Sw=[0.260,0.459] | 2397.9s
2026-02-21 18:27:55 - M5Trainer - INFO - [Step 13800/20000] Stage C | L=2.4540e+02 (IC=2.124e-02, BC=1.588e-02, PDE=1.944e+05, Qg=1.728e-01, Qz=2.232e-03, Sd=1.142e-01, SwB=0.000e+00) | k_frac=4.3421 mD, dp=13.30 MPa | Sw=[0.260,0.460] | 2420.2s
2026-02-21 18:28:17 - M5Trainer - INFO - [Step 13900/20000] Stage C | L=2.5204e+02 (IC=1.884e-02, BC=1.501e-02, PDE=2.009e+05, Qg=1.708e-01, Qz=2.187e-03, Sd=1.108e-01, SwB=0.000e+00) | k_frac=4.3414 mD, dp=13.30 MPa | Sw=[0.260,0.460] | 2442.6s
2026-02-21 18:28:40 - M5Trainer - INFO -   [Sw监控] SY9: Sw=[0.2600, 0.3917, 0.4599], krg_min=3.357385e-01
2026-02-21 18:28:40 - M5Trainer - INFO - [Step 14000/20000] Stage C | L=2.5389e+02 (IC=1.251e-02, BC=1.308e-02, PDE=1.923e+05, Qg=1.686e-01, Qz=2.160e-03, Sd=1.101e-01, SwB=0.000e+00) | k_frac=4.3417 mD, dp=13.30 MPa | Sw=[0.260,0.460] | 2465.0s
2026-02-21 18:28:40 - M5Trainer - INFO -   [k_frac诊断] grad=1.0227e+00, k_frac=4.341733 mD
2026-02-21 18:29:02 - M5Trainer - INFO - [Step 14100/20000] Stage C | L=2.5911e+02 (IC=1.514e-02, BC=9.441e-03, PDE=1.858e+05, Qg=1.702e-01, Qz=2.135e-03, Sd=1.083e-01, SwB=0.000e+00) | k_frac=4.3423 mD, dp=13.30 MPa | Sw=[0.260,0.460] | 2487.7s
2026-02-21 18:29:25 - M5Trainer - INFO - [Step 14200/20000] Stage C | L=2.6210e+02 (IC=1.424e-02, BC=2.030e-02, PDE=1.822e+05, Qg=1.749e-01, Qz=2.083e-03, Sd=1.055e-01, SwB=0.000e+00) | k_frac=4.3430 mD, dp=13.30 MPa | Sw=[0.260,0.460] | 2510.4s
2026-02-21 18:29:48 - M5Trainer - INFO - [Step 14300/20000] Stage C | L=2.4613e+02 (IC=2.385e-02, BC=1.364e-02, PDE=1.857e+05, Qg=1.700e-01, Qz=2.201e-03, Sd=1.130e-01, SwB=0.000e+00) | k_frac=4.3445 mD, dp=13.30 MPa | Sw=[0.260,0.460] | 2533.1s
2026-02-21 18:30:11 - M5Trainer - INFO - [Step 14400/20000] Stage C | L=2.6271e+02 (IC=1.601e-02, BC=1.563e-02, PDE=1.872e+05, Qg=1.740e-01, Qz=2.130e-03, Sd=1.084e-01, SwB=0.000e+00) | k_frac=4.3446 mD, dp=13.30 MPa | Sw=[0.260,0.460] | 2555.9s
2026-02-21 18:30:34 - M5Trainer - INFO -   [Sw监控] SY9: Sw=[0.2600, 0.3916, 0.4599], krg_min=3.357492e-01
2026-02-21 18:30:34 - M5Trainer - INFO - [Step 14500/20000] Stage C | L=2.3078e+02 (IC=2.558e-02, BC=2.881e-02, PDE=1.830e+05, Qg=1.730e-01, Qz=2.175e-03, Sd=1.117e-01, SwB=0.000e+00) | k_frac=4.3452 mD, dp=13.30 MPa | Sw=[0.260,0.460] | 2579.2s
2026-02-21 18:30:34 - M5Trainer - INFO -   [k_frac诊断] grad=-8.9741e-01, k_frac=4.345216 mD
2026-02-21 18:30:59 - M5Trainer - INFO - [Step 14600/20000] Stage C | L=2.3782e+02 (IC=2.516e-02, BC=1.745e-02, PDE=1.844e+05, Qg=1.679e-01, Qz=2.185e-03, Sd=1.119e-01, SwB=0.000e+00) | k_frac=4.3470 mD, dp=13.30 MPa | Sw=[0.260,0.460] | 2604.0s
2026-02-21 18:31:22 - M5Trainer - INFO - [Step 14700/20000] Stage C | L=2.5392e+02 (IC=2.096e-02, BC=1.143e-02, PDE=1.841e+05, Qg=1.693e-01, Qz=2.187e-03, Sd=1.124e-01, SwB=0.000e+00) | k_frac=4.3466 mD, dp=13.30 MPa | Sw=[0.260,0.460] | 2627.4s
2026-02-21 18:31:46 - M5Trainer - INFO - [Step 14800/20000] Stage C | L=2.4618e+02 (IC=1.817e-02, BC=1.845e-02, PDE=1.766e+05, Qg=1.686e-01, Qz=2.201e-03, Sd=1.134e-01, SwB=0.000e+00) | k_frac=4.3482 mD, dp=13.30 MPa | Sw=[0.260,0.460] | 2651.4s
2026-02-21 18:32:09 - M5Trainer - INFO - [Step 14900/20000] Stage C | L=2.5654e+02 (IC=1.628e-02, BC=1.235e-02, PDE=1.776e+05, Qg=1.678e-01, Qz=2.182e-03, Sd=1.127e-01, SwB=0.000e+00) | k_frac=4.3490 mD, dp=13.30 MPa | Sw=[0.260,0.460] | 2674.8s
2026-02-21 18:32:33 - M5Trainer - INFO -   [Sw监控] SY9: Sw=[0.2600, 0.3932, 0.4599], krg_min=3.357504e-01
2026-02-21 18:32:33 - M5Trainer - INFO - [Step 15000/20000] Stage C | L=2.5634e+02 (IC=2.179e-02, BC=1.405e-02, PDE=1.770e+05, Qg=1.716e-01, Qz=2.199e-03, Sd=1.133e-01, SwB=0.000e+00) | k_frac=4.3493 mD, dp=13.30 MPa | Sw=[0.260,0.460] | 2698.1s
2026-02-21 18:32:33 - M5Trainer - INFO -   [k_frac诊断] grad=-1.5732e+00, k_frac=4.349339 mD
2026-02-21 18:32:57 - M5Trainer - INFO - [Step 15100/20000] Stage C | L=2.4809e+02 (IC=2.114e-02, BC=1.277e-02, PDE=1.748e+05, Qg=1.668e-01, Qz=2.190e-03, Sd=1.124e-01, SwB=0.000e+00) | k_frac=4.3496 mD, dp=13.30 MPa | Sw=[0.260,0.460] | 2721.9s
2026-02-21 18:33:20 - M5Trainer - INFO - [Step 15200/20000] Stage C | L=2.5664e+02 (IC=1.964e-02, BC=1.024e-02, PDE=1.705e+05, Qg=1.677e-01, Qz=2.215e-03, Sd=1.134e-01, SwB=0.000e+00) | k_frac=4.3508 mD, dp=13.30 MPa | Sw=[0.260,0.458] | 2745.7s
2026-02-21 18:33:44 - M5Trainer - INFO - [Step 15300/20000] Stage C | L=2.5578e+02 (IC=1.624e-02, BC=1.464e-02, PDE=1.750e+05, Qg=1.673e-01, Qz=2.245e-03, Sd=1.144e-01, SwB=0.000e+00) | k_frac=4.3510 mD, dp=13.30 MPa | Sw=[0.260,0.460] | 2769.5s
2026-02-21 18:34:08 - M5Trainer - INFO - [Step 15400/20000] Stage C | L=2.4733e+02 (IC=2.418e-02, BC=1.501e-02, PDE=1.675e+05, Qg=1.692e-01, Qz=2.250e-03, Sd=1.144e-01, SwB=0.000e+00) | k_frac=4.3510 mD, dp=13.30 MPa | Sw=[0.260,0.460] | 2793.3s
2026-02-21 18:34:32 - M5Trainer - INFO -   [Sw监控] SY9: Sw=[0.2600, 0.3931, 0.4599], krg_min=3.357440e-01
2026-02-21 18:34:32 - M5Trainer - INFO - [Step 15500/20000] Stage C | L=2.6646e+02 (IC=1.757e-02, BC=9.189e-03, PDE=1.683e+05, Qg=1.693e-01, Qz=2.215e-03, Sd=1.126e-01, SwB=0.000e+00) | k_frac=4.3518 mD, dp=13.30 MPa | Sw=[0.260,0.460] | 2817.1s
2026-02-21 18:34:32 - M5Trainer - INFO -   [k_frac诊断] grad=-1.3879e+00, k_frac=4.351774 mD
2026-02-21 18:34:56 - M5Trainer - INFO - [Step 15600/20000] Stage D | L=4.3950e+02 (IC=2.003e-02, BC=1.666e-02, PDE=1.660e+05, Qg=1.669e-01, Qz=2.227e-03, Sd=1.136e-01, SwB=0.000e+00) | k_frac=4.3527 mD, dp=13.30 MPa | Sw=[0.260,0.460] | 2841.4s
2026-02-21 18:35:20 - M5Trainer - INFO - [Step 15700/20000] Stage D | L=4.5855e+02 (IC=1.631e-02, BC=1.083e-02, PDE=1.720e+05, Qg=1.652e-01, Qz=2.308e-03, Sd=1.180e-01, SwB=0.000e+00) | k_frac=4.3527 mD, dp=13.30 MPa | Sw=[0.260,0.460] | 2865.6s
2026-02-21 18:35:45 - M5Trainer - INFO - [Step 15800/20000] Stage D | L=4.5060e+02 (IC=1.907e-02, BC=1.113e-02, PDE=1.685e+05, Qg=1.653e-01, Qz=2.362e-03, Sd=1.220e-01, SwB=0.000e+00) | k_frac=4.3528 mD, dp=13.30 MPa | Sw=[0.260,0.459] | 2889.8s
2026-02-21 18:36:10 - M5Trainer - INFO - [Step 15900/20000] Stage D | L=4.8728e+02 (IC=8.670e-03, BC=9.349e-03, PDE=1.683e+05, Qg=1.671e-01, Qz=2.424e-03, Sd=1.259e-01, SwB=0.000e+00) | k_frac=4.3531 mD, dp=13.30 MPa | Sw=[0.260,0.460] | 2915.1s
2026-02-21 18:36:34 - M5Trainer - INFO -   [Sw监控] SY9: Sw=[0.2600, 0.3923, 0.4599], krg_min=3.357445e-01
2026-02-21 18:36:34 - M5Trainer - INFO - [Step 16000/20000] Stage D | L=4.2630e+02 (IC=2.044e-02, BC=1.519e-02, PDE=1.617e+05, Qg=1.641e-01, Qz=2.492e-03, Sd=1.291e-01, SwB=0.000e+00) | k_frac=4.3530 mD, dp=13.30 MPa | Sw=[0.260,0.457] | 2939.4s
2026-02-21 18:36:34 - M5Trainer - INFO -   [k_frac诊断] grad=1.1595e+00, k_frac=4.352988 mD
2026-02-21 18:36:59 - M5Trainer - INFO - [Step 16100/20000] Stage D | L=4.0660e+02 (IC=2.276e-02, BC=2.170e-02, PDE=1.628e+05, Qg=1.654e-01, Qz=2.487e-03, Sd=1.298e-01, SwB=0.000e+00) | k_frac=4.3528 mD, dp=13.30 MPa | Sw=[0.260,0.460] | 2964.6s
2026-02-21 18:37:24 - M5Trainer - INFO - [Step 16200/20000] Stage D | L=4.2339e+02 (IC=2.152e-02, BC=1.559e-02, PDE=1.510e+05, Qg=1.660e-01, Qz=2.579e-03, Sd=1.344e-01, SwB=0.000e+00) | k_frac=4.3535 mD, dp=13.30 MPa | Sw=[0.260,0.460] | 2989.3s
2026-02-21 18:37:50 - M5Trainer - INFO - [Step 16300/20000] Stage D | L=4.0794e+02 (IC=2.830e-02, BC=1.591e-02, PDE=1.622e+05, Qg=1.652e-01, Qz=2.599e-03, Sd=1.361e-01, SwB=0.000e+00) | k_frac=4.3532 mD, dp=13.30 MPa | Sw=[0.260,0.460] | 3015.0s
2026-02-21 18:38:19 - M5Trainer - INFO - [Step 16400/20000] Stage D | L=4.1507e+02 (IC=1.749e-02, BC=1.952e-02, PDE=1.607e+05, Qg=1.638e-01, Qz=2.659e-03, Sd=1.390e-01, SwB=0.000e+00) | k_frac=4.3534 mD, dp=13.30 MPa | Sw=[0.260,0.460] | 3044.5s
2026-02-21 18:38:51 - M5Trainer - INFO -   [Sw监控] SY9: Sw=[0.2600, 0.3918, 0.4599], krg_min=3.357400e-01
2026-02-21 18:38:51 - M5Trainer - INFO - [Step 16500/20000] Stage D | L=4.1404e+02 (IC=2.791e-02, BC=1.058e-02, PDE=1.517e+05, Qg=1.636e-01, Qz=2.713e-03, Sd=1.427e-01, SwB=0.000e+00) | k_frac=4.3537 mD, dp=13.30 MPa | Sw=[0.260,0.460] | 3076.4s
2026-02-21 18:38:51 - M5Trainer - INFO -   [k_frac诊断] grad=1.2691e+00, k_frac=4.353713 mD
2026-02-21 18:39:22 - M5Trainer - INFO - [Step 16600/20000] Stage D | L=4.0033e+02 (IC=2.874e-02, BC=1.421e-02, PDE=1.519e+05, Qg=1.634e-01, Qz=2.742e-03, Sd=1.446e-01, SwB=0.000e+00) | k_frac=4.3537 mD, dp=13.30 MPa | Sw=[0.260,0.460] | 3106.8s
2026-02-21 18:40:13 - M5Trainer - INFO - [Step 16700/20000] Stage D | L=4.2620e+02 (IC=2.022e-02, BC=1.245e-02, PDE=1.518e+05, Qg=1.640e-01, Qz=2.770e-03, Sd=1.465e-01, SwB=0.000e+00) | k_frac=4.3536 mD, dp=13.30 MPa | Sw=[0.260,0.459] | 3158.5s
2026-02-21 18:42:26 - M5Trainer - INFO - [Step 16800/20000] Stage D | L=4.1710e+02 (IC=2.031e-02, BC=1.338e-02, PDE=1.536e+05, Qg=1.626e-01, Qz=2.816e-03, Sd=1.489e-01, SwB=0.000e+00) | k_frac=4.3537 mD, dp=13.30 MPa | Sw=[0.260,0.460] | 3291.7s
2026-02-21 18:47:51 - M5Trainer - INFO - [Step 16900/20000] Stage D | L=4.2573e+02 (IC=1.924e-02, BC=1.024e-02, PDE=1.489e+05, Qg=1.628e-01, Qz=2.831e-03, Sd=1.506e-01, SwB=0.000e+00) | k_frac=4.3539 mD, dp=13.30 MPa | Sw=[0.260,0.460] | 3616.1s
2026-02-21 18:56:30 - M5Trainer - INFO -   [Sw监控] SY9: Sw=[0.2600, 0.3918, 0.4599], krg_min=3.357397e-01
2026-02-21 18:56:30 - M5Trainer - INFO - [Step 17000/20000] Stage D | L=4.0892e+02 (IC=2.592e-02, BC=1.081e-02, PDE=1.443e+05, Qg=1.631e-01, Qz=2.860e-03, Sd=1.521e-01, SwB=0.000e+00) | k_frac=4.3539 mD, dp=13.30 MPa | Sw=[0.260,0.460] | 4135.0s
2026-02-21 18:56:30 - M5Trainer - INFO -   [k_frac诊断] grad=-1.0466e+00, k_frac=4.353898 mD
2026-02-21 19:04:01 - M5Trainer - INFO - [Step 17100/20000] Stage D | L=4.3950e+02 (IC=1.106e-02, BC=1.183e-02, PDE=1.426e+05, Qg=1.635e-01, Qz=2.886e-03, Sd=1.536e-01, SwB=0.000e+00) | k_frac=4.3540 mD, dp=13.30 MPa | Sw=[0.260,0.460] | 4586.4s
2026-02-21 19:04:28 - M5Trainer - INFO - [Step 17200/20000] Stage D | L=4.4674e+02 (IC=1.234e-02, BC=9.286e-03, PDE=1.464e+05, Qg=1.633e-01, Qz=2.914e-03, Sd=1.557e-01, SwB=0.000e+00) | k_frac=4.3542 mD, dp=13.30 MPa | Sw=[0.260,0.460] | 4613.0s
2026-02-21 19:04:53 - M5Trainer - INFO - [Step 17300/20000] Stage D | L=4.2362e+02 (IC=1.485e-02, BC=1.300e-02, PDE=1.441e+05, Qg=1.630e-01, Qz=2.935e-03, Sd=1.570e-01, SwB=0.000e+00) | k_frac=4.3542 mD, dp=13.30 MPa | Sw=[0.260,0.460] | 4638.7s
2026-02-21 19:05:19 - M5Trainer - INFO - [Step 17400/20000] Stage D | L=4.0593e+02 (IC=2.087e-02, BC=1.424e-02, PDE=1.459e+05, Qg=1.624e-01, Qz=2.964e-03, Sd=1.584e-01, SwB=0.000e+00) | k_frac=4.3543 mD, dp=13.30 MPa | Sw=[0.260,0.460] | 4664.3s
2026-02-21 19:05:45 - M5Trainer - INFO -   [Sw监控] SY9: Sw=[0.2600, 0.3917, 0.4599], krg_min=3.357374e-01
2026-02-21 19:05:45 - M5Trainer - INFO - [Step 17500/20000] Stage D | L=3.8909e+02 (IC=2.639e-02, BC=1.487e-02, PDE=1.443e+05, Qg=1.622e-01, Qz=2.977e-03, Sd=1.594e-01, SwB=0.000e+00) | k_frac=4.3542 mD, dp=13.30 MPa | Sw=[0.260,0.460] | 4690.0s
2026-02-21 19:05:45 - M5Trainer - INFO -   [k_frac诊断] grad=-9.8040e-01, k_frac=4.354242 mD
2026-02-21 19:06:11 - M5Trainer - INFO - [Step 17600/20000] Stage D | L=4.2541e+02 (IC=1.361e-02, BC=1.290e-02, PDE=1.381e+05, Qg=1.626e-01, Qz=2.997e-03, Sd=1.604e-01, SwB=0.000e+00) | k_frac=4.3542 mD, dp=13.30 MPa | Sw=[0.260,0.459] | 4716.3s
2026-02-21 19:06:37 - M5Trainer - INFO - [Step 17700/20000] Stage D | L=4.2207e+02 (IC=1.637e-02, BC=1.136e-02, PDE=1.371e+05, Qg=1.622e-01, Qz=3.014e-03, Sd=1.614e-01, SwB=0.000e+00) | k_frac=4.3543 mD, dp=13.30 MPa | Sw=[0.260,0.460] | 4742.3s
2026-02-21 19:07:03 - M5Trainer - INFO - [Step 17800/20000] Stage D | L=3.9661e+02 (IC=2.924e-02, BC=1.068e-02, PDE=1.418e+05, Qg=1.622e-01, Qz=3.034e-03, Sd=1.629e-01, SwB=0.000e+00) | k_frac=4.3544 mD, dp=13.30 MPa | Sw=[0.260,0.460] | 4768.3s
2026-02-21 19:07:29 - M5Trainer - INFO - [Step 17900/20000] Stage D | L=4.0299e+02 (IC=2.189e-02, BC=1.330e-02, PDE=1.389e+05, Qg=1.622e-01, Qz=3.051e-03, Sd=1.639e-01, SwB=0.000e+00) | k_frac=4.3545 mD, dp=13.30 MPa | Sw=[0.260,0.460] | 4794.3s
2026-02-21 19:07:55 - M5Trainer - INFO -   [Sw监控] SY9: Sw=[0.2600, 0.3913, 0.4599], krg_min=3.357365e-01
2026-02-21 19:07:55 - M5Trainer - INFO - [Step 18000/20000] Stage D | L=4.1963e+02 (IC=1.565e-02, BC=1.026e-02, PDE=1.274e+05, Qg=1.615e-01, Qz=3.067e-03, Sd=1.646e-01, SwB=0.000e+00) | k_frac=4.3544 mD, dp=13.30 MPa | Sw=[0.260,0.459] | 4820.4s
2026-02-21 19:07:55 - M5Trainer - INFO -   [k_frac诊断] grad=-1.4147e+00, k_frac=4.354433 mD
2026-02-21 19:08:22 - M5Trainer - INFO - [Step 18100/20000] Stage D | L=4.2181e+02 (IC=1.361e-02, BC=1.187e-02, PDE=1.361e+05, Qg=1.613e-01, Qz=3.082e-03, Sd=1.657e-01, SwB=0.000e+00) | k_frac=4.3545 mD, dp=13.30 MPa | Sw=[0.260,0.460] | 4847.0s
2026-02-21 19:08:48 - M5Trainer - INFO - [Step 18200/20000] Stage D | L=4.0762e+02 (IC=2.104e-02, BC=1.063e-02, PDE=1.370e+05, Qg=1.614e-01, Qz=3.090e-03, Sd=1.663e-01, SwB=0.000e+00) | k_frac=4.3546 mD, dp=13.30 MPa | Sw=[0.260,0.460] | 4873.5s
2026-02-21 19:09:15 - M5Trainer - INFO - [Step 18300/20000] Stage D | L=4.0163e+02 (IC=2.154e-02, BC=1.142e-02, PDE=1.355e+05, Qg=1.610e-01, Qz=3.094e-03, Sd=1.666e-01, SwB=0.000e+00) | k_frac=4.3546 mD, dp=13.30 MPa | Sw=[0.260,0.459] | 4900.0s
2026-02-21 19:09:41 - M5Trainer - INFO - [Step 18400/20000] Stage D | L=4.2193e+02 (IC=1.641e-02, BC=9.035e-03, PDE=1.380e+05, Qg=1.607e-01, Qz=3.096e-03, Sd=1.669e-01, SwB=0.000e+00) | k_frac=4.3546 mD, dp=13.30 MPa | Sw=[0.260,0.460] | 4926.6s
2026-02-21 19:10:08 - M5Trainer - INFO -   [Sw监控] SY9: Sw=[0.2600, 0.3915, 0.4599], krg_min=3.357341e-01
2026-02-21 19:10:08 - M5Trainer - INFO - [Step 18500/20000] Stage D | L=3.9621e+02 (IC=2.193e-02, BC=1.332e-02, PDE=1.271e+05, Qg=1.616e-01, Qz=3.100e-03, Sd=1.669e-01, SwB=0.000e+00) | k_frac=4.3547 mD, dp=13.30 MPa | Sw=[0.260,0.459] | 4953.2s
2026-02-21 19:10:08 - M5Trainer - INFO -   [k_frac诊断] grad=1.7933e+00, k_frac=4.354655 mD
2026-02-21 19:10:35 - M5Trainer - INFO - [Step 18600/20000] Stage D | L=4.0718e+02 (IC=1.826e-02, BC=1.095e-02, PDE=1.261e+05, Qg=1.607e-01, Qz=3.102e-03, Sd=1.670e-01, SwB=0.000e+00) | k_frac=4.3547 mD, dp=13.30 MPa | Sw=[0.260,0.460] | 4980.2s
2026-02-21 19:11:02 - M5Trainer - INFO - [Step 18700/20000] Stage D | L=3.8888e+02 (IC=2.778e-02, BC=1.015e-02, PDE=1.273e+05, Qg=1.604e-01, Qz=3.100e-03, Sd=1.670e-01, SwB=0.000e+00) | k_frac=4.3547 mD, dp=13.30 MPa | Sw=[0.260,0.460] | 5007.4s
2026-02-21 19:11:30 - M5Trainer - INFO - [Step 18800/20000] Stage D | L=3.9609e+02 (IC=2.307e-02, BC=1.105e-02, PDE=1.296e+05, Qg=1.604e-01, Qz=3.100e-03, Sd=1.670e-01, SwB=0.000e+00) | k_frac=4.3547 mD, dp=13.30 MPa | Sw=[0.260,0.460] | 5035.2s
2026-02-21 19:11:57 - M5Trainer - INFO - [Step 18900/20000] Stage D | L=4.1578e+02 (IC=1.569e-02, BC=1.023e-02, PDE=1.272e+05, Qg=1.600e-01, Qz=3.101e-03, Sd=1.671e-01, SwB=0.000e+00) | k_frac=4.3547 mD, dp=13.30 MPa | Sw=[0.260,0.460] | 5062.3s
2026-02-21 19:12:24 - M5Trainer - INFO -   [Sw监控] SY9: Sw=[0.2600, 0.3915, 0.4599], krg_min=3.357340e-01
2026-02-21 19:12:24 - M5Trainer - INFO - [Step 19000/20000] Stage D | L=3.9717e+02 (IC=1.709e-02, BC=1.401e-02, PDE=1.220e+05, Qg=1.601e-01, Qz=3.101e-03, Sd=1.671e-01, SwB=0.000e+00) | k_frac=4.3547 mD, dp=13.30 MPa | Sw=[0.260,0.460] | 5089.3s
2026-02-21 19:12:24 - M5Trainer - INFO -   [k_frac诊断] grad=4.1788e-02, k_frac=4.354676 mD
2026-02-21 19:12:52 - M5Trainer - INFO - [Step 19100/20000] Stage D | L=4.0949e+02 (IC=1.589e-02, BC=1.163e-02, PDE=1.238e+05, Qg=1.601e-01, Qz=3.102e-03, Sd=1.671e-01, SwB=0.000e+00) | k_frac=4.3547 mD, dp=13.30 MPa | Sw=[0.260,0.460] | 5116.9s
2026-02-21 19:13:19 - M5Trainer - INFO - [Step 19200/20000] Stage D | L=3.9854e+02 (IC=2.273e-02, BC=1.044e-02, PDE=1.208e+05, Qg=1.599e-01, Qz=3.100e-03, Sd=1.671e-01, SwB=0.000e+00) | k_frac=4.3547 mD, dp=13.30 MPa | Sw=[0.260,0.460] | 5144.5s
2026-02-21 19:13:47 - M5Trainer - INFO - [Step 19300/20000] Stage D | L=4.2837e+02 (IC=1.139e-02, BC=9.808e-03, PDE=1.252e+05, Qg=1.595e-01, Qz=3.101e-03, Sd=1.671e-01, SwB=0.000e+00) | k_frac=4.3547 mD, dp=13.30 MPa | Sw=[0.260,0.460] | 5172.1s
2026-02-21 19:14:14 - M5Trainer - INFO - [Step 19400/20000] Stage D | L=4.0373e+02 (IC=1.662e-02, BC=1.217e-02, PDE=1.213e+05, Qg=1.594e-01, Qz=3.101e-03, Sd=1.671e-01, SwB=0.000e+00) | k_frac=4.3547 mD, dp=13.30 MPa | Sw=[0.260,0.460] | 5199.7s
2026-02-21 19:14:42 - M5Trainer - INFO -   [Sw监控] SY9: Sw=[0.2600, 0.3915, 0.4599], krg_min=3.357341e-01
2026-02-21 19:14:42 - M5Trainer - INFO - [Step 19500/20000] Stage D | L=3.8597e+02 (IC=2.554e-02, BC=1.169e-02, PDE=1.177e+05, Qg=1.594e-01, Qz=3.101e-03, Sd=1.671e-01, SwB=0.000e+00) | k_frac=4.3547 mD, dp=13.30 MPa | Sw=[0.260,0.460] | 5227.3s
2026-02-21 19:14:42 - M5Trainer - INFO -   [k_frac诊断] grad=1.5764e+00, k_frac=4.354688 mD
2026-02-21 19:15:10 - M5Trainer - INFO - [Step 19600/20000] Stage D | L=3.7551e+02 (IC=2.772e-02, BC=1.382e-02, PDE=1.184e+05, Qg=1.592e-01, Qz=3.101e-03, Sd=1.671e-01, SwB=0.000e+00) | k_frac=4.3547 mD, dp=13.30 MPa | Sw=[0.260,0.460] | 5255.0s
2026-02-21 19:15:38 - M5Trainer - INFO - [Step 19700/20000] Stage D | L=4.1242e+02 (IC=1.465e-02, BC=1.045e-02, PDE=1.146e+05, Qg=1.592e-01, Qz=3.101e-03, Sd=1.671e-01, SwB=0.000e+00) | k_frac=4.3547 mD, dp=13.30 MPa | Sw=[0.260,0.460] | 5282.9s
2026-02-21 19:16:05 - M5Trainer - INFO - [Step 19800/20000] Stage D | L=4.2248e+02 (IC=1.121e-02, BC=1.089e-02, PDE=1.166e+05, Qg=1.592e-01, Qz=3.101e-03, Sd=1.671e-01, SwB=0.000e+00) | k_frac=4.3547 mD, dp=13.30 MPa | Sw=[0.260,0.460] | 5310.7s
2026-02-21 19:16:33 - M5Trainer - INFO - [Step 19900/20000] Stage D | L=4.1973e+02 (IC=1.169e-02, BC=1.124e-02, PDE=1.164e+05, Qg=1.592e-01, Qz=3.101e-03, Sd=1.671e-01, SwB=0.000e+00) | k_frac=4.3547 mD, dp=13.30 MPa | Sw=[0.260,0.460] | 5338.4s
2026-02-21 19:17:01 - M5Trainer - INFO - [Step 19999/20000] Stage D | L=4.1291e+02 (IC=1.381e-02, BC=1.073e-02, PDE=1.130e+05, Qg=1.591e-01, Qz=3.101e-03, Sd=1.671e-01, SwB=0.000e+00) | k_frac=4.3547 mD, dp=13.30 MPa | Sw=[0.260,0.460] | 5366.2s
2026-02-21 19:17:01 - M5Trainer - INFO - 
M5 训练完成! 耗时: 5366.2s, 最佳验证分数(val_score): 13.3589
2026-02-21 19:17:01 - M5Trainer - INFO - 配置快照已保存: C:\Users\16281\Desktop\cpedc_project\outputs\mk_pinn_dt_v2\resolved_config_m5.json
2026-02-21 19:17:01 - M5Trainer - INFO - 反演参数审计: C:\Users\16281\Desktop\cpedc_project\outputs\mk_pinn_dt_v2\reports\M5_inversion_params.json
2026-02-21 19:17:01 - M5Trainer - INFO -   history 已恢复 (8801 步)
2026-02-21 19:17:01 - M5Trainer - INFO -   best_step=8800
2026-02-21 19:17:01 - M5Trainer - INFO - 已加载 M5 检查点: C:\Users\16281\Desktop\cpedc_project\outputs\mk_pinn_dt_v2\ckpt\m5_pinn_best.pt
2026-02-21 19:17:01 - M5Trainer - INFO -   history 已恢复 (20000 步)
2026-02-21 19:17:01 - M5Trainer - INFO - 已加载 M5 检查点: C:\Users\16281\Desktop\cpedc_project\outputs\mk_pinn_dt_v2\ckpt\m5_pinn_final.pt
2026-02-21 19:17:01 - M5Trainer - INFO -   history 已恢复 (20000 步)
2026-02-21 19:17:01 - M5Trainer - INFO - 已加载 M5 检查点: C:\Users\16281\Desktop\cpedc_project\outputs\mk_pinn_dt_v2\ckpt\m5_pinn_final.pt
2026-02-21 19:17:01 - M5Trainer - INFO - generate_report: 自动择优采用 final checkpoint, qg_score=7.4697
2026-02-21 19:17:01 - M5Trainer - INFO - 反演参数审计: C:\Users\16281\Desktop\cpedc_project\outputs\mk_pinn_dt_v2\reports\M5_inversion_params.json
2026-02-21 19:17:02 - M5Trainer - INFO - qg 对比图已保存: C:\Users\16281\Desktop\cpedc_project\outputs\mk_pinn_dt_v2\figs\M5_qg_comparison_SY9.png
2026-02-21 19:17:02 - M5Trainer - INFO - p_wf 反演图已保存: C:\Users\16281\Desktop\cpedc_project\outputs\mk_pinn_dt_v2\figs\M5_pwf_inversion_SY9.png
2026-02-21 19:17:03 - M5Trainer - INFO - 训练曲线图已保存: C:\Users\16281\Desktop\cpedc_project\outputs\mk_pinn_dt_v2\figs\M5_training_history.png
2026-02-21 19:17:03 - M5Trainer - INFO - 残差热力图已保存: C:\Users\16281\Desktop\cpedc_project\outputs\mk_pinn_dt_v2\figs\M5_pde_residual_map.png
2026-02-21 19:17:05 - M5Trainer - INFO - M6 连通性分析完成
2026-02-21 19:17:06 - M5Trainer - INFO - M7 水侵预警分析完成
2026-02-21 19:17:06 - M5Trainer - INFO -   history 已恢复 (8801 步)
2026-02-21 19:17:06 - M5Trainer - INFO -   best_step=8800
2026-02-21 19:17:06 - M5Trainer - INFO - 已加载 M5 检查点: C:\Users\16281\Desktop\cpedc_project\outputs\mk_pinn_dt_v2\ckpt\m5_pinn_best.pt
2026-02-21 19:17:06 - M5Trainer - INFO -   history 已恢复 (20000 步)
2026-02-21 19:17:06 - M5Trainer - INFO - 已加载 M5 检查点: C:\Users\16281\Desktop\cpedc_project\outputs\mk_pinn_dt_v2\ckpt\m5_pinn_final.pt
2026-02-21 19:17:06 - M5Trainer - INFO - M5 验收报告已保存: C:\Users\16281\Desktop\cpedc_project\outputs\mk_pinn_dt_v2\reports\M5_validation_report.md
