2026-02-23 00:38:59 - M5Trainer - INFO -   torch.compile 已跳过 (Triton 不支持 Windows, 使用 eager 模式)
2026-02-23 00:38:59 - M5Trainer - INFO - k_frac 独立参数组: lr=2.00e-03 (factor=2.0)
2026-02-23 00:38:59 - M5Trainer - INFO -   [v3.14] Corey 指数可学习: ng₀=1.0846, nw₀=4.4071 (SY13 拟合先验, lr_factor=1.0)
2026-02-23 00:38:59 - M5Trainer - INFO -   [v3.14] well_model.relperm = loss_fn.relperm (共享实例)
2026-02-23 00:38:59 - M5Trainer - INFO - k_net 学习率: 1.00e-04 (factor=0.1, warmup=2000 steps)
2026-02-23 00:38:59 - M5Trainer - INFO -   井 SY9: 1332 条同化数据 (train=799, val=266, test=267)
    开井点数 (q>1): train=745, val=88, test=121
    有效压力点: val_p=109, test_p=121
2026-02-23 00:38:59 - M5Trainer - INFO -   train time window(norm): [0.0000, 0.5995]
2026-02-23 00:38:59 - M5Trainer - INFO -   well_h[SY9] = 48.4 m (有效储厚)
2026-02-23 00:38:59 - M5Trainer - INFO -   well_h[SY13] = 41.6 m (有效储厚)
2026-02-23 00:38:59 - M5Trainer - INFO -   well_h[SY201] = 37.9 m (有效储厚)
2026-02-23 00:38:59 - M5Trainer - INFO -   well_h[SY101] = 41.7 m (有效储厚)
2026-02-23 00:38:59 - M5Trainer - INFO -   well_h[SY102] = 45.4 m (有效储厚)
2026-02-23 00:38:59 - M5Trainer - INFO -   well_h[SY116] = 39.3 m (有效储厚)
2026-02-23 00:38:59 - M5Trainer - INFO -   well_h[SYX211] = 6.0 m (有效储厚)
2026-02-23 00:38:59 - M5Trainer - INFO -   M3 PVT cg(76.0, 140.32) = 0.009744
2026-02-23 00:38:59 - M5Trainer - INFO -   M3 PVT Bg(76.0, 140.32) = 0.002577
2026-02-23 00:38:59 - M5Trainer - INFO -   PDE 缩放: αx=0.101777, αy=0.254660
2026-02-23 00:38:59 - M5Trainer - INFO - M5Trainer 初始化完成: device=cuda, lr=0.001, max_steps=20000, relobralo=True, rar=True
2026-02-23 00:38:59 - M5Trainer - INFO - ============================================================
2026-02-23 00:38:59 - M5Trainer - INFO - M5 PINN 井—藏耦合同化训练开始
2026-02-23 00:38:59 - M5Trainer - INFO - ============================================================
2026-02-23 00:38:59 - M5Trainer - INFO -   阶段权重已被 config 覆盖 (train.stages 或 training_stages.stage_*.weights)
2026-02-23 00:38:59 - M5Trainer - INFO - 训练阶段: A[0-2000] B[2000-9600] C[9600-15600] D[15600-20000]
2026-02-23 00:38:59 - M5Trainer - INFO -   qg_nearzero 权重: A=3.0, B=6.0->9.0, C=12.0, D=3.0, enable=True
2026-02-23 00:38:59 - M5Trainer - INFO - --- M5 单位/量纲诊断 (train 第 1 步前) ---
2026-02-23 00:38:59 - M5Trainer - INFO -   qg_obs 范围: 0.00e+00 ~ 8.39e+05 m³/d, 均值: 2.97e+05 m³/d
2026-02-23 00:38:59 - M5Trainer - INFO -   qg_pred 范围: 1.44e+05 ~ 1.51e+05
2026-02-23 00:38:59 - M5Trainer - INFO -   p_wf 范围: 7.43e+01 ~ 7.43e+01 MPa
2026-02-23 00:38:59 - M5Trainer - INFO -   p_field @ well: 7.50e+01 MPa
2026-02-23 00:38:59 - M5Trainer - INFO -   k_frac = 8.0000 mD
2026-02-23 00:38:59 - M5Trainer - INFO -   WI_raw = 3.352697e-13 [检查单位]
2026-02-23 00:38:59 - M5Trainer - INFO -   dp_wellbore = 13.30 MPa
2026-02-23 00:38:59 - M5Trainer - INFO -   Bg_ref = 2.576898e-03
2026-02-23 00:38:59 - M5Trainer - INFO -   qg_obs 范围: 0.00e+00 ~ 8.39e+05 m³/d
2026-02-23 00:38:59 - M5Trainer - INFO -   qg_obs 中位数 = 3.07e+05 m³/d
2026-02-23 00:38:59 - M5Trainer - INFO -   ✅ v9: PDE源项已升级为时变 source(x,y,t) = qg_obs(t) * kernel(x,y)
2026-02-23 00:38:59 - M5Trainer - INFO -   ✅ 每个PDE配点使用其时刻对应的真实观测产量（线性插值）
2026-02-23 00:38:59 - M5Trainer - INFO - --- 诊断结束 ---
2026-02-23 00:38:59 - M5Trainer - INFO -   [v3.13] Stage A+B 冻结 k_frac=8.0000 mD (Stage C 解冻)
2026-02-23 00:38:59 - M5Trainer - INFO -   [v3.14] Stage A+B 冻结 ng=1.0846, nw=4.4071 (Stage C 解冻)
2026-02-23 00:38:59 - M5Trainer - INFO -   [shape] SY9: qg pred=(1332, 1) vs obs=(1332, 1), p_wf pred=(1332, 1) vs p_obs=(1332, 1)
2026-02-23 00:39:00 - M5Trainer - WARNING -   ⚠️ k_eff_mD.grad 为 None 或零! 可辨识性可能受损
2026-02-23 00:39:00 - M5Trainer - INFO -   ✅ k_net: 18 组参数收到梯度
2026-02-23 00:39:00 - M5Trainer - INFO -   [梯度验收] SY9: qg_obs range=[0.0, 838700.0]
2026-02-23 00:39:00 - M5Trainer - INFO -   [Sw监控] SY9: Sw=[0.2600, 0.2600, 0.2600], krg_min=6.751000e-01
2026-02-23 00:39:00 - M5Trainer - INFO - [Step     0/20000] Stage A | L=4.8374e+02 (IC=1.000e+00, BC=1.000e+00, PDE=1.611e+06, Qg=1.337e+00, Qz=1.846e-02, Sd=3.535e-01, SQg=1.006e-06, SwB=0.000e+00) | k_frac=8.0000 mD, dp=13.30 MPa | ng=1.085, nw=4.407 | Sw=[0.260,0.260] | 0.6s
2026-02-23 00:39:00 - M5Trainer - INFO -   [k_frac诊断] grad=None, k_frac=8.000001 mD
2026-02-23 00:39:13 - M5Trainer - INFO - [Step   100/20000] Stage A | L=3.3302e+02 (IC=1.226e-02, BC=1.525e-02, PDE=1.989e+06, Qg=1.247e+00, Qz=1.946e-02, Sd=3.917e-01, SQg=1.255e-06, SwB=0.000e+00) | k_frac=8.0000 mD, dp=13.30 MPa | ng=1.085, nw=4.407 | Sw=[0.260,0.260] | 13.4s
2026-02-23 00:39:26 - M5Trainer - INFO -   [梯度验收] SY9: qg_obs range=[0.0, 838700.0]
2026-02-23 00:39:26 - M5Trainer - INFO - [Step   200/20000] Stage A | L=1.9313e+02 (IC=5.174e-02, BC=3.427e-02, PDE=1.739e+06, Qg=5.410e-01, Qz=4.573e-02, Sd=1.004e+00, SQg=6.090e-04, SwB=0.000e+00) | k_frac=8.0000 mD, dp=13.30 MPa | ng=1.085, nw=4.407 | Sw=[0.260,0.260] | 27.0s
2026-02-23 00:39:39 - M5Trainer - INFO - [Step   300/20000] Stage A | L=4.3635e+02 (IC=6.512e-02, BC=3.599e-02, PDE=1.922e+06, Qg=3.196e-01, Qz=9.572e-02, Sd=2.153e+00, SQg=1.479e-03, SwB=0.000e+00) | k_frac=8.0000 mD, dp=13.30 MPa | ng=1.085, nw=4.407 | Sw=[0.260,0.455] | 40.0s
2026-02-23 00:39:52 - M5Trainer - INFO -   [梯度验收] SY9: qg_obs range=[0.0, 838700.0]
2026-02-23 00:39:52 - M5Trainer - INFO - [Step   400/20000] Stage A | L=4.5115e+02 (IC=4.939e-02, BC=6.517e-02, PDE=1.876e+06, Qg=3.032e-01, Qz=1.045e-01, Sd=2.312e+00, SQg=1.382e-03, SwB=0.000e+00) | k_frac=8.0000 mD, dp=13.30 MPa | ng=1.085, nw=4.407 | Sw=[0.260,0.443] | 53.1s
2026-02-23 00:40:05 - M5Trainer - INFO -   [Sw监控] SY9: Sw=[0.2600, 0.3008, 0.4577], krg_min=4.645052e-01
2026-02-23 00:40:05 - M5Trainer - INFO - [Step   500/20000] Stage A | L=3.1801e+02 (IC=1.428e-02, BC=1.216e-02, PDE=1.419e+06, Qg=2.916e-01, Qz=1.068e-01, Sd=2.351e+00, SQg=1.498e-03, SwB=0.000e+00) | k_frac=8.0000 mD, dp=13.30 MPa | ng=1.085, nw=4.407 | Sw=[0.260,0.455] | 66.0s
2026-02-23 00:40:05 - M5Trainer - INFO -   [k_frac诊断] grad=None, k_frac=8.000001 mD
2026-02-23 00:40:19 - M5Trainer - INFO -   [梯度验收] SY9: qg_obs range=[0.0, 838700.0]
2026-02-23 00:40:19 - M5Trainer - INFO - [Step   600/20000] Stage A | L=2.6566e+02 (IC=4.266e-02, BC=2.759e-02, PDE=1.395e+06, Qg=2.868e-01, Qz=9.874e-02, Sd=2.124e+00, SQg=1.808e-03, SwB=0.000e+00) | k_frac=8.0000 mD, dp=13.30 MPa | ng=1.085, nw=4.407 | Sw=[0.260,0.442] | 79.3s
2026-02-23 00:40:32 - M5Trainer - INFO - [Step   700/20000] Stage A | L=3.5561e+02 (IC=4.320e-02, BC=4.996e-02, PDE=1.641e+06, Qg=2.804e-01, Qz=8.458e-02, Sd=1.774e+00, SQg=2.338e-03, SwB=0.000e+00) | k_frac=8.0000 mD, dp=13.30 MPa | ng=1.085, nw=4.407 | Sw=[0.260,0.445] | 92.5s
2026-02-23 00:40:45 - M5Trainer - INFO -   [梯度验收] SY9: qg_obs range=[0.0, 838700.0]
2026-02-23 00:40:45 - M5Trainer - INFO - [Step   800/20000] Stage A | L=4.3290e+02 (IC=3.076e-02, BC=2.091e-02, PDE=1.514e+06, Qg=2.742e-01, Qz=5.722e-02, Sd=1.153e+00, SQg=3.190e-03, SwB=0.000e+00) | k_frac=8.0000 mD, dp=13.30 MPa | ng=1.085, nw=4.407 | Sw=[0.260,0.458] | 105.6s
2026-02-23 00:40:58 - M5Trainer - INFO - [Step   900/20000] Stage A | L=3.6129e+02 (IC=4.845e-02, BC=4.457e-02, PDE=1.304e+06, Qg=2.696e-01, Qz=3.991e-02, Sd=7.529e-01, SQg=4.375e-03, SwB=0.000e+00) | k_frac=8.0000 mD, dp=13.30 MPa | ng=1.085, nw=4.407 | Sw=[0.260,0.457] | 118.7s
2026-02-23 00:41:12 - M5Trainer - INFO -   [梯度验收] SY9: qg_obs range=[0.0, 838700.0]
2026-02-23 00:41:12 - M5Trainer - INFO -   [Sw监控] SY9: Sw=[0.2600, 0.2977, 0.4592], krg_min=4.629225e-01
2026-02-23 00:41:12 - M5Trainer - INFO -   [best更新] val_score=23.5593 (step 1000)
2026-02-23 00:41:12 - M5Trainer - INFO - [Step  1000/20000] Stage A | L=1.9489e+02 (IC=3.915e-02, BC=3.749e-02, PDE=1.089e+06, Qg=2.637e-01, Qz=2.221e-02, Sd=3.835e-01, SQg=5.604e-03, SwB=0.000e+00) | k_frac=8.0000 mD, dp=13.30 MPa | ng=1.085, nw=4.407 | Sw=[0.260,0.450] | 132.8s
2026-02-23 00:41:12 - M5Trainer - INFO -   [k_frac诊断] grad=None, k_frac=8.000001 mD
2026-02-23 00:41:26 - M5Trainer - INFO - [Step  1100/20000] Stage A | L=3.5087e+02 (IC=6.605e-02, BC=7.354e-02, PDE=1.244e+06, Qg=2.564e-01, Qz=1.487e-02, Sd=2.373e-01, SQg=6.479e-03, SwB=0.000e+00) | k_frac=8.0000 mD, dp=13.30 MPa | ng=1.085, nw=4.407 | Sw=[0.260,0.454] | 146.7s
2026-02-23 00:41:40 - M5Trainer - INFO -   [梯度验收] SY9: qg_obs range=[0.0, 838700.0]
2026-02-23 00:41:40 - M5Trainer - INFO - [Step  1200/20000] Stage A | L=4.4556e+02 (IC=3.488e-02, BC=2.461e-02, PDE=1.383e+06, Qg=2.565e-01, Qz=1.110e-02, Sd=1.646e-01, SQg=7.163e-03, SwB=0.000e+00) | k_frac=8.0000 mD, dp=13.30 MPa | ng=1.085, nw=4.407 | Sw=[0.260,0.459] | 160.6s
2026-02-23 00:41:53 - M5Trainer - INFO - [Step  1300/20000] Stage A | L=2.6660e+02 (IC=4.428e-02, BC=3.932e-02, PDE=1.129e+06, Qg=2.562e-01, Qz=9.490e-03, Sd=1.341e-01, SQg=7.933e-03, SwB=0.000e+00) | k_frac=8.0000 mD, dp=13.30 MPa | ng=1.085, nw=4.407 | Sw=[0.260,0.459] | 174.2s
2026-02-23 00:42:07 - M5Trainer - INFO -   [梯度验收] SY9: qg_obs range=[0.0, 838700.0]
2026-02-23 00:42:07 - M5Trainer - INFO - [Step  1400/20000] Stage A | L=3.7183e+02 (IC=3.962e-02, BC=2.873e-02, PDE=1.173e+06, Qg=2.627e-01, Qz=7.148e-03, Sd=9.273e-02, SQg=7.801e-03, SwB=0.000e+00) | k_frac=8.0000 mD, dp=13.30 MPa | ng=1.085, nw=4.407 | Sw=[0.260,0.434] | 188.1s
2026-02-23 00:42:21 - M5Trainer - INFO -   [Sw监控] SY9: Sw=[0.2600, 0.2951, 0.4591], krg_min=4.630412e-01
2026-02-23 00:42:21 - M5Trainer - INFO - [Step  1500/20000] Stage A | L=2.7276e+02 (IC=3.144e-02, BC=3.437e-02, PDE=1.059e+06, Qg=2.528e-01, Qz=6.034e-03, Sd=7.323e-02, SQg=8.730e-03, SwB=0.000e+00) | k_frac=8.0000 mD, dp=13.30 MPa | ng=1.085, nw=4.407 | Sw=[0.260,0.459] | 202.0s
2026-02-23 00:42:21 - M5Trainer - INFO -   [k_frac诊断] grad=None, k_frac=8.000001 mD
2026-02-23 00:42:36 - M5Trainer - INFO -   [梯度验收] SY9: qg_obs range=[0.0, 838700.0]
2026-02-23 00:42:36 - M5Trainer - INFO - [Step  1600/20000] Stage A | L=2.8653e+02 (IC=4.201e-02, BC=3.648e-02, PDE=1.050e+06, Qg=2.573e-01, Qz=6.102e-03, Sd=7.443e-02, SQg=9.098e-03, SwB=0.000e+00) | k_frac=8.0000 mD, dp=13.30 MPa | ng=1.085, nw=4.407 | Sw=[0.260,0.460] | 216.7s
2026-02-23 00:42:50 - M5Trainer - INFO - [Step  1700/20000] Stage A | L=2.6207e+02 (IC=7.303e-02, BC=6.679e-02, PDE=1.013e+06, Qg=2.511e-01, Qz=5.679e-03, Sd=6.734e-02, SQg=8.995e-03, SwB=0.000e+00) | k_frac=8.0000 mD, dp=13.30 MPa | ng=1.085, nw=4.407 | Sw=[0.260,0.448] | 230.6s
2026-02-23 00:43:05 - M5Trainer - INFO -   [梯度验收] SY9: qg_obs range=[0.0, 838700.0]
2026-02-23 00:43:05 - M5Trainer - INFO - [Step  1800/20000] Stage A | L=2.8881e+02 (IC=4.531e-02, BC=5.106e-02, PDE=1.085e+06, Qg=2.557e-01, Qz=5.945e-03, Sd=7.111e-02, SQg=8.860e-03, SwB=0.000e+00) | k_frac=8.0000 mD, dp=13.30 MPa | ng=1.085, nw=4.407 | Sw=[0.260,0.456] | 245.5s
2026-02-23 00:43:19 - M5Trainer - INFO - [Step  1900/20000] Stage A | L=2.4427e+02 (IC=3.362e-02, BC=2.976e-02, PDE=1.132e+06, Qg=2.626e-01, Qz=6.708e-03, Sd=8.329e-02, SQg=9.432e-03, SwB=0.000e+00) | k_frac=8.0000 mD, dp=13.30 MPa | ng=1.085, nw=4.407 | Sw=[0.260,0.456] | 260.0s
2026-02-23 00:43:33 - M5Trainer - INFO -   [Sw监控] SY9: Sw=[0.2600, 0.2895, 0.4595], krg_min=4.626127e-01
2026-02-23 00:43:33 - M5Trainer - INFO - [Step  2000/20000] Stage B | L=4.5218e+02 (IC=2.082e-01, BC=2.326e-01, PDE=1.101e+06, Qg=2.846e-01, Qz=7.065e-03, Sd=8.960e-02, SQg=9.481e-03, SwB=0.000e+00) | k_frac=8.0000 mD, dp=13.30 MPa | ng=1.085, nw=4.407 | Sw=[0.260,0.441] | 273.9s
2026-02-23 00:43:33 - M5Trainer - INFO -   [k_frac诊断] grad=None, k_frac=8.000001 mD
2026-02-23 00:43:51 - M5Trainer - INFO - [Step  2100/20000] Stage B | L=4.1051e+02 (IC=2.000e-01, BC=2.024e-01, PDE=9.363e+05, Qg=2.577e-01, Qz=4.144e-03, Sd=4.303e-02, SQg=8.527e-03, SwB=0.000e+00) | k_frac=8.0000 mD, dp=13.30 MPa | ng=1.085, nw=4.407 | Sw=[0.260,0.448] | 291.6s
2026-02-23 00:44:05 - M5Trainer - INFO - [Step  2200/20000] Stage B | L=6.2147e+02 (IC=4.013e-02, BC=2.856e-02, PDE=9.941e+05, Qg=2.461e-01, Qz=4.834e-03, Sd=5.337e-02, SQg=9.311e-03, SwB=0.000e+00) | k_frac=8.0000 mD, dp=13.30 MPa | ng=1.085, nw=4.407 | Sw=[0.260,0.459] | 306.2s
2026-02-23 00:44:19 - M5Trainer - INFO - [Step  2300/20000] Stage B | L=5.1721e+02 (IC=4.845e-02, BC=3.834e-02, PDE=1.045e+06, Qg=2.464e-01, Qz=5.129e-03, Sd=5.779e-02, SQg=9.499e-03, SwB=0.000e+00) | k_frac=8.0000 mD, dp=13.30 MPa | ng=1.085, nw=4.407 | Sw=[0.260,0.459] | 320.2s
2026-02-23 00:44:34 - M5Trainer - INFO - [Step  2400/20000] Stage B | L=5.2679e+02 (IC=4.384e-02, BC=3.082e-02, PDE=9.656e+05, Qg=2.476e-01, Qz=6.618e-03, Sd=8.153e-02, SQg=1.070e-02, SwB=0.000e+00) | k_frac=8.0000 mD, dp=13.30 MPa | ng=1.085, nw=4.407 | Sw=[0.260,0.459] | 334.3s
2026-02-23 00:44:48 - M5Trainer - INFO -   [Sw监控] SY9: Sw=[0.2600, 0.3696, 0.4598], krg_min=4.623357e-01
2026-02-23 00:44:48 - M5Trainer - INFO - [Step  2500/20000] Stage B | L=3.5063e+02 (IC=1.483e-01, BC=1.050e-01, PDE=8.704e+05, Qg=2.345e-01, Qz=9.302e-03, Sd=1.267e-01, SQg=1.273e-02, SwB=0.000e+00) | k_frac=8.0000 mD, dp=13.30 MPa | ng=1.085, nw=4.407 | Sw=[0.260,0.460] | 348.9s
2026-02-23 00:44:48 - M5Trainer - INFO -   [k_frac诊断] grad=None, k_frac=8.000001 mD
2026-02-23 00:45:04 - M5Trainer - INFO - [Step  2600/20000] Stage B | L=3.2738e+02 (IC=7.550e-02, BC=7.601e-02, PDE=8.524e+05, Qg=2.209e-01, Qz=7.367e-03, Sd=9.516e-02, SQg=1.253e-02, SwB=0.000e+00) | k_frac=8.0000 mD, dp=13.30 MPa | ng=1.085, nw=4.407 | Sw=[0.260,0.460] | 364.8s
2026-02-23 00:45:20 - M5Trainer - INFO - [Step  2700/20000] Stage B | L=4.5320e+02 (IC=4.024e-02, BC=3.007e-02, PDE=8.395e+05, Qg=2.230e-01, Qz=7.334e-03, Sd=9.359e-02, SQg=1.229e-02, SwB=0.000e+00) | k_frac=8.0000 mD, dp=13.30 MPa | ng=1.085, nw=4.407 | Sw=[0.260,0.460] | 380.8s
2026-02-23 00:45:35 - M5Trainer - INFO - [Step  2800/20000] Stage B | L=4.6116e+02 (IC=3.412e-02, BC=2.624e-02, PDE=8.548e+05, Qg=2.283e-01, Qz=7.838e-03, Sd=1.022e-01, SQg=1.304e-02, SwB=0.000e+00) | k_frac=8.0000 mD, dp=13.30 MPa | ng=1.085, nw=4.407 | Sw=[0.260,0.459] | 395.5s
2026-02-23 00:45:50 - M5Trainer - INFO - [Step  2900/20000] Stage B | L=3.6946e+02 (IC=1.361e-01, BC=1.441e-01, PDE=9.474e+05, Qg=2.257e-01, Qz=6.805e-03, Sd=8.547e-02, SQg=1.239e-02, SwB=0.000e+00) | k_frac=8.0000 mD, dp=13.30 MPa | ng=1.085, nw=4.407 | Sw=[0.260,0.460] | 411.0s
2026-02-23 00:46:05 - M5Trainer - INFO -   [Sw监控] SY9: Sw=[0.2600, 0.3622, 0.4599], krg_min=4.622614e-01
2026-02-23 00:46:05 - M5Trainer - INFO -   [best更新] val_score=15.2093 (step 3000)
2026-02-23 00:46:05 - M5Trainer - INFO - [Step  3000/20000] Stage B | L=2.7999e+02 (IC=9.059e-02, BC=7.068e-02, PDE=7.854e+05, Qg=2.233e-01, Qz=6.256e-03, Sd=7.721e-02, SQg=1.204e-02, SwB=0.000e+00) | k_frac=8.0000 mD, dp=13.30 MPa | ng=1.085, nw=4.407 | Sw=[0.260,0.460] | 425.5s
2026-02-23 00:46:05 - M5Trainer - INFO -   [k_frac诊断] grad=None, k_frac=8.000001 mD
2026-02-23 00:46:20 - M5Trainer - INFO - [Step  3100/20000] Stage B | L=2.8437e+02 (IC=8.694e-02, BC=9.142e-02, PDE=7.701e+05, Qg=2.325e-01, Qz=6.976e-03, Sd=8.882e-02, SQg=1.335e-02, SwB=0.000e+00) | k_frac=8.0000 mD, dp=13.30 MPa | ng=1.085, nw=4.407 | Sw=[0.260,0.460] | 440.6s
2026-02-23 00:46:37 - M5Trainer - INFO - [Step  3200/20000] Stage B | L=4.1866e+02 (IC=4.908e-02, BC=4.981e-02, PDE=8.369e+05, Qg=2.250e-01, Qz=6.937e-03, Sd=8.768e-02, SQg=1.340e-02, SwB=0.000e+00) | k_frac=8.0000 mD, dp=13.30 MPa | ng=1.085, nw=4.407 | Sw=[0.260,0.460] | 457.3s
2026-02-23 00:46:53 - M5Trainer - INFO - [Step  3300/20000] Stage B | L=3.0972e+02 (IC=4.713e-02, BC=4.060e-02, PDE=6.950e+05, Qg=2.259e-01, Qz=6.753e-03, Sd=8.521e-02, SQg=1.290e-02, SwB=0.000e+00) | k_frac=8.0000 mD, dp=13.30 MPa | ng=1.085, nw=4.407 | Sw=[0.260,0.460] | 474.1s
2026-02-23 00:47:10 - M5Trainer - INFO - [Step  3400/20000] Stage B | L=2.9317e+02 (IC=4.383e-02, BC=4.965e-02, PDE=6.959e+05, Qg=2.195e-01, Qz=6.148e-03, Sd=7.476e-02, SQg=1.247e-02, SwB=0.000e+00) | k_frac=8.0000 mD, dp=13.30 MPa | ng=1.085, nw=4.407 | Sw=[0.260,0.457] | 491.0s
2026-02-23 00:47:27 - M5Trainer - INFO -   [Sw监控] SY9: Sw=[0.2600, 0.3494, 0.4598], krg_min=4.623064e-01
2026-02-23 00:47:27 - M5Trainer - INFO - [Step  3500/20000] Stage B | L=3.0934e+02 (IC=5.509e-02, BC=4.963e-02, PDE=6.927e+05, Qg=2.255e-01, Qz=5.714e-03, Sd=6.729e-02, SQg=1.186e-02, SwB=0.000e+00) | k_frac=8.0000 mD, dp=13.30 MPa | ng=1.085, nw=4.407 | Sw=[0.260,0.460] | 508.1s
2026-02-23 00:47:27 - M5Trainer - INFO -   [k_frac诊断] grad=None, k_frac=8.000001 mD
2026-02-23 00:47:45 - M5Trainer - INFO - [Step  3600/20000] Stage B | L=3.1682e+02 (IC=5.287e-02, BC=5.522e-02, PDE=6.747e+05, Qg=2.178e-01, Qz=6.187e-03, Sd=7.495e-02, SQg=1.293e-02, SwB=0.000e+00) | k_frac=8.0000 mD, dp=13.30 MPa | ng=1.085, nw=4.407 | Sw=[0.260,0.460] | 525.3s
2026-02-23 00:48:01 - M5Trainer - INFO - [Step  3700/20000] Stage B | L=3.8596e+02 (IC=2.115e-02, BC=2.309e-02, PDE=7.352e+05, Qg=2.306e-01, Qz=6.879e-03, Sd=8.659e-02, SQg=1.298e-02, SwB=0.000e+00) | k_frac=8.0000 mD, dp=13.30 MPa | ng=1.085, nw=4.407 | Sw=[0.260,0.459] | 541.9s
2026-02-23 00:48:17 - M5Trainer - INFO - [Step  3800/20000] Stage B | L=2.3251e+02 (IC=5.534e-02, BC=6.683e-02, PDE=7.731e+05, Qg=2.214e-01, Qz=6.152e-03, Sd=7.409e-02, SQg=1.285e-02, SwB=0.000e+00) | k_frac=8.0000 mD, dp=13.30 MPa | ng=1.085, nw=4.407 | Sw=[0.260,0.458] | 557.8s
2026-02-23 00:48:33 - M5Trainer - INFO - [Step  3900/20000] Stage B | L=3.7872e+02 (IC=2.127e-02, BC=1.729e-02, PDE=7.337e+05, Qg=2.188e-01, Qz=5.819e-03, Sd=6.914e-02, SQg=1.159e-02, SwB=0.000e+00) | k_frac=8.0000 mD, dp=13.30 MPa | ng=1.085, nw=4.407 | Sw=[0.260,0.459] | 573.5s
2026-02-23 00:48:48 - M5Trainer - INFO -   [Sw监控] SY9: Sw=[0.2600, 0.3669, 0.4599], krg_min=4.622536e-01
2026-02-23 00:48:48 - M5Trainer - INFO - [Step  4000/20000] Stage B | L=2.4608e+02 (IC=1.394e-01, BC=1.220e-01, PDE=6.769e+05, Qg=2.252e-01, Qz=5.774e-03, Sd=6.822e-02, SQg=1.159e-02, SwB=0.000e+00) | k_frac=8.0000 mD, dp=13.30 MPa | ng=1.085, nw=4.407 | Sw=[0.260,0.460] | 588.9s
2026-02-23 00:48:48 - M5Trainer - INFO -   [k_frac诊断] grad=None, k_frac=8.000001 mD
2026-02-23 00:49:04 - M5Trainer - INFO - [Step  4100/20000] Stage B | L=2.3977e+02 (IC=6.048e-02, BC=5.283e-02, PDE=6.409e+05, Qg=2.151e-01, Qz=6.122e-03, Sd=7.383e-02, SQg=1.250e-02, SwB=0.000e+00) | k_frac=8.0000 mD, dp=13.30 MPa | ng=1.085, nw=4.407 | Sw=[0.260,0.460] | 604.8s
2026-02-23 00:49:20 - M5Trainer - INFO - [Step  4200/20000] Stage B | L=3.1426e+02 (IC=5.247e-02, BC=4.967e-02, PDE=6.622e+05, Qg=2.188e-01, Qz=5.856e-03, Sd=6.914e-02, SQg=1.229e-02, SwB=0.000e+00) | k_frac=8.0000 mD, dp=13.30 MPa | ng=1.085, nw=4.407 | Sw=[0.260,0.460] | 620.7s
2026-02-23 00:49:36 - M5Trainer - INFO - [Step  4300/20000] Stage B | L=2.2049e+02 (IC=3.127e-02, BC=2.764e-02, PDE=6.187e+05, Qg=2.167e-01, Qz=5.803e-03, Sd=6.801e-02, SQg=1.277e-02, SwB=0.000e+00) | k_frac=8.0000 mD, dp=13.30 MPa | ng=1.085, nw=4.407 | Sw=[0.260,0.460] | 636.7s
2026-02-23 00:49:52 - M5Trainer - INFO - [Step  4400/20000] Stage B | L=3.3323e+02 (IC=3.067e-02, BC=3.067e-02, PDE=6.593e+05, Qg=2.213e-01, Qz=5.851e-03, Sd=6.901e-02, SQg=1.186e-02, SwB=0.000e+00) | k_frac=8.0000 mD, dp=13.30 MPa | ng=1.085, nw=4.407 | Sw=[0.260,0.460] | 652.8s
2026-02-23 00:50:07 - M5Trainer - INFO -   [Sw监控] SY9: Sw=[0.2600, 0.3653, 0.4599], krg_min=4.622099e-01
2026-02-23 00:50:07 - M5Trainer - INFO - [Step  4500/20000] Stage B | L=2.2925e+02 (IC=5.705e-02, BC=5.252e-02, PDE=6.088e+05, Qg=2.160e-01, Qz=5.369e-03, Sd=6.138e-02, SQg=1.184e-02, SwB=0.000e+00) | k_frac=8.0000 mD, dp=13.30 MPa | ng=1.085, nw=4.407 | Sw=[0.260,0.460] | 668.1s
2026-02-23 00:50:07 - M5Trainer - INFO -   [k_frac诊断] grad=None, k_frac=8.000001 mD
2026-02-23 00:50:23 - M5Trainer - INFO - [Step  4600/20000] Stage B | L=2.9590e+02 (IC=2.432e-02, BC=1.795e-02, PDE=6.511e+05, Qg=2.249e-01, Qz=6.032e-03, Sd=7.150e-02, SQg=1.327e-02, SwB=0.000e+00) | k_frac=8.0000 mD, dp=13.30 MPa | ng=1.085, nw=4.407 | Sw=[0.260,0.460] | 684.1s
2026-02-23 00:50:39 - M5Trainer - INFO - [Step  4700/20000] Stage B | L=2.2380e+02 (IC=7.743e-02, BC=8.068e-02, PDE=5.808e+05, Qg=2.168e-01, Qz=5.593e-03, Sd=6.461e-02, SQg=1.218e-02, SwB=0.000e+00) | k_frac=8.0000 mD, dp=13.30 MPa | ng=1.085, nw=4.407 | Sw=[0.260,0.460] | 700.1s
2026-02-23 00:50:55 - M5Trainer - INFO - [Step  4800/20000] Stage B | L=2.8944e+02 (IC=2.258e-02, BC=1.991e-02, PDE=5.819e+05, Qg=2.188e-01, Qz=5.539e-03, Sd=6.406e-02, SQg=1.166e-02, SwB=0.000e+00) | k_frac=8.0000 mD, dp=13.30 MPa | ng=1.085, nw=4.407 | Sw=[0.260,0.460] | 716.2s
2026-02-23 00:51:13 - M5Trainer - INFO - [Step  4900/20000] Stage B | L=2.1576e+02 (IC=4.424e-02, BC=4.855e-02, PDE=5.651e+05, Qg=2.246e-01, Qz=5.692e-03, Sd=6.652e-02, SQg=1.285e-02, SwB=0.000e+00) | k_frac=8.0000 mD, dp=13.30 MPa | ng=1.085, nw=4.407 | Sw=[0.260,0.460] | 733.5s
2026-02-23 00:51:31 - M5Trainer - INFO -   [Sw监控] SY9: Sw=[0.2600, 0.3726, 0.4599], krg_min=4.621784e-01
2026-02-23 00:51:31 - M5Trainer - INFO - [Step  5000/20000] Stage B | L=2.6718e+02 (IC=3.030e-02, BC=2.500e-02, PDE=5.581e+05, Qg=2.145e-01, Qz=5.524e-03, Sd=6.370e-02, SQg=1.256e-02, SwB=0.000e+00) | k_frac=8.0000 mD, dp=13.30 MPa | ng=1.085, nw=4.407 | Sw=[0.260,0.460] | 751.3s
2026-02-23 00:51:31 - M5Trainer - INFO -   [k_frac诊断] grad=None, k_frac=8.000001 mD
2026-02-23 00:51:48 - M5Trainer - INFO - [Step  5100/20000] Stage B | L=2.3609e+02 (IC=2.026e-02, BC=2.822e-02, PDE=5.599e+05, Qg=2.141e-01, Qz=5.386e-03, Sd=6.167e-02, SQg=1.200e-02, SwB=0.000e+00) | k_frac=8.0000 mD, dp=13.30 MPa | ng=1.085, nw=4.407 | Sw=[0.260,0.460] | 768.7s
2026-02-23 00:52:04 - M5Trainer - INFO - [Step  5200/20000] Stage B | L=2.9264e+02 (IC=1.594e-02, BC=1.131e-02, PDE=5.933e+05, Qg=2.118e-01, Qz=5.890e-03, Sd=6.935e-02, SQg=1.245e-02, SwB=0.000e+00) | k_frac=8.0000 mD, dp=13.30 MPa | ng=1.085, nw=4.407 | Sw=[0.260,0.460] | 785.0s
2026-02-23 00:52:21 - M5Trainer - INFO - [Step  5300/20000] Stage B | L=2.6320e+02 (IC=6.581e-02, BC=4.694e-02, PDE=6.198e+05, Qg=2.204e-01, Qz=6.251e-03, Sd=7.474e-02, SQg=1.338e-02, SwB=0.000e+00) | k_frac=8.0000 mD, dp=13.30 MPa | ng=1.085, nw=4.407 | Sw=[0.260,0.460] | 801.6s
2026-02-23 00:52:37 - M5Trainer - INFO - [Step  5400/20000] Stage B | L=3.3959e+02 (IC=1.358e-02, BC=1.149e-02, PDE=5.656e+05, Qg=2.115e-01, Qz=5.428e-03, Sd=6.228e-02, SQg=1.284e-02, SwB=0.000e+00) | k_frac=8.0000 mD, dp=13.30 MPa | ng=1.085, nw=4.407 | Sw=[0.260,0.460] | 817.8s
2026-02-23 00:52:53 - M5Trainer - INFO -   [Sw监控] SY9: Sw=[0.2600, 0.3560, 0.4599], krg_min=4.621970e-01
2026-02-23 00:52:53 - M5Trainer - INFO - [Step  5500/20000] Stage B | L=1.3500e+02 (IC=2.054e-01, BC=2.100e-01, PDE=5.099e+05, Qg=2.141e-01, Qz=5.794e-03, Sd=6.800e-02, SQg=1.279e-02, SwB=0.000e+00) | k_frac=8.0000 mD, dp=13.30 MPa | ng=1.085, nw=4.407 | Sw=[0.260,0.460] | 834.2s
2026-02-23 00:52:53 - M5Trainer - INFO -   [k_frac诊断] grad=None, k_frac=8.000001 mD
2026-02-23 00:53:10 - M5Trainer - INFO - [Step  5600/20000] Stage B | L=3.1701e+02 (IC=2.693e-02, BC=3.045e-02, PDE=5.916e+05, Qg=2.137e-01, Qz=5.414e-03, Sd=6.188e-02, SQg=1.258e-02, SwB=0.000e+00) | k_frac=8.0000 mD, dp=13.30 MPa | ng=1.085, nw=4.407 | Sw=[0.260,0.459] | 850.6s
2026-02-23 00:53:27 - M5Trainer - INFO - [Step  5700/20000] Stage B | L=3.1660e+02 (IC=1.173e-02, BC=1.146e-02, PDE=5.157e+05, Qg=2.162e-01, Qz=5.532e-03, Sd=6.378e-02, SQg=1.298e-02, SwB=0.000e+00) | k_frac=8.0000 mD, dp=13.30 MPa | ng=1.085, nw=4.407 | Sw=[0.260,0.460] | 867.4s
