2026-02-18 14:01:25 - M5Trainer - INFO -   torch.compile 已跳过 (Triton 不支持 Windows, 使用 eager 模式)
2026-02-18 14:01:25 - M5Trainer - INFO - k_frac 独立参数组: lr=3.00e-03 (factor=3.0)
2026-02-18 14:01:26 - M5Trainer - INFO - k_net 学习率: 1.00e-04 (factor=0.1, warmup=2000 steps)
2026-02-18 14:01:26 - M5Trainer - INFO -   井 SY9: 1332 条同化数据 (train=799, val=266, test=267)
    开井点数 (q>1): train=745, val=88, test=121
    有效压力点: val_p=109, test_p=121
2026-02-18 14:01:26 - M5Trainer - INFO -   train time window(norm): [0.0000, 0.5995]
2026-02-18 14:01:26 - M5Trainer - INFO -   M3 PVT cg(76.0, 140.32) = 0.009744
2026-02-18 14:01:26 - M5Trainer - INFO -   M3 PVT Bg(76.0, 140.32) = 0.002577
2026-02-18 14:01:26 - M5Trainer - INFO -   PDE 缩放: αx=0.029719, αy=0.074361
2026-02-18 14:01:26 - M5Trainer - INFO - M5Trainer 初始化完成: device=cuda, lr=0.001, max_steps=5000, relobralo=True, rar=True
2026-02-18 14:01:26 - M5Trainer - INFO - ============================================================
2026-02-18 14:01:26 - M5Trainer - INFO - M5 PINN 井—藏耦合同化训练开始
2026-02-18 14:01:26 - M5Trainer - INFO - ============================================================
2026-02-18 14:01:26 - M5Trainer - INFO - 训练阶段: A[0-500] B[500-1750] C[1750-3500] D[3500-5000]
2026-02-18 14:01:26 - M5Trainer - INFO -   qg_nearzero 权重: A=3.0, B=6.0->9.0, C=12.0, D=12.0, enable=True
2026-02-18 14:01:26 - M5Trainer - INFO - --- M5 单位/量纲诊断 (train 第 1 步前) ---
2026-02-18 14:01:26 - M5Trainer - INFO -   qg_obs 范围: 0.00e+00 ~ 8.39e+05 m³/d, 均值: 2.97e+05 m³/d
2026-02-18 14:01:26 - M5Trainer - INFO -   qg_pred 范围: 4.88e+05 ~ 4.98e+05
2026-02-18 14:01:26 - M5Trainer - INFO -   p_wf 范围: 7.41e+01 ~ 7.41e+01 MPa
2026-02-18 14:01:26 - M5Trainer - INFO -   p_field @ well: 7.50e+01 MPa
2026-02-18 14:01:26 - M5Trainer - INFO -   k_frac = 5.4020 mD
2026-02-18 14:01:26 - M5Trainer - INFO -   WI_raw = 4.309845e-13 [检查单位]
2026-02-18 14:01:26 - M5Trainer - INFO -   dp_wellbore = 12.00 MPa
2026-02-18 14:01:26 - M5Trainer - INFO -   Bg_ref = 2.576898e-03
2026-02-18 14:01:26 - M5Trainer - INFO -   qg_obs 范围: 0.00e+00 ~ 8.39e+05 m³/d
2026-02-18 14:01:26 - M5Trainer - INFO -   qg_obs 中位数 = 3.07e+05 m³/d
2026-02-18 14:01:26 - M5Trainer - INFO -   ✅ v9: PDE源项已升级为时变 source(x,y,t) = qg_obs(t) * kernel(x,y)
2026-02-18 14:01:26 - M5Trainer - INFO -   ✅ 每个PDE配点使用其时刻对应的真实观测产量（线性插值）
2026-02-18 14:01:26 - M5Trainer - INFO - --- 诊断结束 ---
2026-02-18 14:01:26 - M5Trainer - INFO -   [shape] SY9: qg pred=(1332, 1) vs obs=(1332, 1), p_wf pred=(1332, 1) vs p_obs=(1332, 1)
2026-02-18 14:01:26 - M5Trainer - INFO -   [Sw约束v9] Sw=[0.260, 0.260, 0.260], 权重=500, 惩罚=0.000000 (低=0.0000, 高=0.0000)
2026-02-18 14:01:26 - M5Trainer - INFO -   ✅ k_frac_mD.grad = 3.116127e-01 (PDE梯度贯通)
2026-02-18 14:01:26 - M5Trainer - INFO -   ✅ k_net: 18 组参数收到梯度
2026-02-18 14:01:26 - M5Trainer - INFO -   [梯度验收] SY9: qg_obs range=[0.0, 838700.0]
2026-02-18 14:01:26 - M5Trainer - INFO -   [Sw监控] SY9: Sw=[0.2600, 0.2600, 0.2600], krg_min=6.751000e-01
2026-02-18 14:01:26 - M5Trainer - INFO - [Step     0/5000] Stage A | L=1.0600e+03 (IC=1.000e+00, BC=1.000e+00, PDE=1.611e+06, Qg=3.837e-01, Qz=9.630e+01, Sd=6.094e-01, SwB=0.000e+00) | k_frac=5.4018 mD, dp=12.00 MPa | Sw=[0.260,0.260] | 0.6s
2026-02-18 14:01:26 - M5Trainer - INFO -   [k_frac诊断] grad=3.1161e-01, k_frac=5.401842 mD
2026-02-18 14:01:39 - M5Trainer - INFO - [Step   100/5000] Stage A | L=3.4831e+02 (IC=9.167e-03, BC=9.403e-03, PDE=1.987e+06, Qg=5.944e-01, Qz=4.423e+00, Sd=4.138e-01, SwB=0.000e+00) | k_frac=5.3426 mD, dp=12.02 MPa | Sw=[0.192,0.535] | 13.2s
2026-02-18 14:01:52 - M5Trainer - INFO -   [梯度验收] SY9: qg_obs range=[0.0, 838700.0]
2026-02-18 14:01:52 - M5Trainer - INFO - [Step   200/5000] Stage A | L=1.7468e+02 (IC=2.447e-02, BC=2.569e-02, PDE=1.739e+06, Qg=4.803e-01, Qz=1.537e+00, Sd=1.267e+01, SwB=0.000e+00) | k_frac=5.2757 mD, dp=12.08 MPa | Sw=[0.163,0.833] | 25.8s
2026-02-18 14:02:04 - M5Trainer - INFO - [Step   300/5000] Stage A | L=2.8831e+02 (IC=1.513e-01, BC=1.077e-01, PDE=1.921e+06, Qg=4.510e-01, Qz=1.053e+00, Sd=2.311e+01, SwB=9.533e-07) | k_frac=5.1820 mD, dp=12.09 MPa | Sw=[0.130,0.760] | 38.4s
2026-02-18 14:02:17 - M5Trainer - INFO -   [梯度验收] SY9: qg_obs range=[0.0, 838700.0]
2026-02-18 14:02:17 - M5Trainer - INFO - [Step   400/5000] Stage A | L=3.0278e+02 (IC=7.178e-02, BC=6.060e-02, PDE=1.875e+06, Qg=4.285e-01, Qz=1.017e+00, Sd=2.795e+01, SwB=1.410e-06) | k_frac=5.1202 mD, dp=12.09 MPa | Sw=[0.133,0.763] | 51.0s
2026-02-18 14:02:29 - M5Trainer - INFO -   [Sw约束v9] Sw=[0.128, 0.308, 0.872], 权重=300, 惩罚=0.000002 (低=0.0000, 高=0.0000)
2026-02-18 14:02:29 - M5Trainer - INFO -   [Sw监控] SY9: Sw=[0.5119, 0.7200, 0.8717], krg_min=6.544983e-03
2026-02-18 14:02:29 - M5Trainer - INFO - [Step   500/5000] Stage B | L=1.4630e+03 (IC=6.025e-02, BC=3.802e-02, PDE=1.525e+06, Qg=3.870e-01, Qz=9.210e-01, Sd=2.736e+01, SwB=1.870e-06) | k_frac=5.0475 mD, dp=12.10 MPa | Sw=[0.146,0.840] | 63.7s
2026-02-18 14:02:29 - M5Trainer - INFO -   [k_frac诊断] grad=2.1173e-01, k_frac=5.047538 mD
2026-02-18 14:02:42 - M5Trainer - INFO -   [梯度验收] SY9: qg_obs range=[0.0, 838700.0]
2026-02-18 14:02:42 - M5Trainer - INFO - [Step   600/5000] Stage B | L=1.4396e+03 (IC=1.404e-01, BC=1.711e-01, PDE=1.502e+06, Qg=3.724e-01, Qz=4.634e+00, Sd=1.005e+00, SwB=0.000e+00) | k_frac=5.0279 mD, dp=12.21 MPa | Sw=[0.141,0.766] | 76.5s
2026-02-18 14:02:55 - M5Trainer - INFO - [Step   700/5000] Stage B | L=1.8236e+03 (IC=3.471e-01, BC=3.004e-01, PDE=1.790e+06, Qg=3.540e-01, Qz=2.144e+00, Sd=1.016e+00, SwB=0.000e+00) | k_frac=5.0306 mD, dp=12.39 MPa | Sw=[0.140,0.694] | 89.4s
2026-02-18 14:03:08 - M5Trainer - INFO -   [梯度验收] SY9: qg_obs range=[0.0, 838700.0]
2026-02-18 14:03:08 - M5Trainer - INFO - [Step   800/5000] Stage B | L=1.8544e+03 (IC=1.397e-01, BC=1.241e-01, PDE=1.638e+06, Qg=3.570e-01, Qz=2.131e+00, Sd=9.786e-01, SwB=0.000e+00) | k_frac=5.0105 mD, dp=12.58 MPa | Sw=[0.138,0.589] | 102.2s
2026-02-18 14:03:21 - M5Trainer - INFO - [Step   900/5000] Stage B | L=1.4949e+03 (IC=2.494e-01, BC=2.115e-01, PDE=1.399e+06, Qg=3.716e-01, Qz=4.633e+00, Sd=9.527e-01, SwB=0.000e+00) | k_frac=5.0109 mD, dp=12.81 MPa | Sw=[0.128,0.603] | 115.1s
2026-02-18 14:03:34 - M5Trainer - INFO -   [Sw约束v9] Sw=[0.122, 0.304, 0.850], 权重=300, 惩罚=0.000000 (低=0.0000, 高=0.0000)
2026-02-18 14:03:34 - M5Trainer - INFO -   [梯度验收] SY9: qg_obs range=[0.0, 838700.0]
2026-02-18 14:03:34 - M5Trainer - INFO -   [Sw监控] SY9: Sw=[0.1362, 0.4431, 0.8502], krg_min=1.140754e-02
2026-02-18 14:03:34 - M5Trainer - INFO -   [best更新] val_score=26.8510 (step 1000)
2026-02-18 14:03:34 - M5Trainer - INFO - [Step  1000/5000] Stage B | L=1.4893e+03 (IC=1.824e-01, BC=1.421e-01, PDE=1.310e+06, Qg=3.713e-01, Qz=6.975e+00, Sd=9.927e-01, SwB=6.440e-11) | k_frac=4.9747 mD, dp=13.05 MPa | Sw=[0.122,0.776] | 128.0s
2026-02-18 14:03:34 - M5Trainer - INFO -   [k_frac诊断] grad=2.5635e+00, k_frac=4.974685 mD
2026-02-18 14:03:47 - M5Trainer - INFO - [Step  1100/5000] Stage B | L=2.0454e+03 (IC=9.219e-02, BC=8.137e-02, PDE=1.524e+06, Qg=3.364e-01, Qz=7.662e+00, Sd=9.729e-01, SwB=6.761e-08) | k_frac=5.0269 mD, dp=13.35 MPa | Sw=[0.123,0.799] | 141.1s
2026-02-18 14:04:00 - M5Trainer - INFO -   [梯度验收] SY9: qg_obs range=[0.0, 838700.0]
2026-02-18 14:04:00 - M5Trainer - INFO - [Step  1200/5000] Stage B | L=2.4309e+03 (IC=1.541e-01, BC=1.070e-01, PDE=1.713e+06, Qg=3.545e-01, Qz=7.138e+00, Sd=9.859e-01, SwB=5.755e-08) | k_frac=4.9849 mD, dp=13.58 MPa | Sw=[0.129,0.829] | 154.2s
2026-02-18 14:04:13 - M5Trainer - INFO - [Step  1300/5000] Stage B | L=1.6640e+03 (IC=3.091e-01, BC=3.711e-01, PDE=1.382e+06, Qg=3.856e-01, Qz=3.930e+00, Sd=9.494e-01, SwB=0.000e+00) | k_frac=5.0378 mD, dp=13.78 MPa | Sw=[0.126,0.792] | 167.4s
2026-02-18 14:04:26 - M5Trainer - INFO -   [梯度验收] SY9: qg_obs range=[0.0, 838700.0]
2026-02-18 14:04:26 - M5Trainer - INFO - [Step  1400/5000] Stage B | L=2.1070e+03 (IC=9.832e-02, BC=6.620e-02, PDE=1.428e+06, Qg=3.649e-01, Qz=3.568e+00, Sd=8.704e-01, SwB=2.733e-08) | k_frac=5.0352 mD, dp=13.98 MPa | Sw=[0.124,0.589] | 180.5s
2026-02-18 14:04:39 - M5Trainer - INFO -   [Sw约束v9] Sw=[0.127, 0.283, 0.859], 权重=300, 惩罚=0.000000 (低=0.0000, 高=0.0000)
2026-02-18 14:04:40 - M5Trainer - INFO -   [Sw监控] SY9: Sw=[0.1487, 0.4444, 0.8574], krg_min=9.638876e-03
2026-02-18 14:04:40 - M5Trainer - INFO - [Step  1500/5000] Stage B | L=1.8449e+03 (IC=2.292e-01, BC=2.068e-01, PDE=1.339e+06, Qg=3.584e-01, Qz=3.411e+00, Sd=8.810e-01, SwB=6.772e-08) | k_frac=5.0972 mD, dp=14.21 MPa | Sw=[0.135,0.706] | 193.7s
2026-02-18 14:04:40 - M5Trainer - INFO -   [k_frac诊断] grad=-5.0061e-01, k_frac=5.097187 mD
2026-02-18 14:04:53 - M5Trainer - INFO -   [梯度验收] SY9: qg_obs range=[0.0, 838700.0]
2026-02-18 14:04:53 - M5Trainer - INFO - [Step  1600/5000] Stage B | L=2.0173e+03 (IC=1.493e-01, BC=8.770e-02, PDE=1.325e+06, Qg=3.472e-01, Qz=3.341e+00, Sd=9.507e-01, SwB=9.191e-07) | k_frac=5.1228 mD, dp=14.40 MPa | Sw=[0.125,0.609] | 207.1s
2026-02-18 14:05:06 - M5Trainer - INFO - [Step  1700/5000] Stage B | L=2.0186e+03 (IC=1.075e-01, BC=6.687e-02, PDE=1.271e+06, Qg=3.302e-01, Qz=6.013e+00, Sd=9.494e-01, SwB=2.764e-07) | k_frac=5.1244 mD, dp=14.59 MPa | Sw=[0.122,0.742] | 220.4s
2026-02-18 14:05:20 - M5Trainer - INFO -   [梯度验收] SY9: qg_obs range=[0.0, 838700.0]
2026-02-18 14:05:20 - M5Trainer - INFO - [Step  1800/5000] Stage C | L=9.0513e+03 (IC=3.621e-01, BC=2.894e-01, PDE=1.385e+06, Qg=3.704e-01, Qz=3.706e+00, Sd=9.398e-01, SwB=1.041e-09) | k_frac=5.1692 mD, dp=14.76 MPa | Sw=[0.126,0.777] | 233.8s
2026-02-18 14:05:33 - M5Trainer - INFO - [Step  1900/5000] Stage C | L=1.2150e+04 (IC=1.082e-01, BC=1.037e-01, PDE=1.453e+06, Qg=3.758e-01, Qz=3.441e+00, Sd=8.541e-01, SwB=6.646e-07) | k_frac=5.2316 mD, dp=14.85 MPa | Sw=[0.122,0.862] | 247.2s
2026-02-18 14:05:46 - M5Trainer - INFO -   [Sw约束v9] Sw=[0.121, 0.318, 0.862], 权重=200, 惩罚=0.000001 (低=0.0000, 高=0.0000)
2026-02-18 14:05:46 - M5Trainer - INFO -   [Sw监控] SY9: Sw=[0.1496, 0.4757, 0.8619], krg_min=8.612468e-03
2026-02-18 14:05:46 - M5Trainer - INFO - [Step  2000/5000] Stage C | L=1.0257e+04 (IC=5.324e-01, BC=3.475e-01, PDE=1.472e+06, Qg=3.758e-01, Qz=4.785e+00, Sd=8.841e-01, SwB=6.883e-07) | k_frac=5.3144 mD, dp=14.93 MPa | Sw=[0.121,0.783] | 260.6s
2026-02-18 14:05:46 - M5Trainer - INFO -   [k_frac诊断] grad=1.3115e+00, k_frac=5.314425 mD
2026-02-18 14:06:00 - M5Trainer - INFO - [Step  2100/5000] Stage C | L=1.1209e+04 (IC=1.487e-01, BC=1.071e-01, PDE=1.231e+06, Qg=3.664e-01, Qz=3.783e+00, Sd=8.683e-01, SwB=5.149e-08) | k_frac=5.3795 mD, dp=15.02 MPa | Sw=[0.129,0.795] | 274.4s
2026-02-18 14:06:14 - M5Trainer - INFO - [Step  2200/5000] Stage C | L=1.2037e+04 (IC=2.437e-01, BC=1.991e-01, PDE=1.307e+06, Qg=3.804e-01, Qz=5.453e+00, Sd=7.547e-01, SwB=4.345e-07) | k_frac=5.4087 mD, dp=15.11 MPa | Sw=[0.122,0.821] | 288.1s
2026-02-18 14:06:28 - M5Trainer - INFO - [Step  2300/5000] Stage C | L=1.4439e+04 (IC=2.555e-01, BC=1.275e-01, PDE=1.400e+06, Qg=3.937e-01, Qz=3.079e+00, Sd=6.846e-01, SwB=4.736e-07) | k_frac=5.4305 mD, dp=15.22 MPa | Sw=[0.122,0.861] | 301.8s
2026-02-18 14:06:41 - M5Trainer - INFO - [Step  2400/5000] Stage C | L=1.3758e+04 (IC=1.852e-01, BC=8.863e-02, PDE=1.281e+06, Qg=3.548e-01, Qz=4.036e+00, Sd=7.717e-01, SwB=0.000e+00) | k_frac=5.5372 mD, dp=15.31 MPa | Sw=[0.128,0.697] | 315.5s
2026-02-18 14:06:55 - M5Trainer - INFO -   [Sw约束v9] Sw=[0.121, 0.291, 0.860], 权重=200, 惩罚=0.000000 (低=0.0000, 高=0.0000)
2026-02-18 14:06:55 - M5Trainer - INFO -   [Sw监控] SY9: Sw=[0.1338, 0.4592, 0.8625], krg_min=8.459267e-03
2026-02-18 14:06:55 - M5Trainer - INFO - [Step  2500/5000] Stage C | L=1.2692e+04 (IC=2.031e-01, BC=1.420e-01, PDE=1.217e+06, Qg=3.762e-01, Qz=3.413e+00, Sd=6.971e-01, SwB=2.403e-07) | k_frac=5.5516 mD, dp=15.40 MPa | Sw=[0.123,0.738] | 329.3s
2026-02-18 14:06:55 - M5Trainer - INFO -   [k_frac诊断] grad=-8.2647e-01, k_frac=5.551568 mD
2026-02-18 14:07:09 - M5Trainer - INFO - [Step  2600/5000] Stage C | L=1.1583e+04 (IC=3.538e-01, BC=2.015e-01, PDE=1.200e+06, Qg=3.695e-01, Qz=3.197e+00, Sd=7.077e-01, SwB=1.449e-06) | k_frac=5.5815 mD, dp=15.48 MPa | Sw=[0.121,0.755] | 343.6s
2026-02-18 14:07:24 - M5Trainer - INFO - [Step  2700/5000] Stage C | L=1.1090e+04 (IC=3.818e-01, BC=2.744e-01, PDE=1.176e+06, Qg=3.638e-01, Qz=3.508e+00, Sd=7.471e-01, SwB=3.099e-07) | k_frac=5.6548 mD, dp=15.57 MPa | Sw=[0.121,0.762] | 357.8s
2026-02-18 14:07:38 - M5Trainer - INFO - [Step  2800/5000] Stage C | L=1.3961e+04 (IC=2.092e-01, BC=5.961e-02, PDE=1.184e+06, Qg=3.458e-01, Qz=3.298e+00, Sd=7.426e-01, SwB=4.295e-08) | k_frac=5.6707 mD, dp=15.61 MPa | Sw=[0.123,0.839] | 372.0s
2026-02-18 14:07:52 - M5Trainer - INFO - [Step  2900/5000] Stage C | L=1.8037e+04 (IC=1.489e-01, BC=6.829e-02, PDE=1.345e+06, Qg=3.606e-01, Qz=3.588e+00, Sd=7.227e-01, SwB=3.988e-07) | k_frac=5.6610 mD, dp=15.65 MPa | Sw=[0.122,0.847] | 386.1s
2026-02-18 14:08:06 - M5Trainer - INFO -   [Sw约束v9] Sw=[0.121, 0.258, 0.860], 权重=200, 惩罚=0.000000 (低=0.0000, 高=0.0000)
2026-02-18 14:08:06 - M5Trainer - INFO -   [Sw监控] SY9: Sw=[0.1268, 0.4581, 0.8593], krg_min=9.184483e-03
2026-02-18 14:08:06 - M5Trainer - INFO - [Step  3000/5000] Stage C | L=1.3988e+04 (IC=1.655e-01, BC=8.229e-02, PDE=1.137e+06, Qg=3.457e-01, Qz=3.597e+00, Sd=7.246e-01, SwB=7.718e-08) | k_frac=5.7068 mD, dp=15.71 MPa | Sw=[0.122,0.765] | 400.3s
2026-02-18 14:08:06 - M5Trainer - INFO -   [k_frac诊断] grad=6.1478e-01, k_frac=5.706810 mD
2026-02-18 14:08:21 - M5Trainer - INFO - [Step  3100/5000] Stage C | L=1.4338e+04 (IC=1.379e-01, BC=6.403e-02, PDE=1.117e+06, Qg=3.479e-01, Qz=3.239e+00, Sd=7.217e-01, SwB=4.649e-07) | k_frac=5.7210 mD, dp=15.74 MPa | Sw=[0.122,0.773] | 414.8s
2026-02-18 14:08:35 - M5Trainer - INFO - [Step  3200/5000] Stage C | L=1.7019e+04 (IC=1.655e-01, BC=7.644e-02, PDE=1.238e+06, Qg=3.473e-01, Qz=4.863e+00, Sd=7.136e-01, SwB=1.202e-06) | k_frac=5.7308 mD, dp=15.77 MPa | Sw=[0.121,0.703] | 429.2s
2026-02-18 14:08:49 - M5Trainer - INFO - [Step  3300/5000] Stage C | L=1.1817e+04 (IC=1.985e-01, BC=9.537e-02, PDE=9.996e+05, Qg=3.310e-01, Qz=3.372e+00, Sd=7.046e-01, SwB=3.056e-07) | k_frac=5.7457 mD, dp=15.81 MPa | Sw=[0.121,0.856] | 443.6s
2026-02-18 14:09:04 - M5Trainer - INFO - [Step  3400/5000] Stage C | L=1.3079e+04 (IC=1.526e-01, BC=8.640e-02, PDE=1.020e+06, Qg=3.592e-01, Qz=3.499e+00, Sd=6.648e-01, SwB=1.982e-07) | k_frac=5.7456 mD, dp=15.84 MPa | Sw=[0.121,0.818] | 457.9s
2026-02-18 14:09:19 - M5Trainer - INFO -   [Sw约束v9] Sw=[0.120, 0.267, 0.875], 权重=100, 惩罚=0.000004 (低=0.0000, 高=0.0000)
2026-02-18 14:09:19 - M5Trainer - INFO -   [Sw监控] SY9: Sw=[0.1237, 0.4422, 0.8746], krg_min=6.010840e-03
2026-02-18 14:09:19 - M5Trainer - INFO - [Step  3500/5000] Stage D | L=1.3338e+04 (IC=1.527e-01, BC=1.227e-01, PDE=1.039e+06, Qg=3.439e-01, Qz=3.815e+00, Sd=6.939e-01, SwB=4.350e-06) | k_frac=5.7799 mD, dp=15.88 MPa | Sw=[0.120,0.856] | 473.0s
2026-02-18 14:09:19 - M5Trainer - INFO -   [k_frac诊断] grad=-1.6938e-01, k_frac=5.779852 mD
2026-02-18 14:09:35 - M5Trainer - INFO - [Step  3600/5000] Stage D | L=1.1876e+04 (IC=2.487e-01, BC=1.095e-01, PDE=9.920e+05, Qg=3.363e-01, Qz=3.677e+00, Sd=7.106e-01, SwB=4.059e-06) | k_frac=5.7908 mD, dp=15.89 MPa | Sw=[0.120,0.675] | 488.8s
2026-02-18 14:09:51 - M5Trainer - INFO - [Step  3700/5000] Stage D | L=1.4204e+04 (IC=1.959e-01, BC=1.111e-01, PDE=1.086e+06, Qg=3.377e-01, Qz=3.633e+00, Sd=6.931e-01, SwB=3.256e-06) | k_frac=5.7934 mD, dp=15.90 MPa | Sw=[0.120,0.808] | 504.9s
2026-02-18 14:10:07 - M5Trainer - INFO - [Step  3800/5000] Stage D | L=1.6485e+04 (IC=2.331e-01, BC=8.805e-02, PDE=1.188e+06, Qg=3.349e-01, Qz=3.313e+00, Sd=6.839e-01, SwB=2.294e-06) | k_frac=5.7939 mD, dp=15.90 MPa | Sw=[0.120,0.724] | 521.2s
2026-02-18 14:10:23 - M5Trainer - INFO - [Step  3900/5000] Stage D | L=1.5213e+04 (IC=2.159e-01, BC=9.328e-02, PDE=1.128e+06, Qg=3.245e-01, Qz=3.577e+00, Sd=6.718e-01, SwB=2.219e-06) | k_frac=5.7921 mD, dp=15.91 MPa | Sw=[0.120,0.874] | 537.4s
2026-02-18 14:10:39 - M5Trainer - INFO -   [Sw约束v9] Sw=[0.120, 0.243, 0.874], 权重=100, 惩罚=0.000002 (低=0.0000, 高=0.0000)
2026-02-18 14:10:40 - M5Trainer - INFO -   [Sw监控] SY9: Sw=[0.1247, 0.4477, 0.8740], krg_min=6.123362e-03
2026-02-18 14:10:40 - M5Trainer - INFO - [Step  4000/5000] Stage D | L=1.3699e+04 (IC=1.797e-01, BC=7.399e-02, PDE=1.040e+06, Qg=3.355e-01, Qz=3.332e+00, Sd=6.726e-01, SwB=2.250e-06) | k_frac=5.7972 mD, dp=15.92 MPa | Sw=[0.120,0.825] | 553.7s
2026-02-18 14:10:40 - M5Trainer - INFO -   [k_frac诊断] grad=1.8223e-01, k_frac=5.797213 mD
2026-02-18 14:10:56 - M5Trainer - INFO - [Step  4100/5000] Stage D | L=1.0656e+04 (IC=3.136e-01, BC=7.027e-02, PDE=9.301e+05, Qg=3.330e-01, Qz=3.600e+00, Sd=6.714e-01, SwB=2.821e-06) | k_frac=5.7985 mD, dp=15.92 MPa | Sw=[0.120,0.544] | 570.2s
2026-02-18 14:11:13 - M5Trainer - INFO - [Step  4200/5000] Stage D | L=1.2217e+04 (IC=1.389e-01, BC=8.583e-02, PDE=9.663e+05, Qg=3.301e-01, Qz=3.514e+00, Sd=6.722e-01, SwB=2.996e-06) | k_frac=5.7996 mD, dp=15.92 MPa | Sw=[0.120,0.873] | 586.8s
2026-02-18 14:11:29 - M5Trainer - INFO - [Step  4300/5000] Stage D | L=1.0172e+04 (IC=2.101e-01, BC=7.939e-02, PDE=8.813e+05, Qg=3.299e-01, Qz=3.498e+00, Sd=6.688e-01, SwB=3.502e-06) | k_frac=5.7986 mD, dp=15.93 MPa | Sw=[0.120,0.724] | 603.4s
2026-02-18 14:11:46 - M5Trainer - INFO - [Step  4400/5000] Stage D | L=1.1593e+04 (IC=3.021e-01, BC=7.723e-02, PDE=9.756e+05, Qg=3.272e-01, Qz=3.469e+00, Sd=6.702e-01, SwB=2.213e-06) | k_frac=5.8013 mD, dp=15.93 MPa | Sw=[0.120,0.847] | 620.0s
2026-02-18 14:12:02 - M5Trainer - INFO -   [Sw约束v9] Sw=[0.120, 0.239, 0.874], 权重=100, 惩罚=0.000003 (低=0.0000, 高=0.0000)
2026-02-18 14:12:02 - M5Trainer - INFO -   [Sw监控] SY9: Sw=[0.1235, 0.4431, 0.8741], krg_min=6.099461e-03
2026-02-18 14:12:02 - M5Trainer - INFO - [Step  4500/5000] Stage D | L=1.0838e+04 (IC=2.369e-01, BC=8.247e-02, PDE=9.259e+05, Qg=3.275e-01, Qz=3.514e+00, Sd=6.705e-01, SwB=2.763e-06) | k_frac=5.8023 mD, dp=15.93 MPa | Sw=[0.120,0.814] | 636.5s
2026-02-18 14:12:02 - M5Trainer - INFO -   [k_frac诊断] grad=-7.5137e-02, k_frac=5.802340 mD
2026-02-18 14:12:19 - M5Trainer - INFO - [Step  4600/5000] Stage D | L=1.2680e+04 (IC=2.264e-01, BC=6.680e-02, PDE=1.003e+06, Qg=3.256e-01, Qz=3.459e+00, Sd=6.704e-01, SwB=2.398e-06) | k_frac=5.8032 mD, dp=15.93 MPa | Sw=[0.120,0.806] | 653.6s
2026-02-18 14:12:37 - M5Trainer - INFO - [Step  4700/5000] Stage D | L=1.0096e+04 (IC=2.075e-01, BC=7.829e-02, PDE=8.769e+05, Qg=3.252e-01, Qz=3.504e+00, Sd=6.695e-01, SwB=2.944e-06) | k_frac=5.8035 mD, dp=15.93 MPa | Sw=[0.120,0.872] | 670.8s
2026-02-18 14:12:54 - M5Trainer - INFO - [Step  4800/5000] Stage D | L=1.0548e+04 (IC=1.810e-01, BC=7.196e-02, PDE=8.890e+05, Qg=3.250e-01, Qz=3.454e+00, Sd=6.701e-01, SwB=2.998e-06) | k_frac=5.8040 mD, dp=15.93 MPa | Sw=[0.120,0.873] | 687.8s
2026-02-18 14:13:11 - M5Trainer - INFO - [Step  4900/5000] Stage D | L=9.0942e+03 (IC=2.600e-01, BC=8.577e-02, PDE=8.397e+05, Qg=3.243e-01, Qz=3.449e+00, Sd=6.700e-01, SwB=3.009e-06) | k_frac=5.8041 mD, dp=15.93 MPa | Sw=[0.120,0.771] | 704.9s
2026-02-18 14:13:28 - M5Trainer - INFO - [Step  4999/5000] Stage D | L=1.0861e+04 (IC=2.001e-01, BC=8.206e-02, PDE=9.177e+05, Qg=3.236e-01, Qz=3.454e+00, Sd=6.700e-01, SwB=2.426e-06) | k_frac=5.8041 mD, dp=15.93 MPa | Sw=[0.121,0.808] | 721.8s
2026-02-18 14:13:28 - M5Trainer - INFO - 
M5 训练完成! 耗时: 721.8s, 最佳验证分数(val_score): 25.7148
2026-02-18 14:13:28 - M5Trainer - INFO - 配置快照已保存: C:\Users\16281\Desktop\cpedc_project\outputs\mk_pinn_dt_v2\resolved_config_m5.json
2026-02-18 14:13:28 - M5Trainer - INFO - 反演参数审计: C:\Users\16281\Desktop\cpedc_project\outputs\mk_pinn_dt_v2\reports\M5_inversion_params.json
2026-02-18 14:13:28 - M5Trainer - INFO -   history 已恢复 (1201 步)
2026-02-18 14:13:28 - M5Trainer - INFO -   best_step=1200
2026-02-18 14:13:28 - M5Trainer - INFO - 已加载 M5 检查点: C:\Users\16281\Desktop\cpedc_project\outputs\mk_pinn_dt_v2\ckpt\m5_pinn_best.pt
2026-02-18 14:13:28 - M5Trainer - INFO - generate_report: 加载 best checkpoint from C:\Users\16281\Desktop\cpedc_project\outputs\mk_pinn_dt_v2\ckpt\m5_pinn_best.pt
2026-02-18 14:13:28 - M5Trainer - INFO -   history 已恢复 (1201 步)
2026-02-18 14:13:28 - M5Trainer - INFO -   best_step=1200
2026-02-18 14:13:28 - M5Trainer - INFO - 已加载 M5 检查点: C:\Users\16281\Desktop\cpedc_project\outputs\mk_pinn_dt_v2\ckpt\m5_pinn_best.pt
2026-02-18 14:13:28 - M5Trainer - INFO - 反演参数审计: C:\Users\16281\Desktop\cpedc_project\outputs\mk_pinn_dt_v2\reports\M5_inversion_params.json
2026-02-18 14:13:28 - M5Trainer - INFO - qg 对比图已保存: C:\Users\16281\Desktop\cpedc_project\outputs\mk_pinn_dt_v2\figs\M5_qg_comparison_SY9.png
2026-02-18 14:13:28 - M5Trainer - INFO - p_wf 反演图已保存: C:\Users\16281\Desktop\cpedc_project\outputs\mk_pinn_dt_v2\figs\M5_pwf_inversion_SY9.png
2026-02-18 14:13:29 - M5Trainer - INFO - 训练曲线图已保存: C:\Users\16281\Desktop\cpedc_project\outputs\mk_pinn_dt_v2\figs\M5_training_history.png
2026-02-18 14:13:29 - M5Trainer - INFO - 残差热力图已保存: C:\Users\16281\Desktop\cpedc_project\outputs\mk_pinn_dt_v2\figs\M5_pde_residual_map.png
2026-02-18 14:13:30 - M5Trainer - INFO - M6 连通性分析完成
2026-02-18 14:13:32 - M5Trainer - INFO - M7 水侵预警分析完成
2026-02-18 14:13:32 - M5Trainer - INFO -   history 已恢复 (5000 步)
2026-02-18 14:13:32 - M5Trainer - INFO - 已加载 M5 检查点: C:\Users\16281\Desktop\cpedc_project\outputs\mk_pinn_dt_v2\ckpt\m5_pinn_final.pt
2026-02-18 14:13:32 - M5Trainer - INFO -   history 已恢复 (1201 步)
2026-02-18 14:13:32 - M5Trainer - INFO -   best_step=1200
2026-02-18 14:13:32 - M5Trainer - INFO - 已加载 M5 检查点: C:\Users\16281\Desktop\cpedc_project\outputs\mk_pinn_dt_v2\ckpt\m5_pinn_best.pt
2026-02-18 14:13:32 - M5Trainer - INFO - M5 验收报告已保存: C:\Users\16281\Desktop\cpedc_project\outputs\mk_pinn_dt_v2\reports\M5_validation_report.md
