2026-02-18 16:19:50 - M5Trainer - INFO -   torch.compile 已跳过 (Triton 不支持 Windows, 使用 eager 模式)
2026-02-18 16:19:50 - M5Trainer - INFO - k_frac 独立参数组: lr=3.00e-03 (factor=3.0)
2026-02-18 16:19:51 - M5Trainer - INFO - k_net 学习率: 1.00e-04 (factor=0.1, warmup=2000 steps)
2026-02-18 16:19:51 - M5Trainer - INFO -   井 SY9: 1332 条同化数据 (train=799, val=266, test=267)
    开井点数 (q>1): train=745, val=88, test=121
    有效压力点: val_p=109, test_p=121
2026-02-18 16:19:51 - M5Trainer - INFO -   train time window(norm): [0.0000, 0.5995]
2026-02-18 16:19:51 - M5Trainer - INFO -   M3 PVT cg(76.0, 140.32) = 0.009744
2026-02-18 16:19:51 - M5Trainer - INFO -   M3 PVT Bg(76.0, 140.32) = 0.002577
2026-02-18 16:19:51 - M5Trainer - INFO -   PDE 缩放: αx=0.029719, αy=0.074361
2026-02-18 16:19:51 - M5Trainer - INFO - M5Trainer 初始化完成: device=cuda, lr=0.001, max_steps=12000, relobralo=True, rar=True
2026-02-18 16:19:51 - M5Trainer - INFO - ============================================================
2026-02-18 16:19:51 - M5Trainer - INFO - M5 PINN 井—藏耦合同化训练开始
2026-02-18 16:19:51 - M5Trainer - INFO - ============================================================
2026-02-18 16:19:51 - M5Trainer - INFO - 训练阶段: A[0-1200] B[1200-4200] C[4200-8400] D[8400-12000]
2026-02-18 16:19:51 - M5Trainer - INFO -   qg_nearzero 权重: A=3.0, B=6.0->9.0, C=12.0, D=3.0, enable=True
2026-02-18 16:19:51 - M5Trainer - INFO - --- M5 单位/量纲诊断 (train 第 1 步前) ---
2026-02-18 16:19:51 - M5Trainer - INFO -   qg_obs 范围: 0.00e+00 ~ 8.39e+05 m³/d, 均值: 2.97e+05 m³/d
2026-02-18 16:19:51 - M5Trainer - INFO -   qg_pred 范围: 3.92e+05 ~ 4.00e+05
2026-02-18 16:19:51 - M5Trainer - INFO -   p_wf 范围: 7.43e+01 ~ 7.43e+01 MPa
2026-02-18 16:19:51 - M5Trainer - INFO -   p_field @ well: 7.50e+01 MPa
2026-02-18 16:19:51 - M5Trainer - INFO -   k_frac = 5.4020 mD
2026-02-18 16:19:51 - M5Trainer - INFO -   WI_raw = 4.309845e-13 [检查单位]
2026-02-18 16:19:51 - M5Trainer - INFO -   dp_wellbore = 12.00 MPa
2026-02-18 16:19:51 - M5Trainer - INFO -   Bg_ref = 2.576898e-03
2026-02-18 16:19:51 - M5Trainer - INFO -   qg_obs 范围: 0.00e+00 ~ 8.39e+05 m³/d
2026-02-18 16:19:51 - M5Trainer - INFO -   qg_obs 中位数 = 3.07e+05 m³/d
2026-02-18 16:19:51 - M5Trainer - INFO -   ✅ v9: PDE源项已升级为时变 source(x,y,t) = qg_obs(t) * kernel(x,y)
2026-02-18 16:19:51 - M5Trainer - INFO -   ✅ 每个PDE配点使用其时刻对应的真实观测产量（线性插值）
2026-02-18 16:19:51 - M5Trainer - INFO - --- 诊断结束 ---
2026-02-18 16:19:51 - M5Trainer - INFO -   [shape] SY9: qg pred=(1332, 1) vs obs=(1332, 1), p_wf pred=(1332, 1) vs p_obs=(1332, 1)
2026-02-18 16:19:51 - M5Trainer - INFO -   [Sw约束v9] Sw=[0.260, 0.260, 0.260], 权重=500, 惩罚=0.000000 (低=0.0000, 高=0.0000)
2026-02-18 16:19:51 - M5Trainer - INFO -   ✅ k_frac_mD.grad = -3.761793e-03 (PDE梯度贯通)
2026-02-18 16:19:51 - M5Trainer - INFO -   ✅ k_net: 18 组参数收到梯度
2026-02-18 16:19:51 - M5Trainer - INFO -   [梯度验收] SY9: qg_obs range=[0.0, 838700.0]
2026-02-18 16:19:51 - M5Trainer - INFO -   [Sw监控] SY9: Sw=[0.2600, 0.2600, 0.2600], krg_min=6.751000e-01
2026-02-18 16:19:51 - M5Trainer - INFO - [Step     0/12000] Stage A | L=7.8331e+02 (IC=1.000e+00, BC=1.000e+00, PDE=1.611e+06, Qg=2.763e-01, Qz=1.313e-01, Sd=3.768e-01, SwB=0.000e+00) | k_frac=5.4022 mD, dp=12.00 MPa | Sw=[0.260,0.260] | 0.7s
2026-02-18 16:19:51 - M5Trainer - INFO -   [k_frac诊断] grad=-3.7618e-03, k_frac=5.402157 mD
2026-02-18 16:20:05 - M5Trainer - INFO - [Step   100/12000] Stage A | L=3.0734e+02 (IC=1.086e-02, BC=1.288e-02, PDE=1.988e+06, Qg=2.768e-01, Qz=3.198e-01, Sd=1.084e+00, SwB=0.000e+00) | k_frac=5.4601 mD, dp=12.02 MPa | Sw=[0.240,0.268] | 14.1s
2026-02-18 16:20:19 - M5Trainer - INFO -   [梯度验收] SY9: qg_obs range=[0.0, 838700.0]
2026-02-18 16:20:19 - M5Trainer - INFO - [Step   200/12000] Stage A | L=1.5422e+02 (IC=2.956e-02, BC=2.454e-02, PDE=1.738e+06, Qg=2.711e-01, Qz=9.369e-02, Sd=2.135e+01, SwB=0.000e+00) | k_frac=5.2379 mD, dp=12.06 MPa | Sw=[0.163,0.646] | 28.5s
2026-02-18 16:20:33 - M5Trainer - INFO - [Step   300/12000] Stage A | L=2.8953e+02 (IC=4.209e-02, BC=2.985e-02, PDE=1.921e+06, Qg=2.329e-01, Qz=8.041e-02, Sd=2.389e+01, SwB=0.000e+00) | k_frac=5.1657 mD, dp=12.07 MPa | Sw=[0.170,0.556] | 42.7s
2026-02-18 16:20:48 - M5Trainer - INFO -   [梯度验收] SY9: qg_obs range=[0.0, 838700.0]
2026-02-18 16:20:48 - M5Trainer - INFO - [Step   400/12000] Stage A | L=2.9015e+02 (IC=9.755e-02, BC=1.368e-01, PDE=1.874e+06, Qg=2.646e-01, Qz=8.554e-02, Sd=2.744e+01, SwB=0.000e+00) | k_frac=5.1334 mD, dp=12.07 MPa | Sw=[0.157,0.467] | 57.1s
2026-02-18 16:21:02 - M5Trainer - INFO -   [Sw约束v9] Sw=[0.145, 0.282, 0.750], 权重=500, 惩罚=0.000000 (低=0.0000, 高=0.0000)
2026-02-18 16:21:02 - M5Trainer - INFO -   [Sw监控] SY9: Sw=[0.1582, 0.5437, 0.7525], krg_min=5.062711e-02
2026-02-18 16:21:02 - M5Trainer - INFO - [Step   500/12000] Stage A | L=2.2712e+02 (IC=3.206e-02, BC=3.372e-02, PDE=1.546e+06, Qg=2.114e-01, Qz=4.067e-02, Sd=2.908e+01, SwB=0.000e+00) | k_frac=5.1042 mD, dp=12.08 MPa | Sw=[0.152,0.641] | 71.1s
2026-02-18 16:21:02 - M5Trainer - INFO -   [k_frac诊断] grad=-1.2916e-01, k_frac=5.104208 mD
2026-02-18 16:21:17 - M5Trainer - INFO -   [梯度验收] SY9: qg_obs range=[0.0, 838700.0]
2026-02-18 16:21:17 - M5Trainer - INFO - [Step   600/12000] Stage A | L=2.2711e+02 (IC=5.141e-02, BC=6.207e-02, PDE=1.525e+06, Qg=2.121e-01, Qz=4.574e-02, Sd=3.063e+01, SwB=0.000e+00) | k_frac=5.0710 mD, dp=12.09 MPa | Sw=[0.142,0.622] | 85.9s
2026-02-18 16:21:31 - M5Trainer - INFO - [Step   700/12000] Stage A | L=2.9561e+02 (IC=7.860e-02, BC=1.026e-01, PDE=1.824e+06, Qg=2.179e-01, Qz=2.531e-02, Sd=3.139e+01, SwB=0.000e+00) | k_frac=5.0180 mD, dp=12.10 MPa | Sw=[0.148,0.639] | 100.5s
2026-02-18 16:21:45 - M5Trainer - INFO -   [梯度验收] SY9: qg_obs range=[0.0, 838700.0]
2026-02-18 16:21:45 - M5Trainer - INFO - [Step   800/12000] Stage A | L=2.6284e+02 (IC=7.961e-02, BC=6.000e-02, PDE=1.663e+06, Qg=2.183e-01, Qz=2.340e-02, Sd=3.128e+01, SwB=0.000e+00) | k_frac=4.9910 mD, dp=12.11 MPa | Sw=[0.149,0.599] | 113.9s
2026-02-18 16:21:57 - M5Trainer - INFO - [Step   900/12000] Stage A | L=2.0592e+02 (IC=9.618e-02, BC=9.010e-02, PDE=1.419e+06, Qg=2.211e-01, Qz=2.353e-02, Sd=3.198e+01, SwB=0.000e+00) | k_frac=4.9353 mD, dp=12.13 MPa | Sw=[0.146,0.597] | 126.7s
2026-02-18 16:22:10 - M5Trainer - INFO -   [Sw约束v9] Sw=[0.137, 0.315, 0.768], 权重=500, 惩罚=0.000000 (低=0.0000, 高=0.0000)
2026-02-18 16:22:10 - M5Trainer - INFO -   [梯度验收] SY9: qg_obs range=[0.0, 838700.0]
2026-02-18 16:22:10 - M5Trainer - INFO -   [Sw监控] SY9: Sw=[0.1439, 0.5954, 0.7680], krg_min=4.254700e-02
2026-02-18 16:22:10 - M5Trainer - INFO - [Step  1000/12000] Stage A | L=1.8817e+02 (IC=4.058e-02, BC=3.470e-02, PDE=1.303e+06, Qg=2.496e-01, Qz=3.064e-02, Sd=3.323e+01, SwB=0.000e+00) | k_frac=4.8703 mD, dp=12.14 MPa | Sw=[0.143,0.659] | 139.5s
2026-02-18 16:22:10 - M5Trainer - INFO -   [k_frac诊断] grad=-1.6576e-01, k_frac=4.870283 mD
2026-02-18 16:22:24 - M5Trainer - INFO - [Step  1100/12000] Stage A | L=2.3411e+02 (IC=5.264e-02, BC=7.303e-02, PDE=1.513e+06, Qg=2.424e-01, Qz=1.759e-02, Sd=3.184e+01, SwB=0.000e+00) | k_frac=4.8001 mD, dp=12.16 MPa | Sw=[0.146,0.655] | 153.5s
2026-02-18 16:22:39 - M5Trainer - INFO -   [梯度验收] SY9: qg_obs range=[0.0, 838700.0]
2026-02-18 16:22:39 - M5Trainer - INFO - [Step  1200/12000] Stage B | L=1.7016e+03 (IC=3.847e-02, BC=2.546e-02, PDE=1.705e+06, Qg=2.482e-01, Qz=1.144e-02, Sd=3.232e+01, SwB=0.000e+00) | k_frac=4.7368 mD, dp=12.19 MPa | Sw=[0.139,0.781] | 168.6s
2026-02-18 16:22:54 - M5Trainer - INFO - [Step  1300/12000] Stage B | L=1.2080e+03 (IC=6.797e-02, BC=8.006e-02, PDE=1.377e+06, Qg=2.216e-01, Qz=1.353e-02, Sd=1.431e+00, SwB=0.000e+00) | k_frac=4.7717 mD, dp=12.72 MPa | Sw=[0.203,0.370] | 183.5s
2026-02-18 16:23:10 - M5Trainer - INFO -   [梯度验收] SY9: qg_obs range=[0.0, 838700.0]
2026-02-18 16:23:10 - M5Trainer - INFO - [Step  1400/12000] Stage B | L=1.0987e+03 (IC=3.209e-01, BC=3.242e-01, PDE=1.422e+06, Qg=2.286e-01, Qz=1.891e-02, Sd=1.289e+00, SwB=0.000e+00) | k_frac=4.7546 mD, dp=13.23 MPa | Sw=[0.170,0.425] | 199.3s
2026-02-18 16:23:26 - M5Trainer - INFO -   [Sw约束v9] Sw=[0.143, 0.241, 0.616], 权重=300, 惩罚=0.000000 (低=0.0000, 高=0.0000)
2026-02-18 16:23:26 - M5Trainer - INFO -   [Sw监控] SY9: Sw=[0.2044, 0.2846, 0.6155], krg_min=1.528086e-01
2026-02-18 16:23:26 - M5Trainer - INFO - [Step  1500/12000] Stage B | L=1.2164e+03 (IC=1.614e-01, BC=1.561e-01, PDE=1.392e+06, Qg=2.154e-01, Qz=1.246e-02, Sd=1.043e+00, SwB=0.000e+00) | k_frac=4.6938 mD, dp=13.66 MPa | Sw=[0.198,0.390] | 215.3s
2026-02-18 16:23:26 - M5Trainer - INFO -   [k_frac诊断] grad=-1.6602e-01, k_frac=4.693824 mD
2026-02-18 16:23:41 - M5Trainer - INFO -   [梯度验收] SY9: qg_obs range=[0.0, 838700.0]
2026-02-18 16:23:41 - M5Trainer - INFO - [Step  1600/12000] Stage B | L=1.3804e+03 (IC=4.573e-02, BC=4.312e-02, PDE=1.381e+06, Qg=2.050e-01, Qz=5.372e-03, Sd=1.086e+00, SwB=0.000e+00) | k_frac=4.7404 mD, dp=14.11 MPa | Sw=[0.170,0.506] | 230.7s
2026-02-18 16:23:57 - M5Trainer - INFO - [Step  1700/12000] Stage B | L=1.2262e+03 (IC=1.455e-01, BC=1.031e-01, PDE=1.323e+06, Qg=1.993e-01, Qz=5.852e-03, Sd=1.046e+00, SwB=0.000e+00) | k_frac=4.7703 mD, dp=14.42 MPa | Sw=[0.166,0.387] | 245.9s
2026-02-18 16:24:12 - M5Trainer - INFO -   [梯度验收] SY9: qg_obs range=[0.0, 838700.0]
2026-02-18 16:24:12 - M5Trainer - INFO - [Step  1800/12000] Stage B | L=1.5006e+03 (IC=8.866e-02, BC=4.453e-02, PDE=1.446e+06, Qg=1.975e-01, Qz=3.815e-03, Sd=1.034e+00, SwB=0.000e+00) | k_frac=4.8018 mD, dp=14.75 MPa | Sw=[0.166,0.424] | 260.9s
2026-02-18 16:24:27 - M5Trainer - INFO - [Step  1900/12000] Stage B | L=1.5091e+03 (IC=2.288e-01, BC=9.941e-02, PDE=1.517e+06, Qg=2.013e-01, Qz=2.452e-01, Sd=1.072e+00, SwB=0.000e+00) | k_frac=4.8323 mD, dp=14.97 MPa | Sw=[0.160,0.504] | 275.9s
2026-02-18 16:24:42 - M5Trainer - INFO -   [Sw约束v9] Sw=[0.161, 0.243, 0.479], 权重=300, 惩罚=0.000000 (低=0.0000, 高=0.0000)
2026-02-18 16:24:42 - M5Trainer - INFO -   [Sw监控] SY9: Sw=[0.1733, 0.2497, 0.4686], krg_min=3.236642e-01
2026-02-18 16:24:42 - M5Trainer - INFO - [Step  2000/12000] Stage B | L=1.6536e+03 (IC=1.285e-01, BC=8.302e-02, PDE=1.524e+06, Qg=2.071e-01, Qz=2.196e-01, Sd=9.492e-01, SwB=0.000e+00) | k_frac=4.8780 mD, dp=15.17 MPa | Sw=[0.184,0.462] | 291.0s
2026-02-18 16:24:42 - M5Trainer - INFO -   [k_frac诊断] grad=-3.5712e-01, k_frac=4.878048 mD
2026-02-18 16:24:57 - M5Trainer - INFO - [Step  2100/12000] Stage B | L=1.4663e+03 (IC=9.384e-02, BC=7.034e-02, PDE=1.269e+06, Qg=2.031e-01, Qz=2.408e-01, Sd=1.016e+00, SwB=0.000e+00) | k_frac=4.9152 mD, dp=15.40 MPa | Sw=[0.175,0.415] | 306.3s
2026-02-18 16:25:12 - M5Trainer - INFO - [Step  2200/12000] Stage B | L=1.5805e+03 (IC=1.449e-01, BC=9.121e-02, PDE=1.348e+06, Qg=2.114e-01, Qz=1.923e-02, Sd=9.026e-01, SwB=0.000e+00) | k_frac=4.9307 mD, dp=15.61 MPa | Sw=[0.160,0.593] | 321.8s
2026-02-18 16:25:28 - M5Trainer - INFO - [Step  2300/12000] Stage B | L=1.6693e+03 (IC=1.778e-01, BC=1.436e-01, PDE=1.447e+06, Qg=2.015e-01, Qz=4.920e-03, Sd=9.979e-01, SwB=0.000e+00) | k_frac=5.0110 mD, dp=15.81 MPa | Sw=[0.168,0.476] | 337.5s
2026-02-18 16:25:43 - M5Trainer - INFO - [Step  2400/12000] Stage B | L=1.4883e+03 (IC=2.666e-01, BC=7.999e-02, PDE=1.322e+06, Qg=2.026e-01, Qz=4.550e-03, Sd=8.867e-01, SwB=0.000e+00) | k_frac=5.0373 mD, dp=15.98 MPa | Sw=[0.175,0.461] | 352.6s
2026-02-18 16:25:57 - M5Trainer - INFO -   [Sw约束v9] Sw=[0.159, 0.252, 0.654], 权重=300, 惩罚=0.000000 (低=0.0000, 高=0.0000)
2026-02-18 16:25:57 - M5Trainer - INFO -   [Sw监控] SY9: Sw=[0.1963, 0.3000, 0.6735], krg_min=1.028365e-01
2026-02-18 16:25:57 - M5Trainer - INFO - [Step  2500/12000] Stage B | L=1.4576e+03 (IC=1.715e-01, BC=1.012e-01, PDE=1.245e+06, Qg=2.024e-01, Qz=5.799e-03, Sd=8.698e-01, SwB=0.000e+00) | k_frac=5.0765 mD, dp=16.15 MPa | Sw=[0.179,0.453] | 366.6s
2026-02-18 16:25:57 - M5Trainer - INFO -   [k_frac诊断] grad=-5.6654e-01, k_frac=5.076506 mD
2026-02-18 16:26:11 - M5Trainer - INFO - [Step  2600/12000] Stage B | L=1.5336e+03 (IC=1.872e-01, BC=1.584e-02, PDE=1.228e+06, Qg=2.053e-01, Qz=5.340e-03, Sd=8.697e-01, SwB=0.000e+00) | k_frac=5.1333 mD, dp=16.36 MPa | Sw=[0.189,0.459] | 380.4s
2026-02-18 16:26:26 - M5Trainer - INFO - [Step  2700/12000] Stage B | L=1.4679e+03 (IC=1.530e-01, BC=8.225e-02, PDE=1.207e+06, Qg=2.066e-01, Qz=8.752e-03, Sd=8.844e-01, SwB=0.000e+00) | k_frac=5.2028 mD, dp=16.54 MPa | Sw=[0.191,0.423] | 395.2s
2026-02-18 16:26:40 - M5Trainer - INFO - [Step  2800/12000] Stage B | L=1.5551e+03 (IC=1.653e-01, BC=5.099e-02, PDE=1.219e+06, Qg=2.021e-01, Qz=2.629e-03, Sd=8.069e-01, SwB=0.000e+00) | k_frac=5.2345 mD, dp=16.65 MPa | Sw=[0.182,0.612] | 409.7s
2026-02-18 16:26:55 - M5Trainer - INFO - [Step  2900/12000] Stage B | L=1.9106e+03 (IC=1.294e-01, BC=7.028e-02, PDE=1.381e+06, Qg=1.997e-01, Qz=4.353e-03, Sd=8.539e-01, SwB=0.000e+00) | k_frac=5.2907 mD, dp=16.76 MPa | Sw=[0.167,0.510] | 424.2s
2026-02-18 16:27:09 - M5Trainer - INFO -   [Sw约束v9] Sw=[0.150, 0.252, 0.739], 权重=300, 惩罚=0.000000 (低=0.0000, 高=0.0000)
2026-02-18 16:27:09 - M5Trainer - INFO -   [Sw监控] SY9: Sw=[0.1783, 0.3595, 0.7385], krg_min=5.856333e-02
2026-02-18 16:27:09 - M5Trainer - INFO - [Step  3000/12000] Stage B | L=1.6792e+03 (IC=4.232e-02, BC=3.821e-02, PDE=1.163e+06, Qg=1.986e-01, Qz=1.996e-03, Sd=8.425e-01, SwB=0.000e+00) | k_frac=5.3454 mD, dp=16.86 MPa | Sw=[0.164,0.532] | 438.7s
2026-02-18 16:27:09 - M5Trainer - INFO -   [k_frac诊断] grad=-7.3364e-01, k_frac=5.345405 mD
2026-02-18 16:27:24 - M5Trainer - INFO - [Step  3100/12000] Stage B | L=1.6422e+03 (IC=6.139e-02, BC=3.798e-02, PDE=1.137e+06, Qg=1.966e-01, Qz=3.723e-03, Sd=7.819e-01, SwB=0.000e+00) | k_frac=5.3742 mD, dp=16.95 MPa | Sw=[0.174,0.510] | 453.3s
2026-02-18 16:27:39 - M5Trainer - INFO - [Step  3200/12000] Stage B | L=1.9824e+03 (IC=7.111e-02, BC=1.669e-02, PDE=1.265e+06, Qg=2.012e-01, Qz=2.283e-03, Sd=8.148e-01, SwB=0.000e+00) | k_frac=5.4364 mD, dp=17.07 MPa | Sw=[0.164,0.512] | 468.0s
2026-02-18 16:27:54 - M5Trainer - INFO - [Step  3300/12000] Stage B | L=1.3790e+03 (IC=9.470e-02, BC=4.633e-02, PDE=1.018e+06, Qg=2.050e-01, Qz=2.175e-03, Sd=7.800e-01, SwB=0.000e+00) | k_frac=5.4939 mD, dp=17.20 MPa | Sw=[0.162,0.459] | 482.8s
2026-02-18 16:28:09 - M5Trainer - INFO - [Step  3400/12000] Stage B | L=1.0108e+03 (IC=3.087e-01, BC=2.535e-01, PDE=1.034e+06, Qg=2.163e-01, Qz=1.924e-03, Sd=7.182e-01, SwB=0.000e+00) | k_frac=5.5297 mD, dp=17.34 MPa | Sw=[0.168,0.423] | 498.0s
2026-02-18 16:28:23 - M5Trainer - INFO -   [Sw约束v9] Sw=[0.154, 0.228, 0.748], 权重=300, 惩罚=0.000000 (低=0.0000, 高=0.0000)
2026-02-18 16:28:23 - M5Trainer - INFO -   [Sw监控] SY9: Sw=[0.1658, 0.3595, 0.7500], krg_min=5.199084e-02
2026-02-18 16:28:23 - M5Trainer - INFO - [Step  3500/12000] Stage B | L=1.4575e+03 (IC=5.845e-02, BC=4.174e-02, PDE=9.900e+05, Qg=2.151e-01, Qz=1.364e-03, Sd=6.459e-01, SwB=0.000e+00) | k_frac=5.5812 mD, dp=17.42 MPa | Sw=[0.163,0.468] | 512.7s
2026-02-18 16:28:23 - M5Trainer - INFO -   [k_frac诊断] grad=-3.1520e-01, k_frac=5.581237 mD
2026-02-18 16:28:38 - M5Trainer - INFO - [Step  3600/12000] Stage B | L=1.3169e+03 (IC=8.102e-02, BC=4.014e-02, PDE=9.508e+05, Qg=1.980e-01, Qz=2.307e-03, Sd=7.245e-01, SwB=0.000e+00) | k_frac=5.6681 mD, dp=17.49 MPa | Sw=[0.187,0.466] | 527.1s
2026-02-18 16:28:52 - M5Trainer - INFO - [Step  3700/12000] Stage B | L=1.4868e+03 (IC=8.252e-02, BC=8.058e-02, PDE=1.047e+06, Qg=2.014e-01, Qz=8.082e-03, Sd=7.133e-01, SwB=0.000e+00) | k_frac=5.7467 mD, dp=17.55 MPa | Sw=[0.195,0.438] | 541.4s
2026-02-18 16:29:06 - M5Trainer - INFO - [Step  3800/12000] Stage B | L=1.3790e+03 (IC=2.634e-01, BC=1.642e-01, PDE=1.136e+06, Qg=1.973e-01, Qz=9.058e-03, Sd=6.784e-01, SwB=0.000e+00) | k_frac=5.7990 mD, dp=17.62 MPa | Sw=[0.199,0.422] | 555.7s
2026-02-18 16:29:21 - M5Trainer - INFO - [Step  3900/12000] Stage B | L=1.7096e+03 (IC=7.556e-02, BC=4.691e-02, PDE=1.077e+06, Qg=2.014e-01, Qz=1.575e-02, Sd=6.551e-01, SwB=0.000e+00) | k_frac=5.8262 mD, dp=17.69 MPa | Sw=[0.174,0.482] | 570.1s
2026-02-18 16:29:35 - M5Trainer - INFO -   [Sw约束v9] Sw=[0.149, 0.239, 0.736], 权重=300, 惩罚=0.000000 (低=0.0000, 高=0.0000)
2026-02-18 16:29:35 - M5Trainer - INFO -   [Sw监控] SY9: Sw=[0.1514, 0.3428, 0.7418], krg_min=5.662009e-02
2026-02-18 16:29:35 - M5Trainer - INFO - [Step  4000/12000] Stage B | L=1.2647e+03 (IC=2.620e-01, BC=2.446e-02, PDE=9.572e+05, Qg=2.038e-01, Qz=1.971e-03, Sd=7.038e-01, SwB=0.000e+00) | k_frac=5.8716 mD, dp=17.74 MPa | Sw=[0.185,0.423] | 584.5s
2026-02-18 16:29:35 - M5Trainer - INFO -   [k_frac诊断] grad=2.5894e-01, k_frac=5.871591 mD
2026-02-18 16:29:50 - M5Trainer - INFO - [Step  4100/12000] Stage B | L=1.2752e+03 (IC=1.187e-01, BC=3.637e-02, PDE=8.776e+05, Qg=1.951e-01, Qz=3.613e-03, Sd=6.758e-01, SwB=0.000e+00) | k_frac=5.9210 mD, dp=17.81 MPa | Sw=[0.186,0.366] | 599.2s
2026-02-18 16:30:05 - M5Trainer - INFO - [Step  4200/12000] Stage C | L=6.3031e+03 (IC=6.784e-02, BC=5.890e-02, PDE=9.120e+05, Qg=2.026e-01, Qz=2.518e-03, Sd=5.942e-01, SwB=0.000e+00) | k_frac=5.9478 mD, dp=17.90 MPa | Sw=[0.173,0.747] | 613.8s
2026-02-18 16:30:19 - M5Trainer - INFO - [Step  4300/12000] Stage C | L=5.2523e+03 (IC=9.680e-02, BC=8.686e-02, PDE=8.353e+05, Qg=2.075e-01, Qz=7.356e-03, Sd=6.280e-01, SwB=0.000e+00) | k_frac=6.0037 mD, dp=17.91 MPa | Sw=[0.177,0.444] | 628.5s
2026-02-18 16:30:34 - M5Trainer - INFO - [Step  4400/12000] Stage C | L=6.4598e+03 (IC=1.293e-01, BC=4.677e-02, PDE=9.175e+05, Qg=2.068e-01, Qz=1.995e-04, Sd=6.152e-01, SwB=0.000e+00) | k_frac=6.0533 mD, dp=17.94 MPa | Sw=[0.139,0.629] | 643.2s
2026-02-18 16:30:48 - M5Trainer - INFO -   [Sw约束v9] Sw=[0.128, 0.271, 0.798], 权重=200, 惩罚=0.000000 (低=0.0000, 高=0.0000)
2026-02-18 16:30:49 - M5Trainer - INFO -   [Sw监控] SY9: Sw=[0.1306, 0.3500, 0.7919], krg_min=3.144718e-02
2026-02-18 16:30:49 - M5Trainer - INFO - [Step  4500/12000] Stage C | L=5.2844e+03 (IC=1.396e-01, BC=1.015e-01, PDE=8.318e+05, Qg=2.053e-01, Qz=7.351e-04, Sd=6.204e-01, SwB=0.000e+00) | k_frac=6.0936 mD, dp=17.97 MPa | Sw=[0.146,0.530] | 657.8s
2026-02-18 16:30:49 - M5Trainer - INFO -   [k_frac诊断] grad=3.4126e-01, k_frac=6.093551 mD
2026-02-18 16:31:04 - M5Trainer - INFO - [Step  4600/12000] Stage C | L=6.1265e+03 (IC=1.566e-01, BC=9.743e-02, PDE=8.988e+05, Qg=2.044e-01, Qz=1.838e-04, Sd=6.151e-01, SwB=0.000e+00) | k_frac=6.1330 mD, dp=18.00 MPa | Sw=[0.141,0.435] | 672.9s
2026-02-18 16:31:19 - M5Trainer - INFO - [Step  4700/12000] Stage C | L=5.3176e+03 (IC=1.304e-01, BC=7.713e-02, PDE=7.849e+05, Qg=1.995e-01, Qz=9.819e-05, Sd=5.945e-01, SwB=0.000e+00) | k_frac=6.1756 mD, dp=18.03 MPa | Sw=[0.135,0.728] | 688.0s
2026-02-18 16:31:34 - M5Trainer - INFO - [Step  4800/12000] Stage C | L=5.8693e+03 (IC=6.562e-02, BC=6.136e-02, PDE=7.875e+05, Qg=2.049e-01, Qz=4.887e-05, Sd=5.831e-01, SwB=2.588e-07) | k_frac=6.2224 mD, dp=18.07 MPa | Sw=[0.136,0.503] | 703.7s
2026-02-18 16:31:50 - M5Trainer - INFO - [Step  4900/12000] Stage C | L=4.9311e+03 (IC=2.117e-01, BC=7.137e-02, PDE=7.565e+05, Qg=2.063e-01, Qz=5.108e-05, Sd=5.795e-01, SwB=7.156e-07) | k_frac=6.2427 mD, dp=18.09 MPa | Sw=[0.128,0.410] | 719.2s
2026-02-18 16:32:05 - M5Trainer - INFO -   [Sw约束v9] Sw=[0.124, 0.193, 0.856], 权重=200, 惩罚=0.000000 (低=0.0000, 高=0.0000)
2026-02-18 16:32:05 - M5Trainer - INFO -   [Sw监控] SY9: Sw=[0.1269, 0.3420, 0.8557], krg_min=1.005330e-02
2026-02-18 16:32:05 - M5Trainer - INFO - [Step  5000/12000] Stage C | L=4.6206e+03 (IC=3.050e-01, BC=9.892e-02, PDE=7.506e+05, Qg=2.078e-01, Qz=2.370e-04, Sd=6.020e-01, SwB=1.973e-08) | k_frac=6.3182 mD, dp=18.13 MPa | Sw=[0.131,0.409] | 734.5s
2026-02-18 16:32:05 - M5Trainer - INFO -   [k_frac诊断] grad=1.4433e+00, k_frac=6.318241 mD
2026-02-18 16:32:21 - M5Trainer - INFO - [Step  5100/12000] Stage C | L=5.6705e+03 (IC=7.101e-02, BC=9.127e-02, PDE=7.502e+05, Qg=2.217e-01, Qz=5.828e-05, Sd=5.145e-01, SwB=1.045e-07) | k_frac=6.2836 mD, dp=18.15 MPa | Sw=[0.126,0.859] | 750.1s
2026-02-18 16:32:37 - M5Trainer - INFO - [Step  5200/12000] Stage C | L=5.5998e+03 (IC=2.363e-01, BC=9.538e-02, PDE=7.917e+05, Qg=2.016e-01, Qz=1.266e-04, Sd=5.452e-01, SwB=0.000e+00) | k_frac=6.3644 mD, dp=18.19 MPa | Sw=[0.127,0.777] | 765.8s
2026-02-18 16:32:52 - M5Trainer - INFO - [Step  5300/12000] Stage C | L=5.8309e+03 (IC=1.764e-01, BC=2.141e-01, PDE=8.402e+05, Qg=2.076e-01, Qz=2.664e-04, Sd=5.279e-01, SwB=0.000e+00) | k_frac=6.3812 mD, dp=18.21 MPa | Sw=[0.148,0.671] | 781.5s
2026-02-18 16:33:08 - M5Trainer - INFO - [Step  5400/12000] Stage C | L=5.7243e+03 (IC=1.335e-01, BC=1.069e-01, PDE=7.503e+05, Qg=2.157e-01, Qz=1.094e-04, Sd=5.055e-01, SwB=1.242e-07) | k_frac=6.3991 mD, dp=18.25 MPa | Sw=[0.139,0.683] | 797.1s
2026-02-18 16:33:23 - M5Trainer - INFO -   [Sw约束v9] Sw=[0.121, 0.305, 0.876], 权重=200, 惩罚=0.000003 (低=0.0000, 高=0.0000)
2026-02-18 16:33:24 - M5Trainer - INFO -   [Sw监控] SY9: Sw=[0.1216, 0.3658, 0.8759], krg_min=5.759194e-03
2026-02-18 16:33:24 - M5Trainer - INFO - [Step  5500/12000] Stage C | L=3.8116e+03 (IC=2.601e-01, BC=7.871e-02, PDE=5.945e+05, Qg=2.048e-01, Qz=1.987e-05, Sd=5.369e-01, SwB=2.830e-06) | k_frac=6.4519 mD, dp=18.27 MPa | Sw=[0.133,0.875] | 812.8s
2026-02-18 16:33:24 - M5Trainer - INFO -   [k_frac诊断] grad=3.2377e-02, k_frac=6.451942 mD
2026-02-18 16:33:39 - M5Trainer - INFO - [Step  5600/12000] Stage C | L=5.9290e+03 (IC=1.256e-01, BC=4.716e-02, PDE=7.047e+05, Qg=2.060e-01, Qz=2.470e-05, Sd=5.416e-01, SwB=1.248e-06) | k_frac=6.5006 mD, dp=18.29 MPa | Sw=[0.129,0.780] | 828.7s
2026-02-18 16:33:55 - M5Trainer - INFO - [Step  5700/12000] Stage C | L=4.6105e+03 (IC=1.192e-01, BC=5.442e-02, PDE=5.995e+05, Qg=2.097e-01, Qz=2.019e-05, Sd=5.336e-01, SwB=2.411e-06) | k_frac=6.5048 mD, dp=18.31 MPa | Sw=[0.121,0.838] | 844.6s
2026-02-18 16:34:11 - M5Trainer - INFO - [Step  5800/12000] Stage C | L=5.0518e+03 (IC=1.492e-01, BC=6.978e-02, PDE=6.393e+05, Qg=2.085e-01, Qz=1.720e-05, Sd=5.277e-01, SwB=2.653e-06) | k_frac=6.5149 mD, dp=18.33 MPa | Sw=[0.130,0.848] | 860.6s
2026-02-18 16:34:27 - M5Trainer - INFO - [Step  5900/12000] Stage C | L=4.8739e+03 (IC=1.611e-01, BC=6.489e-02, PDE=6.150e+05, Qg=2.034e-01, Qz=1.547e-05, Sd=5.159e-01, SwB=1.250e-06) | k_frac=6.5259 mD, dp=18.35 MPa | Sw=[0.127,0.835] | 876.5s
2026-02-18 16:34:43 - M5Trainer - INFO -   [Sw约束v9] Sw=[0.120, 0.282, 0.879], 权重=200, 惩罚=0.000003 (低=0.0000, 高=0.0000)
2026-02-18 16:34:43 - M5Trainer - INFO -   [Sw监控] SY9: Sw=[0.1209, 0.3702, 0.8786], krg_min=5.276823e-03
2026-02-18 16:34:43 - M5Trainer - INFO - [Step  6000/12000] Stage C | L=3.9939e+03 (IC=1.094e-01, BC=5.390e-02, PDE=5.241e+05, Qg=2.115e-01, Qz=1.595e-05, Sd=5.376e-01, SwB=2.740e-06) | k_frac=6.5502 mD, dp=18.36 MPa | Sw=[0.126,0.864] | 892.5s
2026-02-18 16:34:43 - M5Trainer - INFO -   [k_frac诊断] grad=3.1902e-01, k_frac=6.550161 mD
2026-02-18 16:34:59 - M5Trainer - INFO - [Step  6100/12000] Stage C | L=3.6614e+03 (IC=1.932e-01, BC=6.635e-02, PDE=5.104e+05, Qg=2.029e-01, Qz=1.570e-05, Sd=5.241e-01, SwB=1.817e-06) | k_frac=6.5563 mD, dp=18.37 MPa | Sw=[0.122,0.818] | 908.7s
2026-02-18 16:35:16 - M5Trainer - INFO - [Step  6200/12000] Stage C | L=4.5121e+03 (IC=1.208e-01, BC=7.241e-02, PDE=5.540e+05, Qg=2.036e-01, Qz=1.510e-05, Sd=5.155e-01, SwB=3.639e-06) | k_frac=6.5644 mD, dp=18.38 MPa | Sw=[0.121,0.854] | 924.9s
2026-02-18 16:35:32 - M5Trainer - INFO - [Step  6300/12000] Stage C | L=4.5847e+03 (IC=1.485e-01, BC=5.347e-02, PDE=5.460e+05, Qg=1.985e-01, Qz=1.510e-05, Sd=5.161e-01, SwB=2.817e-06) | k_frac=6.5798 mD, dp=18.40 MPa | Sw=[0.125,0.869] | 941.2s
2026-02-18 16:35:48 - M5Trainer - INFO - [Step  6400/12000] Stage C | L=4.8411e+03 (IC=7.624e-02, BC=4.353e-02, PDE=5.320e+05, Qg=2.021e-01, Qz=1.463e-05, Sd=5.024e-01, SwB=4.156e-06) | k_frac=6.5826 mD, dp=18.41 MPa | Sw=[0.123,0.878] | 957.4s
2026-02-18 16:36:04 - M5Trainer - INFO -   [Sw约束v9] Sw=[0.120, 0.243, 0.879], 权重=200, 惩罚=0.000003 (低=0.0000, 高=0.0000)
2026-02-18 16:36:04 - M5Trainer - INFO -   [Sw监控] SY9: Sw=[0.1222, 0.3582, 0.8794], krg_min=5.140948e-03
2026-02-18 16:36:04 - M5Trainer - INFO - [Step  6500/12000] Stage C | L=3.4586e+03 (IC=2.646e-01, BC=5.430e-02, PDE=4.682e+05, Qg=2.128e-01, Qz=1.460e-05, Sd=5.047e-01, SwB=2.590e-06) | k_frac=6.5955 mD, dp=18.42 MPa | Sw=[0.121,0.848] | 973.7s
2026-02-18 16:36:04 - M5Trainer - INFO -   [k_frac诊断] grad=1.8921e-01, k_frac=6.595527 mD
2026-02-18 16:36:21 - M5Trainer - INFO - [Step  6600/12000] Stage C | L=3.4667e+03 (IC=4.096e-01, BC=6.365e-02, PDE=4.769e+05, Qg=2.103e-01, Qz=1.470e-05, Sd=5.045e-01, SwB=2.819e-06) | k_frac=6.6098 mD, dp=18.44 MPa | Sw=[0.123,0.879] | 990.4s
2026-02-18 16:36:38 - M5Trainer - INFO - [Step  6700/12000] Stage C | L=3.6342e+03 (IC=1.728e-01, BC=8.489e-02, PDE=4.566e+05, Qg=2.109e-01, Qz=1.462e-05, Sd=4.989e-01, SwB=2.933e-06) | k_frac=6.6180 mD, dp=18.45 MPa | Sw=[0.122,0.880] | 1007.0s
2026-02-18 16:36:54 - M5Trainer - INFO - [Step  6800/12000] Stage C | L=4.3641e+03 (IC=1.214e-01, BC=6.701e-02, PDE=4.813e+05, Qg=2.122e-01, Qz=1.477e-05, Sd=4.976e-01, SwB=2.157e-06) | k_frac=6.6305 mD, dp=18.47 MPa | Sw=[0.120,0.879] | 1023.7s
2026-02-18 16:37:11 - M5Trainer - INFO - [Step  6900/12000] Stage C | L=3.6823e+03 (IC=1.839e-01, BC=5.660e-02, PDE=4.326e+05, Qg=2.032e-01, Qz=1.419e-05, Sd=4.851e-01, SwB=1.898e-06) | k_frac=6.6328 mD, dp=18.47 MPa | Sw=[0.122,0.868] | 1040.5s
2026-02-18 16:37:28 - M5Trainer - INFO -   [Sw约束v9] Sw=[0.120, 0.224, 0.880], 权重=200, 惩罚=0.000003 (低=0.0000, 高=0.0000)
2026-02-18 16:37:28 - M5Trainer - INFO -   [Sw监控] SY9: Sw=[0.1205, 0.3414, 0.8795], krg_min=5.125289e-03
2026-02-18 16:37:28 - M5Trainer - INFO - [Step  7000/12000] Stage C | L=2.4189e+03 (IC=1.527e-01, BC=5.775e-02, PDE=3.269e+05, Qg=2.104e-01, Qz=1.411e-05, Sd=4.859e-01, SwB=3.046e-06) | k_frac=6.6452 mD, dp=18.49 MPa | Sw=[0.121,0.858] | 1057.6s
2026-02-18 16:37:28 - M5Trainer - INFO -   [k_frac诊断] grad=-4.6603e-01, k_frac=6.645204 mD
2026-02-18 16:37:45 - M5Trainer - INFO - [Step  7100/12000] Stage C | L=2.5260e+03 (IC=1.612e-01, BC=7.009e-02, PDE=3.344e+05, Qg=1.991e-01, Qz=1.431e-05, Sd=4.923e-01, SwB=3.967e-06) | k_frac=6.6629 mD, dp=18.50 MPa | Sw=[0.122,0.872] | 1074.5s
2026-02-18 16:38:02 - M5Trainer - INFO - [Step  7200/12000] Stage C | L=2.8975e+03 (IC=1.477e-01, BC=7.419e-02, PDE=3.557e+05, Qg=2.129e-01, Qz=1.505e-05, Sd=5.093e-01, SwB=3.552e-06) | k_frac=6.6899 mD, dp=18.51 MPa | Sw=[0.120,0.858] | 1091.4s
2026-02-18 16:38:19 - M5Trainer - INFO - [Step  7300/12000] Stage C | L=2.7834e+03 (IC=2.015e-01, BC=1.040e-01, PDE=3.549e+05, Qg=1.973e-01, Qz=1.448e-05, Sd=4.961e-01, SwB=3.337e-06) | k_frac=6.6948 mD, dp=18.52 MPa | Sw=[0.121,0.859] | 1108.3s
2026-02-18 16:38:36 - M5Trainer - INFO - [Step  7400/12000] Stage C | L=3.7311e+03 (IC=1.424e-01, BC=8.379e-02, PDE=3.970e+05, Qg=2.012e-01, Qz=1.412e-05, Sd=4.857e-01, SwB=3.858e-06) | k_frac=6.6956 mD, dp=18.54 MPa | Sw=[0.121,0.863] | 1125.2s
2026-02-18 16:38:53 - M5Trainer - INFO -   [Sw约束v9] Sw=[0.120, 0.208, 0.880], 权重=200, 惩罚=0.000004 (低=0.0000, 高=0.0000)
2026-02-18 16:38:53 - M5Trainer - INFO -   [Sw监控] SY9: Sw=[0.1206, 0.3351, 0.8797], krg_min=5.098035e-03
2026-02-18 16:38:53 - M5Trainer - INFO - [Step  7500/12000] Stage C | L=2.7537e+03 (IC=2.085e-01, BC=5.188e-02, PDE=3.245e+05, Qg=2.045e-01, Qz=1.416e-05, Sd=4.851e-01, SwB=3.922e-06) | k_frac=6.7062 mD, dp=18.55 MPa | Sw=[0.122,0.836] | 1142.2s
2026-02-18 16:38:53 - M5Trainer - INFO -   [k_frac诊断] grad=-1.6600e-02, k_frac=6.706235 mD
2026-02-18 16:39:10 - M5Trainer - INFO - [Step  7600/12000] Stage C | L=2.5659e+03 (IC=1.550e-01, BC=6.565e-02, PDE=3.018e+05, Qg=2.035e-01, Qz=1.438e-05, Sd=4.853e-01, SwB=4.693e-06) | k_frac=6.7189 mD, dp=18.56 MPa | Sw=[0.121,0.855] | 1159.5s
2026-02-18 16:39:27 - M5Trainer - INFO - [Step  7700/12000] Stage C | L=3.0151e+03 (IC=1.064e-01, BC=5.251e-02, PDE=3.143e+05, Qg=2.100e-01, Qz=1.453e-05, Sd=4.893e-01, SwB=4.175e-06) | k_frac=6.7380 mD, dp=18.57 MPa | Sw=[0.120,0.872] | 1176.8s
2026-02-18 16:39:45 - M5Trainer - INFO - [Step  7800/12000] Stage C | L=2.4607e+03 (IC=6.470e-02, BC=4.072e-02, PDE=2.973e+05, Qg=2.036e-01, Qz=1.430e-05, Sd=4.814e-01, SwB=4.953e-06) | k_frac=6.7417 mD, dp=18.58 MPa | Sw=[0.121,0.879] | 1194.1s
2026-02-18 16:40:02 - M5Trainer - INFO - [Step  7900/12000] Stage C | L=3.4486e+03 (IC=9.333e-02, BC=6.767e-02, PDE=3.340e+05, Qg=2.056e-01, Qz=1.423e-05, Sd=4.766e-01, SwB=4.100e-06) | k_frac=6.7463 mD, dp=18.59 MPa | Sw=[0.122,0.772] | 1211.4s
2026-02-18 16:40:20 - M5Trainer - INFO -   [Sw约束v9] Sw=[0.120, 0.200, 0.880], 权重=200, 惩罚=0.000005 (低=0.0000, 高=0.0000)
2026-02-18 16:40:20 - M5Trainer - INFO -   [Sw监控] SY9: Sw=[0.1203, 0.3555, 0.8796], krg_min=5.100425e-03
2026-02-18 16:40:20 - M5Trainer - INFO - [Step  8000/12000] Stage C | L=2.3455e+03 (IC=1.269e-01, BC=4.556e-02, PDE=2.567e+05, Qg=1.985e-01, Qz=1.413e-05, Sd=4.713e-01, SwB=5.114e-06) | k_frac=6.7560 mD, dp=18.60 MPa | Sw=[0.122,0.858] | 1229.7s
2026-02-18 16:40:20 - M5Trainer - INFO -   [k_frac诊断] grad=-4.9564e-02, k_frac=6.755996 mD
2026-02-18 16:40:40 - M5Trainer - INFO - [Step  8100/12000] Stage C | L=2.4003e+03 (IC=6.981e-02, BC=5.198e-02, PDE=2.494e+05, Qg=2.089e-01, Qz=1.399e-05, Sd=4.664e-01, SwB=5.478e-06) | k_frac=6.7605 mD, dp=18.61 MPa | Sw=[0.122,0.879] | 1249.0s
2026-02-18 16:40:59 - M5Trainer - INFO - [Step  8200/12000] Stage C | L=2.4335e+03 (IC=1.383e-01, BC=4.682e-02, PDE=2.525e+05, Qg=2.081e-01, Qz=1.384e-05, Sd=4.571e-01, SwB=5.261e-06) | k_frac=6.7669 mD, dp=18.63 MPa | Sw=[0.121,0.846] | 1268.5s
2026-02-18 16:41:19 - M5Trainer - INFO - [Step  8300/12000] Stage C | L=2.5009e+03 (IC=9.202e-02, BC=5.061e-02, PDE=2.492e+05, Qg=2.027e-01, Qz=1.456e-05, Sd=4.777e-01, SwB=5.694e-06) | k_frac=6.7970 mD, dp=18.64 MPa | Sw=[0.122,0.842] | 1288.0s
2026-02-18 16:41:39 - M5Trainer - INFO - [Step  8400/12000] Stage D | L=2.2916e+03 (IC=1.573e-01, BC=6.404e-02, PDE=2.387e+05, Qg=2.027e-01, Qz=1.440e-05, Sd=4.728e-01, SwB=6.430e-06) | k_frac=6.8070 mD, dp=18.65 MPa | Sw=[0.120,0.859] | 1307.8s
2026-02-18 16:41:59 - M5Trainer - INFO -   [Sw约束v9] Sw=[0.120, 0.191, 0.880], 权重=100, 惩罚=0.000005 (低=0.0000, 高=0.0000)
2026-02-18 16:41:59 - M5Trainer - INFO -   [Sw监控] SY9: Sw=[0.1203, 0.3904, 0.8797], krg_min=5.099312e-03
2026-02-18 16:41:59 - M5Trainer - INFO - [Step  8500/12000] Stage D | L=2.3286e+03 (IC=1.678e-01, BC=5.106e-02, PDE=2.362e+05, Qg=1.974e-01, Qz=1.499e-05, Sd=4.710e-01, SwB=5.024e-06) | k_frac=6.8071 mD, dp=18.66 MPa | Sw=[0.121,0.858] | 1328.3s
2026-02-18 16:41:59 - M5Trainer - INFO -   [k_frac诊断] grad=-1.2132e+00, k_frac=6.807052 mD
2026-02-18 16:42:20 - M5Trainer - INFO - [Step  8600/12000] Stage D | L=2.1114e+03 (IC=1.638e-01, BC=5.220e-02, PDE=2.192e+05, Qg=1.958e-01, Qz=1.508e-05, Sd=4.739e-01, SwB=4.948e-06) | k_frac=6.8129 mD, dp=18.66 MPa | Sw=[0.121,0.877] | 1348.8s
2026-02-18 16:42:38 - M5Trainer - INFO - [Step  8700/12000] Stage D | L=2.2596e+03 (IC=2.924e-01, BC=4.330e-02, PDE=2.343e+05, Qg=1.942e-01, Qz=1.507e-05, Sd=4.716e-01, SwB=6.000e-06) | k_frac=6.8132 mD, dp=18.67 MPa | Sw=[0.120,0.811] | 1367.5s
2026-02-18 16:42:57 - M5Trainer - INFO - [Step  8800/12000] Stage D | L=2.0511e+03 (IC=1.816e-01, BC=4.921e-02, PDE=2.100e+05, Qg=1.984e-01, Qz=1.522e-05, Sd=4.711e-01, SwB=5.113e-06) | k_frac=6.8143 mD, dp=18.67 MPa | Sw=[0.121,0.878] | 1386.6s
2026-02-18 16:43:16 - M5Trainer - INFO - [Step  8900/12000] Stage D | L=2.2648e+03 (IC=1.971e-01, BC=5.987e-02, PDE=2.247e+05, Qg=1.929e-01, Qz=1.520e-05, Sd=4.693e-01, SwB=5.249e-06) | k_frac=6.8150 mD, dp=18.68 MPa | Sw=[0.121,0.758] | 1405.6s
2026-02-18 16:43:35 - M5Trainer - INFO -   [Sw约束v9] Sw=[0.120, 0.183, 0.880], 权重=100, 惩罚=0.000006 (低=0.0000, 高=0.0000)
2026-02-18 16:43:35 - M5Trainer - INFO -   [Sw监控] SY9: Sw=[0.1204, 0.3860, 0.8797], krg_min=5.095452e-03
2026-02-18 16:43:35 - M5Trainer - INFO - [Step  9000/12000] Stage D | L=1.9619e+03 (IC=1.274e-01, BC=7.285e-02, PDE=2.004e+05, Qg=1.959e-01, Qz=1.549e-05, Sd=4.735e-01, SwB=5.532e-06) | k_frac=6.8210 mD, dp=18.68 MPa | Sw=[0.121,0.847] | 1424.6s
2026-02-18 16:43:35 - M5Trainer - INFO -   [k_frac诊断] grad=1.1443e+00, k_frac=6.820968 mD
2026-02-18 16:43:55 - M5Trainer - INFO - [Step  9100/12000] Stage D | L=1.8415e+03 (IC=2.295e-01, BC=6.376e-02, PDE=1.949e+05, Qg=1.963e-01, Qz=1.530e-05, Sd=4.650e-01, SwB=5.427e-06) | k_frac=6.8152 mD, dp=18.69 MPa | Sw=[0.121,0.859] | 1444.0s
2026-02-18 16:44:14 - M5Trainer - INFO - [Step  9200/12000] Stage D | L=1.9932e+03 (IC=2.011e-01, BC=6.191e-02, PDE=2.006e+05, Qg=1.905e-01, Qz=1.570e-05, Sd=4.702e-01, SwB=4.717e-06) | k_frac=6.8199 mD, dp=18.69 MPa | Sw=[0.121,0.870] | 1463.1s
2026-02-18 16:44:32 - M5Trainer - INFO - [Step  9300/12000] Stage D | L=2.1404e+03 (IC=1.951e-01, BC=6.474e-02, PDE=2.071e+05, Qg=1.895e-01, Qz=1.593e-05, Sd=4.732e-01, SwB=5.834e-06) | k_frac=6.8249 mD, dp=18.70 MPa | Sw=[0.121,0.880] | 1481.7s
2026-02-18 16:44:51 - M5Trainer - INFO - [Step  9400/12000] Stage D | L=2.0419e+03 (IC=2.269e-01, BC=5.695e-02, PDE=1.992e+05, Qg=1.933e-01, Qz=1.621e-05, Sd=4.740e-01, SwB=6.359e-06) | k_frac=6.8259 mD, dp=18.70 MPa | Sw=[0.121,0.764] | 1500.2s
2026-02-18 16:45:09 - M5Trainer - INFO -   [Sw约束v9] Sw=[0.120, 0.183, 0.880], 权重=100, 惩罚=0.000006 (低=0.0000, 高=0.0000)
2026-02-18 16:45:09 - M5Trainer - INFO -   [Sw监控] SY9: Sw=[0.1203, 0.3805, 0.8796], krg_min=5.103224e-03
2026-02-18 16:45:09 - M5Trainer - INFO - [Step  9500/12000] Stage D | L=1.7122e+03 (IC=1.746e-01, BC=5.854e-02, PDE=1.728e+05, Qg=1.950e-01, Qz=1.620e-05, Sd=4.735e-01, SwB=5.719e-06) | k_frac=6.8274 mD, dp=18.70 MPa | Sw=[0.121,0.879] | 1518.8s
2026-02-18 16:45:09 - M5Trainer - INFO -   [k_frac诊断] grad=-1.6575e-01, k_frac=6.827352 mD
2026-02-18 16:45:28 - M5Trainer - INFO - [Step  9600/12000] Stage D | L=1.8137e+03 (IC=2.538e-01, BC=8.857e-02, PDE=1.882e+05, Qg=1.918e-01, Qz=1.648e-05, Sd=4.731e-01, SwB=6.318e-06) | k_frac=6.8284 mD, dp=18.70 MPa | Sw=[0.121,0.866] | 1537.6s
2026-02-18 16:45:47 - M5Trainer - INFO - [Step  9700/12000] Stage D | L=2.1887e+03 (IC=1.681e-01, BC=6.345e-02, PDE=1.973e+05, Qg=1.937e-01, Qz=1.647e-05, Sd=4.716e-01, SwB=5.727e-06) | k_frac=6.8296 mD, dp=18.71 MPa | Sw=[0.121,0.876] | 1556.4s
2026-02-18 16:46:06 - M5Trainer - INFO - [Step  9800/12000] Stage D | L=1.6399e+03 (IC=1.933e-01, BC=6.296e-02, PDE=1.654e+05, Qg=1.878e-01, Qz=1.623e-05, Sd=4.697e-01, SwB=5.637e-06) | k_frac=6.8287 mD, dp=18.71 MPa | Sw=[0.122,0.435] | 1575.7s
2026-02-18 16:46:26 - M5Trainer - INFO - [Step  9900/12000] Stage D | L=1.7374e+03 (IC=2.181e-01, BC=6.698e-02, PDE=1.714e+05, Qg=1.886e-01, Qz=1.650e-05, Sd=4.694e-01, SwB=5.554e-06) | k_frac=6.8290 mD, dp=18.71 MPa | Sw=[0.121,0.821] | 1595.6s
2026-02-18 16:46:48 - M5Trainer - INFO -   [Sw约束v9] Sw=[0.120, 0.183, 0.880], 权重=100, 惩罚=0.000006 (低=0.0000, 高=0.0000)
2026-02-18 16:46:48 - M5Trainer - INFO -   [Sw监控] SY9: Sw=[0.1203, 0.3815, 0.8795], krg_min=5.131640e-03
2026-02-18 16:46:48 - M5Trainer - INFO - [Step 10000/12000] Stage D | L=1.5923e+03 (IC=1.722e-01, BC=6.686e-02, PDE=1.578e+05, Qg=1.849e-01, Qz=1.675e-05, Sd=4.693e-01, SwB=6.382e-06) | k_frac=6.8298 mD, dp=18.72 MPa | Sw=[0.120,0.362] | 1617.3s
2026-02-18 16:46:48 - M5Trainer - INFO -   [k_frac诊断] grad=-1.1964e-01, k_frac=6.829829 mD
2026-02-18 16:47:10 - M5Trainer - INFO - [Step 10100/12000] Stage D | L=1.5243e+03 (IC=1.847e-01, BC=6.600e-02, PDE=1.523e+05, Qg=1.856e-01, Qz=1.673e-05, Sd=4.706e-01, SwB=6.235e-06) | k_frac=6.8317 mD, dp=18.72 MPa | Sw=[0.121,0.825] | 1639.0s
2026-02-18 16:47:29 - M5Trainer - INFO - [Step 10200/12000] Stage D | L=1.8162e+03 (IC=1.171e-01, BC=6.268e-02, PDE=1.673e+05, Qg=1.859e-01, Qz=1.653e-05, Sd=4.693e-01, SwB=5.625e-06) | k_frac=6.8309 mD, dp=18.72 MPa | Sw=[0.120,0.849] | 1658.2s
2026-02-18 16:47:48 - M5Trainer - INFO - [Step 10300/12000] Stage D | L=1.8444e+03 (IC=1.705e-01, BC=6.853e-02, PDE=1.675e+05, Qg=1.858e-01, Qz=1.669e-05, Sd=4.695e-01, SwB=6.154e-06) | k_frac=6.8315 mD, dp=18.73 MPa | Sw=[0.121,0.878] | 1677.6s
2026-02-18 16:48:08 - M5Trainer - INFO - [Step 10400/12000] Stage D | L=2.0862e+03 (IC=1.480e-01, BC=6.666e-02, PDE=1.772e+05, Qg=1.862e-01, Qz=1.667e-05, Sd=4.699e-01, SwB=5.824e-06) | k_frac=6.8328 mD, dp=18.73 MPa | Sw=[0.121,0.875] | 1697.2s
2026-02-18 16:48:29 - M5Trainer - INFO -   [Sw约束v9] Sw=[0.120, 0.184, 0.880], 权重=100, 惩罚=0.000007 (低=0.0000, 高=0.0000)
2026-02-18 16:48:29 - M5Trainer - INFO -   [Sw监控] SY9: Sw=[0.1204, 0.3794, 0.8793], krg_min=5.164750e-03
2026-02-18 16:48:29 - M5Trainer - INFO - [Step 10500/12000] Stage D | L=1.6148e+03 (IC=2.932e-01, BC=6.350e-02, PDE=1.565e+05, Qg=1.863e-01, Qz=1.656e-05, Sd=4.690e-01, SwB=6.533e-06) | k_frac=6.8321 mD, dp=18.73 MPa | Sw=[0.121,0.815] | 1718.7s
2026-02-18 16:48:29 - M5Trainer - INFO -   [k_frac诊断] grad=8.5633e-01, k_frac=6.832126 mD
2026-02-18 16:48:50 - M5Trainer - INFO - [Step 10600/12000] Stage D | L=1.8963e+03 (IC=1.470e-01, BC=6.658e-02, PDE=1.643e+05, Qg=1.852e-01, Qz=1.645e-05, Sd=4.689e-01, SwB=6.087e-06) | k_frac=6.8328 mD, dp=18.73 MPa | Sw=[0.121,0.750] | 1739.3s
2026-02-18 16:49:10 - M5Trainer - INFO - [Step 10700/12000] Stage D | L=1.7353e+03 (IC=2.638e-01, BC=6.246e-02, PDE=1.591e+05, Qg=1.846e-01, Qz=1.645e-05, Sd=4.688e-01, SwB=6.193e-06) | k_frac=6.8329 mD, dp=18.73 MPa | Sw=[0.121,0.849] | 1759.7s
2026-02-18 16:49:31 - M5Trainer - INFO - [Step 10800/12000] Stage D | L=1.6931e+03 (IC=2.725e-01, BC=6.525e-02, PDE=1.564e+05, Qg=1.842e-01, Qz=1.655e-05, Sd=4.695e-01, SwB=6.073e-06) | k_frac=6.8340 mD, dp=18.74 MPa | Sw=[0.121,0.788] | 1780.5s
2026-02-18 16:49:52 - M5Trainer - INFO - [Step 10900/12000] Stage D | L=1.5211e+03 (IC=3.155e-01, BC=6.403e-02, PDE=1.463e+05, Qg=1.853e-01, Qz=1.644e-05, Sd=4.683e-01, SwB=6.555e-06) | k_frac=6.8329 mD, dp=18.74 MPa | Sw=[0.121,0.842] | 1801.5s
2026-02-18 16:50:14 - M5Trainer - INFO -   [Sw约束v9] Sw=[0.120, 0.184, 0.879], 权重=100, 惩罚=0.000006 (低=0.0000, 高=0.0000)
2026-02-18 16:50:14 - M5Trainer - INFO -   [Sw监控] SY9: Sw=[0.1204, 0.3795, 0.8793], krg_min=5.160773e-03
2026-02-18 16:50:14 - M5Trainer - INFO - [Step 11000/12000] Stage D | L=1.3595e+03 (IC=2.270e-01, BC=5.839e-02, PDE=1.308e+05, Qg=1.847e-01, Qz=1.647e-05, Sd=4.687e-01, SwB=5.885e-06) | k_frac=6.8332 mD, dp=18.74 MPa | Sw=[0.120,0.740] | 1823.5s
2026-02-18 16:50:14 - M5Trainer - INFO -   [k_frac诊断] grad=1.2723e+00, k_frac=6.833230 mD
2026-02-18 16:50:37 - M5Trainer - INFO - [Step 11100/12000] Stage D | L=1.6030e+03 (IC=1.475e-01, BC=7.138e-02, PDE=1.423e+05, Qg=1.848e-01, Qz=1.640e-05, Sd=4.687e-01, SwB=6.775e-06) | k_frac=6.8334 mD, dp=18.74 MPa | Sw=[0.121,0.867] | 1846.5s
2026-02-18 16:50:59 - M5Trainer - INFO - [Step 11200/12000] Stage D | L=1.6310e+03 (IC=1.611e-01, BC=6.195e-02, PDE=1.417e+05, Qg=1.838e-01, Qz=1.650e-05, Sd=4.686e-01, SwB=6.722e-06) | k_frac=6.8335 mD, dp=18.74 MPa | Sw=[0.121,0.879] | 1868.5s
2026-02-18 16:51:21 - M5Trainer - INFO - [Step 11300/12000] Stage D | L=1.4866e+03 (IC=1.585e-01, BC=7.336e-02, PDE=1.339e+05, Qg=1.822e-01, Qz=1.650e-05, Sd=4.685e-01, SwB=6.319e-06) | k_frac=6.8335 mD, dp=18.74 MPa | Sw=[0.121,0.834] | 1890.7s
2026-02-18 16:51:44 - M5Trainer - INFO - [Step 11400/12000] Stage D | L=1.4157e+03 (IC=3.904e-01, BC=6.291e-02, PDE=1.359e+05, Qg=1.822e-01, Qz=1.648e-05, Sd=4.690e-01, SwB=5.919e-06) | k_frac=6.8341 mD, dp=18.74 MPa | Sw=[0.120,0.615] | 1913.1s
2026-02-18 16:52:07 - M5Trainer - INFO -   [Sw约束v9] Sw=[0.120, 0.185, 0.879], 权重=100, 惩罚=0.000007 (低=0.0000, 高=0.0000)
2026-02-18 16:52:07 - M5Trainer - INFO -   [Sw监控] SY9: Sw=[0.1204, 0.3785, 0.8793], krg_min=5.160351e-03
2026-02-18 16:52:07 - M5Trainer - INFO - [Step 11500/12000] Stage D | L=1.4601e+03 (IC=1.995e-01, BC=6.236e-02, PDE=1.304e+05, Qg=1.819e-01, Qz=1.648e-05, Sd=4.689e-01, SwB=7.166e-06) | k_frac=6.8341 mD, dp=18.74 MPa | Sw=[0.121,0.668] | 1936.1s
2026-02-18 16:52:07 - M5Trainer - INFO -   [k_frac诊断] grad=1.2418e+00, k_frac=6.834061 mD
2026-02-18 16:52:31 - M5Trainer - INFO - [Step 11600/12000] Stage D | L=1.3620e+03 (IC=2.407e-01, BC=8.283e-02, PDE=1.274e+05, Qg=1.813e-01, Qz=1.646e-05, Sd=4.688e-01, SwB=6.644e-06) | k_frac=6.8341 mD, dp=18.74 MPa | Sw=[0.121,0.641] | 1960.5s
2026-02-18 16:52:56 - M5Trainer - INFO - [Step 11700/12000] Stage D | L=1.3197e+03 (IC=2.279e-01, BC=6.629e-02, PDE=1.212e+05, Qg=1.809e-01, Qz=1.645e-05, Sd=4.688e-01, SwB=6.845e-06) | k_frac=6.8341 mD, dp=18.74 MPa | Sw=[0.121,0.771] | 1985.1s
2026-02-18 16:53:20 - M5Trainer - INFO - [Step 11800/12000] Stage D | L=1.2584e+03 (IC=2.989e-01, BC=5.711e-02, PDE=1.182e+05, Qg=1.809e-01, Qz=1.645e-05, Sd=4.688e-01, SwB=6.112e-06) | k_frac=6.8340 mD, dp=18.74 MPa | Sw=[0.121,0.829] | 2009.3s
2026-02-18 16:53:45 - M5Trainer - INFO - [Step 11900/12000] Stage D | L=1.5565e+03 (IC=2.093e-01, BC=7.662e-02, PDE=1.339e+05, Qg=1.806e-01, Qz=1.645e-05, Sd=4.688e-01, SwB=6.482e-06) | k_frac=6.8340 mD, dp=18.74 MPa | Sw=[0.120,0.879] | 2034.8s
2026-02-18 16:54:11 - M5Trainer - INFO - [Step 11999/12000] Stage D | L=1.5399e+03 (IC=1.433e-01, BC=6.673e-02, PDE=1.279e+05, Qg=1.807e-01, Qz=1.644e-05, Sd=4.688e-01, SwB=6.729e-06) | k_frac=6.8340 mD, dp=18.74 MPa | Sw=[0.122,0.706] | 2060.7s
2026-02-18 16:54:11 - M5Trainer - INFO - 
M5 训练完成! 耗时: 2060.7s, 最佳验证分数(val_score): 38.2393
2026-02-18 16:54:11 - M5Trainer - INFO - 配置快照已保存: C:\Users\16281\Desktop\cpedc_project\outputs\mk_pinn_dt_v2\resolved_config_m5.json
2026-02-18 16:54:11 - M5Trainer - INFO - 反演参数审计: C:\Users\16281\Desktop\cpedc_project\outputs\mk_pinn_dt_v2\reports\M5_inversion_params.json
2026-02-18 16:54:12 - M5Trainer - INFO -   history 已恢复 (9801 步)
2026-02-18 16:54:12 - M5Trainer - INFO -   best_step=9800
2026-02-18 16:54:12 - M5Trainer - INFO - 已加载 M5 检查点: C:\Users\16281\Desktop\cpedc_project\outputs\mk_pinn_dt_v2\ckpt\m5_pinn_best.pt
2026-02-18 16:54:12 - M5Trainer - INFO -   history 已恢复 (9801 步)
2026-02-18 16:54:12 - M5Trainer - INFO -   best_step=9800
2026-02-18 16:54:12 - M5Trainer - INFO - 已加载 M5 检查点: C:\Users\16281\Desktop\cpedc_project\outputs\mk_pinn_dt_v2\ckpt\m5_pinn_best.pt
2026-02-18 16:54:12 - M5Trainer - INFO -   history 已恢复 (12000 步)
2026-02-18 16:54:12 - M5Trainer - INFO - 已加载 M5 检查点: C:\Users\16281\Desktop\cpedc_project\outputs\mk_pinn_dt_v2\ckpt\m5_pinn_final.pt
2026-02-18 16:54:12 - M5Trainer - INFO -   history 已恢复 (9801 步)
2026-02-18 16:54:12 - M5Trainer - INFO -   best_step=9800
2026-02-18 16:54:12 - M5Trainer - INFO - 已加载 M5 检查点: C:\Users\16281\Desktop\cpedc_project\outputs\mk_pinn_dt_v2\ckpt\m5_pinn_best.pt
2026-02-18 16:54:12 - M5Trainer - INFO - generate_report: 自动择优采用 best checkpoint, qg_score=16.7361
2026-02-18 16:54:12 - M5Trainer - INFO - 反演参数审计: C:\Users\16281\Desktop\cpedc_project\outputs\mk_pinn_dt_v2\reports\M5_inversion_params.json
2026-02-18 16:54:12 - M5Trainer - INFO - qg 对比图已保存: C:\Users\16281\Desktop\cpedc_project\outputs\mk_pinn_dt_v2\figs\M5_qg_comparison_SY9.png
2026-02-18 16:54:12 - M5Trainer - INFO - p_wf 反演图已保存: C:\Users\16281\Desktop\cpedc_project\outputs\mk_pinn_dt_v2\figs\M5_pwf_inversion_SY9.png
2026-02-18 16:54:13 - M5Trainer - INFO - 训练曲线图已保存: C:\Users\16281\Desktop\cpedc_project\outputs\mk_pinn_dt_v2\figs\M5_training_history.png
2026-02-18 16:54:14 - M5Trainer - INFO - 残差热力图已保存: C:\Users\16281\Desktop\cpedc_project\outputs\mk_pinn_dt_v2\figs\M5_pde_residual_map.png
2026-02-18 16:54:15 - M5Trainer - INFO - M6 连通性分析完成
2026-02-18 16:54:16 - M5Trainer - INFO - M7 水侵预警分析完成
2026-02-18 16:54:16 - M5Trainer - INFO -   history 已恢复 (12000 步)
2026-02-18 16:54:16 - M5Trainer - INFO - 已加载 M5 检查点: C:\Users\16281\Desktop\cpedc_project\outputs\mk_pinn_dt_v2\ckpt\m5_pinn_final.pt
2026-02-18 16:54:16 - M5Trainer - INFO -   history 已恢复 (9801 步)
2026-02-18 16:54:16 - M5Trainer - INFO -   best_step=9800
2026-02-18 16:54:16 - M5Trainer - INFO - 已加载 M5 检查点: C:\Users\16281\Desktop\cpedc_project\outputs\mk_pinn_dt_v2\ckpt\m5_pinn_best.pt
2026-02-18 16:54:16 - M5Trainer - INFO - M5 验收报告已保存: C:\Users\16281\Desktop\cpedc_project\outputs\mk_pinn_dt_v2\reports\M5_validation_report.md
