2026-02-18 17:19:47 - M5Trainer - INFO -   torch.compile 已跳过 (Triton 不支持 Windows, 使用 eager 模式)
2026-02-18 17:19:47 - M5Trainer - INFO - k_frac 独立参数组: lr=3.00e-03 (factor=3.0)
2026-02-18 17:19:47 - M5Trainer - INFO - k_net 学习率: 1.00e-04 (factor=0.1, warmup=2000 steps)
2026-02-18 17:19:47 - M5Trainer - INFO -   井 SY9: 1332 条同化数据 (train=799, val=266, test=267)
    开井点数 (q>1): train=745, val=88, test=121
    有效压力点: val_p=109, test_p=121
2026-02-18 17:19:47 - M5Trainer - INFO -   train time window(norm): [0.0000, 0.5995]
2026-02-18 17:19:48 - M5Trainer - INFO -   M3 PVT cg(76.0, 140.32) = 0.009744
2026-02-18 17:19:48 - M5Trainer - INFO -   M3 PVT Bg(76.0, 140.32) = 0.002577
2026-02-18 17:19:48 - M5Trainer - INFO -   PDE 缩放: αx=0.029719, αy=0.074361
2026-02-18 17:19:48 - M5Trainer - INFO - M5Trainer 初始化完成: device=cuda, lr=0.001, max_steps=12000, relobralo=True, rar=True
2026-02-18 17:19:48 - M5Trainer - INFO - ============================================================
2026-02-18 17:19:48 - M5Trainer - INFO - M5 PINN 井—藏耦合同化训练开始
2026-02-18 17:19:48 - M5Trainer - INFO - ============================================================
2026-02-18 17:19:48 - M5Trainer - INFO - 训练阶段: A[0-1200] B[1200-4200] C[4200-8400] D[8400-12000]
2026-02-18 17:19:48 - M5Trainer - INFO -   qg_nearzero 权重: A=3.0, B=6.0->9.0, C=12.0, D=3.0, enable=True
2026-02-18 17:19:48 - M5Trainer - INFO - --- M5 单位/量纲诊断 (train 第 1 步前) ---
2026-02-18 17:19:48 - M5Trainer - INFO -   qg_obs 范围: 0.00e+00 ~ 8.39e+05 m³/d, 均值: 2.97e+05 m³/d
2026-02-18 17:19:48 - M5Trainer - INFO -   qg_pred 范围: 3.84e+05 ~ 4.09e+05
2026-02-18 17:19:48 - M5Trainer - INFO -   p_wf 范围: 7.43e+01 ~ 7.43e+01 MPa
2026-02-18 17:19:48 - M5Trainer - INFO -   p_field @ well: 7.50e+01 MPa
2026-02-18 17:19:48 - M5Trainer - INFO -   k_frac = 5.4020 mD
2026-02-18 17:19:48 - M5Trainer - INFO -   WI_raw = 4.309845e-13 [检查单位]
2026-02-18 17:19:48 - M5Trainer - INFO -   dp_wellbore = 12.00 MPa
2026-02-18 17:19:48 - M5Trainer - INFO -   Bg_ref = 2.576898e-03
2026-02-18 17:19:48 - M5Trainer - INFO -   qg_obs 范围: 0.00e+00 ~ 8.39e+05 m³/d
2026-02-18 17:19:48 - M5Trainer - INFO -   qg_obs 中位数 = 3.07e+05 m³/d
2026-02-18 17:19:48 - M5Trainer - INFO -   ✅ v9: PDE源项已升级为时变 source(x,y,t) = qg_obs(t) * kernel(x,y)
2026-02-18 17:19:48 - M5Trainer - INFO -   ✅ 每个PDE配点使用其时刻对应的真实观测产量（线性插值）
2026-02-18 17:19:48 - M5Trainer - INFO - --- 诊断结束 ---
2026-02-18 17:19:48 - M5Trainer - INFO -   [shape] SY9: qg pred=(1332, 1) vs obs=(1332, 1), p_wf pred=(1332, 1) vs p_obs=(1332, 1)
2026-02-18 17:19:48 - M5Trainer - INFO -   [Sw约束v9] Sw=[0.260, 0.260, 0.260], 权重=500, 惩罚=0.000000 (低=0.0000, 高=0.0000)
2026-02-18 17:19:48 - M5Trainer - INFO -   ✅ k_frac_mD.grad = -5.352134e-03 (PDE梯度贯通)
2026-02-18 17:19:48 - M5Trainer - INFO -   ✅ k_net: 18 组参数收到梯度
2026-02-18 17:19:48 - M5Trainer - INFO -   [梯度验收] SY9: qg_obs range=[0.0, 838700.0]
2026-02-18 17:19:48 - M5Trainer - INFO -   [Sw监控] SY9: Sw=[0.2600, 0.2600, 0.2600], krg_min=6.751000e-01
2026-02-18 17:19:48 - M5Trainer - INFO - [Step     0/12000] Stage A | L=7.8243e+02 (IC=1.000e+00, BC=1.000e+00, PDE=1.611e+06, Qg=2.780e-01, Qz=1.226e-01, Sd=3.510e-01, SwB=0.000e+00) | k_frac=5.4022 mD, dp=12.00 MPa | Sw=[0.260,0.260] | 0.6s
2026-02-18 17:19:48 - M5Trainer - INFO -   [k_frac诊断] grad=-5.3521e-03, k_frac=5.402157 mD
2026-02-18 17:20:02 - M5Trainer - INFO - [Step   100/12000] Stage A | L=3.0647e+02 (IC=7.926e-03, BC=1.025e-02, PDE=1.988e+06, Qg=2.606e-01, Qz=1.463e-01, Sd=7.005e-01, SwB=0.000e+00) | k_frac=5.3875 mD, dp=12.02 MPa | Sw=[0.247,0.284] | 14.7s
2026-02-18 17:20:17 - M5Trainer - INFO -   [梯度验收] SY9: qg_obs range=[0.0, 838700.0]
2026-02-18 17:20:17 - M5Trainer - INFO - [Step   200/12000] Stage A | L=1.1535e+02 (IC=4.188e-02, BC=2.373e-02, PDE=1.739e+06, Qg=2.601e-01, Qz=5.436e-02, Sd=1.533e+01, SwB=0.000e+00) | k_frac=5.1731 mD, dp=12.06 MPa | Sw=[0.152,0.663] | 29.3s
2026-02-18 17:20:31 - M5Trainer - INFO - [Step   300/12000] Stage A | L=2.5902e+02 (IC=8.319e-02, BC=7.215e-02, PDE=1.922e+06, Qg=2.178e-01, Qz=7.564e-02, Sd=1.970e+01, SwB=0.000e+00) | k_frac=5.1467 mD, dp=12.06 MPa | Sw=[0.146,0.673] | 43.8s
2026-02-18 17:20:46 - M5Trainer - INFO -   [梯度验收] SY9: qg_obs range=[0.0, 838700.0]
2026-02-18 17:20:46 - M5Trainer - INFO - [Step   400/12000] Stage A | L=2.7049e+02 (IC=8.328e-02, BC=2.517e-01, PDE=1.875e+06, Qg=2.036e-01, Qz=4.121e-02, Sd=2.159e+01, SwB=0.000e+00) | k_frac=5.1347 mD, dp=12.07 MPa | Sw=[0.146,0.646] | 58.2s
2026-02-18 17:21:00 - M5Trainer - INFO -   [Sw约束v9] Sw=[0.138, 0.323, 0.744], 权重=500, 惩罚=0.000000 (低=0.0000, 高=0.0000)
2026-02-18 17:21:00 - M5Trainer - INFO -   [Sw监控] SY9: Sw=[0.6124, 0.6723, 0.7469], krg_min=5.374113e-02
2026-02-18 17:21:00 - M5Trainer - INFO - [Step   500/12000] Stage A | L=2.0932e+02 (IC=6.619e-02, BC=3.491e-02, PDE=1.479e+06, Qg=2.021e-01, Qz=3.796e-02, Sd=2.401e+01, SwB=0.000e+00) | k_frac=5.1240 mD, dp=12.07 MPa | Sw=[0.143,0.663] | 72.5s
2026-02-18 17:21:00 - M5Trainer - INFO -   [k_frac诊断] grad=-1.8884e-01, k_frac=5.123964 mD
2026-02-18 17:21:15 - M5Trainer - INFO -   [梯度验收] SY9: qg_obs range=[0.0, 838700.0]
2026-02-18 17:21:15 - M5Trainer - INFO - [Step   600/12000] Stage A | L=2.0344e+02 (IC=5.993e-02, BC=2.882e-02, PDE=1.457e+06, Qg=1.977e-01, Qz=3.582e-02, Sd=2.590e+01, SwB=0.000e+00) | k_frac=5.1096 mD, dp=12.07 MPa | Sw=[0.140,0.673] | 87.0s
2026-02-18 17:21:29 - M5Trainer - INFO - [Step   700/12000] Stage A | L=2.7238e+02 (IC=4.552e-02, BC=3.021e-02, PDE=1.727e+06, Qg=2.145e-01, Qz=3.153e-02, Sd=2.642e+01, SwB=0.000e+00) | k_frac=5.0915 mD, dp=12.07 MPa | Sw=[0.144,0.683] | 101.6s
2026-02-18 17:21:44 - M5Trainer - INFO -   [梯度验收] SY9: qg_obs range=[0.0, 838700.0]
2026-02-18 17:21:44 - M5Trainer - INFO - [Step   800/12000] Stage A | L=2.5303e+02 (IC=8.401e-02, BC=5.508e-02, PDE=1.584e+06, Qg=2.582e-01, Qz=2.849e-02, Sd=2.737e+01, SwB=0.000e+00) | k_frac=5.0709 mD, dp=12.07 MPa | Sw=[0.136,0.709] | 116.1s
2026-02-18 17:21:58 - M5Trainer - INFO - [Step   900/12000] Stage A | L=1.9283e+02 (IC=5.045e-02, BC=4.346e-02, PDE=1.359e+06, Qg=2.014e-01, Qz=4.522e-02, Sd=3.660e+01, SwB=0.000e+00) | k_frac=5.0558 mD, dp=12.08 MPa | Sw=[0.138,0.685] | 130.6s
2026-02-18 17:22:13 - M5Trainer - INFO -   [Sw约束v9] Sw=[0.134, 0.344, 0.763], 权重=500, 惩罚=0.000000 (低=0.0000, 高=0.0000)
2026-02-18 17:22:13 - M5Trainer - INFO -   [梯度验收] SY9: qg_obs range=[0.0, 838700.0]
2026-02-18 17:22:13 - M5Trainer - INFO -   [Sw监控] SY9: Sw=[0.6219, 0.6780, 0.7660], krg_min=4.355456e-02
2026-02-18 17:22:13 - M5Trainer - INFO - [Step  1000/12000] Stage A | L=1.4362e+02 (IC=4.764e-02, BC=4.193e-02, PDE=1.125e+06, Qg=1.997e-01, Qz=3.608e-02, Sd=3.548e+01, SwB=0.000e+00) | k_frac=5.0406 mD, dp=12.08 MPa | Sw=[0.140,0.667] | 145.1s
2026-02-18 17:22:13 - M5Trainer - INFO -   [k_frac诊断] grad=-1.5901e-01, k_frac=5.040586 mD
2026-02-18 17:22:27 - M5Trainer - INFO - [Step  1100/12000] Stage A | L=1.6943e+02 (IC=1.639e-01, BC=8.357e-02, PDE=1.287e+06, Qg=2.203e-01, Qz=7.000e-02, Sd=3.904e+01, SwB=0.000e+00) | k_frac=5.0182 mD, dp=12.08 MPa | Sw=[0.137,0.700] | 159.9s
2026-02-18 17:22:42 - M5Trainer - INFO -   [梯度验收] SY9: qg_obs range=[0.0, 838700.0]
2026-02-18 17:22:42 - M5Trainer - INFO - [Step  1200/12000] Stage B | L=1.5271e+03 (IC=3.397e-02, BC=4.105e-02, PDE=1.432e+06, Qg=2.428e-01, Qz=4.226e-02, Sd=4.218e+01, SwB=0.000e+00) | k_frac=5.0062 mD, dp=12.08 MPa | Sw=[0.135,0.686] | 174.7s
2026-02-18 17:22:57 - M5Trainer - INFO - [Step  1300/12000] Stage B | L=9.0087e+02 (IC=1.503e-01, BC=1.270e-01, PDE=1.171e+06, Qg=2.200e-01, Qz=6.208e-03, Sd=5.041e-01, SwB=0.000e+00) | k_frac=4.9331 mD, dp=12.24 MPa | Sw=[0.154,0.635] | 189.5s
2026-02-18 17:23:12 - M5Trainer - INFO -   [梯度验收] SY9: qg_obs range=[0.0, 838700.0]
2026-02-18 17:23:12 - M5Trainer - INFO - [Step  1400/12000] Stage B | L=1.0092e+03 (IC=1.212e-01, BC=1.168e-01, PDE=1.213e+06, Qg=2.192e-01, Qz=2.974e-03, Sd=2.936e-01, SwB=0.000e+00) | k_frac=4.8860 mD, dp=12.30 MPa | Sw=[0.150,0.620] | 204.3s
2026-02-18 17:23:27 - M5Trainer - INFO -   [Sw约束v9] Sw=[0.145, 0.382, 0.661], 权重=300, 惩罚=0.000000 (低=0.0000, 高=0.0000)
2026-02-18 17:23:27 - M5Trainer - INFO -   [Sw监控] SY9: Sw=[0.5007, 0.5920, 0.6680], krg_min=1.071080e-01
2026-02-18 17:23:27 - M5Trainer - INFO - [Step  1500/12000] Stage B | L=9.5203e+02 (IC=9.271e-02, BC=6.530e-02, PDE=1.151e+06, Qg=2.068e-01, Qz=2.589e-03, Sd=2.020e-01, SwB=0.000e+00) | k_frac=4.8619 mD, dp=12.36 MPa | Sw=[0.147,0.628] | 219.4s
2026-02-18 17:23:27 - M5Trainer - INFO -   [k_frac诊断] grad=1.0042e-01, k_frac=4.861853 mD
2026-02-18 17:23:43 - M5Trainer - INFO -   [梯度验收] SY9: qg_obs range=[0.0, 838700.0]
2026-02-18 17:23:43 - M5Trainer - INFO - [Step  1600/12000] Stage B | L=1.0695e+03 (IC=4.933e-02, BC=4.407e-02, PDE=1.141e+06, Qg=2.214e-01, Qz=3.069e-03, Sd=2.631e-01, SwB=0.000e+00) | k_frac=4.8339 mD, dp=12.43 MPa | Sw=[0.154,0.589] | 235.1s
2026-02-18 17:23:58 - M5Trainer - INFO - [Step  1700/12000] Stage B | L=1.0034e+03 (IC=8.024e-02, BC=1.016e-01, PDE=1.099e+06, Qg=1.997e-01, Qz=2.053e-03, Sd=2.760e-01, SwB=0.000e+00) | k_frac=4.7876 mD, dp=12.51 MPa | Sw=[0.149,0.593] | 250.5s
2026-02-18 17:24:13 - M5Trainer - INFO -   [梯度验收] SY9: qg_obs range=[0.0, 838700.0]
2026-02-18 17:24:13 - M5Trainer - INFO - [Step  1800/12000] Stage B | L=1.2215e+03 (IC=4.061e-02, BC=4.495e-02, PDE=1.184e+06, Qg=2.249e-01, Qz=2.326e-03, Sd=2.707e-01, SwB=0.000e+00) | k_frac=4.7491 mD, dp=12.58 MPa | Sw=[0.157,0.606] | 265.9s
2026-02-18 17:24:29 - M5Trainer - INFO - [Step  1900/12000] Stage B | L=1.3578e+03 (IC=5.042e-02, BC=4.571e-02, PDE=1.236e+06, Qg=2.174e-01, Qz=2.491e-03, Sd=2.662e-01, SwB=0.000e+00) | k_frac=4.7020 mD, dp=12.66 MPa | Sw=[0.148,0.597] | 281.2s
2026-02-18 17:24:44 - M5Trainer - INFO -   [Sw约束v9] Sw=[0.143, 0.346, 0.669], 权重=300, 惩罚=0.000000 (低=0.0000, 高=0.0000)
2026-02-18 17:24:44 - M5Trainer - INFO -   [Sw监控] SY9: Sw=[0.4516, 0.5657, 0.6727], krg_min=1.034771e-01
2026-02-18 17:24:44 - M5Trainer - INFO - [Step  2000/12000] Stage B | L=1.4568e+03 (IC=2.725e-02, BC=1.578e-02, PDE=1.262e+06, Qg=2.259e-01, Qz=2.128e-03, Sd=2.267e-01, SwB=0.000e+00) | k_frac=4.6645 mD, dp=12.75 MPa | Sw=[0.156,0.558] | 296.5s
2026-02-18 17:24:44 - M5Trainer - INFO -   [k_frac诊断] grad=1.9977e-01, k_frac=4.664485 mD
2026-02-18 17:25:00 - M5Trainer - INFO - [Step  2100/12000] Stage B | L=1.3174e+03 (IC=3.639e-02, BC=1.501e-02, PDE=1.066e+06, Qg=2.242e-01, Qz=3.172e-03, Sd=2.868e-01, SwB=0.000e+00) | k_frac=4.6358 mD, dp=12.85 MPa | Sw=[0.155,0.614] | 312.1s
2026-02-18 17:25:15 - M5Trainer - INFO - [Step  2200/12000] Stage B | L=1.3242e+03 (IC=1.156e-01, BC=8.028e-02, PDE=1.132e+06, Qg=2.054e-01, Qz=2.999e-03, Sd=2.213e-01, SwB=0.000e+00) | k_frac=4.6183 mD, dp=12.94 MPa | Sw=[0.155,0.564] | 327.7s
2026-02-18 17:25:31 - M5Trainer - INFO - [Step  2300/12000] Stage B | L=1.5322e+03 (IC=9.254e-02, BC=5.363e-02, PDE=1.199e+06, Qg=2.534e-01, Qz=3.965e-03, Sd=2.475e-01, SwB=0.000e+00) | k_frac=4.5826 mD, dp=13.05 MPa | Sw=[0.159,0.578] | 343.2s
2026-02-18 17:25:46 - M5Trainer - INFO - [Step  2400/12000] Stage B | L=1.1731e+03 (IC=2.117e-01, BC=1.546e-01, PDE=1.105e+06, Qg=2.233e-01, Qz=3.142e-03, Sd=2.318e-01, SwB=0.000e+00) | k_frac=4.5326 mD, dp=13.16 MPa | Sw=[0.160,0.600] | 358.9s
2026-02-18 17:26:02 - M5Trainer - INFO -   [Sw约束v9] Sw=[0.142, 0.337, 0.650], 权重=300, 惩罚=0.000000 (低=0.0000, 高=0.0000)
2026-02-18 17:26:02 - M5Trainer - INFO -   [Sw监控] SY9: Sw=[0.4209, 0.5470, 0.6554], krg_min=1.174046e-01
2026-02-18 17:26:02 - M5Trainer - INFO - [Step  2500/12000] Stage B | L=1.4139e+03 (IC=4.941e-02, BC=3.099e-02, PDE=1.053e+06, Qg=2.021e-01, Qz=1.821e-03, Sd=2.219e-01, SwB=0.000e+00) | k_frac=4.5083 mD, dp=13.26 MPa | Sw=[0.149,0.547] | 374.4s
2026-02-18 17:26:02 - M5Trainer - INFO -   [k_frac诊断] grad=-2.3900e-01, k_frac=4.508270 mD
2026-02-18 17:26:18 - M5Trainer - INFO - [Step  2600/12000] Stage B | L=1.2793e+03 (IC=1.161e-01, BC=6.873e-02, PDE=1.036e+06, Qg=2.251e-01, Qz=1.923e-03, Sd=1.863e-01, SwB=0.000e+00) | k_frac=4.4493 mD, dp=13.38 MPa | Sw=[0.150,0.618] | 390.2s
2026-02-18 17:26:34 - M5Trainer - INFO - [Step  2700/12000] Stage B | L=1.3044e+03 (IC=6.924e-02, BC=9.683e-02, PDE=1.019e+06, Qg=2.058e-01, Qz=4.272e-03, Sd=2.253e-01, SwB=0.000e+00) | k_frac=4.4127 mD, dp=13.49 MPa | Sw=[0.156,0.526] | 406.4s
2026-02-18 17:26:51 - M5Trainer - INFO - [Step  2800/12000] Stage B | L=1.3083e+03 (IC=8.488e-02, BC=9.187e-02, PDE=1.033e+06, Qg=2.574e-01, Qz=5.274e-03, Sd=3.186e-01, SwB=0.000e+00) | k_frac=4.3948 mD, dp=13.60 MPa | Sw=[0.160,0.592] | 423.0s
2026-02-18 17:27:07 - M5Trainer - INFO - [Step  2900/12000] Stage B | L=1.6271e+03 (IC=6.738e-02, BC=5.502e-02, PDE=1.157e+06, Qg=1.988e-01, Qz=4.488e-03, Sd=2.434e-01, SwB=0.000e+00) | k_frac=4.3662 mD, dp=13.70 MPa | Sw=[0.169,0.610] | 439.3s
2026-02-18 17:27:23 - M5Trainer - INFO -   [Sw约束v9] Sw=[0.146, 0.319, 0.649], 权重=300, 惩罚=0.000000 (低=0.0000, 高=0.0000)
2026-02-18 17:27:23 - M5Trainer - INFO -   [Sw监控] SY9: Sw=[0.3557, 0.4971, 0.6492], krg_min=1.225904e-01
2026-02-18 17:27:23 - M5Trainer - INFO - [Step  3000/12000] Stage B | L=1.4487e+03 (IC=8.887e-02, BC=5.093e-02, PDE=1.005e+06, Qg=2.554e-01, Qz=2.303e-03, Sd=1.711e-01, SwB=0.000e+00) | k_frac=4.3004 mD, dp=13.83 MPa | Sw=[0.151,0.520] | 455.3s
2026-02-18 17:27:23 - M5Trainer - INFO -   [k_frac诊断] grad=-2.7466e-01, k_frac=4.300353 mD
2026-02-18 17:27:39 - M5Trainer - INFO - [Step  3100/12000] Stage B | L=1.3792e+03 (IC=7.880e-02, BC=5.600e-02, PDE=9.838e+05, Qg=2.309e-01, Qz=4.356e-03, Sd=2.002e-01, SwB=0.000e+00) | k_frac=4.2537 mD, dp=13.96 MPa | Sw=[0.161,0.496] | 471.7s
2026-02-18 17:27:55 - M5Trainer - INFO - [Step  3200/12000] Stage B | L=1.7089e+03 (IC=6.807e-02, BC=2.840e-02, PDE=1.084e+06, Qg=2.024e-01, Qz=3.371e-03, Sd=2.126e-01, SwB=0.000e+00) | k_frac=4.2078 mD, dp=14.07 MPa | Sw=[0.157,0.555] | 487.9s
2026-02-18 17:28:12 - M5Trainer - INFO - [Step  3300/12000] Stage B | L=1.0896e+03 (IC=1.295e-01, BC=8.775e-02, PDE=8.831e+05, Qg=2.082e-01, Qz=3.914e-03, Sd=1.864e-01, SwB=0.000e+00) | k_frac=4.1751 mD, dp=14.18 MPa | Sw=[0.158,0.490] | 504.2s
2026-02-18 17:28:28 - M5Trainer - INFO - [Step  3400/12000] Stage B | L=1.3147e+03 (IC=4.956e-02, BC=4.529e-02, PDE=8.917e+05, Qg=2.029e-01, Qz=3.758e-03, Sd=1.762e-01, SwB=0.000e+00) | k_frac=4.1370 mD, dp=14.27 MPa | Sw=[0.165,0.465] | 520.5s
2026-02-18 17:28:44 - M5Trainer - INFO -   [Sw约束v9] Sw=[0.145, 0.300, 0.601], 权重=300, 惩罚=0.000000 (低=0.0000, 高=0.0000)
2026-02-18 17:28:44 - M5Trainer - INFO -   [Sw监控] SY9: Sw=[0.2138, 0.4464, 0.6045], krg_min=1.634145e-01
2026-02-18 17:28:44 - M5Trainer - INFO - [Step  3500/12000] Stage B | L=1.2463e+03 (IC=5.301e-02, BC=5.768e-02, PDE=8.755e+05, Qg=2.287e-01, Qz=2.507e-03, Sd=1.724e-01, SwB=0.000e+00) | k_frac=4.0887 mD, dp=14.38 MPa | Sw=[0.155,0.546] | 536.9s
2026-02-18 17:28:44 - M5Trainer - INFO -   [k_frac诊断] grad=-2.6852e-01, k_frac=4.088669 mD
2026-02-18 17:29:01 - M5Trainer - INFO - [Step  3600/12000] Stage B | L=1.1451e+03 (IC=8.223e-02, BC=6.732e-02, PDE=8.453e+05, Qg=2.126e-01, Qz=3.566e-03, Sd=2.113e-01, SwB=0.000e+00) | k_frac=4.0555 mD, dp=14.49 MPa | Sw=[0.150,0.533] | 553.4s
2026-02-18 17:29:17 - M5Trainer - INFO - [Step  3700/12000] Stage B | L=1.5504e+03 (IC=3.721e-02, BC=1.759e-02, PDE=9.273e+05, Qg=2.114e-01, Qz=4.829e-03, Sd=1.380e-01, SwB=0.000e+00) | k_frac=4.0178 mD, dp=14.58 MPa | Sw=[0.164,0.486] | 569.8s
2026-02-18 17:29:34 - M5Trainer - INFO - [Step  3800/12000] Stage B | L=1.6572e+03 (IC=5.636e-02, BC=2.296e-02, PDE=9.942e+05, Qg=1.982e-01, Qz=5.193e-03, Sd=1.542e-01, SwB=0.000e+00) | k_frac=3.9839 mD, dp=14.69 MPa | Sw=[0.177,0.494] | 586.2s
2026-02-18 17:29:50 - M5Trainer - INFO - [Step  3900/12000] Stage B | L=1.4365e+03 (IC=1.011e-01, BC=4.610e-02, PDE=9.425e+05, Qg=2.014e-01, Qz=4.435e-03, Sd=1.721e-01, SwB=0.000e+00) | k_frac=3.9637 mD, dp=14.79 MPa | Sw=[0.173,0.547] | 602.6s
2026-02-18 17:30:06 - M5Trainer - INFO -   [Sw约束v9] Sw=[0.148, 0.301, 0.609], 权重=300, 惩罚=0.000000 (低=0.0000, 高=0.0000)
2026-02-18 17:30:06 - M5Trainer - INFO -   [Sw监控] SY9: Sw=[0.1642, 0.4191, 0.5249], krg_min=2.507139e-01
2026-02-18 17:30:06 - M5Trainer - INFO - [Step  4000/12000] Stage B | L=1.1596e+03 (IC=1.246e-01, BC=7.903e-02, PDE=8.324e+05, Qg=1.969e-01, Qz=5.408e-03, Sd=1.564e-01, SwB=0.000e+00) | k_frac=3.9489 mD, dp=14.85 MPa | Sw=[0.161,0.508] | 619.0s
2026-02-18 17:30:06 - M5Trainer - INFO -   [k_frac诊断] grad=-3.0731e-01, k_frac=3.948889 mD
2026-02-18 17:30:23 - M5Trainer - INFO - [Step  4100/12000] Stage B | L=1.1506e+03 (IC=1.181e-01, BC=4.044e-02, PDE=7.740e+05, Qg=2.099e-01, Qz=3.281e-03, Sd=1.247e-01, SwB=0.000e+00) | k_frac=3.9188 mD, dp=14.94 MPa | Sw=[0.162,0.490] | 635.6s
2026-02-18 17:30:40 - M5Trainer - INFO - [Step  4200/12000] Stage C | L=5.3734e+03 (IC=8.023e-02, BC=7.513e-02, PDE=8.032e+05, Qg=1.964e-01, Qz=3.453e-03, Sd=1.315e-01, SwB=0.000e+00) | k_frac=3.9014 mD, dp=15.01 MPa | Sw=[0.181,0.531] | 652.3s
2026-02-18 17:30:56 - M5Trainer - INFO - [Step  4300/12000] Stage C | L=4.7918e+03 (IC=1.265e-01, BC=7.559e-02, PDE=7.416e+05, Qg=1.884e-01, Qz=5.525e-03, Sd=1.581e-01, SwB=0.000e+00) | k_frac=3.8935 mD, dp=15.04 MPa | Sw=[0.163,0.548] | 669.0s
2026-02-18 17:31:13 - M5Trainer - INFO - [Step  4400/12000] Stage C | L=5.1674e+03 (IC=1.935e-01, BC=8.342e-02, PDE=8.030e+05, Qg=2.050e-01, Qz=3.133e-03, Sd=1.488e-01, SwB=0.000e+00) | k_frac=3.8816 mD, dp=15.08 MPa | Sw=[0.154,0.503] | 685.7s
2026-02-18 17:31:30 - M5Trainer - INFO -   [Sw约束v9] Sw=[0.153, 0.274, 0.529], 权重=200, 惩罚=0.000000 (低=0.0000, 高=0.0000)
2026-02-18 17:31:30 - M5Trainer - INFO -   [Sw监控] SY9: Sw=[0.1827, 0.3832, 0.5320], krg_min=2.421578e-01
2026-02-18 17:31:30 - M5Trainer - INFO - [Step  4500/12000] Stage C | L=4.5963e+03 (IC=1.858e-01, BC=1.156e-01, PDE=7.498e+05, Qg=2.180e-01, Qz=2.994e-03, Sd=9.920e-02, SwB=0.000e+00) | k_frac=3.8357 mD, dp=15.13 MPa | Sw=[0.162,0.459] | 702.3s
2026-02-18 17:31:30 - M5Trainer - INFO -   [k_frac诊断] grad=-5.0401e-01, k_frac=3.835743 mD
2026-02-18 17:31:48 - M5Trainer - INFO - [Step  4600/12000] Stage C | L=6.1725e+03 (IC=1.498e-01, BC=3.148e-02, PDE=8.073e+05, Qg=2.008e-01, Qz=5.500e-03, Sd=1.396e-01, SwB=0.000e+00) | k_frac=3.8255 mD, dp=15.17 MPa | Sw=[0.145,0.524] | 720.0s
2026-02-18 17:32:05 - M5Trainer - INFO - [Step  4700/12000] Stage C | L=3.7770e+03 (IC=2.499e-01, BC=2.071e-01, PDE=7.109e+05, Qg=2.051e-01, Qz=5.243e-03, Sd=1.574e-01, SwB=0.000e+00) | k_frac=3.8191 mD, dp=15.21 MPa | Sw=[0.157,0.507] | 737.7s
2026-02-18 17:32:23 - M5Trainer - INFO - [Step  4800/12000] Stage C | L=4.9563e+03 (IC=1.519e-01, BC=7.414e-02, PDE=7.153e+05, Qg=1.889e-01, Qz=3.218e-03, Sd=1.705e-01, SwB=0.000e+00) | k_frac=3.8381 mD, dp=15.21 MPa | Sw=[0.152,0.519] | 755.4s
2026-02-18 17:32:41 - M5Trainer - INFO - [Step  4900/12000] Stage C | L=4.6606e+03 (IC=2.064e-01, BC=5.262e-02, PDE=6.876e+05, Qg=2.022e-01, Qz=6.079e-03, Sd=1.343e-01, SwB=0.000e+00) | k_frac=3.8358 mD, dp=15.22 MPa | Sw=[0.151,0.508] | 773.2s
2026-02-18 17:32:58 - M5Trainer - INFO -   [Sw约束v9] Sw=[0.145, 0.294, 0.598], 权重=200, 惩罚=0.000000 (低=0.0000, 高=0.0000)
2026-02-18 17:32:58 - M5Trainer - INFO -   [Sw监控] SY9: Sw=[0.1463, 0.4124, 0.5383], krg_min=2.347044e-01
2026-02-18 17:32:58 - M5Trainer - INFO - [Step  5000/12000] Stage C | L=4.9008e+03 (IC=2.029e-01, BC=8.236e-02, PDE=6.902e+05, Qg=1.929e-01, Qz=4.236e-03, Sd=1.509e-01, SwB=0.000e+00) | k_frac=3.8277 mD, dp=15.27 MPa | Sw=[0.146,0.554] | 790.8s
2026-02-18 17:32:58 - M5Trainer - INFO -   [k_frac诊断] grad=3.5222e-01, k_frac=3.827740 mD
2026-02-18 17:33:16 - M5Trainer - INFO - [Step  5100/12000] Stage C | L=4.2466e+03 (IC=1.818e-01, BC=1.737e-01, PDE=6.898e+05, Qg=2.017e-01, Qz=3.304e-03, Sd=1.227e-01, SwB=0.000e+00) | k_frac=3.8249 mD, dp=15.29 MPa | Sw=[0.146,0.559] | 808.9s
2026-02-18 17:33:34 - M5Trainer - INFO - [Step  5200/12000] Stage C | L=6.0083e+03 (IC=1.974e-01, BC=4.495e-02, PDE=7.305e+05, Qg=1.910e-01, Qz=2.803e-03, Sd=9.892e-02, SwB=0.000e+00) | k_frac=3.8047 mD, dp=15.33 MPa | Sw=[0.146,0.528] | 826.9s
2026-02-18 17:33:53 - M5Trainer - INFO - [Step  5300/12000] Stage C | L=7.2830e+03 (IC=1.363e-01, BC=2.321e-02, PDE=7.721e+05, Qg=1.951e-01, Qz=3.182e-03, Sd=1.149e-01, SwB=0.000e+00) | k_frac=3.8046 mD, dp=15.35 MPa | Sw=[0.150,0.516] | 845.8s
2026-02-18 17:34:12 - M5Trainer - INFO - [Step  5400/12000] Stage C | L=6.0274e+03 (IC=1.571e-01, BC=2.439e-02, PDE=6.935e+05, Qg=2.048e-01, Qz=2.914e-03, Sd=1.370e-01, SwB=0.000e+00) | k_frac=3.8065 mD, dp=15.37 MPa | Sw=[0.147,0.524] | 864.9s
2026-02-18 17:34:31 - M5Trainer - INFO -   [Sw约束v9] Sw=[0.146, 0.274, 0.582], 权重=200, 惩罚=0.000000 (低=0.0000, 高=0.0000)
2026-02-18 17:34:31 - M5Trainer - INFO -   [Sw监控] SY9: Sw=[0.1480, 0.3637, 0.5578], krg_min=2.123547e-01
2026-02-18 17:34:31 - M5Trainer - INFO - [Step  5500/12000] Stage C | L=4.6916e+03 (IC=1.649e-01, BC=2.573e-02, PDE=5.895e+05, Qg=1.928e-01, Qz=2.562e-03, Sd=1.144e-01, SwB=0.000e+00) | k_frac=3.8062 mD, dp=15.40 MPa | Sw=[0.148,0.552] | 883.4s
2026-02-18 17:34:31 - M5Trainer - INFO -   [k_frac诊断] grad=-4.7037e-01, k_frac=3.806195 mD
2026-02-18 17:34:50 - M5Trainer - INFO - [Step  5600/12000] Stage C | L=6.3814e+03 (IC=1.236e-01, BC=2.896e-02, PDE=6.989e+05, Qg=2.492e-01, Qz=5.026e-03, Sd=1.446e-01, SwB=0.000e+00) | k_frac=3.8165 mD, dp=15.42 MPa | Sw=[0.150,0.531] | 902.3s
2026-02-18 17:35:09 - M5Trainer - INFO - [Step  5700/12000] Stage C | L=5.2124e+03 (IC=1.221e-01, BC=1.930e-02, PDE=5.964e+05, Qg=2.117e-01, Qz=3.604e-03, Sd=1.092e-01, SwB=0.000e+00) | k_frac=3.8119 mD, dp=15.44 MPa | Sw=[0.151,0.479] | 921.5s
2026-02-18 17:35:29 - M5Trainer - INFO - [Step  5800/12000] Stage C | L=5.7513e+03 (IC=1.713e-01, BC=1.714e-02, PDE=6.375e+05, Qg=2.103e-01, Qz=2.717e-03, Sd=1.071e-01, SwB=0.000e+00) | k_frac=3.8172 mD, dp=15.45 MPa | Sw=[0.148,0.473] | 941.1s
2026-02-18 17:35:48 - M5Trainer - INFO - [Step  5900/12000] Stage C | L=5.8671e+03 (IC=1.462e-01, BC=2.266e-02, PDE=6.323e+05, Qg=1.942e-01, Qz=2.611e-03, Sd=1.053e-01, SwB=0.000e+00) | k_frac=3.8221 mD, dp=15.46 MPa | Sw=[0.150,0.511] | 960.1s
2026-02-18 17:36:07 - M5Trainer - INFO -   [Sw约束v9] Sw=[0.144, 0.274, 0.567], 权重=200, 惩罚=0.000000 (低=0.0000, 高=0.0000)
2026-02-18 17:36:07 - M5Trainer - INFO -   [Sw监控] SY9: Sw=[0.1495, 0.3713, 0.5590], krg_min=2.110127e-01
2026-02-18 17:36:07 - M5Trainer - INFO - [Step  6000/12000] Stage C | L=4.6016e+03 (IC=1.286e-01, BC=3.821e-02, PDE=5.513e+05, Qg=2.054e-01, Qz=2.601e-03, Sd=1.116e-01, SwB=0.000e+00) | k_frac=3.8301 mD, dp=15.47 MPa | Sw=[0.144,0.537] | 979.3s
2026-02-18 17:36:07 - M5Trainer - INFO -   [k_frac诊断] grad=4.5600e-01, k_frac=3.830149 mD
2026-02-18 17:36:27 - M5Trainer - INFO - [Step  6100/12000] Stage C | L=5.0114e+03 (IC=7.771e-02, BC=2.578e-02, PDE=5.450e+05, Qg=1.921e-01, Qz=2.218e-03, Sd=8.475e-02, SwB=0.000e+00) | k_frac=3.8295 mD, dp=15.50 MPa | Sw=[0.158,0.499] | 999.1s
2026-02-18 17:36:46 - M5Trainer - INFO - [Step  6200/12000] Stage C | L=5.8932e+03 (IC=9.848e-02, BC=1.560e-02, PDE=5.903e+05, Qg=1.992e-01, Qz=2.588e-03, Sd=8.391e-02, SwB=0.000e+00) | k_frac=3.8350 mD, dp=15.51 MPa | Sw=[0.157,0.431] | 1018.4s
2026-02-18 17:37:05 - M5Trainer - INFO - [Step  6300/12000] Stage C | L=5.8987e+03 (IC=8.544e-02, BC=1.885e-02, PDE=5.818e+05, Qg=2.136e-01, Qz=2.779e-03, Sd=7.207e-02, SwB=0.000e+00) | k_frac=3.8245 mD, dp=15.55 MPa | Sw=[0.163,0.491] | 1037.7s
2026-02-18 17:37:24 - M5Trainer - INFO - [Step  6400/12000] Stage C | L=5.7579e+03 (IC=1.046e-01, BC=2.350e-02, PDE=5.752e+05, Qg=1.978e-01, Qz=2.610e-03, Sd=7.454e-02, SwB=0.000e+00) | k_frac=3.8239 mD, dp=15.60 MPa | Sw=[0.151,0.509] | 1057.0s
2026-02-18 17:37:44 - M5Trainer - INFO -   [Sw约束v9] Sw=[0.146, 0.273, 0.534], 权重=200, 惩罚=0.000000 (低=0.0000, 高=0.0000)
2026-02-18 17:37:44 - M5Trainer - INFO -   [Sw监控] SY9: Sw=[0.1489, 0.3558, 0.5287], krg_min=2.460463e-01
2026-02-18 17:37:44 - M5Trainer - INFO - [Step  6500/12000] Stage C | L=2.9139e+03 (IC=2.103e-01, BC=1.726e-01, PDE=4.823e+05, Qg=2.118e-01, Qz=2.468e-03, Sd=6.953e-02, SwB=0.000e+00) | k_frac=3.8206 mD, dp=15.62 MPa | Sw=[0.159,0.434] | 1076.4s
2026-02-18 17:37:44 - M5Trainer - INFO -   [k_frac诊断] grad=3.0577e-03, k_frac=3.820556 mD
2026-02-18 17:38:04 - M5Trainer - INFO - [Step  6600/12000] Stage C | L=4.2239e+03 (IC=1.446e-01, BC=4.538e-02, PDE=4.943e+05, Qg=1.970e-01, Qz=2.484e-03, Sd=7.717e-02, SwB=0.000e+00) | k_frac=3.8242 mD, dp=15.64 MPa | Sw=[0.151,0.523] | 1096.7s
2026-02-18 17:38:24 - M5Trainer - INFO - [Step  6700/12000] Stage C | L=4.1170e+03 (IC=1.808e-01, BC=2.325e-02, PDE=4.755e+05, Qg=2.024e-01, Qz=3.140e-03, Sd=8.753e-02, SwB=0.000e+00) | k_frac=3.8282 mD, dp=15.65 MPa | Sw=[0.175,0.492] | 1116.7s
2026-02-18 17:38:44 - M5Trainer - INFO - [Step  6800/12000] Stage C | L=5.0857e+03 (IC=9.904e-02, BC=2.346e-02, PDE=4.991e+05, Qg=1.916e-01, Qz=2.221e-03, Sd=7.157e-02, SwB=0.000e+00) | k_frac=3.8282 mD, dp=15.66 MPa | Sw=[0.161,0.522] | 1136.3s
2026-02-18 17:39:03 - M5Trainer - INFO - [Step  6900/12000] Stage C | L=4.1635e+03 (IC=1.615e-01, BC=2.644e-02, PDE=4.511e+05, Qg=1.967e-01, Qz=2.834e-03, Sd=7.969e-02, SwB=0.000e+00) | k_frac=3.8347 mD, dp=15.67 MPa | Sw=[0.155,0.526] | 1155.7s
2026-02-18 17:39:23 - M5Trainer - INFO -   [Sw约束v9] Sw=[0.144, 0.286, 0.554], 权重=200, 惩罚=0.000000 (低=0.0000, 高=0.0000)
2026-02-18 17:39:23 - M5Trainer - INFO -   [Sw监控] SY9: Sw=[0.1589, 0.3756, 0.5521], krg_min=2.187348e-01
2026-02-18 17:39:23 - M5Trainer - INFO -   [best更新] val_score=15.1246 (step 7000)
2026-02-18 17:39:23 - M5Trainer - INFO - [Step  7000/12000] Stage C | L=3.0310e+03 (IC=1.761e-01, BC=4.036e-02, PDE=3.766e+05, Qg=1.909e-01, Qz=2.105e-03, Sd=8.040e-02, SwB=0.000e+00) | k_frac=3.8410 mD, dp=15.67 MPa | Sw=[0.160,0.460] | 1175.3s
2026-02-18 17:39:23 - M5Trainer - INFO -   [k_frac诊断] grad=-4.0062e-01, k_frac=3.841033 mD
2026-02-18 17:39:43 - M5Trainer - INFO - [Step  7100/12000] Stage C | L=2.9452e+03 (IC=2.163e-01, BC=8.433e-02, PDE=3.944e+05, Qg=1.880e-01, Qz=2.055e-03, Sd=7.334e-02, SwB=0.000e+00) | k_frac=3.8425 mD, dp=15.68 MPa | Sw=[0.162,0.541] | 1195.0s
2026-02-18 17:40:02 - M5Trainer - INFO - [Step  7200/12000] Stage C | L=4.3503e+03 (IC=5.752e-02, BC=2.309e-02, PDE=4.124e+05, Qg=1.969e-01, Qz=2.321e-03, Sd=7.251e-02, SwB=0.000e+00) | k_frac=3.8464 mD, dp=15.69 MPa | Sw=[0.159,0.524] | 1214.8s
2026-02-18 17:40:22 - M5Trainer - INFO - [Step  7300/12000] Stage C | L=4.0866e+03 (IC=1.398e-01, BC=3.165e-02, PDE=4.134e+05, Qg=1.904e-01, Qz=2.380e-03, Sd=8.544e-02, SwB=0.000e+00) | k_frac=3.8599 mD, dp=15.69 MPa | Sw=[0.152,0.545] | 1234.6s
2026-02-18 17:40:42 - M5Trainer - INFO - [Step  7400/12000] Stage C | L=4.7341e+03 (IC=1.789e-01, BC=4.464e-02, PDE=4.546e+05, Qg=1.960e-01, Qz=2.647e-03, Sd=8.702e-02, SwB=0.000e+00) | k_frac=3.8666 mD, dp=15.70 MPa | Sw=[0.155,0.510] | 1254.4s
2026-02-18 17:41:02 - M5Trainer - INFO -   [Sw约束v9] Sw=[0.142, 0.311, 0.579], 权重=200, 惩罚=0.000000 (低=0.0000, 高=0.0000)
2026-02-18 17:41:02 - M5Trainer - INFO -   [Sw监控] SY9: Sw=[0.1556, 0.4167, 0.5330], krg_min=2.409866e-01
2026-02-18 17:41:02 - M5Trainer - INFO - [Step  7500/12000] Stage C | L=2.6737e+03 (IC=3.881e-01, BC=1.159e-01, PDE=3.674e+05, Qg=1.900e-01, Qz=2.888e-03, Sd=9.348e-02, SwB=0.000e+00) | k_frac=3.8748 mD, dp=15.70 MPa | Sw=[0.143,0.488] | 1274.3s
2026-02-18 17:41:02 - M5Trainer - INFO -   [k_frac诊断] grad=2.0729e-01, k_frac=3.874785 mD
2026-02-18 17:41:22 - M5Trainer - INFO - [Step  7600/12000] Stage C | L=3.6108e+03 (IC=1.507e-01, BC=2.494e-02, PDE=3.535e+05, Qg=1.981e-01, Qz=2.361e-03, Sd=6.949e-02, SwB=0.000e+00) | k_frac=3.8715 mD, dp=15.72 MPa | Sw=[0.152,0.467] | 1294.5s
2026-02-18 17:41:42 - M5Trainer - INFO - [Step  7700/12000] Stage C | L=3.1975e+03 (IC=2.271e-01, BC=7.852e-02, PDE=3.633e+05, Qg=2.053e-01, Qz=2.584e-03, Sd=6.232e-02, SwB=0.000e+00) | k_frac=3.8665 mD, dp=15.74 MPa | Sw=[0.141,0.548] | 1314.9s
2026-02-18 17:42:03 - M5Trainer - INFO - [Step  7800/12000] Stage C | L=3.5558e+03 (IC=1.438e-01, BC=3.044e-02, PDE=3.533e+05, Qg=1.830e-01, Qz=2.705e-03, Sd=6.719e-02, SwB=0.000e+00) | k_frac=3.8693 mD, dp=15.75 MPa | Sw=[0.143,0.556] | 1335.2s
2026-02-18 17:42:22 - M5Trainer - INFO - [Step  7900/12000] Stage C | L=2.8547e+03 (IC=4.963e-01, BC=1.210e-01, PDE=3.707e+05, Qg=1.799e-01, Qz=2.874e-03, Sd=7.041e-02, SwB=0.000e+00) | k_frac=3.8758 mD, dp=15.75 MPa | Sw=[0.161,0.486] | 1355.0s
2026-02-18 17:42:42 - M5Trainer - INFO -   [Sw约束v9] Sw=[0.147, 0.292, 0.588], 权重=200, 惩罚=0.000000 (低=0.0000, 高=0.0000)
2026-02-18 17:42:42 - M5Trainer - INFO -   [Sw监控] SY9: Sw=[0.1600, 0.4006, 0.5084], krg_min=2.711610e-01
2026-02-18 17:42:42 - M5Trainer - INFO - [Step  8000/12000] Stage C | L=2.9674e+03 (IC=1.706e-01, BC=2.976e-02, PDE=2.992e+05, Qg=1.806e-01, Qz=2.863e-03, Sd=6.736e-02, SwB=0.000e+00) | k_frac=3.8779 mD, dp=15.76 MPa | Sw=[0.160,0.497] | 1374.6s
2026-02-18 17:42:42 - M5Trainer - INFO -   [k_frac诊断] grad=-4.7393e-01, k_frac=3.877947 mD
2026-02-18 17:43:02 - M5Trainer - INFO - [Step  8100/12000] Stage C | L=3.0449e+03 (IC=1.235e-01, BC=4.054e-02, PDE=3.016e+05, Qg=1.829e-01, Qz=2.687e-03, Sd=6.822e-02, SwB=0.000e+00) | k_frac=3.8784 mD, dp=15.78 MPa | Sw=[0.165,0.504] | 1394.6s
2026-02-18 17:43:23 - M5Trainer - INFO - [Step  8200/12000] Stage C | L=3.3166e+03 (IC=1.118e-01, BC=3.935e-02, PDE=3.082e+05, Qg=1.791e-01, Qz=2.500e-03, Sd=6.095e-02, SwB=0.000e+00) | k_frac=3.8791 mD, dp=15.79 MPa | Sw=[0.154,0.537] | 1415.2s
2026-02-18 17:43:43 - M5Trainer - INFO - [Step  8300/12000] Stage C | L=2.8152e+03 (IC=2.211e-01, BC=7.107e-02, PDE=3.043e+05, Qg=1.813e-01, Qz=2.264e-03, Sd=6.200e-02, SwB=0.000e+00) | k_frac=3.8827 mD, dp=15.80 MPa | Sw=[0.148,0.494] | 1435.9s
2026-02-18 17:44:04 - M5Trainer - INFO - [Step  8400/12000] Stage D | L=3.2342e+03 (IC=1.451e-01, BC=3.468e-02, PDE=2.936e+05, Qg=1.737e-01, Qz=2.148e-03, Sd=5.714e-02, SwB=0.000e+00) | k_frac=3.8814 mD, dp=15.80 MPa | Sw=[0.152,0.530] | 1456.6s
2026-02-18 17:44:25 - M5Trainer - INFO -   [Sw约束v9] Sw=[0.139, 0.280, 0.629], 权重=100, 惩罚=0.000000 (低=0.0000, 高=0.0000)
2026-02-18 17:44:25 - M5Trainer - INFO -   [Sw监控] SY9: Sw=[0.1437, 0.3960, 0.5368], krg_min=2.364985e-01
2026-02-18 17:44:25 - M5Trainer - INFO - [Step  8500/12000] Stage D | L=2.9612e+03 (IC=1.986e-01, BC=4.033e-02, PDE=2.873e+05, Qg=1.758e-01, Qz=2.306e-03, Sd=6.312e-02, SwB=0.000e+00) | k_frac=3.8841 mD, dp=15.81 MPa | Sw=[0.148,0.544] | 1477.3s
2026-02-18 17:44:25 - M5Trainer - INFO -   [k_frac诊断] grad=4.3980e-01, k_frac=3.884072 mD
2026-02-18 17:44:46 - M5Trainer - INFO - [Step  8600/12000] Stage D | L=2.5215e+03 (IC=1.915e-01, BC=6.846e-02, PDE=2.693e+05, Qg=1.794e-01, Qz=2.442e-03, Sd=6.809e-02, SwB=0.000e+00) | k_frac=3.8845 mD, dp=15.81 MPa | Sw=[0.144,0.574] | 1498.6s
2026-02-18 17:45:07 - M5Trainer - INFO - [Step  8700/12000] Stage D | L=2.5146e+03 (IC=3.257e-01, BC=5.934e-02, PDE=2.748e+05, Qg=1.718e-01, Qz=2.658e-03, Sd=7.217e-02, SwB=0.000e+00) | k_frac=3.8859 mD, dp=15.81 MPa | Sw=[0.144,0.526] | 1519.9s
2026-02-18 17:45:29 - M5Trainer - INFO - [Step  8800/12000] Stage D | L=2.3235e+03 (IC=2.570e-01, BC=7.456e-02, PDE=2.609e+05, Qg=1.711e-01, Qz=2.736e-03, Sd=7.430e-02, SwB=0.000e+00) | k_frac=3.8870 mD, dp=15.82 MPa | Sw=[0.140,0.558] | 1541.1s
2026-02-18 17:45:50 - M5Trainer - INFO - [Step  8900/12000] Stage D | L=2.6406e+03 (IC=3.226e-01, BC=6.638e-02, PDE=2.787e+05, Qg=1.729e-01, Qz=2.858e-03, Sd=7.650e-02, SwB=0.000e+00) | k_frac=3.8883 mD, dp=15.82 MPa | Sw=[0.139,0.595] | 1562.4s
2026-02-18 17:46:11 - M5Trainer - INFO -   [Sw约束v9] Sw=[0.136, 0.283, 0.658], 权重=100, 惩罚=0.000000 (低=0.0000, 高=0.0000)
2026-02-18 17:46:11 - M5Trainer - INFO -   [Sw监控] SY9: Sw=[0.1409, 0.4004, 0.5664], krg_min=2.028480e-01
2026-02-18 17:46:11 - M5Trainer - INFO - [Step  9000/12000] Stage D | L=2.2483e+03 (IC=3.289e-01, BC=5.726e-02, PDE=2.559e+05, Qg=1.721e-01, Qz=2.801e-03, Sd=7.857e-02, SwB=0.000e+00) | k_frac=3.8889 mD, dp=15.83 MPa | Sw=[0.142,0.556] | 1583.6s
2026-02-18 17:46:11 - M5Trainer - INFO -   [k_frac诊断] grad=-5.0191e-01, k_frac=3.888937 mD
2026-02-18 17:46:33 - M5Trainer - INFO - [Step  9100/12000] Stage D | L=2.2764e+03 (IC=3.674e-01, BC=5.801e-02, PDE=2.560e+05, Qg=1.771e-01, Qz=2.905e-03, Sd=8.227e-02, SwB=0.000e+00) | k_frac=3.8904 mD, dp=15.83 MPa | Sw=[0.139,0.612] | 1605.1s
2026-02-18 17:46:54 - M5Trainer - INFO - [Step  9200/12000] Stage D | L=2.3824e+03 (IC=4.067e-01, BC=7.151e-02, PDE=2.641e+05, Qg=1.684e-01, Qz=2.922e-03, Sd=8.125e-02, SwB=0.000e+00) | k_frac=3.8903 mD, dp=15.83 MPa | Sw=[0.140,0.599] | 1626.7s
2026-02-18 17:47:16 - M5Trainer - INFO - [Step  9300/12000] Stage D | L=2.2997e+03 (IC=4.750e-01, BC=8.691e-02, PDE=2.594e+05, Qg=1.689e-01, Qz=2.945e-03, Sd=8.117e-02, SwB=0.000e+00) | k_frac=3.8905 mD, dp=15.84 MPa | Sw=[0.142,0.605] | 1648.2s
2026-02-18 17:47:37 - M5Trainer - INFO - [Step  9400/12000] Stage D | L=2.4899e+03 (IC=3.922e-01, BC=5.237e-02, PDE=2.524e+05, Qg=1.822e-01, Qz=2.926e-03, Sd=8.229e-02, SwB=0.000e+00) | k_frac=3.8902 mD, dp=15.84 MPa | Sw=[0.147,0.587] | 1669.6s
2026-02-18 17:47:59 - M5Trainer - INFO -   [Sw约束v9] Sw=[0.134, 0.288, 0.663], 权重=100, 惩罚=0.000000 (低=0.0000, 高=0.0000)
2026-02-18 17:47:59 - M5Trainer - INFO -   [Sw监控] SY9: Sw=[0.1407, 0.3984, 0.5746], krg_min=1.940209e-01
2026-02-18 17:47:59 - M5Trainer - INFO - [Step  9500/12000] Stage D | L=2.0740e+03 (IC=3.402e-01, BC=5.683e-02, PDE=2.277e+05, Qg=1.678e-01, Qz=2.964e-03, Sd=8.129e-02, SwB=0.000e+00) | k_frac=3.8914 mD, dp=15.84 MPa | Sw=[0.139,0.568] | 1691.2s
2026-02-18 17:47:59 - M5Trainer - INFO -   [k_frac诊断] grad=2.7437e-01, k_frac=3.891401 mD
2026-02-18 17:48:21 - M5Trainer - INFO - [Step  9600/12000] Stage D | L=2.1806e+03 (IC=3.183e-01, BC=7.966e-02, PDE=2.351e+05, Qg=1.671e-01, Qz=2.977e-03, Sd=8.397e-02, SwB=0.000e+00) | k_frac=3.8917 mD, dp=15.85 MPa | Sw=[0.137,0.561] | 1713.0s
2026-02-18 17:48:42 - M5Trainer - INFO - [Step  9700/12000] Stage D | L=2.4828e+03 (IC=3.979e-01, BC=5.649e-02, PDE=2.478e+05, Qg=1.689e-01, Qz=3.049e-03, Sd=8.518e-02, SwB=0.000e+00) | k_frac=3.8924 mD, dp=15.85 MPa | Sw=[0.137,0.590] | 1734.8s
2026-02-18 17:49:04 - M5Trainer - INFO - [Step  9800/12000] Stage D | L=2.2301e+03 (IC=3.129e-01, BC=7.184e-02, PDE=2.301e+05, Qg=1.681e-01, Qz=3.096e-03, Sd=8.604e-02, SwB=0.000e+00) | k_frac=3.8926 mD, dp=15.85 MPa | Sw=[0.138,0.578] | 1756.6s
2026-02-18 17:49:26 - M5Trainer - INFO - [Step  9900/12000] Stage D | L=1.9807e+03 (IC=3.308e-01, BC=7.189e-02, PDE=2.241e+05, Qg=1.657e-01, Qz=3.054e-03, Sd=8.345e-02, SwB=0.000e+00) | k_frac=3.8927 mD, dp=15.86 MPa | Sw=[0.138,0.614] | 1778.5s
2026-02-18 17:49:48 - M5Trainer - INFO -   [Sw约束v9] Sw=[0.134, 0.289, 0.668], 权重=100, 惩罚=0.000000 (低=0.0000, 高=0.0000)
2026-02-18 17:49:48 - M5Trainer - INFO -   [Sw监控] SY9: Sw=[0.1405, 0.3959, 0.5718], krg_min=1.970545e-01
2026-02-18 17:49:48 - M5Trainer - INFO - [Step 10000/12000] Stage D | L=2.0469e+03 (IC=3.402e-01, BC=6.087e-02, PDE=2.106e+05, Qg=1.645e-01, Qz=3.078e-03, Sd=8.493e-02, SwB=0.000e+00) | k_frac=3.8929 mD, dp=15.86 MPa | Sw=[0.140,0.525] | 1800.4s
2026-02-18 17:49:48 - M5Trainer - INFO -   [k_frac诊断] grad=7.6449e-02, k_frac=3.892919 mD
2026-02-18 17:50:10 - M5Trainer - INFO - [Step 10100/12000] Stage D | L=2.1012e+03 (IC=3.069e-01, BC=6.013e-02, PDE=2.081e+05, Qg=1.659e-01, Qz=3.061e-03, Sd=8.493e-02, SwB=0.000e+00) | k_frac=3.8931 mD, dp=15.86 MPa | Sw=[0.140,0.614] | 1822.5s
2026-02-18 17:50:32 - M5Trainer - INFO - [Step 10200/12000] Stage D | L=2.2714e+03 (IC=3.612e-01, BC=6.526e-02, PDE=2.189e+05, Qg=1.641e-01, Qz=3.038e-03, Sd=8.480e-02, SwB=0.000e+00) | k_frac=3.8933 mD, dp=15.86 MPa | Sw=[0.136,0.666] | 1844.6s
2026-02-18 17:50:54 - M5Trainer - INFO - [Step 10300/12000] Stage D | L=2.2622e+03 (IC=2.525e-01, BC=5.202e-02, PDE=2.112e+05, Qg=1.641e-01, Qz=3.098e-03, Sd=8.605e-02, SwB=0.000e+00) | k_frac=3.8934 mD, dp=15.86 MPa | Sw=[0.140,0.572] | 1866.8s
2026-02-18 17:51:16 - M5Trainer - INFO - [Step 10400/12000] Stage D | L=2.3121e+03 (IC=3.101e-01, BC=6.811e-02, PDE=2.186e+05, Qg=1.660e-01, Qz=3.053e-03, Sd=8.572e-02, SwB=0.000e+00) | k_frac=3.8936 mD, dp=15.87 MPa | Sw=[0.140,0.626] | 1888.8s
2026-02-18 17:51:38 - M5Trainer - INFO -   [Sw约束v9] Sw=[0.134, 0.289, 0.673], 权重=100, 惩罚=0.000000 (低=0.0000, 高=0.0000)
2026-02-18 17:51:38 - M5Trainer - INFO -   [Sw监控] SY9: Sw=[0.1395, 0.3958, 0.5992], krg_min=1.686049e-01
2026-02-18 17:51:38 - M5Trainer - INFO - [Step 10500/12000] Stage D | L=2.0185e+03 (IC=3.383e-01, BC=5.552e-02, PDE=1.982e+05, Qg=1.644e-01, Qz=3.081e-03, Sd=8.466e-02, SwB=0.000e+00) | k_frac=3.8936 mD, dp=15.87 MPa | Sw=[0.143,0.533] | 1911.0s
2026-02-18 17:51:38 - M5Trainer - INFO -   [k_frac诊断] grad=-2.2294e-01, k_frac=3.893625 mD
2026-02-18 17:52:01 - M5Trainer - INFO - [Step 10600/12000] Stage D | L=2.2348e+03 (IC=3.721e-01, BC=5.582e-02, PDE=2.079e+05, Qg=1.646e-01, Qz=3.028e-03, Sd=8.461e-02, SwB=0.000e+00) | k_frac=3.8938 mD, dp=15.87 MPa | Sw=[0.136,0.613] | 1933.7s
2026-02-18 17:52:24 - M5Trainer - INFO - [Step 10700/12000] Stage D | L=2.1500e+03 (IC=3.880e-01, BC=5.739e-02, PDE=2.040e+05, Qg=1.650e-01, Qz=3.010e-03, Sd=8.430e-02, SwB=0.000e+00) | k_frac=3.8937 mD, dp=15.87 MPa | Sw=[0.136,0.637] | 1956.7s
2026-02-18 17:52:47 - M5Trainer - INFO - [Step 10800/12000] Stage D | L=2.1497e+03 (IC=3.175e-01, BC=5.911e-02, PDE=2.010e+05, Qg=1.632e-01, Qz=3.051e-03, Sd=8.482e-02, SwB=0.000e+00) | k_frac=3.8939 mD, dp=15.87 MPa | Sw=[0.136,0.487] | 1979.6s
2026-02-18 17:53:10 - M5Trainer - INFO - [Step 10900/12000] Stage D | L=2.0119e+03 (IC=3.575e-01, BC=6.681e-02, PDE=1.916e+05, Qg=1.652e-01, Qz=3.042e-03, Sd=8.474e-02, SwB=0.000e+00) | k_frac=3.8939 mD, dp=15.87 MPa | Sw=[0.136,0.640] | 2002.6s
2026-02-18 17:53:33 - M5Trainer - INFO -   [Sw约束v9] Sw=[0.134, 0.290, 0.679], 权重=100, 惩罚=0.000000 (低=0.0000, 高=0.0000)
2026-02-18 17:53:33 - M5Trainer - INFO -   [Sw监控] SY9: Sw=[0.1389, 0.3959, 0.6151], krg_min=1.532337e-01
2026-02-18 17:53:33 - M5Trainer - INFO - [Step 11000/12000] Stage D | L=1.7396e+03 (IC=3.411e-01, BC=7.581e-02, PDE=1.758e+05, Qg=1.639e-01, Qz=3.049e-03, Sd=8.500e-02, SwB=0.000e+00) | k_frac=3.8940 mD, dp=15.87 MPa | Sw=[0.134,0.522] | 2025.5s
2026-02-18 17:53:33 - M5Trainer - INFO -   [k_frac诊断] grad=1.3360e-01, k_frac=3.894028 mD
2026-02-18 17:53:57 - M5Trainer - INFO - [Step 11100/12000] Stage D | L=1.8859e+03 (IC=1.961e-01, BC=7.518e-02, PDE=1.796e+05, Qg=1.629e-01, Qz=3.044e-03, Sd=8.494e-02, SwB=0.000e+00) | k_frac=3.8940 mD, dp=15.87 MPa | Sw=[0.134,0.646] | 2049.1s
2026-02-18 17:54:20 - M5Trainer - INFO - [Step 11200/12000] Stage D | L=1.9253e+03 (IC=2.630e-01, BC=7.333e-02, PDE=1.815e+05, Qg=1.629e-01, Qz=3.034e-03, Sd=8.463e-02, SwB=0.000e+00) | k_frac=3.8941 mD, dp=15.87 MPa | Sw=[0.141,0.515] | 2072.7s
2026-02-18 17:54:42 - M5Trainer - INFO - [Step 11300/12000] Stage D | L=1.9315e+03 (IC=3.323e-01, BC=7.206e-02, PDE=1.813e+05, Qg=1.625e-01, Qz=3.023e-03, Sd=8.436e-02, SwB=0.000e+00) | k_frac=3.8941 mD, dp=15.88 MPa | Sw=[0.138,0.628] | 2094.9s
2026-02-18 17:55:04 - M5Trainer - INFO - [Step 11400/12000] Stage D | L=1.9608e+03 (IC=3.791e-01, BC=6.263e-02, PDE=1.816e+05, Qg=1.630e-01, Qz=3.021e-03, Sd=8.462e-02, SwB=0.000e+00) | k_frac=3.8942 mD, dp=15.88 MPa | Sw=[0.138,0.556] | 2116.8s
2026-02-18 17:55:27 - M5Trainer - INFO -   [Sw约束v9] Sw=[0.134, 0.292, 0.683], 权重=100, 惩罚=0.000000 (低=0.0000, 高=0.0000)
2026-02-18 17:55:28 - M5Trainer - INFO -   [Sw监控] SY9: Sw=[0.1384, 0.3971, 0.6217], krg_min=1.469759e-01
2026-02-18 17:55:28 - M5Trainer - INFO - [Step 11500/12000] Stage D | L=1.7802e+03 (IC=3.803e-01, BC=5.542e-02, PDE=1.694e+05, Qg=1.621e-01, Qz=3.030e-03, Sd=8.483e-02, SwB=0.000e+00) | k_frac=3.8942 mD, dp=15.88 MPa | Sw=[0.134,0.620] | 2140.1s
2026-02-18 17:55:28 - M5Trainer - INFO -   [k_frac诊断] grad=-5.0315e-01, k_frac=3.894183 mD
2026-02-18 17:55:51 - M5Trainer - INFO - [Step 11600/12000] Stage D | L=1.6327e+03 (IC=4.198e-01, BC=8.523e-02, PDE=1.643e+05, Qg=1.614e-01, Qz=3.034e-03, Sd=8.494e-02, SwB=0.000e+00) | k_frac=3.8942 mD, dp=15.88 MPa | Sw=[0.139,0.608] | 2163.2s
2026-02-18 17:56:15 - M5Trainer - INFO - [Step 11700/12000] Stage D | L=1.6641e+03 (IC=3.348e-01, BC=8.300e-02, PDE=1.631e+05, Qg=1.610e-01, Qz=3.035e-03, Sd=8.489e-02, SwB=0.000e+00) | k_frac=3.8942 mD, dp=15.88 MPa | Sw=[0.136,0.557] | 2187.3s
2026-02-18 17:56:39 - M5Trainer - INFO - [Step 11800/12000] Stage D | L=1.5760e+03 (IC=4.319e-01, BC=7.766e-02, PDE=1.577e+05, Qg=1.610e-01, Qz=3.035e-03, Sd=8.490e-02, SwB=0.000e+00) | k_frac=3.8942 mD, dp=15.88 MPa | Sw=[0.137,0.542] | 2211.4s
2026-02-18 17:57:03 - M5Trainer - INFO - [Step 11900/12000] Stage D | L=1.8790e+03 (IC=3.632e-01, BC=7.503e-02, PDE=1.717e+05, Qg=1.608e-01, Qz=3.035e-03, Sd=8.489e-02, SwB=0.000e+00) | k_frac=3.8942 mD, dp=15.88 MPa | Sw=[0.134,0.505] | 2235.4s
2026-02-18 17:57:27 - M5Trainer - INFO - [Step 11999/12000] Stage D | L=1.9019e+03 (IC=2.652e-01, BC=6.990e-02, PDE=1.691e+05, Qg=1.607e-01, Qz=3.035e-03, Sd=8.489e-02, SwB=0.000e+00) | k_frac=3.8942 mD, dp=15.88 MPa | Sw=[0.134,0.656] | 2259.3s
2026-02-18 17:57:27 - M5Trainer - INFO - 
M5 训练完成! 耗时: 2259.3s, 最佳验证分数(val_score): 14.6552
2026-02-18 17:57:27 - M5Trainer - INFO - 配置快照已保存: C:\Users\16281\Desktop\cpedc_project\outputs\mk_pinn_dt_v2\resolved_config_m5.json
2026-02-18 17:57:27 - M5Trainer - INFO - 反演参数审计: C:\Users\16281\Desktop\cpedc_project\outputs\mk_pinn_dt_v2\reports\M5_inversion_params.json
2026-02-18 17:57:27 - M5Trainer - INFO -   history 已恢复 (8401 步)
2026-02-18 17:57:27 - M5Trainer - INFO -   best_step=8400
2026-02-18 17:57:27 - M5Trainer - INFO - 已加载 M5 检查点: C:\Users\16281\Desktop\cpedc_project\outputs\mk_pinn_dt_v2\ckpt\m5_pinn_best.pt
2026-02-18 17:57:27 - M5Trainer - INFO -   history 已恢复 (8401 步)
2026-02-18 17:57:27 - M5Trainer - INFO -   best_step=8400
2026-02-18 17:57:27 - M5Trainer - INFO - 已加载 M5 检查点: C:\Users\16281\Desktop\cpedc_project\outputs\mk_pinn_dt_v2\ckpt\m5_pinn_best.pt
2026-02-18 17:57:27 - M5Trainer - INFO -   history 已恢复 (12000 步)
2026-02-18 17:57:27 - M5Trainer - INFO - 已加载 M5 检查点: C:\Users\16281\Desktop\cpedc_project\outputs\mk_pinn_dt_v2\ckpt\m5_pinn_final.pt
2026-02-18 17:57:27 - M5Trainer - INFO -   history 已恢复 (12000 步)
2026-02-18 17:57:27 - M5Trainer - INFO - 已加载 M5 检查点: C:\Users\16281\Desktop\cpedc_project\outputs\mk_pinn_dt_v2\ckpt\m5_pinn_final.pt
2026-02-18 17:57:27 - M5Trainer - INFO - generate_report: 自动择优采用 final checkpoint, qg_score=9.1375
2026-02-18 17:57:27 - M5Trainer - INFO - 反演参数审计: C:\Users\16281\Desktop\cpedc_project\outputs\mk_pinn_dt_v2\reports\M5_inversion_params.json
2026-02-18 17:57:27 - M5Trainer - INFO - qg 对比图已保存: C:\Users\16281\Desktop\cpedc_project\outputs\mk_pinn_dt_v2\figs\M5_qg_comparison_SY9.png
2026-02-18 17:57:27 - M5Trainer - INFO - p_wf 反演图已保存: C:\Users\16281\Desktop\cpedc_project\outputs\mk_pinn_dt_v2\figs\M5_pwf_inversion_SY9.png
2026-02-18 17:57:29 - M5Trainer - INFO - 训练曲线图已保存: C:\Users\16281\Desktop\cpedc_project\outputs\mk_pinn_dt_v2\figs\M5_training_history.png
2026-02-18 17:57:29 - M5Trainer - INFO - 残差热力图已保存: C:\Users\16281\Desktop\cpedc_project\outputs\mk_pinn_dt_v2\figs\M5_pde_residual_map.png
2026-02-18 17:57:30 - M5Trainer - INFO - M6 连通性分析完成
2026-02-18 17:57:31 - M5Trainer - INFO - M7 水侵预警分析完成
2026-02-18 17:57:31 - M5Trainer - INFO -   history 已恢复 (8401 步)
2026-02-18 17:57:31 - M5Trainer - INFO -   best_step=8400
2026-02-18 17:57:31 - M5Trainer - INFO - 已加载 M5 检查点: C:\Users\16281\Desktop\cpedc_project\outputs\mk_pinn_dt_v2\ckpt\m5_pinn_best.pt
2026-02-18 17:57:31 - M5Trainer - INFO -   history 已恢复 (12000 步)
2026-02-18 17:57:31 - M5Trainer - INFO - 已加载 M5 检查点: C:\Users\16281\Desktop\cpedc_project\outputs\mk_pinn_dt_v2\ckpt\m5_pinn_final.pt
2026-02-18 17:57:31 - M5Trainer - INFO - M5 验收报告已保存: C:\Users\16281\Desktop\cpedc_project\outputs\mk_pinn_dt_v2\reports\M5_validation_report.md
