2026-02-16 22:20:34 - M5Trainer - INFO -   torch.compile 已跳过 (Triton 不支持 Windows, 使用 eager 模式)
2026-02-16 22:20:34 - M5Trainer - INFO - k_frac 独立参数组: lr=1.00e-02 (factor=10.0)
2026-02-16 22:20:35 - M5Trainer - INFO - k_net 学习率: 1.00e-04 (factor=0.1, warmup=2000 steps)
2026-02-16 22:20:35 - M5Trainer - INFO -   井 SY9: 1027 条同化数据 (train=718, val=154, test=155)
2026-02-16 22:20:35 - M5Trainer - INFO -   M3 PVT cg(76.0, 140.32) = 0.009744
2026-02-16 22:20:35 - M5Trainer - INFO -   M3 PVT Bg(76.0, 140.32) = 0.002577
2026-02-16 22:20:35 - M5Trainer - INFO -   PDE 缩放: αx=0.029719, αy=0.074361
2026-02-16 22:20:35 - M5Trainer - INFO - M5Trainer 初始化完成: device=cuda, lr=0.001, max_steps=5000, relobralo=True, rar=True
2026-02-16 22:20:35 - M5Trainer - INFO - ============================================================
2026-02-16 22:20:35 - M5Trainer - INFO - M5 PINN 井—藏耦合同化训练开始
2026-02-16 22:20:35 - M5Trainer - INFO - ============================================================
2026-02-16 22:20:35 - M5Trainer - INFO - 训练阶段: A[0-500] B[500-1750] C[1750-3500] D[3500-5000]
2026-02-16 22:20:35 - M5Trainer - INFO - --- M5 单位/量纲诊断 (train 第 1 步前) ---
2026-02-16 22:20:35 - M5Trainer - INFO -   qg_obs 范围: 0.00e+00 ~ 8.39e+05 m³/d, 均值: 3.85e+05 m³/d
2026-02-16 22:20:35 - M5Trainer - INFO -   qg_pred 范围: 4.86e+05 ~ 4.98e+05
2026-02-16 22:20:35 - M5Trainer - INFO -   p_wf 范围: 7.41e+01 ~ 7.41e+01 MPa
2026-02-16 22:20:35 - M5Trainer - INFO -   p_field @ well: 7.50e+01 MPa
2026-02-16 22:20:35 - M5Trainer - INFO -   k_frac = 5.4020 mD
2026-02-16 22:20:35 - M5Trainer - INFO -   WI_raw = 4.309845e-13 [检查单位]
2026-02-16 22:20:35 - M5Trainer - INFO -   dp_wellbore = 12.00 MPa
2026-02-16 22:20:35 - M5Trainer - INFO -   Bg_ref = 2.576898e-03
2026-02-16 22:20:35 - M5Trainer - INFO -   qg_obs 范围: 0.00e+00 ~ 8.39e+05 m³/d
2026-02-16 22:20:35 - M5Trainer - INFO -   qg_obs 中位数 = 4.61e+05 m³/d
2026-02-16 22:20:35 - M5Trainer - INFO -   ✅ v9: PDE源项已升级为时变 source(x,y,t) = qg_obs(t) * kernel(x,y)
2026-02-16 22:20:35 - M5Trainer - INFO -   ✅ 每个PDE配点使用其时刻对应的真实观测产量（线性插值）
2026-02-16 22:20:35 - M5Trainer - INFO - --- 诊断结束 ---
2026-02-16 22:20:35 - M5Trainer - INFO -   [shape] SY9: qg pred=(1027, 1) vs obs=(1027, 1), p_wf pred=(1027, 1) vs p_obs=(1027, 1)
2026-02-16 22:20:35 - M5Trainer - INFO -   [Sw约束v9] Sw=[0.260, 0.260, 0.260], 权重=500, 惩罚=0.000000 (低=0.0000, 高=0.0000)
2026-02-16 22:20:35 - M5Trainer - INFO -   ✅ k_frac_mD.grad = -1.410439e-02 (PDE梯度贯通)
2026-02-16 22:20:35 - M5Trainer - INFO -   ✅ k_net: 18 组参数收到梯度
2026-02-16 22:20:35 - M5Trainer - INFO -   [梯度验收] SY9: qg_obs range=[0.0, 838700.0]
2026-02-16 22:20:35 - M5Trainer - INFO -   [Sw监控] SY9: Sw=[0.2600, 0.2600, 0.2600], krg_min=6.751000e-01
2026-02-16 22:20:35 - M5Trainer - INFO -   [best更新] val_score=15.4646 (step 0)
2026-02-16 22:20:35 - M5Trainer - INFO - [Step     0/5000] Stage A | L=7.7227e+02 (IC=1.000e+00, BC=1.000e+00, PDE=1.611e+06, Qg=4.018e-01, SwB=0.000e+00) | k_frac=5.4025 mD, dp=12.00 MPa | Sw=[0.260,0.260] | 0.6s
2026-02-16 22:20:35 - M5Trainer - INFO -   [k_frac诊断] grad=-1.4104e-02, k_frac=5.402525 mD
2026-02-16 22:20:48 - M5Trainer - INFO - [Step   100/5000] Stage A | L=3.1300e+02 (IC=1.020e-02, BC=1.476e-02, PDE=1.997e+06, Qg=3.887e-01, SwB=0.000e+00) | k_frac=5.2478 mD, dp=12.02 MPa | Sw=[0.235,0.333] | 13.0s
2026-02-16 22:21:01 - M5Trainer - INFO -   [梯度验收] SY9: qg_obs range=[0.0, 838700.0]
2026-02-16 22:21:01 - M5Trainer - INFO - [Step   200/5000] Stage A | L=2.4575e+02 (IC=4.171e-02, BC=2.887e-02, PDE=1.743e+06, Qg=4.013e-01, SwB=0.000e+00) | k_frac=4.7631 mD, dp=12.06 MPa | Sw=[0.170,0.665] | 25.8s
2026-02-16 22:21:13 - M5Trainer - INFO - [Step   300/5000] Stage A | L=3.5096e+02 (IC=3.864e-02, BC=2.800e-02, PDE=1.932e+06, Qg=3.394e-01, SwB=0.000e+00) | k_frac=4.6564 mD, dp=12.06 MPa | Sw=[0.150,0.668] | 38.6s
2026-02-16 22:21:26 - M5Trainer - INFO -   [梯度验收] SY9: qg_obs range=[0.0, 838700.0]
2026-02-16 22:21:26 - M5Trainer - INFO - [Step   400/5000] Stage A | L=3.4249e+02 (IC=3.979e-02, BC=3.960e-02, PDE=1.881e+06, Qg=3.584e-01, SwB=0.000e+00) | k_frac=4.5883 mD, dp=12.07 MPa | Sw=[0.155,0.634] | 51.0s
2026-02-16 22:21:38 - M5Trainer - INFO -   [Sw约束v9] Sw=[0.142, 0.350, 0.677], 权重=300, 惩罚=0.000000 (低=0.0000, 高=0.0000)
2026-02-16 22:21:38 - M5Trainer - INFO -   [Sw监控] SY9: Sw=[0.5731, 0.6240, 0.6764], krg_min=1.006232e-01
2026-02-16 22:21:38 - M5Trainer - INFO - [Step   500/5000] Stage B | L=1.3399e+03 (IC=4.976e-02, BC=3.576e-02, PDE=1.603e+06, Qg=3.625e-01, SwB=0.000e+00) | k_frac=4.5589 mD, dp=12.07 MPa | Sw=[0.147,0.646] | 63.6s
2026-02-16 22:21:38 - M5Trainer - INFO -   [k_frac诊断] grad=2.0166e-01, k_frac=4.558897 mD
2026-02-16 22:21:51 - M5Trainer - INFO -   [梯度验收] SY9: qg_obs range=[0.0, 838700.0]
2026-02-16 22:21:51 - M5Trainer - INFO - [Step   600/5000] Stage B | L=1.3515e+03 (IC=1.440e-01, BC=1.049e-01, PDE=1.568e+06, Qg=4.030e-01, SwB=0.000e+00) | k_frac=4.4709 mD, dp=12.07 MPa | Sw=[0.132,0.723] | 76.3s
2026-02-16 22:22:04 - M5Trainer - INFO - [Step   700/5000] Stage B | L=1.9186e+03 (IC=1.058e-01, BC=6.886e-02, PDE=1.888e+06, Qg=3.515e-01, SwB=0.000e+00) | k_frac=4.4252 mD, dp=12.07 MPa | Sw=[0.143,0.673] | 88.9s
2026-02-16 22:22:16 - M5Trainer - INFO -   [梯度验收] SY9: qg_obs range=[0.0, 838700.0]
2026-02-16 22:22:16 - M5Trainer - INFO - [Step   800/5000] Stage B | L=1.8450e+03 (IC=6.738e-02, BC=2.910e-02, PDE=1.710e+06, Qg=3.243e-01, SwB=0.000e+00) | k_frac=4.3495 mD, dp=12.08 MPa | Sw=[0.136,0.717] | 101.6s
2026-02-16 22:22:29 - M5Trainer - INFO - [Step   900/5000] Stage B | L=1.5137e+03 (IC=9.980e-02, BC=9.693e-02, PDE=1.475e+06, Qg=3.950e-01, SwB=0.000e+00) | k_frac=4.2818 mD, dp=12.09 MPa | Sw=[0.140,0.681] | 114.2s
2026-02-16 22:22:42 - M5Trainer - INFO -   [Sw约束v9] Sw=[0.135, 0.356, 0.714], 权重=300, 惩罚=0.000000 (低=0.0000, 高=0.0000)
2026-02-16 22:22:42 - M5Trainer - INFO -   [梯度验收] SY9: qg_obs range=[0.0, 838700.0]
2026-02-16 22:22:42 - M5Trainer - INFO -   [Sw监控] SY9: Sw=[0.5609, 0.6247, 0.7133], krg_min=7.426351e-02
2026-02-16 22:22:42 - M5Trainer - INFO - [Step  1000/5000] Stage B | L=1.3913e+03 (IC=1.738e-01, BC=1.183e-01, PDE=1.377e+06, Qg=3.473e-01, SwB=0.000e+00) | k_frac=4.1610 mD, dp=12.10 MPa | Sw=[0.137,0.690] | 127.0s
2026-02-16 22:22:42 - M5Trainer - INFO -   [k_frac诊断] grad=2.1159e-01, k_frac=4.160992 mD
2026-02-16 22:22:55 - M5Trainer - INFO - [Step  1100/5000] Stage B | L=1.9508e+03 (IC=7.651e-02, BC=5.725e-02, PDE=1.620e+06, Qg=3.296e-01, SwB=0.000e+00) | k_frac=4.0159 mD, dp=12.11 MPa | Sw=[0.138,0.670] | 139.7s
2026-02-16 22:23:07 - M5Trainer - INFO -   [梯度验收] SY9: qg_obs range=[0.0, 838700.0]
2026-02-16 22:23:07 - M5Trainer - INFO - [Step  1200/5000] Stage B | L=2.3333e+03 (IC=1.546e-01, BC=9.001e-02, PDE=1.818e+06, Qg=3.612e-01, SwB=0.000e+00) | k_frac=3.8917 mD, dp=12.12 MPa | Sw=[0.137,0.689] | 152.6s
2026-02-16 22:23:20 - M5Trainer - INFO - [Step  1300/5000] Stage B | L=1.8536e+03 (IC=8.266e-02, BC=3.716e-02, PDE=1.464e+06, Qg=3.458e-01, SwB=0.000e+00) | k_frac=3.8190 mD, dp=12.13 MPa | Sw=[0.136,0.700] | 165.3s
2026-02-16 22:23:33 - M5Trainer - INFO -   [梯度验收] SY9: qg_obs range=[0.0, 838700.0]
2026-02-16 22:23:33 - M5Trainer - INFO - [Step  1400/5000] Stage B | L=1.9962e+03 (IC=7.784e-02, BC=7.941e-02, PDE=1.502e+06, Qg=3.843e-01, SwB=0.000e+00) | k_frac=3.7239 mD, dp=12.14 MPa | Sw=[0.138,0.680] | 178.1s
2026-02-16 22:23:46 - M5Trainer - INFO -   [Sw约束v9] Sw=[0.134, 0.397, 0.713], 权重=300, 惩罚=0.000000 (低=0.0000, 高=0.0000)
2026-02-16 22:23:46 - M5Trainer - INFO -   [Sw监控] SY9: Sw=[0.5429, 0.6317, 0.7124], krg_min=7.480229e-02
2026-02-16 22:23:46 - M5Trainer - INFO - [Step  1500/5000] Stage B | L=1.8264e+03 (IC=2.045e-01, BC=2.310e-01, PDE=1.483e+06, Qg=3.536e-01, SwB=0.000e+00) | k_frac=3.6313 mD, dp=12.16 MPa | Sw=[0.137,0.713] | 190.9s
2026-02-16 22:23:46 - M5Trainer - INFO -   [k_frac诊断] grad=-8.1394e-02, k_frac=3.631316 mD
2026-02-16 22:23:59 - M5Trainer - INFO -   [梯度验收] SY9: qg_obs range=[0.0, 838700.0]
2026-02-16 22:23:59 - M5Trainer - INFO - [Step  1600/5000] Stage B | L=1.7756e+03 (IC=2.929e-01, BC=2.949e-01, PDE=1.464e+06, Qg=3.413e-01, SwB=0.000e+00) | k_frac=3.5744 mD, dp=12.17 MPa | Sw=[0.134,0.737] | 204.4s
2026-02-16 22:24:13 - M5Trainer - INFO - [Step  1700/5000] Stage B | L=1.8676e+03 (IC=2.530e-01, BC=1.416e-01, PDE=1.411e+06, Qg=4.094e-01, SwB=0.000e+00) | k_frac=3.4854 mD, dp=12.18 MPa | Sw=[0.133,0.692] | 218.2s
2026-02-16 22:24:26 - M5Trainer - INFO -   [梯度验收] SY9: qg_obs range=[0.0, 838700.0]
2026-02-16 22:24:26 - M5Trainer - INFO - [Step  1800/5000] Stage C | L=1.1017e+04 (IC=2.145e-01, BC=7.484e-02, PDE=1.537e+06, Qg=3.667e-01, SwB=0.000e+00) | k_frac=3.4335 mD, dp=12.20 MPa | Sw=[0.139,0.683] | 231.6s
2026-02-16 22:24:41 - M5Trainer - INFO - [Step  1900/5000] Stage C | L=1.3079e+04 (IC=1.440e-01, BC=2.935e-02, PDE=1.614e+06, Qg=3.631e-01, SwB=0.000e+00) | k_frac=3.3543 mD, dp=12.21 MPa | Sw=[0.132,0.722] | 246.3s
2026-02-16 22:24:56 - M5Trainer - INFO -   [Sw约束v9] Sw=[0.131, 0.374, 0.735], 权重=200, 惩罚=0.000000 (低=0.0000, 高=0.0000)
2026-02-16 22:24:56 - M5Trainer - INFO -   [Sw监控] SY9: Sw=[0.5585, 0.6128, 0.6623], krg_min=1.117294e-01
2026-02-16 22:24:56 - M5Trainer - INFO - [Step  2000/5000] Stage C | L=1.5099e+04 (IC=1.033e-01, BC=6.543e-02, PDE=1.703e+06, Qg=3.303e-01, SwB=0.000e+00) | k_frac=3.3232 mD, dp=12.22 MPa | Sw=[0.133,0.656] | 261.6s
2026-02-16 22:24:56 - M5Trainer - INFO -   [k_frac诊断] grad=-1.9671e-01, k_frac=3.323236 mD
2026-02-16 22:25:12 - M5Trainer - INFO - [Step  2100/5000] Stage C | L=1.1626e+04 (IC=3.286e-01, BC=8.093e-02, PDE=1.406e+06, Qg=3.856e-01, SwB=0.000e+00) | k_frac=3.2893 mD, dp=12.23 MPa | Sw=[0.136,0.723] | 277.2s
2026-02-16 22:25:27 - M5Trainer - INFO - [Step  2200/5000] Stage C | L=1.4900e+04 (IC=1.838e-01, BC=3.532e-02, PDE=1.486e+06, Qg=3.201e-01, SwB=0.000e+00) | k_frac=3.2057 mD, dp=12.25 MPa | Sw=[0.131,0.733] | 292.5s
2026-02-16 22:25:43 - M5Trainer - INFO - [Step  2300/5000] Stage C | L=1.4613e+04 (IC=4.660e-01, BC=9.916e-02, PDE=1.602e+06, Qg=3.662e-01, SwB=0.000e+00) | k_frac=3.1872 mD, dp=12.26 MPa | Sw=[0.138,0.709] | 308.3s
2026-02-16 22:25:59 - M5Trainer - INFO - [Step  2400/5000] Stage C | L=1.4207e+04 (IC=3.178e-01, BC=6.931e-02, PDE=1.459e+06, Qg=3.699e-01, SwB=0.000e+00) | k_frac=3.1615 mD, dp=12.27 MPa | Sw=[0.131,0.739] | 323.8s
2026-02-16 22:26:14 - M5Trainer - INFO -   [Sw约束v9] Sw=[0.132, 0.367, 0.732], 权重=200, 惩罚=0.000000 (低=0.0000, 高=0.0000)
2026-02-16 22:26:14 - M5Trainer - INFO -   [Sw监控] SY9: Sw=[0.5724, 0.6213, 0.7319], krg_min=6.246692e-02
2026-02-16 22:26:14 - M5Trainer - INFO - [Step  2500/5000] Stage C | L=1.5445e+04 (IC=1.798e-01, BC=4.338e-02, PDE=1.413e+06, Qg=3.191e-01, SwB=0.000e+00) | k_frac=3.1139 mD, dp=12.28 MPa | Sw=[0.139,0.730] | 339.0s
2026-02-16 22:26:14 - M5Trainer - INFO -   [k_frac诊断] grad=-2.4300e-01, k_frac=3.113937 mD
2026-02-16 22:26:29 - M5Trainer - INFO - [Step  2600/5000] Stage C | L=1.4689e+04 (IC=2.166e-01, BC=7.235e-02, PDE=1.388e+06, Qg=3.210e-01, SwB=0.000e+00) | k_frac=3.0852 mD, dp=12.29 MPa | Sw=[0.132,0.740] | 354.2s
2026-02-16 22:26:44 - M5Trainer - INFO - [Step  2700/5000] Stage C | L=1.7031e+04 (IC=9.564e-02, BC=3.625e-02, PDE=1.377e+06, Qg=3.317e-01, SwB=0.000e+00) | k_frac=3.0723 mD, dp=12.30 MPa | Sw=[0.135,0.738] | 369.5s
2026-02-16 22:27:00 - M5Trainer - INFO - [Step  2800/5000] Stage C | L=1.4870e+04 (IC=2.745e-01, BC=1.178e-01, PDE=1.374e+06, Qg=3.210e-01, SwB=0.000e+00) | k_frac=3.0554 mD, dp=12.30 MPa | Sw=[0.144,0.727] | 385.7s
2026-02-16 22:27:16 - M5Trainer - INFO - [Step  2900/5000] Stage C | L=1.9011e+04 (IC=2.358e-01, BC=1.412e-01, PDE=1.570e+06, Qg=3.460e-01, SwB=0.000e+00) | k_frac=3.0604 mD, dp=12.30 MPa | Sw=[0.133,0.694] | 401.0s
2026-02-16 22:27:31 - M5Trainer - INFO -   [Sw约束v9] Sw=[0.132, 0.387, 0.750], 权重=200, 惩罚=0.000000 (低=0.0000, 高=0.0000)
2026-02-16 22:27:31 - M5Trainer - INFO -   [Sw监控] SY9: Sw=[0.5532, 0.6210, 0.7493], krg_min=5.236738e-02
2026-02-16 22:27:31 - M5Trainer - INFO - [Step  3000/5000] Stage C | L=1.5545e+04 (IC=2.470e-01, BC=6.810e-02, PDE=1.312e+06, Qg=3.258e-01, SwB=0.000e+00) | k_frac=3.0289 mD, dp=12.31 MPa | Sw=[0.141,0.751] | 416.6s
2026-02-16 22:27:31 - M5Trainer - INFO -   [k_frac诊断] grad=2.3859e-01, k_frac=3.028913 mD
2026-02-16 22:27:47 - M5Trainer - INFO - [Step  3100/5000] Stage C | L=1.6115e+04 (IC=2.225e-01, BC=4.581e-02, PDE=1.274e+06, Qg=2.976e-01, SwB=0.000e+00) | k_frac=3.0191 mD, dp=12.32 MPa | Sw=[0.133,0.719] | 432.4s
2026-02-16 22:28:03 - M5Trainer - INFO - [Step  3200/5000] Stage C | L=1.7622e+04 (IC=3.042e-01, BC=1.144e-01, PDE=1.431e+06, Qg=3.319e-01, SwB=0.000e+00) | k_frac=3.0160 mD, dp=12.32 MPa | Sw=[0.147,0.709] | 448.6s
2026-02-16 22:28:18 - M5Trainer - INFO - [Step  3300/5000] Stage C | L=1.2750e+04 (IC=2.957e-01, BC=1.125e-01, PDE=1.141e+06, Qg=3.131e-01, SwB=0.000e+00) | k_frac=2.9930 mD, dp=12.33 MPa | Sw=[0.152,0.720] | 463.4s
2026-02-16 22:28:34 - M5Trainer - INFO - [Step  3400/5000] Stage C | L=1.4925e+04 (IC=2.206e-01, BC=7.004e-02, PDE=1.174e+06, Qg=3.101e-01, SwB=0.000e+00) | k_frac=2.9801 mD, dp=12.34 MPa | Sw=[0.150,0.719] | 478.7s
2026-02-16 22:28:49 - M5Trainer - INFO -   [Sw约束v9] Sw=[0.141, 0.351, 0.737], 权重=100, 惩罚=0.000000 (低=0.0000, 高=0.0000)
2026-02-16 22:28:49 - M5Trainer - INFO -   [Sw监控] SY9: Sw=[0.4940, 0.6049, 0.7354], krg_min=6.039849e-02
2026-02-16 22:28:49 - M5Trainer - INFO - [Step  3500/5000] Stage D | L=1.6988e+04 (IC=1.604e-01, BC=3.858e-02, PDE=1.184e+06, Qg=3.154e-01, SwB=0.000e+00) | k_frac=2.9726 mD, dp=12.34 MPa | Sw=[0.163,0.732] | 494.6s
2026-02-16 22:28:49 - M5Trainer - INFO -   [k_frac诊断] grad=-2.4353e-01, k_frac=2.972643 mD
2026-02-16 22:29:06 - M5Trainer - INFO - [Step  3600/5000] Stage D | L=1.4189e+04 (IC=2.855e-01, BC=5.309e-02, PDE=1.128e+06, Qg=2.917e-01, SwB=0.000e+00) | k_frac=2.9653 mD, dp=12.34 MPa | Sw=[0.155,0.730] | 510.9s
2026-02-16 22:29:22 - M5Trainer - INFO - [Step  3700/5000] Stage D | L=1.8065e+04 (IC=2.165e-01, BC=4.856e-02, PDE=1.254e+06, Qg=2.953e-01, SwB=0.000e+00) | k_frac=2.9626 mD, dp=12.34 MPa | Sw=[0.165,0.722] | 527.1s
2026-02-16 22:29:38 - M5Trainer - INFO - [Step  3800/5000] Stage D | L=2.0272e+04 (IC=2.470e-01, BC=6.538e-02, PDE=1.377e+06, Qg=2.983e-01, SwB=0.000e+00) | k_frac=2.9611 mD, dp=12.35 MPa | Sw=[0.161,0.712] | 543.3s
2026-02-16 22:29:54 - M5Trainer - INFO - [Step  3900/5000] Stage D | L=1.7515e+04 (IC=3.228e-01, BC=8.426e-02, PDE=1.314e+06, Qg=2.899e-01, SwB=0.000e+00) | k_frac=2.9581 mD, dp=12.35 MPa | Sw=[0.158,0.730] | 559.6s
2026-02-16 22:30:11 - M5Trainer - INFO -   [Sw约束v9] Sw=[0.137, 0.339, 0.736], 权重=100, 惩罚=0.000000 (低=0.0000, 高=0.0000)
2026-02-16 22:30:11 - M5Trainer - INFO -   [Sw监控] SY9: Sw=[0.4596, 0.6140, 0.7357], krg_min=6.019215e-02
2026-02-16 22:30:11 - M5Trainer - INFO -   [best更新] val_score=10.2478 (step 4000)
2026-02-16 22:30:11 - M5Trainer - INFO - [Step  4000/5000] Stage D | L=1.4791e+04 (IC=3.276e-01, BC=9.615e-02, PDE=1.190e+06, Qg=2.876e-01, SwB=0.000e+00) | k_frac=2.9576 mD, dp=12.35 MPa | Sw=[0.147,0.722] | 575.9s
2026-02-16 22:30:11 - M5Trainer - INFO -   [k_frac诊断] grad=2.0752e-01, k_frac=2.957567 mD
2026-02-16 22:30:27 - M5Trainer - INFO - [Step  4100/5000] Stage D | L=1.1877e+04 (IC=4.476e-01, BC=9.551e-02, PDE=1.063e+06, Qg=2.907e-01, SwB=0.000e+00) | k_frac=2.9577 mD, dp=12.35 MPa | Sw=[0.177,0.722] | 592.5s
2026-02-16 22:30:44 - M5Trainer - INFO - [Step  4200/5000] Stage D | L=1.4712e+04 (IC=1.955e-01, BC=9.395e-02, PDE=1.125e+06, Qg=2.843e-01, SwB=0.000e+00) | k_frac=2.9571 mD, dp=12.35 MPa | Sw=[0.145,0.664] | 609.1s
2026-02-16 22:31:00 - M5Trainer - INFO - [Step  4300/5000] Stage D | L=1.1459e+04 (IC=3.153e-01, BC=1.005e-01, PDE=1.000e+06, Qg=2.855e-01, SwB=0.000e+00) | k_frac=2.9565 mD, dp=12.35 MPa | Sw=[0.146,0.738] | 625.6s
2026-02-16 22:31:17 - M5Trainer - INFO - [Step  4400/5000] Stage D | L=1.3136e+04 (IC=4.733e-01, BC=1.063e-01, PDE=1.125e+06, Qg=2.832e-01, SwB=0.000e+00) | k_frac=2.9569 mD, dp=12.36 MPa | Sw=[0.138,0.736] | 642.1s
2026-02-16 22:31:33 - M5Trainer - INFO -   [Sw约束v9] Sw=[0.135, 0.358, 0.740], 权重=100, 惩罚=0.000000 (低=0.0000, 高=0.0000)
2026-02-16 22:31:33 - M5Trainer - INFO -   [Sw监控] SY9: Sw=[0.2425, 0.6147, 0.7359], krg_min=6.007192e-02
2026-02-16 22:31:33 - M5Trainer - INFO - [Step  4500/5000] Stage D | L=1.2248e+04 (IC=3.773e-01, BC=8.400e-02, PDE=1.040e+06, Qg=2.838e-01, SwB=0.000e+00) | k_frac=2.9571 mD, dp=12.36 MPa | Sw=[0.177,0.711] | 658.5s
2026-02-16 22:31:33 - M5Trainer - INFO -   [k_frac诊断] grad=-2.4896e-01, k_frac=2.957074 mD
2026-02-16 22:31:50 - M5Trainer - INFO - [Step  4600/5000] Stage D | L=1.3587e+04 (IC=3.803e-01, BC=1.062e-01, PDE=1.118e+06, Qg=2.796e-01, SwB=0.000e+00) | k_frac=2.9574 mD, dp=12.36 MPa | Sw=[0.133,0.721] | 675.2s
2026-02-16 22:32:07 - M5Trainer - INFO - [Step  4700/5000] Stage D | L=1.0754e+04 (IC=4.169e-01, BC=1.023e-01, PDE=9.696e+05, Qg=2.797e-01, SwB=0.000e+00) | k_frac=2.9575 mD, dp=12.36 MPa | Sw=[0.155,0.680] | 691.9s
2026-02-16 22:32:24 - M5Trainer - INFO - [Step  4800/5000] Stage D | L=1.1002e+04 (IC=3.360e-01, BC=1.280e-01, PDE=9.801e+05, Qg=2.785e-01, SwB=0.000e+00) | k_frac=2.9574 mD, dp=12.36 MPa | Sw=[0.148,0.736] | 708.8s
2026-02-16 22:32:40 - M5Trainer - INFO - [Step  4900/5000] Stage D | L=1.0060e+04 (IC=3.976e-01, BC=1.259e-01, PDE=9.357e+05, Qg=2.775e-01, SwB=0.000e+00) | k_frac=2.9575 mD, dp=12.36 MPa | Sw=[0.159,0.737] | 725.6s
2026-02-16 22:32:57 - M5Trainer - INFO - [Step  4999/5000] Stage D | L=1.1829e+04 (IC=3.966e-01, BC=1.139e-01, PDE=1.019e+06, Qg=2.772e-01, SwB=0.000e+00) | k_frac=2.9575 mD, dp=12.36 MPa | Sw=[0.145,0.726] | 742.3s
2026-02-16 22:32:57 - M5Trainer - INFO - 
M5 训练完成! 耗时: 742.3s, 最佳验证分数(val_score): 10.2478
2026-02-16 22:32:57 - M5Trainer - INFO - 配置快照已保存: C:\Users\16281\Desktop\cpedc_project\outputs\mk_pinn_dt_v2\resolved_config_m5.json
2026-02-16 22:32:57 - M5Trainer - INFO - 反演参数审计: C:\Users\16281\Desktop\cpedc_project\outputs\mk_pinn_dt_v2\reports\M5_inversion_params.json
2026-02-16 22:32:57 - M5Trainer - INFO -   history 已恢复 (4001 步)
2026-02-16 22:32:57 - M5Trainer - INFO - 已加载 M5 检查点: C:\Users\16281\Desktop\cpedc_project\outputs\mk_pinn_dt_v2\ckpt\m5_pinn_best.pt
2026-02-16 22:32:58 - M5Trainer - INFO - qg 对比图已保存: C:\Users\16281\Desktop\cpedc_project\outputs\mk_pinn_dt_v2\figs\M5_qg_comparison_SY9.png
2026-02-16 22:32:58 - M5Trainer - INFO - p_wf 反演图已保存: C:\Users\16281\Desktop\cpedc_project\outputs\mk_pinn_dt_v2\figs\M5_pwf_inversion_SY9.png
2026-02-16 22:32:59 - M5Trainer - INFO - 训练曲线图已保存: C:\Users\16281\Desktop\cpedc_project\outputs\mk_pinn_dt_v2\figs\M5_training_history.png
2026-02-16 22:32:59 - M5Trainer - INFO - 残差热力图已保存: C:\Users\16281\Desktop\cpedc_project\outputs\mk_pinn_dt_v2\figs\M5_pde_residual_map.png
2026-02-16 22:33:00 - M5Trainer - INFO - M6 连通性分析完成
2026-02-16 22:33:02 - M5Trainer - INFO - M7 水侵预警分析完成
2026-02-16 22:33:02 - M5Trainer - INFO - M5 验收报告已保存: C:\Users\16281\Desktop\cpedc_project\outputs\mk_pinn_dt_v2\reports\M5_validation_report.md
