2026-02-21 19:33:07 - M5Trainer - INFO -   torch.compile 已跳过 (Triton 不支持 Windows, 使用 eager 模式)
2026-02-21 19:33:07 - M5Trainer - INFO - k_frac 独立参数组: lr=2.00e-03 (factor=2.0)
2026-02-21 19:33:08 - M5Trainer - INFO - k_net 学习率: 1.00e-04 (factor=0.1, warmup=2000 steps)
2026-02-21 19:33:08 - M5Trainer - INFO -   井 SY9: 1332 条同化数据 (train=799, val=266, test=267)
    开井点数 (q>1): train=745, val=88, test=121
    有效压力点: val_p=109, test_p=121
2026-02-21 19:33:08 - M5Trainer - INFO -   train time window(norm): [0.0000, 0.5995]
2026-02-21 19:33:08 - M5Trainer - INFO -   well_h[SY9] = 48.4 m (有效储厚)
2026-02-21 19:33:08 - M5Trainer - INFO -   well_h[SY13] = 41.6 m (有效储厚)
2026-02-21 19:33:08 - M5Trainer - INFO -   well_h[SY201] = 37.9 m (有效储厚)
2026-02-21 19:33:08 - M5Trainer - INFO -   well_h[SY101] = 41.7 m (有效储厚)
2026-02-21 19:33:08 - M5Trainer - INFO -   well_h[SY102] = 45.4 m (有效储厚)
2026-02-21 19:33:08 - M5Trainer - INFO -   well_h[SY116] = 39.3 m (有效储厚)
2026-02-21 19:33:08 - M5Trainer - INFO -   well_h[SYX211] = 6.0 m (有效储厚)
2026-02-21 19:33:08 - M5Trainer - INFO -   M3 PVT cg(76.0, 140.32) = 0.009744
2026-02-21 19:33:08 - M5Trainer - INFO -   M3 PVT Bg(76.0, 140.32) = 0.002577
2026-02-21 19:33:08 - M5Trainer - INFO -   PDE 缩放: αx=0.101777, αy=0.254660
2026-02-21 19:33:08 - M5Trainer - INFO - M5Trainer 初始化完成: device=cuda, lr=0.001, max_steps=10000, relobralo=True, rar=True
2026-02-21 19:33:08 - M5Trainer - INFO - ============================================================
2026-02-21 19:33:08 - M5Trainer - INFO - M5 PINN 井—藏耦合同化训练开始
2026-02-21 19:33:08 - M5Trainer - INFO - ============================================================
2026-02-21 19:33:08 - M5Trainer - INFO -   阶段权重已被 config 覆盖 (train.stages 或 training_stages.stage_*.weights)
2026-02-21 19:33:08 - M5Trainer - INFO - 训练阶段: A[0-1000] B[1000-4800] C[4800-7800] D[7800-10000]
2026-02-21 19:33:08 - M5Trainer - INFO -   qg_nearzero 权重: A=3.0, B=6.0->9.0, C=12.0, D=3.0, enable=True
2026-02-21 19:33:08 - M5Trainer - INFO - --- M5 单位/量纲诊断 (train 第 1 步前) ---
2026-02-21 19:33:08 - M5Trainer - INFO -   qg_obs 范围: 0.00e+00 ~ 8.39e+05 m³/d, 均值: 2.97e+05 m³/d
2026-02-21 19:33:08 - M5Trainer - INFO -   qg_pred 范围: 1.52e+05 ~ 1.56e+05
2026-02-21 19:33:08 - M5Trainer - INFO -   p_wf 范围: 7.43e+01 ~ 7.43e+01 MPa
2026-02-21 19:33:08 - M5Trainer - INFO -   p_field @ well: 7.50e+01 MPa
2026-02-21 19:33:08 - M5Trainer - INFO -   k_frac = 4.0000 mD
2026-02-21 19:33:08 - M5Trainer - INFO -   WI_raw = 1.676348e-13 [检查单位]
2026-02-21 19:33:08 - M5Trainer - INFO -   dp_wellbore = 13.30 MPa
2026-02-21 19:33:08 - M5Trainer - INFO -   Bg_ref = 2.576898e-03
2026-02-21 19:33:08 - M5Trainer - INFO -   qg_obs 范围: 0.00e+00 ~ 8.39e+05 m³/d
2026-02-21 19:33:08 - M5Trainer - INFO -   qg_obs 中位数 = 3.07e+05 m³/d
2026-02-21 19:33:08 - M5Trainer - INFO -   ✅ v9: PDE源项已升级为时变 source(x,y,t) = qg_obs(t) * kernel(x,y)
2026-02-21 19:33:08 - M5Trainer - INFO -   ✅ 每个PDE配点使用其时刻对应的真实观测产量（线性插值）
2026-02-21 19:33:08 - M5Trainer - INFO - --- 诊断结束 ---
2026-02-21 19:33:08 - M5Trainer - INFO -   [shape] SY9: qg pred=(1332, 1) vs obs=(1332, 1), p_wf pred=(1332, 1) vs p_obs=(1332, 1)
2026-02-21 19:33:09 - M5Trainer - INFO -   ✅ k_frac_mD.grad = -9.647943e-02 (PDE梯度贯通)
2026-02-21 19:33:09 - M5Trainer - INFO -   ✅ k_net: 18 组参数收到梯度
2026-02-21 19:33:09 - M5Trainer - INFO -   [梯度验收] SY9: qg_obs range=[0.0, 838700.0]
2026-02-21 19:33:09 - M5Trainer - INFO -   [Sw监控] SY9: Sw=[0.2600, 0.2600, 0.2600], krg_min=6.751000e-01
2026-02-21 19:33:09 - M5Trainer - INFO - [Step     0/10000] Stage A | L=4.9579e+02 (IC=1.000e+00, BC=1.000e+00, PDE=1.611e+06, Qg=1.635e+00, Qz=1.942e-02, Sd=3.682e-01, SQg=3.137e-07, SwB=0.000e+00) | k_frac=4.0001 mD, dp=13.30 MPa | Sw=[0.260,0.260] | 0.7s
2026-02-21 19:33:09 - M5Trainer - INFO -   [k_frac诊断] grad=-9.6479e-02, k_frac=4.000075 mD
2026-02-21 19:33:22 - M5Trainer - INFO - [Step   100/10000] Stage A | L=3.4460e+02 (IC=1.600e-02, BC=2.413e-02, PDE=1.988e+06, Qg=1.505e+00, Qz=2.076e-02, Sd=4.216e-01, SQg=9.191e-06, SwB=0.000e+00) | k_frac=4.0233 mD, dp=13.30 MPa | Sw=[0.260,0.260] | 14.1s
2026-02-21 19:33:35 - M5Trainer - INFO -   [梯度验收] SY9: qg_obs range=[0.0, 838700.0]
2026-02-21 19:33:35 - M5Trainer - INFO - [Step   200/10000] Stage A | L=1.8763e+02 (IC=1.271e-02, BC=9.105e-03, PDE=1.739e+06, Qg=5.559e-01, Qz=5.445e-02, Sd=1.199e+00, SQg=9.317e-04, SwB=0.000e+00) | k_frac=4.1235 mD, dp=13.30 MPa | Sw=[0.260,0.260] | 26.9s
2026-02-21 19:33:48 - M5Trainer - INFO - [Step   300/10000] Stage A | L=2.9768e+02 (IC=3.026e-02, BC=2.648e-02, PDE=1.922e+06, Qg=3.509e-01, Qz=2.765e-02, Sd=1.980e+00, SQg=1.540e-03, SwB=0.000e+00) | k_frac=4.1281 mD, dp=13.30 MPa | Sw=[0.260,0.446] | 39.7s
2026-02-21 19:34:00 - M5Trainer - INFO -   [梯度验收] SY9: qg_obs range=[0.0, 838700.0]
2026-02-21 19:34:01 - M5Trainer - INFO - [Step   400/10000] Stage A | L=3.0095e+02 (IC=1.799e-02, BC=1.071e-02, PDE=1.875e+06, Qg=3.435e-01, Qz=2.999e-02, Sd=2.235e+00, SQg=1.501e-03, SwB=0.000e+00) | k_frac=4.1084 mD, dp=13.30 MPa | Sw=[0.260,0.412] | 52.7s
2026-02-21 19:34:14 - M5Trainer - INFO -   [Sw监控] SY9: Sw=[0.2600, 0.3210, 0.4554], krg_min=3.421442e-01
2026-02-21 19:34:14 - M5Trainer - INFO - [Step   500/10000] Stage A | L=2.0383e+02 (IC=2.631e-02, BC=3.651e-02, PDE=1.443e+06, Qg=3.255e-01, Qz=3.187e-02, Sd=2.483e+00, SQg=1.359e-03, SwB=0.000e+00) | k_frac=4.0768 mD, dp=13.30 MPa | Sw=[0.260,0.416] | 66.1s
2026-02-21 19:34:14 - M5Trainer - INFO -   [k_frac诊断] grad=1.9561e-01, k_frac=4.076756 mD
2026-02-21 19:34:27 - M5Trainer - INFO -   [梯度验收] SY9: qg_obs range=[0.0, 838700.0]
2026-02-21 19:34:27 - M5Trainer - INFO - [Step   600/10000] Stage A | L=2.1561e+02 (IC=3.155e-02, BC=1.869e-02, PDE=1.420e+06, Qg=3.263e-01, Qz=3.076e-02, Sd=2.492e+00, SQg=1.427e-03, SwB=0.000e+00) | k_frac=4.0268 mD, dp=13.30 MPa | Sw=[0.260,0.436] | 79.4s
2026-02-21 19:34:41 - M5Trainer - INFO - [Step   700/10000] Stage A | L=2.7525e+02 (IC=5.042e-02, BC=5.547e-02, PDE=1.676e+06, Qg=3.037e-01, Qz=3.095e-02, Sd=2.506e+00, SQg=1.726e-03, SwB=0.000e+00) | k_frac=3.9723 mD, dp=13.30 MPa | Sw=[0.260,0.432] | 93.6s
2026-02-21 19:34:56 - M5Trainer - INFO -   [梯度验收] SY9: qg_obs range=[0.0, 838700.0]
2026-02-21 19:34:56 - M5Trainer - INFO - [Step   800/10000] Stage A | L=2.4668e+02 (IC=4.019e-02, BC=2.995e-02, PDE=1.540e+06, Qg=3.071e-01, Qz=2.582e-02, Sd=2.158e+00, SQg=2.194e-03, SwB=0.000e+00) | k_frac=3.9166 mD, dp=13.30 MPa | Sw=[0.260,0.456] | 107.7s
2026-02-21 19:35:10 - M5Trainer - INFO - [Step   900/10000] Stage A | L=1.9488e+02 (IC=7.013e-02, BC=6.482e-02, PDE=1.326e+06, Qg=3.113e-01, Qz=2.074e-02, Sd=1.740e+00, SQg=2.808e-03, SwB=0.000e+00) | k_frac=3.8520 mD, dp=13.30 MPa | Sw=[0.260,0.444] | 121.9s
2026-02-21 19:35:24 - M5Trainer - INFO -   [梯度验收] SY9: qg_obs range=[0.0, 838700.0]
2026-02-21 19:35:24 - M5Trainer - INFO -   [Sw监控] SY9: Sw=[0.2600, 0.3153, 0.4570], krg_min=3.397919e-01
2026-02-21 19:35:24 - M5Trainer - INFO - [Step  1000/10000] Stage B | L=3.1750e+02 (IC=6.780e-02, BC=6.388e-02, PDE=1.098e+06, Qg=3.045e-01, Qz=1.307e-02, Sd=1.133e+00, SQg=4.151e-03, SwB=0.000e+00) | k_frac=3.7288 mD, dp=13.30 MPa | Sw=[0.260,0.448] | 136.1s
2026-02-21 19:35:24 - M5Trainer - INFO -   [k_frac诊断] grad=2.3217e-01, k_frac=3.728819 mD
2026-02-21 19:35:38 - M5Trainer - INFO - [Step  1100/10000] Stage B | L=4.1673e+02 (IC=1.042e-01, BC=8.978e-02, PDE=1.254e+06, Qg=2.881e-01, Qz=1.588e-03, Sd=9.566e-02, SQg=9.165e-03, SwB=0.000e+00) | k_frac=3.6850 mD, dp=13.30 MPa | Sw=[0.260,0.449] | 150.5s
2026-02-21 19:35:55 - M5Trainer - INFO -   [梯度验收] SY9: qg_obs range=[0.0, 838700.0]
2026-02-21 19:35:55 - M5Trainer - INFO - [Step  1200/10000] Stage B | L=5.2284e+02 (IC=5.278e-02, BC=5.527e-02, PDE=1.395e+06, Qg=2.852e-01, Qz=1.164e-03, Sd=6.072e-02, SQg=9.438e-03, SwB=0.000e+00) | k_frac=3.5989 mD, dp=13.30 MPa | Sw=[0.260,0.457] | 167.4s
2026-02-21 19:36:11 - M5Trainer - INFO - [Step  1300/10000] Stage B | L=3.9635e+02 (IC=4.784e-02, BC=4.977e-02, PDE=1.139e+06, Qg=2.758e-01, Qz=9.038e-04, Sd=5.110e-02, SQg=9.482e-03, SwB=0.000e+00) | k_frac=3.4947 mD, dp=13.30 MPa | Sw=[0.260,0.457] | 183.3s
2026-02-21 19:36:27 - M5Trainer - INFO -   [梯度验收] SY9: qg_obs range=[0.0, 838700.0]
2026-02-21 19:36:27 - M5Trainer - INFO - [Step  1400/10000] Stage B | L=3.5607e+02 (IC=3.033e-01, BC=1.957e-01, PDE=1.182e+06, Qg=2.800e-01, Qz=9.513e-04, Sd=5.547e-02, SQg=1.005e-02, SwB=0.000e+00) | k_frac=3.4255 mD, dp=13.30 MPa | Sw=[0.260,0.445] | 198.7s
2026-02-21 19:36:42 - M5Trainer - INFO -   [Sw监控] SY9: Sw=[0.2600, 0.3111, 0.4588], krg_min=3.373441e-01
2026-02-21 19:36:42 - M5Trainer - INFO - [Step  1500/10000] Stage B | L=3.5821e+02 (IC=6.117e-02, BC=5.267e-02, PDE=1.045e+06, Qg=2.984e-01, Qz=1.006e-03, Sd=5.870e-02, SQg=1.002e-02, SwB=0.000e+00) | k_frac=3.3644 mD, dp=13.30 MPa | Sw=[0.260,0.458] | 214.1s
2026-02-21 19:36:42 - M5Trainer - INFO -   [k_frac诊断] grad=4.1525e-01, k_frac=3.364360 mD
2026-02-21 19:36:58 - M5Trainer - INFO -   [梯度验收] SY9: qg_obs range=[0.0, 838700.0]
2026-02-21 19:36:58 - M5Trainer - INFO - [Step  1600/10000] Stage B | L=3.4672e+02 (IC=8.107e-02, BC=7.899e-02, PDE=1.036e+06, Qg=2.892e-01, Qz=9.079e-04, Sd=6.232e-02, SQg=1.034e-02, SwB=0.000e+00) | k_frac=3.2095 mD, dp=13.30 MPa | Sw=[0.260,0.458] | 229.9s
2026-02-21 19:37:13 - M5Trainer - INFO - [Step  1700/10000] Stage B | L=3.3297e+02 (IC=8.715e-02, BC=9.152e-02, PDE=1.000e+06, Qg=2.782e-01, Qz=9.263e-04, Sd=6.171e-02, SQg=9.558e-03, SwB=0.000e+00) | k_frac=3.1247 mD, dp=13.30 MPa | Sw=[0.260,0.454] | 245.3s
2026-02-21 19:37:29 - M5Trainer - INFO -   [梯度验收] SY9: qg_obs range=[0.0, 838700.0]
2026-02-21 19:37:29 - M5Trainer - INFO - [Step  1800/10000] Stage B | L=3.7916e+02 (IC=4.808e-02, BC=4.029e-02, PDE=1.070e+06, Qg=2.749e-01, Qz=9.606e-04, Sd=7.660e-02, SQg=9.548e-03, SwB=0.000e+00) | k_frac=3.0539 mD, dp=13.30 MPa | Sw=[0.260,0.449] | 261.1s
2026-02-21 19:37:46 - M5Trainer - INFO - [Step  1900/10000] Stage B | L=3.8582e+02 (IC=9.983e-02, BC=8.143e-02, PDE=1.116e+06, Qg=2.790e-01, Qz=1.039e-03, Sd=8.666e-02, SQg=1.005e-02, SwB=0.000e+00) | k_frac=3.0022 mD, dp=13.30 MPa | Sw=[0.260,0.454] | 278.3s
2026-02-21 19:38:04 - M5Trainer - INFO -   [Sw监控] SY9: Sw=[0.2600, 0.3277, 0.4579], krg_min=3.386134e-01
2026-02-21 19:38:04 - M5Trainer - INFO -   [best更新] val_score=22.4525 (step 2000)
2026-02-21 19:38:04 - M5Trainer - INFO - [Step  2000/10000] Stage B | L=3.1919e+02 (IC=1.720e-01, BC=1.526e-01, PDE=1.038e+06, Qg=2.727e-01, Qz=9.518e-04, Sd=8.305e-02, SQg=9.150e-03, SwB=0.000e+00) | k_frac=2.9461 mD, dp=13.30 MPa | Sw=[0.260,0.456] | 295.7s
2026-02-21 19:38:04 - M5Trainer - INFO -   [k_frac诊断] grad=-5.0302e-01, k_frac=2.946094 mD
2026-02-21 19:38:20 - M5Trainer - INFO - [Step  2100/10000] Stage B | L=3.1053e+02 (IC=1.228e-01, BC=8.940e-02, PDE=8.895e+05, Qg=2.768e-01, Qz=1.279e-03, Sd=1.053e-01, SQg=9.803e-03, SwB=0.000e+00) | k_frac=2.8986 mD, dp=13.30 MPa | Sw=[0.260,0.396] | 311.8s
2026-02-21 19:38:35 - M5Trainer - INFO - [Step  2200/10000] Stage B | L=3.5475e+02 (IC=8.290e-02, BC=7.563e-02, PDE=9.418e+05, Qg=2.674e-01, Qz=1.230e-03, Sd=9.784e-02, SQg=9.607e-03, SwB=0.000e+00) | k_frac=2.8520 mD, dp=13.30 MPa | Sw=[0.260,0.457] | 327.6s
2026-02-21 19:38:51 - M5Trainer - INFO - [Step  2300/10000] Stage B | L=3.3721e+02 (IC=2.140e-01, BC=9.972e-02, PDE=9.873e+05, Qg=2.694e-01, Qz=1.234e-03, Sd=1.157e-01, SQg=9.807e-03, SwB=0.000e+00) | k_frac=2.7731 mD, dp=13.30 MPa | Sw=[0.260,0.439] | 343.3s
2026-02-21 19:39:09 - M5Trainer - INFO - [Step  2400/10000] Stage B | L=3.7029e+02 (IC=3.896e-02, BC=3.040e-02, PDE=9.167e+05, Qg=2.661e-01, Qz=1.111e-03, Sd=1.221e-01, SQg=1.037e-02, SwB=0.000e+00) | k_frac=2.7242 mD, dp=13.30 MPa | Sw=[0.260,0.458] | 360.9s
2026-02-21 19:39:26 - M5Trainer - INFO -   [Sw监控] SY9: Sw=[0.2600, 0.3229, 0.4581], krg_min=3.383233e-01
2026-02-21 19:39:26 - M5Trainer - INFO - [Step  2500/10000] Stage B | L=2.8975e+02 (IC=1.176e-01, BC=9.201e-02, PDE=7.945e+05, Qg=3.070e-01, Qz=1.128e-03, Sd=1.235e-01, SQg=1.147e-02, SwB=0.000e+00) | k_frac=2.6940 mD, dp=13.30 MPa | Sw=[0.260,0.458] | 378.4s
2026-02-21 19:39:26 - M5Trainer - INFO -   [k_frac诊断] grad=9.1486e-01, k_frac=2.694000 mD
2026-02-21 19:39:56 - M5Trainer - INFO - [Step  2600/10000] Stage B | L=3.0265e+02 (IC=5.412e-02, BC=3.833e-02, PDE=7.785e+05, Qg=2.564e-01, Qz=8.711e-04, Sd=8.956e-02, SQg=1.042e-02, SwB=0.000e+00) | k_frac=2.6588 mD, dp=13.30 MPa | Sw=[0.260,0.458] | 408.4s
2026-02-21 19:40:36 - M5Trainer - INFO - [Step  2700/10000] Stage B | L=3.1224e+02 (IC=4.311e-02, BC=2.856e-02, PDE=7.671e+05, Qg=2.621e-01, Qz=9.305e-04, Sd=1.064e-01, SQg=1.003e-02, SwB=0.000e+00) | k_frac=2.6295 mD, dp=13.30 MPa | Sw=[0.260,0.458] | 448.0s
2026-02-21 19:41:08 - M5Trainer - INFO - [Step  2800/10000] Stage B | L=2.7739e+02 (IC=1.030e-01, BC=1.261e-01, PDE=7.814e+05, Qg=2.669e-01, Qz=9.026e-04, Sd=1.058e-01, SQg=1.108e-02, SwB=0.000e+00) | k_frac=2.5927 mD, dp=13.30 MPa | Sw=[0.260,0.456] | 479.9s
2026-02-21 19:41:32 - M5Trainer - INFO - [Step  2900/10000] Stage B | L=3.2798e+02 (IC=9.865e-02, BC=9.810e-02, PDE=8.588e+05, Qg=2.817e-01, Qz=8.574e-04, Sd=1.053e-01, SQg=1.146e-02, SwB=0.000e+00) | k_frac=2.5658 mD, dp=13.30 MPa | Sw=[0.260,0.456] | 503.7s
2026-02-21 19:41:55 - M5Trainer - INFO -   [Sw监控] SY9: Sw=[0.2600, 0.3320, 0.4589], krg_min=3.371246e-01
2026-02-21 19:41:55 - M5Trainer - INFO - [Step  3000/10000] Stage B | L=2.8853e+02 (IC=6.715e-02, BC=8.026e-02, PDE=7.380e+05, Qg=2.750e-01, Qz=8.086e-04, Sd=9.975e-02, SQg=1.073e-02, SwB=0.000e+00) | k_frac=2.5418 mD, dp=13.30 MPa | Sw=[0.260,0.459] | 526.7s
2026-02-21 19:41:55 - M5Trainer - INFO -   [k_frac诊断] grad=-6.5491e-01, k_frac=2.541811 mD
2026-02-21 19:42:16 - M5Trainer - INFO - [Step  3100/10000] Stage B | L=2.8705e+02 (IC=8.550e-02, BC=6.795e-02, PDE=7.236e+05, Qg=2.576e-01, Qz=6.728e-04, Sd=8.055e-02, SQg=1.066e-02, SwB=0.000e+00) | k_frac=2.5161 mD, dp=13.30 MPa | Sw=[0.260,0.459] | 548.4s
2026-02-21 19:42:41 - M5Trainer - INFO - [Step  3200/10000] Stage B | L=2.7909e+02 (IC=1.377e-01, BC=1.286e-01, PDE=7.821e+05, Qg=2.516e-01, Qz=7.338e-04, Sd=9.053e-02, SQg=1.027e-02, SwB=0.000e+00) | k_frac=2.5014 mD, dp=13.30 MPa | Sw=[0.260,0.459] | 573.5s
2026-02-21 19:43:15 - M5Trainer - INFO - [Step  3300/10000] Stage B | L=3.0209e+02 (IC=3.421e-02, BC=2.489e-02, PDE=6.582e+05, Qg=2.705e-01, Qz=7.227e-04, Sd=8.386e-02, SQg=1.108e-02, SwB=0.000e+00) | k_frac=2.4757 mD, dp=13.30 MPa | Sw=[0.260,0.458] | 606.8s
2026-02-21 19:43:45 - M5Trainer - INFO - [Step  3400/10000] Stage B | L=2.9837e+02 (IC=2.952e-02, BC=2.412e-02, PDE=6.598e+05, Qg=2.520e-01, Qz=6.236e-04, Sd=7.541e-02, SQg=1.031e-02, SwB=0.000e+00) | k_frac=2.4620 mD, dp=13.30 MPa | Sw=[0.260,0.451] | 636.9s
2026-02-21 19:44:17 - M5Trainer - INFO -   [Sw监控] SY9: Sw=[0.2600, 0.3118, 0.4590], krg_min=3.369668e-01
2026-02-21 19:44:17 - M5Trainer - INFO - [Step  3500/10000] Stage B | L=1.8494e+02 (IC=2.931e-01, BC=2.256e-01, PDE=6.542e+05, Qg=2.523e-01, Qz=6.150e-04, Sd=6.968e-02, SQg=1.040e-02, SwB=0.000e+00) | k_frac=2.4565 mD, dp=13.30 MPa | Sw=[0.260,0.459] | 668.7s
2026-02-21 19:44:17 - M5Trainer - INFO -   [k_frac诊断] grad=-1.4519e-02, k_frac=2.456452 mD
2026-02-21 19:44:51 - M5Trainer - INFO - [Step  3600/10000] Stage B | L=2.7359e+02 (IC=5.774e-02, BC=4.571e-02, PDE=6.376e+05, Qg=2.515e-01, Qz=6.205e-04, Sd=6.965e-02, SQg=9.778e-03, SwB=0.000e+00) | k_frac=2.4467 mD, dp=13.30 MPa | Sw=[0.260,0.459] | 703.1s
2026-02-21 19:45:23 - M5Trainer - INFO - [Step  3700/10000] Stage B | L=3.2528e+02 (IC=2.076e-02, BC=1.892e-02, PDE=6.905e+05, Qg=2.583e-01, Qz=6.087e-04, Sd=7.595e-02, SQg=1.060e-02, SwB=0.000e+00) | k_frac=2.4396 mD, dp=13.30 MPa | Sw=[0.260,0.391] | 735.4s
2026-02-21 19:45:55 - M5Trainer - INFO - [Step  3800/10000] Stage B | L=3.0789e+02 (IC=6.222e-02, BC=5.949e-02, PDE=7.259e+05, Qg=2.502e-01, Qz=6.698e-04, Sd=8.433e-02, SQg=9.542e-03, SwB=0.000e+00) | k_frac=2.4290 mD, dp=13.30 MPa | Sw=[0.260,0.457] | 767.2s
2026-02-21 19:46:27 - M5Trainer - INFO - [Step  3900/10000] Stage B | L=3.2215e+02 (IC=3.279e-02, BC=2.900e-02, PDE=6.906e+05, Qg=2.517e-01, Qz=5.668e-04, Sd=6.892e-02, SQg=9.628e-03, SwB=0.000e+00) | k_frac=2.4292 mD, dp=13.30 MPa | Sw=[0.260,0.458] | 799.0s
2026-02-21 19:46:58 - M5Trainer - INFO -   [Sw监控] SY9: Sw=[0.2600, 0.3009, 0.4591], krg_min=3.369148e-01
2026-02-21 19:46:58 - M5Trainer - INFO - [Step  4000/10000] Stage B | L=2.9472e+02 (IC=2.828e-02, BC=3.040e-02, PDE=6.233e+05, Qg=2.511e-01, Qz=5.948e-04, Sd=6.149e-02, SQg=9.506e-03, SwB=0.000e+00) | k_frac=2.4209 mD, dp=13.30 MPa | Sw=[0.260,0.451] | 830.6s
2026-02-21 19:46:58 - M5Trainer - INFO -   [k_frac诊断] grad=-1.0701e-01, k_frac=2.420928 mD
2026-02-21 19:47:30 - M5Trainer - INFO - [Step  4100/10000] Stage B | L=2.7345e+02 (IC=5.027e-02, BC=2.790e-02, PDE=5.929e+05, Qg=2.505e-01, Qz=4.943e-04, Sd=5.832e-02, SQg=1.034e-02, SwB=0.000e+00) | k_frac=2.4234 mD, dp=13.30 MPa | Sw=[0.260,0.459] | 861.8s
2026-02-21 19:48:16 - M5Trainer - INFO - [Step  4200/10000] Stage B | L=2.4396e+02 (IC=9.509e-02, BC=7.403e-02, PDE=6.112e+05, Qg=2.418e-01, Qz=6.460e-04, Sd=5.751e-02, SQg=9.641e-03, SwB=0.000e+00) | k_frac=2.4230 mD, dp=13.30 MPa | Sw=[0.260,0.455] | 908.2s
2026-02-21 19:48:50 - M5Trainer - INFO - [Step  4300/10000] Stage B | L=2.7882e+02 (IC=2.029e-02, BC=1.676e-02, PDE=5.735e+05, Qg=2.397e-01, Qz=5.259e-04, Sd=6.065e-02, SQg=9.584e-03, SwB=0.000e+00) | k_frac=2.4209 mD, dp=13.30 MPa | Sw=[0.260,0.460] | 942.1s
2026-02-21 19:49:17 - M5Trainer - INFO - [Step  4400/10000] Stage B | L=2.8984e+02 (IC=2.437e-02, BC=2.800e-02, PDE=6.072e+05, Qg=2.372e-01, Qz=5.071e-04, Sd=5.760e-02, SQg=9.927e-03, SwB=0.000e+00) | k_frac=2.4190 mD, dp=13.30 MPa | Sw=[0.260,0.458] | 968.7s
2026-02-21 19:49:42 - M5Trainer - INFO -   [Sw监控] SY9: Sw=[0.2600, 0.3136, 0.4596], krg_min=3.362225e-01
2026-02-21 19:49:42 - M5Trainer - INFO - [Step  4500/10000] Stage B | L=2.8621e+02 (IC=1.677e-02, BC=1.518e-02, PDE=5.698e+05, Qg=2.448e-01, Qz=4.739e-04, Sd=5.592e-02, SQg=1.055e-02, SwB=0.000e+00) | k_frac=2.4221 mD, dp=13.30 MPa | Sw=[0.260,0.457] | 994.5s
2026-02-21 19:49:42 - M5Trainer - INFO -   [k_frac诊断] grad=5.6867e-01, k_frac=2.422134 mD
2026-02-21 19:50:07 - M5Trainer - INFO - [Step  4600/10000] Stage B | L=2.8964e+02 (IC=3.244e-02, BC=2.615e-02, PDE=6.073e+05, Qg=2.324e-01, Qz=4.297e-04, Sd=5.168e-02, SQg=9.951e-03, SwB=0.000e+00) | k_frac=2.4185 mD, dp=13.30 MPa | Sw=[0.260,0.458] | 1019.3s
2026-02-21 19:50:32 - M5Trainer - INFO - [Step  4700/10000] Stage B | L=2.6346e+02 (IC=3.990e-02, BC=3.513e-02, PDE=5.436e+05, Qg=2.333e-01, Qz=6.125e-04, Sd=6.114e-02, SQg=9.694e-03, SwB=0.000e+00) | k_frac=2.4197 mD, dp=13.30 MPa | Sw=[0.260,0.460] | 1044.1s
2026-02-21 19:50:58 - M5Trainer - INFO - [Step  4800/10000] Stage C | L=3.3032e+02 (IC=5.828e-02, BC=4.341e-02, PDE=5.451e+05, Qg=2.350e-01, Qz=4.428e-04, Sd=5.145e-02, SQg=9.619e-03, SwB=0.000e+00) | k_frac=2.4197 mD, dp=13.30 MPa | Sw=[0.260,0.459] | 1069.9s
2026-02-21 19:51:23 - M5Trainer - INFO - [Step  4900/10000] Stage C | L=3.5316e+02 (IC=4.813e-02, BC=3.545e-02, PDE=5.305e+05, Qg=2.435e-01, Qz=5.459e-04, Sd=7.043e-02, SQg=9.983e-03, SwB=0.000e+00) | k_frac=2.4352 mD, dp=13.30 MPa | Sw=[0.260,0.459] | 1094.7s
2026-02-21 19:51:45 - M5Trainer - INFO -   [Sw监控] SY9: Sw=[0.2600, 0.3142, 0.4597], krg_min=3.359763e-01
2026-02-21 19:51:45 - M5Trainer - INFO - [Step  5000/10000] Stage C | L=3.3713e+02 (IC=5.776e-02, BC=4.319e-02, PDE=5.249e+05, Qg=2.308e-01, Qz=3.929e-04, Sd=4.282e-02, SQg=1.009e-02, SwB=0.000e+00) | k_frac=2.4522 mD, dp=13.30 MPa | Sw=[0.260,0.456] | 1116.8s
2026-02-21 19:51:45 - M5Trainer - INFO -   [k_frac诊断] grad=-1.7626e+00, k_frac=2.452155 mD
2026-02-21 19:52:07 - M5Trainer - INFO - [Step  5100/10000] Stage C | L=3.7592e+02 (IC=3.000e-02, BC=1.906e-02, PDE=5.271e+05, Qg=2.310e-01, Qz=4.413e-04, Sd=4.984e-02, SQg=1.029e-02, SwB=0.000e+00) | k_frac=2.4630 mD, dp=13.30 MPa | Sw=[0.260,0.460] | 1139.6s
2026-02-21 19:52:34 - M5Trainer - INFO - [Step  5200/10000] Stage C | L=3.6222e+02 (IC=5.314e-02, BC=2.701e-02, PDE=5.581e+05, Qg=2.275e-01, Qz=4.826e-04, Sd=5.074e-02, SQg=9.564e-03, SwB=0.000e+00) | k_frac=2.4716 mD, dp=13.30 MPa | Sw=[0.260,0.460] | 1165.9s
2026-02-21 19:53:00 - M5Trainer - INFO - [Step  5300/10000] Stage C | L=3.7755e+02 (IC=3.184e-02, BC=3.679e-02, PDE=5.835e+05, Qg=2.287e-01, Qz=6.562e-04, Sd=6.404e-02, SQg=9.455e-03, SwB=0.000e+00) | k_frac=2.4755 mD, dp=13.30 MPa | Sw=[0.260,0.460] | 1191.9s
2026-02-21 19:53:31 - M5Trainer - INFO - [Step  5400/10000] Stage C | L=3.8166e+02 (IC=4.017e-02, BC=3.933e-02, PDE=5.327e+05, Qg=2.339e-01, Qz=2.837e-04, Sd=2.651e-02, SQg=9.615e-03, SwB=0.000e+00) | k_frac=2.4815 mD, dp=13.30 MPa | Sw=[0.260,0.460] | 1223.0s
2026-02-21 19:54:01 - M5Trainer - INFO -   [Sw监控] SY9: Sw=[0.2600, 0.3059, 0.4599], krg_min=3.357638e-01
2026-02-21 19:54:01 - M5Trainer - INFO - [Step  5500/10000] Stage C | L=3.3196e+02 (IC=5.262e-02, BC=4.421e-02, PDE=4.744e+05, Qg=2.269e-01, Qz=4.437e-04, Sd=4.110e-02, SQg=1.022e-02, SwB=0.000e+00) | k_frac=2.4915 mD, dp=13.30 MPa | Sw=[0.260,0.340] | 1253.5s
2026-02-21 19:54:01 - M5Trainer - INFO -   [k_frac诊断] grad=-5.8303e-01, k_frac=2.491520 mD
2026-02-21 19:54:31 - M5Trainer - INFO - [Step  5600/10000] Stage C | L=4.3178e+02 (IC=2.339e-02, BC=2.149e-02, PDE=5.459e+05, Qg=2.430e-01, Qz=4.256e-04, Sd=4.799e-02, SQg=1.054e-02, SwB=0.000e+00) | k_frac=2.4969 mD, dp=13.30 MPa | Sw=[0.260,0.460] | 1283.2s
2026-02-21 19:55:19 - M5Trainer - INFO - [Step  5700/10000] Stage C | L=3.5692e+02 (IC=3.378e-02, BC=3.432e-02, PDE=4.783e+05, Qg=2.240e-01, Qz=3.968e-04, Sd=4.290e-02, SQg=1.003e-02, SwB=0.000e+00) | k_frac=2.5007 mD, dp=13.30 MPa | Sw=[0.260,0.460] | 1331.3s
2026-02-21 19:56:14 - M5Trainer - INFO - [Step  5800/10000] Stage C | L=3.8244e+02 (IC=3.197e-02, BC=2.319e-02, PDE=5.050e+05, Qg=2.243e-01, Qz=3.978e-04, Sd=3.840e-02, SQg=1.017e-02, SwB=0.000e+00) | k_frac=2.4995 mD, dp=13.30 MPa | Sw=[0.260,0.459] | 1385.8s
2026-02-21 19:57:19 - M5Trainer - INFO - [Step  5900/10000] Stage C | L=3.6764e+02 (IC=3.653e-02, BC=3.728e-02, PDE=5.028e+05, Qg=2.249e-01, Qz=4.102e-04, Sd=4.544e-02, SQg=9.823e-03, SwB=0.000e+00) | k_frac=2.4962 mD, dp=13.30 MPa | Sw=[0.260,0.459] | 1450.9s
2026-02-21 19:58:18 - M5Trainer - INFO -   [Sw监控] SY9: Sw=[0.2600, 0.3179, 0.4599], krg_min=3.357554e-01
2026-02-21 19:58:18 - M5Trainer - INFO - [Step  6000/10000] Stage C | L=4.0803e+02 (IC=1.639e-02, BC=1.422e-02, PDE=4.703e+05, Qg=2.253e-01, Qz=3.665e-04, Sd=4.048e-02, SQg=1.012e-02, SwB=0.000e+00) | k_frac=2.4966 mD, dp=13.30 MPa | Sw=[0.260,0.460] | 1509.7s
2026-02-21 19:58:18 - M5Trainer - INFO -   [k_frac诊断] grad=-5.0368e-01, k_frac=2.496574 mD
2026-02-21 19:59:23 - M5Trainer - INFO - [Step  6100/10000] Stage C | L=3.7551e+02 (IC=3.194e-02, BC=2.810e-02, PDE=4.640e+05, Qg=2.255e-01, Qz=5.047e-04, Sd=4.585e-02, SQg=1.005e-02, SwB=0.000e+00) | k_frac=2.4940 mD, dp=13.30 MPa | Sw=[0.260,0.460] | 1574.8s
2026-02-21 20:00:31 - M5Trainer - INFO - [Step  6200/10000] Stage C | L=4.2763e+02 (IC=1.389e-02, BC=1.020e-02, PDE=4.942e+05, Qg=2.240e-01, Qz=4.062e-04, Sd=4.422e-02, SQg=9.836e-03, SwB=0.000e+00) | k_frac=2.4875 mD, dp=13.30 MPa | Sw=[0.260,0.430] | 1642.8s
2026-02-21 20:01:51 - M5Trainer - INFO - [Step  6300/10000] Stage C | L=3.4580e+02 (IC=5.631e-02, BC=5.772e-02, PDE=4.896e+05, Qg=2.252e-01, Qz=3.562e-04, Sd=3.889e-02, SQg=1.040e-02, SwB=0.000e+00) | k_frac=2.4852 mD, dp=13.30 MPa | Sw=[0.260,0.460] | 1723.3s
2026-02-21 20:02:45 - M5Trainer - INFO - [Step  6400/10000] Stage C | L=4.2875e+02 (IC=1.423e-02, BC=1.598e-02, PDE=4.838e+05, Qg=2.291e-01, Qz=8.290e-04, Sd=4.297e-02, SQg=1.062e-02, SwB=0.000e+00) | k_frac=2.4870 mD, dp=13.30 MPa | Sw=[0.260,0.456] | 1777.1s
2026-02-21 20:03:38 - M5Trainer - INFO -   [Sw监控] SY9: Sw=[0.2600, 0.3052, 0.4599], krg_min=3.357419e-01
2026-02-21 20:03:38 - M5Trainer - INFO - [Step  6500/10000] Stage C | L=4.1333e+02 (IC=2.383e-02, BC=1.952e-02, PDE=4.626e+05, Qg=2.278e-01, Qz=3.801e-04, Sd=3.984e-02, SQg=1.062e-02, SwB=0.000e+00) | k_frac=2.4859 mD, dp=13.30 MPa | Sw=[0.260,0.460] | 1830.4s
2026-02-21 20:03:38 - M5Trainer - INFO -   [k_frac诊断] grad=1.5660e+00, k_frac=2.485938 mD
2026-02-21 20:04:33 - M5Trainer - INFO - [Step  6600/10000] Stage C | L=4.1228e+02 (IC=2.706e-02, BC=1.934e-02, PDE=4.742e+05, Qg=2.267e-01, Qz=1.193e-03, Sd=4.259e-02, SQg=1.034e-02, SwB=0.000e+00) | k_frac=2.4846 mD, dp=13.30 MPa | Sw=[0.260,0.457] | 1885.6s
2026-02-21 20:05:27 - M5Trainer - INFO - [Step  6700/10000] Stage C | L=4.1998e+02 (IC=1.741e-02, BC=1.351e-02, PDE=4.557e+05, Qg=2.230e-01, Qz=3.715e-04, Sd=4.109e-02, SQg=1.012e-02, SwB=0.000e+00) | k_frac=2.4813 mD, dp=13.30 MPa | Sw=[0.260,0.396] | 1939.3s
2026-02-21 20:06:22 - M5Trainer - INFO - [Step  6800/10000] Stage C | L=4.5581e+02 (IC=9.579e-03, BC=8.139e-03, PDE=4.780e+05, Qg=2.250e-01, Qz=4.019e-04, Sd=4.132e-02, SQg=1.038e-02, SwB=0.000e+00) | k_frac=2.4807 mD, dp=13.30 MPa | Sw=[0.260,0.448] | 1993.7s
2026-02-21 20:07:15 - M5Trainer - INFO - [Step  6900/10000] Stage C | L=4.5313e+02 (IC=7.987e-03, BC=1.016e-02, PDE=4.331e+05, Qg=2.275e-01, Qz=3.282e-04, Sd=3.396e-02, SQg=1.076e-02, SwB=0.000e+00) | k_frac=2.4791 mD, dp=13.30 MPa | Sw=[0.260,0.460] | 2047.1s
2026-02-21 20:08:09 - M5Trainer - INFO -   [Sw监控] SY9: Sw=[0.2600, 0.3106, 0.4599], krg_min=3.356932e-01
2026-02-21 20:08:09 - M5Trainer - INFO -   [best更新] val_score=14.5024 (step 7000)
2026-02-21 20:08:09 - M5Trainer - INFO - [Step  7000/10000] Stage C | L=4.2764e+02 (IC=8.379e-03, BC=1.102e-02, PDE=3.859e+05, Qg=2.223e-01, Qz=3.080e-04, Sd=3.144e-02, SQg=1.029e-02, SwB=0.000e+00) | k_frac=2.4754 mD, dp=13.30 MPa | Sw=[0.260,0.428] | 2101.0s
2026-02-21 20:08:09 - M5Trainer - INFO -   [k_frac诊断] grad=-3.9769e-01, k_frac=2.475376 mD
2026-02-21 20:09:08 - M5Trainer - INFO - [Step  7100/10000] Stage C | L=4.1605e+02 (IC=1.779e-02, BC=1.391e-02, PDE=3.988e+05, Qg=2.229e-01, Qz=3.614e-04, Sd=3.471e-02, SQg=1.083e-02, SwB=0.000e+00) | k_frac=2.4747 mD, dp=13.30 MPa | Sw=[0.260,0.460] | 2160.2s
2026-02-21 20:10:08 - M5Trainer - INFO - [Step  7200/10000] Stage C | L=4.5069e+02 (IC=9.870e-03, BC=9.719e-03, PDE=4.192e+05, Qg=2.226e-01, Qz=2.954e-04, Sd=3.029e-02, SQg=1.016e-02, SwB=0.000e+00) | k_frac=2.4736 mD, dp=13.30 MPa | Sw=[0.260,0.460] | 2220.4s
2026-02-21 20:11:02 - M5Trainer - INFO - [Step  7300/10000] Stage C | L=4.3844e+02 (IC=1.178e-02, BC=9.415e-03, PDE=4.200e+05, Qg=2.210e-01, Qz=3.406e-04, Sd=3.445e-02, SQg=1.029e-02, SwB=0.000e+00) | k_frac=2.4745 mD, dp=13.30 MPa | Sw=[0.260,0.460] | 2274.5s
2026-02-21 20:12:16 - M5Trainer - INFO - [Step  7400/10000] Stage C | L=4.1299e+02 (IC=2.860e-02, BC=2.919e-02, PDE=4.630e+05, Qg=2.263e-01, Qz=3.337e-04, Sd=3.490e-02, SQg=1.061e-02, SwB=0.000e+00) | k_frac=2.4745 mD, dp=13.30 MPa | Sw=[0.260,0.458] | 2348.0s
2026-02-21 20:13:31 - M5Trainer - INFO -   [Sw监控] SY9: Sw=[0.2600, 0.3094, 0.4599], krg_min=3.356907e-01
2026-02-21 20:13:31 - M5Trainer - INFO - [Step  7500/10000] Stage C | L=4.0871e+02 (IC=2.417e-02, BC=1.892e-02, PDE=3.986e+05, Qg=2.214e-01, Qz=2.958e-04, Sd=2.890e-02, SQg=1.039e-02, SwB=0.000e+00) | k_frac=2.4738 mD, dp=13.30 MPa | Sw=[0.260,0.459] | 2423.0s
2026-02-21 20:13:31 - M5Trainer - INFO -   [k_frac诊断] grad=-1.2711e+00, k_frac=2.473812 mD
2026-02-21 20:15:00 - M5Trainer - INFO - [Step  7600/10000] Stage C | L=4.0017e+02 (IC=2.225e-02, BC=1.822e-02, PDE=3.796e+05, Qg=2.234e-01, Qz=3.290e-04, Sd=3.684e-02, SQg=1.043e-02, SwB=0.000e+00) | k_frac=2.4748 mD, dp=13.30 MPa | Sw=[0.260,0.460] | 2512.6s
2026-02-21 20:16:31 - M5Trainer - INFO - [Step  7700/10000] Stage C | L=4.3729e+02 (IC=1.297e-02, BC=1.283e-02, PDE=3.927e+05, Qg=2.214e-01, Qz=3.349e-04, Sd=3.195e-02, SQg=1.016e-02, SwB=0.000e+00) | k_frac=2.4738 mD, dp=13.30 MPa | Sw=[0.260,0.432] | 2603.4s
2026-02-21 20:17:31 - M5Trainer - INFO - [Step  7800/10000] Stage D | L=7.9329e+02 (IC=7.924e-03, BC=1.014e-02, PDE=3.803e+05, Qg=2.219e-01, Qz=3.019e-04, Sd=3.154e-02, SQg=1.020e-02, SwB=0.000e+00) | k_frac=2.4732 mD, dp=13.30 MPa | Sw=[0.260,0.460] | 2662.7s
2026-02-21 20:18:44 - M5Trainer - INFO - [Step  7900/10000] Stage D | L=7.3790e+02 (IC=1.340e-02, BC=1.408e-02, PDE=3.989e+05, Qg=2.192e-01, Qz=3.163e-04, Sd=3.341e-02, SQg=1.038e-02, SwB=0.000e+00) | k_frac=2.4742 mD, dp=13.30 MPa | Sw=[0.260,0.460] | 2736.0s
2026-02-21 20:20:01 - M5Trainer - INFO -   [Sw监控] SY9: Sw=[0.2600, 0.3105, 0.4599], krg_min=3.357010e-01
2026-02-21 20:20:01 - M5Trainer - INFO - [Step  8000/10000] Stage D | L=7.1131e+02 (IC=1.320e-02, BC=1.213e-02, PDE=3.410e+05, Qg=2.182e-01, Qz=3.050e-04, Sd=3.273e-02, SQg=1.039e-02, SwB=0.000e+00) | k_frac=2.4749 mD, dp=13.30 MPa | Sw=[0.260,0.458] | 2812.7s
2026-02-21 20:20:01 - M5Trainer - INFO -   [k_frac诊断] grad=-1.1270e+00, k_frac=2.474909 mD
2026-02-21 20:21:05 - M5Trainer - INFO - [Step  8100/10000] Stage D | L=7.1381e+02 (IC=1.365e-02, BC=1.342e-02, PDE=3.444e+05, Qg=2.218e-01, Qz=3.245e-04, Sd=3.503e-02, SQg=1.051e-02, SwB=0.000e+00) | k_frac=2.4759 mD, dp=13.30 MPa | Sw=[0.260,0.452] | 2876.7s
2026-02-21 20:21:59 - M5Trainer - INFO - [Step  8200/10000] Stage D | L=6.2661e+02 (IC=2.549e-02, BC=2.526e-02, PDE=3.529e+05, Qg=2.212e-01, Qz=3.204e-04, Sd=3.550e-02, SQg=1.050e-02, SwB=0.000e+00) | k_frac=2.4765 mD, dp=13.30 MPa | Sw=[0.260,0.460] | 2931.4s
2026-02-21 20:23:00 - M5Trainer - INFO - [Step  8300/10000] Stage D | L=6.7233e+02 (IC=1.700e-02, BC=1.865e-02, PDE=3.463e+05, Qg=2.176e-01, Qz=2.970e-04, Sd=3.151e-02, SQg=1.033e-02, SwB=0.000e+00) | k_frac=2.4767 mD, dp=13.30 MPa | Sw=[0.260,0.460] | 2991.7s
2026-02-21 20:24:11 - M5Trainer - INFO - [Step  8400/10000] Stage D | L=6.5233e+02 (IC=1.688e-02, BC=2.212e-02, PDE=3.328e+05, Qg=2.174e-01, Qz=2.995e-04, Sd=3.140e-02, SQg=1.039e-02, SwB=0.000e+00) | k_frac=2.4774 mD, dp=13.30 MPa | Sw=[0.260,0.458] | 3063.5s
2026-02-21 20:24:47 - M5Trainer - INFO -   [Sw监控] SY9: Sw=[0.2600, 0.3092, 0.4599], krg_min=3.356993e-01
2026-02-21 20:24:47 - M5Trainer - INFO - [Step  8500/10000] Stage D | L=6.5393e+02 (IC=1.927e-02, BC=2.135e-02, PDE=3.476e+05, Qg=2.186e-01, Qz=3.078e-04, Sd=3.243e-02, SQg=1.046e-02, SwB=0.000e+00) | k_frac=2.4780 mD, dp=13.30 MPa | Sw=[0.260,0.460] | 3098.8s
2026-02-21 20:24:47 - M5Trainer - INFO -   [k_frac诊断] grad=1.5635e+00, k_frac=2.477966 mD
2026-02-21 20:25:14 - M5Trainer - INFO - [Step  8600/10000] Stage D | L=6.8700e+02 (IC=1.205e-02, BC=1.289e-02, PDE=3.231e+05, Qg=2.172e-01, Qz=3.076e-04, Sd=3.249e-02, SQg=1.038e-02, SwB=0.000e+00) | k_frac=2.4782 mD, dp=13.30 MPa | Sw=[0.260,0.460] | 3126.0s
2026-02-21 20:25:37 - M5Trainer - INFO - [Step  8700/10000] Stage D | L=6.4774e+02 (IC=1.996e-02, BC=1.729e-02, PDE=3.313e+05, Qg=2.174e-01, Qz=3.060e-04, Sd=3.231e-02, SQg=1.040e-02, SwB=0.000e+00) | k_frac=2.4785 mD, dp=13.30 MPa | Sw=[0.260,0.444] | 3149.3s
2026-02-21 20:26:01 - M5Trainer - INFO - [Step  8800/10000] Stage D | L=6.5670e+02 (IC=1.433e-02, BC=1.773e-02, PDE=3.115e+05, Qg=2.184e-01, Qz=3.044e-04, Sd=3.178e-02, SQg=1.045e-02, SwB=0.000e+00) | k_frac=2.4789 mD, dp=13.30 MPa | Sw=[0.260,0.460] | 3172.7s
2026-02-21 20:26:26 - M5Trainer - INFO - [Step  8900/10000] Stage D | L=6.7581e+02 (IC=1.370e-02, BC=1.337e-02, PDE=3.352e+05, Qg=2.170e-01, Qz=3.075e-04, Sd=3.150e-02, SQg=1.040e-02, SwB=0.000e+00) | k_frac=2.4790 mD, dp=13.30 MPa | Sw=[0.260,0.360] | 3198.6s
2026-02-21 20:26:51 - M5Trainer - INFO -   [Sw监控] SY9: Sw=[0.2600, 0.3081, 0.4599], krg_min=3.356962e-01
2026-02-21 20:26:51 - M5Trainer - INFO - [Step  9000/10000] Stage D | L=6.5512e+02 (IC=1.396e-02, BC=1.463e-02, PDE=3.036e+05, Qg=2.169e-01, Qz=3.055e-04, Sd=3.141e-02, SQg=1.042e-02, SwB=0.000e+00) | k_frac=2.4792 mD, dp=13.30 MPa | Sw=[0.260,0.460] | 3222.9s
2026-02-21 20:26:51 - M5Trainer - INFO -   [k_frac诊断] grad=7.4412e-01, k_frac=2.479161 mD
2026-02-21 20:27:14 - M5Trainer - INFO - [Step  9100/10000] Stage D | L=6.4128e+02 (IC=1.907e-02, BC=1.246e-02, PDE=3.060e+05, Qg=2.172e-01, Qz=3.134e-04, Sd=3.165e-02, SQg=1.043e-02, SwB=0.000e+00) | k_frac=2.4794 mD, dp=13.30 MPa | Sw=[0.260,0.460] | 3246.4s
2026-02-21 20:27:38 - M5Trainer - INFO - [Step  9200/10000] Stage D | L=6.5254e+02 (IC=1.406e-02, BC=1.412e-02, PDE=3.111e+05, Qg=2.168e-01, Qz=3.051e-04, Sd=3.124e-02, SQg=1.041e-02, SwB=0.000e+00) | k_frac=2.4794 mD, dp=13.30 MPa | Sw=[0.260,0.460] | 3270.0s
2026-02-21 20:28:01 - M5Trainer - INFO - [Step  9300/10000] Stage D | L=6.3430e+02 (IC=1.705e-02, BC=1.544e-02, PDE=3.076e+05, Qg=2.167e-01, Qz=3.042e-04, Sd=3.130e-02, SQg=1.043e-02, SwB=0.000e+00) | k_frac=2.4795 mD, dp=13.30 MPa | Sw=[0.260,0.460] | 3293.6s
2026-02-21 20:28:25 - M5Trainer - INFO - [Step  9400/10000] Stage D | L=6.3594e+02 (IC=1.648e-02, BC=1.398e-02, PDE=2.991e+05, Qg=2.169e-01, Qz=3.037e-04, Sd=3.126e-02, SQg=1.043e-02, SwB=0.000e+00) | k_frac=2.4795 mD, dp=13.30 MPa | Sw=[0.260,0.460] | 3317.3s
2026-02-21 20:28:49 - M5Trainer - INFO -   [Sw监控] SY9: Sw=[0.2600, 0.3087, 0.4599], krg_min=3.357022e-01
2026-02-21 20:28:49 - M5Trainer - INFO - [Step  9500/10000] Stage D | L=6.3056e+02 (IC=1.373e-02, BC=1.491e-02, PDE=2.798e+05, Qg=2.168e-01, Qz=3.043e-04, Sd=3.142e-02, SQg=1.043e-02, SwB=0.000e+00) | k_frac=2.4795 mD, dp=13.30 MPa | Sw=[0.260,0.460] | 3341.1s
2026-02-21 20:28:49 - M5Trainer - INFO -   [k_frac诊断] grad=-2.9132e-01, k_frac=2.479529 mD
2026-02-21 20:29:13 - M5Trainer - INFO - [Step  9600/10000] Stage D | L=6.0822e+02 (IC=1.811e-02, BC=1.674e-02, PDE=2.890e+05, Qg=2.167e-01, Qz=3.033e-04, Sd=3.142e-02, SQg=1.043e-02, SwB=0.000e+00) | k_frac=2.4795 mD, dp=13.30 MPa | Sw=[0.260,0.459] | 3365.1s
2026-02-21 20:29:37 - M5Trainer - INFO - [Step  9700/10000] Stage D | L=6.2465e+02 (IC=1.514e-02, BC=1.706e-02, PDE=3.098e+05, Qg=2.163e-01, Qz=3.026e-04, Sd=3.139e-02, SQg=1.043e-02, SwB=0.000e+00) | k_frac=2.4795 mD, dp=13.30 MPa | Sw=[0.260,0.460] | 3389.0s
2026-02-21 20:30:01 - M5Trainer - INFO - [Step  9800/10000] Stage D | L=6.1188e+02 (IC=1.997e-02, BC=1.269e-02, PDE=2.810e+05, Qg=2.166e-01, Qz=3.025e-04, Sd=3.139e-02, SQg=1.043e-02, SwB=0.000e+00) | k_frac=2.4795 mD, dp=13.30 MPa | Sw=[0.260,0.422] | 3412.9s
2026-02-21 20:30:25 - M5Trainer - INFO - [Step  9900/10000] Stage D | L=6.1053e+02 (IC=1.541e-02, BC=1.527e-02, PDE=2.736e+05, Qg=2.167e-01, Qz=3.028e-04, Sd=3.139e-02, SQg=1.043e-02, SwB=0.000e+00) | k_frac=2.4795 mD, dp=13.30 MPa | Sw=[0.260,0.460] | 3436.7s
2026-02-21 20:30:48 - M5Trainer - INFO - [Step  9999/10000] Stage D | L=6.1433e+02 (IC=1.761e-02, BC=1.384e-02, PDE=2.925e+05, Qg=2.166e-01, Qz=3.028e-04, Sd=3.140e-02, SQg=1.043e-02, SwB=0.000e+00) | k_frac=2.4795 mD, dp=13.30 MPa | Sw=[0.260,0.460] | 3460.5s
2026-02-21 20:30:48 - M5Trainer - INFO - 
M5 训练完成! 耗时: 3460.5s, 最佳验证分数(val_score): 14.4110
2026-02-21 20:30:48 - M5Trainer - INFO - 配置快照已保存: C:\Users\16281\Desktop\cpedc_project\outputs\mk_pinn_dt_v2\resolved_config_m5.json
2026-02-21 20:30:48 - M5Trainer - INFO - 反演参数审计: C:\Users\16281\Desktop\cpedc_project\outputs\mk_pinn_dt_v2\reports\M5_inversion_params.json
2026-02-21 20:30:48 - M5Trainer - INFO -   history 已恢复 (7201 步)
2026-02-21 20:30:48 - M5Trainer - INFO -   best_step=7200
2026-02-21 20:30:48 - M5Trainer - INFO - 已加载 M5 检查点: C:\Users\16281\Desktop\cpedc_project\outputs\mk_pinn_dt_v2\ckpt\m5_pinn_best.pt
2026-02-21 20:30:49 - M5Trainer - INFO -   history 已恢复 (10000 步)
2026-02-21 20:30:49 - M5Trainer - INFO - 已加载 M5 检查点: C:\Users\16281\Desktop\cpedc_project\outputs\mk_pinn_dt_v2\ckpt\m5_pinn_final.pt
2026-02-21 20:30:49 - M5Trainer - INFO -   history 已恢复 (10000 步)
2026-02-21 20:30:49 - M5Trainer - INFO - 已加载 M5 检查点: C:\Users\16281\Desktop\cpedc_project\outputs\mk_pinn_dt_v2\ckpt\m5_pinn_final.pt
2026-02-21 20:30:49 - M5Trainer - INFO - generate_report: 自动择优采用 final checkpoint, qg_score=8.7707
2026-02-21 20:30:49 - M5Trainer - INFO - 反演参数审计: C:\Users\16281\Desktop\cpedc_project\outputs\mk_pinn_dt_v2\reports\M5_inversion_params.json
2026-02-21 20:30:49 - M5Trainer - INFO - qg 对比图已保存: C:\Users\16281\Desktop\cpedc_project\outputs\mk_pinn_dt_v2\figs\M5_qg_comparison_SY9.png
2026-02-21 20:30:50 - M5Trainer - INFO - p_wf 反演图已保存: C:\Users\16281\Desktop\cpedc_project\outputs\mk_pinn_dt_v2\figs\M5_pwf_inversion_SY9.png
2026-02-21 20:30:52 - M5Trainer - INFO - 训练曲线图已保存: C:\Users\16281\Desktop\cpedc_project\outputs\mk_pinn_dt_v2\figs\M5_training_history.png
2026-02-21 20:30:52 - M5Trainer - INFO - 残差热力图已保存: C:\Users\16281\Desktop\cpedc_project\outputs\mk_pinn_dt_v2\figs\M5_pde_residual_map.png
2026-02-21 20:30:55 - M5Trainer - INFO - M6 连通性分析完成
2026-02-21 20:30:58 - M5Trainer - INFO - M7 水侵预警分析完成
2026-02-21 20:30:58 - M5Trainer - INFO -   history 已恢复 (7201 步)
2026-02-21 20:30:58 - M5Trainer - INFO -   best_step=7200
2026-02-21 20:30:58 - M5Trainer - INFO - 已加载 M5 检查点: C:\Users\16281\Desktop\cpedc_project\outputs\mk_pinn_dt_v2\ckpt\m5_pinn_best.pt
2026-02-21 20:30:58 - M5Trainer - INFO -   history 已恢复 (10000 步)
2026-02-21 20:30:58 - M5Trainer - INFO - 已加载 M5 检查点: C:\Users\16281\Desktop\cpedc_project\outputs\mk_pinn_dt_v2\ckpt\m5_pinn_final.pt
2026-02-21 20:30:58 - M5Trainer - INFO - M5 验收报告已保存: C:\Users\16281\Desktop\cpedc_project\outputs\mk_pinn_dt_v2\reports\M5_validation_report.md
