2026-02-19 23:04:55 - M5Trainer - INFO -   torch.compile 已跳过 (Triton 不支持 Windows, 使用 eager 模式)
2026-02-19 23:04:55 - M5Trainer - INFO - k_frac 独立参数组: lr=3.00e-03 (factor=3.0)
2026-02-19 23:04:56 - M5Trainer - INFO - k_net 学习率: 1.00e-04 (factor=0.1, warmup=2000 steps)
2026-02-19 23:04:56 - M5Trainer - INFO -   井 SY9: 1332 条同化数据 (train=799, val=266, test=267)
    开井点数 (q>1): train=745, val=88, test=121
    有效压力点: val_p=109, test_p=121
2026-02-19 23:04:56 - M5Trainer - INFO -   train time window(norm): [0.0000, 0.5995]
2026-02-19 23:04:56 - M5Trainer - INFO -   M3 PVT cg(76.0, 140.32) = 0.009744
2026-02-19 23:04:56 - M5Trainer - INFO -   M3 PVT Bg(76.0, 140.32) = 0.002577
2026-02-19 23:04:56 - M5Trainer - INFO -   PDE 缩放: αx=0.029719, αy=0.074361
2026-02-19 23:04:56 - M5Trainer - INFO - M5Trainer 初始化完成: device=cuda, lr=0.001, max_steps=8000, relobralo=True, rar=True
2026-02-19 23:04:56 - M5Trainer - INFO - ============================================================
2026-02-19 23:04:56 - M5Trainer - INFO - M5 PINN 井—藏耦合同化训练开始
2026-02-19 23:04:56 - M5Trainer - INFO - ============================================================
2026-02-19 23:04:56 - M5Trainer - INFO - 训练阶段: A[0-800] B[800-2800] C[2800-5600] D[5600-8000]
2026-02-19 23:04:56 - M5Trainer - INFO -   qg_nearzero 权重: A=3.0, B=6.0->9.0, C=12.0, D=3.0, enable=True
2026-02-19 23:04:56 - M5Trainer - INFO - --- M5 单位/量纲诊断 (train 第 1 步前) ---
2026-02-19 23:04:56 - M5Trainer - INFO -   qg_obs 范围: 0.00e+00 ~ 8.39e+05 m³/d, 均值: 2.97e+05 m³/d
2026-02-19 23:04:56 - M5Trainer - INFO -   qg_pred 范围: 3.67e+05 ~ 4.08e+05
2026-02-19 23:04:56 - M5Trainer - INFO -   p_wf 范围: 7.43e+01 ~ 7.43e+01 MPa
2026-02-19 23:04:56 - M5Trainer - INFO -   p_field @ well: 7.50e+01 MPa
2026-02-19 23:04:56 - M5Trainer - INFO -   k_frac = 5.4020 mD
2026-02-19 23:04:56 - M5Trainer - INFO -   WI_raw = 4.309845e-13 [检查单位]
2026-02-19 23:04:56 - M5Trainer - INFO -   dp_wellbore = 12.00 MPa
2026-02-19 23:04:56 - M5Trainer - INFO -   Bg_ref = 2.576898e-03
2026-02-19 23:04:56 - M5Trainer - INFO -   qg_obs 范围: 0.00e+00 ~ 8.39e+05 m³/d
2026-02-19 23:04:56 - M5Trainer - INFO -   qg_obs 中位数 = 3.07e+05 m³/d
2026-02-19 23:04:56 - M5Trainer - INFO -   ✅ v9: PDE源项已升级为时变 source(x,y,t) = qg_obs(t) * kernel(x,y)
2026-02-19 23:04:56 - M5Trainer - INFO -   ✅ 每个PDE配点使用其时刻对应的真实观测产量（线性插值）
2026-02-19 23:04:56 - M5Trainer - INFO - --- 诊断结束 ---
2026-02-19 23:04:56 - M5Trainer - INFO -   [shape] SY9: qg pred=(1332, 1) vs obs=(1332, 1), p_wf pred=(1332, 1) vs p_obs=(1332, 1)
2026-02-19 23:04:56 - M5Trainer - INFO -   [Sw约束v9] Sw=[0.260, 0.260, 0.260], 权重=500, 惩罚=0.000000 (低=0.0000, 高=0.0000)
2026-02-19 23:04:57 - M5Trainer - INFO -   ✅ k_frac_mD.grad = -4.740610e-03 (PDE梯度贯通)
2026-02-19 23:04:57 - M5Trainer - INFO -   ✅ k_net: 18 组参数收到梯度
2026-02-19 23:04:57 - M5Trainer - INFO -   [梯度验收] SY9: qg_obs range=[0.0, 838700.0]
2026-02-19 23:04:57 - M5Trainer - INFO -   [Sw监控] SY9: Sw=[0.2600, 0.2600, 0.2600], krg_min=6.751000e-01
2026-02-19 23:04:57 - M5Trainer - INFO - [Step     0/8000] Stage A | L=7.8330e+02 (IC=1.000e+00, BC=1.000e+00, PDE=1.611e+06, Qg=2.110e-01, Qz=1.364e-01, Sd=3.920e-01, SwB=0.000e+00) | k_frac=5.4022 mD, dp=12.00 MPa | Sw=[0.260,0.260] | 0.7s
2026-02-19 23:04:57 - M5Trainer - INFO -   [k_frac诊断] grad=-4.7406e-03, k_frac=5.402157 mD
2026-02-19 23:05:11 - M5Trainer - INFO - [Step   100/8000] Stage A | L=3.0125e+02 (IC=8.986e-03, BC=1.259e-02, PDE=1.989e+06, Qg=1.920e-01, Qz=2.872e-01, Sd=9.792e-01, SwB=0.000e+00) | k_frac=5.4344 mD, dp=12.02 MPa | Sw=[0.215,0.445] | 15.3s
2026-02-19 23:05:25 - M5Trainer - INFO -   [梯度验收] SY9: qg_obs range=[0.0, 838700.0]
2026-02-19 23:05:25 - M5Trainer - INFO - [Step   200/8000] Stage A | L=1.4080e+02 (IC=3.614e-02, BC=1.974e-02, PDE=1.739e+06, Qg=1.543e-01, Qz=3.677e-02, Sd=2.390e+01, SwB=0.000e+00) | k_frac=5.2482 mD, dp=12.05 MPa | Sw=[0.152,0.711] | 29.5s
2026-02-19 23:05:41 - M5Trainer - INFO - [Step   300/8000] Stage A | L=3.1403e+02 (IC=5.126e-02, BC=2.371e-02, PDE=1.922e+06, Qg=1.568e-01, Qz=2.137e-02, Sd=2.270e+01, SwB=0.000e+00) | k_frac=5.2373 mD, dp=12.05 MPa | Sw=[0.144,0.701] | 44.9s
2026-02-19 23:05:57 - M5Trainer - INFO -   [梯度验收] SY9: qg_obs range=[0.0, 838700.0]
2026-02-19 23:05:57 - M5Trainer - INFO - [Step   400/8000] Stage A | L=3.2382e+02 (IC=8.548e-02, BC=5.749e-02, PDE=1.875e+06, Qg=1.501e-01, Qz=2.691e-02, Sd=2.460e+01, SwB=0.000e+00) | k_frac=5.2310 mD, dp=12.05 MPa | Sw=[0.145,0.660] | 61.4s
2026-02-19 23:06:12 - M5Trainer - INFO -   [Sw约束v9] Sw=[0.137, 0.324, 0.751], 权重=500, 惩罚=0.000000 (低=0.0000, 高=0.0000)
2026-02-19 23:06:12 - M5Trainer - INFO -   [Sw监控] SY9: Sw=[0.6284, 0.6835, 0.7509], krg_min=5.148244e-02
2026-02-19 23:06:12 - M5Trainer - INFO - [Step   500/8000] Stage A | L=2.2393e+02 (IC=1.779e-01, BC=1.225e-01, PDE=1.471e+06, Qg=1.558e-01, Qz=4.543e-02, Sd=2.992e+01, SwB=0.000e+00) | k_frac=5.2175 mD, dp=12.06 MPa | Sw=[0.138,0.695] | 75.9s
2026-02-19 23:06:12 - M5Trainer - INFO -   [k_frac诊断] grad=9.5210e-03, k_frac=5.217505 mD
2026-02-19 23:06:27 - M5Trainer - INFO -   [梯度验收] SY9: qg_obs range=[0.0, 838700.0]
2026-02-19 23:06:27 - M5Trainer - INFO - [Step   600/8000] Stage A | L=2.3173e+02 (IC=7.653e-02, BC=4.156e-02, PDE=1.448e+06, Qg=1.660e-01, Qz=3.172e-02, Sd=3.195e+01, SwB=0.000e+00) | k_frac=5.2029 mD, dp=12.06 MPa | Sw=[0.138,0.708] | 91.2s
2026-02-19 23:19:25 - M5Trainer - INFO - [Step   700/8000] Stage A | L=3.0655e+02 (IC=2.816e-02, BC=1.793e-02, PDE=1.715e+06, Qg=1.426e-01, Qz=3.479e-02, Sd=3.227e+01, SwB=0.000e+00) | k_frac=5.1850 mD, dp=12.06 MPa | Sw=[0.136,0.709] | 868.9s
2026-02-19 23:19:50 - M5Trainer - INFO -   [梯度验收] SY9: qg_obs range=[0.0, 838700.0]
2026-02-19 23:19:50 - M5Trainer - INFO - [Step   800/8000] Stage B | L=1.8271e+03 (IC=2.147e-02, BC=1.438e-02, PDE=1.574e+06, Qg=1.414e-01, Qz=2.918e-02, Sd=3.497e+01, SwB=0.000e+00) | k_frac=5.1709 mD, dp=12.06 MPa | Sw=[0.139,0.691] | 894.0s
2026-02-19 23:20:18 - M5Trainer - INFO - [Step   900/8000] Stage B | L=1.3349e+03 (IC=8.883e-02, BC=5.772e-02, PDE=1.351e+06, Qg=1.589e-01, Qz=1.924e-03, Sd=4.437e-01, SwB=0.000e+00) | k_frac=5.1077 mD, dp=12.19 MPa | Sw=[0.148,0.586] | 921.7s
2026-02-19 23:20:32 - M5Trainer - INFO -   [Sw约束v9] Sw=[0.145, 0.325, 0.646], 权重=300, 惩罚=0.000000 (低=0.0000, 高=0.0000)
2026-02-19 23:20:32 - M5Trainer - INFO -   [梯度验收] SY9: qg_obs range=[0.0, 838700.0]
2026-02-19 23:20:32 - M5Trainer - INFO -   [Sw监控] SY9: Sw=[0.5104, 0.5980, 0.6462], krg_min=1.251569e-01
2026-02-19 23:20:32 - M5Trainer - INFO - [Step  1000/8000] Stage B | L=1.2417e+03 (IC=4.834e-02, BC=4.331e-02, PDE=1.250e+06, Qg=1.836e-01, Qz=3.657e-03, Sd=3.160e-01, SwB=0.000e+00) | k_frac=5.0646 mD, dp=12.24 MPa | Sw=[0.147,0.609] | 936.1s
2026-02-19 23:20:32 - M5Trainer - INFO -   [k_frac诊断] grad=2.2402e-01, k_frac=5.064604 mD
2026-02-19 23:20:47 - M5Trainer - INFO - [Step  1100/8000] Stage B | L=1.4648e+03 (IC=2.410e-01, BC=1.751e-01, PDE=1.445e+06, Qg=1.497e-01, Qz=1.203e-03, Sd=1.992e-01, SwB=0.000e+00) | k_frac=5.0189 mD, dp=12.29 MPa | Sw=[0.143,0.629] | 950.8s
2026-02-19 23:21:01 - M5Trainer - INFO -   [梯度验收] SY9: qg_obs range=[0.0, 838700.0]
2026-02-19 23:21:01 - M5Trainer - INFO - [Step  1200/8000] Stage B | L=2.0551e+03 (IC=4.421e-02, BC=3.617e-02, PDE=1.621e+06, Qg=1.571e-01, Qz=3.007e-03, Sd=2.620e-01, SwB=0.000e+00) | k_frac=4.9849 mD, dp=12.35 MPa | Sw=[0.153,0.614] | 965.5s
2026-02-19 23:21:16 - M5Trainer - INFO - [Step  1300/8000] Stage B | L=1.5176e+03 (IC=7.763e-02, BC=5.421e-02, PDE=1.314e+06, Qg=1.536e-01, Qz=2.337e-03, Sd=2.376e-01, SwB=0.000e+00) | k_frac=4.9441 mD, dp=12.41 MPa | Sw=[0.146,0.637] | 980.1s
2026-02-19 23:21:31 - M5Trainer - INFO -   [梯度验收] SY9: qg_obs range=[0.0, 838700.0]
2026-02-19 23:21:31 - M5Trainer - INFO - [Step  1400/8000] Stage B | L=1.6819e+03 (IC=5.815e-02, BC=4.736e-02, PDE=1.358e+06, Qg=1.441e-01, Qz=2.961e-03, Sd=2.775e-01, SwB=0.000e+00) | k_frac=4.9208 mD, dp=12.47 MPa | Sw=[0.152,0.584] | 994.7s
2026-02-19 23:21:45 - M5Trainer - INFO -   [Sw约束v9] Sw=[0.140, 0.317, 0.645], 权重=300, 惩罚=0.000000 (低=0.0000, 高=0.0000)
2026-02-19 23:21:45 - M5Trainer - INFO -   [Sw监控] SY9: Sw=[0.4720, 0.5760, 0.6420], krg_min=1.287444e-01
2026-02-19 23:21:45 - M5Trainer - INFO - [Step  1500/8000] Stage B | L=1.6181e+03 (IC=4.411e-02, BC=3.694e-02, PDE=1.269e+06, Qg=1.305e-01, Qz=2.655e-03, Sd=2.200e-01, SwB=0.000e+00) | k_frac=4.8778 mD, dp=12.54 MPa | Sw=[0.144,0.617] | 1009.4s
2026-02-19 23:21:45 - M5Trainer - INFO -   [k_frac诊断] grad=1.9866e-01, k_frac=4.877769 mD
2026-02-19 23:22:00 - M5Trainer - INFO -   [梯度验收] SY9: qg_obs range=[0.0, 838700.0]
2026-02-19 23:22:00 - M5Trainer - INFO - [Step  1600/8000] Stage B | L=1.6208e+03 (IC=5.820e-02, BC=4.929e-02, PDE=1.259e+06, Qg=1.492e-01, Qz=1.874e-03, Sd=1.844e-01, SwB=0.000e+00) | k_frac=4.8506 mD, dp=12.61 MPa | Sw=[0.149,0.581] | 1024.3s
2026-02-19 23:22:15 - M5Trainer - INFO - [Step  1700/8000] Stage B | L=1.5756e+03 (IC=5.675e-02, BC=6.668e-02, PDE=1.209e+06, Qg=1.722e-01, Qz=1.417e-03, Sd=1.538e-01, SwB=0.000e+00) | k_frac=4.8187 mD, dp=12.69 MPa | Sw=[0.147,0.617] | 1039.1s
2026-02-19 23:22:30 - M5Trainer - INFO -   [梯度验收] SY9: qg_obs range=[0.0, 838700.0]
2026-02-19 23:22:30 - M5Trainer - INFO - [Step  1800/8000] Stage B | L=1.8777e+03 (IC=5.470e-02, BC=4.125e-02, PDE=1.311e+06, Qg=1.392e-01, Qz=2.835e-03, Sd=1.947e-01, SwB=0.000e+00) | k_frac=4.7823 mD, dp=12.78 MPa | Sw=[0.148,0.587] | 1053.9s
2026-02-19 23:22:45 - M5Trainer - INFO - [Step  1900/8000] Stage B | L=2.1288e+03 (IC=3.413e-02, BC=2.860e-02, PDE=1.373e+06, Qg=1.361e-01, Qz=2.539e-03, Sd=1.957e-01, SwB=0.000e+00) | k_frac=4.7415 mD, dp=12.87 MPa | Sw=[0.147,0.602] | 1068.8s
2026-02-19 23:22:59 - M5Trainer - INFO -   [Sw约束v9] Sw=[0.143, 0.310, 0.659], 权重=300, 惩罚=0.000000 (低=0.0000, 高=0.0000)
2026-02-19 23:22:59 - M5Trainer - INFO -   [Sw监控] SY9: Sw=[0.4352, 0.5810, 0.6612], krg_min=1.126416e-01
2026-02-19 23:22:59 - M5Trainer - INFO - [Step  2000/8000] Stage B | L=1.8251e+03 (IC=7.152e-02, BC=8.984e-02, PDE=1.318e+06, Qg=1.718e-01, Qz=2.121e-03, Sd=2.146e-01, SwB=0.000e+00) | k_frac=4.7040 mD, dp=12.95 MPa | Sw=[0.144,0.606] | 1083.6s
2026-02-19 23:22:59 - M5Trainer - INFO -   [k_frac诊断] grad=-2.5661e-01, k_frac=4.703988 mD
2026-02-19 23:23:15 - M5Trainer - INFO - [Step  2100/8000] Stage B | L=1.7326e+03 (IC=5.486e-02, BC=4.708e-02, PDE=1.108e+06, Qg=1.412e-01, Qz=2.205e-03, Sd=1.883e-01, SwB=0.000e+00) | k_frac=4.6942 mD, dp=13.05 MPa | Sw=[0.155,0.554] | 1099.1s
2026-02-19 23:23:30 - M5Trainer - INFO - [Step  2200/8000] Stage B | L=1.5909e+03 (IC=2.161e-01, BC=2.356e-01, PDE=1.177e+06, Qg=1.484e-01, Qz=3.201e-03, Sd=2.176e-01, SwB=0.000e+00) | k_frac=4.6647 mD, dp=13.16 MPa | Sw=[0.151,0.549] | 1114.6s
2026-02-19 23:23:46 - M5Trainer - INFO - [Step  2300/8000] Stage B | L=2.1569e+03 (IC=1.163e-01, BC=9.176e-02, PDE=1.251e+06, Qg=1.570e-01, Qz=1.923e-03, Sd=1.678e-01, SwB=0.000e+00) | k_frac=4.6340 mD, dp=13.25 MPa | Sw=[0.147,0.601] | 1130.2s
2026-02-19 23:24:02 - M5Trainer - INFO - [Step  2400/8000] Stage B | L=1.9832e+03 (IC=7.393e-02, BC=1.130e-01, PDE=1.150e+06, Qg=1.540e-01, Qz=1.858e-03, Sd=1.329e-01, SwB=0.000e+00) | k_frac=4.5929 mD, dp=13.36 MPa | Sw=[0.151,0.568] | 1145.7s
2026-02-19 23:24:17 - M5Trainer - INFO -   [Sw约束v9] Sw=[0.151, 0.304, 0.598], 权重=300, 惩罚=0.000000 (低=0.0000, 高=0.0000)
2026-02-19 23:24:17 - M5Trainer - INFO -   [Sw监控] SY9: Sw=[0.3555, 0.5046, 0.5973], krg_min=1.705095e-01
2026-02-19 23:24:17 - M5Trainer - INFO - [Step  2500/8000] Stage B | L=1.8973e+03 (IC=7.025e-02, BC=5.470e-02, PDE=1.088e+06, Qg=1.754e-01, Qz=4.163e-03, Sd=2.315e-01, SwB=0.000e+00) | k_frac=4.5662 mD, dp=13.46 MPa | Sw=[0.162,0.547] | 1161.6s
2026-02-19 23:24:17 - M5Trainer - INFO -   [k_frac诊断] grad=2.1814e-01, k_frac=4.566238 mD
2026-02-19 23:24:34 - M5Trainer - INFO - [Step  2600/8000] Stage B | L=2.0606e+03 (IC=5.362e-02, BC=4.373e-02, PDE=1.070e+06, Qg=1.350e-01, Qz=3.601e-03, Sd=1.754e-01, SwB=0.000e+00) | k_frac=4.5310 mD, dp=13.57 MPa | Sw=[0.158,0.552] | 1177.7s
2026-02-19 23:24:50 - M5Trainer - INFO - [Step  2700/8000] Stage B | L=1.9229e+03 (IC=5.656e-02, BC=7.694e-02, PDE=1.053e+06, Qg=1.415e-01, Qz=3.491e-03, Sd=1.579e-01, SwB=0.000e+00) | k_frac=4.5039 mD, dp=13.68 MPa | Sw=[0.154,0.502] | 1193.8s
2026-02-19 23:25:06 - M5Trainer - INFO - [Step  2800/8000] Stage C | L=8.7145e+03 (IC=9.911e-02, BC=1.045e-01, PDE=1.067e+06, Qg=1.505e-01, Qz=3.893e-03, Sd=1.779e-01, SwB=0.000e+00) | k_frac=4.4944 mD, dp=13.76 MPa | Sw=[0.160,0.575] | 1210.1s
2026-02-19 23:25:22 - M5Trainer - INFO - [Step  2900/8000] Stage C | L=1.0783e+04 (IC=8.980e-02, BC=1.117e-01, PDE=1.197e+06, Qg=1.621e-01, Qz=6.786e-03, Sd=2.679e-01, SwB=0.000e+00) | k_frac=4.4714 mD, dp=13.80 MPa | Sw=[0.162,0.510] | 1226.6s
2026-02-19 23:25:39 - M5Trainer - INFO -   [Sw约束v9] Sw=[0.153, 0.300, 0.593], 权重=200, 惩罚=0.000000 (低=0.0000, 高=0.0000)
2026-02-19 23:25:39 - M5Trainer - INFO -   [Sw监控] SY9: Sw=[0.2003, 0.4824, 0.5928], krg_min=1.751003e-01
2026-02-19 23:25:39 - M5Trainer - INFO - [Step  3000/8000] Stage C | L=9.8294e+03 (IC=6.693e-02, BC=5.871e-02, PDE=1.032e+06, Qg=1.324e-01, Qz=3.873e-03, Sd=2.005e-01, SwB=0.000e+00) | k_frac=4.4435 mD, dp=13.86 MPa | Sw=[0.159,0.500] | 1242.8s
2026-02-19 23:25:39 - M5Trainer - INFO -   [k_frac诊断] grad=-3.3688e-01, k_frac=4.443460 mD
2026-02-19 23:25:55 - M5Trainer - INFO - [Step  3100/8000] Stage C | L=7.5644e+03 (IC=1.760e-01, BC=1.885e-01, PDE=1.009e+06, Qg=1.368e-01, Qz=4.247e-03, Sd=1.437e-01, SwB=0.000e+00) | k_frac=4.3990 mD, dp=13.92 MPa | Sw=[0.153,0.515] | 1259.2s
2026-02-19 23:26:12 - M5Trainer - INFO - [Step  3200/8000] Stage C | L=1.1545e+04 (IC=8.096e-02, BC=4.273e-02, PDE=1.115e+06, Qg=1.318e-01, Qz=4.579e-03, Sd=1.868e-01, SwB=0.000e+00) | k_frac=4.3822 mD, dp=13.99 MPa | Sw=[0.152,0.500] | 1275.7s
2026-02-19 23:26:30 - M5Trainer - INFO - [Step  3300/8000] Stage C | L=7.1573e+03 (IC=1.693e-01, BC=9.120e-02, PDE=9.054e+05, Qg=1.533e-01, Qz=6.206e-03, Sd=1.772e-01, SwB=0.000e+00) | k_frac=4.3554 mD, dp=14.05 MPa | Sw=[0.159,0.497] | 1294.0s
2026-02-19 23:26:49 - M5Trainer - INFO - [Step  3400/8000] Stage C | L=8.5688e+03 (IC=1.057e-01, BC=6.114e-02, PDE=9.144e+05, Qg=1.477e-01, Qz=5.280e-03, Sd=1.974e-01, SwB=0.000e+00) | k_frac=4.3430 mD, dp=14.11 MPa | Sw=[0.152,0.521] | 1313.2s
2026-02-19 23:27:08 - M5Trainer - INFO -   [Sw约束v9] Sw=[0.148, 0.309, 0.566], 权重=200, 惩罚=0.000000 (低=0.0000, 高=0.0000)
2026-02-19 23:27:08 - M5Trainer - INFO -   [Sw监控] SY9: Sw=[0.3338, 0.4866, 0.5685], krg_min=2.005816e-01
2026-02-19 23:27:08 - M5Trainer - INFO - [Step  3500/8000] Stage C | L=9.4386e+03 (IC=9.360e-02, BC=6.929e-02, PDE=9.416e+05, Qg=1.329e-01, Qz=4.146e-03, Sd=1.809e-01, SwB=0.000e+00) | k_frac=4.3405 mD, dp=14.16 MPa | Sw=[0.150,0.540] | 1332.2s
2026-02-19 23:27:08 - M5Trainer - INFO -   [k_frac诊断] grad=-3.6710e-01, k_frac=4.340489 mD
2026-02-19 23:27:27 - M5Trainer - INFO - [Step  3600/8000] Stage C | L=8.1133e+03 (IC=1.607e-01, BC=1.168e-01, PDE=9.059e+05, Qg=1.698e-01, Qz=2.779e-03, Sd=1.452e-01, SwB=0.000e+00) | k_frac=4.3416 mD, dp=14.20 MPa | Sw=[0.145,0.566] | 1351.4s
2026-02-19 23:27:46 - M5Trainer - INFO - [Step  3700/8000] Stage C | L=1.1556e+04 (IC=7.971e-02, BC=4.931e-02, PDE=9.959e+05, Qg=1.392e-01, Qz=4.009e-03, Sd=1.603e-01, SwB=0.000e+00) | k_frac=4.3424 mD, dp=14.24 MPa | Sw=[0.156,0.530] | 1370.2s
2026-02-19 23:28:03 - M5Trainer - INFO - [Step  3800/8000] Stage C | L=1.1663e+04 (IC=1.222e-01, BC=1.041e-01, PDE=1.075e+06, Qg=1.400e-01, Qz=4.146e-03, Sd=1.421e-01, SwB=0.000e+00) | k_frac=4.3279 mD, dp=14.29 MPa | Sw=[0.152,0.522] | 1387.2s
2026-02-19 23:28:20 - M5Trainer - INFO - [Step  3900/8000] Stage C | L=1.0849e+04 (IC=1.104e-01, BC=6.539e-02, PDE=1.019e+06, Qg=1.399e-01, Qz=3.384e-03, Sd=1.462e-01, SwB=0.000e+00) | k_frac=4.3256 mD, dp=14.35 MPa | Sw=[0.147,0.544] | 1404.6s
2026-02-19 23:28:39 - M5Trainer - INFO -   [Sw约束v9] Sw=[0.144, 0.245, 0.587], 权重=200, 惩罚=0.000000 (低=0.0000, 高=0.0000)
2026-02-19 23:28:39 - M5Trainer - INFO -   [Sw监控] SY9: Sw=[0.1474, 0.4477, 0.5833], krg_min=1.848903e-01
2026-02-19 23:28:39 - M5Trainer - INFO - [Step  4000/8000] Stage C | L=1.0355e+04 (IC=1.175e-01, BC=8.112e-02, PDE=9.562e+05, Qg=1.418e-01, Qz=2.794e-03, Sd=1.331e-01, SwB=0.000e+00) | k_frac=4.3246 mD, dp=14.38 MPa | Sw=[0.145,0.548] | 1423.0s
2026-02-19 23:28:39 - M5Trainer - INFO -   [k_frac诊断] grad=-2.2844e-01, k_frac=4.324556 mD
2026-02-19 23:28:57 - M5Trainer - INFO - [Step  4100/8000] Stage C | L=8.5992e+03 (IC=1.670e-01, BC=6.694e-02, PDE=8.758e+05, Qg=1.439e-01, Qz=2.996e-03, Sd=1.735e-01, SwB=0.000e+00) | k_frac=4.3270 mD, dp=14.41 MPa | Sw=[0.146,0.541] | 1440.9s
2026-02-19 23:29:14 - M5Trainer - INFO - [Step  4200/8000] Stage C | L=9.2568e+03 (IC=1.707e-01, BC=1.297e-01, PDE=9.107e+05, Qg=1.528e-01, Qz=2.087e-03, Sd=9.273e-02, SwB=0.000e+00) | k_frac=4.3053 mD, dp=14.47 MPa | Sw=[0.149,0.565] | 1458.1s
2026-02-19 23:29:31 - M5Trainer - INFO - [Step  4300/8000] Stage C | L=6.0484e+03 (IC=3.572e-01, BC=3.262e-01, PDE=8.348e+05, Qg=1.336e-01, Qz=3.462e-03, Sd=1.416e-01, SwB=0.000e+00) | k_frac=4.3173 mD, dp=14.50 MPa | Sw=[0.144,0.469] | 1475.1s
2026-02-19 23:29:48 - M5Trainer - INFO - [Step  4400/8000] Stage C | L=1.0493e+04 (IC=1.697e-01, BC=8.720e-02, PDE=9.155e+05, Qg=1.402e-01, Qz=3.169e-03, Sd=1.059e-01, SwB=0.000e+00) | k_frac=4.3042 mD, dp=14.55 MPa | Sw=[0.142,0.523] | 1492.1s
2026-02-19 23:30:05 - M5Trainer - INFO -   [Sw约束v9] Sw=[0.138, 0.265, 0.615], 权重=200, 惩罚=0.000000 (低=0.0000, 高=0.0000)
2026-02-19 23:30:05 - M5Trainer - INFO -   [Sw监控] SY9: Sw=[0.1385, 0.4558, 0.5853], krg_min=1.827906e-01
2026-02-19 23:30:05 - M5Trainer - INFO - [Step  4500/8000] Stage C | L=9.7814e+03 (IC=1.481e-01, BC=9.446e-02, PDE=8.847e+05, Qg=1.458e-01, Qz=2.978e-03, Sd=1.527e-01, SwB=0.000e+00) | k_frac=4.3085 mD, dp=14.59 MPa | Sw=[0.141,0.571] | 1509.3s
2026-02-19 23:30:05 - M5Trainer - INFO -   [k_frac诊断] grad=3.2536e-01, k_frac=4.308497 mD
2026-02-19 23:30:23 - M5Trainer - INFO - [Step  4600/8000] Stage C | L=1.0878e+04 (IC=1.510e-01, BC=1.300e-01, PDE=9.571e+05, Qg=1.372e-01, Qz=2.873e-03, Sd=1.149e-01, SwB=0.000e+00) | k_frac=4.2933 mD, dp=14.63 MPa | Sw=[0.142,0.601] | 1526.7s
2026-02-19 23:30:40 - M5Trainer - INFO - [Step  4700/8000] Stage C | L=8.6117e+03 (IC=1.984e-01, BC=9.347e-02, PDE=8.348e+05, Qg=1.492e-01, Qz=1.916e-03, Sd=8.865e-02, SwB=0.000e+00) | k_frac=4.2824 mD, dp=14.67 MPa | Sw=[0.140,0.596] | 1544.0s
2026-02-19 23:30:57 - M5Trainer - INFO - [Step  4800/8000] Stage C | L=8.7719e+03 (IC=1.695e-01, BC=1.129e-01, PDE=8.421e+05, Qg=1.359e-01, Qz=2.249e-03, Sd=1.009e-01, SwB=0.000e+00) | k_frac=4.2881 mD, dp=14.69 MPa | Sw=[0.139,0.597] | 1561.3s
2026-02-19 23:31:14 - M5Trainer - INFO - [Step  4900/8000] Stage C | L=8.7033e+03 (IC=1.585e-01, BC=9.543e-02, PDE=8.034e+05, Qg=1.607e-01, Qz=1.411e-03, Sd=8.187e-02, SwB=0.000e+00) | k_frac=4.2862 mD, dp=14.73 MPa | Sw=[0.133,0.616] | 1578.6s
2026-02-19 23:31:32 - M5Trainer - INFO -   [Sw约束v9] Sw=[0.138, 0.240, 0.607], 权重=200, 惩罚=0.000000 (低=0.0000, 高=0.0000)
2026-02-19 23:31:32 - M5Trainer - INFO -   [Sw监控] SY9: Sw=[0.1393, 0.4579, 0.5940], krg_min=1.738811e-01
2026-02-19 23:31:32 - M5Trainer - INFO - [Step  5000/8000] Stage C | L=9.0481e+03 (IC=2.140e-01, BC=1.153e-01, PDE=8.438e+05, Qg=1.454e-01, Qz=2.612e-03, Sd=1.436e-01, SwB=0.000e+00) | k_frac=4.3054 mD, dp=14.75 MPa | Sw=[0.139,0.582] | 1596.1s
2026-02-19 23:31:32 - M5Trainer - INFO -   [k_frac诊断] grad=2.1082e-01, k_frac=4.305446 mD
2026-02-19 23:31:50 - M5Trainer - INFO - [Step  5100/8000] Stage C | L=1.0346e+04 (IC=1.189e-01, BC=6.241e-02, PDE=8.348e+05, Qg=1.299e-01, Qz=2.305e-03, Sd=1.130e-01, SwB=0.000e+00) | k_frac=4.3044 mD, dp=14.77 MPa | Sw=[0.135,0.610] | 1614.1s
