2026-02-11 23:00:27 - M5Trainer - INFO -   torch.compile 已跳过 (Triton 不支持 Windows, 使用 eager 模式)
2026-02-11 23:00:27 - M5Trainer - INFO - k_net 学习率: 3.00e-04 (factor=0.3, warmup=2000 steps)
2026-02-11 23:00:27 - M5Trainer - INFO -   井 SY9: 1025 条同化数据
2026-02-11 23:00:27 - M5Trainer - INFO -   M3 PVT cg(76.0, 141.39) = 0.009744
2026-02-11 23:00:27 - M5Trainer - INFO -   M3 PVT Bg(76.0, 141.39) = 0.002577
2026-02-11 23:00:27 - M5Trainer - INFO -   PDE 缩放: αx=0.029719, αy=0.074361
2026-02-11 23:00:27 - M5Trainer - INFO - M5Trainer 初始化完成: device=cuda, lr=0.001, max_steps=50000, relobralo=True, rar=True
2026-02-11 23:00:27 - M5Trainer - INFO - ============================================================
2026-02-11 23:00:27 - M5Trainer - INFO - M5 PINN 井—藏耦合同化训练开始
2026-02-11 23:00:27 - M5Trainer - INFO - ============================================================
2026-02-11 23:00:27 - M5Trainer - INFO - 训练阶段: A[0-7500] B[7500-20000] C[20000-35000] D[35000-50000]
2026-02-11 23:00:27 - M5Trainer - INFO - --- M5 单位/量纲诊断 (train 第 1 步前) ---
2026-02-11 23:00:27 - M5Trainer - INFO -   qg_obs 范围: 0.00e+00 ~ 8.39e+05 m³/d, 均值: 3.86e+05 m³/d
2026-02-11 23:00:28 - M5Trainer - INFO -   qg_pred 范围: 3.67e+06 ~ 3.75e+06
2026-02-11 23:00:28 - M5Trainer - INFO -   p_wf 范围: 4.48e+01 ~ 4.50e+01 MPa
2026-02-11 23:00:28 - M5Trainer - INFO -   p_field @ well: 5.25e+01 MPa
2026-02-11 23:00:28 - M5Trainer - INFO -   k_eff = 0.1460 mD, f_frac = 37.00
2026-02-11 23:00:28 - M5Trainer - INFO -   WI_raw = 4.309845e-13 [检查单位]
2026-02-11 23:00:28 - M5Trainer - INFO -   dp_wellbore = 5.00 MPa
2026-02-11 23:00:28 - M5Trainer - INFO -   Bg_ref = 2.576898e-03
2026-02-11 23:00:28 - M5Trainer - INFO - --- 诊断结束 ---
2026-02-11 23:00:28 - M5Trainer - INFO -   ✅ k_eff_mD.grad = 8.081001e-16 (PDE梯度贯通)
2026-02-11 23:00:28 - M5Trainer - INFO -   ✅ k_net: 18 组参数收到梯度
2026-02-11 23:00:28 - M5Trainer - INFO -   ✅ f_frac.grad = 3.216249e-05
2026-02-11 23:00:28 - M5Trainer - INFO - [Step     0/50000] Stage A | L=8.2910e+03 (IC=5.522e+02, BC=5.522e+02, PDE=1.580e+01, Qg=7.253e+01) | k=0.15 mD, f=37.0 | Sw=[0.260,0.260] | 0.6s
2026-02-11 23:00:41 - M5Trainer - INFO - [Step   100/50000] Stage A | L=3.0016e+00 (IC=6.575e-02, BC=3.469e-02, PDE=2.165e+01, Qg=2.102e+01) | k=0.15 mD, f=37.0 | Sw=[0.131,0.489] | 13.5s
2026-02-11 23:00:54 - M5Trainer - INFO - [Step   200/50000] Stage A | L=4.1681e-02 (IC=1.077e-01, BC=2.107e-02, PDE=2.603e+01, Qg=2.173e+00) | k=0.15 mD, f=37.0 | Sw=[0.118,0.555] | 26.6s
2026-02-11 23:01:07 - M5Trainer - INFO - [Step   300/50000] Stage A | L=4.7365e-02 (IC=2.282e-01, BC=4.332e-02, PDE=1.891e+01, Qg=1.718e+00) | k=0.15 mD, f=37.0 | Sw=[0.448,0.707] | 39.2s
2026-02-11 23:01:20 - M5Trainer - INFO - [Step   400/50000] Stage A | L=6.4437e-02 (IC=5.426e-01, BC=4.010e-01, PDE=1.905e+01, Qg=1.372e+00) | k=0.15 mD, f=37.0 | Sw=[0.803,0.922] | 52.7s
2026-02-11 23:01:33 - M5Trainer - INFO - [Step   500/50000] Stage A | L=3.5116e-02 (IC=5.127e-01, BC=1.691e-03, PDE=2.804e+00, Qg=1.334e+00) | k=0.15 mD, f=37.0 | Sw=[0.976,0.976] | 65.7s
2026-02-11 23:01:47 - M5Trainer - INFO - [Step   600/50000] Stage A | L=4.0178e-02 (IC=5.332e-01, BC=3.383e-04, PDE=2.437e+00, Qg=1.334e+00) | k=0.15 mD, f=37.0 | Sw=[0.990,0.990] | 79.7s
2026-02-11 23:02:00 - M5Trainer - INFO - [Step   700/50000] Stage A | L=4.5005e-02 (IC=5.439e-01, BC=1.994e-03, PDE=2.280e+00, Qg=1.334e+00) | k=0.15 mD, f=37.0 | Sw=[0.996,0.996] | 92.5s
2026-02-11 23:02:12 - M5Trainer - INFO - [Step   800/50000] Stage A | L=8.9783e-02 (IC=7.981e-01, BC=2.552e-01, PDE=1.710e+00, Qg=1.334e+00) | k=0.15 mD, f=37.0 | Sw=[0.999,0.999] | 104.7s
2026-02-11 23:02:24 - M5Trainer - INFO - [Step   900/50000] Stage A | L=1.7135e-01 (IC=1.061e+00, BC=5.124e-01, PDE=1.537e+00, Qg=1.334e+00) | k=0.15 mD, f=37.0 | Sw=[0.999,0.999] | 117.0s
2026-02-11 23:02:38 - M5Trainer - INFO - [Step  1000/50000] Stage A | L=1.1270e-01 (IC=8.167e-01, BC=2.695e-01, PDE=1.598e+00, Qg=1.334e+00) | k=0.15 mD, f=37.0 | Sw=[0.999,0.999] | 130.7s
2026-02-11 23:02:52 - M5Trainer - INFO - [Step  1100/50000] Stage A | L=1.7462e-01 (IC=9.923e-01, BC=4.392e-01, PDE=1.486e+00, Qg=1.334e+00) | k=0.15 mD, f=37.0 | Sw=[0.999,0.999] | 144.5s
2026-02-11 23:03:06 - M5Trainer - INFO - [Step  1200/50000] Stage A | L=1.2871e-01 (IC=8.046e-01, BC=2.678e-01, PDE=1.477e+00, Qg=1.334e+00) | k=0.15 mD, f=37.0 | Sw=[1.000,1.000] | 158.5s
2026-02-11 23:03:20 - M5Trainer - INFO - [Step  1300/50000] Stage A | L=1.7065e-01 (IC=8.953e-01, BC=3.315e-01, PDE=1.192e+00, Qg=1.334e+00) | k=0.15 mD, f=37.0 | Sw=[1.000,1.000] | 172.3s
2026-02-11 23:03:33 - M5Trainer - INFO - [Step  1400/50000] Stage A | L=2.4313e-01 (IC=1.018e+00, BC=4.478e-01, PDE=8.202e-01, Qg=1.334e+00) | k=0.15 mD, f=37.0 | Sw=[1.000,1.000] | 185.9s
2026-02-11 23:03:45 - M5Trainer - INFO - [Step  1500/50000] Stage A | L=1.4065e-01 (IC=7.206e-01, BC=1.857e-01, PDE=3.891e-01, Qg=1.334e+00) | k=0.15 mD, f=37.0 | Sw=[1.000,1.000] | 198.2s
2026-02-11 23:04:00 - M5Trainer - INFO - [Step  1600/50000] Stage A | L=1.4479e-01 (IC=6.984e-01, BC=1.401e-01, PDE=3.625e-01, Qg=1.334e+00) | k=0.15 mD, f=37.0 | Sw=[1.000,1.000] | 212.4s
2026-02-11 23:04:13 - M5Trainer - INFO - [Step  1700/50000] Stage A | L=2.3801e-01 (IC=8.806e-01, BC=3.141e-01, PDE=3.910e-01, Qg=1.334e+00) | k=0.15 mD, f=37.0 | Sw=[1.000,1.000] | 226.0s
2026-02-11 23:04:26 - M5Trainer - INFO - [Step  1800/50000] Stage A | L=1.6262e-01 (IC=6.745e-01, BC=1.398e-01, PDE=3.387e-01, Qg=1.334e+00) | k=0.15 mD, f=37.0 | Sw=[1.000,1.000] | 239.0s
2026-02-11 23:04:40 - M5Trainer - INFO - [Step  1900/50000] Stage A | L=2.0042e-01 (IC=7.320e-01, BC=1.692e-01, PDE=2.908e-01, Qg=1.334e+00) | k=0.15 mD, f=37.0 | Sw=[1.000,1.000] | 252.2s
2026-02-11 23:04:53 - M5Trainer - INFO - [Step  2000/50000] Stage A | L=1.7497e-01 (IC=6.401e-01, BC=8.985e-02, PDE=2.657e-01, Qg=1.334e+00) | k=0.15 mD, f=37.0 | Sw=[1.000,1.000] | 265.2s
2026-02-11 23:05:05 - M5Trainer - INFO - [Step  2100/50000] Stage A | L=2.9050e-01 (IC=8.052e-01, BC=2.631e-01, PDE=2.859e-01, Qg=1.334e+00) | k=0.15 mD, f=37.0 | Sw=[1.000,1.000] | 278.1s
2026-02-11 23:05:19 - M5Trainer - INFO - [Step  2200/50000] Stage A | L=2.3202e-01 (IC=6.840e-01, BC=1.316e-01, PDE=2.936e-01, Qg=1.334e+00) | k=0.15 mD, f=37.0 | Sw=[1.000,1.000] | 291.7s
2026-02-11 23:05:33 - M5Trainer - INFO - [Step  2300/50000] Stage A | L=3.3485e-01 (IC=8.115e-01, BC=2.531e-01, PDE=5.965e-01, Qg=1.334e+00) | k=0.15 mD, f=37.0 | Sw=[1.000,1.000] | 305.5s
2026-02-11 23:05:47 - M5Trainer - INFO - [Step  2400/50000] Stage A | L=2.2471e-01 (IC=6.388e-01, BC=1.001e-01, PDE=7.509e-01, Qg=1.334e+00) | k=0.15 mD, f=37.0 | Sw=[1.000,1.000] | 319.4s
2026-02-11 23:06:01 - M5Trainer - INFO - [Step  2500/50000] Stage A | L=3.4827e-01 (IC=7.436e-01, BC=1.808e-01, PDE=1.711e-01, Qg=1.334e+00) | k=0.15 mD, f=37.0 | Sw=[1.000,1.000] | 333.2s
2026-02-11 23:06:15 - M5Trainer - INFO - [Step  2600/50000] Stage A | L=4.7519e-01 (IC=8.457e-01, BC=2.784e-01, PDE=1.849e-01, Qg=1.334e+00) | k=0.15 mD, f=37.0 | Sw=[1.000,1.000] | 348.1s
2026-02-11 23:06:30 - M5Trainer - INFO - [Step  2700/50000] Stage A | L=5.9294e-01 (IC=8.923e-01, BC=3.526e-01, PDE=1.586e-01, Qg=1.334e+00) | k=0.15 mD, f=37.0 | Sw=[1.000,1.000] | 362.6s
2026-02-11 23:06:44 - M5Trainer - INFO - [Step  2800/50000] Stage A | L=3.0506e-01 (IC=5.855e-01, BC=3.719e-02, PDE=1.865e-01, Qg=1.334e+00) | k=0.15 mD, f=37.0 | Sw=[1.000,1.000] | 377.0s
2026-02-11 23:06:58 - M5Trainer - INFO - [Step  2900/50000] Stage A | L=4.0701e-01 (IC=6.684e-01, BC=1.176e-01, PDE=2.125e-01, Qg=1.334e+00) | k=0.15 mD, f=37.0 | Sw=[1.000,1.000] | 391.0s
2026-02-11 23:07:13 - M5Trainer - INFO - [Step  3000/50000] Stage A | L=4.2731e-01 (IC=6.607e-01, BC=1.190e-01, PDE=2.270e-01, Qg=1.334e+00) | k=0.15 mD, f=37.0 | Sw=[1.000,1.000] | 405.5s
2026-02-11 23:07:28 - M5Trainer - INFO - [Step  3100/50000] Stage A | L=4.9136e-01 (IC=7.112e-01, BC=1.501e-01, PDE=7.196e-01, Qg=1.334e+00) | k=0.15 mD, f=37.0 | Sw=[1.000,1.000] | 420.2s
2026-02-11 23:07:42 - M5Trainer - INFO - [Step  3200/50000] Stage A | L=4.1566e-01 (IC=5.814e-01, BC=2.898e-02, PDE=1.224e-01, Qg=1.334e+00) | k=0.15 mD, f=37.0 | Sw=[1.000,1.000] | 435.1s
2026-02-11 23:07:58 - M5Trainer - INFO - [Step  3300/50000] Stage A | L=8.6011e-01 (IC=8.444e-01, BC=3.001e-01, PDE=1.977e-01, Qg=1.334e+00) | k=0.15 mD, f=37.0 | Sw=[1.000,1.000] | 450.5s
2026-02-11 23:08:13 - M5Trainer - INFO - [Step  3400/50000] Stage A | L=4.6978e-01 (IC=5.677e-01, BC=1.984e-02, PDE=1.626e-01, Qg=1.334e+00) | k=0.15 mD, f=37.0 | Sw=[1.000,1.000] | 465.9s
2026-02-11 23:08:29 - M5Trainer - INFO - [Step  3500/50000] Stage A | L=5.6102e-01 (IC=6.133e-01, BC=6.556e-02, PDE=1.817e-01, Qg=1.334e+00) | k=0.15 mD, f=37.0 | Sw=[1.000,1.000] | 481.4s
2026-02-11 23:08:45 - M5Trainer - INFO - [Step  3600/50000] Stage A | L=7.8292e-01 (IC=7.073e-01, BC=1.601e-01, PDE=1.901e-01, Qg=1.334e+00) | k=0.15 mD, f=37.0 | Sw=[1.000,1.000] | 497.3s
2026-02-11 23:09:00 - M5Trainer - INFO - [Step  3700/50000] Stage A | L=6.4750e-01 (IC=6.127e-01, BC=6.380e-02, PDE=2.029e-01, Qg=1.334e+00) | k=0.15 mD, f=37.0 | Sw=[1.000,1.000] | 512.9s
2026-02-11 23:09:17 - M5Trainer - INFO - [Step  3800/50000] Stage A | L=8.4119e-01 (IC=6.789e-01, BC=1.267e-01, PDE=2.038e-01, Qg=1.334e+00) | k=0.15 mD, f=37.0 | Sw=[1.000,1.000] | 529.3s
2026-02-11 23:09:33 - M5Trainer - INFO - [Step  3900/50000] Stage A | L=7.8180e-01 (IC=6.303e-01, BC=8.952e-02, PDE=2.646e-01, Qg=1.334e+00) | k=0.15 mD, f=37.0 | Sw=[1.000,1.000] | 546.2s
2026-02-11 23:09:50 - M5Trainer - INFO - [Step  4000/50000] Stage A | L=9.0985e-01 (IC=6.558e-01, BC=9.688e-02, PDE=2.165e-01, Qg=1.334e+00) | k=0.15 mD, f=36.9 | Sw=[1.000,1.000] | 562.7s
2026-02-11 23:10:07 - M5Trainer - INFO - [Step  4100/50000] Stage A | L=1.1925e+00 (IC=7.210e-01, BC=1.539e-01, PDE=1.401e-01, Qg=1.334e+00) | k=0.15 mD, f=36.9 | Sw=[1.000,1.000] | 579.2s
2026-02-11 23:10:23 - M5Trainer - INFO - [Step  4200/50000] Stage A | L=9.2459e-01 (IC=5.977e-01, BC=6.586e-02, PDE=1.145e-01, Qg=1.334e+00) | k=0.15 mD, f=36.9 | Sw=[1.000,1.000] | 595.8s
2026-02-11 23:10:40 - M5Trainer - INFO - [Step  4300/50000] Stage A | L=8.9489e-01 (IC=5.587e-01, BC=7.233e-03, PDE=1.097e-01, Qg=1.334e+00) | k=0.15 mD, f=36.9 | Sw=[1.000,1.000] | 612.7s
2026-02-11 23:10:58 - M5Trainer - INFO - [Step  4400/50000] Stage A | L=1.0171e+00 (IC=5.843e-01, BC=3.355e-02, PDE=1.395e-01, Qg=1.334e+00) | k=0.15 mD, f=36.9 | Sw=[1.000,1.000] | 630.6s
2026-02-11 23:11:16 - M5Trainer - INFO - [Step  4500/50000] Stage A | L=1.6091e+00 (IC=7.238e-01, BC=1.786e-01, PDE=1.539e-01, Qg=1.334e+00) | k=0.15 mD, f=36.9 | Sw=[1.000,1.000] | 648.5s
2026-02-11 23:11:34 - M5Trainer - INFO - [Step  4600/50000] Stage A | L=1.1415e+00 (IC=5.812e-01, BC=3.274e-02, PDE=1.613e-01, Qg=1.334e+00) | k=0.15 mD, f=36.9 | Sw=[1.000,1.000] | 666.7s
2026-02-11 23:11:51 - M5Trainer - INFO - [Step  4700/50000] Stage A | L=1.3652e+00 (IC=6.196e-01, BC=7.042e-02, PDE=1.751e-01, Qg=1.334e+00) | k=0.15 mD, f=36.9 | Sw=[1.000,1.000] | 683.5s
2026-02-11 23:12:06 - M5Trainer - INFO - [Step  4800/50000] Stage A | L=1.6132e+00 (IC=6.492e-01, BC=1.058e-01, PDE=1.484e-01, Qg=1.334e+00) | k=0.15 mD, f=36.9 | Sw=[1.000,1.000] | 698.8s
2026-02-11 23:12:20 - M5Trainer - INFO - [Step  4900/50000] Stage A | L=1.6212e+00 (IC=6.306e-01, BC=7.582e-02, PDE=1.539e-01, Qg=1.334e+00) | k=0.15 mD, f=36.9 | Sw=[1.000,1.000] | 713.0s
2026-02-11 23:12:35 - M5Trainer - INFO - [Step  5000/50000] Stage A | L=2.0072e+00 (IC=6.928e-01, BC=1.221e-01, PDE=2.209e-01, Qg=1.334e+00) | k=0.15 mD, f=36.9 | Sw=[1.000,1.000] | 727.6s
2026-02-11 23:12:53 - M5Trainer - INFO - [Step  5100/50000] Stage A | L=1.6752e+00 (IC=5.871e-01, BC=5.991e-02, PDE=1.141e-01, Qg=1.334e+00) | k=0.15 mD, f=36.9 | Sw=[1.000,1.000] | 746.2s
2026-02-11 23:13:11 - M5Trainer - INFO - [Step  5200/50000] Stage A | L=2.1031e+00 (IC=6.571e-01, BC=8.413e-02, PDE=1.923e-01, Qg=1.334e+00) | k=0.15 mD, f=36.9 | Sw=[1.000,1.000] | 763.5s
2026-02-11 23:13:28 - M5Trainer - INFO - [Step  5300/50000] Stage A | L=1.4282e+00 (IC=9.486e-01, BC=5.371e-01, PDE=1.840e-01, Qg=1.334e+00) | k=0.15 mD, f=36.9 | Sw=[1.000,1.000] | 780.7s
2026-02-11 23:13:45 - M5Trainer - INFO - [Step  5400/50000] Stage A | L=9.6635e+00 (IC=1.241e+00, BC=7.289e-01, PDE=1.409e-01, Qg=1.334e+00) | k=0.15 mD, f=36.9 | Sw=[1.000,1.000] | 797.8s
2026-02-11 23:14:02 - M5Trainer - INFO - [Step  5500/50000] Stage A | L=3.1047e+00 (IC=6.840e-01, BC=1.263e-01, PDE=1.052e-01, Qg=1.334e+00) | k=0.15 mD, f=36.9 | Sw=[1.000,1.000] | 814.9s
2026-02-11 23:14:20 - M5Trainer - INFO - [Step  5600/50000] Stage A | L=3.0091e+00 (IC=6.444e-01, BC=1.035e-01, PDE=8.957e-02, Qg=1.334e+00) | k=0.15 mD, f=36.9 | Sw=[1.000,1.000] | 832.5s
2026-02-11 23:14:37 - M5Trainer - INFO - [Step  5700/50000] Stage A | L=2.4077e+00 (IC=5.528e-01, BC=3.992e-03, PDE=7.819e-02, Qg=1.334e+00) | k=0.15 mD, f=36.9 | Sw=[1.000,1.000] | 850.1s
2026-02-11 23:14:55 - M5Trainer - INFO - [Step  5800/50000] Stage A | L=4.5265e+00 (IC=7.507e-01, BC=1.940e-01, PDE=9.643e-02, Qg=1.334e+00) | k=0.15 mD, f=36.9 | Sw=[1.000,1.000] | 867.7s
2026-02-11 23:15:12 - M5Trainer - INFO - [Step  5900/50000] Stage A | L=2.6772e+00 (IC=5.478e-01, BC=8.417e-04, PDE=8.561e-02, Qg=1.334e+00) | k=0.15 mD, f=36.9 | Sw=[1.000,1.000] | 885.1s
2026-02-11 23:15:30 - M5Trainer - INFO - [Step  6000/50000] Stage A | L=3.4490e+00 (IC=6.466e-01, BC=1.084e-01, PDE=2.180e-01, Qg=1.334e+00) | k=0.15 mD, f=36.9 | Sw=[1.000,1.000] | 902.7s
2026-02-11 23:15:47 - M5Trainer - INFO - [Step  6100/50000] Stage A | L=3.9619e+00 (IC=6.230e-01, BC=7.213e-02, PDE=4.115e-02, Qg=1.334e+00) | k=0.15 mD, f=36.9 | Sw=[1.000,1.000] | 919.9s
2026-02-11 23:16:04 - M5Trainer - INFO - [Step  6200/50000] Stage A | L=3.3243e+00 (IC=5.477e-01, BC=7.105e-05, PDE=4.270e-02, Qg=1.334e+00) | k=0.15 mD, f=36.9 | Sw=[1.000,1.000] | 937.0s
2026-02-11 23:16:22 - M5Trainer - INFO - [Step  6300/50000] Stage A | L=4.1151e+00 (IC=5.973e-01, BC=4.932e-02, PDE=3.915e-02, Qg=1.334e+00) | k=0.15 mD, f=36.9 | Sw=[1.000,1.000] | 954.2s
2026-02-11 23:16:40 - M5Trainer - INFO - [Step  6400/50000] Stage A | L=4.3056e+00 (IC=5.928e-01, BC=4.623e-02, PDE=3.281e-02, Qg=1.334e+00) | k=0.15 mD, f=36.9 | Sw=[1.000,1.000] | 972.3s
2026-02-11 23:16:59 - M5Trainer - INFO - [Step  6500/50000] Stage A | L=4.4504e+00 (IC=5.886e-01, BC=4.326e-02, PDE=3.297e-02, Qg=1.334e+00) | k=0.15 mD, f=36.9 | Sw=[1.000,1.000] | 992.0s
2026-02-11 23:17:19 - M5Trainer - INFO - [Step  6600/50000] Stage A | L=4.2960e+00 (IC=5.584e-01, BC=1.227e-02, PDE=3.550e-02, Qg=1.334e+00) | k=0.15 mD, f=36.9 | Sw=[1.000,1.000] | 1012.0s
2026-02-11 23:17:39 - M5Trainer - INFO - [Step  6700/50000] Stage A | L=4.4142e+00 (IC=5.562e-01, BC=1.080e-02, PDE=3.904e-02, Qg=1.334e+00) | k=0.15 mD, f=36.9 | Sw=[1.000,1.000] | 1032.1s
2026-02-11 23:17:59 - M5Trainer - INFO - [Step  6800/50000] Stage A | L=4.5778e+00 (IC=5.543e-01, BC=1.009e-02, PDE=4.178e-02, Qg=1.334e+00) | k=0.15 mD, f=36.9 | Sw=[1.000,1.000] | 1052.2s
2026-02-11 23:18:20 - M5Trainer - INFO - [Step  6900/50000] Stage A | L=4.7097e+00 (IC=5.525e-01, BC=1.039e-02, PDE=4.730e-02, Qg=1.334e+00) | k=0.15 mD, f=36.9 | Sw=[1.000,1.000] | 1072.2s
2026-02-11 23:18:38 - M5Trainer - INFO - [Step  7000/50000] Stage A | L=4.8014e+00 (IC=5.509e-01, BC=9.346e-03, PDE=5.285e-02, Qg=1.334e+00) | k=0.15 mD, f=36.9 | Sw=[1.000,1.000] | 1090.8s
2026-02-11 23:18:57 - M5Trainer - INFO - [Step  7100/50000] Stage A | L=5.0154e+00 (IC=5.497e-01, BC=4.151e-03, PDE=4.675e-02, Qg=1.334e+00) | k=0.15 mD, f=36.9 | Sw=[1.000,1.000] | 1109.5s
2026-02-11 23:19:15 - M5Trainer - INFO - [Step  7200/50000] Stage A | L=5.1618e+00 (IC=5.484e-01, BC=6.578e-03, PDE=5.095e-02, Qg=1.334e+00) | k=0.15 mD, f=36.9 | Sw=[1.000,1.000] | 1128.0s
2026-02-11 23:19:34 - M5Trainer - INFO - [Step  7300/50000] Stage A | L=4.7388e+00 (IC=5.507e-01, BC=5.001e-03, PDE=1.315e-01, Qg=1.334e+00) | k=0.15 mD, f=36.9 | Sw=[1.000,1.000] | 1146.4s
2026-02-11 23:19:52 - M5Trainer - INFO - [Step  7400/50000] Stage A | L=5.4419e+00 (IC=5.496e-01, BC=6.384e-03, PDE=6.324e-02, Qg=1.334e+00) | k=0.15 mD, f=36.9 | Sw=[1.000,1.000] | 1164.8s
2026-02-11 23:20:11 - M5Trainer - INFO - [Step  7500/50000] Stage B | L=6.5998e+01 (IC=5.483e-01, BC=5.155e-03, PDE=4.956e-02, Qg=1.334e+00) | k=0.15 mD, f=36.9 | Sw=[1.000,1.000] | 1183.4s
2026-02-11 23:20:30 - M5Trainer - INFO - [Step  7600/50000] Stage B | L=6.6797e+00 (IC=6.319e-01, BC=8.077e-02, PDE=1.141e-02, Qg=1.334e+00) | k=0.15 mD, f=36.9 | Sw=[1.000,1.000] | 1202.4s
2026-02-11 23:20:48 - M5Trainer - INFO - [Step  7700/50000] Stage B | L=6.0898e+00 (IC=5.756e-01, BC=2.870e-02, PDE=8.696e-03, Qg=1.334e+00) | k=0.15 mD, f=36.9 | Sw=[1.000,1.000] | 1220.6s
2026-02-11 23:21:07 - M5Trainer - INFO - [Step  7800/50000] Stage B | L=6.3438e+00 (IC=5.806e-01, BC=3.533e-02, PDE=6.745e-03, Qg=1.334e+00) | k=0.15 mD, f=36.9 | Sw=[1.000,1.000] | 1239.4s
2026-02-11 23:21:26 - M5Trainer - INFO - [Step  7900/50000] Stage B | L=7.7950e+00 (IC=7.142e-01, BC=1.525e-01, PDE=7.930e-03, Qg=1.334e+00) | k=0.15 mD, f=36.9 | Sw=[1.000,1.000] | 1258.3s
2026-02-11 23:21:44 - M5Trainer - INFO - [Step  8000/50000] Stage B | L=6.4525e+00 (IC=5.488e-01, BC=7.285e-03, PDE=1.197e-02, Qg=1.334e+00) | k=0.15 mD, f=36.9 | Sw=[1.000,1.000] | 1277.2s
2026-02-11 23:22:04 - M5Trainer - INFO - [Step  8100/50000] Stage B | L=9.3062e+00 (IC=5.791e-01, BC=4.774e-02, PDE=4.476e-03, Qg=1.334e+00) | k=0.15 mD, f=36.9 | Sw=[1.000,1.000] | 1296.4s
2026-02-11 23:22:23 - M5Trainer - INFO - [Step  8200/50000] Stage B | L=8.1664e+00 (IC=6.437e-01, BC=9.102e-02, PDE=5.622e-03, Qg=1.334e+00) | k=0.15 mD, f=36.9 | Sw=[1.000,1.000] | 1315.6s
2026-02-11 23:22:42 - M5Trainer - INFO - [Step  8300/50000] Stage B | L=1.0661e+01 (IC=5.644e-01, BC=1.943e-02, PDE=4.431e-03, Qg=1.334e+00) | k=0.15 mD, f=36.9 | Sw=[1.000,1.000] | 1334.9s
2026-02-11 23:23:01 - M5Trainer - INFO - [Step  8400/50000] Stage B | L=8.0475e+00 (IC=5.708e-01, BC=2.940e-02, PDE=3.643e-03, Qg=1.334e+00) | k=0.15 mD, f=36.9 | Sw=[1.000,1.000] | 1354.1s
2026-02-11 23:23:21 - M5Trainer - INFO - [Step  8500/50000] Stage B | L=5.8898e+00 (IC=5.791e-01, BC=3.896e-02, PDE=4.121e-03, Qg=1.334e+00) | k=0.15 mD, f=36.9 | Sw=[1.000,1.000] | 1373.6s
2026-02-11 23:23:42 - M5Trainer - INFO - [Step  8600/50000] Stage B | L=9.0448e+00 (IC=5.581e-01, BC=1.370e-02, PDE=2.872e-03, Qg=1.334e+00) | k=0.15 mD, f=36.9 | Sw=[1.000,1.000] | 1394.8s
2026-02-11 23:24:05 - M5Trainer - INFO - [Step  8700/50000] Stage B | L=9.1798e+00 (IC=5.539e-01, BC=9.711e-03, PDE=2.417e-03, Qg=1.334e+00) | k=0.15 mD, f=36.9 | Sw=[1.000,1.000] | 1417.2s
