2026-02-19 13:25:05 - M5Trainer - INFO -   torch.compile 已跳过 (Triton 不支持 Windows, 使用 eager 模式)
2026-02-19 13:25:05 - M5Trainer - INFO - k_frac 独立参数组: lr=3.00e-03 (factor=3.0)
2026-02-19 13:25:07 - M5Trainer - INFO - k_net 学习率: 1.00e-04 (factor=0.1, warmup=2000 steps)
2026-02-19 13:25:07 - M5Trainer - INFO -   井 SY9: 1332 条同化数据 (train=799, val=266, test=267)
    开井点数 (q>1): train=745, val=88, test=121
    有效压力点: val_p=109, test_p=121
2026-02-19 13:25:07 - M5Trainer - INFO -   train time window(norm): [0.0000, 0.5995]
2026-02-19 13:25:07 - M5Trainer - INFO -   M3 PVT cg(76.0, 140.32) = 0.009744
2026-02-19 13:25:07 - M5Trainer - INFO -   M3 PVT Bg(76.0, 140.32) = 0.002577
2026-02-19 13:25:07 - M5Trainer - INFO -   PDE 缩放: αx=0.029719, αy=0.074361
2026-02-19 13:25:07 - M5Trainer - INFO - M5Trainer 初始化完成: device=cuda, lr=0.001, max_steps=50000, relobralo=True, rar=True
2026-02-19 13:25:07 - M5Trainer - INFO - ============================================================
2026-02-19 13:25:07 - M5Trainer - INFO - M5 PINN 井—藏耦合同化训练开始
2026-02-19 13:25:07 - M5Trainer - INFO - ============================================================
2026-02-19 13:25:07 - M5Trainer - INFO - 训练阶段: A[0-5000] B[5000-17500] C[17500-35000] D[35000-50000]
2026-02-19 13:25:07 - M5Trainer - INFO -   qg_nearzero 权重: A=3.0, B=6.0->9.0, C=12.0, D=3.0, enable=True
2026-02-19 13:25:07 - M5Trainer - INFO - --- M5 单位/量纲诊断 (train 第 1 步前) ---
2026-02-19 13:25:07 - M5Trainer - INFO -   qg_obs 范围: 0.00e+00 ~ 8.39e+05 m³/d, 均值: 2.97e+05 m³/d
2026-02-19 13:25:07 - M5Trainer - INFO -   qg_pred 范围: 3.87e+05 ~ 4.03e+05
2026-02-19 13:25:07 - M5Trainer - INFO -   p_wf 范围: 7.43e+01 ~ 7.43e+01 MPa
2026-02-19 13:25:07 - M5Trainer - INFO -   p_field @ well: 7.50e+01 MPa
2026-02-19 13:25:07 - M5Trainer - INFO -   k_frac = 5.4020 mD
2026-02-19 13:25:07 - M5Trainer - INFO -   WI_raw = 4.309845e-13 [检查单位]
2026-02-19 13:25:07 - M5Trainer - INFO -   dp_wellbore = 12.00 MPa
2026-02-19 13:25:07 - M5Trainer - INFO -   Bg_ref = 2.576898e-03
2026-02-19 13:25:07 - M5Trainer - INFO -   qg_obs 范围: 0.00e+00 ~ 8.39e+05 m³/d
2026-02-19 13:25:07 - M5Trainer - INFO -   qg_obs 中位数 = 3.07e+05 m³/d
2026-02-19 13:25:07 - M5Trainer - INFO -   ✅ v9: PDE源项已升级为时变 source(x,y,t) = qg_obs(t) * kernel(x,y)
2026-02-19 13:25:07 - M5Trainer - INFO -   ✅ 每个PDE配点使用其时刻对应的真实观测产量（线性插值）
2026-02-19 13:25:07 - M5Trainer - INFO - --- 诊断结束 ---
2026-02-19 13:25:07 - M5Trainer - INFO -   [shape] SY9: qg pred=(1332, 1) vs obs=(1332, 1), p_wf pred=(1332, 1) vs p_obs=(1332, 1)
2026-02-19 13:25:08 - M5Trainer - INFO -   [Sw约束v9] Sw=[0.260, 0.260, 0.260], 权重=500, 惩罚=0.000000 (低=0.0000, 高=0.0000)
2026-02-19 13:25:08 - M5Trainer - INFO -   ✅ k_frac_mD.grad = -6.910737e-03 (PDE梯度贯通)
2026-02-19 13:25:08 - M5Trainer - INFO -   ✅ k_net: 18 组参数收到梯度
2026-02-19 13:25:08 - M5Trainer - INFO -   [梯度验收] SY9: qg_obs range=[0.0, 838700.0]
2026-02-19 13:25:08 - M5Trainer - INFO -   [Sw监控] SY9: Sw=[0.2600, 0.2600, 0.2600], krg_min=6.751000e-01
2026-02-19 13:25:08 - M5Trainer - INFO - [Step     0/50000] Stage A | L=5.9783e+02 (IC=0.000e+00, BC=0.000e+00, PDE=0.000e+00, Qg=2.940e-01, Qz=1.243e-01, Sd=3.554e-01, SwB=0.000e+00) | k_frac=5.4022 mD, dp=12.00 MPa | Sw=[0.260,0.260] | 1.3s
2026-02-19 13:25:08 - M5Trainer - INFO -   [k_frac诊断] grad=-6.9107e-03, k_frac=5.402157 mD
2026-02-19 13:25:20 - M5Trainer - INFO - [Step   100/50000] Stage A | L=1.0938e+02 (IC=0.000e+00, BC=0.000e+00, PDE=0.000e+00, Qg=3.077e-01, Qz=1.772e-01, Sd=6.137e-01, SwB=0.000e+00) | k_frac=5.3973 mD, dp=12.02 MPa | Sw=[0.260,0.260] | 13.2s
2026-02-19 13:25:32 - M5Trainer - INFO -   [梯度验收] SY9: qg_obs range=[0.0, 838700.0]
2026-02-19 13:25:32 - M5Trainer - INFO - [Step   200/50000] Stage A | L=1.9856e+01 (IC=0.000e+00, BC=0.000e+00, PDE=0.000e+00, Qg=2.730e-01, Qz=6.303e-01, Sd=2.316e+00, SwB=0.000e+00) | k_frac=5.1232 mD, dp=12.07 MPa | Sw=[0.260,0.260] | 25.5s
2026-02-19 13:25:50 - M5Trainer - INFO - [Step   300/50000] Stage A | L=3.1214e+01 (IC=0.000e+00, BC=0.000e+00, PDE=0.000e+00, Qg=2.466e-01, Qz=2.112e-01, Sd=8.219e-01, SwB=0.000e+00) | k_frac=4.8686 mD, dp=12.13 MPa | Sw=[0.260,0.260] | 42.7s
2026-02-19 13:26:01 - M5Trainer - INFO -   [梯度验收] SY9: qg_obs range=[0.0, 838700.0]
2026-02-19 13:26:01 - M5Trainer - INFO - [Step   400/50000] Stage A | L=3.7096e+01 (IC=0.000e+00, BC=0.000e+00, PDE=0.000e+00, Qg=2.461e-01, Qz=1.821e-01, Sd=7.454e-01, SwB=0.000e+00) | k_frac=4.7100 mD, dp=12.22 MPa | Sw=[0.157,0.458] | 54.0s
2026-02-19 13:26:13 - M5Trainer - INFO -   [Sw约束v9] Sw=[0.150, 0.269, 0.579], 权重=500, 惩罚=0.000000 (低=0.0000, 高=0.0000)
2026-02-19 13:26:13 - M5Trainer - INFO -   [Sw监控] SY9: Sw=[0.1513, 0.3060, 0.5831], krg_min=1.850223e-01
2026-02-19 13:26:13 - M5Trainer - INFO - [Step   500/50000] Stage A | L=2.7144e+01 (IC=0.000e+00, BC=0.000e+00, PDE=0.000e+00, Qg=2.400e-01, Qz=3.118e-02, Sd=1.806e+00, SwB=0.000e+00) | k_frac=4.5590 mD, dp=12.30 MPa | Sw=[0.152,0.500] | 66.5s
2026-02-19 13:26:13 - M5Trainer - INFO -   [k_frac诊断] grad=4.7060e-01, k_frac=4.558969 mD
2026-02-19 13:26:28 - M5Trainer - INFO -   [梯度验收] SY9: qg_obs range=[0.0, 838700.0]
2026-02-19 13:26:29 - M5Trainer - INFO - [Step   600/50000] Stage A | L=2.2184e+01 (IC=0.000e+00, BC=0.000e+00, PDE=0.000e+00, Qg=2.311e-01, Qz=1.349e-02, Sd=2.606e+00, SwB=0.000e+00) | k_frac=4.4544 mD, dp=12.35 MPa | Sw=[0.146,0.522] | 81.7s
2026-02-19 13:26:42 - M5Trainer - INFO - [Step   700/50000] Stage A | L=2.7643e+01 (IC=0.000e+00, BC=0.000e+00, PDE=0.000e+00, Qg=2.538e-01, Qz=7.795e-03, Sd=2.331e+00, SwB=0.000e+00) | k_frac=4.3227 mD, dp=12.42 MPa | Sw=[0.148,0.602] | 95.5s
2026-02-19 13:26:56 - M5Trainer - INFO -   [梯度验收] SY9: qg_obs range=[0.0, 838700.0]
2026-02-19 13:26:56 - M5Trainer - INFO - [Step   800/50000] Stage A | L=2.9517e+01 (IC=0.000e+00, BC=0.000e+00, PDE=0.000e+00, Qg=2.741e-01, Qz=1.357e-02, Sd=2.680e+00, SwB=0.000e+00) | k_frac=4.1478 mD, dp=12.50 MPa | Sw=[0.149,0.545] | 109.3s
2026-02-19 13:27:09 - M5Trainer - INFO - [Step   900/50000] Stage A | L=2.7219e+01 (IC=0.000e+00, BC=0.000e+00, PDE=0.000e+00, Qg=2.755e-01, Qz=5.226e-03, Sd=3.644e+00, SwB=0.000e+00) | k_frac=3.9924 mD, dp=12.59 MPa | Sw=[0.151,0.508] | 122.3s
2026-02-19 13:27:24 - M5Trainer - INFO -   [Sw约束v9] Sw=[0.131, 0.293, 0.725], 权重=500, 惩罚=0.000000 (低=0.0000, 高=0.0000)
2026-02-19 13:27:24 - M5Trainer - INFO -   [梯度验收] SY9: qg_obs range=[0.0, 838700.0]
2026-02-19 13:27:24 - M5Trainer - INFO -   [Sw监控] SY9: Sw=[0.1380, 0.4012, 0.7270], krg_min=6.550535e-02
2026-02-19 13:27:24 - M5Trainer - INFO - [Step  1000/50000] Stage A | L=2.2412e+01 (IC=0.000e+00, BC=0.000e+00, PDE=0.000e+00, Qg=2.215e-01, Qz=9.002e-03, Sd=6.037e+00, SwB=0.000e+00) | k_frac=3.8510 mD, dp=12.66 MPa | Sw=[0.144,0.462] | 137.0s
2026-02-19 13:27:24 - M5Trainer - INFO -   [k_frac诊断] grad=2.3320e-01, k_frac=3.850998 mD
2026-02-19 13:27:38 - M5Trainer - INFO - [Step  1100/50000] Stage A | L=2.8183e+01 (IC=0.000e+00, BC=0.000e+00, PDE=0.000e+00, Qg=2.486e-01, Qz=9.274e-03, Sd=7.158e+00, SwB=0.000e+00) | k_frac=3.7516 mD, dp=12.71 MPa | Sw=[0.153,0.610] | 151.3s
2026-02-19 13:27:54 - M5Trainer - INFO -   [梯度验收] SY9: qg_obs range=[0.0, 838700.0]
2026-02-19 13:27:54 - M5Trainer - INFO - [Step  1200/50000] Stage A | L=2.5027e+01 (IC=0.000e+00, BC=0.000e+00, PDE=0.000e+00, Qg=2.173e-01, Qz=9.794e-03, Sd=7.601e+00, SwB=0.000e+00) | k_frac=3.6832 mD, dp=12.74 MPa | Sw=[0.170,0.518] | 167.2s
2026-02-19 13:28:08 - M5Trainer - INFO - [Step  1300/50000] Stage A | L=2.8695e+01 (IC=0.000e+00, BC=0.000e+00, PDE=0.000e+00, Qg=2.557e-01, Qz=1.396e-02, Sd=8.496e+00, SwB=0.000e+00) | k_frac=3.6279 mD, dp=12.77 MPa | Sw=[0.166,0.627] | 181.0s
2026-02-19 13:28:20 - M5Trainer - INFO -   [梯度验收] SY9: qg_obs range=[0.0, 838700.0]
2026-02-19 13:28:20 - M5Trainer - INFO - [Step  1400/50000] Stage A | L=3.1950e+01 (IC=0.000e+00, BC=0.000e+00, PDE=0.000e+00, Qg=2.433e-01, Qz=1.401e-02, Sd=9.470e+00, SwB=0.000e+00) | k_frac=3.5843 mD, dp=12.80 MPa | Sw=[0.159,0.488] | 192.7s
2026-02-19 13:28:31 - M5Trainer - INFO -   [Sw约束v9] Sw=[0.131, 0.318, 0.721], 权重=500, 惩罚=0.000000 (低=0.0000, 高=0.0000)
2026-02-19 13:28:31 - M5Trainer - INFO -   [Sw监控] SY9: Sw=[0.2070, 0.4805, 0.7481], krg_min=5.305726e-02
2026-02-19 13:28:31 - M5Trainer - INFO - [Step  1500/50000] Stage A | L=2.4465e+01 (IC=0.000e+00, BC=0.000e+00, PDE=0.000e+00, Qg=2.108e-01, Qz=1.417e-02, Sd=9.224e+00, SwB=0.000e+00) | k_frac=3.5416 mD, dp=12.82 MPa | Sw=[0.146,0.574] | 204.0s
2026-02-19 13:28:31 - M5Trainer - INFO -   [k_frac诊断] grad=-2.1342e-01, k_frac=3.541637 mD
2026-02-19 13:28:45 - M5Trainer - INFO -   [梯度验收] SY9: qg_obs range=[0.0, 838700.0]
2026-02-19 13:28:45 - M5Trainer - INFO - [Step  1600/50000] Stage A | L=2.5007e+01 (IC=0.000e+00, BC=0.000e+00, PDE=0.000e+00, Qg=2.282e-01, Qz=6.240e-03, Sd=1.057e+01, SwB=0.000e+00) | k_frac=3.5066 mD, dp=12.84 MPa | Sw=[0.152,0.573] | 218.0s
2026-02-19 13:28:58 - M5Trainer - INFO - [Step  1700/50000] Stage A | L=2.7259e+01 (IC=0.000e+00, BC=0.000e+00, PDE=0.000e+00, Qg=2.446e-01, Qz=5.763e-03, Sd=9.247e+00, SwB=0.000e+00) | k_frac=3.4724 mD, dp=12.86 MPa | Sw=[0.140,0.619] | 230.7s
2026-02-19 13:29:10 - M5Trainer - INFO -   [梯度验收] SY9: qg_obs range=[0.0, 838700.0]
2026-02-19 13:29:10 - M5Trainer - INFO - [Step  1800/50000] Stage A | L=2.4823e+01 (IC=0.000e+00, BC=0.000e+00, PDE=0.000e+00, Qg=2.059e-01, Qz=3.769e-02, Sd=1.061e+01, SwB=0.000e+00) | k_frac=3.4358 mD, dp=12.88 MPa | Sw=[0.148,0.578] | 242.9s
2026-02-19 13:29:22 - M5Trainer - INFO - [Step  1900/50000] Stage A | L=3.9144e+01 (IC=0.000e+00, BC=0.000e+00, PDE=0.000e+00, Qg=2.667e-01, Qz=3.750e-03, Sd=1.006e+01, SwB=0.000e+00) | k_frac=3.4086 mD, dp=12.90 MPa | Sw=[0.136,0.603] | 255.4s
2026-02-19 13:29:33 - M5Trainer - INFO -   [Sw约束v9] Sw=[0.130, 0.317, 0.742], 权重=500, 惩罚=0.000000 (低=0.0000, 高=0.0000)
2026-02-19 13:29:33 - M5Trainer - INFO -   [Sw监控] SY9: Sw=[0.1709, 0.4643, 0.7441], krg_min=5.529293e-02
2026-02-19 13:29:33 - M5Trainer - INFO - [Step  2000/50000] Stage A | L=2.9101e+01 (IC=0.000e+00, BC=0.000e+00, PDE=0.000e+00, Qg=2.099e-01, Qz=8.324e-03, Sd=1.054e+01, SwB=0.000e+00) | k_frac=3.3755 mD, dp=12.92 MPa | Sw=[0.155,0.527] | 266.4s
2026-02-19 13:29:33 - M5Trainer - INFO -   [k_frac诊断] grad=1.8952e-01, k_frac=3.375520 mD
2026-02-19 13:29:44 - M5Trainer - INFO - [Step  2100/50000] Stage A | L=4.0121e+01 (IC=0.000e+00, BC=0.000e+00, PDE=0.000e+00, Qg=2.452e-01, Qz=6.238e-03, Sd=1.155e+01, SwB=0.000e+00) | k_frac=3.3538 mD, dp=12.94 MPa | Sw=[0.131,0.525] | 277.0s
2026-02-19 13:29:58 - M5Trainer - INFO - [Step  2200/50000] Stage A | L=4.2462e+01 (IC=0.000e+00, BC=0.000e+00, PDE=0.000e+00, Qg=2.790e-01, Qz=8.428e-03, Sd=1.256e+01, SwB=0.000e+00) | k_frac=3.3140 mD, dp=12.97 MPa | Sw=[0.156,0.581] | 291.2s
2026-02-19 13:30:13 - M5Trainer - INFO - [Step  2300/50000] Stage A | L=3.8056e+01 (IC=0.000e+00, BC=0.000e+00, PDE=0.000e+00, Qg=2.215e-01, Qz=7.393e-03, Sd=1.122e+01, SwB=0.000e+00) | k_frac=3.2821 mD, dp=12.99 MPa | Sw=[0.149,0.572] | 305.7s
2026-02-19 13:30:27 - M5Trainer - INFO - [Step  2400/50000] Stage A | L=3.6910e+01 (IC=0.000e+00, BC=0.000e+00, PDE=0.000e+00, Qg=2.047e-01, Qz=8.142e-02, Sd=1.096e+01, SwB=0.000e+00) | k_frac=3.2395 mD, dp=13.01 MPa | Sw=[0.140,0.560] | 320.2s
2026-02-19 13:30:42 - M5Trainer - INFO -   [Sw约束v9] Sw=[0.128, 0.335, 0.745], 权重=500, 惩罚=0.000000 (低=0.0000, 高=0.0000)
2026-02-19 13:30:42 - M5Trainer - INFO -   [Sw监控] SY9: Sw=[0.1284, 0.4501, 0.6259], krg_min=1.431514e-01
2026-02-19 13:30:42 - M5Trainer - INFO - [Step  2500/50000] Stage A | L=4.0532e+01 (IC=0.000e+00, BC=0.000e+00, PDE=0.000e+00, Qg=2.181e-01, Qz=5.063e-02, Sd=1.070e+01, SwB=0.000e+00) | k_frac=3.2048 mD, dp=13.03 MPa | Sw=[0.145,0.600] | 334.9s
2026-02-19 13:30:42 - M5Trainer - INFO -   [k_frac诊断] grad=1.6120e-01, k_frac=3.204839 mD
2026-02-19 13:30:58 - M5Trainer - INFO - [Step  2600/50000] Stage A | L=3.9167e+01 (IC=0.000e+00, BC=0.000e+00, PDE=0.000e+00, Qg=2.033e-01, Qz=8.914e-03, Sd=1.048e+01, SwB=0.000e+00) | k_frac=3.1914 mD, dp=13.05 MPa | Sw=[0.131,0.605] | 351.1s
2026-02-19 13:31:13 - M5Trainer - INFO - [Step  2700/50000] Stage A | L=3.8382e+01 (IC=0.000e+00, BC=0.000e+00, PDE=0.000e+00, Qg=2.125e-01, Qz=5.814e-03, Sd=1.175e+01, SwB=0.000e+00) | k_frac=3.1646 mD, dp=13.07 MPa | Sw=[0.149,0.590] | 365.7s
2026-02-19 13:31:27 - M5Trainer - INFO - [Step  2800/50000] Stage A | L=3.9269e+01 (IC=0.000e+00, BC=0.000e+00, PDE=0.000e+00, Qg=2.150e-01, Qz=8.929e-03, Sd=1.372e+01, SwB=0.000e+00) | k_frac=3.1362 mD, dp=13.10 MPa | Sw=[0.144,0.750] | 380.1s
2026-02-19 13:31:40 - M5Trainer - INFO - [Step  2900/50000] Stage A | L=3.3927e+01 (IC=0.000e+00, BC=0.000e+00, PDE=0.000e+00, Qg=2.158e-01, Qz=6.471e-03, Sd=1.057e+01, SwB=0.000e+00) | k_frac=3.1175 mD, dp=13.11 MPa | Sw=[0.150,0.723] | 393.3s
2026-02-19 13:31:56 - M5Trainer - INFO -   [Sw约束v9] Sw=[0.128, 0.319, 0.766], 权重=500, 惩罚=0.000000 (低=0.0000, 高=0.0000)
2026-02-19 13:31:56 - M5Trainer - INFO -   [Sw监控] SY9: Sw=[0.1753, 0.4669, 0.7668], krg_min=4.316105e-02
2026-02-19 13:31:56 - M5Trainer - INFO - [Step  3000/50000] Stage A | L=4.6359e+01 (IC=0.000e+00, BC=0.000e+00, PDE=0.000e+00, Qg=2.129e-01, Qz=4.723e-03, Sd=9.989e+00, SwB=0.000e+00) | k_frac=3.0808 mD, dp=13.15 MPa | Sw=[0.143,0.761] | 408.9s
2026-02-19 13:31:56 - M5Trainer - INFO -   [k_frac诊断] grad=-2.7465e-01, k_frac=3.080838 mD
2026-02-19 13:32:11 - M5Trainer - INFO - [Step  3100/50000] Stage A | L=4.0957e+01 (IC=0.000e+00, BC=0.000e+00, PDE=0.000e+00, Qg=2.028e-01, Qz=5.191e-03, Sd=1.225e+01, SwB=0.000e+00) | k_frac=3.0667 mD, dp=13.18 MPa | Sw=[0.155,0.534] | 423.7s
2026-02-19 13:32:27 - M5Trainer - INFO - [Step  3200/50000] Stage A | L=4.5370e+01 (IC=0.000e+00, BC=0.000e+00, PDE=0.000e+00, Qg=1.982e-01, Qz=4.314e-03, Sd=1.220e+01, SwB=0.000e+00) | k_frac=3.0472 mD, dp=13.20 MPa | Sw=[0.164,0.562] | 439.9s
2026-02-19 13:32:44 - M5Trainer - INFO - [Step  3300/50000] Stage A | L=5.3247e+01 (IC=0.000e+00, BC=0.000e+00, PDE=0.000e+00, Qg=2.253e-01, Qz=4.357e-03, Sd=1.108e+01, SwB=0.000e+00) | k_frac=3.0266 mD, dp=13.22 MPa | Sw=[0.149,0.652] | 457.4s
2026-02-19 13:32:59 - M5Trainer - INFO - [Step  3400/50000] Stage A | L=5.1206e+01 (IC=0.000e+00, BC=0.000e+00, PDE=0.000e+00, Qg=2.157e-01, Qz=4.321e-03, Sd=1.167e+01, SwB=0.000e+00) | k_frac=3.0132 mD, dp=13.23 MPa | Sw=[0.156,0.540] | 472.6s
2026-02-19 13:33:14 - M5Trainer - INFO -   [Sw约束v9] Sw=[0.133, 0.312, 0.774], 权重=500, 惩罚=0.000000 (低=0.0000, 高=0.0000)
2026-02-19 13:33:14 - M5Trainer - INFO -   [Sw监控] SY9: Sw=[0.3050, 0.4922, 0.7772], krg_min=3.806632e-02
2026-02-19 13:33:14 - M5Trainer - INFO - [Step  3500/50000] Stage A | L=5.2305e+01 (IC=0.000e+00, BC=0.000e+00, PDE=0.000e+00, Qg=2.272e-01, Qz=4.165e-03, Sd=1.207e+01, SwB=0.000e+00) | k_frac=2.9915 mD, dp=13.25 MPa | Sw=[0.146,0.733] | 487.2s
2026-02-19 13:33:14 - M5Trainer - INFO -   [k_frac诊断] grad=1.2659e-01, k_frac=2.991485 mD
2026-02-19 13:33:28 - M5Trainer - INFO - [Step  3600/50000] Stage A | L=4.7330e+01 (IC=0.000e+00, BC=0.000e+00, PDE=0.000e+00, Qg=2.010e-01, Qz=4.102e-03, Sd=1.132e+01, SwB=0.000e+00) | k_frac=2.9719 mD, dp=13.26 MPa | Sw=[0.147,0.575] | 500.9s
2026-02-19 13:33:43 - M5Trainer - INFO - [Step  3700/50000] Stage A | L=4.8264e+01 (IC=0.000e+00, BC=0.000e+00, PDE=0.000e+00, Qg=2.050e-01, Qz=3.506e-03, Sd=1.165e+01, SwB=0.000e+00) | k_frac=2.9516 mD, dp=13.28 MPa | Sw=[0.158,0.603] | 515.7s
2026-02-19 13:33:58 - M5Trainer - INFO - [Step  3800/50000] Stage A | L=5.5449e+01 (IC=0.000e+00, BC=0.000e+00, PDE=0.000e+00, Qg=2.520e-01, Qz=3.073e-03, Sd=1.028e+01, SwB=0.000e+00) | k_frac=2.9390 mD, dp=13.30 MPa | Sw=[0.150,0.595] | 530.7s
2026-02-19 13:34:12 - M5Trainer - INFO - [Step  3900/50000] Stage A | L=3.9812e+01 (IC=0.000e+00, BC=0.000e+00, PDE=0.000e+00, Qg=2.071e-01, Qz=3.426e-03, Sd=1.209e+01, SwB=0.000e+00) | k_frac=2.9164 mD, dp=13.33 MPa | Sw=[0.139,0.669] | 545.4s
2026-02-19 13:34:25 - M5Trainer - INFO -   [Sw约束v9] Sw=[0.132, 0.385, 0.775], 权重=500, 惩罚=0.000000 (低=0.0000, 高=0.0000)
2026-02-19 13:34:25 - M5Trainer - INFO -   [Sw监控] SY9: Sw=[0.3726, 0.5404, 0.7765], krg_min=3.842116e-02
2026-02-19 13:34:26 - M5Trainer - INFO - [Step  4000/50000] Stage A | L=3.6305e+01 (IC=0.000e+00, BC=0.000e+00, PDE=0.000e+00, Qg=1.939e-01, Qz=3.367e-03, Sd=1.276e+01, SwB=0.000e+00) | k_frac=2.8951 mD, dp=13.38 MPa | Sw=[0.144,0.613] | 558.6s
2026-02-19 13:34:26 - M5Trainer - INFO -   [k_frac诊断] grad=1.0364e-01, k_frac=2.895054 mD
2026-02-19 13:34:41 - M5Trainer - INFO - [Step  4100/50000] Stage A | L=3.9874e+01 (IC=0.000e+00, BC=0.000e+00, PDE=0.000e+00, Qg=2.261e-01, Qz=3.551e-03, Sd=1.483e+01, SwB=0.000e+00) | k_frac=2.8837 mD, dp=13.42 MPa | Sw=[0.145,0.610] | 573.7s
2026-02-19 13:34:56 - M5Trainer - INFO - [Step  4200/50000] Stage A | L=3.6250e+01 (IC=0.000e+00, BC=0.000e+00, PDE=0.000e+00, Qg=2.233e-01, Qz=4.210e-03, Sd=1.704e+01, SwB=0.000e+00) | k_frac=2.8622 mD, dp=13.47 MPa | Sw=[0.132,0.638] | 589.0s
2026-02-19 13:35:11 - M5Trainer - INFO - [Step  4300/50000] Stage A | L=3.9581e+01 (IC=0.000e+00, BC=0.000e+00, PDE=0.000e+00, Qg=2.742e-01, Qz=2.905e-03, Sd=2.526e+01, SwB=0.000e+00) | k_frac=2.8239 mD, dp=13.54 MPa | Sw=[0.130,0.722] | 603.7s
2026-02-19 13:35:26 - M5Trainer - INFO - [Step  4400/50000] Stage A | L=6.8873e+01 (IC=0.000e+00, BC=0.000e+00, PDE=0.000e+00, Qg=2.177e-01, Qz=8.101e-03, Sd=4.819e+01, SwB=0.000e+00) | k_frac=2.8020 mD, dp=13.58 MPa | Sw=[0.129,0.692] | 618.6s
2026-02-19 13:35:40 - M5Trainer - INFO -   [Sw约束v9] Sw=[0.126, 0.493, 0.781], 权重=500, 惩罚=0.000000 (低=0.0000, 高=0.0000)
2026-02-19 13:35:40 - M5Trainer - INFO -   [Sw监控] SY9: Sw=[0.5263, 0.6445, 0.7945], krg_min=3.034641e-02
2026-02-19 13:35:40 - M5Trainer - INFO - [Step  4500/50000] Stage A | L=6.3225e+01 (IC=0.000e+00, BC=0.000e+00, PDE=0.000e+00, Qg=2.432e-01, Qz=6.393e-03, Sd=4.281e+01, SwB=0.000e+00) | k_frac=2.7934 mD, dp=13.58 MPa | Sw=[0.130,0.715] | 632.8s
2026-02-19 13:35:40 - M5Trainer - INFO -   [k_frac诊断] grad=2.1859e-01, k_frac=2.793362 mD
2026-02-19 13:35:54 - M5Trainer - INFO - [Step  4600/50000] Stage A | L=5.4028e+01 (IC=0.000e+00, BC=0.000e+00, PDE=0.000e+00, Qg=2.427e-01, Qz=2.912e-03, Sd=2.833e+01, SwB=0.000e+00) | k_frac=2.7821 mD, dp=13.58 MPa | Sw=[0.132,0.705] | 647.3s
2026-02-19 13:36:09 - M5Trainer - INFO - [Step  4700/50000] Stage A | L=4.0711e+01 (IC=0.000e+00, BC=0.000e+00, PDE=0.000e+00, Qg=2.146e-01, Qz=4.861e-03, Sd=4.038e+01, SwB=0.000e+00) | k_frac=2.7733 mD, dp=13.59 MPa | Sw=[0.129,0.720] | 661.7s
2026-02-19 13:36:25 - M5Trainer - INFO - [Step  4800/50000] Stage A | L=5.1172e+01 (IC=0.000e+00, BC=0.000e+00, PDE=0.000e+00, Qg=2.427e-01, Qz=7.293e-03, Sd=4.973e+01, SwB=0.000e+00) | k_frac=2.7654 mD, dp=13.61 MPa | Sw=[0.134,0.727] | 678.2s
2026-02-19 13:36:40 - M5Trainer - INFO - [Step  4900/50000] Stage A | L=7.0999e+01 (IC=0.000e+00, BC=0.000e+00, PDE=0.000e+00, Qg=2.153e-01, Qz=5.480e-03, Sd=3.909e+01, SwB=0.000e+00) | k_frac=2.7577 mD, dp=13.60 MPa | Sw=[0.129,0.727] | 693.3s
2026-02-19 13:36:54 - M5Trainer - INFO -   [Sw约束v9] Sw=[0.126, 0.533, 0.816], 权重=300, 惩罚=0.000000 (低=0.0000, 高=0.0000)
2026-02-19 13:36:54 - M5Trainer - INFO -   [Sw监控] SY9: Sw=[0.5551, 0.6665, 0.8211], krg_min=2.014993e-02
2026-02-19 13:36:54 - M5Trainer - INFO - [Step  5000/50000] Stage B | L=5.3875e+02 (IC=0.000e+00, BC=0.000e+00, PDE=0.000e+00, Qg=2.228e-01, Qz=2.393e-03, Sd=3.293e+01, SwB=0.000e+00) | k_frac=2.7467 mD, dp=13.60 MPa | Sw=[0.129,0.776] | 707.6s
2026-02-19 13:36:54 - M5Trainer - INFO -   [k_frac诊断] grad=-1.2393e-01, k_frac=2.746728 mD
2026-02-19 13:37:08 - M5Trainer - INFO - [Step  5100/50000] Stage B | L=2.1212e+02 (IC=0.000e+00, BC=0.000e+00, PDE=0.000e+00, Qg=2.412e-01, Qz=3.602e-03, Sd=9.996e-01, SwB=0.000e+00) | k_frac=2.7514 mD, dp=13.74 MPa | Sw=[0.142,0.677] | 720.9s
2026-02-19 13:37:22 - M5Trainer - INFO - [Step  5200/50000] Stage B | L=1.7364e+02 (IC=0.000e+00, BC=0.000e+00, PDE=0.000e+00, Qg=2.001e-01, Qz=1.912e-03, Sd=8.707e-01, SwB=0.000e+00) | k_frac=2.7354 mD, dp=13.81 MPa | Sw=[0.138,0.695] | 735.3s
2026-02-19 13:37:36 - M5Trainer - INFO - [Step  5300/50000] Stage B | L=2.0518e+02 (IC=0.000e+00, BC=0.000e+00, PDE=0.000e+00, Qg=2.121e-01, Qz=1.122e-03, Sd=7.789e-01, SwB=0.000e+00) | k_frac=2.7179 mD, dp=13.89 MPa | Sw=[0.139,0.653] | 749.2s
2026-02-19 13:37:50 - M5Trainer - INFO - [Step  5400/50000] Stage B | L=2.7097e+02 (IC=0.000e+00, BC=0.000e+00, PDE=0.000e+00, Qg=2.025e-01, Qz=2.363e-03, Sd=8.533e-01, SwB=0.000e+00) | k_frac=2.7113 mD, dp=13.97 MPa | Sw=[0.140,0.660] | 762.7s
2026-02-19 13:38:06 - M5Trainer - INFO -   [Sw约束v9] Sw=[0.131, 0.508, 0.770], 权重=300, 惩罚=0.000000 (低=0.0000, 高=0.0000)
2026-02-19 13:38:06 - M5Trainer - INFO -   [Sw监控] SY9: Sw=[0.3521, 0.5209, 0.6234], krg_min=1.454257e-01
2026-02-19 13:38:06 - M5Trainer - INFO - [Step  5500/50000] Stage B | L=2.3310e+02 (IC=0.000e+00, BC=0.000e+00, PDE=0.000e+00, Qg=2.049e-01, Qz=2.027e-03, Sd=6.752e-01, SwB=0.000e+00) | k_frac=2.7016 mD, dp=14.04 MPa | Sw=[0.141,0.702] | 779.0s
2026-02-19 13:38:06 - M5Trainer - INFO -   [k_frac诊断] grad=3.2729e-01, k_frac=2.701569 mD
2026-02-19 13:38:21 - M5Trainer - INFO - [Step  5600/50000] Stage B | L=2.6461e+02 (IC=0.000e+00, BC=0.000e+00, PDE=0.000e+00, Qg=2.046e-01, Qz=2.584e-03, Sd=7.111e-01, SwB=0.000e+00) | k_frac=2.6842 mD, dp=14.12 MPa | Sw=[0.145,0.623] | 794.2s
