2026-02-14 23:21:55 - M5Trainer - INFO -   torch.compile 已跳过 (Triton 不支持 Windows, 使用 eager 模式)
2026-02-14 23:21:55 - M5Trainer - INFO - k_frac 独立参数组: lr=1.00e-02 (factor=10.0)
2026-02-14 23:21:56 - M5Trainer - INFO - k_net 学习率: 1.00e-04 (factor=0.1, warmup=2000 steps)
2026-02-14 23:21:56 - M5Trainer - INFO -   井 SY9: 1025 条同化数据
2026-02-14 23:21:56 - M5Trainer - INFO -   PDE 缩放: αx=0.022275, αy=0.055736
2026-02-14 23:21:56 - M5Trainer - INFO - M5Trainer 初始化完成: device=cpu, lr=0.001, max_steps=20, relobralo=True, rar=True
2026-02-14 23:21:56 - M5Trainer - INFO - ============================================================
2026-02-14 23:21:56 - M5Trainer - INFO - M5 PINN 井—藏耦合同化训练开始
2026-02-14 23:21:56 - M5Trainer - INFO - ============================================================
2026-02-14 23:21:56 - M5Trainer - INFO - 训练阶段: A[0-2] B[2-7] C[7-14] D[14-20]
2026-02-14 23:21:56 - M5Trainer - INFO - --- M5 单位/量纲诊断 (train 第 1 步前) ---
2026-02-14 23:21:56 - M5Trainer - INFO -   qg_obs 范围: 0.00e+00 ~ 8.39e+05 m³/d, 均值: 3.86e+05 m³/d
2026-02-14 23:21:56 - M5Trainer - INFO -   qg_pred 范围: 1.19e+07 ~ 1.20e+07
2026-02-14 23:21:56 - M5Trainer - INFO -   p_wf 范围: 5.35e+01 ~ 5.36e+01 MPa
2026-02-14 23:21:56 - M5Trainer - INFO -   p_field @ well: 7.50e+01 MPa
2026-02-14 23:21:56 - M5Trainer - INFO -   k_frac = 5.4020 mD
2026-02-14 23:21:56 - M5Trainer - INFO -   WI_raw = 4.309845e-13 [检查单位]
2026-02-14 23:21:56 - M5Trainer - INFO -   dp_wellbore = 12.00 MPa
2026-02-14 23:21:56 - M5Trainer - INFO -   Bg_ref = 2.577000e-03
2026-02-14 23:21:56 - M5Trainer - INFO - --- 诊断结束 ---
2026-02-14 23:21:56 - M5Trainer - INFO -   [shape] SY9: qg pred=(1025, 1) vs obs=(1025,), p_wf pred=(1025, 1) vs p_obs=(1025,)
