2026-02-16 20:29:58 - M5Trainer - INFO -   torch.compile 已跳过 (Triton 不支持 Windows, 使用 eager 模式)
2026-02-16 20:29:58 - M5Trainer - INFO - k_frac 独立参数组: lr=1.00e-02 (factor=10.0)
2026-02-16 20:29:59 - M5Trainer - INFO - k_net 学习率: 1.00e-04 (factor=0.1, warmup=2000 steps)
2026-02-16 20:29:59 - M5Trainer - INFO -   井 SY9: 1027 条同化数据
2026-02-16 20:29:59 - M5Trainer - INFO -   M3 PVT cg(76.0, 140.32) = 0.009744
2026-02-16 20:29:59 - M5Trainer - INFO -   M3 PVT Bg(76.0, 140.32) = 0.002577
2026-02-16 20:29:59 - M5Trainer - INFO -   PDE 缩放: αx=0.029719, αy=0.074361
2026-02-16 20:29:59 - M5Trainer - INFO - M5Trainer 初始化完成: device=cuda, lr=0.001, max_steps=5000, relobralo=True, rar=True
2026-02-16 20:29:59 - M5Trainer - INFO - ============================================================
2026-02-16 20:29:59 - M5Trainer - INFO - M5 PINN 井—藏耦合同化训练开始
2026-02-16 20:29:59 - M5Trainer - INFO - ============================================================
2026-02-16 20:29:59 - M5Trainer - INFO - 训练阶段: A[0-500] B[500-1750] C[1750-3500] D[3500-5000]
2026-02-16 20:29:59 - M5Trainer - INFO - --- M5 单位/量纲诊断 (train 第 1 步前) ---
2026-02-16 20:29:59 - M5Trainer - INFO -   qg_obs 范围: 0.00e+00 ~ 8.39e+05 m³/d, 均值: 3.85e+05 m³/d
2026-02-16 20:29:59 - M5Trainer - INFO -   qg_pred 范围: 1.50e+06 ~ 1.51e+06
2026-02-16 20:29:59 - M5Trainer - INFO -   p_wf 范围: 7.23e+01 ~ 7.23e+01 MPa
2026-02-16 20:29:59 - M5Trainer - INFO -   p_field @ well: 7.50e+01 MPa
2026-02-16 20:29:59 - M5Trainer - INFO -   k_frac = 5.4020 mD
2026-02-16 20:29:59 - M5Trainer - INFO -   WI_raw = 4.309845e-13 [检查单位]
2026-02-16 20:29:59 - M5Trainer - INFO -   dp_wellbore = 12.00 MPa
2026-02-16 20:29:59 - M5Trainer - INFO -   Bg_ref = 2.576898e-03
2026-02-16 20:29:59 - M5Trainer - INFO -   qg_obs 范围: 0.00e+00 ~ 8.39e+05 m³/d
2026-02-16 20:29:59 - M5Trainer - INFO -   qg_obs 中位数 = 4.61e+05 m³/d
2026-02-16 20:29:59 - M5Trainer - INFO -   ✅ v9: PDE源项已升级为时变 source(x,y,t) = qg_obs(t) * kernel(x,y)
2026-02-16 20:29:59 - M5Trainer - INFO -   ✅ 每个PDE配点使用其时刻对应的真实观测产量（线性插值）
2026-02-16 20:29:59 - M5Trainer - INFO - --- 诊断结束 ---
2026-02-16 20:29:59 - M5Trainer - INFO -   [shape] SY9: qg pred=(1027, 1) vs obs=(1027, 1), p_wf pred=(1027, 1) vs p_obs=(1027, 1)
2026-02-16 20:29:59 - M5Trainer - INFO -   [Sw约束v9] Sw=[0.260, 0.260, 0.260], 权重=500, 惩罚=0.000000 (低=0.0000, 高=0.0000)
2026-02-16 20:29:59 - M5Trainer - INFO -   ✅ k_frac_mD.grad = 4.656540e-01 (PDE梯度贯通)
2026-02-16 20:29:59 - M5Trainer - INFO -   ✅ k_net: 18 组参数收到梯度
2026-02-16 20:29:59 - M5Trainer - INFO -   [梯度验收] SY9: qg_obs range=[0.0, 838700.0]
2026-02-16 20:29:59 - M5Trainer - INFO -   [Sw监控] SY9: Sw=[0.2600, 0.2600, 0.2600], krg_min=6.751000e-01
2026-02-16 20:29:59 - M5Trainer - INFO - [Step     0/5000] Stage A | L=3.5076e+03 (IC=1.000e+00, BC=1.000e+00, PDE=1.611e+06, Qg=5.813e+01, SwB=0.000e+00) | k_frac=5.4015 mD, dp=12.00 MPa | Sw=[0.260,0.260] | 0.8s
2026-02-16 20:29:59 - M5Trainer - INFO -   [k_frac诊断] grad=4.6565e-01, k_frac=5.401474 mD
2026-02-16 20:30:27 - M5Trainer - INFO - [Step   100/5000] Stage A | L=2.4270e+03 (IC=2.142e-01, BC=2.942e-01, PDE=1.997e+06, Qg=3.881e+01, SwB=0.000e+00) | k_frac=5.2502 mD, dp=12.01 MPa | Sw=[0.174,0.532] | 28.1s
2026-02-16 20:30:54 - M5Trainer - INFO -   [梯度验收] SY9: qg_obs range=[0.0, 838700.0]
2026-02-16 20:30:54 - M5Trainer - INFO - [Step   200/5000] Stage A | L=2.1318e+03 (IC=2.335e-01, BC=1.794e-01, PDE=1.743e+06, Qg=3.473e+01, SwB=0.000e+00) | k_frac=5.2135 mD, dp=12.01 MPa | Sw=[0.152,0.652] | 55.6s
2026-02-16 20:31:20 - M5Trainer - INFO - [Step   300/5000] Stage A | L=2.2153e+03 (IC=8.690e-02, BC=1.788e-01, PDE=1.933e+06, Qg=3.300e+01, SwB=0.000e+00) | k_frac=5.1806 mD, dp=12.01 MPa | Sw=[0.145,0.679] | 81.3s
2026-02-16 20:31:46 - M5Trainer - INFO -   [梯度验收] SY9: qg_obs range=[0.0, 838700.0]
2026-02-16 20:31:46 - M5Trainer - INFO - [Step   400/5000] Stage A | L=2.0215e+03 (IC=5.511e-01, BC=4.226e-01, PDE=1.881e+06, Qg=3.367e+01, SwB=0.000e+00) | k_frac=5.1475 mD, dp=12.01 MPa | Sw=[0.143,0.642] | 107.3s
2026-02-16 20:32:12 - M5Trainer - INFO -   [Sw约束v9] Sw=[0.143, 0.363, 0.620], 权重=300, 惩罚=0.000000 (低=0.0000, 高=0.0000)
2026-02-16 20:32:12 - M5Trainer - INFO -   [Sw监控] SY9: Sw=[0.5106, 0.5717, 0.6204], krg_min=1.482625e-01
2026-02-16 20:32:12 - M5Trainer - INFO - [Step   500/5000] Stage B | L=9.2560e+03 (IC=1.474e-01, BC=1.526e-01, PDE=1.659e+06, Qg=3.484e+01, SwB=0.000e+00) | k_frac=5.0991 mD, dp=12.02 MPa | Sw=[0.145,0.615] | 133.6s
2026-02-16 20:32:12 - M5Trainer - INFO -   [k_frac诊断] grad=-1.7252e-01, k_frac=5.099110 mD
2026-02-16 20:32:39 - M5Trainer - INFO -   [梯度验收] SY9: qg_obs range=[0.0, 838700.0]
2026-02-16 20:32:39 - M5Trainer - INFO - [Step   600/5000] Stage B | L=7.9274e+03 (IC=2.570e-01, BC=4.276e-01, PDE=1.624e+06, Qg=3.434e+01, SwB=0.000e+00) | k_frac=5.0263 mD, dp=12.03 MPa | Sw=[0.140,0.661] | 160.0s
2026-02-16 20:33:05 - M5Trainer - INFO - [Step   700/5000] Stage B | L=7.4220e+03 (IC=1.329e+00, BC=1.510e+00, PDE=1.969e+06, Qg=3.460e+01, SwB=0.000e+00) | k_frac=4.9083 mD, dp=12.05 MPa | Sw=[0.136,0.666] | 186.4s
2026-02-16 20:33:32 - M5Trainer - INFO -   [梯度验收] SY9: qg_obs range=[0.0, 838700.0]
2026-02-16 20:33:32 - M5Trainer - INFO - [Step   800/5000] Stage B | L=1.0265e+04 (IC=3.550e-01, BC=3.447e-01, PDE=1.776e+06, Qg=3.309e+01, SwB=0.000e+00) | k_frac=4.7715 mD, dp=12.06 MPa | Sw=[0.135,0.677] | 213.3s
2026-02-16 20:33:59 - M5Trainer - INFO - [Step   900/5000] Stage B | L=1.1772e+04 (IC=3.595e-01, BC=4.553e-01, PDE=1.525e+06, Qg=3.903e+01, SwB=0.000e+00) | k_frac=4.6047 mD, dp=12.06 MPa | Sw=[0.135,0.686] | 240.8s
2026-02-16 20:34:27 - M5Trainer - INFO -   [Sw约束v9] Sw=[0.140, 0.374, 0.631], 权重=300, 惩罚=0.000000 (低=0.0000, 高=0.0000)
2026-02-16 20:34:28 - M5Trainer - INFO -   [梯度验收] SY9: qg_obs range=[0.0, 838700.0]
2026-02-16 20:34:28 - M5Trainer - INFO -   [Sw监控] SY9: Sw=[0.4625, 0.5334, 0.6312], krg_min=1.383597e-01
2026-02-16 20:34:28 - M5Trainer - INFO - [Step  1000/5000] Stage B | L=9.4077e+03 (IC=6.314e-01, BC=4.238e-01, PDE=1.432e+06, Qg=3.307e+01, SwB=0.000e+00) | k_frac=4.3655 mD, dp=12.08 MPa | Sw=[0.140,0.633] | 269.0s
2026-02-16 20:34:28 - M5Trainer - INFO -   [k_frac诊断] grad=1.5201e-01, k_frac=4.365509 mD
2026-02-16 20:34:56 - M5Trainer - INFO - [Step  1100/5000] Stage B | L=1.0430e+04 (IC=2.808e-01, BC=3.740e-01, PDE=1.692e+06, Qg=3.312e+01, SwB=0.000e+00) | k_frac=4.1714 mD, dp=12.09 MPa | Sw=[0.137,0.660] | 297.5s
2026-02-16 20:35:27 - M5Trainer - INFO -   [梯度验收] SY9: qg_obs range=[0.0, 838700.0]
2026-02-16 20:35:27 - M5Trainer - INFO - [Step  1200/5000] Stage B | L=1.0996e+04 (IC=7.446e-01, BC=6.476e-01, PDE=1.904e+06, Qg=3.408e+01, SwB=0.000e+00) | k_frac=4.0116 mD, dp=12.11 MPa | Sw=[0.137,0.669] | 328.4s
2026-02-16 20:35:57 - M5Trainer - INFO - [Step  1300/5000] Stage B | L=1.3935e+04 (IC=6.493e-01, BC=6.928e-01, PDE=1.530e+06, Qg=3.855e+01, SwB=0.000e+00) | k_frac=3.7923 mD, dp=12.13 MPa | Sw=[0.138,0.654] | 358.0s
2026-02-16 20:36:26 - M5Trainer - INFO -   [梯度验收] SY9: qg_obs range=[0.0, 838700.0]
2026-02-16 20:36:26 - M5Trainer - INFO - [Step  1400/5000] Stage B | L=9.8423e+03 (IC=9.543e-01, BC=1.075e+00, PDE=1.567e+06, Qg=3.546e+01, SwB=0.000e+00) | k_frac=3.5015 mD, dp=12.16 MPa | Sw=[0.138,0.638] | 387.0s
2026-02-16 20:36:55 - M5Trainer - INFO -   [Sw约束v9] Sw=[0.149, 0.357, 0.549], 权重=300, 惩罚=0.000000 (低=0.0000, 高=0.0000)
2026-02-16 20:36:56 - M5Trainer - INFO -   [Sw监控] SY9: Sw=[0.3191, 0.4287, 0.5173], krg_min=2.599655e-01
2026-02-16 20:36:56 - M5Trainer - INFO - [Step  1500/5000] Stage B | L=8.9159e+03 (IC=8.787e-01, BC=1.982e+00, PDE=1.544e+06, Qg=3.234e+01, SwB=0.000e+00) | k_frac=3.2395 mD, dp=12.20 MPa | Sw=[0.151,0.549] | 417.0s
2026-02-16 20:36:56 - M5Trainer - INFO -   [k_frac诊断] grad=3.8684e-01, k_frac=3.239456 mD
2026-02-16 20:37:26 - M5Trainer - INFO -   [梯度验收] SY9: qg_obs range=[0.0, 838700.0]
2026-02-16 20:37:26 - M5Trainer - INFO - [Step  1600/5000] Stage B | L=1.1989e+04 (IC=1.009e+00, BC=1.054e+00, PDE=1.525e+06, Qg=3.288e+01, SwB=0.000e+00) | k_frac=3.0504 mD, dp=12.27 MPa | Sw=[0.153,0.509] | 447.1s
2026-02-16 20:37:55 - M5Trainer - INFO - [Step  1700/5000] Stage B | L=1.5450e+04 (IC=5.549e-01, BC=6.349e-01, PDE=1.467e+06, Qg=3.618e+01, SwB=0.000e+00) | k_frac=3.0851 mD, dp=12.33 MPa | Sw=[0.151,0.526] | 476.7s
2026-02-16 20:38:26 - M5Trainer - INFO -   [梯度验收] SY9: qg_obs range=[0.0, 838700.0]
2026-02-16 20:38:26 - M5Trainer - INFO - [Step  1800/5000] Stage C | L=2.7715e+04 (IC=1.054e+00, BC=1.238e+00, PDE=1.604e+06, Qg=3.177e+01, SwB=0.000e+00) | k_frac=2.9931 mD, dp=12.39 MPa | Sw=[0.156,0.505] | 507.2s
2026-02-16 20:38:56 - M5Trainer - INFO - [Step  1900/5000] Stage C | L=3.1284e+04 (IC=1.227e+00, BC=1.594e+00, PDE=1.687e+06, Qg=3.533e+01, SwB=0.000e+00) | k_frac=3.0067 mD, dp=12.46 MPa | Sw=[0.145,0.591] | 537.7s
2026-02-16 20:39:27 - M5Trainer - INFO -   [Sw约束v9] Sw=[0.147, 0.413, 0.569], 权重=200, 惩罚=0.000000 (低=0.0000, 高=0.0000)
2026-02-16 20:39:27 - M5Trainer - INFO -   [Sw监控] SY9: Sw=[0.2344, 0.4222, 0.5659], krg_min=2.034519e-01
2026-02-16 20:39:27 - M5Trainer - INFO - [Step  2000/5000] Stage C | L=3.4693e+04 (IC=7.233e-01, BC=1.348e+00, PDE=1.783e+06, Qg=3.253e+01, SwB=0.000e+00) | k_frac=3.0416 mD, dp=12.54 MPa | Sw=[0.150,0.565] | 568.3s
2026-02-16 20:39:27 - M5Trainer - INFO -   [k_frac诊断] grad=-1.7190e-02, k_frac=3.041649 mD
2026-02-16 20:39:58 - M5Trainer - INFO - [Step  2100/5000] Stage C | L=3.4315e+04 (IC=1.585e+00, BC=2.478e+00, PDE=1.467e+06, Qg=3.499e+01, SwB=0.000e+00) | k_frac=3.0054 mD, dp=12.60 MPa | Sw=[0.164,0.572] | 599.3s
2026-02-16 20:40:28 - M5Trainer - INFO - [Step  2200/5000] Stage C | L=3.8917e+04 (IC=9.112e-01, BC=1.043e+00, PDE=1.550e+06, Qg=3.371e+01, SwB=0.000e+00) | k_frac=3.0930 mD, dp=12.65 MPa | Sw=[0.159,0.527] | 629.9s
2026-02-16 20:40:59 - M5Trainer - INFO - [Step  2300/5000] Stage C | L=3.8567e+04 (IC=1.098e+00, BC=1.279e+00, PDE=1.676e+06, Qg=3.263e+01, SwB=0.000e+00) | k_frac=2.9958 mD, dp=12.70 MPa | Sw=[0.150,0.566] | 660.5s
2026-02-16 20:41:30 - M5Trainer - INFO - [Step  2400/5000] Stage C | L=3.6153e+04 (IC=1.240e+00, BC=1.848e+00, PDE=1.525e+06, Qg=3.315e+01, SwB=0.000e+00) | k_frac=3.0551 mD, dp=12.75 MPa | Sw=[0.149,0.587] | 691.5s
2026-02-16 20:42:01 - M5Trainer - INFO -   [Sw约束v9] Sw=[0.150, 0.369, 0.557], 权重=200, 惩罚=0.000000 (低=0.0000, 高=0.0000)
2026-02-16 20:42:01 - M5Trainer - INFO -   [Sw监控] SY9: Sw=[0.2387, 0.3963, 0.5572], krg_min=2.130807e-01
2026-02-16 20:42:02 - M5Trainer - INFO - [Step  2500/5000] Stage C | L=3.4037e+04 (IC=1.331e+00, BC=1.390e+00, PDE=1.473e+06, Qg=3.024e+01, SwB=0.000e+00) | k_frac=3.0069 mD, dp=12.80 MPa | Sw=[0.161,0.555] | 722.9s
2026-02-16 20:42:02 - M5Trainer - INFO -   [k_frac诊断] grad=-4.2505e-01, k_frac=3.006941 mD
2026-02-16 20:42:33 - M5Trainer - INFO - [Step  2600/5000] Stage C | L=4.2536e+04 (IC=5.976e-01, BC=7.634e-01, PDE=1.449e+06, Qg=3.185e+01, SwB=0.000e+00) | k_frac=3.0834 mD, dp=12.85 MPa | Sw=[0.148,0.590] | 754.7s
2026-02-16 20:43:05 - M5Trainer - INFO - [Step  2700/5000] Stage C | L=3.3996e+04 (IC=1.976e+00, BC=1.812e+00, PDE=1.438e+06, Qg=3.157e+01, SwB=0.000e+00) | k_frac=3.0370 mD, dp=12.88 MPa | Sw=[0.164,0.571] | 786.1s
2026-02-16 20:43:36 - M5Trainer - INFO - [Step  2800/5000] Stage C | L=4.0655e+04 (IC=8.761e-01, BC=1.158e+00, PDE=1.433e+06, Qg=3.133e+01, SwB=0.000e+00) | k_frac=3.0203 mD, dp=12.92 MPa | Sw=[0.151,0.609] | 817.7s
2026-02-16 20:44:08 - M5Trainer - INFO - [Step  2900/5000] Stage C | L=3.5972e+04 (IC=1.683e+00, BC=4.222e+00, PDE=1.643e+06, Qg=3.081e+01, SwB=0.000e+00) | k_frac=2.9888 mD, dp=12.98 MPa | Sw=[0.158,0.575] | 849.3s
2026-02-16 20:44:38 - M5Trainer - INFO -   [Sw约束v9] Sw=[0.142, 0.350, 0.614], 权重=200, 惩罚=0.000000 (低=0.0000, 高=0.0000)
2026-02-16 20:44:38 - M5Trainer - INFO -   [Sw监控] SY9: Sw=[0.2558, 0.3965, 0.6043], krg_min=1.636357e-01
2026-02-16 20:44:38 - M5Trainer - INFO - [Step  3000/5000] Stage C | L=3.5606e+04 (IC=1.213e+00, BC=1.978e+00, PDE=1.384e+06, Qg=2.989e+01, SwB=0.000e+00) | k_frac=3.0511 mD, dp=13.03 MPa | Sw=[0.147,0.586] | 879.5s
2026-02-16 20:44:38 - M5Trainer - INFO -   [k_frac诊断] grad=5.0530e-01, k_frac=3.051064 mD
2026-02-16 20:45:09 - M5Trainer - INFO - [Step  3100/5000] Stage C | L=3.6286e+04 (IC=1.003e+00, BC=2.337e+00, PDE=1.344e+06, Qg=2.989e+01, SwB=0.000e+00) | k_frac=3.0127 mD, dp=13.07 MPa | Sw=[0.153,0.604] | 910.0s
2026-02-16 20:45:39 - M5Trainer - INFO - [Step  3200/5000] Stage C | L=4.1259e+04 (IC=7.814e-01, BC=1.888e+00, PDE=1.515e+06, Qg=2.966e+01, SwB=0.000e+00) | k_frac=2.9905 mD, dp=13.12 MPa | Sw=[0.156,0.605] | 940.4s
2026-02-16 20:46:09 - M5Trainer - INFO - [Step  3300/5000] Stage C | L=3.7571e+04 (IC=7.936e-01, BC=1.602e+00, PDE=1.202e+06, Qg=3.006e+01, SwB=0.000e+00) | k_frac=2.9856 mD, dp=13.16 MPa | Sw=[0.155,0.598] | 970.8s
2026-02-16 20:46:40 - M5Trainer - INFO - [Step  3400/5000] Stage C | L=3.6745e+04 (IC=1.284e+00, BC=1.151e+00, PDE=1.241e+06, Qg=2.980e+01, SwB=0.000e+00) | k_frac=2.9908 mD, dp=13.20 MPa | Sw=[0.167,0.585] | 1001.4s
2026-02-16 20:47:10 - M5Trainer - INFO -   [Sw约束v9] Sw=[0.141, 0.345, 0.616], 权重=100, 惩罚=0.000000 (低=0.0000, 高=0.0000)
2026-02-16 20:47:10 - M5Trainer - INFO -   [Sw监控] SY9: Sw=[0.2488, 0.3905, 0.6033], krg_min=1.645666e-01
2026-02-16 20:47:10 - M5Trainer - INFO - [Step  3500/5000] Stage D | L=3.8367e+04 (IC=8.869e-01, BC=1.593e+00, PDE=1.265e+06, Qg=2.983e+01, SwB=0.000e+00) | k_frac=3.0529 mD, dp=13.22 MPa | Sw=[0.151,0.600] | 1031.8s
2026-02-16 20:47:10 - M5Trainer - INFO -   [k_frac诊断] grad=-1.0658e-02, k_frac=3.052885 mD
2026-02-16 20:47:42 - M5Trainer - INFO - [Step  3600/5000] Stage D | L=3.7168e+04 (IC=9.485e-01, BC=1.058e+00, PDE=1.201e+06, Qg=2.885e+01, SwB=0.000e+00) | k_frac=3.0403 mD, dp=13.24 MPa | Sw=[0.156,0.602] | 1063.2s
2026-02-16 20:48:13 - M5Trainer - INFO - [Step  3700/5000] Stage D | L=4.0871e+04 (IC=8.496e-01, BC=1.104e+00, PDE=1.338e+06, Qg=2.941e+01, SwB=0.000e+00) | k_frac=3.0578 mD, dp=13.25 MPa | Sw=[0.149,0.612] | 1094.2s
2026-02-16 20:48:44 - M5Trainer - INFO - [Step  3800/5000] Stage D | L=4.3781e+04 (IC=8.930e-01, BC=9.738e-01, PDE=1.479e+06, Qg=2.873e+01, SwB=0.000e+00) | k_frac=3.0524 mD, dp=13.26 MPa | Sw=[0.142,0.581] | 1125.3s
2026-02-16 20:49:15 - M5Trainer - INFO - [Step  3900/5000] Stage D | L=4.2061e+04 (IC=9.520e-01, BC=1.093e+00, PDE=1.413e+06, Qg=2.917e+01, SwB=0.000e+00) | k_frac=3.0455 mD, dp=13.27 MPa | Sw=[0.147,0.598] | 1156.6s
2026-02-16 20:49:46 - M5Trainer - INFO -   [Sw约束v9] Sw=[0.141, 0.341, 0.610], 权重=100, 惩罚=0.000000 (低=0.0000, 高=0.0000)
2026-02-16 20:49:47 - M5Trainer - INFO -   [Sw监控] SY9: Sw=[0.2546, 0.3900, 0.5989], krg_min=1.689044e-01
2026-02-16 20:49:47 - M5Trainer - INFO - [Step  4000/5000] Stage D | L=3.9566e+04 (IC=1.091e+00, BC=1.014e+00, PDE=1.337e+06, Qg=2.893e+01, SwB=0.000e+00) | k_frac=3.0493 mD, dp=13.28 MPa | Sw=[0.155,0.559] | 1188.1s
2026-02-16 20:49:47 - M5Trainer - INFO -   [k_frac诊断] grad=-9.7246e-02, k_frac=3.049333 mD
2026-02-16 20:50:19 - M5Trainer - INFO - [Step  4100/5000] Stage D | L=3.6512e+04 (IC=1.040e+00, BC=1.089e+00, PDE=1.178e+06, Qg=2.932e+01, SwB=0.000e+00) | k_frac=3.0521 mD, dp=13.29 MPa | Sw=[0.142,0.609] | 1220.4s
2026-02-16 20:50:51 - M5Trainer - INFO - [Step  4200/5000] Stage D | L=3.6891e+04 (IC=1.036e+00, BC=1.145e+00, PDE=1.250e+06, Qg=2.855e+01, SwB=0.000e+00) | k_frac=3.0507 mD, dp=13.29 MPa | Sw=[0.161,0.607] | 1252.5s
2026-02-16 20:51:23 - M5Trainer - INFO - [Step  4300/5000] Stage D | L=3.4373e+04 (IC=9.784e-01, BC=1.063e+00, PDE=1.106e+06, Qg=2.844e+01, SwB=0.000e+00) | k_frac=3.0498 mD, dp=13.30 MPa | Sw=[0.150,0.618] | 1284.4s
2026-02-16 20:51:42 - M5Trainer - INFO - [Step  4400/5000] Stage D | L=3.7618e+04 (IC=8.780e-01, BC=1.163e+00, PDE=1.267e+06, Qg=2.841e+01, SwB=0.000e+00) | k_frac=3.0512 mD, dp=13.30 MPa | Sw=[0.156,0.614] | 1303.5s
2026-02-16 20:51:57 - M5Trainer - INFO -   [Sw约束v9] Sw=[0.141, 0.340, 0.619], 权重=100, 惩罚=0.000000 (低=0.0000, 高=0.0000)
2026-02-16 20:51:57 - M5Trainer - INFO -   [Sw监控] SY9: Sw=[0.2549, 0.3945, 0.6130], krg_min=1.551579e-01
2026-02-16 20:51:57 - M5Trainer - INFO - [Step  4500/5000] Stage D | L=3.5197e+04 (IC=1.023e+00, BC=1.221e+00, PDE=1.194e+06, Qg=2.831e+01, SwB=0.000e+00) | k_frac=3.0567 mD, dp=13.30 MPa | Sw=[0.164,0.595] | 1318.4s
2026-02-16 20:51:57 - M5Trainer - INFO -   [k_frac诊断] grad=-1.4521e-01, k_frac=3.056651 mD
2026-02-16 20:52:12 - M5Trainer - INFO - [Step  4600/5000] Stage D | L=3.7417e+04 (IC=9.852e-01, BC=1.221e+00, PDE=1.292e+06, Qg=2.830e+01, SwB=0.000e+00) | k_frac=3.0582 mD, dp=13.31 MPa | Sw=[0.161,0.607] | 1333.8s
2026-02-16 20:52:28 - M5Trainer - INFO - [Step  4700/5000] Stage D | L=3.3626e+04 (IC=1.022e+00, BC=1.156e+00, PDE=1.114e+06, Qg=2.819e+01, SwB=0.000e+00) | k_frac=3.0579 mD, dp=13.31 MPa | Sw=[0.164,0.614] | 1349.0s
2026-02-16 20:52:43 - M5Trainer - INFO - [Step  4800/5000] Stage D | L=3.4095e+04 (IC=9.922e-01, BC=1.138e+00, PDE=1.134e+06, Qg=2.816e+01, SwB=0.000e+00) | k_frac=3.0573 mD, dp=13.31 MPa | Sw=[0.164,0.603] | 1364.3s
2026-02-16 20:52:59 - M5Trainer - INFO - [Step  4900/5000] Stage D | L=3.3333e+04 (IC=9.536e-01, BC=9.762e-01, PDE=1.069e+06, Qg=2.809e+01, SwB=0.000e+00) | k_frac=3.0573 mD, dp=13.31 MPa | Sw=[0.144,0.617] | 1380.3s
2026-02-16 20:53:14 - M5Trainer - INFO - [Step  4999/5000] Stage D | L=3.5700e+04 (IC=9.590e-01, BC=8.994e-01, PDE=1.179e+06, Qg=2.808e+01, SwB=0.000e+00) | k_frac=3.0573 mD, dp=13.31 MPa | Sw=[0.146,0.609] | 1395.5s
2026-02-16 20:53:14 - M5Trainer - INFO - 
M5 训练完成! 耗时: 1395.5s, 最佳同化损失(qg+whp): 3.3334e+01
2026-02-16 20:53:14 - M5Trainer - INFO - 配置快照已保存: C:\Users\16281\Desktop\cpedc_project\outputs\mk_pinn_dt_v2\resolved_config_m5.json
2026-02-16 20:53:14 - M5Trainer - INFO - 反演参数审计: C:\Users\16281\Desktop\cpedc_project\outputs\mk_pinn_dt_v2\reports\M5_inversion_params.json
2026-02-16 20:53:14 - M5Trainer - INFO -   history 已恢复 (4979 步)
2026-02-16 20:53:14 - M5Trainer - INFO - 已加载 M5 检查点: C:\Users\16281\Desktop\cpedc_project\outputs\mk_pinn_dt_v2\ckpt\m5_pinn_best.pt
2026-02-16 20:53:14 - M5Trainer - INFO - qg 对比图已保存: C:\Users\16281\Desktop\cpedc_project\outputs\mk_pinn_dt_v2\figs\M5_qg_comparison_SY9.png
2026-02-16 20:53:15 - M5Trainer - INFO - p_wf 反演图已保存: C:\Users\16281\Desktop\cpedc_project\outputs\mk_pinn_dt_v2\figs\M5_pwf_inversion_SY9.png
2026-02-16 20:53:15 - M5Trainer - INFO - 训练曲线图已保存: C:\Users\16281\Desktop\cpedc_project\outputs\mk_pinn_dt_v2\figs\M5_training_history.png
2026-02-16 20:53:16 - M5Trainer - INFO - 残差热力图已保存: C:\Users\16281\Desktop\cpedc_project\outputs\mk_pinn_dt_v2\figs\M5_pde_residual_map.png
2026-02-16 20:53:17 - M5Trainer - INFO - M6 连通性分析完成
2026-02-16 20:53:18 - M5Trainer - INFO - M7 水侵预警分析完成
2026-02-16 20:53:18 - M5Trainer - INFO - M5 验收报告已保存: C:\Users\16281\Desktop\cpedc_project\outputs\mk_pinn_dt_v2\reports\M5_validation_report.md
