2026-02-17 15:00:26 - M5Trainer - INFO -   torch.compile 已跳过 (Triton 不支持 Windows, 使用 eager 模式)
2026-02-17 15:00:26 - M5Trainer - INFO - k_frac 独立参数组: lr=5.00e-03 (factor=5.0)
2026-02-17 15:00:27 - M5Trainer - INFO - k_net 学习率: 1.00e-04 (factor=0.1, warmup=2000 steps)
2026-02-17 15:00:27 - M5Trainer - INFO -   井 SY9: 1332 条同化数据 (train=799, val=133, test=400)
    开井点数 (q>1): train=745, val=88, test=121
    有效压力点: val_p=109, test_p=121
2026-02-17 15:00:27 - M5Trainer - INFO -   M3 PVT cg(76.0, 140.32) = 0.009744
2026-02-17 15:00:27 - M5Trainer - INFO -   M3 PVT Bg(76.0, 140.32) = 0.002577
2026-02-17 15:00:27 - M5Trainer - INFO -   PDE 缩放: αx=0.029719, αy=0.074361
2026-02-17 15:00:27 - M5Trainer - INFO - M5Trainer 初始化完成: device=cuda, lr=0.001, max_steps=5000, relobralo=True, rar=True
2026-02-17 15:00:27 - M5Trainer - INFO - ============================================================
2026-02-17 15:00:27 - M5Trainer - INFO - M5 PINN 井—藏耦合同化训练开始
2026-02-17 15:00:27 - M5Trainer - INFO - ============================================================
2026-02-17 15:00:27 - M5Trainer - INFO - 训练阶段: A[0-500] B[500-1750] C[1750-3500] D[3500-5000]
2026-02-17 15:00:27 - M5Trainer - INFO - --- M5 单位/量纲诊断 (train 第 1 步前) ---
2026-02-17 15:00:27 - M5Trainer - INFO -   qg_obs 范围: 0.00e+00 ~ 8.39e+05 m³/d, 均值: 2.97e+05 m³/d
2026-02-17 15:00:27 - M5Trainer - INFO -   qg_pred 范围: 3.85e+05 ~ 3.86e+05
2026-02-17 15:00:27 - M5Trainer - INFO -   p_wf 范围: 7.43e+01 ~ 7.43e+01 MPa
2026-02-17 15:00:27 - M5Trainer - INFO -   p_field @ well: 7.50e+01 MPa
2026-02-17 15:00:27 - M5Trainer - INFO -   k_frac = 5.4020 mD
2026-02-17 15:00:27 - M5Trainer - INFO -   WI_raw = 4.309845e-13 [检查单位]
2026-02-17 15:00:27 - M5Trainer - INFO -   dp_wellbore = 12.00 MPa
2026-02-17 15:00:27 - M5Trainer - INFO -   Bg_ref = 2.576898e-03
2026-02-17 15:00:27 - M5Trainer - INFO -   qg_obs 范围: 0.00e+00 ~ 8.39e+05 m³/d
2026-02-17 15:00:27 - M5Trainer - INFO -   qg_obs 中位数 = 3.07e+05 m³/d
2026-02-17 15:00:27 - M5Trainer - INFO -   ✅ v9: PDE源项已升级为时变 source(x,y,t) = qg_obs(t) * kernel(x,y)
2026-02-17 15:00:27 - M5Trainer - INFO -   ✅ 每个PDE配点使用其时刻对应的真实观测产量（线性插值）
2026-02-17 15:00:27 - M5Trainer - INFO - --- 诊断结束 ---
2026-02-17 15:00:27 - M5Trainer - INFO -   [shape] SY9: qg pred=(1332, 1) vs obs=(1332, 1), p_wf pred=(1332, 1) vs p_obs=(1332, 1)
2026-02-17 15:00:27 - M5Trainer - INFO -   [Sw约束v9] Sw=[0.260, 0.260, 0.260], 权重=500, 惩罚=0.000000 (低=0.0000, 高=0.0000)
2026-02-17 15:00:27 - M5Trainer - INFO -   ✅ k_frac_mD.grad = 1.050976e-01 (PDE梯度贯通)
2026-02-17 15:00:27 - M5Trainer - INFO -   ✅ k_net: 18 组参数收到梯度
2026-02-17 15:00:27 - M5Trainer - INFO -   [梯度验收] SY9: qg_obs range=[0.0, 838700.0]
2026-02-17 15:00:27 - M5Trainer - INFO -   [Sw监控] SY9: Sw=[0.2600, 0.2600, 0.2600], krg_min=6.751000e-01
2026-02-17 15:00:27 - M5Trainer - INFO -   [best更新] val_score=62.5183 (step 0)
2026-02-17 15:00:27 - M5Trainer - INFO - [Step     0/5000] Stage A | L=8.6768e+02 (IC=1.000e+00, BC=1.000e+00, PDE=1.611e+06, Qg=4.403e-01, Qz=1.487e+01, Sd=3.507e-01, SwB=0.000e+00) | k_frac=5.4017 mD, dp=12.00 MPa | Sw=[0.260,0.260] | 0.7s
2026-02-17 15:00:27 - M5Trainer - INFO -   [k_frac诊断] grad=1.0510e-01, k_frac=5.401737 mD
2026-02-17 15:00:40 - M5Trainer - INFO - [Step   100/5000] Stage A | L=3.3869e+02 (IC=1.465e-02, BC=1.823e-02, PDE=1.988e+06, Qg=5.828e-01, Qz=1.055e+00, Sd=3.079e-01, SwB=0.000e+00) | k_frac=5.3058 mD, dp=12.02 MPa | Sw=[0.198,0.493] | 13.9s
2026-02-17 15:00:53 - M5Trainer - INFO -   [梯度验收] SY9: qg_obs range=[0.0, 838700.0]
2026-02-17 15:00:53 - M5Trainer - INFO - [Step   200/5000] Stage A | L=1.8625e+02 (IC=7.430e-02, BC=3.632e-02, PDE=1.739e+06, Qg=4.391e-01, Qz=6.536e-01, Sd=2.880e+01, SwB=1.614e-08) | k_frac=5.1381 mD, dp=12.06 MPa | Sw=[0.137,0.840] | 26.5s
2026-02-17 15:01:06 - M5Trainer - INFO - [Step   300/5000] Stage A | L=3.3201e+02 (IC=3.870e-02, BC=4.331e-02, PDE=1.922e+06, Qg=3.842e-01, Qz=1.425e+00, Sd=3.269e+01, SwB=6.648e-09) | k_frac=5.0878 mD, dp=12.07 MPa | Sw=[0.150,0.644] | 39.9s
2026-02-17 15:01:19 - M5Trainer - INFO -   [梯度验收] SY9: qg_obs range=[0.0, 838700.0]
2026-02-17 15:01:19 - M5Trainer - INFO - [Step   400/5000] Stage A | L=3.3317e+02 (IC=8.363e-02, BC=7.290e-02, PDE=1.875e+06, Qg=4.015e-01, Qz=1.636e+00, Sd=3.514e+01, SwB=0.000e+00) | k_frac=5.0429 mD, dp=12.07 MPa | Sw=[0.134,0.759] | 52.6s
2026-02-17 15:01:32 - M5Trainer - INFO -   [Sw约束v9] Sw=[0.130, 0.364, 0.852], 权重=300, 惩罚=0.000000 (低=0.0000, 高=0.0000)
2026-02-17 15:01:32 - M5Trainer - INFO -   [Sw监控] SY9: Sw=[0.5788, 0.7288, 0.8519], krg_min=1.098770e-02
2026-02-17 15:01:32 - M5Trainer - INFO - [Step   500/5000] Stage B | L=2.9032e+03 (IC=4.408e-02, BC=4.291e-02, PDE=1.602e+06, Qg=3.848e-01, Qz=1.274e+00, Sd=3.651e+01, SwB=3.915e-09) | k_frac=4.9699 mD, dp=12.07 MPa | Sw=[0.135,0.767] | 65.0s
2026-02-17 15:01:32 - M5Trainer - INFO -   [k_frac诊断] grad=-3.6346e-02, k_frac=4.969913 mD
2026-02-17 15:01:44 - M5Trainer - INFO -   [梯度验收] SY9: qg_obs range=[0.0, 838700.0]
2026-02-17 15:01:44 - M5Trainer - INFO - [Step   600/5000] Stage B | L=1.3636e+03 (IC=6.155e-01, BC=8.232e-01, PDE=1.580e+06, Qg=3.855e-01, Qz=2.227e+00, Sd=8.726e-01, SwB=0.000e+00) | k_frac=5.5927 mD, dp=12.26 MPa | Sw=[0.155,0.665] | 77.8s
2026-02-17 15:01:57 - M5Trainer - INFO - [Step   700/5000] Stage B | L=2.2864e+03 (IC=1.558e-01, BC=1.773e-01, PDE=1.903e+06, Qg=3.719e-01, Qz=1.940e+00, Sd=6.505e-01, SwB=0.000e+00) | k_frac=5.8490 mD, dp=12.43 MPa | Sw=[0.138,0.638] | 90.6s
2026-02-17 15:02:10 - M5Trainer - INFO -   [梯度验收] SY9: qg_obs range=[0.0, 838700.0]
2026-02-17 15:02:10 - M5Trainer - INFO - [Step   800/5000] Stage B | L=2.0557e+03 (IC=2.362e-01, BC=1.922e-01, PDE=1.726e+06, Qg=3.546e-01, Qz=2.215e+00, Sd=5.522e-01, SwB=0.000e+00) | k_frac=6.1870 mD, dp=12.72 MPa | Sw=[0.137,0.792] | 103.6s
2026-02-17 15:02:25 - M5Trainer - INFO - [Step   900/5000] Stage B | L=1.7922e+03 (IC=9.900e-02, BC=1.283e-01, PDE=1.468e+06, Qg=3.428e-01, Qz=2.158e+00, Sd=5.904e-01, SwB=0.000e+00) | k_frac=6.4422 mD, dp=13.00 MPa | Sw=[0.133,0.754] | 118.3s
2026-02-17 15:02:38 - M5Trainer - INFO -   [Sw约束v9] Sw=[0.123, 0.322, 0.839], 权重=300, 惩罚=0.000000 (低=0.0000, 高=0.0000)
2026-02-17 15:02:38 - M5Trainer - INFO -   [梯度验收] SY9: qg_obs range=[0.0, 838700.0]
2026-02-17 15:02:38 - M5Trainer - INFO -   [Sw监控] SY9: Sw=[0.1461, 0.4079, 0.8400], krg_min=1.419057e-02
2026-02-17 15:02:38 - M5Trainer - INFO -   [best更新] val_score=47.8658 (step 1000)
2026-02-17 15:02:38 - M5Trainer - INFO - [Step  1000/5000] Stage B | L=1.5695e+03 (IC=3.038e-01, BC=2.942e-01, PDE=1.401e+06, Qg=3.301e-01, Qz=2.220e+00, Sd=5.175e-01, SwB=0.000e+00) | k_frac=6.6207 mD, dp=13.25 MPa | Sw=[0.125,0.673] | 131.3s
2026-02-17 15:02:38 - M5Trainer - INFO -   [k_frac诊断] grad=-2.7541e-01, k_frac=6.620747 mD
2026-02-17 15:02:51 - M5Trainer - INFO - [Step  1100/5000] Stage B | L=2.2678e+03 (IC=1.170e-01, BC=1.537e-01, PDE=1.634e+06, Qg=3.548e-01, Qz=1.268e+00, Sd=5.011e-01, SwB=0.000e+00) | k_frac=6.8099 mD, dp=13.49 MPa | Sw=[0.133,0.571] | 144.8s
2026-02-17 15:03:05 - M5Trainer - INFO -   [梯度验收] SY9: qg_obs range=[0.0, 838700.0]
2026-02-17 15:03:05 - M5Trainer - INFO - [Step  1200/5000] Stage B | L=2.9057e+03 (IC=6.427e-02, BC=1.023e-01, PDE=1.843e+06, Qg=3.432e-01, Qz=1.476e+00, Sd=4.722e-01, SwB=0.000e+00) | k_frac=6.9465 mD, dp=13.73 MPa | Sw=[0.130,0.764] | 158.1s
2026-02-17 15:03:18 - M5Trainer - INFO - [Step  1300/5000] Stage B | L=2.3076e+03 (IC=6.360e-02, BC=6.178e-02, PDE=1.496e+06, Qg=3.459e-01, Qz=1.272e+00, Sd=4.258e-01, SwB=0.000e+00) | k_frac=7.0850 mD, dp=13.96 MPa | Sw=[0.146,0.827] | 171.2s
2026-02-17 15:03:31 - M5Trainer - INFO -   [梯度验收] SY9: qg_obs range=[0.0, 838700.0]
2026-02-17 15:03:31 - M5Trainer - INFO - [Step  1400/5000] Stage B | L=2.2760e+03 (IC=1.051e-01, BC=1.597e-01, PDE=1.533e+06, Qg=3.277e-01, Qz=2.489e+00, Sd=4.289e-01, SwB=0.000e+00) | k_frac=7.2924 mD, dp=14.21 MPa | Sw=[0.141,0.543] | 184.1s
2026-02-17 15:03:44 - M5Trainer - INFO -   [Sw约束v9] Sw=[0.124, 0.336, 0.843], 权重=300, 惩罚=0.000000 (低=0.0000, 高=0.0000)
2026-02-17 15:03:44 - M5Trainer - INFO -   [Sw监控] SY9: Sw=[0.1269, 0.4402, 0.8430], krg_min=1.333863e-02
2026-02-17 15:03:44 - M5Trainer - INFO - [Step  1500/5000] Stage B | L=2.1298e+03 (IC=2.810e-01, BC=2.529e-01, PDE=1.500e+06, Qg=3.525e-01, Qz=1.509e+00, Sd=4.170e-01, SwB=0.000e+00) | k_frac=7.4371 mD, dp=14.44 MPa | Sw=[0.132,0.810] | 197.0s
2026-02-17 15:03:44 - M5Trainer - INFO -   [k_frac诊断] grad=-6.4001e-02, k_frac=7.437129 mD
2026-02-17 15:03:57 - M5Trainer - INFO -   [梯度验收] SY9: qg_obs range=[0.0, 838700.0]
2026-02-17 15:03:57 - M5Trainer - INFO - [Step  1600/5000] Stage B | L=2.5296e+03 (IC=5.153e-02, BC=3.748e-02, PDE=1.487e+06, Qg=3.320e-01, Qz=1.762e+00, Sd=3.884e-01, SwB=0.000e+00) | k_frac=7.5260 mD, dp=14.66 MPa | Sw=[0.158,0.768] | 210.1s
2026-02-17 15:04:10 - M5Trainer - INFO - [Step  1700/5000] Stage B | L=1.9572e+03 (IC=3.152e-01, BC=4.566e-01, PDE=1.425e+06, Qg=3.565e-01, Qz=1.711e+00, Sd=3.793e-01, SwB=0.000e+00) | k_frac=7.6928 mD, dp=14.87 MPa | Sw=[0.122,0.824] | 223.1s
2026-02-17 15:04:23 - M5Trainer - INFO -   [梯度验收] SY9: qg_obs range=[0.0, 838700.0]
2026-02-17 15:04:23 - M5Trainer - INFO - [Step  1800/5000] Stage C | L=1.2167e+04 (IC=1.520e-01, BC=1.687e-01, PDE=1.567e+06, Qg=3.727e-01, Qz=2.669e+00, Sd=3.840e-01, SwB=0.000e+00) | k_frac=7.8704 mD, dp=14.99 MPa | Sw=[0.157,0.737] | 236.2s
2026-02-17 15:04:36 - M5Trainer - INFO - [Step  1900/5000] Stage C | L=1.3461e+04 (IC=1.550e-01, BC=2.241e-01, PDE=1.643e+06, Qg=3.481e-01, Qz=2.600e+00, Sd=3.283e-01, SwB=0.000e+00) | k_frac=8.0252 mD, dp=15.06 MPa | Sw=[0.153,0.670] | 249.2s
2026-02-17 15:04:49 - M5Trainer - INFO -   [Sw约束v9] Sw=[0.123, 0.239, 0.852], 权重=200, 惩罚=0.000000 (低=0.0000, 高=0.0000)
2026-02-17 15:04:49 - M5Trainer - INFO -   [Sw监控] SY9: Sw=[0.1291, 0.4235, 0.8519], krg_min=1.097381e-02
2026-02-17 15:04:49 - M5Trainer - INFO - [Step  2000/5000] Stage C | L=1.6007e+04 (IC=1.201e-01, BC=1.238e-01, PDE=1.697e+06, Qg=3.596e-01, Qz=1.764e+00, Sd=2.878e-01, SwB=3.421e-09) | k_frac=8.1019 mD, dp=15.13 MPa | Sw=[0.124,0.519] | 262.3s
2026-02-17 15:04:49 - M5Trainer - INFO -   [k_frac诊断] grad=-4.6638e-01, k_frac=8.101903 mD
2026-02-17 15:05:02 - M5Trainer - INFO - [Step  2100/5000] Stage C | L=1.1795e+04 (IC=2.712e-01, BC=3.349e-01, PDE=1.409e+06, Qg=3.506e-01, Qz=1.715e+00, Sd=2.977e-01, SwB=5.563e-10) | k_frac=8.3830 mD, dp=15.23 MPa | Sw=[0.125,0.779] | 275.6s
2026-02-17 15:05:16 - M5Trainer - INFO - [Step  2200/5000] Stage C | L=1.5324e+04 (IC=1.320e-01, BC=1.460e-01, PDE=1.492e+06, Qg=3.903e-01, Qz=1.430e+00, Sd=2.918e-01, SwB=5.464e-09) | k_frac=8.5709 mD, dp=15.31 MPa | Sw=[0.121,0.841] | 288.9s
2026-02-17 15:05:29 - M5Trainer - INFO - [Step  2300/5000] Stage C | L=1.6860e+04 (IC=2.092e-01, BC=2.219e-01, PDE=1.615e+06, Qg=3.311e-01, Qz=2.083e+00, Sd=2.731e-01, SwB=7.122e-10) | k_frac=8.7301 mD, dp=15.41 MPa | Sw=[0.123,0.846] | 302.2s
2026-02-17 15:05:42 - M5Trainer - INFO - [Step  2400/5000] Stage C | L=1.4648e+04 (IC=2.612e-01, BC=2.396e-01, PDE=1.472e+06, Qg=3.668e-01, Qz=1.812e+00, Sd=2.678e-01, SwB=4.639e-09) | k_frac=8.8613 mD, dp=15.50 MPa | Sw=[0.120,0.760] | 315.6s
2026-02-17 15:05:55 - M5Trainer - INFO -   [Sw约束v9] Sw=[0.120, 0.227, 0.872], 权重=200, 惩罚=0.000001 (低=0.0000, 高=0.0000)
2026-02-17 15:05:56 - M5Trainer - INFO -   [Sw监控] SY9: Sw=[0.1257, 0.4500, 0.8718], krg_min=6.540054e-03
2026-02-17 15:05:56 - M5Trainer - INFO - [Step  2500/5000] Stage C | L=1.5654e+04 (IC=1.626e-01, BC=1.526e-01, PDE=1.410e+06, Qg=3.510e-01, Qz=1.408e+00, Sd=2.535e-01, SwB=8.913e-07) | k_frac=8.9985 mD, dp=15.61 MPa | Sw=[0.125,0.801] | 328.9s
2026-02-17 15:05:56 - M5Trainer - INFO -   [k_frac诊断] grad=1.0432e+00, k_frac=8.998476 mD
2026-02-17 15:06:09 - M5Trainer - INFO - [Step  2600/5000] Stage C | L=1.4260e+04 (IC=3.086e-01, BC=2.626e-01, PDE=1.400e+06, Qg=3.907e-01, Qz=1.449e+00, Sd=2.510e-01, SwB=1.719e-06) | k_frac=9.1068 mD, dp=15.68 MPa | Sw=[0.129,0.805] | 342.6s
2026-02-17 15:06:23 - M5Trainer - INFO - [Step  2700/5000] Stage C | L=1.5976e+04 (IC=2.007e-01, BC=1.404e-01, PDE=1.376e+06, Qg=3.495e-01, Qz=1.592e+00, Sd=2.396e-01, SwB=2.633e-07) | k_frac=9.1863 mD, dp=15.75 MPa | Sw=[0.125,0.750] | 356.3s
2026-02-17 15:06:37 - M5Trainer - INFO - [Step  2800/5000] Stage C | L=1.5790e+04 (IC=1.913e-01, BC=2.576e-01, PDE=1.379e+06, Qg=3.544e-01, Qz=1.481e+00, Sd=2.247e-01, SwB=2.619e-06) | k_frac=9.2580 mD, dp=15.83 MPa | Sw=[0.121,0.861] | 370.0s
2026-02-17 15:06:50 - M5Trainer - INFO - [Step  2900/5000] Stage C | L=2.0732e+04 (IC=2.159e-01, BC=1.370e-01, PDE=1.569e+06, Qg=3.962e-01, Qz=1.447e+00, Sd=2.442e-01, SwB=3.446e-06) | k_frac=9.4317 mD, dp=15.91 MPa | Sw=[0.120,0.861] | 383.7s
2026-02-17 15:07:04 - M5Trainer - INFO -   [Sw约束v9] Sw=[0.120, 0.220, 0.877], 权重=200, 惩罚=0.000004 (低=0.0000, 高=0.0000)
2026-02-17 15:07:04 - M5Trainer - INFO -   [Sw监控] SY9: Sw=[0.1220, 0.4708, 0.8767], krg_min=5.615918e-03
2026-02-17 15:07:04 - M5Trainer - INFO - [Step  3000/5000] Stage C | L=1.5312e+04 (IC=2.735e-01, BC=2.123e-01, PDE=1.325e+06, Qg=3.993e-01, Qz=1.444e+00, Sd=2.189e-01, SwB=4.330e-06) | k_frac=9.4181 mD, dp=15.96 MPa | Sw=[0.120,0.854] | 397.4s
2026-02-17 15:07:04 - M5Trainer - INFO -   [k_frac诊断] grad=1.5966e+00, k_frac=9.418053 mD
2026-02-17 15:07:18 - M5Trainer - INFO - [Step  3100/5000] Stage C | L=1.4386e+04 (IC=2.689e-01, BC=3.200e-01, PDE=1.296e+06, Qg=3.366e-01, Qz=1.707e+00, Sd=2.246e-01, SwB=1.498e-07) | k_frac=9.5160 mD, dp=16.03 MPa | Sw=[0.120,0.571] | 411.5s
2026-02-17 15:07:32 - M5Trainer - INFO - [Step  3200/5000] Stage C | L=2.0033e+04 (IC=2.033e-01, BC=1.508e-01, PDE=1.446e+06, Qg=3.533e-01, Qz=1.478e+00, Sd=2.192e-01, SwB=2.422e-06) | k_frac=9.5846 mD, dp=16.10 MPa | Sw=[0.120,0.515] | 425.5s
2026-02-17 15:07:47 - M5Trainer - INFO - [Step  3300/5000] Stage C | L=1.5273e+04 (IC=1.668e-01, BC=1.174e-01, PDE=1.162e+06, Qg=3.474e-01, Qz=9.510e-01, Sd=2.162e-01, SwB=4.840e-06) | k_frac=9.6489 mD, dp=16.14 MPa | Sw=[0.120,0.875] | 439.9s
2026-02-17 15:08:01 - M5Trainer - INFO - [Step  3400/5000] Stage C | L=1.4307e+04 (IC=2.371e-01, BC=2.242e-01, PDE=1.185e+06, Qg=3.410e-01, Qz=1.708e+00, Sd=2.064e-01, SwB=3.114e-06) | k_frac=9.6686 mD, dp=16.18 MPa | Sw=[0.120,0.874] | 454.6s
2026-02-17 15:08:16 - M5Trainer - INFO -   [Sw约束v9] Sw=[0.120, 0.216, 0.878], 权重=100, 惩罚=0.000002 (低=0.0000, 高=0.0000)
2026-02-17 15:08:16 - M5Trainer - INFO -   [Sw监控] SY9: Sw=[0.1215, 0.4449, 0.8734], krg_min=6.234548e-03
2026-02-17 15:08:16 - M5Trainer - INFO - [Step  3500/5000] Stage D | L=1.7261e+04 (IC=1.877e-01, BC=1.190e-01, PDE=1.223e+06, Qg=3.404e-01, Qz=1.035e+00, Sd=2.053e-01, SwB=1.892e-06) | k_frac=9.7026 mD, dp=16.21 MPa | Sw=[0.120,0.878] | 469.0s
2026-02-17 15:08:16 - M5Trainer - INFO -   [k_frac诊断] grad=7.7138e-01, k_frac=9.702589 mD
2026-02-17 15:08:30 - M5Trainer - INFO - [Step  3600/5000] Stage D | L=1.5781e+04 (IC=1.592e-01, BC=1.022e-01, PDE=1.145e+06, Qg=3.455e-01, Qz=1.121e+00, Sd=2.021e-01, SwB=4.365e-06) | k_frac=9.7110 mD, dp=16.23 MPa | Sw=[0.120,0.824] | 483.3s
2026-02-17 15:08:44 - M5Trainer - INFO - [Step  3700/5000] Stage D | L=1.8375e+04 (IC=1.657e-01, BC=9.170e-02, PDE=1.263e+06, Qg=3.481e-01, Qz=1.076e+00, Sd=2.019e-01, SwB=4.222e-06) | k_frac=9.7139 mD, dp=16.23 MPa | Sw=[0.120,0.822] | 497.7s
2026-02-17 15:08:59 - M5Trainer - INFO - [Step  3800/5000] Stage D | L=2.1575e+04 (IC=1.986e-01, BC=1.080e-01, PDE=1.408e+06, Qg=3.503e-01, Qz=8.926e-01, Sd=2.001e-01, SwB=3.021e-06) | k_frac=9.7163 mD, dp=16.24 MPa | Sw=[0.120,0.858] | 512.0s
2026-02-17 15:09:13 - M5Trainer - INFO - [Step  3900/5000] Stage D | L=1.9322e+04 (IC=2.337e-01, BC=8.294e-02, PDE=1.325e+06, Qg=3.433e-01, Qz=1.027e+00, Sd=2.009e-01, SwB=3.933e-06) | k_frac=9.7265 mD, dp=16.24 MPa | Sw=[0.120,0.874] | 526.6s
2026-02-17 15:09:28 - M5Trainer - INFO -   [Sw约束v9] Sw=[0.120, 0.207, 0.879], 权重=100, 惩罚=0.000003 (低=0.0000, 高=0.0000)
2026-02-17 15:09:28 - M5Trainer - INFO -   [Sw监控] SY9: Sw=[0.1218, 0.4429, 0.8761], krg_min=5.725719e-03
2026-02-17 15:09:28 - M5Trainer - INFO - [Step  4000/5000] Stage D | L=1.8081e+04 (IC=2.312e-01, BC=1.060e-01, PDE=1.296e+06, Qg=3.374e-01, Qz=1.184e+00, Sd=2.026e-01, SwB=3.358e-06) | k_frac=9.7337 mD, dp=16.25 MPa | Sw=[0.120,0.666] | 541.0s
2026-02-17 15:09:28 - M5Trainer - INFO -   [k_frac诊断] grad=1.1179e-01, k_frac=9.733687 mD
2026-02-17 15:09:42 - M5Trainer - INFO - [Step  4100/5000] Stage D | L=1.4319e+04 (IC=2.633e-01, BC=1.171e-01, PDE=1.138e+06, Qg=3.407e-01, Qz=9.888e-01, Sd=2.021e-01, SwB=5.010e-06) | k_frac=9.7354 mD, dp=16.25 MPa | Sw=[0.120,0.746] | 555.6s
2026-02-17 15:09:57 - M5Trainer - INFO - [Step  4200/5000] Stage D | L=1.6363e+04 (IC=1.260e-01, BC=9.597e-02, PDE=1.175e+06, Qg=3.379e-01, Qz=9.677e-01, Sd=2.022e-01, SwB=4.680e-06) | k_frac=9.7381 mD, dp=16.25 MPa | Sw=[0.120,0.875] | 570.3s
2026-02-17 15:10:12 - M5Trainer - INFO - [Step  4300/5000] Stage D | L=1.3445e+04 (IC=1.666e-01, BC=9.128e-02, PDE=1.063e+06, Qg=3.350e-01, Qz=1.031e+00, Sd=2.024e-01, SwB=4.193e-06) | k_frac=9.7403 mD, dp=16.25 MPa | Sw=[0.120,0.599] | 585.0s
2026-02-17 15:10:26 - M5Trainer - INFO - [Step  4400/5000] Stage D | L=1.5762e+04 (IC=2.754e-01, BC=9.510e-02, PDE=1.213e+06, Qg=3.356e-01, Qz=9.875e-01, Sd=2.018e-01, SwB=3.934e-06) | k_frac=9.7405 mD, dp=16.25 MPa | Sw=[0.120,0.856] | 599.6s
2026-02-17 15:10:41 - M5Trainer - INFO -   [Sw约束v9] Sw=[0.120, 0.203, 0.879], 权重=100, 惩罚=0.000003 (低=0.0000, 高=0.0000)
2026-02-17 15:10:41 - M5Trainer - INFO -   [Sw监控] SY9: Sw=[0.1220, 0.4465, 0.8762], krg_min=5.700611e-03
2026-02-17 15:10:41 - M5Trainer - INFO - [Step  4500/5000] Stage D | L=1.3845e+04 (IC=2.577e-01, BC=9.641e-02, PDE=1.122e+06, Qg=3.361e-01, Qz=1.011e+00, Sd=2.021e-01, SwB=3.493e-06) | k_frac=9.7436 mD, dp=16.26 MPa | Sw=[0.120,0.493] | 614.3s
2026-02-17 15:10:41 - M5Trainer - INFO -   [k_frac诊断] grad=-8.2451e-02, k_frac=9.743629 mD
2026-02-17 15:10:56 - M5Trainer - INFO - [Step  4600/5000] Stage D | L=1.6146e+04 (IC=2.189e-01, BC=1.088e-01, PDE=1.228e+06, Qg=3.336e-01, Qz=9.797e-01, Sd=2.022e-01, SwB=4.188e-06) | k_frac=9.7453 mD, dp=16.26 MPa | Sw=[0.120,0.872] | 629.4s
2026-02-17 15:11:11 - M5Trainer - INFO - [Step  4700/5000] Stage D | L=1.2687e+04 (IC=1.993e-01, BC=1.245e-01, PDE=1.066e+06, Qg=3.350e-01, Qz=9.809e-01, Sd=2.020e-01, SwB=4.533e-06) | k_frac=9.7453 mD, dp=16.26 MPa | Sw=[0.120,0.875] | 644.6s
2026-02-17 15:11:26 - M5Trainer - INFO - [Step  4800/5000] Stage D | L=1.3158e+04 (IC=2.175e-01, BC=9.699e-02, PDE=1.083e+06, Qg=3.335e-01, Qz=9.840e-01, Sd=2.018e-01, SwB=4.244e-06) | k_frac=9.7452 mD, dp=16.26 MPa | Sw=[0.120,0.874] | 659.7s
2026-02-17 15:11:42 - M5Trainer - INFO - [Step  4900/5000] Stage D | L=1.1419e+04 (IC=2.626e-01, BC=1.041e-01, PDE=1.013e+06, Qg=3.331e-01, Qz=9.820e-01, Sd=2.018e-01, SwB=5.118e-06) | k_frac=9.7455 mD, dp=16.26 MPa | Sw=[0.120,0.709] | 675.0s
2026-02-17 15:11:57 - M5Trainer - INFO - [Step  4999/5000] Stage D | L=1.3981e+04 (IC=1.739e-01, BC=1.189e-01, PDE=1.127e+06, Qg=3.328e-01, Qz=9.781e-01, Sd=2.018e-01, SwB=4.579e-06) | k_frac=9.7456 mD, dp=16.26 MPa | Sw=[0.120,0.878] | 690.5s
2026-02-17 15:11:57 - M5Trainer - INFO - 
M5 训练完成! 耗时: 690.5s, 最佳验证分数(val_score): 47.3607
2026-02-17 15:11:57 - M5Trainer - INFO - 配置快照已保存: C:\Users\16281\Desktop\cpedc_project\outputs\mk_pinn_dt_v2\resolved_config_m5.json
2026-02-17 15:11:57 - M5Trainer - INFO - 反演参数审计: C:\Users\16281\Desktop\cpedc_project\outputs\mk_pinn_dt_v2\reports\M5_inversion_params.json
2026-02-17 15:11:57 - M5Trainer - INFO -   history 已恢复 (5000 步)
2026-02-17 15:11:57 - M5Trainer - INFO -   best_step=4999
2026-02-17 15:11:57 - M5Trainer - INFO - 已加载 M5 检查点: C:\Users\16281\Desktop\cpedc_project\outputs\mk_pinn_dt_v2\ckpt\m5_pinn_best.pt
2026-02-17 15:11:57 - M5Trainer - INFO - generate_report: 加载 best checkpoint from C:\Users\16281\Desktop\cpedc_project\outputs\mk_pinn_dt_v2\ckpt\m5_pinn_best.pt
2026-02-17 15:11:57 - M5Trainer - INFO -   history 已恢复 (5000 步)
2026-02-17 15:11:57 - M5Trainer - INFO -   best_step=4999
2026-02-17 15:11:57 - M5Trainer - INFO - 已加载 M5 检查点: C:\Users\16281\Desktop\cpedc_project\outputs\mk_pinn_dt_v2\ckpt\m5_pinn_best.pt
2026-02-17 15:11:57 - M5Trainer - INFO - 反演参数审计: C:\Users\16281\Desktop\cpedc_project\outputs\mk_pinn_dt_v2\reports\M5_inversion_params.json
2026-02-17 15:11:58 - M5Trainer - INFO - qg 对比图已保存: C:\Users\16281\Desktop\cpedc_project\outputs\mk_pinn_dt_v2\figs\M5_qg_comparison_SY9.png
2026-02-17 15:11:58 - M5Trainer - INFO - p_wf 反演图已保存: C:\Users\16281\Desktop\cpedc_project\outputs\mk_pinn_dt_v2\figs\M5_pwf_inversion_SY9.png
2026-02-17 15:11:59 - M5Trainer - INFO - 训练曲线图已保存: C:\Users\16281\Desktop\cpedc_project\outputs\mk_pinn_dt_v2\figs\M5_training_history.png
2026-02-17 15:11:59 - M5Trainer - INFO - 残差热力图已保存: C:\Users\16281\Desktop\cpedc_project\outputs\mk_pinn_dt_v2\figs\M5_pde_residual_map.png
2026-02-17 15:12:00 - M5Trainer - INFO - M6 连通性分析完成
2026-02-17 15:12:01 - M5Trainer - INFO - M7 水侵预警分析完成
2026-02-17 15:12:01 - M5Trainer - INFO -   history 已恢复 (5000 步)
2026-02-17 15:12:01 - M5Trainer - INFO - 已加载 M5 检查点: C:\Users\16281\Desktop\cpedc_project\outputs\mk_pinn_dt_v2\ckpt\m5_pinn_final.pt
2026-02-17 15:12:01 - M5Trainer - INFO -   history 已恢复 (5000 步)
2026-02-17 15:12:01 - M5Trainer - INFO -   best_step=4999
2026-02-17 15:12:01 - M5Trainer - INFO - 已加载 M5 检查点: C:\Users\16281\Desktop\cpedc_project\outputs\mk_pinn_dt_v2\ckpt\m5_pinn_best.pt
2026-02-17 15:12:01 - M5Trainer - INFO - M5 验收报告已保存: C:\Users\16281\Desktop\cpedc_project\outputs\mk_pinn_dt_v2\reports\M5_validation_report.md
