2026-02-10 18:31:23 - M5Trainer - INFO -   torch.compile 已跳过 (Triton 不支持 Windows, 使用 eager 模式)
2026-02-10 18:31:24 - M5Trainer - INFO -   井 SY9: 1025 条同化数据
2026-02-10 18:31:24 - M5Trainer - INFO -   M3 PVT cg(76.0, 141.39) = 0.009744
2026-02-10 18:31:24 - M5Trainer - INFO -   M3 PVT Bg(76.0, 141.39) = 0.002577
2026-02-10 18:31:24 - M5Trainer - INFO -   PDE 缩放: αx=1.017765, αy=2.546600
2026-02-10 18:31:24 - M5Trainer - INFO - M5Trainer 初始化完成: device=cuda, lr=0.001, max_steps=50000, relobralo=True, rar=True
2026-02-10 18:31:24 - M5Trainer - INFO - ============================================================
2026-02-10 18:31:24 - M5Trainer - INFO - M5 PINN 井—藏耦合同化训练开始
2026-02-10 18:31:24 - M5Trainer - INFO - ============================================================
2026-02-10 18:31:24 - M5Trainer - INFO - 训练阶段: A[0-5000] B[5000-17500] C[17500-35000] D[35000-50000]
2026-02-10 18:31:25 - M5Trainer - INFO - [Step     0/50000] Stage A | L=1.6424e+08 (IC=1.000e+00, BC=1.000e+00, PDE=1.642e+10, Qg=5.427e+04) | k=5.00 mD, f=10.0 | Sw=[0.260,0.260] | 0.6s
2026-02-10 18:31:37 - M5Trainer - INFO - [Step   100/50000] Stage A | L=5.2631e+05 (IC=6.302e-01, BC=1.305e-01, PDE=5.263e+07, Qg=1.336e+02) | k=5.00 mD, f=10.0 | Sw=[0.145,0.473] | 13.2s
2026-02-10 18:31:49 - M5Trainer - INFO - [Step   200/50000] Stage A | L=2.0358e-02 (IC=3.260e-02, BC=6.414e-03, PDE=9.426e+04, Qg=6.860e+00) | k=5.00 mD, f=10.0 | Sw=[0.038,0.919] | 25.5s
2026-02-10 18:32:01 - M5Trainer - INFO - [Step   300/50000] Stage A | L=1.6402e-02 (IC=4.062e-03, BC=1.001e-03, PDE=9.296e+04, Qg=6.776e+00) | k=5.00 mD, f=10.0 | Sw=[0.036,0.910] | 37.4s
2026-02-10 18:32:15 - M5Trainer - INFO - [Step   400/50000] Stage A | L=1.4892e-02 (IC=2.732e-03, BC=5.549e-04, PDE=8.338e+04, Qg=6.714e+00) | k=5.00 mD, f=10.0 | Sw=[0.039,0.914] | 50.7s
2026-02-10 18:32:29 - M5Trainer - INFO - [Step   500/50000] Stage A | L=5.2575e-03 (IC=1.837e-03, BC=4.705e-04, PDE=4.599e+04, Qg=6.579e+00) | k=5.00 mD, f=10.0 | Sw=[0.033,0.919] | 64.7s
2026-02-10 18:32:43 - M5Trainer - INFO - [Step   600/50000] Stage A | L=8.3898e-03 (IC=1.589e-03, BC=3.848e-04, PDE=5.649e+04, Qg=6.481e+00) | k=5.00 mD, f=10.0 | Sw=[0.037,0.912] | 78.8s
2026-02-10 18:32:57 - M5Trainer - INFO - [Step   700/50000] Stage A | L=1.8345e-02 (IC=7.228e-04, BC=2.904e-04, PDE=8.087e+04, Qg=6.212e+00) | k=5.00 mD, f=10.0 | Sw=[0.047,0.906] | 92.7s
2026-02-10 18:33:10 - M5Trainer - INFO - [Step   800/50000] Stage A | L=9.6903e-02 (IC=1.016e-03, BC=2.478e-04, PDE=1.805e+05, Qg=5.293e+00) | k=5.00 mD, f=10.0 | Sw=[0.046,0.901] | 106.5s
2026-02-10 18:33:24 - M5Trainer - INFO - [Step   900/50000] Stage A | L=1.5391e-01 (IC=1.353e-03, BC=2.524e-04, PDE=2.176e+05, Qg=4.216e+00) | k=5.00 mD, f=10.0 | Sw=[0.048,0.851] | 120.4s
2026-02-10 18:33:38 - M5Trainer - INFO - [Step  1000/50000] Stage A | L=9.5666e-01 (IC=4.299e-02, BC=6.937e-02, PDE=4.744e+05, Qg=6.783e+00) | k=5.00 mD, f=10.0 | Sw=[0.055,0.873] | 134.2s
2026-02-10 18:33:52 - M5Trainer - INFO - [Step  1100/50000] Stage A | L=8.6700e-02 (IC=9.880e-04, BC=1.590e-04, PDE=1.511e+05, Qg=4.106e+00) | k=5.00 mD, f=10.0 | Sw=[0.141,0.884] | 148.4s
2026-02-10 18:34:05 - M5Trainer - INFO - [Step  1200/50000] Stage A | L=1.8576e-02 (IC=1.499e-03, BC=8.094e-05, PDE=6.432e+04, Qg=7.340e+00) | k=5.00 mD, f=10.0 | Sw=[0.146,0.908] | 160.8s
2026-02-10 18:34:17 - M5Trainer - INFO - [Step  1300/50000] Stage A | L=7.3588e-01 (IC=7.909e-04, BC=4.325e-05, PDE=3.889e+05, Qg=6.358e+00) | k=5.00 mD, f=10.0 | Sw=[0.137,0.859] | 173.1s
2026-02-10 18:34:29 - M5Trainer - INFO - [Step  1400/50000] Stage A | L=1.1084e+01 (IC=2.086e-01, BC=1.528e-01, PDE=1.170e+06, Qg=1.456e+01) | k=5.00 mD, f=10.0 | Sw=[0.019,0.900] | 185.2s
2026-02-10 18:34:41 - M5Trainer - INFO - [Step  1500/50000] Stage A | L=3.6513e-02 (IC=1.490e-03, BC=7.476e-04, PDE=6.677e+04, Qg=7.064e+00) | k=5.00 mD, f=10.0 | Sw=[0.057,0.944] | 197.5s
2026-02-10 18:34:56 - M5Trainer - INFO - [Step  1600/50000] Stage A | L=4.1797e-03 (IC=3.941e-04, BC=8.685e-05, PDE=1.801e+04, Qg=8.823e+00) | k=5.00 mD, f=10.0 | Sw=[0.192,0.930] | 212.1s
2026-02-10 18:35:10 - M5Trainer - INFO - [Step  1700/50000] Stage A | L=1.4828e-03 (IC=1.880e-04, BC=3.218e-05, PDE=1.257e+02, Qg=7.329e+00) | k=5.00 mD, f=10.0 | Sw=[0.198,0.912] | 226.5s
2026-02-10 18:35:24 - M5Trainer - INFO - [Step  1800/50000] Stage A | L=2.8760e-03 (IC=1.913e-04, BC=3.238e-05, PDE=1.197e+04, Qg=6.833e+00) | k=5.00 mD, f=10.0 | Sw=[0.159,0.929] | 240.6s
2026-02-10 18:35:39 - M5Trainer - INFO - [Step  1900/50000] Stage A | L=8.9831e-03 (IC=1.697e-04, BC=3.377e-05, PDE=2.597e+04, Qg=6.727e+00) | k=5.00 mD, f=10.0 | Sw=[0.191,0.909] | 254.6s
2026-02-10 18:35:53 - M5Trainer - INFO - [Step  2000/50000] Stage A | L=1.1174e-02 (IC=1.412e-04, BC=2.664e-05, PDE=2.806e+04, Qg=6.735e+00) | k=5.00 mD, f=10.0 | Sw=[0.162,0.891] | 268.7s
2026-02-10 18:36:08 - M5Trainer - INFO - [Step  2100/50000] Stage A | L=4.0684e-02 (IC=1.183e-02, BC=1.094e-02, PDE=7.105e+03, Qg=7.057e+00) | k=5.00 mD, f=10.0 | Sw=[0.106,0.979] | 283.7s
2026-02-10 18:36:22 - M5Trainer - INFO - [Step  2200/50000] Stage A | L=2.5391e-01 (IC=6.130e-04, BC=7.882e-05, PDE=1.161e+05, Qg=5.238e+00) | k=5.00 mD, f=10.0 | Sw=[0.011,0.933] | 298.1s
2026-02-10 18:36:36 - M5Trainer - INFO - [Step  2300/50000] Stage A | L=1.2113e+02 (IC=4.319e-03, BC=3.834e-03, PDE=2.921e+06, Qg=4.684e+00) | k=5.00 mD, f=10.0 | Sw=[0.194,0.321] | 312.4s
2026-02-10 18:36:51 - M5Trainer - INFO - [Step  2400/50000] Stage A | L=6.7623e+00 (IC=6.276e-03, BC=4.068e-03, PDE=5.620e+05, Qg=3.355e+00) | k=5.00 mD, f=10.0 | Sw=[0.162,0.539] | 326.7s
2026-02-10 18:37:05 - M5Trainer - INFO - [Step  2500/50000] Stage A | L=1.4567e+00 (IC=1.517e-03, BC=1.942e-04, PDE=2.596e+05, Qg=4.809e+00) | k=5.00 mD, f=10.0 | Sw=[0.144,0.659] | 341.3s
2026-02-10 18:37:21 - M5Trainer - INFO - [Step  2600/50000] Stage A | L=8.7323e-01 (IC=1.331e-03, BC=1.509e-04, PDE=1.951e+05, Qg=5.177e+00) | k=5.00 mD, f=9.9 | Sw=[0.166,0.629] | 356.9s
2026-02-10 18:37:35 - M5Trainer - INFO - [Step  2700/50000] Stage A | L=4.9020e-01 (IC=1.543e-02, BC=4.751e-03, PDE=1.270e+05, Qg=5.956e+00) | k=5.00 mD, f=9.9 | Sw=[0.084,0.770] | 371.4s
2026-02-10 18:37:49 - M5Trainer - INFO - [Step  2800/50000] Stage A | L=5.4834e-01 (IC=1.012e-03, BC=1.265e-04, PDE=1.433e+05, Qg=5.478e+00) | k=5.00 mD, f=9.9 | Sw=[0.150,0.633] | 385.0s
2026-02-10 18:38:05 - M5Trainer - INFO - [Step  2900/50000] Stage A | L=3.2638e+00 (IC=7.826e-03, BC=4.384e-03, PDE=3.395e+05, Qg=2.283e+00) | k=5.00 mD, f=9.9 | Sw=[0.166,0.360] | 400.8s
2026-02-10 18:38:20 - M5Trainer - INFO - [Step  3000/50000] Stage A | L=1.2113e+01 (IC=1.497e-03, BC=1.596e-04, PDE=5.843e+05, Qg=2.104e+00) | k=5.00 mD, f=9.9 | Sw=[0.173,0.411] | 416.6s
2026-02-10 18:38:36 - M5Trainer - INFO - [Step  3100/50000] Stage A | L=2.6000e+00 (IC=1.163e-03, BC=8.267e-05, PDE=2.694e+05, Qg=4.521e+00) | k=5.00 mD, f=9.9 | Sw=[0.182,0.656] | 432.5s
2026-02-10 18:38:52 - M5Trainer - INFO - [Step  3200/50000] Stage A | L=1.0278e+00 (IC=1.056e-03, BC=4.176e-05, PDE=1.615e+05, Qg=5.269e+00) | k=5.00 mD, f=9.9 | Sw=[0.185,0.718] | 448.3s
2026-02-10 18:39:08 - M5Trainer - INFO - [Step  3300/50000] Stage A | L=7.9385e-01 (IC=9.100e-04, BC=4.619e-05, PDE=1.341e+05, Qg=5.478e+00) | k=5.00 mD, f=9.9 | Sw=[0.174,0.731] | 464.2s
2026-02-10 18:39:24 - M5Trainer - INFO - [Step  3400/50000] Stage A | L=7.6010e-01 (IC=7.800e-04, BC=1.908e-04, PDE=1.235e+05, Qg=5.574e+00) | k=5.00 mD, f=9.9 | Sw=[0.200,0.764] | 480.0s
2026-02-10 18:39:40 - M5Trainer - INFO - [Step  3500/50000] Stage A | L=8.3185e-01 (IC=7.192e-04, BC=9.471e-05, PDE=1.137e+05, Qg=5.595e+00) | k=5.00 mD, f=9.9 | Sw=[0.178,0.797] | 495.9s
2026-02-10 18:39:56 - M5Trainer - INFO - [Step  3600/50000] Stage A | L=9.2138e-01 (IC=6.987e-04, BC=8.856e-05, PDE=1.150e+05, Qg=5.487e+00) | k=5.00 mD, f=9.9 | Sw=[0.169,0.825] | 512.2s
2026-02-10 18:40:12 - M5Trainer - INFO - [Step  3700/50000] Stage A | L=8.5674e-01 (IC=6.084e-03, BC=4.403e-03, PDE=1.083e+05, Qg=5.514e+00) | k=5.00 mD, f=9.9 | Sw=[0.148,0.733] | 528.4s
2026-02-10 18:40:29 - M5Trainer - INFO - [Step  3800/50000] Stage A | L=1.7502e+00 (IC=5.770e-03, BC=6.419e-03, PDE=1.687e+05, Qg=5.377e+00) | k=5.00 mD, f=9.9 | Sw=[0.172,0.649] | 544.7s
2026-02-10 18:40:45 - M5Trainer - INFO - [Step  3900/50000] Stage A | L=1.7811e+00 (IC=1.211e-03, BC=6.018e-04, PDE=1.547e+05, Qg=5.460e+00) | k=5.00 mD, f=9.9 | Sw=[0.171,0.732] | 561.0s
2026-02-10 18:41:01 - M5Trainer - INFO - [Step  4000/50000] Stage A | L=1.1627e+00 (IC=8.545e-04, BC=9.096e-05, PDE=1.175e+05, Qg=5.604e+00) | k=5.00 mD, f=9.9 | Sw=[0.150,0.715] | 577.3s
2026-02-10 18:41:18 - M5Trainer - INFO - [Step  4100/50000] Stage A | L=1.1323e+00 (IC=8.668e-04, BC=8.045e-05, PDE=1.018e+05, Qg=5.627e+00) | k=5.00 mD, f=9.9 | Sw=[0.160,0.857] | 594.0s
2026-02-10 18:41:35 - M5Trainer - INFO - [Step  4200/50000] Stage A | L=2.0355e+00 (IC=2.495e-03, BC=3.047e-03, PDE=1.359e+05, Qg=5.281e+00) | k=5.00 mD, f=9.9 | Sw=[0.162,0.959] | 610.6s
2026-02-10 18:41:51 - M5Trainer - INFO - [Step  4300/50000] Stage A | L=5.7791e-01 (IC=4.198e-03, BC=5.554e-04, PDE=6.647e+04, Qg=6.204e+00) | k=5.00 mD, f=9.9 | Sw=[0.076,0.976] | 627.2s
2026-02-10 18:42:08 - M5Trainer - INFO - [Step  4400/50000] Stage A | L=9.9645e-02 (IC=2.534e-03, BC=9.699e-04, PDE=2.534e+04, Qg=6.326e+00) | k=5.00 mD, f=9.9 | Sw=[0.078,0.991] | 644.0s
2026-02-10 18:42:25 - M5Trainer - INFO - [Step  4500/50000] Stage A | L=5.9211e+00 (IC=1.152e-03, BC=3.252e-05, PDE=1.982e+05, Qg=4.783e+00) | k=5.00 mD, f=10.0 | Sw=[0.129,0.988] | 660.9s
2026-02-10 18:42:42 - M5Trainer - INFO - [Step  4600/50000] Stage A | L=1.8519e+00 (IC=7.375e-04, BC=4.949e-05, PDE=1.054e+05, Qg=4.919e+00) | k=5.00 mD, f=10.0 | Sw=[0.013,0.988] | 678.2s
2026-02-10 18:42:59 - M5Trainer - INFO - [Step  4700/50000] Stage A | L=3.8951e+00 (IC=2.134e-03, BC=1.607e-03, PDE=1.485e+05, Qg=4.931e+00) | k=5.00 mD, f=9.9 | Sw=[0.081,0.996] | 695.1s
2026-02-10 18:43:15 - M5Trainer - INFO - [Step  4800/50000] Stage A | L=4.0151e+00 (IC=1.192e-03, BC=1.430e-04, PDE=1.374e+05, Qg=4.623e+00) | k=5.00 mD, f=10.0 | Sw=[0.087,0.996] | 710.8s
2026-02-10 18:43:32 - M5Trainer - INFO - [Step  4900/50000] Stage A | L=5.2714e-01 (IC=1.648e-03, BC=1.276e-03, PDE=5.930e+04, Qg=5.323e+00) | k=5.00 mD, f=9.9 | Sw=[0.074,0.994] | 727.7s
2026-02-10 18:43:48 - M5Trainer - INFO - [Step  5000/50000] Stage B | L=5.8368e+02 (IC=9.059e-04, BC=4.900e-04, PDE=2.379e+05, Qg=4.075e+00) | k=5.00 mD, f=9.9 | Sw=[0.170,0.946] | 743.7s
2026-02-10 18:44:05 - M5Trainer - INFO - [Step  5100/50000] Stage B | L=6.2691e+00 (IC=5.755e-03, BC=1.665e-03, PDE=3.786e+03, Qg=7.007e+00) | k=5.00 mD, f=9.9 | Sw=[0.013,0.977] | 760.6s
2026-02-10 18:44:22 - M5Trainer - INFO - [Step  5200/50000] Stage B | L=5.7960e+00 (IC=3.614e-03, BC=7.786e-04, PDE=1.564e+04, Qg=6.839e+00) | k=5.00 mD, f=9.8 | Sw=[0.033,0.998] | 778.1s
2026-02-10 18:44:39 - M5Trainer - INFO - [Step  5300/50000] Stage B | L=3.9790e+00 (IC=9.353e-04, BC=4.237e-03, PDE=5.017e+03, Qg=7.068e+00) | k=5.00 mD, f=9.8 | Sw=[0.152,0.999] | 795.5s
2026-02-10 18:44:56 - M5Trainer - INFO - [Step  5400/50000] Stage B | L=4.6947e+00 (IC=2.387e-03, BC=4.841e-04, PDE=7.750e+03, Qg=6.900e+00) | k=5.00 mD, f=9.8 | Sw=[0.060,0.996] | 812.4s
2026-02-10 18:45:14 - M5Trainer - INFO - [Step  5500/50000] Stage B | L=7.3703e+00 (IC=2.269e-03, BC=2.176e-04, PDE=1.412e+04, Qg=6.830e+00) | k=5.00 mD, f=9.8 | Sw=[0.001,0.999] | 829.8s
2026-02-10 18:45:31 - M5Trainer - INFO - [Step  5600/50000] Stage B | L=7.3095e+00 (IC=2.684e-03, BC=1.127e-03, PDE=1.327e+04, Qg=6.840e+00) | k=5.00 mD, f=9.8 | Sw=[0.091,1.000] | 847.2s
2026-02-10 18:45:49 - M5Trainer - INFO - [Step  5700/50000] Stage B | L=1.1090e+01 (IC=2.411e-03, BC=7.009e-04, PDE=1.859e+04, Qg=6.845e+00) | k=5.00 mD, f=9.8 | Sw=[0.111,1.000] | 865.0s
2026-02-10 18:46:06 - M5Trainer - INFO - [Step  5800/50000] Stage B | L=1.0501e+01 (IC=4.163e-03, BC=5.348e-04, PDE=1.598e+04, Qg=6.840e+00) | k=5.00 mD, f=9.8 | Sw=[0.102,1.000] | 882.3s
2026-02-10 18:46:24 - M5Trainer - INFO - [Step  5900/50000] Stage B | L=1.0679e+01 (IC=2.696e-03, BC=3.920e-04, PDE=1.513e+04, Qg=6.834e+00) | k=5.00 mD, f=9.8 | Sw=[0.038,0.999] | 900.0s
2026-02-10 18:46:42 - M5Trainer - INFO - [Step  6000/50000] Stage B | L=4.2455e+00 (IC=2.353e-02, BC=1.245e-02, PDE=1.025e+04, Qg=6.733e+00) | k=5.00 mD, f=9.8 | Sw=[0.001,0.998] | 917.8s
2026-02-10 18:47:00 - M5Trainer - INFO - [Step  6100/50000] Stage B | L=9.7846e+00 (IC=2.154e-03, BC=2.090e-04, PDE=1.071e+04, Qg=6.847e+00) | k=5.00 mD, f=9.8 | Sw=[0.097,1.000] | 936.1s
2026-02-10 18:47:18 - M5Trainer - INFO - [Step  6200/50000] Stage B | L=1.0516e+01 (IC=5.167e-03, BC=2.994e-03, PDE=1.369e+04, Qg=6.833e+00) | k=5.00 mD, f=9.8 | Sw=[0.001,1.000] | 954.3s
2026-02-10 18:47:36 - M5Trainer - INFO - [Step  6300/50000] Stage B | L=9.0815e+00 (IC=1.630e-03, BC=2.327e-04, PDE=6.248e+03, Qg=6.901e+00) | k=5.00 mD, f=9.8 | Sw=[0.178,1.000] | 972.6s
2026-02-10 18:47:55 - M5Trainer - INFO - [Step  6400/50000] Stage B | L=1.5741e+01 (IC=4.820e-03, BC=1.555e-03, PDE=1.671e+04, Qg=6.846e+00) | k=5.00 mD, f=9.8 | Sw=[0.000,1.000] | 990.9s
2026-02-10 18:48:13 - M5Trainer - INFO - [Step  6500/50000] Stage B | L=1.0246e+01 (IC=2.736e-03, BC=1.069e-03, PDE=8.681e+03, Qg=6.844e+00) | k=5.00 mD, f=9.8 | Sw=[0.202,1.000] | 1009.2s
2026-02-10 18:48:32 - M5Trainer - INFO - [Step  6600/50000] Stage B | L=1.2205e+01 (IC=3.926e-03, BC=1.072e-03, PDE=1.068e+04, Qg=6.841e+00) | k=5.00 mD, f=9.8 | Sw=[0.001,1.000] | 1027.9s
2026-02-10 18:48:50 - M5Trainer - INFO - [Step  6700/50000] Stage B | L=1.2700e+01 (IC=2.696e-03, BC=2.081e-04, PDE=8.929e+03, Qg=6.836e+00) | k=5.00 mD, f=9.8 | Sw=[0.189,1.000] | 1046.5s
2026-02-10 18:49:09 - M5Trainer - INFO - [Step  6800/50000] Stage B | L=2.0115e+01 (IC=1.658e-03, BC=7.034e-04, PDE=1.333e+04, Qg=6.852e+00) | k=5.00 mD, f=9.8 | Sw=[0.143,0.999] | 1065.3s
2026-02-10 18:49:28 - M5Trainer - INFO - [Step  6900/50000] Stage B | L=1.5899e+02 (IC=3.922e-03, BC=2.306e-03, PDE=5.087e+04, Qg=5.338e+00) | k=5.00 mD, f=9.8 | Sw=[0.115,1.000] | 1084.1s
2026-02-10 18:49:47 - M5Trainer - INFO - [Step  7000/50000] Stage B | L=9.6511e+01 (IC=8.438e-03, BC=4.967e-03, PDE=4.284e+04, Qg=5.182e+00) | k=5.00 mD, f=9.8 | Sw=[0.000,0.994] | 1102.9s
2026-02-10 18:50:06 - M5Trainer - INFO - [Step  7100/50000] Stage B | L=2.3257e+02 (IC=1.377e-02, BC=2.304e-03, PDE=6.259e+04, Qg=4.944e+00) | k=5.00 mD, f=9.8 | Sw=[0.001,1.000] | 1122.0s
2026-02-10 18:50:25 - M5Trainer - INFO - [Step  7200/50000] Stage B | L=2.7656e+02 (IC=8.815e-03, BC=6.936e-03, PDE=6.527e+04, Qg=4.749e+00) | k=5.00 mD, f=9.7 | Sw=[0.001,0.994] | 1141.1s
2026-02-10 18:50:44 - M5Trainer - INFO - [Step  7300/50000] Stage B | L=3.0657e+02 (IC=1.096e-02, BC=5.866e-03, PDE=6.334e+04, Qg=4.688e+00) | k=5.00 mD, f=9.7 | Sw=[0.002,0.999] | 1160.1s
2026-02-10 18:51:03 - M5Trainer - INFO - [Step  7400/50000] Stage B | L=5.8065e+02 (IC=4.997e-03, BC=2.296e-03, PDE=6.891e+04, Qg=4.862e+00) | k=5.00 mD, f=9.7 | Sw=[0.033,1.000] | 1179.1s
2026-02-10 18:51:22 - M5Trainer - INFO - [Step  7500/50000] Stage B | L=7.1097e+01 (IC=1.435e-02, BC=7.551e-03, PDE=2.625e+04, Qg=5.685e+00) | k=5.00 mD, f=9.7 | Sw=[0.001,1.000] | 1198.2s
2026-02-10 18:51:41 - M5Trainer - INFO - [Step  7600/50000] Stage B | L=3.5885e+02 (IC=1.886e-02, BC=5.628e-03, PDE=5.749e+04, Qg=4.769e+00) | k=5.00 mD, f=9.7 | Sw=[0.054,0.548] | 1217.6s
2026-02-10 18:52:01 - M5Trainer - INFO - [Step  7700/50000] Stage B | L=4.8197e+02 (IC=1.026e-02, BC=5.456e-03, PDE=5.658e+04, Qg=4.592e+00) | k=5.00 mD, f=9.7 | Sw=[0.000,1.000] | 1237.1s
2026-02-10 18:52:21 - M5Trainer - INFO - [Step  7800/50000] Stage B | L=3.0250e+02 (IC=1.022e-02, BC=8.894e-03, PDE=4.411e+04, Qg=4.792e+00) | k=5.00 mD, f=9.7 | Sw=[0.192,1.000] | 1256.7s
2026-02-10 18:52:40 - M5Trainer - INFO - [Step  7900/50000] Stage B | L=3.9571e+02 (IC=1.875e-02, BC=1.311e-02, PDE=5.269e+04, Qg=4.532e+00) | k=5.00 mD, f=9.7 | Sw=[0.144,1.000] | 1276.2s
2026-02-10 18:53:00 - M5Trainer - INFO - [Step  8000/50000] Stage B | L=5.0388e+02 (IC=4.278e-02, BC=6.205e-02, PDE=7.676e+04, Qg=4.855e+00) | k=5.00 mD, f=9.7 | Sw=[0.071,0.999] | 1295.8s
2026-02-10 18:53:20 - M5Trainer - INFO - [Step  8100/50000] Stage B | L=7.4221e+02 (IC=1.245e-02, BC=7.338e-03, PDE=5.563e+04, Qg=4.603e+00) | k=5.00 mD, f=9.7 | Sw=[0.001,0.450] | 1315.7s
2026-02-10 18:53:40 - M5Trainer - INFO - [Step  8200/50000] Stage B | L=3.6416e+02 (IC=1.784e-02, BC=2.751e-02, PDE=4.332e+04, Qg=4.613e+00) | k=5.00 mD, f=9.7 | Sw=[0.000,1.000] | 1335.6s
2026-02-10 18:53:59 - M5Trainer - INFO - [Step  8300/50000] Stage B | L=1.2510e+02 (IC=2.857e-01, BC=3.137e-01, PDE=5.514e+04, Qg=5.242e+00) | k=5.00 mD, f=9.7 | Sw=[0.064,0.999] | 1355.6s
2026-02-10 18:54:19 - M5Trainer - INFO - [Step  8400/50000] Stage B | L=1.0684e+03 (IC=1.390e-02, BC=5.326e-03, PDE=5.378e+04, Qg=4.630e+00) | k=5.00 mD, f=9.7 | Sw=[0.044,0.997] | 1375.5s
2026-02-10 18:54:40 - M5Trainer - INFO - [Step  8500/50000] Stage B | L=4.6711e+02 (IC=1.653e-02, BC=7.669e-03, PDE=3.468e+04, Qg=5.231e+00) | k=5.00 mD, f=9.7 | Sw=[0.001,0.993] | 1396.5s
2026-02-10 18:55:00 - M5Trainer - INFO - [Step  8600/50000] Stage B | L=4.0145e+02 (IC=2.952e-02, BC=6.359e-03, PDE=3.189e+04, Qg=4.608e+00) | k=5.00 mD, f=9.7 | Sw=[0.003,1.000] | 1415.9s
2026-02-10 18:55:19 - M5Trainer - INFO - [Step  8700/50000] Stage B | L=2.4774e+02 (IC=7.249e-02, BC=7.661e-02, PDE=3.469e+04, Qg=4.647e+00) | k=5.00 mD, f=9.7 | Sw=[0.035,1.000] | 1435.0s
2026-02-10 18:55:38 - M5Trainer - INFO - [Step  8800/50000] Stage B | L=7.3112e+02 (IC=2.829e-02, BC=1.030e-02, PDE=3.888e+04, Qg=4.323e+00) | k=5.00 mD, f=9.6 | Sw=[0.075,1.000] | 1454.0s
2026-02-10 18:55:57 - M5Trainer - INFO - [Step  8900/50000] Stage B | L=6.3406e+02 (IC=1.821e-02, BC=1.029e-02, PDE=3.287e+04, Qg=4.430e+00) | k=5.00 mD, f=9.6 | Sw=[0.007,1.000] | 1473.6s
2026-02-10 18:56:18 - M5Trainer - INFO - [Step  9000/50000] Stage B | L=4.7317e+02 (IC=3.828e-02, BC=1.807e-02, PDE=3.001e+04, Qg=4.517e+00) | k=5.00 mD, f=9.6 | Sw=[0.009,0.356] | 1493.7s
2026-02-10 18:56:38 - M5Trainer - INFO - [Step  9100/50000] Stage B | L=5.4806e+02 (IC=3.201e-02, BC=3.528e-02, PDE=3.104e+04, Qg=4.816e+00) | k=5.00 mD, f=9.6 | Sw=[0.104,1.000] | 1514.1s
2026-02-10 18:56:58 - M5Trainer - INFO - [Step  9200/50000] Stage B | L=5.0081e+02 (IC=2.486e-02, BC=1.457e-02, PDE=2.511e+04, Qg=4.724e+00) | k=5.00 mD, f=9.6 | Sw=[0.028,0.999] | 1534.3s
2026-02-10 18:57:19 - M5Trainer - INFO - [Step  9300/50000] Stage B | L=7.1068e+02 (IC=3.845e-02, BC=1.333e-02, PDE=2.949e+04, Qg=4.603e+00) | k=5.00 mD, f=9.6 | Sw=[0.045,0.999] | 1554.7s
2026-02-10 18:57:39 - M5Trainer - INFO - [Step  9400/50000] Stage B | L=9.7835e+02 (IC=5.863e-02, BC=1.760e-02, PDE=3.504e+04, Qg=4.400e+00) | k=5.00 mD, f=9.6 | Sw=[0.064,0.984] | 1575.1s
2026-02-10 18:58:00 - M5Trainer - INFO - [Step  9500/50000] Stage B | L=7.4036e+02 (IC=4.920e-02, BC=2.821e-02, PDE=2.876e+04, Qg=4.713e+00) | k=5.00 mD, f=9.6 | Sw=[0.076,0.998] | 1595.6s
2026-02-10 18:58:19 - M5Trainer - INFO - [Step  9600/50000] Stage B | L=9.3596e+02 (IC=3.990e-02, BC=2.163e-02, PDE=2.904e+04, Qg=4.413e+00) | k=5.00 mD, f=9.6 | Sw=[0.044,0.999] | 1615.4s
2026-02-10 18:58:40 - M5Trainer - INFO - [Step  9700/50000] Stage B | L=1.8562e+03 (IC=9.379e-02, BC=2.183e-02, PDE=4.598e+04, Qg=4.898e+00) | k=5.00 mD, f=9.6 | Sw=[0.002,0.999] | 1636.2s
2026-02-10 18:59:01 - M5Trainer - INFO - [Step  9800/50000] Stage B | L=1.3171e+03 (IC=4.717e-02, BC=2.636e-02, PDE=3.198e+04, Qg=4.433e+00) | k=5.00 mD, f=9.6 | Sw=[0.037,0.989] | 1657.2s
2026-02-10 18:59:22 - M5Trainer - INFO - [Step  9900/50000] Stage B | L=9.4844e+02 (IC=5.995e-02, BC=2.978e-02, PDE=2.622e+04, Qg=4.708e+00) | k=5.00 mD, f=9.6 | Sw=[0.054,0.999] | 1678.1s
2026-02-10 18:59:43 - M5Trainer - INFO - [Step 10000/50000] Stage B | L=1.0597e+03 (IC=5.354e-02, BC=3.339e-02, PDE=2.591e+04, Qg=4.451e+00) | k=5.00 mD, f=9.5 | Sw=[0.037,0.999] | 1699.3s
2026-02-10 19:00:04 - M5Trainer - INFO - [Step 10100/50000] Stage B | L=7.7415e+02 (IC=3.554e-02, BC=5.217e-02, PDE=2.107e+04, Qg=4.792e+00) | k=5.00 mD, f=9.5 | Sw=[0.073,0.994] | 1720.4s
2026-02-10 19:00:25 - M5Trainer - INFO - [Step 10200/50000] Stage B | L=1.9829e+03 (IC=5.615e-02, BC=1.428e-02, PDE=2.934e+04, Qg=4.493e+00) | k=5.00 mD, f=9.5 | Sw=[0.023,0.997] | 1741.5s
2026-02-10 19:00:46 - M5Trainer - INFO - [Step 10300/50000] Stage B | L=2.1836e+03 (IC=5.224e-02, BC=1.434e-02, PDE=2.902e+04, Qg=4.375e+00) | k=5.00 mD, f=9.5 | Sw=[0.034,1.000] | 1762.5s
2026-02-10 19:01:08 - M5Trainer - INFO - [Step 10400/50000] Stage B | L=1.6665e+03 (IC=6.620e-02, BC=2.515e-02, PDE=2.508e+04, Qg=4.430e+00) | k=5.00 mD, f=9.5 | Sw=[0.007,0.749] | 1783.7s
2026-02-10 19:01:29 - M5Trainer - INFO - [Step 10500/50000] Stage B | L=1.3618e+03 (IC=7.980e-02, BC=2.324e-02, PDE=2.159e+04, Qg=4.596e+00) | k=5.00 mD, f=9.5 | Sw=[0.026,1.000] | 1804.8s
2026-02-10 19:01:50 - M5Trainer - INFO - [Step 10600/50000] Stage B | L=1.6438e+03 (IC=1.063e-01, BC=3.593e-02, PDE=2.375e+04, Qg=4.432e+00) | k=5.00 mD, f=9.5 | Sw=[0.021,1.000] | 1826.2s
2026-02-10 19:02:12 - M5Trainer - INFO - [Step 10700/50000] Stage B | L=1.8442e+03 (IC=8.832e-02, BC=3.507e-02, PDE=2.328e+04, Qg=4.461e+00) | k=5.00 mD, f=9.5 | Sw=[0.020,0.996] | 1847.7s
2026-02-10 19:02:33 - M5Trainer - INFO - [Step 10800/50000] Stage B | L=1.4827e+03 (IC=9.834e-02, BC=6.116e-02, PDE=2.107e+04, Qg=4.566e+00) | k=5.00 mD, f=9.5 | Sw=[0.031,0.999] | 1869.1s
2026-02-10 19:02:54 - M5Trainer - INFO - [Step 10900/50000] Stage B | L=1.7260e+03 (IC=2.132e-01, BC=3.815e-02, PDE=2.168e+04, Qg=4.697e+00) | k=5.00 mD, f=9.5 | Sw=[0.018,0.968] | 1890.5s
2026-02-10 19:03:16 - M5Trainer - INFO - [Step 11000/50000] Stage B | L=1.8247e+03 (IC=1.634e-01, BC=6.094e-02, PDE=2.114e+04, Qg=4.604e+00) | k=5.00 mD, f=9.5 | Sw=[0.017,0.746] | 1912.0s
2026-02-10 19:03:38 - M5Trainer - INFO - [Step 11100/50000] Stage B | L=3.0963e+03 (IC=9.315e-02, BC=2.912e-02, PDE=2.337e+04, Qg=4.519e+00) | k=5.00 mD, f=9.5 | Sw=[0.004,0.977] | 1933.9s
2026-02-10 19:04:00 - M5Trainer - INFO - [Step 11200/50000] Stage B | L=2.3052e+03 (IC=1.062e-01, BC=3.952e-02, PDE=1.955e+04, Qg=4.506e+00) | k=5.00 mD, f=9.5 | Sw=[0.003,0.998] | 1956.3s
2026-02-10 19:04:22 - M5Trainer - INFO - [Step 11300/50000] Stage B | L=1.8405e+03 (IC=1.468e-01, BC=5.402e-02, PDE=1.743e+04, Qg=4.439e+00) | k=5.00 mD, f=9.5 | Sw=[0.019,0.836] | 1978.1s
2026-02-10 19:04:45 - M5Trainer - INFO - [Step 11400/50000] Stage B | L=1.9807e+03 (IC=2.611e-01, BC=4.355e-02, PDE=1.807e+04, Qg=4.562e+00) | k=5.00 mD, f=9.5 | Sw=[0.001,0.858] | 2000.9s
2026-02-10 19:05:06 - M5Trainer - INFO - [Step 11500/50000] Stage B | L=2.1830e+03 (IC=1.815e-01, BC=2.602e-02, PDE=1.663e+04, Qg=4.598e+00) | k=5.00 mD, f=9.5 | Sw=[0.001,0.999] | 2022.1s
2026-02-10 19:05:27 - M5Trainer - INFO - [Step 11600/50000] Stage B | L=2.3245e+03 (IC=3.722e-01, BC=3.118e-02, PDE=1.805e+04, Qg=4.355e+00) | k=5.00 mD, f=9.5 | Sw=[0.011,0.998] | 2043.4s
2026-02-10 19:05:49 - M5Trainer - INFO - [Step 11700/50000] Stage B | L=3.3330e+03 (IC=1.833e-01, BC=3.235e-02, PDE=1.878e+04, Qg=4.562e+00) | k=5.00 mD, f=9.5 | Sw=[0.002,0.999] | 2064.6s
2026-02-10 19:06:10 - M5Trainer - INFO - [Step 11800/50000] Stage B | L=2.3740e+03 (IC=2.071e-01, BC=3.478e-02, PDE=1.512e+04, Qg=4.500e+00) | k=5.00 mD, f=9.5 | Sw=[0.011,0.999] | 2085.8s
2026-02-10 19:06:31 - M5Trainer - INFO - [Step 11900/50000] Stage B | L=3.5606e+03 (IC=2.605e-01, BC=5.091e-02, PDE=1.843e+04, Qg=4.537e+00) | k=5.00 mD, f=9.5 | Sw=[0.006,0.999] | 2107.1s
2026-02-10 19:06:52 - M5Trainer - INFO - [Step 12000/50000] Stage B | L=3.3380e+03 (IC=2.381e-01, BC=4.065e-02, PDE=1.622e+04, Qg=4.485e+00) | k=5.00 mD, f=9.5 | Sw=[0.015,0.972] | 2128.3s
2026-02-10 19:07:15 - M5Trainer - INFO - [Step 12100/50000] Stage B | L=3.8023e+03 (IC=8.175e-02, BC=2.684e-02, PDE=1.503e+04, Qg=4.481e+00) | k=5.00 mD, f=9.5 | Sw=[0.015,0.999] | 2150.7s
2026-02-10 19:07:36 - M5Trainer - INFO - [Step 12200/50000] Stage B | L=3.1009e+03 (IC=1.301e-01, BC=6.711e-02, PDE=1.400e+04, Qg=4.710e+00) | k=5.00 mD, f=9.5 | Sw=[0.012,1.000] | 2172.2s
2026-02-10 19:07:58 - M5Trainer - INFO - [Step 12300/50000] Stage B | L=2.4150e+03 (IC=4.657e-01, BC=6.950e-02, PDE=1.311e+04, Qg=4.781e+00) | k=5.00 mD, f=9.5 | Sw=[0.011,0.998] | 2193.8s
2026-02-10 19:08:20 - M5Trainer - INFO - [Step 12400/50000] Stage B | L=4.1025e+03 (IC=2.952e-01, BC=1.921e-01, PDE=1.736e+04, Qg=4.253e+00) | k=5.00 mD, f=9.5 | Sw=[0.006,0.999] | 2215.6s
2026-02-10 19:08:42 - M5Trainer - INFO - [Step 12500/50000] Stage B | L=3.1047e+03 (IC=3.354e-01, BC=5.648e-02, PDE=1.274e+04, Qg=4.501e+00) | k=5.00 mD, f=9.5 | Sw=[0.011,0.999] | 2237.9s
2026-02-10 19:09:04 - M5Trainer - INFO - [Step 12600/50000] Stage B | L=2.9298e+03 (IC=3.692e-01, BC=7.535e-02, PDE=1.213e+04, Qg=4.508e+00) | k=5.00 mD, f=9.5 | Sw=[0.009,0.999] | 2260.1s
2026-02-10 19:09:27 - M5Trainer - INFO - [Step 12700/50000] Stage B | L=4.6101e+03 (IC=4.419e-01, BC=4.748e-02, PDE=1.431e+04, Qg=4.411e+00) | k=5.00 mD, f=9.5 | Sw=[0.011,1.000] | 2283.0s
2026-02-10 19:09:50 - M5Trainer - INFO - [Step 12800/50000] Stage B | L=4.5062e+03 (IC=3.246e-01, BC=5.394e-02, PDE=1.328e+04, Qg=4.438e+00) | k=5.00 mD, f=9.6 | Sw=[0.008,0.945] | 2305.9s
2026-02-10 19:10:13 - M5Trainer - INFO - [Step 12900/50000] Stage B | L=6.6090e+03 (IC=3.323e-01, BC=6.251e-02, PDE=1.560e+04, Qg=4.253e+00) | k=5.00 mD, f=9.6 | Sw=[0.002,0.991] | 2329.5s
2026-02-10 19:10:35 - M5Trainer - INFO - [Step 13000/50000] Stage B | L=4.2387e+03 (IC=3.617e-01, BC=5.118e-02, PDE=1.186e+04, Qg=4.612e+00) | k=5.00 mD, f=9.6 | Sw=[0.011,1.000] | 2350.6s
2026-02-10 19:10:56 - M5Trainer - INFO - [Step 13100/50000] Stage B | L=4.1773e+03 (IC=4.857e-01, BC=6.937e-02, PDE=1.173e+04, Qg=4.443e+00) | k=5.00 mD, f=9.6 | Sw=[0.007,0.990] | 2371.9s
2026-02-10 19:11:18 - M5Trainer - INFO - [Step 13200/50000] Stage B | L=4.2748e+03 (IC=7.645e-01, BC=2.300e-01, PDE=1.297e+04, Qg=4.506e+00) | k=5.00 mD, f=9.6 | Sw=[0.007,0.993] | 2393.8s
2026-02-10 19:11:39 - M5Trainer - INFO - [Step 13300/50000] Stage B | L=1.6524e+03 (IC=4.473e+00, BC=4.490e+00, PDE=1.120e+04, Qg=4.718e+00) | k=5.00 mD, f=9.6 | Sw=[0.017,1.000] | 2415.4s
2026-02-10 19:12:01 - M5Trainer - INFO - [Step 13400/50000] Stage B | L=5.5636e+03 (IC=5.864e-01, BC=2.758e-01, PDE=1.163e+04, Qg=4.619e+00) | k=5.00 mD, f=9.6 | Sw=[0.012,1.000] | 2437.6s
2026-02-10 19:12:23 - M5Trainer - INFO - [Step 13500/50000] Stage B | L=6.9286e+03 (IC=4.887e-01, BC=4.829e-02, PDE=1.201e+04, Qg=4.371e+00) | k=5.00 mD, f=9.7 | Sw=[0.011,1.000] | 2459.5s
2026-02-10 19:12:45 - M5Trainer - INFO - [Step 13600/50000] Stage B | L=5.3621e+03 (IC=9.474e-01, BC=1.223e-01, PDE=1.060e+04, Qg=4.545e+00) | k=5.00 mD, f=9.7 | Sw=[0.014,0.993] | 2481.1s
2026-02-10 19:13:07 - M5Trainer - INFO - [Step 13700/50000] Stage B | L=4.1777e+03 (IC=6.902e-01, BC=1.411e-01, PDE=9.298e+03, Qg=4.965e+00) | k=5.00 mD, f=9.7 | Sw=[0.017,0.861] | 2502.6s
2026-02-10 19:13:28 - M5Trainer - INFO - [Step 13800/50000] Stage B | L=6.6934e+03 (IC=7.067e-01, BC=1.093e-01, PDE=1.064e+04, Qg=4.479e+00) | k=5.00 mD, f=9.7 | Sw=[0.008,1.000] | 2524.2s
2026-02-10 19:13:50 - M5Trainer - INFO - [Step 13900/50000] Stage B | L=5.9591e+03 (IC=5.998e-01, BC=6.804e-02, PDE=9.394e+03, Qg=4.549e+00) | k=5.00 mD, f=9.7 | Sw=[0.009,1.000] | 2545.8s
2026-02-10 19:14:11 - M5Trainer - INFO - [Step 14000/50000] Stage B | L=6.2793e+03 (IC=6.752e-01, BC=7.719e-02, PDE=9.561e+03, Qg=4.594e+00) | k=5.00 mD, f=9.7 | Sw=[0.003,0.607] | 2567.4s
2026-02-10 19:14:33 - M5Trainer - INFO - [Step 14100/50000] Stage B | L=4.2875e+03 (IC=1.569e+00, BC=9.852e-01, PDE=9.444e+03, Qg=4.613e+00) | k=5.00 mD, f=9.8 | Sw=[0.008,0.763] | 2589.4s
2026-02-10 19:14:55 - M5Trainer - INFO - [Step 14200/50000] Stage B | L=7.5610e+03 (IC=9.969e-01, BC=1.040e-01, PDE=9.652e+03, Qg=4.514e+00) | k=5.00 mD, f=9.8 | Sw=[0.012,0.999] | 2611.4s
2026-02-10 19:15:17 - M5Trainer - INFO - [Step 14300/50000] Stage B | L=6.4850e+03 (IC=9.819e-01, BC=1.002e-01, PDE=8.842e+03, Qg=4.501e+00) | k=5.00 mD, f=9.8 | Sw=[0.014,1.000] | 2633.4s
2026-02-10 19:15:39 - M5Trainer - INFO - [Step 14400/50000] Stage B | L=6.8085e+03 (IC=9.904e-01, BC=1.360e-01, PDE=8.870e+03, Qg=4.694e+00) | k=5.00 mD, f=9.8 | Sw=[0.014,0.998] | 2655.4s
2026-02-10 19:16:01 - M5Trainer - INFO - [Step 14500/50000] Stage B | L=7.4138e+03 (IC=1.043e+00, BC=9.626e-02, PDE=8.691e+03, Qg=4.623e+00) | k=5.00 mD, f=9.9 | Sw=[0.012,0.785] | 2677.4s
2026-02-10 19:16:24 - M5Trainer - INFO - [Step 14600/50000] Stage B | L=3.7843e+03 (IC=7.927e-01, BC=1.458e-01, PDE=6.490e+03, Qg=4.763e+00) | k=5.00 mD, f=9.9 | Sw=[0.013,0.999] | 2700.0s
2026-02-10 19:16:47 - M5Trainer - INFO - [Step 14700/50000] Stage B | L=7.6061e+03 (IC=1.772e+00, BC=1.252e-01, PDE=8.633e+03, Qg=4.411e+00) | k=5.00 mD, f=9.9 | Sw=[0.013,0.991] | 2723.6s
2026-02-10 19:17:11 - M5Trainer - INFO - [Step 14800/50000] Stage B | L=8.1787e+03 (IC=1.145e+00, BC=1.432e-01, PDE=8.564e+03, Qg=4.559e+00) | k=5.00 mD, f=9.9 | Sw=[0.008,0.999] | 2747.2s
2026-02-10 19:17:34 - M5Trainer - INFO - [Step 14900/50000] Stage B | L=6.9728e+03 (IC=1.107e+00, BC=1.261e-01, PDE=7.376e+03, Qg=4.726e+00) | k=5.00 mD, f=9.9 | Sw=[0.003,0.995] | 2769.9s
2026-02-10 19:17:56 - M5Trainer - INFO - [Step 15000/50000] Stage B | L=5.6000e+03 (IC=1.139e+00, BC=2.229e-01, PDE=6.858e+03, Qg=4.680e+00) | k=5.00 mD, f=10.0 | Sw=[0.009,0.999] | 2792.6s
2026-02-10 19:18:20 - M5Trainer - INFO - [Step 15100/50000] Stage B | L=7.5695e+03 (IC=1.128e+00, BC=1.935e-01, PDE=7.463e+03, Qg=4.558e+00) | k=5.00 mD, f=10.0 | Sw=[0.008,0.999] | 2815.6s
2026-02-10 19:18:42 - M5Trainer - INFO - [Step 15200/50000] Stage B | L=8.3292e+03 (IC=1.108e+00, BC=2.777e-01, PDE=7.478e+03, Qg=4.775e+00) | k=5.00 mD, f=10.0 | Sw=[0.012,0.273] | 2838.5s
2026-02-10 19:19:05 - M5Trainer - INFO - [Step 15300/50000] Stage B | L=8.8377e+03 (IC=1.192e+00, BC=1.042e-01, PDE=7.153e+03, Qg=4.763e+00) | k=5.00 mD, f=10.0 | Sw=[0.004,0.975] | 2861.4s
2026-02-10 19:19:28 - M5Trainer - INFO - [Step 15400/50000] Stage B | L=1.0918e+04 (IC=1.768e+00, BC=1.175e-01, PDE=8.495e+03, Qg=4.425e+00) | k=5.00 mD, f=10.0 | Sw=[0.008,0.945] | 2884.5s
2026-02-10 19:19:51 - M5Trainer - INFO - [Step 15500/50000] Stage B | L=9.6341e+03 (IC=1.957e+00, BC=2.280e-01, PDE=7.616e+03, Qg=4.595e+00) | k=5.00 mD, f=10.1 | Sw=[0.005,0.991] | 2907.5s
2026-02-10 19:20:15 - M5Trainer - INFO - [Step 15600/50000] Stage B | L=8.5565e+03 (IC=1.425e+00, BC=1.695e-01, PDE=6.765e+03, Qg=4.615e+00) | k=5.00 mD, f=10.1 | Sw=[0.006,1.000] | 2931.4s
2026-02-10 19:20:39 - M5Trainer - INFO - [Step 15700/50000] Stage B | L=8.0820e+03 (IC=1.558e+00, BC=1.666e-01, PDE=6.382e+03, Qg=4.667e+00) | k=5.00 mD, f=10.1 | Sw=[0.004,0.999] | 2955.0s
2026-02-10 19:21:02 - M5Trainer - INFO - [Step 15800/50000] Stage B | L=1.0483e+04 (IC=2.062e+00, BC=2.542e-01, PDE=7.624e+03, Qg=4.484e+00) | k=5.00 mD, f=10.1 | Sw=[0.008,0.992] | 2978.5s
2026-02-10 19:21:26 - M5Trainer - INFO - [Step 15900/50000] Stage B | L=7.7899e+03 (IC=3.217e+00, BC=1.907e+00, PDE=7.253e+03, Qg=4.564e+00) | k=5.00 mD, f=10.1 | Sw=[0.005,0.990] | 3001.6s
2026-02-10 19:21:48 - M5Trainer - INFO - [Step 16000/50000] Stage B | L=1.5857e+04 (IC=1.883e+00, BC=1.416e-01, PDE=8.533e+03, Qg=4.400e+00) | k=5.00 mD, f=10.2 | Sw=[0.002,0.994] | 3024.5s
2026-02-10 19:22:12 - M5Trainer - INFO - [Step 16100/50000] Stage B | L=1.7969e+04 (IC=1.708e+00, BC=1.710e-01, PDE=8.827e+03, Qg=4.001e+00) | k=5.00 mD, f=10.2 | Sw=[0.007,0.995] | 3048.0s
2026-02-10 19:22:35 - M5Trainer - INFO - [Step 16200/50000] Stage B | L=1.4284e+04 (IC=1.667e+00, BC=1.937e-01, PDE=7.714e+03, Qg=4.349e+00) | k=5.00 mD, f=10.2 | Sw=[0.004,0.998] | 3071.3s
2026-02-10 19:22:58 - M5Trainer - INFO - [Step 16300/50000] Stage B | L=1.2035e+04 (IC=2.146e+00, BC=1.602e-01, PDE=7.023e+03, Qg=4.335e+00) | k=5.00 mD, f=10.2 | Sw=[0.004,0.508] | 3094.6s
2026-02-10 19:23:22 - M5Trainer - INFO - [Step 16400/50000] Stage B | L=1.4748e+04 (IC=1.210e+00, BC=1.474e-01, PDE=7.440e+03, Qg=4.428e+00) | k=5.00 mD, f=10.2 | Sw=[0.002,0.222] | 3117.8s
2026-02-10 19:23:45 - M5Trainer - INFO - [Step 16500/50000] Stage B | L=1.1431e+04 (IC=1.918e+00, BC=2.063e-01, PDE=6.883e+03, Qg=4.004e+00) | k=5.00 mD, f=10.2 | Sw=[0.004,0.997] | 3141.2s
2026-02-10 19:24:09 - M5Trainer - INFO - [Step 16600/50000] Stage B | L=1.9058e+04 (IC=2.072e+00, BC=2.708e-01, PDE=8.679e+03, Qg=4.211e+00) | k=5.00 mD, f=10.3 | Sw=[0.001,0.853] | 3165.0s
2026-02-10 19:24:33 - M5Trainer - INFO - [Step 16700/50000] Stage B | L=1.7201e+04 (IC=1.916e+00, BC=2.858e-01, PDE=9.040e+03, Qg=4.566e+00) | k=5.00 mD, f=10.3 | Sw=[0.002,0.999] | 3188.8s
2026-02-10 19:24:56 - M5Trainer - INFO - [Step 16800/50000] Stage B | L=7.8566e+03 (IC=1.567e+00, BC=2.056e-01, PDE=5.519e+03, Qg=4.499e+00) | k=5.00 mD, f=10.3 | Sw=[0.002,0.757] | 3212.6s
2026-02-10 19:25:20 - M5Trainer - INFO - [Step 16900/50000] Stage B | L=1.1032e+04 (IC=1.733e+00, BC=2.404e-01, PDE=6.205e+03, Qg=4.434e+00) | k=5.00 mD, f=10.3 | Sw=[0.003,0.997] | 3236.4s
2026-02-10 19:25:44 - M5Trainer - INFO - [Step 17000/50000] Stage B | L=1.0502e+04 (IC=1.917e+00, BC=1.035e-01, PDE=5.774e+03, Qg=4.559e+00) | k=5.00 mD, f=10.3 | Sw=[0.004,0.257] | 3260.2s
2026-02-10 19:26:08 - M5Trainer - INFO - [Step 17100/50000] Stage B | L=1.6345e+04 (IC=1.161e+00, BC=1.384e-01, PDE=6.934e+03, Qg=4.156e+00) | k=5.00 mD, f=10.4 | Sw=[0.003,0.943] | 3284.5s
2026-02-10 19:26:33 - M5Trainer - INFO - [Step 17200/50000] Stage B | L=2.1470e+04 (IC=2.196e+00, BC=1.616e-01, PDE=8.695e+03, Qg=4.549e+00) | k=5.00 mD, f=10.4 | Sw=[0.003,0.999] | 3308.8s
2026-02-10 19:26:57 - M5Trainer - INFO - [Step 17300/50000] Stage B | L=1.4364e+04 (IC=1.881e+00, BC=1.756e-01, PDE=6.596e+03, Qg=4.366e+00) | k=5.00 mD, f=10.4 | Sw=[0.002,0.958] | 3333.1s
2026-02-10 21:24:33 - M5Trainer - INFO - [Step 17400/50000] Stage B | L=1.0215e+04 (IC=1.994e+00, BC=1.496e-01, PDE=5.438e+03, Qg=4.564e+00) | k=5.00 mD, f=10.4 | Sw=[0.003,0.996] | 10388.7s
2026-02-10 21:24:59 - M5Trainer - INFO - [Step 17500/50000] Stage C | L=1.5666e+04 (IC=2.934e+00, BC=1.772e-01, PDE=6.677e+03, Qg=4.291e+00) | k=5.00 mD, f=10.4 | Sw=[0.003,0.999] | 10415.2s
2026-02-10 21:25:25 - M5Trainer - INFO - [Step 17600/50000] Stage C | L=1.4890e+04 (IC=1.671e+00, BC=1.852e-01, PDE=6.449e+03, Qg=4.510e+00) | k=5.00 mD, f=10.4 | Sw=[0.004,0.999] | 10441.1s
2026-02-10 21:25:50 - M5Trainer - INFO - [Step 17700/50000] Stage C | L=9.2289e+03 (IC=2.082e+00, BC=2.473e-01, PDE=4.962e+03, Qg=4.424e+00) | k=5.00 mD, f=10.4 | Sw=[0.005,0.995] | 10466.5s
2026-02-10 21:26:16 - M5Trainer - INFO - [Step 17800/50000] Stage C | L=9.9342e+03 (IC=3.066e+00, BC=2.435e-01, PDE=5.163e+03, Qg=4.446e+00) | k=5.00 mD, f=10.5 | Sw=[0.003,0.993] | 10492.5s
2026-02-10 21:26:44 - M5Trainer - INFO - [Step 17900/50000] Stage C | L=1.0688e+04 (IC=2.252e+00, BC=2.200e-01, PDE=5.247e+03, Qg=4.445e+00) | k=5.00 mD, f=10.5 | Sw=[0.002,0.977] | 10520.0s
2026-02-10 21:27:11 - M5Trainer - INFO - [Step 18000/50000] Stage C | L=1.1575e+04 (IC=1.500e+00, BC=2.851e-01, PDE=6.007e+03, Qg=4.407e+00) | k=5.00 mD, f=10.5 | Sw=[0.002,0.999] | 10546.8s
2026-02-10 21:27:38 - M5Trainer - INFO - [Step 18100/50000] Stage C | L=1.3600e+04 (IC=1.902e+00, BC=2.625e-01, PDE=5.922e+03, Qg=4.545e+00) | k=5.00 mD, f=10.5 | Sw=[0.002,0.961] | 10574.4s
2026-02-10 21:28:06 - M5Trainer - INFO - [Step 18200/50000] Stage C | L=5.8595e+03 (IC=3.061e+00, BC=2.925e-01, PDE=3.902e+03, Qg=4.650e+00) | k=5.00 mD, f=10.5 | Sw=[0.004,0.988] | 10601.6s
2026-02-10 21:28:34 - M5Trainer - INFO - [Step 18300/50000] Stage C | L=9.7009e+03 (IC=2.261e+00, BC=2.805e-01, PDE=5.037e+03, Qg=4.170e+00) | k=5.00 mD, f=10.5 | Sw=[0.003,0.945] | 10629.8s
2026-02-10 21:29:02 - M5Trainer - INFO - [Step 18400/50000] Stage C | L=1.1244e+04 (IC=2.541e+00, BC=2.551e-01, PDE=5.130e+03, Qg=4.538e+00) | k=5.00 mD, f=10.6 | Sw=[0.003,1.000] | 10658.2s
2026-02-10 21:29:30 - M5Trainer - INFO - [Step 18500/50000] Stage C | L=1.0254e+04 (IC=1.986e+00, BC=2.615e-01, PDE=4.850e+03, Qg=4.299e+00) | k=4.99 mD, f=10.6 | Sw=[0.001,0.958] | 10685.7s
2026-02-10 21:29:57 - M5Trainer - INFO - [Step 18600/50000] Stage C | L=1.0595e+04 (IC=2.266e+00, BC=2.613e-01, PDE=4.905e+03, Qg=4.310e+00) | k=4.99 mD, f=10.6 | Sw=[0.003,0.990] | 10712.9s
2026-02-10 21:30:23 - M5Trainer - INFO - [Step 18700/50000] Stage C | L=7.9484e+03 (IC=2.736e+00, BC=2.759e-01, PDE=4.246e+03, Qg=4.461e+00) | k=4.99 mD, f=10.6 | Sw=[0.001,0.969] | 10739.5s
2026-02-10 21:30:51 - M5Trainer - INFO - [Step 18800/50000] Stage C | L=8.0938e+03 (IC=2.781e+00, BC=2.485e-01, PDE=4.349e+03, Qg=4.637e+00) | k=4.99 mD, f=10.6 | Sw=[0.002,0.353] | 10767.0s
2026-02-10 21:31:18 - M5Trainer - INFO - [Step 18900/50000] Stage C | L=8.2887e+03 (IC=1.702e+00, BC=2.627e-01, PDE=4.493e+03, Qg=4.354e+00) | k=4.99 mD, f=10.6 | Sw=[0.002,0.996] | 10794.6s
2026-02-10 21:31:46 - M5Trainer - INFO - [Step 19000/50000] Stage C | L=7.6619e+03 (IC=1.453e+00, BC=5.038e-01, PDE=4.141e+03, Qg=4.471e+00) | k=4.99 mD, f=10.6 | Sw=[0.003,0.718] | 10822.1s
2026-02-10 21:32:14 - M5Trainer - INFO - [Step 19100/50000] Stage C | L=6.4525e+03 (IC=1.968e+00, BC=2.962e-01, PDE=3.750e+03, Qg=4.362e+00) | k=4.99 mD, f=10.6 | Sw=[0.002,0.995] | 10850.1s
2026-02-10 21:32:43 - M5Trainer - INFO - [Step 19200/50000] Stage C | L=8.5225e+03 (IC=3.018e+00, BC=2.514e-01, PDE=4.487e+03, Qg=4.520e+00) | k=4.99 mD, f=10.6 | Sw=[0.004,0.997] | 10878.9s
2026-02-10 21:33:11 - M5Trainer - INFO - [Step 19300/50000] Stage C | L=4.6630e+02 (IC=1.828e+00, BC=3.284e-01, PDE=4.383e+03, Qg=4.317e+00) | k=4.99 mD, f=10.6 | Sw=[0.003,0.397] | 10907.2s
2026-02-10 21:33:40 - M5Trainer - INFO - [Step 19400/50000] Stage C | L=1.2533e+04 (IC=1.777e+00, BC=1.884e-01, PDE=5.032e+03, Qg=4.298e+00) | k=4.99 mD, f=10.7 | Sw=[0.002,0.973] | 10936.1s
2026-02-10 21:34:10 - M5Trainer - INFO - [Step 19500/50000] Stage C | L=1.9392e+04 (IC=2.761e+00, BC=2.359e-01, PDE=6.447e+03, Qg=4.157e+00) | k=4.99 mD, f=10.7 | Sw=[0.002,0.985] | 10966.3s
2026-02-10 21:34:39 - M5Trainer - INFO - [Step 19600/50000] Stage C | L=8.3838e+03 (IC=3.075e+00, BC=5.844e-01, PDE=4.276e+03, Qg=4.244e+00) | k=4.99 mD, f=10.7 | Sw=[0.002,0.999] | 10995.0s
2026-02-10 21:35:09 - M5Trainer - INFO - [Step 19700/50000] Stage C | L=8.2086e+03 (IC=1.682e+00, BC=1.907e-01, PDE=3.897e+03, Qg=4.500e+00) | k=4.99 mD, f=10.7 | Sw=[0.002,0.999] | 11024.9s
2026-02-10 21:35:38 - M5Trainer - INFO - [Step 19800/50000] Stage C | L=1.4538e+04 (IC=1.262e+00, BC=2.407e-01, PDE=5.181e+03, Qg=4.224e+00) | k=4.99 mD, f=10.7 | Sw=[0.002,0.884] | 11054.3s
2026-02-10 21:36:08 - M5Trainer - INFO - [Step 19900/50000] Stage C | L=9.0633e+03 (IC=1.399e+00, BC=2.039e-01, PDE=4.082e+03, Qg=4.520e+00) | k=4.99 mD, f=10.7 | Sw=[0.003,0.927] | 11084.1s
2026-02-10 21:36:38 - M5Trainer - INFO - [Step 20000/50000] Stage C | L=8.4844e+03 (IC=1.569e+00, BC=1.998e-01, PDE=3.894e+03, Qg=4.294e+00) | k=4.99 mD, f=10.7 | Sw=[0.002,0.996] | 11113.8s
2026-02-10 21:37:07 - M5Trainer - INFO - [Step 20100/50000] Stage C | L=8.7348e+03 (IC=2.656e+00, BC=2.107e-01, PDE=4.025e+03, Qg=4.426e+00) | k=4.99 mD, f=10.7 | Sw=[0.002,1.000] | 11143.5s
2026-02-10 21:37:37 - M5Trainer - INFO - [Step 20200/50000] Stage C | L=4.1972e+03 (IC=2.126e+00, BC=2.164e-01, PDE=3.159e+03, Qg=4.419e+00) | k=4.99 mD, f=10.7 | Sw=[0.001,0.995] | 11173.5s
2026-02-10 21:38:07 - M5Trainer - INFO - [Step 20300/50000] Stage C | L=7.9205e+03 (IC=1.988e+00, BC=2.861e-01, PDE=4.036e+03, Qg=4.412e+00) | k=4.99 mD, f=10.8 | Sw=[0.002,0.993] | 11203.1s
2026-02-10 21:38:38 - M5Trainer - INFO - [Step 20400/50000] Stage C | L=7.1260e+03 (IC=2.317e+00, BC=2.525e-01, PDE=3.648e+03, Qg=4.399e+00) | k=4.99 mD, f=10.8 | Sw=[0.002,0.996] | 11233.7s
2026-02-10 21:39:09 - M5Trainer - INFO - [Step 20500/50000] Stage C | L=1.0541e+04 (IC=2.103e+00, BC=2.252e-01, PDE=4.290e+03, Qg=4.359e+00) | k=4.99 mD, f=10.8 | Sw=[0.001,0.876] | 11265.4s
2026-02-10 21:39:41 - M5Trainer - INFO - [Step 20600/50000] Stage C | L=9.6991e+03 (IC=1.696e+00, BC=2.287e-01, PDE=4.131e+03, Qg=4.403e+00) | k=4.99 mD, f=10.8 | Sw=[0.002,0.747] | 11296.9s
2026-02-10 21:40:12 - M5Trainer - INFO - [Step 20700/50000] Stage C | L=6.6423e+03 (IC=2.130e+00, BC=1.787e-01, PDE=3.331e+03, Qg=4.435e+00) | k=4.99 mD, f=10.8 | Sw=[0.001,0.995] | 11328.4s
2026-02-10 21:40:44 - M5Trainer - INFO - [Step 20800/50000] Stage C | L=6.4721e+03 (IC=3.415e+00, BC=2.345e-01, PDE=3.372e+03, Qg=4.589e+00) | k=4.99 mD, f=10.8 | Sw=[0.002,0.303] | 11359.9s
2026-02-10 21:41:15 - M5Trainer - INFO - [Step 20900/50000] Stage C | L=8.0774e+03 (IC=2.703e+00, BC=2.285e-01, PDE=3.820e+03, Qg=4.334e+00) | k=4.99 mD, f=10.8 | Sw=[0.001,0.999] | 11391.5s
2026-02-10 21:41:47 - M5Trainer - INFO - [Step 21000/50000] Stage C | L=7.9705e+03 (IC=2.014e+00, BC=2.924e-01, PDE=3.692e+03, Qg=4.631e+00) | k=4.99 mD, f=10.8 | Sw=[0.001,0.767] | 11423.0s
2026-02-10 21:42:18 - M5Trainer - INFO - [Step 21100/50000] Stage C | L=1.1811e+04 (IC=1.746e+00, BC=2.378e-01, PDE=4.557e+03, Qg=4.157e+00) | k=4.99 mD, f=10.9 | Sw=[0.001,0.997] | 11454.4s
2026-02-10 21:42:50 - M5Trainer - INFO - [Step 21200/50000] Stage C | L=8.4269e+03 (IC=2.215e+00, BC=1.854e-01, PDE=3.827e+03, Qg=4.344e+00) | k=4.99 mD, f=10.9 | Sw=[0.002,1.000] | 11486.3s
2026-02-10 21:43:22 - M5Trainer - INFO - [Step 21300/50000] Stage C | L=8.1561e+03 (IC=3.169e+00, BC=2.464e-01, PDE=3.740e+03, Qg=4.389e+00) | k=4.99 mD, f=10.9 | Sw=[0.001,1.000] | 11518.1s
2026-02-10 21:43:54 - M5Trainer - INFO - [Step 21400/50000] Stage C | L=7.0752e+03 (IC=1.817e+00, BC=2.368e-01, PDE=3.694e+03, Qg=4.348e+00) | k=4.99 mD, f=10.9 | Sw=[0.001,0.921] | 11549.8s
2026-02-10 21:44:25 - M5Trainer - INFO - [Step 21500/50000] Stage C | L=9.9315e+03 (IC=2.224e+00, BC=9.473e-01, PDE=4.557e+03, Qg=4.116e+00) | k=4.99 mD, f=10.9 | Sw=[0.001,0.114] | 11581.4s
2026-02-10 21:44:53 - M5Trainer - INFO - [Step 21600/50000] Stage C | L=8.1901e+03 (IC=2.872e+00, BC=2.975e-01, PDE=3.754e+03, Qg=4.177e+00) | k=4.99 mD, f=10.9 | Sw=[0.001,0.968] | 11609.4s
2026-02-10 21:45:21 - M5Trainer - INFO - [Step 21700/50000] Stage C | L=1.1120e+04 (IC=1.704e+00, BC=2.177e-01, PDE=4.175e+03, Qg=4.341e+00) | k=4.99 mD, f=10.9 | Sw=[0.001,0.995] | 11637.4s
2026-02-10 21:45:49 - M5Trainer - INFO - [Step 21800/50000] Stage C | L=7.7991e+03 (IC=2.117e+00, BC=5.401e-01, PDE=3.552e+03, Qg=4.264e+00) | k=4.99 mD, f=10.9 | Sw=[0.001,0.996] | 11665.2s
2026-02-10 21:46:17 - M5Trainer - INFO - [Step 21900/50000] Stage C | L=7.9700e+03 (IC=1.416e+00, BC=2.826e-01, PDE=3.449e+03, Qg=4.340e+00) | k=4.99 mD, f=11.0 | Sw=[0.001,0.999] | 11693.2s
2026-02-10 21:46:45 - M5Trainer - INFO - [Step 22000/50000] Stage C | L=1.3392e+04 (IC=1.488e+00, BC=2.896e-01, PDE=4.632e+03, Qg=4.238e+00) | k=4.99 mD, f=11.0 | Sw=[0.001,0.999] | 11721.1s
2026-02-10 21:47:13 - M5Trainer - INFO - [Step 22100/50000] Stage C | L=1.0987e+04 (IC=1.579e+00, BC=3.213e-01, PDE=4.172e+03, Qg=4.243e+00) | k=4.99 mD, f=11.0 | Sw=[0.001,0.930] | 11749.0s
2026-02-10 21:47:41 - M5Trainer - INFO - [Step 22200/50000] Stage C | L=8.8982e+03 (IC=1.827e+00, BC=2.076e-01, PDE=3.608e+03, Qg=4.264e+00) | k=4.99 mD, f=11.0 | Sw=[0.001,0.998] | 11776.9s
2026-02-10 21:48:09 - M5Trainer - INFO - [Step 22300/50000] Stage C | L=1.0429e+04 (IC=2.362e+00, BC=2.056e-01, PDE=4.008e+03, Qg=4.291e+00) | k=4.99 mD, f=11.0 | Sw=[0.001,1.000] | 11804.8s
2026-02-10 21:48:37 - M5Trainer - INFO - [Step 22400/50000] Stage C | L=9.1596e+03 (IC=2.111e+00, BC=2.648e-01, PDE=3.748e+03, Qg=4.370e+00) | k=4.99 mD, f=11.0 | Sw=[0.001,0.995] | 11832.7s
2026-02-10 21:49:05 - M5Trainer - INFO - [Step 22500/50000] Stage C | L=1.1147e+04 (IC=2.107e+00, BC=2.013e-01, PDE=4.103e+03, Qg=4.314e+00) | k=4.99 mD, f=11.0 | Sw=[0.002,0.849] | 11860.9s
2026-02-10 21:49:33 - M5Trainer - INFO - [Step 22600/50000] Stage C | L=2.1585e+03 (IC=2.357e+00, BC=1.645e-01, PDE=2.072e+03, Qg=4.642e+00) | k=4.99 mD, f=11.0 | Sw=[0.002,0.998] | 11889.3s
2026-02-10 21:50:02 - M5Trainer - INFO - [Step 22700/50000] Stage C | L=6.8969e+03 (IC=1.334e+00, BC=1.377e-01, PDE=3.059e+03, Qg=4.413e+00) | k=4.99 mD, f=11.0 | Sw=[0.001,0.963] | 11917.6s
2026-02-10 21:50:31 - M5Trainer - INFO - [Step 22800/50000] Stage C | L=1.0262e+04 (IC=3.030e+00, BC=1.833e-01, PDE=3.948e+03, Qg=4.334e+00) | k=4.99 mD, f=11.1 | Sw=[0.001,0.981] | 11946.8s
2026-02-10 21:51:00 - M5Trainer - INFO - [Step 22900/50000] Stage C | L=8.3600e+03 (IC=1.504e+00, BC=1.622e-01, PDE=3.437e+03, Qg=4.331e+00) | k=4.99 mD, f=11.1 | Sw=[0.001,0.905] | 11976.1s
2026-02-10 21:51:30 - M5Trainer - INFO - [Step 23000/50000] Stage C | L=1.2825e+04 (IC=2.569e+00, BC=1.355e-01, PDE=4.253e+03, Qg=4.244e+00) | k=4.99 mD, f=11.1 | Sw=[0.001,1.000] | 12006.2s
2026-02-10 21:52:00 - M5Trainer - INFO - [Step 23100/50000] Stage C | L=1.0748e+04 (IC=2.082e+00, BC=1.778e-01, PDE=3.844e+03, Qg=4.267e+00) | k=4.99 mD, f=11.1 | Sw=[0.001,0.995] | 12035.8s
2026-02-10 21:52:28 - M5Trainer - INFO - [Step 23200/50000] Stage C | L=7.4958e+03 (IC=1.857e+00, BC=1.564e-01, PDE=3.200e+03, Qg=4.329e+00) | k=4.99 mD, f=11.1 | Sw=[0.001,0.998] | 12064.4s
2026-02-10 21:52:57 - M5Trainer - INFO - [Step 23300/50000] Stage C | L=6.9357e+03 (IC=1.483e+00, BC=1.553e-01, PDE=3.137e+03, Qg=4.473e+00) | k=4.99 mD, f=11.1 | Sw=[0.001,0.995] | 12092.6s
2026-02-10 21:53:25 - M5Trainer - INFO - [Step 23400/50000] Stage C | L=6.6620e+03 (IC=1.875e+00, BC=2.104e-01, PDE=3.305e+03, Qg=4.281e+00) | k=4.99 mD, f=11.1 | Sw=[0.001,0.997] | 12120.8s
2026-02-10 21:53:53 - M5Trainer - INFO - [Step 23500/50000] Stage C | L=8.0208e+03 (IC=3.068e+00, BC=1.576e-01, PDE=3.409e+03, Qg=4.239e+00) | k=4.99 mD, f=11.1 | Sw=[0.001,0.986] | 12148.9s
2026-02-10 21:54:21 - M5Trainer - INFO - [Step 23600/50000] Stage C | L=1.0325e+04 (IC=1.598e+00, BC=1.691e-01, PDE=3.870e+03, Qg=4.230e+00) | k=4.99 mD, f=11.1 | Sw=[0.001,0.999] | 12177.1s
2026-02-10 21:54:49 - M5Trainer - INFO - [Step 23700/50000] Stage C | L=8.7406e+03 (IC=2.430e+00, BC=2.113e-01, PDE=3.804e+03, Qg=4.278e+00) | k=4.99 mD, f=11.1 | Sw=[0.001,0.902] | 12205.4s
2026-02-10 21:55:18 - M5Trainer - INFO - [Step 23800/50000] Stage C | L=8.9793e+03 (IC=2.699e+00, BC=1.868e-01, PDE=3.658e+03, Qg=4.393e+00) | k=4.99 mD, f=11.2 | Sw=[0.000,0.989] | 12233.7s
2026-02-10 21:55:46 - M5Trainer - INFO - [Step 23900/50000] Stage C | L=7.8331e+03 (IC=2.783e+00, BC=2.974e-01, PDE=3.620e+03, Qg=4.419e+00) | k=4.99 mD, f=11.2 | Sw=[0.001,0.839] | 12261.8s
2026-02-10 21:56:14 - M5Trainer - INFO - [Step 24000/50000] Stage C | L=9.4065e+03 (IC=2.236e+00, BC=2.019e-01, PDE=3.758e+03, Qg=4.178e+00) | k=4.99 mD, f=11.2 | Sw=[0.001,0.998] | 12290.0s
2026-02-10 21:56:43 - M5Trainer - INFO - [Step 24100/50000] Stage C | L=9.3240e+03 (IC=2.253e+00, BC=1.789e-01, PDE=3.699e+03, Qg=4.163e+00) | k=4.99 mD, f=11.2 | Sw=[0.001,0.998] | 12319.3s
2026-02-10 21:57:14 - M5Trainer - INFO - [Step 24200/50000] Stage C | L=7.1523e+03 (IC=1.438e+00, BC=1.920e-01, PDE=3.252e+03, Qg=4.428e+00) | k=4.99 mD, f=11.2 | Sw=[0.001,0.995] | 12349.7s
2026-02-10 21:57:44 - M5Trainer - INFO - [Step 24300/50000] Stage C | L=8.2234e+03 (IC=2.360e+00, BC=1.941e-01, PDE=3.557e+03, Qg=4.246e+00) | k=4.99 mD, f=11.2 | Sw=[0.000,0.991] | 12379.9s
2026-02-10 21:58:13 - M5Trainer - INFO - [Step 24400/50000] Stage C | L=1.0922e+04 (IC=1.844e+00, BC=1.803e-01, PDE=4.005e+03, Qg=4.106e+00) | k=4.99 mD, f=11.2 | Sw=[0.000,0.998] | 12409.4s
2026-02-10 21:58:43 - M5Trainer - INFO - [Step 24500/50000] Stage C | L=4.3314e+03 (IC=2.252e+00, BC=1.604e-01, PDE=2.625e+03, Qg=4.492e+00) | k=4.99 mD, f=11.2 | Sw=[0.001,1.000] | 12439.0s
2026-02-10 21:59:12 - M5Trainer - INFO - [Step 24600/50000] Stage C | L=9.2256e+03 (IC=2.436e+00, BC=1.883e-01, PDE=3.707e+03, Qg=4.292e+00) | k=4.99 mD, f=11.2 | Sw=[0.001,0.992] | 12468.2s
2026-02-10 21:59:42 - M5Trainer - INFO - [Step 24700/50000] Stage C | L=8.5451e+03 (IC=1.755e+00, BC=1.856e-01, PDE=3.534e+03, Qg=4.184e+00) | k=4.99 mD, f=11.3 | Sw=[0.001,0.991] | 12498.0s
2026-02-10 22:00:12 - M5Trainer - INFO - [Step 24800/50000] Stage C | L=9.8481e+03 (IC=1.618e+00, BC=1.836e-01, PDE=3.638e+03, Qg=4.326e+00) | k=4.99 mD, f=11.3 | Sw=[0.001,0.932] | 12527.7s
2026-02-10 22:00:41 - M5Trainer - INFO - [Step 24900/50000] Stage C | L=6.9968e+03 (IC=2.108e+00, BC=1.863e-01, PDE=3.472e+03, Qg=4.270e+00) | k=4.99 mD, f=11.3 | Sw=[0.001,0.995] | 12557.0s
2026-02-10 22:01:10 - M5Trainer - INFO - [Step 25000/50000] Stage C | L=8.4969e+03 (IC=2.733e+00, BC=2.053e-01, PDE=3.505e+03, Qg=4.262e+00) | k=4.99 mD, f=11.3 | Sw=[0.001,0.998] | 12585.9s
2026-02-10 22:01:42 - M5Trainer - INFO - [Step 25100/50000] Stage C | L=8.4385e+03 (IC=2.278e+00, BC=1.404e-01, PDE=3.439e+03, Qg=4.237e+00) | k=4.99 mD, f=11.3 | Sw=[0.001,1.000] | 12618.2s
2026-02-10 22:02:12 - M5Trainer - INFO - [Step 25200/50000] Stage C | L=7.7497e+03 (IC=1.462e+00, BC=1.714e-01, PDE=3.286e+03, Qg=4.204e+00) | k=4.99 mD, f=11.3 | Sw=[0.000,0.811] | 12648.5s
2026-02-10 22:02:43 - M5Trainer - INFO - [Step 25300/50000] Stage C | L=9.3512e+03 (IC=1.310e+00, BC=1.835e-01, PDE=3.822e+03, Qg=4.238e+00) | k=4.99 mD, f=11.3 | Sw=[0.001,0.999] | 12679.1s
2026-02-10 22:03:15 - M5Trainer - INFO - [Step 25400/50000] Stage C | L=9.4896e+03 (IC=2.416e+00, BC=1.888e-01, PDE=3.782e+03, Qg=4.190e+00) | k=4.99 mD, f=11.3 | Sw=[0.001,1.000] | 12710.9s
2026-02-10 22:03:45 - M5Trainer - INFO - [Step 25500/50000] Stage C | L=8.3185e+03 (IC=1.746e+00, BC=1.578e-01, PDE=3.556e+03, Qg=4.224e+00) | k=4.99 mD, f=11.3 | Sw=[0.000,0.995] | 12740.9s
2026-02-10 22:04:14 - M5Trainer - INFO - [Step 25600/50000] Stage C | L=6.6131e+03 (IC=1.843e+00, BC=1.729e-01, PDE=3.029e+03, Qg=4.289e+00) | k=4.99 mD, f=11.3 | Sw=[0.000,0.649] | 12769.6s
2026-02-10 22:04:43 - M5Trainer - INFO - [Step 25700/50000] Stage C | L=8.7538e+03 (IC=2.661e+00, BC=1.812e-01, PDE=3.553e+03, Qg=4.261e+00) | k=4.99 mD, f=11.3 | Sw=[0.001,0.996] | 12799.6s
2026-02-10 22:05:13 - M5Trainer - INFO - [Step 25800/50000] Stage C | L=7.1397e+03 (IC=1.976e+00, BC=1.945e-01, PDE=3.299e+03, Qg=4.060e+00) | k=4.99 mD, f=11.3 | Sw=[0.001,0.996] | 12829.3s
2026-02-10 22:05:43 - M5Trainer - INFO - [Step 25900/50000] Stage C | L=7.9170e+03 (IC=1.258e+00, BC=1.619e-01, PDE=3.196e+03, Qg=4.233e+00) | k=4.99 mD, f=11.4 | Sw=[0.001,1.000] | 12858.7s
2026-02-10 22:06:13 - M5Trainer - INFO - [Step 26000/50000] Stage C | L=6.5377e+03 (IC=1.535e+00, BC=1.560e-01, PDE=3.203e+03, Qg=4.225e+00) | k=4.99 mD, f=11.4 | Sw=[0.000,0.964] | 12888.7s
2026-02-10 22:06:43 - M5Trainer - INFO - [Step 26100/50000] Stage C | L=8.7134e+03 (IC=1.741e+00, BC=1.954e-01, PDE=3.760e+03, Qg=4.151e+00) | k=4.99 mD, f=11.4 | Sw=[0.001,0.459] | 12919.0s
2026-02-10 22:07:12 - M5Trainer - INFO - [Step 26200/50000] Stage C | L=7.6884e+03 (IC=2.554e+00, BC=2.272e-01, PDE=3.489e+03, Qg=4.080e+00) | k=4.99 mD, f=11.4 | Sw=[0.001,0.995] | 12948.5s
2026-02-10 22:07:42 - M5Trainer - INFO - [Step 26300/50000] Stage C | L=6.7827e+03 (IC=1.691e+00, BC=3.570e-01, PDE=3.232e+03, Qg=4.135e+00) | k=4.99 mD, f=11.4 | Sw=[0.000,0.996] | 12978.1s
2026-02-10 22:08:12 - M5Trainer - INFO - [Step 26400/50000] Stage C | L=1.0544e+04 (IC=2.107e+00, BC=1.971e-01, PDE=3.952e+03, Qg=4.140e+00) | k=4.99 mD, f=11.4 | Sw=[0.001,0.708] | 13007.9s
2026-02-10 22:08:41 - M5Trainer - INFO - [Step 26500/50000] Stage C | L=5.2029e+03 (IC=2.108e+00, BC=2.046e-01, PDE=2.750e+03, Qg=4.267e+00) | k=4.99 mD, f=11.4 | Sw=[0.001,0.847] | 13036.9s
2026-02-10 22:09:11 - M5Trainer - INFO - [Step 26600/50000] Stage C | L=5.9158e+03 (IC=1.038e+01, BC=9.393e+00, PDE=3.550e+03, Qg=4.061e+00) | k=4.99 mD, f=11.4 | Sw=[0.001,0.939] | 13067.3s
2026-02-10 22:09:43 - M5Trainer - INFO - [Step 26700/50000] Stage C | L=9.6623e+03 (IC=1.859e+00, BC=2.045e-01, PDE=3.671e+03, Qg=4.130e+00) | k=4.99 mD, f=11.4 | Sw=[0.001,0.996] | 13098.6s
2026-02-10 22:10:14 - M5Trainer - INFO - [Step 26800/50000] Stage C | L=6.8502e+03 (IC=1.178e+01, BC=9.242e+00, PDE=3.952e+03, Qg=4.146e+00) | k=4.99 mD, f=11.4 | Sw=[0.000,0.966] | 13129.8s
2026-02-10 22:10:44 - M5Trainer - INFO - [Step 26900/50000] Stage C | L=6.9742e+03 (IC=1.043e+00, BC=2.175e-01, PDE=3.011e+03, Qg=4.127e+00) | k=4.99 mD, f=11.4 | Sw=[0.001,0.999] | 13160.4s
2026-02-10 22:11:15 - M5Trainer - INFO - [Step 27000/50000] Stage C | L=1.0299e+04 (IC=2.055e+00, BC=1.266e-01, PDE=3.605e+03, Qg=4.139e+00) | k=4.99 mD, f=11.4 | Sw=[0.000,0.998] | 13191.4s
2026-02-10 22:11:46 - M5Trainer - INFO - [Step 27100/50000] Stage C | L=8.3481e+03 (IC=1.826e+00, BC=1.229e-01, PDE=3.317e+03, Qg=4.143e+00) | k=4.99 mD, f=11.5 | Sw=[0.001,0.982] | 13222.4s
2026-02-10 22:12:18 - M5Trainer - INFO - [Step 27200/50000] Stage C | L=4.8321e+03 (IC=2.069e+00, BC=1.876e-01, PDE=2.940e+03, Qg=4.238e+00) | k=4.99 mD, f=11.5 | Sw=[0.000,0.995] | 13254.2s
2026-02-10 22:12:50 - M5Trainer - INFO - [Step 27300/50000] Stage C | L=9.5524e+03 (IC=1.235e+00, BC=1.503e-01, PDE=3.412e+03, Qg=4.209e+00) | k=4.99 mD, f=11.5 | Sw=[0.000,0.990] | 13285.6s
2026-02-10 22:13:21 - M5Trainer - INFO - [Step 27400/50000] Stage C | L=7.7396e+03 (IC=1.650e+00, BC=1.453e-01, PDE=3.134e+03, Qg=4.170e+00) | k=4.99 mD, f=11.5 | Sw=[0.000,0.998] | 13317.1s
2026-02-10 22:13:53 - M5Trainer - INFO - [Step 27500/50000] Stage C | L=7.7828e+03 (IC=3.089e+00, BC=1.480e-01, PDE=3.174e+03, Qg=4.191e+00) | k=4.99 mD, f=11.5 | Sw=[0.000,0.882] | 13349.4s
2026-02-10 22:14:25 - M5Trainer - INFO - [Step 27600/50000] Stage C | L=6.9532e+03 (IC=2.477e+00, BC=1.303e-01, PDE=2.969e+03, Qg=4.288e+00) | k=4.99 mD, f=11.5 | Sw=[0.000,1.000] | 13381.5s
2026-02-10 22:14:57 - M5Trainer - INFO - [Step 27700/50000] Stage C | L=8.8687e+03 (IC=1.797e+00, BC=4.511e-01, PDE=3.383e+03, Qg=4.069e+00) | k=4.99 mD, f=11.5 | Sw=[0.001,0.997] | 13413.3s
2026-02-10 22:15:30 - M5Trainer - INFO - [Step 27800/50000] Stage C | L=8.4764e+03 (IC=1.194e+00, BC=1.536e-01, PDE=3.404e+03, Qg=4.053e+00) | k=4.99 mD, f=11.5 | Sw=[0.000,0.990] | 13445.6s
2026-02-10 22:16:01 - M5Trainer - INFO - [Step 27900/50000] Stage C | L=6.1244e+03 (IC=2.382e+00, BC=4.782e-01, PDE=3.246e+03, Qg=4.072e+00) | k=4.99 mD, f=11.5 | Sw=[0.000,0.986] | 13477.1s
2026-02-10 22:16:33 - M5Trainer - INFO - [Step 28000/50000] Stage C | L=9.4466e+03 (IC=1.508e+00, BC=2.057e-01, PDE=3.399e+03, Qg=4.039e+00) | k=4.99 mD, f=11.5 | Sw=[0.001,0.994] | 13508.6s
2026-02-10 22:17:04 - M5Trainer - INFO - [Step 28100/50000] Stage C | L=1.1349e+04 (IC=2.393e+00, BC=1.510e-01, PDE=3.801e+03, Qg=4.057e+00) | k=4.99 mD, f=11.5 | Sw=[0.000,0.996] | 13540.2s
2026-02-10 22:17:35 - M5Trainer - INFO - [Step 28200/50000] Stage C | L=7.9914e+03 (IC=2.299e+00, BC=1.410e-01, PDE=3.185e+03, Qg=4.032e+00) | k=4.99 mD, f=11.6 | Sw=[0.001,0.595] | 13571.4s
2026-02-10 22:18:07 - M5Trainer - INFO - [Step 28300/50000] Stage C | L=9.1154e+03 (IC=1.092e+00, BC=1.529e-01, PDE=3.323e+03, Qg=4.118e+00) | k=4.99 mD, f=11.6 | Sw=[0.000,0.987] | 13602.7s
2026-02-10 22:18:38 - M5Trainer - INFO - [Step 28400/50000] Stage C | L=7.6114e+03 (IC=1.611e+00, BC=1.331e-01, PDE=3.059e+03, Qg=4.198e+00) | k=4.99 mD, f=11.6 | Sw=[0.001,0.994] | 13633.8s
2026-02-10 22:19:09 - M5Trainer - INFO - [Step 28500/50000] Stage C | L=5.6545e+03 (IC=1.188e+00, BC=1.468e-01, PDE=2.758e+03, Qg=4.201e+00) | k=4.99 mD, f=11.6 | Sw=[0.000,0.786] | 13665.0s
2026-02-10 22:19:40 - M5Trainer - INFO - [Step 28600/50000] Stage C | L=5.8686e+03 (IC=2.262e+00, BC=5.844e-01, PDE=3.067e+03, Qg=4.172e+00) | k=4.99 mD, f=11.6 | Sw=[0.000,0.688] | 13696.3s
2026-02-10 22:20:12 - M5Trainer - INFO - [Step 28700/50000] Stage C | L=7.9619e+03 (IC=1.794e+00, BC=1.358e-01, PDE=3.313e+03, Qg=4.013e+00) | k=4.99 mD, f=11.6 | Sw=[0.000,0.765] | 13727.6s
2026-02-10 22:20:43 - M5Trainer - INFO - [Step 28800/50000] Stage C | L=8.8688e+03 (IC=1.492e+00, BC=1.114e-01, PDE=3.379e+03, Qg=4.144e+00) | k=4.99 mD, f=11.6 | Sw=[0.000,0.945] | 13758.9s
2026-02-10 22:21:14 - M5Trainer - INFO - [Step 28900/50000] Stage C | L=9.4463e+03 (IC=1.229e+00, BC=1.288e-01, PDE=3.375e+03, Qg=3.986e+00) | k=4.99 mD, f=11.6 | Sw=[0.000,0.997] | 13789.9s
2026-02-10 22:21:45 - M5Trainer - INFO - [Step 29000/50000] Stage C | L=8.2173e+03 (IC=1.294e+00, BC=1.341e-01, PDE=3.220e+03, Qg=4.145e+00) | k=4.99 mD, f=11.6 | Sw=[0.000,0.701] | 13821.4s
2026-02-10 22:22:17 - M5Trainer - INFO - [Step 29100/50000] Stage C | L=7.5339e+03 (IC=1.765e+00, BC=1.393e-01, PDE=3.065e+03, Qg=4.063e+00) | k=4.99 mD, f=11.6 | Sw=[0.001,0.889] | 13852.9s
2026-02-10 22:22:48 - M5Trainer - INFO - [Step 29200/50000] Stage C | L=6.8248e+03 (IC=2.102e+00, BC=1.120e-01, PDE=3.031e+03, Qg=4.080e+00) | k=4.99 mD, f=11.6 | Sw=[0.000,1.000] | 13884.4s
2026-02-10 22:23:19 - M5Trainer - INFO - [Step 29300/50000] Stage C | L=7.5384e+03 (IC=1.875e+00, BC=1.429e-01, PDE=3.200e+03, Qg=4.056e+00) | k=4.99 mD, f=11.6 | Sw=[0.000,1.000] | 13914.9s
2026-02-10 22:23:49 - M5Trainer - INFO - [Step 29400/50000] Stage C | L=7.9196e+03 (IC=2.363e+00, BC=1.623e-01, PDE=3.365e+03, Qg=4.008e+00) | k=4.99 mD, f=11.6 | Sw=[0.000,0.996] | 13945.5s
2026-02-10 22:24:20 - M5Trainer - INFO - [Step 29500/50000] Stage C | L=8.1614e+03 (IC=1.206e+00, BC=1.608e-01, PDE=3.377e+03, Qg=4.067e+00) | k=4.99 mD, f=11.7 | Sw=[0.000,0.705] | 13975.6s
2026-02-10 22:24:49 - M5Trainer - INFO - [Step 29600/50000] Stage C | L=6.9802e+03 (IC=2.428e+00, BC=1.460e-01, PDE=2.991e+03, Qg=4.268e+00) | k=4.99 mD, f=11.7 | Sw=[0.000,0.997] | 14005.2s
2026-02-10 22:25:20 - M5Trainer - INFO - [Step 29700/50000] Stage C | L=6.7013e+03 (IC=1.489e+00, BC=1.452e-01, PDE=2.894e+03, Qg=4.093e+00) | k=4.99 mD, f=11.7 | Sw=[0.000,0.999] | 14035.8s
2026-02-10 22:25:51 - M5Trainer - INFO - [Step 29800/50000] Stage C | L=8.7750e+03 (IC=1.601e+00, BC=1.599e-01, PDE=3.373e+03, Qg=4.087e+00) | k=4.99 mD, f=11.7 | Sw=[0.000,0.942] | 14066.8s
2026-02-10 22:26:22 - M5Trainer - INFO - [Step 29900/50000] Stage C | L=8.1649e+03 (IC=1.297e+00, BC=1.565e-01, PDE=3.184e+03, Qg=4.095e+00) | k=4.99 mD, f=11.7 | Sw=[0.001,0.995] | 14097.8s
2026-02-10 22:26:53 - M5Trainer - INFO - [Step 30000/50000] Stage C | L=6.8735e+03 (IC=1.464e+00, BC=1.291e-01, PDE=2.985e+03, Qg=4.122e+00) | k=4.99 mD, f=11.7 | Sw=[0.000,0.966] | 14128.7s
2026-02-10 22:27:24 - M5Trainer - INFO - [Step 30100/50000] Stage C | L=8.7719e+03 (IC=1.587e+00, BC=1.546e-01, PDE=3.386e+03, Qg=4.020e+00) | k=4.99 mD, f=11.7 | Sw=[0.000,0.965] | 14159.7s
2026-02-10 22:27:55 - M5Trainer - INFO - [Step 30200/50000] Stage C | L=8.7545e+03 (IC=1.700e+00, BC=1.356e-01, PDE=3.388e+03, Qg=4.057e+00) | k=4.99 mD, f=11.7 | Sw=[0.000,0.998] | 14190.8s
2026-02-10 22:28:27 - M5Trainer - INFO - [Step 30300/50000] Stage C | L=5.1561e+03 (IC=1.526e+00, BC=1.462e-01, PDE=3.011e+03, Qg=4.119e+00) | k=4.99 mD, f=11.7 | Sw=[0.000,0.996] | 14223.2s
2026-02-10 22:28:59 - M5Trainer - INFO - [Step 30400/50000] Stage C | L=8.8224e+03 (IC=1.663e+00, BC=1.352e-01, PDE=3.423e+03, Qg=4.024e+00) | k=4.99 mD, f=11.7 | Sw=[0.000,0.881] | 14255.2s
2026-02-10 22:29:30 - M5Trainer - INFO - [Step 30500/50000] Stage C | L=8.6506e+03 (IC=1.295e+00, BC=1.413e-01, PDE=3.494e+03, Qg=4.118e+00) | k=4.99 mD, f=11.7 | Sw=[0.000,0.762] | 14286.3s
2026-02-10 22:30:01 - M5Trainer - INFO - [Step 30600/50000] Stage C | L=8.4211e+03 (IC=9.121e-01, BC=1.128e-01, PDE=3.308e+03, Qg=4.027e+00) | k=4.99 mD, f=11.7 | Sw=[0.001,0.899] | 14316.7s
2026-02-10 22:30:31 - M5Trainer - INFO - [Step 30700/50000] Stage C | L=9.1751e+03 (IC=1.256e+00, BC=1.557e-01, PDE=3.582e+03, Qg=4.096e+00) | k=4.99 mD, f=11.7 | Sw=[0.000,0.996] | 14347.3s
2026-02-10 22:31:01 - M5Trainer - INFO - [Step 30800/50000] Stage C | L=6.1606e+03 (IC=2.772e+00, BC=1.326e-01, PDE=3.021e+03, Qg=4.080e+00) | k=4.99 mD, f=11.7 | Sw=[0.000,0.577] | 14377.1s
2026-02-10 22:31:30 - M5Trainer - INFO - [Step 30900/50000] Stage C | L=9.3242e+03 (IC=1.288e+00, BC=1.338e-01, PDE=3.578e+03, Qg=3.989e+00) | k=4.99 mD, f=11.7 | Sw=[0.000,0.990] | 14406.5s
2026-02-10 22:32:01 - M5Trainer - INFO - [Step 31000/50000] Stage C | L=6.8297e+03 (IC=1.940e+00, BC=1.338e-01, PDE=3.090e+03, Qg=4.017e+00) | k=4.99 mD, f=11.7 | Sw=[0.000,0.752] | 14437.0s
2026-02-10 22:32:31 - M5Trainer - INFO - [Step 31100/50000] Stage C | L=8.7268e+03 (IC=1.049e+00, BC=1.340e-01, PDE=3.430e+03, Qg=4.060e+00) | k=4.99 mD, f=11.7 | Sw=[0.000,0.683] | 14466.7s
2026-02-10 22:33:00 - M5Trainer - INFO - [Step 31200/50000] Stage C | L=5.8634e+03 (IC=1.483e+00, BC=1.232e-01, PDE=2.962e+03, Qg=4.016e+00) | k=4.99 mD, f=11.7 | Sw=[0.000,0.695] | 14496.5s
2026-02-10 22:33:29 - M5Trainer - INFO - [Step 31300/50000] Stage C | L=7.4834e+03 (IC=2.022e+00, BC=1.255e-01, PDE=3.196e+03, Qg=4.042e+00) | k=4.99 mD, f=11.8 | Sw=[0.000,0.999] | 14525.6s
2026-02-10 22:33:59 - M5Trainer - INFO - [Step 31400/50000] Stage C | L=6.8396e+03 (IC=2.287e+00, BC=1.215e-01, PDE=3.062e+03, Qg=4.017e+00) | k=4.99 mD, f=11.8 | Sw=[0.001,0.994] | 14555.4s
2026-02-10 22:34:30 - M5Trainer - INFO - [Step 31500/50000] Stage C | L=8.2751e+03 (IC=1.680e+00, BC=1.265e-01, PDE=3.328e+03, Qg=3.984e+00) | k=4.99 mD, f=11.8 | Sw=[0.000,0.997] | 14585.9s
2026-02-10 22:35:01 - M5Trainer - INFO - [Step 31600/50000] Stage C | L=7.3009e+03 (IC=1.982e+00, BC=1.566e-01, PDE=3.197e+03, Qg=4.031e+00) | k=4.99 mD, f=11.8 | Sw=[0.000,0.939] | 14617.3s
2026-02-10 22:35:32 - M5Trainer - INFO - [Step 31700/50000] Stage C | L=9.3087e+03 (IC=1.295e+00, BC=1.567e-01, PDE=3.728e+03, Qg=4.028e+00) | k=4.99 mD, f=11.8 | Sw=[0.000,0.999] | 14648.5s
2026-02-10 22:36:04 - M5Trainer - INFO - [Step 31800/50000] Stage C | L=5.0641e+03 (IC=2.256e+00, BC=1.495e-01, PDE=2.744e+03, Qg=4.032e+00) | k=4.99 mD, f=11.8 | Sw=[0.000,0.372] | 14679.7s
2026-02-10 22:36:33 - M5Trainer - INFO - [Step 31900/50000] Stage C | L=7.2871e+03 (IC=1.314e+00, BC=1.436e-01, PDE=3.138e+03, Qg=3.954e+00) | k=4.99 mD, f=11.8 | Sw=[0.000,0.897] | 14709.6s
2026-02-10 22:37:03 - M5Trainer - INFO - [Step 32000/50000] Stage C | L=6.6315e+03 (IC=1.584e+00, BC=1.559e-01, PDE=3.120e+03, Qg=4.045e+00) | k=4.99 mD, f=11.8 | Sw=[0.000,0.996] | 14738.7s
2026-02-10 22:37:31 - M5Trainer - INFO - [Step 32100/50000] Stage C | L=8.5553e+03 (IC=1.805e+00, BC=1.431e-01, PDE=3.599e+03, Qg=4.029e+00) | k=4.99 mD, f=11.8 | Sw=[0.000,0.335] | 14767.5s
2026-02-10 22:38:00 - M5Trainer - INFO - [Step 32200/50000] Stage C | L=7.2332e+03 (IC=1.551e+00, BC=1.241e-01, PDE=3.243e+03, Qg=4.003e+00) | k=4.99 mD, f=11.8 | Sw=[0.000,0.998] | 14796.5s
2026-02-10 22:38:30 - M5Trainer - INFO - [Step 32300/50000] Stage C | L=8.5919e+03 (IC=1.244e+00, BC=1.425e-01, PDE=3.408e+03, Qg=3.925e+00) | k=4.99 mD, f=11.8 | Sw=[0.000,1.000] | 14826.5s
2026-02-10 22:39:00 - M5Trainer - INFO - [Step 32400/50000] Stage C | L=7.5789e+03 (IC=1.830e+00, BC=1.255e-01, PDE=3.228e+03, Qg=3.913e+00) | k=4.99 mD, f=11.8 | Sw=[0.001,0.843] | 14856.0s
2026-02-10 22:39:29 - M5Trainer - INFO - [Step 32500/50000] Stage C | L=7.7964e+03 (IC=1.682e+00, BC=1.526e-01, PDE=3.421e+03, Qg=3.991e+00) | k=4.99 mD, f=11.8 | Sw=[0.000,0.998] | 14885.5s
2026-02-10 22:39:59 - M5Trainer - INFO - [Step 32600/50000] Stage C | L=9.6042e+03 (IC=1.097e+00, BC=1.572e-01, PDE=3.660e+03, Qg=3.895e+00) | k=4.99 mD, f=11.8 | Sw=[0.000,0.902] | 14915.0s
2026-02-10 22:40:28 - M5Trainer - INFO - [Step 32700/50000] Stage C | L=7.9776e+03 (IC=8.013e-01, BC=1.194e-01, PDE=3.312e+03, Qg=3.841e+00) | k=4.99 mD, f=11.8 | Sw=[0.000,1.000] | 14944.5s
2026-02-10 22:40:58 - M5Trainer - INFO - [Step 32800/50000] Stage C | L=9.8960e+03 (IC=9.814e-01, BC=1.325e-01, PDE=3.700e+03, Qg=3.846e+00) | k=4.99 mD, f=11.9 | Sw=[0.000,0.998] | 14974.1s
2026-02-10 22:41:27 - M5Trainer - INFO - [Step 32900/50000] Stage C | L=7.1966e+03 (IC=1.182e+00, BC=1.382e-01, PDE=3.144e+03, Qg=3.887e+00) | k=4.99 mD, f=11.9 | Sw=[0.000,0.158] | 15002.6s
2026-02-10 22:41:56 - M5Trainer - INFO - [Step 33000/50000] Stage C | L=8.4286e+03 (IC=1.579e+00, BC=1.630e-01, PDE=3.612e+03, Qg=3.843e+00) | k=4.99 mD, f=11.9 | Sw=[0.000,0.307] | 15031.7s
2026-02-10 22:42:25 - M5Trainer - INFO - [Step 33100/50000] Stage C | L=8.7257e+03 (IC=1.230e+00, BC=1.368e-01, PDE=3.518e+03, Qg=3.831e+00) | k=4.99 mD, f=11.9 | Sw=[0.000,0.998] | 15060.9s
2026-02-10 22:42:54 - M5Trainer - INFO - [Step 33200/50000] Stage C | L=7.9093e+03 (IC=1.875e+00, BC=1.491e-01, PDE=3.398e+03, Qg=3.844e+00) | k=4.99 mD, f=11.9 | Sw=[0.000,0.993] | 15090.6s
2026-02-10 22:43:24 - M5Trainer - INFO - [Step 33300/50000] Stage C | L=8.7598e+03 (IC=1.732e+00, BC=1.198e-01, PDE=3.522e+03, Qg=3.878e+00) | k=4.99 mD, f=11.9 | Sw=[0.000,0.457] | 15120.4s
2026-02-10 22:43:53 - M5Trainer - INFO - [Step 33400/50000] Stage C | L=7.8706e+03 (IC=1.555e+00, BC=1.228e-01, PDE=3.345e+03, Qg=3.972e+00) | k=4.99 mD, f=11.9 | Sw=[0.000,0.542] | 15149.4s
2026-02-10 22:44:23 - M5Trainer - INFO - [Step 33500/50000] Stage C | L=7.5574e+03 (IC=1.818e+00, BC=1.197e-01, PDE=3.281e+03, Qg=3.879e+00) | k=4.99 mD, f=11.9 | Sw=[0.000,0.998] | 15179.1s
2026-02-10 22:44:52 - M5Trainer - INFO - [Step 33600/50000] Stage C | L=7.7500e+03 (IC=1.691e+00, BC=1.238e-01, PDE=3.346e+03, Qg=3.892e+00) | k=4.99 mD, f=11.9 | Sw=[0.000,0.998] | 15208.0s
2026-02-10 22:45:20 - M5Trainer - INFO - [Step 33700/50000] Stage C | L=9.0005e+03 (IC=1.118e+00, BC=1.273e-01, PDE=3.556e+03, Qg=3.898e+00) | k=4.99 mD, f=11.9 | Sw=[0.000,0.999] | 15236.0s
2026-02-10 22:45:48 - M5Trainer - INFO - [Step 33800/50000] Stage C | L=7.6745e+03 (IC=2.146e+00, BC=1.160e-01, PDE=3.333e+03, Qg=3.943e+00) | k=4.99 mD, f=11.9 | Sw=[0.000,0.998] | 15264.2s
2026-02-10 22:46:16 - M5Trainer - INFO - [Step 33900/50000] Stage C | L=6.7999e+03 (IC=1.506e+00, BC=1.408e-01, PDE=3.339e+03, Qg=3.855e+00) | k=4.99 mD, f=11.9 | Sw=[0.000,0.999] | 15292.4s
2026-02-10 22:46:45 - M5Trainer - INFO - [Step 34000/50000] Stage C | L=8.0823e+03 (IC=2.049e+00, BC=1.132e-01, PDE=3.427e+03, Qg=3.857e+00) | k=4.99 mD, f=11.9 | Sw=[0.000,0.897] | 15320.7s
2026-02-10 22:47:13 - M5Trainer - INFO - [Step 34100/50000] Stage C | L=6.8916e+03 (IC=1.415e+00, BC=1.385e-01, PDE=3.154e+03, Qg=3.924e+00) | k=4.99 mD, f=11.9 | Sw=[0.000,0.999] | 15349.3s
2026-02-10 22:47:42 - M5Trainer - INFO - [Step 34200/50000] Stage C | L=7.6477e+03 (IC=1.762e+00, BC=1.507e-01, PDE=3.359e+03, Qg=3.864e+00) | k=4.99 mD, f=11.9 | Sw=[0.000,0.430] | 15378.0s
2026-02-10 22:48:10 - M5Trainer - INFO - [Step 34300/50000] Stage C | L=9.1806e+03 (IC=1.652e+00, BC=1.503e-01, PDE=3.733e+03, Qg=3.834e+00) | k=4.99 mD, f=11.9 | Sw=[0.000,0.999] | 15406.0s
2026-02-10 22:48:39 - M5Trainer - INFO - [Step 34400/50000] Stage C | L=8.9974e+03 (IC=1.323e+00, BC=1.970e-01, PDE=3.609e+03, Qg=3.872e+00) | k=4.99 mD, f=11.9 | Sw=[0.000,0.895] | 15434.8s
2026-02-10 22:49:07 - M5Trainer - INFO - [Step 34500/50000] Stage C | L=9.2236e+03 (IC=1.124e+00, BC=1.570e-01, PDE=3.570e+03, Qg=3.824e+00) | k=4.99 mD, f=12.0 | Sw=[0.000,0.998] | 15463.1s
2026-02-10 22:49:35 - M5Trainer - INFO - [Step 34600/50000] Stage C | L=8.0677e+03 (IC=1.301e+00, BC=1.292e-01, PDE=3.313e+03, Qg=3.937e+00) | k=4.99 mD, f=12.0 | Sw=[0.000,0.997] | 15491.0s
2026-02-10 22:50:03 - M5Trainer - INFO - [Step 34700/50000] Stage C | L=9.8128e+03 (IC=1.133e+00, BC=1.503e-01, PDE=3.779e+03, Qg=3.881e+00) | k=4.99 mD, f=12.0 | Sw=[0.000,0.996] | 15518.9s
2026-02-10 22:50:31 - M5Trainer - INFO - [Step 34800/50000] Stage C | L=8.1738e+03 (IC=1.059e+00, BC=1.033e-01, PDE=3.279e+03, Qg=3.850e+00) | k=4.99 mD, f=12.0 | Sw=[0.000,0.909] | 15546.8s
2026-02-10 22:50:59 - M5Trainer - INFO - [Step 34900/50000] Stage C | L=9.7794e+03 (IC=1.615e+00, BC=1.188e-01, PDE=3.723e+03, Qg=3.860e+00) | k=4.99 mD, f=12.0 | Sw=[0.000,0.999] | 15574.7s
2026-02-10 22:51:27 - M5Trainer - INFO - [Step 35000/50000] Stage D | L=1.3416e+04 (IC=1.012e+00, BC=1.308e-01, PDE=3.471e+03, Qg=3.841e+00) | k=4.99 mD, f=12.0 | Sw=[0.000,1.000] | 15602.6s
2026-02-10 22:51:54 - M5Trainer - INFO - [Step 35100/50000] Stage D | L=1.1219e+04 (IC=1.727e+00, BC=1.692e-01, PDE=3.335e+03, Qg=3.873e+00) | k=4.99 mD, f=12.0 | Sw=[0.000,0.998] | 15630.5s
2026-02-10 22:52:22 - M5Trainer - INFO - [Step 35200/50000] Stage D | L=1.1131e+04 (IC=2.064e+00, BC=1.521e-01, PDE=3.466e+03, Qg=3.857e+00) | k=4.99 mD, f=12.0 | Sw=[0.000,0.999] | 15658.4s
2026-02-10 22:52:51 - M5Trainer - INFO - [Step 35300/50000] Stage D | L=1.0951e+04 (IC=1.960e+00, BC=1.407e-01, PDE=3.329e+03, Qg=3.882e+00) | k=4.99 mD, f=12.0 | Sw=[0.000,0.975] | 15686.6s
2026-02-10 22:53:18 - M5Trainer - INFO - [Step 35400/50000] Stage D | L=1.2179e+04 (IC=2.078e+00, BC=1.864e-01, PDE=3.637e+03, Qg=3.865e+00) | k=4.99 mD, f=12.0 | Sw=[0.000,0.940] | 15714.6s
2026-02-10 22:53:46 - M5Trainer - INFO - [Step 35500/50000] Stage D | L=1.1407e+04 (IC=2.555e+00, BC=1.695e-01, PDE=3.412e+03, Qg=3.863e+00) | k=4.99 mD, f=12.0 | Sw=[0.000,0.922] | 15742.5s
2026-02-10 22:54:14 - M5Trainer - INFO - [Step 35600/50000] Stage D | L=1.2362e+04 (IC=1.527e+00, BC=1.796e-01, PDE=3.509e+03, Qg=3.891e+00) | k=4.99 mD, f=12.0 | Sw=[0.000,0.999] | 15770.4s
2026-02-10 22:54:42 - M5Trainer - INFO - [Step 35700/50000] Stage D | L=1.0247e+04 (IC=1.767e+00, BC=1.737e-01, PDE=3.181e+03, Qg=3.877e+00) | k=4.99 mD, f=12.0 | Sw=[0.000,0.484] | 15798.3s
2026-02-10 22:55:10 - M5Trainer - INFO - [Step 35800/50000] Stage D | L=1.1831e+04 (IC=2.283e+00, BC=1.870e-01, PDE=3.591e+03, Qg=3.824e+00) | k=4.99 mD, f=12.0 | Sw=[0.000,0.998] | 15826.2s
2026-02-10 22:55:38 - M5Trainer - INFO - [Step 35900/50000] Stage D | L=1.0239e+04 (IC=1.871e+00, BC=1.838e-01, PDE=3.210e+03, Qg=3.907e+00) | k=4.99 mD, f=12.0 | Sw=[0.000,0.998] | 15854.2s
2026-02-10 22:56:06 - M5Trainer - INFO - [Step 36000/50000] Stage D | L=1.0963e+04 (IC=2.662e+00, BC=1.955e-01, PDE=3.399e+03, Qg=3.872e+00) | k=4.99 mD, f=12.0 | Sw=[0.000,0.934] | 15882.2s
2026-02-10 22:56:34 - M5Trainer - INFO - [Step 36100/50000] Stage D | L=1.3391e+04 (IC=2.189e+00, BC=1.615e-01, PDE=3.684e+03, Qg=3.860e+00) | k=4.99 mD, f=12.0 | Sw=[0.000,0.999] | 15910.6s
2026-02-10 22:57:05 - M5Trainer - INFO - [Step 36200/50000] Stage D | L=1.2752e+04 (IC=2.386e+00, BC=1.691e-01, PDE=3.590e+03, Qg=3.941e+00) | k=4.99 mD, f=12.0 | Sw=[0.000,0.999] | 15940.9s
2026-02-10 22:57:35 - M5Trainer - INFO - [Step 36300/50000] Stage D | L=1.1922e+04 (IC=2.319e+00, BC=1.558e-01, PDE=3.504e+03, Qg=3.862e+00) | k=4.99 mD, f=12.0 | Sw=[0.000,1.000] | 15971.0s
2026-02-10 22:58:05 - M5Trainer - INFO - [Step 36400/50000] Stage D | L=9.8927e+03 (IC=2.554e+00, BC=1.911e-01, PDE=3.276e+03, Qg=3.866e+00) | k=4.99 mD, f=12.0 | Sw=[0.000,0.993] | 16000.8s
2026-02-10 22:58:35 - M5Trainer - INFO - [Step 36500/50000] Stage D | L=5.5076e+03 (IC=1.674e+00, BC=2.025e-01, PDE=3.140e+03, Qg=3.891e+00) | k=4.99 mD, f=12.1 | Sw=[0.000,0.994] | 16030.9s
2026-02-10 22:59:05 - M5Trainer - INFO - [Step 36600/50000] Stage D | L=1.4335e+04 (IC=1.836e+00, BC=1.437e-01, PDE=3.703e+03, Qg=3.862e+00) | k=4.99 mD, f=12.1 | Sw=[0.000,0.997] | 16061.0s
2026-02-10 22:59:35 - M5Trainer - INFO - [Step 36700/50000] Stage D | L=1.0802e+04 (IC=2.064e+00, BC=1.942e-01, PDE=3.323e+03, Qg=3.912e+00) | k=4.99 mD, f=12.1 | Sw=[0.000,1.000] | 16090.8s
2026-02-10 23:00:04 - M5Trainer - INFO - [Step 36800/50000] Stage D | L=1.3955e+04 (IC=2.273e+00, BC=1.908e-01, PDE=3.772e+03, Qg=3.799e+00) | k=4.99 mD, f=12.1 | Sw=[0.000,0.999] | 16120.2s
2026-02-10 23:00:33 - M5Trainer - INFO - [Step 36900/50000] Stage D | L=1.2257e+04 (IC=1.890e+00, BC=1.939e-01, PDE=3.504e+03, Qg=3.831e+00) | k=4.99 mD, f=12.1 | Sw=[0.000,0.990] | 16148.6s
2026-02-10 23:01:01 - M5Trainer - INFO - [Step 37000/50000] Stage D | L=1.1585e+04 (IC=2.042e+00, BC=1.893e-01, PDE=3.402e+03, Qg=3.857e+00) | k=4.99 mD, f=12.1 | Sw=[0.000,0.993] | 16176.7s
2026-02-10 23:01:30 - M5Trainer - INFO - [Step 37100/50000] Stage D | L=1.1952e+04 (IC=1.901e+00, BC=1.835e-01, PDE=3.430e+03, Qg=3.842e+00) | k=4.99 mD, f=12.1 | Sw=[0.000,0.995] | 16206.5s
2026-02-10 23:02:00 - M5Trainer - INFO - [Step 37200/50000] Stage D | L=1.5003e+04 (IC=1.482e+00, BC=1.963e-01, PDE=3.888e+03, Qg=3.865e+00) | k=4.99 mD, f=12.1 | Sw=[0.000,0.532] | 16236.4s
2026-02-10 23:02:30 - M5Trainer - INFO - [Step 37300/50000] Stage D | L=1.2701e+04 (IC=1.823e+00, BC=2.018e-01, PDE=3.570e+03, Qg=3.841e+00) | k=4.99 mD, f=12.1 | Sw=[0.000,0.986] | 16265.9s
2026-02-10 23:02:58 - M5Trainer - INFO - [Step 37400/50000] Stage D | L=1.1465e+04 (IC=1.999e+00, BC=1.734e-01, PDE=3.410e+03, Qg=3.837e+00) | k=4.99 mD, f=12.1 | Sw=[0.000,0.288] | 16294.0s
2026-02-10 23:03:26 - M5Trainer - INFO - [Step 37500/50000] Stage D | L=1.1985e+04 (IC=1.838e+00, BC=2.018e-01, PDE=3.460e+03, Qg=3.817e+00) | k=4.99 mD, f=12.1 | Sw=[0.000,0.993] | 16322.3s
2026-02-10 23:03:54 - M5Trainer - INFO - [Step 37600/50000] Stage D | L=1.0881e+04 (IC=1.811e+00, BC=1.851e-01, PDE=3.286e+03, Qg=3.884e+00) | k=4.99 mD, f=12.1 | Sw=[0.000,0.988] | 16350.3s
2026-02-10 23:04:23 - M5Trainer - INFO - [Step 37700/50000] Stage D | L=1.1230e+04 (IC=1.925e+00, BC=2.044e-01, PDE=3.347e+03, Qg=3.929e+00) | k=4.99 mD, f=12.1 | Sw=[0.000,0.977] | 16379.0s
2026-02-10 23:04:52 - M5Trainer - INFO - [Step 37800/50000] Stage D | L=1.2963e+04 (IC=9.531e-01, BC=1.911e-01, PDE=3.507e+03, Qg=3.830e+00) | k=4.99 mD, f=12.1 | Sw=[0.000,0.999] | 16408.3s
2026-02-10 23:05:23 - M5Trainer - INFO - [Step 37900/50000] Stage D | L=1.2109e+04 (IC=2.429e+00, BC=2.690e-01, PDE=3.671e+03, Qg=3.860e+00) | k=4.99 mD, f=12.1 | Sw=[0.000,0.997] | 16438.8s
2026-02-10 23:05:51 - M5Trainer - INFO - [Step 38000/50000] Stage D | L=1.0569e+04 (IC=1.748e+00, BC=1.806e-01, PDE=3.207e+03, Qg=3.885e+00) | k=4.99 mD, f=12.1 | Sw=[0.000,0.979] | 16466.8s
2026-02-10 23:06:19 - M5Trainer - INFO - [Step 38100/50000] Stage D | L=1.4231e+04 (IC=1.431e+00, BC=1.769e-01, PDE=3.695e+03, Qg=3.848e+00) | k=4.99 mD, f=12.1 | Sw=[0.000,0.100] | 16495.3s
2026-02-10 23:06:52 - M5Trainer - INFO - [Step 38200/50000] Stage D | L=1.1369e+04 (IC=1.712e+00, BC=1.960e-01, PDE=3.409e+03, Qg=3.901e+00) | k=4.99 mD, f=12.1 | Sw=[0.000,0.987] | 16528.0s
2026-02-10 23:07:24 - M5Trainer - INFO - [Step 38300/50000] Stage D | L=1.0798e+04 (IC=1.248e+00, BC=1.937e-01, PDE=3.206e+03, Qg=3.917e+00) | k=4.99 mD, f=12.1 | Sw=[0.000,0.999] | 16560.4s
2026-02-10 23:07:53 - M5Trainer - INFO - [Step 38400/50000] Stage D | L=9.7183e+03 (IC=3.134e+00, BC=1.936e-01, PDE=3.190e+03, Qg=3.938e+00) | k=4.99 mD, f=12.1 | Sw=[0.000,0.785] | 16588.7s
2026-02-10 23:08:22 - M5Trainer - INFO - [Step 38500/50000] Stage D | L=1.2056e+04 (IC=2.216e+00, BC=1.859e-01, PDE=3.546e+03, Qg=3.872e+00) | k=4.99 mD, f=12.1 | Sw=[0.000,0.993] | 16618.6s
2026-02-10 23:08:52 - M5Trainer - INFO - [Step 38600/50000] Stage D | L=1.0799e+04 (IC=1.830e+00, BC=2.210e-01, PDE=3.349e+03, Qg=3.853e+00) | k=4.99 mD, f=12.1 | Sw=[0.000,0.999] | 16647.9s
2026-02-10 23:09:21 - M5Trainer - INFO - [Step 38700/50000] Stage D | L=1.3348e+04 (IC=2.992e+00, BC=2.100e-01, PDE=3.755e+03, Qg=3.834e+00) | k=4.99 mD, f=12.1 | Sw=[0.000,0.996] | 16677.4s
2026-02-10 23:19:14 - M5Trainer - INFO - [Step 38800/50000] Stage D | L=1.3059e+04 (IC=1.796e+00, BC=1.924e-01, PDE=3.566e+03, Qg=3.884e+00) | k=4.99 mD, f=12.2 | Sw=[0.000,0.335] | 17270.5s
2026-02-10 23:19:52 - M5Trainer - INFO - [Step 38900/50000] Stage D | L=1.4277e+04 (IC=1.758e+00, BC=1.637e-01, PDE=3.729e+03, Qg=3.836e+00) | k=4.99 mD, f=12.2 | Sw=[0.000,0.999] | 17308.3s
2026-02-10 23:20:31 - M5Trainer - INFO - [Step 39000/50000] Stage D | L=1.2305e+04 (IC=1.726e+00, BC=1.960e-01, PDE=3.489e+03, Qg=3.908e+00) | k=4.99 mD, f=12.2 | Sw=[0.000,0.997] | 17347.1s
2026-02-10 23:21:11 - M5Trainer - INFO - [Step 39100/50000] Stage D | L=1.1941e+04 (IC=3.011e+00, BC=2.476e-01, PDE=3.546e+03, Qg=3.894e+00) | k=4.99 mD, f=12.2 | Sw=[0.000,1.000] | 17386.9s
2026-02-10 23:21:50 - M5Trainer - INFO - [Step 39200/50000] Stage D | L=1.2240e+04 (IC=2.525e+00, BC=2.158e-01, PDE=3.609e+03, Qg=3.856e+00) | k=4.99 mD, f=12.2 | Sw=[0.000,1.000] | 17425.8s
2026-02-10 23:22:29 - M5Trainer - INFO - [Step 39300/50000] Stage D | L=1.0420e+04 (IC=1.960e+00, BC=2.281e-01, PDE=3.227e+03, Qg=3.931e+00) | k=4.99 mD, f=12.2 | Sw=[0.000,0.999] | 17464.6s
2026-02-10 23:23:08 - M5Trainer - INFO - [Step 39400/50000] Stage D | L=1.2598e+04 (IC=2.634e+00, BC=2.304e-01, PDE=3.595e+03, Qg=3.830e+00) | k=4.99 mD, f=12.2 | Sw=[0.000,0.382] | 17504.2s
2026-02-10 23:23:46 - M5Trainer - INFO - [Step 39500/50000] Stage D | L=1.0764e+04 (IC=2.103e+00, BC=2.153e-01, PDE=3.265e+03, Qg=3.868e+00) | k=4.99 mD, f=12.2 | Sw=[0.000,0.998] | 17542.0s
2026-02-10 23:24:24 - M5Trainer - INFO - [Step 39600/50000] Stage D | L=1.0477e+04 (IC=2.210e+00, BC=1.927e-01, PDE=3.219e+03, Qg=3.861e+00) | k=4.99 mD, f=12.2 | Sw=[0.000,0.999] | 17579.9s
2026-02-10 23:25:03 - M5Trainer - INFO - [Step 39700/50000] Stage D | L=1.2420e+04 (IC=2.018e+00, BC=2.137e-01, PDE=3.516e+03, Qg=3.840e+00) | k=4.99 mD, f=12.2 | Sw=[0.000,0.797] | 17619.1s
2026-02-10 23:25:41 - M5Trainer - INFO - [Step 39800/50000] Stage D | L=1.3211e+04 (IC=2.035e+00, BC=2.689e-01, PDE=3.707e+03, Qg=3.811e+00) | k=4.99 mD, f=12.2 | Sw=[0.000,0.998] | 17657.0s
2026-02-10 23:26:19 - M5Trainer - INFO - [Step 39900/50000] Stage D | L=1.0861e+04 (IC=2.577e+00, BC=2.521e-01, PDE=3.405e+03, Qg=3.871e+00) | k=4.99 mD, f=12.2 | Sw=[0.000,0.995] | 17694.9s
2026-02-10 23:26:58 - M5Trainer - INFO - [Step 40000/50000] Stage D | L=1.2867e+04 (IC=1.573e+00, BC=2.672e-01, PDE=3.601e+03, Qg=3.849e+00) | k=4.99 mD, f=12.2 | Sw=[0.000,1.000] | 17734.1s
2026-02-10 23:27:36 - M5Trainer - INFO - [Step 40100/50000] Stage D | L=1.1530e+04 (IC=2.282e+00, BC=1.932e-01, PDE=3.388e+03, Qg=3.871e+00) | k=4.99 mD, f=12.2 | Sw=[0.000,0.999] | 17772.0s
2026-02-10 23:28:14 - M5Trainer - INFO - [Step 40200/50000] Stage D | L=1.3014e+04 (IC=2.724e+00, BC=1.761e-01, PDE=3.621e+03, Qg=3.835e+00) | k=4.99 mD, f=12.2 | Sw=[0.000,1.000] | 17809.9s
2026-02-10 23:28:53 - M5Trainer - INFO - [Step 40300/50000] Stage D | L=1.1891e+04 (IC=1.646e+00, BC=1.978e-01, PDE=3.442e+03, Qg=3.815e+00) | k=4.99 mD, f=12.2 | Sw=[0.000,0.903] | 17848.8s
2026-02-10 23:29:31 - M5Trainer - INFO - [Step 40400/50000] Stage D | L=1.1938e+04 (IC=1.046e+00, BC=1.758e-01, PDE=3.338e+03, Qg=3.881e+00) | k=4.99 mD, f=12.2 | Sw=[0.000,0.940] | 17886.8s
2026-02-10 23:32:39 - M5Trainer - INFO - [Step 40500/50000] Stage D | L=1.3439e+04 (IC=2.244e+00, BC=2.343e-01, PDE=3.691e+03, Qg=3.833e+00) | k=4.99 mD, f=12.2 | Sw=[0.000,1.000] | 18074.7s
2026-02-10 23:33:12 - M5Trainer - INFO - [Step 40600/50000] Stage D | L=1.2468e+04 (IC=3.108e+00, BC=1.675e-01, PDE=3.512e+03, Qg=3.910e+00) | k=4.99 mD, f=12.2 | Sw=[0.000,0.941] | 18107.9s
2026-02-10 23:33:40 - M5Trainer - INFO - [Step 40700/50000] Stage D | L=1.0284e+04 (IC=1.862e+00, BC=2.213e-01, PDE=3.275e+03, Qg=3.897e+00) | k=4.99 mD, f=12.2 | Sw=[0.000,1.000] | 18136.0s
2026-02-10 23:34:08 - M5Trainer - INFO - [Step 40800/50000] Stage D | L=9.8079e+03 (IC=2.633e+00, BC=1.868e-01, PDE=3.090e+03, Qg=3.922e+00) | k=4.99 mD, f=12.2 | Sw=[0.000,1.000] | 18164.1s
2026-02-10 23:34:36 - M5Trainer - INFO - [Step 40900/50000] Stage D | L=1.2082e+04 (IC=1.881e+00, BC=2.296e-01, PDE=3.428e+03, Qg=3.880e+00) | k=4.99 mD, f=12.2 | Sw=[0.000,0.884] | 18192.3s
2026-02-10 23:35:04 - M5Trainer - INFO - [Step 41000/50000] Stage D | L=9.7027e+03 (IC=2.103e+00, BC=2.412e-01, PDE=3.139e+03, Qg=3.858e+00) | k=4.99 mD, f=12.2 | Sw=[0.000,0.829] | 18220.4s
2026-02-10 23:35:32 - M5Trainer - INFO - [Step 41100/50000] Stage D | L=1.1112e+04 (IC=1.285e+00, BC=2.370e-01, PDE=3.253e+03, Qg=3.908e+00) | k=4.99 mD, f=12.2 | Sw=[0.000,0.996] | 18248.6s
2026-02-10 23:36:02 - M5Trainer - INFO - [Step 41200/50000] Stage D | L=1.1818e+04 (IC=2.421e+00, BC=2.301e-01, PDE=3.433e+03, Qg=3.859e+00) | k=4.99 mD, f=12.2 | Sw=[0.000,1.000] | 18278.5s
2026-02-10 23:36:32 - M5Trainer - INFO - [Step 41300/50000] Stage D | L=1.2143e+04 (IC=2.443e+00, BC=2.148e-01, PDE=3.496e+03, Qg=3.861e+00) | k=4.99 mD, f=12.2 | Sw=[0.000,0.993] | 18307.7s
2026-02-10 23:37:01 - M5Trainer - INFO - [Step 41400/50000] Stage D | L=1.2099e+04 (IC=1.496e+00, BC=1.893e-01, PDE=3.367e+03, Qg=3.871e+00) | k=4.99 mD, f=12.2 | Sw=[0.000,0.993] | 18336.8s
2026-02-10 23:37:30 - M5Trainer - INFO - [Step 41500/50000] Stage D | L=1.0678e+04 (IC=2.667e+00, BC=2.300e-01, PDE=3.359e+03, Qg=3.842e+00) | k=4.99 mD, f=12.3 | Sw=[0.000,0.909] | 18366.0s
2026-02-10 23:37:59 - M5Trainer - INFO - [Step 41600/50000] Stage D | L=1.0981e+04 (IC=2.102e+00, BC=1.942e-01, PDE=3.233e+03, Qg=3.887e+00) | k=4.99 mD, f=12.3 | Sw=[0.000,0.864] | 18395.3s
2026-02-10 23:38:29 - M5Trainer - INFO - [Step 41700/50000] Stage D | L=1.1703e+04 (IC=1.826e+00, BC=2.016e-01, PDE=3.376e+03, Qg=3.875e+00) | k=4.99 mD, f=12.3 | Sw=[0.000,1.000] | 18424.6s
2026-02-10 23:38:58 - M5Trainer - INFO - [Step 41800/50000] Stage D | L=1.2404e+04 (IC=1.285e+00, BC=1.900e-01, PDE=3.408e+03, Qg=3.855e+00) | k=4.99 mD, f=12.3 | Sw=[0.000,0.841] | 18454.5s
2026-02-10 23:39:29 - M5Trainer - INFO - [Step 41900/50000] Stage D | L=1.0658e+04 (IC=2.474e+00, BC=2.402e-01, PDE=3.261e+03, Qg=3.906e+00) | k=4.99 mD, f=12.3 | Sw=[0.000,0.997] | 18485.0s
2026-02-10 23:39:58 - M5Trainer - INFO - [Step 42000/50000] Stage D | L=1.0664e+04 (IC=2.626e+00, BC=2.182e-01, PDE=3.245e+03, Qg=3.912e+00) | k=4.99 mD, f=12.3 | Sw=[0.000,1.000] | 18514.2s
2026-02-10 23:40:28 - M5Trainer - INFO - [Step 42100/50000] Stage D | L=1.1522e+04 (IC=2.205e+00, BC=1.941e-01, PDE=3.358e+03, Qg=3.881e+00) | k=4.99 mD, f=12.3 | Sw=[0.000,1.000] | 18543.7s
2026-02-10 23:40:57 - M5Trainer - INFO - [Step 42200/50000] Stage D | L=1.2710e+04 (IC=1.135e+00, BC=2.157e-01, PDE=3.492e+03, Qg=3.951e+00) | k=4.99 mD, f=12.3 | Sw=[0.000,1.000] | 18572.9s
2026-02-10 23:41:25 - M5Trainer - INFO - [Step 42300/50000] Stage D | L=1.1254e+04 (IC=1.849e+00, BC=1.966e-01, PDE=3.262e+03, Qg=3.920e+00) | k=4.99 mD, f=12.3 | Sw=[0.000,1.000] | 18601.6s
2026-02-10 23:41:54 - M5Trainer - INFO - [Step 42400/50000] Stage D | L=9.6528e+03 (IC=2.414e+00, BC=2.109e-01, PDE=3.048e+03, Qg=3.894e+00) | k=4.99 mD, f=12.3 | Sw=[0.000,0.868] | 18630.4s
2026-02-10 23:42:23 - M5Trainer - INFO - [Step 42500/50000] Stage D | L=1.1105e+04 (IC=1.600e+00, BC=2.900e-01, PDE=3.292e+03, Qg=3.923e+00) | k=4.99 mD, f=12.3 | Sw=[0.000,0.999] | 18659.2s
2026-02-10 23:42:52 - M5Trainer - INFO - [Step 42600/50000] Stage D | L=1.3120e+04 (IC=1.847e+00, BC=2.217e-01, PDE=3.631e+03, Qg=3.896e+00) | k=4.99 mD, f=12.3 | Sw=[0.000,1.000] | 18688.1s
2026-02-10 23:43:21 - M5Trainer - INFO - [Step 42700/50000] Stage D | L=1.1113e+04 (IC=1.517e+00, BC=2.436e-01, PDE=3.280e+03, Qg=3.913e+00) | k=4.99 mD, f=12.3 | Sw=[0.000,0.998] | 18717.0s
2026-02-10 23:43:49 - M5Trainer - INFO - [Step 42800/50000] Stage D | L=1.2596e+04 (IC=1.698e+00, BC=2.102e-01, PDE=3.465e+03, Qg=3.911e+00) | k=4.99 mD, f=12.3 | Sw=[0.000,0.473] | 18744.9s
2026-02-10 23:44:17 - M5Trainer - INFO - [Step 42900/50000] Stage D | L=1.1821e+04 (IC=2.541e+00, BC=2.268e-01, PDE=3.441e+03, Qg=3.914e+00) | k=4.99 mD, f=12.3 | Sw=[0.000,0.992] | 18772.8s
2026-02-10 23:44:45 - M5Trainer - INFO - [Step 43000/50000] Stage D | L=1.1309e+04 (IC=1.785e+00, BC=2.202e-01, PDE=3.312e+03, Qg=3.865e+00) | k=4.99 mD, f=12.3 | Sw=[0.000,0.999] | 18800.7s
2026-02-10 23:45:12 - M5Trainer - INFO - [Step 43100/50000] Stage D | L=1.2420e+04 (IC=1.773e+00, BC=2.063e-01, PDE=3.438e+03, Qg=3.848e+00) | k=4.99 mD, f=12.3 | Sw=[0.000,0.999] | 18828.6s
2026-02-10 23:45:40 - M5Trainer - INFO - [Step 43200/50000] Stage D | L=1.2160e+04 (IC=2.486e+00, BC=2.502e-01, PDE=3.491e+03, Qg=3.861e+00) | k=4.99 mD, f=12.3 | Sw=[0.000,0.502] | 18856.4s
2026-02-10 23:46:08 - M5Trainer - INFO - [Step 43300/50000] Stage D | L=1.2438e+04 (IC=2.517e+00, BC=1.825e-01, PDE=3.462e+03, Qg=3.830e+00) | k=4.99 mD, f=12.3 | Sw=[0.000,0.999] | 18884.3s
2026-02-10 23:46:36 - M5Trainer - INFO - [Step 43400/50000] Stage D | L=1.0769e+04 (IC=2.679e+00, BC=2.378e-01, PDE=3.285e+03, Qg=3.872e+00) | k=4.99 mD, f=12.3 | Sw=[0.000,0.762] | 18912.2s
2026-02-10 23:47:04 - M5Trainer - INFO - [Step 43500/50000] Stage D | L=1.0605e+04 (IC=3.239e+00, BC=2.382e-01, PDE=3.294e+03, Qg=3.899e+00) | k=4.99 mD, f=12.3 | Sw=[0.000,1.000] | 18940.2s
2026-02-10 23:47:32 - M5Trainer - INFO - [Step 43600/50000] Stage D | L=1.3360e+04 (IC=2.154e+00, BC=2.004e-01, PDE=3.635e+03, Qg=3.881e+00) | k=4.99 mD, f=12.3 | Sw=[0.000,1.000] | 18968.2s
2026-02-10 23:48:00 - M5Trainer - INFO - [Step 43700/50000] Stage D | L=1.2588e+04 (IC=1.274e+00, BC=1.844e-01, PDE=3.415e+03, Qg=3.881e+00) | k=4.99 mD, f=12.3 | Sw=[0.000,1.000] | 18996.2s
2026-02-10 23:48:28 - M5Trainer - INFO - [Step 43800/50000] Stage D | L=1.0962e+04 (IC=1.914e+00, BC=2.038e-01, PDE=3.240e+03, Qg=3.856e+00) | k=4.99 mD, f=12.3 | Sw=[0.000,0.967] | 19024.2s
2026-02-10 23:48:56 - M5Trainer - INFO - [Step 43900/50000] Stage D | L=1.1813e+04 (IC=1.606e+00, BC=1.833e-01, PDE=3.338e+03, Qg=3.860e+00) | k=4.99 mD, f=12.3 | Sw=[0.000,0.989] | 19052.1s
2026-02-10 23:49:24 - M5Trainer - INFO - [Step 44000/50000] Stage D | L=1.1622e+04 (IC=1.963e+00, BC=2.004e-01, PDE=3.352e+03, Qg=3.856e+00) | k=4.99 mD, f=12.3 | Sw=[0.000,0.097] | 19080.1s
2026-02-10 23:49:52 - M5Trainer - INFO - [Step 44100/50000] Stage D | L=9.4300e+03 (IC=2.715e+00, BC=2.311e-01, PDE=3.114e+03, Qg=3.887e+00) | k=4.99 mD, f=12.3 | Sw=[0.000,1.000] | 19108.1s
2026-02-10 23:50:20 - M5Trainer - INFO - [Step 44200/50000] Stage D | L=1.0615e+04 (IC=2.468e+00, BC=1.978e-01, PDE=3.221e+03, Qg=3.870e+00) | k=4.99 mD, f=12.3 | Sw=[0.000,0.090] | 19136.1s
2026-02-10 23:50:48 - M5Trainer - INFO - [Step 44300/50000] Stage D | L=1.2177e+04 (IC=2.336e+00, BC=1.941e-01, PDE=3.452e+03, Qg=3.880e+00) | k=4.99 mD, f=12.3 | Sw=[0.000,0.850] | 19164.0s
2026-02-10 23:51:16 - M5Trainer - INFO - [Step 44400/50000] Stage D | L=1.0448e+04 (IC=2.558e+00, BC=2.165e-01, PDE=3.273e+03, Qg=3.903e+00) | k=4.99 mD, f=12.3 | Sw=[0.000,0.999] | 19192.4s
2026-02-10 23:51:45 - M5Trainer - INFO - [Step 44500/50000] Stage D | L=1.2808e+04 (IC=1.859e+00, BC=1.995e-01, PDE=3.516e+03, Qg=3.851e+00) | k=4.99 mD, f=12.3 | Sw=[0.000,0.985] | 19221.3s
2026-02-10 23:52:14 - M5Trainer - INFO - [Step 44600/50000] Stage D | L=1.0533e+04 (IC=2.525e+00, BC=2.142e-01, PDE=3.262e+03, Qg=3.858e+00) | k=4.99 mD, f=12.3 | Sw=[0.000,0.999] | 19250.2s
2026-02-10 23:52:43 - M5Trainer - INFO - [Step 44700/50000] Stage D | L=1.0886e+04 (IC=1.698e+00, BC=1.931e-01, PDE=3.209e+03, Qg=3.884e+00) | k=4.99 mD, f=12.3 | Sw=[0.000,0.984] | 19278.8s
2026-02-10 23:53:12 - M5Trainer - INFO - [Step 44800/50000] Stage D | L=1.0771e+04 (IC=2.167e+00, BC=2.375e-01, PDE=3.276e+03, Qg=3.885e+00) | k=4.99 mD, f=12.3 | Sw=[0.000,0.999] | 19308.2s
2026-02-10 23:53:42 - M5Trainer - INFO - [Step 44900/50000] Stage D | L=1.0508e+04 (IC=1.398e+00, BC=2.090e-01, PDE=3.139e+03, Qg=3.899e+00) | k=4.99 mD, f=12.3 | Sw=[0.000,0.822] | 19338.4s
2026-02-10 23:54:12 - M5Trainer - INFO - [Step 45000/50000] Stage D | L=1.0885e+04 (IC=2.204e+00, BC=2.284e-01, PDE=3.260e+03, Qg=3.862e+00) | k=4.99 mD, f=12.3 | Sw=[0.000,0.995] | 19368.5s
2026-02-10 23:54:43 - M5Trainer - INFO - [Step 45100/50000] Stage D | L=1.1806e+04 (IC=2.703e+00, BC=1.783e-01, PDE=3.388e+03, Qg=3.881e+00) | k=4.99 mD, f=12.3 | Sw=[0.000,1.000] | 19398.7s
2026-02-10 23:55:14 - M5Trainer - INFO - [Step 45200/50000] Stage D | L=9.8886e+03 (IC=2.020e+00, BC=2.442e-01, PDE=3.149e+03, Qg=3.901e+00) | k=4.99 mD, f=12.3 | Sw=[0.000,0.998] | 19429.7s
2026-02-10 23:55:45 - M5Trainer - INFO - [Step 45300/50000] Stage D | L=1.1955e+04 (IC=1.770e+00, BC=2.454e-01, PDE=3.431e+03, Qg=3.891e+00) | k=4.99 mD, f=12.3 | Sw=[0.000,1.000] | 19461.3s
2026-02-10 23:56:14 - M5Trainer - INFO - [Step 45400/50000] Stage D | L=1.0350e+04 (IC=2.571e+00, BC=1.861e-01, PDE=3.182e+03, Qg=3.880e+00) | k=4.99 mD, f=12.3 | Sw=[0.000,0.979] | 19490.3s
2026-02-10 23:56:43 - M5Trainer - INFO - [Step 45500/50000] Stage D | L=1.1570e+04 (IC=2.652e+00, BC=2.121e-01, PDE=3.492e+03, Qg=3.918e+00) | k=4.99 mD, f=12.3 | Sw=[0.000,0.861] | 19519.5s
2026-02-10 23:57:12 - M5Trainer - INFO - [Step 45600/50000] Stage D | L=1.0413e+04 (IC=2.675e+00, BC=2.179e-01, PDE=3.203e+03, Qg=3.883e+00) | k=4.99 mD, f=12.3 | Sw=[0.000,0.999] | 19548.6s
2026-02-10 23:57:44 - M5Trainer - INFO - [Step 45700/50000] Stage D | L=1.0900e+04 (IC=3.548e+00, BC=2.176e-01, PDE=3.339e+03, Qg=3.881e+00) | k=4.99 mD, f=12.3 | Sw=[0.000,0.999] | 19579.7s
2026-02-10 23:58:14 - M5Trainer - INFO - [Step 45800/50000] Stage D | L=9.6637e+03 (IC=2.266e+00, BC=1.925e-01, PDE=3.040e+03, Qg=3.867e+00) | k=4.99 mD, f=12.3 | Sw=[0.000,0.958] | 19610.3s
2026-02-10 23:58:44 - M5Trainer - INFO - [Step 45900/50000] Stage D | L=1.0876e+04 (IC=1.647e+00, BC=2.322e-01, PDE=3.246e+03, Qg=3.868e+00) | k=4.99 mD, f=12.3 | Sw=[0.000,1.000] | 19640.1s
2026-02-10 23:59:13 - M5Trainer - INFO - [Step 46000/50000] Stage D | L=1.0697e+04 (IC=2.144e+00, BC=1.861e-01, PDE=3.194e+03, Qg=3.866e+00) | k=4.99 mD, f=12.3 | Sw=[0.000,1.000] | 19669.6s
2026-02-10 23:59:43 - M5Trainer - INFO - [Step 46100/50000] Stage D | L=1.0376e+04 (IC=1.956e+00, BC=2.962e-01, PDE=3.232e+03, Qg=3.874e+00) | k=4.99 mD, f=12.3 | Sw=[0.000,0.876] | 19698.6s
2026-02-11 00:00:11 - M5Trainer - INFO - [Step 46200/50000] Stage D | L=1.2703e+04 (IC=2.393e+00, BC=2.284e-01, PDE=3.555e+03, Qg=3.872e+00) | k=4.99 mD, f=12.3 | Sw=[0.000,0.990] | 19727.5s
2026-02-11 00:00:40 - M5Trainer - INFO - [Step 46300/50000] Stage D | L=1.1094e+04 (IC=2.255e+00, BC=1.793e-01, PDE=3.308e+03, Qg=3.874e+00) | k=4.99 mD, f=12.3 | Sw=[0.000,0.992] | 19756.3s
2026-02-11 00:01:09 - M5Trainer - INFO - [Step 46400/50000] Stage D | L=1.1395e+04 (IC=2.110e+00, BC=2.072e-01, PDE=3.326e+03, Qg=3.869e+00) | k=4.99 mD, f=12.3 | Sw=[0.000,1.000] | 19785.5s
2026-02-11 00:01:39 - M5Trainer - INFO - [Step 46500/50000] Stage D | L=1.3628e+04 (IC=2.614e+00, BC=2.116e-01, PDE=3.690e+03, Qg=3.850e+00) | k=4.99 mD, f=12.3 | Sw=[0.000,1.000] | 19814.6s
2026-02-11 00:02:08 - M5Trainer - INFO - [Step 46600/50000] Stage D | L=1.4251e+04 (IC=1.463e+00, BC=2.154e-01, PDE=3.707e+03, Qg=3.862e+00) | k=4.99 mD, f=12.3 | Sw=[0.000,0.685] | 19843.7s
2026-02-11 00:02:37 - M5Trainer - INFO - [Step 46700/50000] Stage D | L=1.2242e+04 (IC=1.983e+00, BC=1.900e-01, PDE=3.449e+03, Qg=3.887e+00) | k=4.99 mD, f=12.3 | Sw=[0.000,0.981] | 19872.8s
2026-02-11 00:03:06 - M5Trainer - INFO - [Step 46800/50000] Stage D | L=1.2500e+04 (IC=2.197e+00, BC=2.315e-01, PDE=3.519e+03, Qg=3.884e+00) | k=4.99 mD, f=12.3 | Sw=[0.000,0.995] | 19902.0s
2026-02-11 00:03:35 - M5Trainer - INFO - [Step 46900/50000] Stage D | L=1.1195e+04 (IC=1.708e+00, BC=1.768e-01, PDE=3.287e+03, Qg=3.882e+00) | k=4.99 mD, f=12.3 | Sw=[0.000,1.000] | 19931.1s
2026-02-11 00:04:04 - M5Trainer - INFO - [Step 47000/50000] Stage D | L=1.1568e+04 (IC=1.982e+00, BC=2.132e-01, PDE=3.344e+03, Qg=3.878e+00) | k=4.99 mD, f=12.3 | Sw=[0.000,1.000] | 19960.2s
2026-02-11 00:04:33 - M5Trainer - INFO - [Step 47100/50000] Stage D | L=1.1887e+04 (IC=2.257e+00, BC=1.887e-01, PDE=3.388e+03, Qg=3.879e+00) | k=4.99 mD, f=12.3 | Sw=[0.000,0.999] | 19989.4s
2026-02-11 00:05:02 - M5Trainer - INFO - [Step 47200/50000] Stage D | L=1.0328e+04 (IC=2.825e+00, BC=1.888e-01, PDE=3.189e+03, Qg=3.879e+00) | k=4.99 mD, f=12.4 | Sw=[0.000,1.000] | 20018.5s
2026-02-11 00:05:32 - M5Trainer - INFO - [Step 47300/50000] Stage D | L=1.0579e+04 (IC=1.938e+00, BC=1.936e-01, PDE=3.205e+03, Qg=3.881e+00) | k=4.99 mD, f=12.4 | Sw=[0.000,0.962] | 20047.6s
2026-02-11 00:06:01 - M5Trainer - INFO - [Step 47400/50000] Stage D | L=1.0622e+04 (IC=1.892e+00, BC=1.818e-01, PDE=3.162e+03, Qg=3.877e+00) | k=4.99 mD, f=12.4 | Sw=[0.000,0.907] | 20076.6s
2026-02-11 00:06:30 - M5Trainer - INFO - [Step 47500/50000] Stage D | L=1.1746e+04 (IC=1.859e+00, BC=2.355e-01, PDE=3.392e+03, Qg=3.886e+00) | k=4.99 mD, f=12.4 | Sw=[0.000,0.999] | 20105.7s
2026-02-11 00:06:59 - M5Trainer - INFO - [Step 47600/50000] Stage D | L=1.1309e+04 (IC=1.372e+00, BC=2.226e-01, PDE=3.301e+03, Qg=3.883e+00) | k=4.99 mD, f=12.4 | Sw=[0.000,0.915] | 20134.7s
2026-02-11 00:07:28 - M5Trainer - INFO - [Step 47700/50000] Stage D | L=1.2544e+04 (IC=2.261e+00, BC=1.909e-01, PDE=3.492e+03, Qg=3.878e+00) | k=4.99 mD, f=12.4 | Sw=[0.000,0.657] | 20163.8s
2026-02-11 00:07:57 - M5Trainer - INFO - [Step 47800/50000] Stage D | L=1.0576e+04 (IC=1.786e+00, BC=2.294e-01, PDE=3.196e+03, Qg=3.883e+00) | k=4.99 mD, f=12.4 | Sw=[0.000,1.000] | 20192.9s
2026-02-11 00:08:26 - M5Trainer - INFO - [Step 47900/50000] Stage D | L=1.0705e+04 (IC=2.173e+00, BC=2.435e-01, PDE=3.282e+03, Qg=3.885e+00) | k=4.99 mD, f=12.4 | Sw=[0.000,0.336] | 20222.1s
2026-02-11 00:08:55 - M5Trainer - INFO - [Step 48000/50000] Stage D | L=9.4760e+03 (IC=2.185e+00, BC=2.186e-01, PDE=3.050e+03, Qg=3.880e+00) | k=4.99 mD, f=12.4 | Sw=[0.000,1.000] | 20251.1s
2026-02-11 00:09:24 - M5Trainer - INFO - [Step 48100/50000] Stage D | L=1.1808e+04 (IC=1.695e+00, BC=1.834e-01, PDE=3.348e+03, Qg=3.880e+00) | k=4.99 mD, f=12.4 | Sw=[0.000,0.999] | 20280.1s
2026-02-11 00:09:53 - M5Trainer - INFO - [Step 48200/50000] Stage D | L=1.0920e+04 (IC=1.579e+00, BC=2.196e-01, PDE=3.257e+03, Qg=3.868e+00) | k=4.99 mD, f=12.4 | Sw=[0.000,1.000] | 20309.3s
2026-02-11 00:10:22 - M5Trainer - INFO - [Step 48300/50000] Stage D | L=1.1058e+04 (IC=2.113e+00, BC=1.924e-01, PDE=3.266e+03, Qg=3.877e+00) | k=4.99 mD, f=12.4 | Sw=[0.000,0.973] | 20338.4s
2026-02-11 00:10:51 - M5Trainer - INFO - [Step 48400/50000] Stage D | L=1.0323e+04 (IC=2.015e+00, BC=2.117e-01, PDE=3.170e+03, Qg=3.883e+00) | k=4.99 mD, f=12.4 | Sw=[0.000,0.997] | 20367.5s
2026-02-11 00:11:21 - M5Trainer - INFO - [Step 48500/50000] Stage D | L=1.0963e+04 (IC=2.148e+00, BC=1.943e-01, PDE=3.257e+03, Qg=3.875e+00) | k=4.99 mD, f=12.4 | Sw=[0.000,0.999] | 20396.6s
2026-02-11 00:11:50 - M5Trainer - INFO - [Step 48600/50000] Stage D | L=1.1183e+04 (IC=1.444e+00, BC=2.023e-01, PDE=3.245e+03, Qg=3.881e+00) | k=4.99 mD, f=12.4 | Sw=[0.000,0.927] | 20425.7s
2026-02-11 00:12:19 - M5Trainer - INFO - [Step 48700/50000] Stage D | L=1.1268e+04 (IC=1.630e+00, BC=1.726e-01, PDE=3.242e+03, Qg=3.876e+00) | k=4.99 mD, f=12.4 | Sw=[0.000,0.968] | 20455.1s
2026-02-11 00:12:48 - M5Trainer - INFO - [Step 48800/50000] Stage D | L=1.2745e+04 (IC=1.504e+00, BC=2.020e-01, PDE=3.487e+03, Qg=3.873e+00) | k=4.99 mD, f=12.4 | Sw=[0.000,0.999] | 20484.2s
2026-02-11 00:13:17 - M5Trainer - INFO - [Step 48900/50000] Stage D | L=9.5291e+03 (IC=2.160e+00, BC=2.085e-01, PDE=3.038e+03, Qg=3.877e+00) | k=4.99 mD, f=12.4 | Sw=[0.000,1.000] | 20513.4s
2026-02-11 00:13:46 - M5Trainer - INFO - [Step 49000/50000] Stage D | L=1.1839e+04 (IC=2.309e+00, BC=2.014e-01, PDE=3.410e+03, Qg=3.877e+00) | k=4.99 mD, f=12.4 | Sw=[0.000,0.957] | 20542.5s
2026-02-11 00:14:15 - M5Trainer - INFO - [Step 49100/50000] Stage D | L=1.1200e+04 (IC=2.049e+00, BC=1.842e-01, PDE=3.276e+03, Qg=3.878e+00) | k=4.99 mD, f=12.4 | Sw=[0.000,0.183] | 20570.9s
2026-02-11 00:14:43 - M5Trainer - INFO - [Step 49200/50000] Stage D | L=1.3761e+04 (IC=1.270e+00, BC=2.266e-01, PDE=3.635e+03, Qg=3.880e+00) | k=4.99 mD, f=12.4 | Sw=[0.000,1.000] | 20599.0s
2026-02-11 00:15:11 - M5Trainer - INFO - [Step 49300/50000] Stage D | L=1.0768e+04 (IC=1.816e+00, BC=2.293e-01, PDE=3.235e+03, Qg=3.882e+00) | k=4.99 mD, f=12.4 | Sw=[0.000,0.992] | 20627.2s
2026-02-11 00:15:39 - M5Trainer - INFO - [Step 49400/50000] Stage D | L=1.1384e+04 (IC=1.908e+00, BC=2.311e-01, PDE=3.338e+03, Qg=3.879e+00) | k=4.99 mD, f=12.4 | Sw=[0.000,0.999] | 20655.4s
2026-02-11 00:16:07 - M5Trainer - INFO - [Step 49500/50000] Stage D | L=1.1328e+04 (IC=2.197e+00, BC=1.921e-01, PDE=3.316e+03, Qg=3.878e+00) | k=4.99 mD, f=12.4 | Sw=[0.000,1.000] | 20683.5s
2026-02-11 00:16:36 - M5Trainer - INFO - [Step 49600/50000] Stage D | L=1.2662e+04 (IC=2.019e+00, BC=1.735e-01, PDE=3.482e+03, Qg=3.877e+00) | k=4.99 mD, f=12.4 | Sw=[0.000,0.979] | 20711.7s
2026-02-11 00:17:04 - M5Trainer - INFO - [Step 49700/50000] Stage D | L=1.2335e+04 (IC=1.849e+00, BC=2.073e-01, PDE=3.459e+03, Qg=3.882e+00) | k=4.99 mD, f=12.4 | Sw=[0.000,1.000] | 20739.6s
2026-02-11 00:17:31 - M5Trainer - INFO - [Step 49800/50000] Stage D | L=1.1882e+04 (IC=3.735e+00, BC=2.456e-01, PDE=3.534e+03, Qg=3.882e+00) | k=4.99 mD, f=12.4 | Sw=[0.000,0.416] | 20767.6s
2026-02-11 00:17:59 - M5Trainer - INFO - [Step 49900/50000] Stage D | L=1.1278e+04 (IC=2.171e+00, BC=2.364e-01, PDE=3.345e+03, Qg=3.879e+00) | k=4.99 mD, f=12.4 | Sw=[0.000,0.987] | 20795.6s
2026-02-11 00:18:27 - M5Trainer - INFO - [Step 49999/50000] Stage D | L=1.1649e+04 (IC=2.721e+00, BC=1.961e-01, PDE=3.402e+03, Qg=3.881e+00) | k=4.99 mD, f=12.4 | Sw=[0.000,1.000] | 20823.3s
2026-02-11 00:18:27 - M5Trainer - INFO - 
M5 训练完成! 耗时: 20823.3s, 最佳损失: 1.4371e-03
2026-02-11 00:18:27 - M5Trainer - INFO - 配置快照已保存: C:\Users\16281\Desktop\cpedc_project\outputs\mk_pinn_dt_v2\resolved_config_m5.json
2026-02-11 00:18:27 - M5Trainer - INFO - 反演参数审计: C:\Users\16281\Desktop\cpedc_project\outputs\mk_pinn_dt_v2\reports\M5_inversion_params.json
2026-02-11 00:18:28 - M5Trainer - INFO - qg 对比图已保存: C:\Users\16281\Desktop\cpedc_project\outputs\mk_pinn_dt_v2\figs\M5_qg_comparison_SY9.png
2026-02-11 00:18:28 - M5Trainer - INFO - p_wf 反演图已保存: C:\Users\16281\Desktop\cpedc_project\outputs\mk_pinn_dt_v2\figs\M5_pwf_inversion_SY9.png
2026-02-11 00:18:29 - M5Trainer - INFO - 训练曲线图已保存: C:\Users\16281\Desktop\cpedc_project\outputs\mk_pinn_dt_v2\figs\M5_training_history.png
2026-02-11 00:18:29 - M5Trainer - INFO - 残差热力图已保存: C:\Users\16281\Desktop\cpedc_project\outputs\mk_pinn_dt_v2\figs\M5_pde_residual_map.png
2026-02-11 00:18:31 - M5Trainer - INFO - M6 连通性分析完成
2026-02-11 00:18:32 - M5Trainer - INFO - M7 水侵预警分析完成
2026-02-11 00:18:32 - M5Trainer - INFO - M5 验收报告已保存: C:\Users\16281\Desktop\cpedc_project\outputs\mk_pinn_dt_v2\reports\M5_validation_report.md
