2026-02-10 00:21:08 - M5Trainer - INFO -   井 SY9: 1025 条同化数据
2026-02-10 00:21:08 - M5Trainer - INFO -   M3 PVT cg(76.0, 141.39) = 0.009744
2026-02-10 00:21:08 - M5Trainer - INFO -   M3 PVT Bg(76.0, 141.39) = 0.002577
2026-02-10 00:21:08 - M5Trainer - INFO -   PDE 缩放: αx=1.017765, αy=2.546600
2026-02-10 00:21:08 - M5Trainer - INFO - M5Trainer 初始化完成: device=cuda, lr=0.001, max_steps=4000, relobralo=True, rar=True
2026-02-10 00:21:08 - M5Trainer - INFO - ============================================================
2026-02-10 00:21:08 - M5Trainer - INFO - M5 PINN 井—藏耦合同化训练开始
2026-02-10 00:21:08 - M5Trainer - INFO - ============================================================
2026-02-10 00:21:08 - M5Trainer - INFO - 训练阶段: A[0-800] B[800-2000] C[2000-3200] D[3200-4000]
2026-02-10 00:21:08 - M5Trainer - INFO - [Step     0/4000] Stage A | L=3.4326e+02 (IC=2.807e+01, BC=1.250e+01, PDE=0.000e+00, Qg=1.213e+09) | k=5.00 mD, f=10.0 | Sw=[0.292,0.863] | 0.3s
2026-02-10 00:21:10 - M5Trainer - INFO - [Step   100/4000] Stage A | L=5.3530e-01 (IC=3.350e-02, BC=4.005e-02, PDE=0.000e+00, Qg=4.710e+09) | k=5.00 mD, f=10.0 | Sw=[0.165,0.682] | 1.8s
2026-02-10 00:21:11 - M5Trainer - INFO - [Step   200/4000] Stage A | L=3.3111e-03 (IC=8.954e-02, BC=9.956e-02, PDE=0.000e+00, Qg=6.406e+09) | k=5.00 mD, f=10.0 | Sw=[0.246,0.622] | 3.1s
2026-02-10 00:21:13 - M5Trainer - INFO - [Step   300/4000] Stage A | L=1.9021e-06 (IC=2.986e-03, BC=7.389e-04, PDE=0.000e+00, Qg=6.345e+09) | k=5.00 mD, f=10.0 | Sw=[0.258,0.624] | 4.6s
2026-02-10 00:21:14 - M5Trainer - INFO - [Step   400/4000] Stage A | L=1.0721e-05 (IC=4.128e-03, BC=4.827e-03, PDE=0.000e+00, Qg=6.390e+09) | k=5.00 mD, f=10.0 | Sw=[0.271,0.660] | 5.9s
2026-02-10 00:21:15 - M5Trainer - INFO - [Step   500/4000] Stage A | L=4.0499e-05 (IC=7.687e-03, BC=8.467e-03, PDE=0.000e+00, Qg=8.430e+09) | k=5.00 mD, f=10.0 | Sw=[0.248,0.620] | 7.2s
2026-02-10 00:21:16 - M5Trainer - INFO - [Step   600/4000] Stage A | L=1.6953e-06 (IC=1.932e-03, BC=9.017e-04, PDE=0.000e+00, Qg=8.237e+09) | k=5.00 mD, f=10.0 | Sw=[0.241,0.528] | 8.5s
2026-02-10 00:21:18 - M5Trainer - INFO - [Step   700/4000] Stage A | L=1.6300e-06 (IC=1.801e-03, BC=6.024e-04, PDE=0.000e+00, Qg=8.195e+09) | k=5.00 mD, f=10.0 | Sw=[0.212,0.578] | 9.7s
2026-02-10 00:21:19 - M5Trainer - INFO - [Step   800/4000] Stage B | L=6.8377e+09 (IC=1.693e-03, BC=4.538e-04, PDE=0.000e+00, Qg=8.203e+09) | k=5.00 mD, f=10.0 | Sw=[0.223,0.748] | 11.1s
2026-02-10 00:21:23 - M5Trainer - INFO - [Step   900/4000] Stage B | L=1.6671e-02 (IC=2.855e-01, BC=5.618e-03, PDE=1.989e+00, Qg=2.002e+03) | k=4.96 mD, f=10.0 | Sw=[0.088,0.996] | 15.4s
2026-02-10 00:21:27 - M5Trainer - INFO - [Step  1000/4000] Stage B | L=1.8051e-02 (IC=1.961e-01, BC=3.359e-03, PDE=2.395e+00, Qg=1.512e+03) | k=4.96 mD, f=10.0 | Sw=[0.221,0.996] | 19.2s
2026-02-10 00:21:31 - M5Trainer - INFO - [Step  1100/4000] Stage B | L=1.7476e-03 (IC=4.178e-02, BC=1.589e-03, PDE=8.610e-01, Qg=5.736e+02) | k=4.96 mD, f=10.0 | Sw=[0.299,0.996] | 23.4s
2026-02-10 00:21:36 - M5Trainer - INFO - [Step  1200/4000] Stage B | L=3.2029e-03 (IC=6.085e-02, BC=1.298e-03, PDE=4.170e-01, Qg=6.752e+02) | k=4.95 mD, f=10.0 | Sw=[0.141,0.997] | 27.6s
2026-02-10 00:21:40 - M5Trainer - INFO - [Step  1300/4000] Stage B | L=8.4506e-03 (IC=8.779e-02, BC=1.453e-03, PDE=7.008e-01, Qg=4.252e+00) | k=4.95 mD, f=9.9 | Sw=[0.191,0.999] | 31.9s
2026-02-10 00:21:45 - M5Trainer - INFO - [Step  1400/4000] Stage B | L=1.7066e-03 (IC=3.270e-02, BC=9.707e-04, PDE=2.748e-01, Qg=1.099e+02) | k=4.95 mD, f=9.9 | Sw=[0.114,0.998] | 36.5s
2026-02-10 00:21:49 - M5Trainer - INFO - [Step  1500/4000] Stage B | L=1.5552e-03 (IC=1.873e-02, BC=5.496e-04, PDE=4.408e-01, Qg=1.271e+02) | k=4.95 mD, f=9.9 | Sw=[0.193,0.998] | 40.6s
2026-02-10 00:21:53 - M5Trainer - INFO - [Step  1600/4000] Stage B | L=1.4333e-03 (IC=2.271e-02, BC=8.320e-04, PDE=2.176e-01, Qg=2.468e+02) | k=4.94 mD, f=9.9 | Sw=[0.259,0.997] | 44.5s
2026-02-10 00:21:57 - M5Trainer - INFO - [Step  1700/4000] Stage B | L=3.6065e-03 (IC=3.632e-02, BC=9.255e-04, PDE=2.960e-01, Qg=1.469e+02) | k=4.94 mD, f=9.9 | Sw=[0.180,0.997] | 48.7s
2026-02-10 00:22:01 - M5Trainer - INFO - [Step  1800/4000] Stage B | L=1.7009e-03 (IC=2.236e-02, BC=4.789e-04, PDE=1.647e-01, Qg=1.636e+02) | k=4.94 mD, f=9.9 | Sw=[0.268,0.998] | 53.0s
2026-02-10 00:22:06 - M5Trainer - INFO - [Step  1900/4000] Stage B | L=1.2453e+00 (IC=3.397e-02, BC=9.977e-03, PDE=9.818e+00, Qg=2.825e+01) | k=4.94 mD, f=9.9 | Sw=[0.324,0.998] | 57.8s
2026-02-10 00:22:11 - M5Trainer - INFO - [Step  2000/4000] Stage C | L=1.4870e-03 (IC=1.725e-02, BC=5.982e-04, PDE=1.942e-01, Qg=1.764e+02) | k=4.93 mD, f=9.9 | Sw=[0.256,0.996] | 62.8s
2026-02-10 00:22:16 - M5Trainer - INFO - [Step  2100/4000] Stage C | L=1.8519e-03 (IC=2.215e-02, BC=9.845e-05, PDE=1.582e-01, Qg=9.660e+01) | k=4.93 mD, f=9.9 | Sw=[0.281,0.997] | 67.9s
2026-02-10 00:22:21 - M5Trainer - INFO - [Step  2200/4000] Stage C | L=1.9406e-03 (IC=1.985e-02, BC=7.680e-05, PDE=1.618e-01, Qg=7.598e+01) | k=4.93 mD, f=9.9 | Sw=[0.306,0.997] | 72.6s
2026-02-10 00:22:25 - M5Trainer - INFO - [Step  2300/4000] Stage C | L=3.1570e-03 (IC=2.523e-02, BC=7.684e-05, PDE=1.611e-01, Qg=6.554e+01) | k=4.93 mD, f=9.9 | Sw=[0.296,0.997] | 77.3s
2026-02-10 00:22:30 - M5Trainer - INFO - [Step  2400/4000] Stage C | L=3.5563e-03 (IC=2.314e-02, BC=7.112e-05, PDE=1.804e-01, Qg=4.946e+01) | k=4.93 mD, f=9.9 | Sw=[0.328,0.998] | 82.0s
2026-02-10 00:22:35 - M5Trainer - INFO - [Step  2500/4000] Stage C | L=6.4007e-03 (IC=2.492e-02, BC=6.270e-04, PDE=2.548e-01, Qg=1.279e+02) | k=4.93 mD, f=9.9 | Sw=[0.263,0.996] | 86.7s
2026-02-10 00:22:39 - M5Trainer - INFO - [Step  2600/4000] Stage C | L=3.1767e-03 (IC=1.743e-02, BC=1.186e-04, PDE=1.606e-01, Qg=5.938e+01) | k=4.93 mD, f=9.9 | Sw=[0.394,0.997] | 91.4s
2026-02-10 00:22:44 - M5Trainer - INFO - [Step  2700/4000] Stage C | L=6.2987e-03 (IC=2.427e-02, BC=1.252e-04, PDE=1.974e-01, Qg=6.429e+01) | k=4.93 mD, f=9.9 | Sw=[0.291,0.996] | 96.1s
2026-02-10 00:22:49 - M5Trainer - INFO - [Step  2800/4000] Stage C | L=4.2584e-03 (IC=1.797e-02, BC=7.448e-05, PDE=1.549e-01, Qg=5.676e+01) | k=4.93 mD, f=9.9 | Sw=[0.313,0.997] | 100.6s
2026-02-10 00:22:53 - M5Trainer - INFO - [Step  2900/4000] Stage C | L=7.9244e-03 (IC=2.531e-02, BC=8.992e-05, PDE=1.763e-01, Qg=5.331e+00) | k=4.93 mD, f=9.9 | Sw=[0.382,0.997] | 105.4s
2026-02-10 00:22:58 - M5Trainer - INFO - [Step  3000/4000] Stage C | L=7.3166e-03 (IC=2.027e-02, BC=1.222e-04, PDE=1.763e-01, Qg=5.788e+01) | k=4.93 mD, f=9.9 | Sw=[0.339,0.997] | 110.3s
2026-02-10 00:23:03 - M5Trainer - INFO - [Step  3100/4000] Stage C | L=7.4020e-03 (IC=1.806e-02, BC=1.700e-04, PDE=1.734e-01, Qg=4.254e+01) | k=4.93 mD, f=9.9 | Sw=[0.346,0.997] | 115.3s
2026-02-10 00:23:08 - M5Trainer - INFO - [Step  3200/4000] Stage D | L=7.5458e-03 (IC=1.817e-02, BC=9.506e-05, PDE=1.730e-01, Qg=7.124e+01) | k=4.92 mD, f=9.9 | Sw=[0.304,0.996] | 120.3s
2026-02-10 00:23:13 - M5Trainer - INFO - [Step  3300/4000] Stage D | L=6.8557e-03 (IC=1.630e-02, BC=7.789e-05, PDE=1.589e-01, Qg=4.043e+01) | k=4.92 mD, f=9.9 | Sw=[0.363,0.996] | 125.0s
2026-02-10 00:23:18 - M5Trainer - INFO - [Step  3400/4000] Stage D | L=8.7219e-03 (IC=1.691e-02, BC=8.778e-05, PDE=1.722e-01, Qg=3.395e+01) | k=4.92 mD, f=9.9 | Sw=[0.396,0.996] | 129.8s
2026-02-10 00:23:23 - M5Trainer - INFO - [Step  3500/4000] Stage D | L=9.1875e-03 (IC=1.068e-02, BC=1.143e-04, PDE=1.861e-01, Qg=2.626e+01) | k=4.92 mD, f=9.9 | Sw=[0.294,0.997] | 134.7s
2026-02-10 00:23:28 - M5Trainer - INFO - [Step  3600/4000] Stage D | L=1.0179e-02 (IC=1.342e-02, BC=8.672e-05, PDE=1.758e-01, Qg=3.210e+01) | k=4.92 mD, f=9.9 | Sw=[0.295,0.997] | 139.6s
2026-02-10 00:23:33 - M5Trainer - INFO - [Step  3700/4000] Stage D | L=1.0520e-02 (IC=1.158e-02, BC=9.936e-05, PDE=1.723e-01, Qg=3.320e+01) | k=4.92 mD, f=9.9 | Sw=[0.372,0.997] | 144.5s
2026-02-10 00:23:38 - M5Trainer - INFO - [Step  3800/4000] Stage D | L=1.2612e-02 (IC=1.347e-02, BC=7.724e-05, PDE=1.738e-01, Qg=3.235e+01) | k=4.92 mD, f=9.9 | Sw=[0.333,0.997] | 149.8s
2026-02-10 00:23:43 - M5Trainer - INFO - [Step  3900/4000] Stage D | L=1.6442e-02 (IC=1.584e-02, BC=9.133e-05, PDE=1.828e-01, Qg=3.966e+01) | k=4.92 mD, f=9.9 | Sw=[0.418,0.997] | 154.8s
2026-02-10 00:23:48 - M5Trainer - INFO - [Step  3999/4000] Stage D | L=2.3007e-02 (IC=2.452e-02, BC=9.216e-05, PDE=1.740e-01, Qg=3.425e+01) | k=4.92 mD, f=9.9 | Sw=[0.320,0.997] | 159.5s
2026-02-10 00:23:48 - M5Trainer - INFO - 
M5 训练完成! 耗时: 159.5s, 最佳损失: 2.1321e-07
2026-02-10 00:23:48 - M5Trainer - INFO - 配置快照已保存: C:\Users\16281\Desktop\cpedc_project\outputs\mk_pinn_dt_v2\resolved_config_m5.json
2026-02-10 00:23:48 - M5Trainer - INFO - 反演参数审计: C:\Users\16281\Desktop\cpedc_project\outputs\mk_pinn_dt_v2\reports\M5_inversion_params.json
2026-02-10 00:23:48 - M5Trainer - INFO -   井 SY9: 1025 条同化数据
2026-02-10 00:23:48 - M5Trainer - INFO -   M3 PVT cg(76.0, 141.39) = 0.009744
2026-02-10 00:23:48 - M5Trainer - INFO -   M3 PVT Bg(76.0, 141.39) = 0.002577
2026-02-10 00:23:48 - M5Trainer - INFO -   PDE 缩放: αx=1.017765, αy=2.546600
2026-02-10 00:23:48 - M5Trainer - INFO - M5Trainer 初始化完成: device=cuda, lr=0.001, max_steps=4000, relobralo=True, rar=True
2026-02-10 00:23:48 - M5Trainer - INFO - ============================================================
2026-02-10 00:23:48 - M5Trainer - INFO - M5 PINN 井—藏耦合同化训练开始
2026-02-10 00:23:48 - M5Trainer - INFO - ============================================================
2026-02-10 00:23:48 - M5Trainer - INFO - 训练阶段: A[0-800] B[800-2000] C[2000-3200] D[3200-4000]
2026-02-10 00:23:48 - M5Trainer - INFO - [Step     0/4000] Stage A | L=3.2856e+02 (IC=2.403e+01, BC=1.765e+01, PDE=0.000e+00, Qg=1.447e+10) | k=5.00 mD, f=10.0 | Sw=[0.202,0.678] | 0.0s
2026-02-10 00:23:49 - M5Trainer - INFO - [Step   100/4000] Stage A | L=8.2253e-01 (IC=5.892e-02, BC=4.667e-02, PDE=0.000e+00, Qg=2.235e+10) | k=5.00 mD, f=10.0 | Sw=[0.085,0.313] | 1.5s
2026-02-10 00:23:51 - M5Trainer - INFO - [Step   200/4000] Stage A | L=3.5078e-05 (IC=9.862e-03, BC=7.025e-03, PDE=0.000e+00, Qg=2.150e+10) | k=5.00 mD, f=10.0 | Sw=[0.139,0.333] | 2.9s
2026-02-10 00:23:52 - M5Trainer - INFO - [Step   300/4000] Stage A | L=2.5760e-06 (IC=2.920e-03, BC=1.141e-03, PDE=0.000e+00, Qg=2.184e+10) | k=5.00 mD, f=10.0 | Sw=[0.153,0.282] | 4.5s
2026-02-10 00:23:54 - M5Trainer - INFO - [Step   400/4000] Stage A | L=1.0861e-06 (IC=1.729e-03, BC=7.183e-04, PDE=0.000e+00, Qg=2.176e+10) | k=5.00 mD, f=10.0 | Sw=[0.128,0.310] | 5.9s
2026-02-10 00:23:55 - M5Trainer - INFO - [Step   500/4000] Stage A | L=1.9069e-06 (IC=2.158e-03, BC=5.036e-04, PDE=0.000e+00, Qg=2.168e+10) | k=5.00 mD, f=10.0 | Sw=[0.134,0.290] | 7.4s
2026-02-10 00:23:57 - M5Trainer - INFO - [Step   600/4000] Stage A | L=1.8415e-05 (IC=4.190e-03, BC=5.571e-03, PDE=0.000e+00, Qg=2.135e+10) | k=5.00 mD, f=10.0 | Sw=[0.148,0.299] | 8.9s
2026-02-10 00:23:58 - M5Trainer - INFO - [Step   700/4000] Stage A | L=1.1520e-06 (IC=1.361e-03, BC=5.295e-04, PDE=0.000e+00, Qg=2.144e+10) | k=5.00 mD, f=10.0 | Sw=[0.133,0.292] | 10.3s
2026-02-10 00:24:00 - M5Trainer - INFO - [Step   800/4000] Stage B | L=1.1322e+10 (IC=1.144e-03, BC=3.049e-04, PDE=0.000e+00, Qg=2.144e+10) | k=5.00 mD, f=10.0 | Sw=[0.131,0.472] | 11.8s
2026-02-10 00:24:04 - M5Trainer - INFO - [Step   900/4000] Stage B | L=1.3753e-02 (IC=2.395e-01, BC=4.033e-03, PDE=1.458e+00, Qg=3.893e+03) | k=4.97 mD, f=10.0 | Sw=[0.111,0.997] | 16.6s
2026-02-10 00:24:09 - M5Trainer - INFO - [Step  1000/4000] Stage B | L=2.0226e-02 (IC=1.987e-01, BC=1.434e-03, PDE=1.777e+00, Qg=3.052e+03) | k=4.96 mD, f=10.0 | Sw=[0.340,0.996] | 21.4s
2026-02-10 00:24:14 - M5Trainer - INFO - [Step  1100/4000] Stage B | L=1.1911e-03 (IC=3.445e-02, BC=3.094e-03, PDE=5.078e-01, Qg=1.217e+03) | k=4.96 mD, f=10.0 | Sw=[0.465,0.994] | 25.9s
2026-02-10 00:24:18 - M5Trainer - INFO - [Step  1200/4000] Stage B | L=1.1359e-03 (IC=2.798e-02, BC=1.839e-03, PDE=3.812e-01, Qg=7.897e+02) | k=4.96 mD, f=10.0 | Sw=[0.200,0.996] | 30.5s
2026-02-10 00:24:23 - M5Trainer - INFO - [Step  1300/4000] Stage B | L=1.3091e-03 (IC=2.672e-02, BC=1.004e-03, PDE=2.928e-01, Qg=5.737e+02) | k=4.96 mD, f=10.0 | Sw=[0.277,0.996] | 35.1s
2026-02-10 00:24:28 - M5Trainer - INFO - [Step  1400/4000] Stage B | L=1.2947e-01 (IC=2.861e-01, BC=3.576e-02, PDE=2.879e-01, Qg=5.187e+03) | k=4.95 mD, f=10.0 | Sw=[0.032,0.997] | 39.9s
2026-02-10 00:24:32 - M5Trainer - INFO - [Step  1500/4000] Stage B | L=6.3579e-02 (IC=1.997e-01, BC=3.088e-04, PDE=2.995e-01, Qg=1.744e+03) | k=4.95 mD, f=9.9 | Sw=[0.200,0.997] | 44.6s
2026-02-10 00:24:37 - M5Trainer - INFO - [Step  1600/4000] Stage B | L=4.9703e-03 (IC=4.351e-02, BC=1.452e-04, PDE=5.274e-01, Qg=1.065e+03) | k=4.94 mD, f=9.9 | Sw=[0.323,0.993] | 49.3s
2026-02-10 00:24:42 - M5Trainer - INFO - [Step  1700/4000] Stage B | L=2.2138e-03 (IC=2.716e-02, BC=2.015e-04, PDE=2.616e-01, Qg=4.683e+02) | k=4.94 mD, f=9.9 | Sw=[0.262,0.996] | 54.0s
2026-02-10 00:24:46 - M5Trainer - INFO - [Step  1800/4000] Stage B | L=3.4299e-03 (IC=3.325e-02, BC=4.129e-04, PDE=1.719e-01, Qg=3.463e+02) | k=4.94 mD, f=9.9 | Sw=[0.081,0.995] | 58.6s
2026-02-10 00:24:51 - M5Trainer - INFO - [Step  1900/4000] Stage B | L=2.0886e-03 (IC=2.204e-02, BC=7.314e-05, PDE=1.590e-01, Qg=3.174e+02) | k=4.94 mD, f=9.9 | Sw=[0.306,0.996] | 63.6s
2026-02-10 00:24:57 - M5Trainer - INFO - [Step  2000/4000] Stage C | L=1.1713e-03 (IC=1.073e-02, BC=1.010e-04, PDE=2.035e-01, Qg=3.436e+02) | k=4.94 mD, f=9.9 | Sw=[0.340,0.996] | 68.7s
2026-02-10 00:25:01 - M5Trainer - INFO - [Step  2100/4000] Stage C | L=2.5623e-03 (IC=2.601e-02, BC=8.600e-05, PDE=1.561e-01, Qg=2.458e+02) | k=4.93 mD, f=9.9 | Sw=[0.230,0.996] | 73.1s
2026-02-10 00:25:06 - M5Trainer - INFO - [Step  2200/4000] Stage C | L=2.1179e-03 (IC=2.047e-02, BC=4.252e-05, PDE=1.521e-01, Qg=1.997e+02) | k=4.93 mD, f=9.9 | Sw=[0.277,0.997] | 78.1s
2026-02-10 00:25:11 - M5Trainer - INFO - [Step  2300/4000] Stage C | L=3.4222e-03 (IC=2.555e-02, BC=4.288e-05, PDE=1.511e-01, Qg=1.656e+02) | k=4.93 mD, f=9.9 | Sw=[0.284,0.997] | 83.0s
2026-02-10 00:25:16 - M5Trainer - INFO - [Step  2400/4000] Stage C | L=5.9287e-03 (IC=3.182e-02, BC=4.995e-05, PDE=1.771e-01, Qg=1.645e+01) | k=4.93 mD, f=9.9 | Sw=[0.335,0.997] | 87.9s
2026-02-10 00:25:21 - M5Trainer - INFO - [Step  2500/4000] Stage C | L=3.0088e-03 (IC=1.679e-02, BC=5.317e-05, PDE=1.704e-01, Qg=1.482e+02) | k=4.93 mD, f=9.9 | Sw=[0.279,0.997] | 92.9s
2026-02-10 00:25:26 - M5Trainer - INFO - [Step  2600/4000] Stage C | L=1.1658e-02 (IC=3.794e-02, BC=1.468e-03, PDE=2.250e-01, Qg=1.353e+02) | k=4.93 mD, f=9.9 | Sw=[0.337,0.995] | 97.7s
2026-02-10 00:25:30 - M5Trainer - INFO - [Step  2700/4000] Stage C | L=4.0256e-03 (IC=1.832e-02, BC=1.634e-05, PDE=1.578e-01, Qg=1.161e+02) | k=4.93 mD, f=9.9 | Sw=[0.301,0.997] | 102.6s
2026-02-10 00:25:35 - M5Trainer - INFO - [Step  2800/4000] Stage C | L=5.1800e-03 (IC=1.754e-02, BC=1.241e-05, PDE=1.803e-01, Qg=1.563e+02) | k=4.93 mD, f=9.9 | Sw=[0.282,0.997] | 107.4s
2026-02-10 00:25:40 - M5Trainer - INFO - [Step  2900/4000] Stage C | L=5.4866e-03 (IC=1.771e-02, BC=4.758e-05, PDE=1.603e-01, Qg=1.746e+02) | k=4.93 mD, f=9.9 | Sw=[0.306,0.996] | 112.4s
2026-02-10 00:25:45 - M5Trainer - INFO - [Step  3000/4000] Stage C | L=1.7407e-02 (IC=3.824e-02, BC=8.618e-05, PDE=1.722e-01, Qg=2.509e+00) | k=4.93 mD, f=9.9 | Sw=[0.328,0.997] | 117.1s
2026-02-10 00:25:49 - M5Trainer - INFO - [Step  3100/4000] Stage C | L=9.7728e-03 (IC=2.200e-02, BC=2.827e-05, PDE=1.814e-01, Qg=1.034e+02) | k=4.93 mD, f=9.9 | Sw=[0.283,0.996] | 121.3s
2026-02-10 00:25:53 - M5Trainer - INFO - [Step  3200/4000] Stage D | L=7.0188e-03 (IC=1.544e-02, BC=1.744e-05, PDE=1.759e-01, Qg=1.245e+02) | k=4.92 mD, f=9.9 | Sw=[0.344,0.997] | 125.6s
2026-02-10 00:25:58 - M5Trainer - INFO - [Step  3300/4000] Stage D | L=1.0503e-02 (IC=2.493e-02, BC=2.498e-05, PDE=1.651e-01, Qg=6.762e+00) | k=4.92 mD, f=9.9 | Sw=[0.339,0.997] | 130.3s
2026-02-10 00:26:03 - M5Trainer - INFO - [Step  3400/4000] Stage D | L=9.2060e-03 (IC=1.616e-02, BC=1.279e-05, PDE=1.784e-01, Qg=9.116e+01) | k=4.92 mD, f=9.9 | Sw=[0.323,0.997] | 134.9s
2026-02-10 00:26:08 - M5Trainer - INFO - [Step  3500/4000] Stage D | L=9.5719e-03 (IC=1.093e-02, BC=1.223e-05, PDE=1.893e-01, Qg=7.720e+01) | k=4.92 mD, f=9.9 | Sw=[0.281,0.997] | 139.7s
2026-02-10 00:26:12 - M5Trainer - INFO - [Step  3600/4000] Stage D | L=1.1128e-02 (IC=1.353e-02, BC=1.484e-05, PDE=1.841e-01, Qg=8.340e+01) | k=4.92 mD, f=9.9 | Sw=[0.288,0.997] | 144.0s
2026-02-10 00:26:16 - M5Trainer - INFO - [Step  3700/4000] Stage D | L=1.1402e-02 (IC=1.122e-02, BC=1.263e-05, PDE=1.818e-01, Qg=7.947e+01) | k=4.92 mD, f=9.9 | Sw=[0.317,0.997] | 148.3s
2026-02-10 00:26:20 - M5Trainer - INFO - [Step  3800/4000] Stage D | L=1.3651e-02 (IC=1.353e-02, BC=1.071e-05, PDE=1.816e-01, Qg=7.635e+01) | k=4.92 mD, f=9.9 | Sw=[0.280,0.997] | 152.5s
2026-02-10 00:26:25 - M5Trainer - INFO - [Step  3900/4000] Stage D | L=1.7771e-02 (IC=1.630e-02, BC=7.910e-06, PDE=1.887e-01, Qg=9.434e+01) | k=4.92 mD, f=9.9 | Sw=[0.357,0.997] | 157.4s
2026-02-10 00:26:30 - M5Trainer - INFO - [Step  3999/4000] Stage D | L=2.6864e-02 (IC=2.638e-02, BC=1.094e-05, PDE=1.795e-01, Qg=8.401e+01) | k=4.92 mD, f=9.9 | Sw=[0.281,0.997] | 162.5s
2026-02-10 00:26:30 - M5Trainer - INFO - 
M5 训练完成! 耗时: 162.5s, 最佳损失: 1.7747e-07
2026-02-10 00:26:30 - M5Trainer - INFO - 配置快照已保存: C:\Users\16281\Desktop\cpedc_project\outputs\mk_pinn_dt_v2\resolved_config_m5.json
2026-02-10 00:26:30 - M5Trainer - INFO - 反演参数审计: C:\Users\16281\Desktop\cpedc_project\outputs\mk_pinn_dt_v2\reports\M5_inversion_params.json
2026-02-10 00:26:31 - M5Trainer - INFO -   井 SY9: 1025 条同化数据
2026-02-10 00:26:31 - M5Trainer - INFO -   M3 PVT cg(76.0, 141.39) = 0.009744
2026-02-10 00:26:31 - M5Trainer - INFO -   M3 PVT Bg(76.0, 141.39) = 0.002577
2026-02-10 00:26:31 - M5Trainer - INFO -   PDE 缩放: αx=1.017765, αy=2.546600
2026-02-10 00:26:31 - M5Trainer - INFO - M5Trainer 初始化完成: device=cuda, lr=0.001, max_steps=4000, relobralo=True, rar=True
2026-02-10 00:26:31 - M5Trainer - INFO - ============================================================
2026-02-10 00:26:31 - M5Trainer - INFO - M5 PINN 井—藏耦合同化训练开始
2026-02-10 00:26:31 - M5Trainer - INFO - ============================================================
2026-02-10 00:26:31 - M5Trainer - INFO - 训练阶段: A[0-800] B[800-2000] C[2000-3200] D[3200-4000]
2026-02-10 00:26:31 - M5Trainer - INFO - [Step     0/4000] Stage A | L=1.6790e+02 (IC=1.270e+01, BC=8.183e+00, PDE=0.000e+00, Qg=6.448e+09) | k=5.00 mD, f=10.0 | Sw=[0.099,0.816] | 0.0s
2026-02-10 00:26:32 - M5Trainer - INFO - [Step   100/4000] Stage A | L=6.8200e-01 (IC=5.231e-02, BC=3.179e-02, PDE=0.000e+00, Qg=3.101e+10) | k=5.00 mD, f=10.0 | Sw=[0.048,0.308] | 1.6s
2026-02-10 00:26:34 - M5Trainer - INFO - [Step   200/4000] Stage A | L=1.6025e-04 (IC=1.620e-02, BC=1.481e-02, PDE=0.000e+00, Qg=3.063e+10) | k=5.00 mD, f=10.0 | Sw=[0.043,0.314] | 3.1s
2026-02-10 00:26:35 - M5Trainer - INFO - [Step   300/4000] Stage A | L=1.1759e-06 (IC=1.664e-03, BC=2.582e-04, PDE=0.000e+00, Qg=3.123e+10) | k=5.00 mD, f=10.0 | Sw=[0.050,0.254] | 4.7s
2026-02-10 00:26:37 - M5Trainer - INFO - [Step   400/4000] Stage A | L=3.8169e-07 (IC=8.488e-04, BC=1.773e-04, PDE=0.000e+00, Qg=3.120e+10) | k=5.00 mD, f=10.0 | Sw=[0.056,0.274] | 6.0s
2026-02-10 00:26:38 - M5Trainer - INFO - [Step   500/4000] Stage A | L=6.9357e-06 (IC=3.249e-03, BC=7.392e-04, PDE=0.000e+00, Qg=3.130e+10) | k=5.00 mD, f=10.0 | Sw=[0.063,0.267] | 7.4s
2026-02-10 00:26:40 - M5Trainer - INFO - [Step   600/4000] Stage A | L=5.7942e-06 (IC=2.729e-03, BC=3.574e-04, PDE=0.000e+00, Qg=3.141e+10) | k=5.00 mD, f=10.0 | Sw=[0.046,0.278] | 8.9s
2026-02-10 00:26:41 - M5Trainer - INFO - [Step   700/4000] Stage A | L=5.7019e-06 (IC=2.481e-03, BC=2.304e-04, PDE=0.000e+00, Qg=3.131e+10) | k=5.00 mD, f=10.0 | Sw=[0.051,0.263] | 10.4s
2026-02-10 00:26:42 - M5Trainer - INFO - [Step   800/4000] Stage B | L=2.0985e+10 (IC=7.915e-04, BC=1.815e-04, PDE=0.000e+00, Qg=3.128e+10) | k=5.00 mD, f=10.0 | Sw=[0.099,0.427] | 11.8s
2026-02-10 00:26:47 - M5Trainer - INFO - [Step   900/4000] Stage B | L=2.5799e-02 (IC=2.381e-01, BC=2.033e-03, PDE=1.412e+00, Qg=4.548e+03) | k=4.97 mD, f=10.0 | Sw=[0.070,0.998] | 16.8s
2026-02-10 00:26:53 - M5Trainer - INFO - [Step  1000/4000] Stage B | L=3.9751e-03 (IC=3.868e-02, BC=1.029e-03, PDE=2.238e+00, Qg=1.949e+03) | k=4.97 mD, f=10.0 | Sw=[0.237,0.995] | 21.9s
2026-02-10 00:26:57 - M5Trainer - INFO - [Step  1100/4000] Stage B | L=2.8813e-03 (IC=4.215e-02, BC=1.031e-03, PDE=5.119e-01, Qg=1.357e+03) | k=4.96 mD, f=10.0 | Sw=[0.283,0.998] | 26.8s
2026-02-10 00:27:02 - M5Trainer - INFO - [Step  1200/4000] Stage B | L=1.6746e-03 (IC=2.558e-02, BC=2.595e-04, PDE=3.208e-01, Qg=9.616e+02) | k=4.96 mD, f=10.0 | Sw=[0.220,0.998] | 31.5s
2026-02-10 00:27:07 - M5Trainer - INFO - [Step  1300/4000] Stage B | L=5.4968e-03 (IC=4.263e-02, BC=7.741e-03, PDE=2.988e-01, Qg=1.293e+03) | k=4.96 mD, f=10.0 | Sw=[0.237,0.996] | 36.4s
2026-02-10 00:27:12 - M5Trainer - INFO - [Step  1400/4000] Stage B | L=1.9749e-03 (IC=2.231e-02, BC=2.272e-04, PDE=1.938e-01, Qg=6.879e+02) | k=4.96 mD, f=10.0 | Sw=[0.280,0.998] | 41.4s
2026-02-10 00:27:17 - M5Trainer - INFO - [Step  1500/4000] Stage B | L=1.4275e-03 (IC=1.365e-02, BC=4.142e-04, PDE=2.758e-01, Qg=4.725e+02) | k=4.96 mD, f=10.0 | Sw=[0.280,0.998] | 46.6s
2026-02-10 00:27:22 - M5Trainer - INFO - [Step  1600/4000] Stage B | L=1.2844e-03 (IC=1.213e-02, BC=1.665e-04, PDE=2.118e-01, Qg=3.661e+02) | k=4.96 mD, f=10.0 | Sw=[0.246,0.999] | 51.8s
2026-02-10 00:27:27 - M5Trainer - INFO - [Step  1700/4000] Stage B | L=2.8698e-03 (IC=1.890e-02, BC=2.794e-04, PDE=1.930e-01, Qg=5.118e+02) | k=4.96 mD, f=10.0 | Sw=[0.305,0.998] | 56.7s
2026-02-10 00:27:33 - M5Trainer - INFO - [Step  1800/4000] Stage B | L=2.4438e-03 (IC=1.574e-02, BC=1.996e-04, PDE=1.748e-01, Qg=3.720e+02) | k=4.96 mD, f=10.0 | Sw=[0.303,0.999] | 61.9s
2026-02-10 00:27:37 - M5Trainer - INFO - [Step  1900/4000] Stage B | L=4.5296e-03 (IC=2.215e-02, BC=1.086e-04, PDE=1.747e-01, Qg=3.871e+02) | k=4.95 mD, f=10.0 | Sw=[0.275,0.997] | 66.8s
2026-02-10 00:27:42 - M5Trainer - INFO - [Step  2000/4000] Stage C | L=1.6167e-03 (IC=8.355e-03, BC=7.115e-05, PDE=1.962e-01, Qg=3.099e+02) | k=4.95 mD, f=10.0 | Sw=[0.368,0.998] | 71.6s
2026-02-10 00:27:48 - M5Trainer - INFO - [Step  2100/4000] Stage C | L=3.2252e-03 (IC=1.929e-02, BC=7.795e-05, PDE=1.644e-01, Qg=2.882e+02) | k=4.95 mD, f=9.9 | Sw=[0.304,0.997] | 77.2s
2026-02-10 00:27:53 - M5Trainer - INFO - [Step  2200/4000] Stage C | L=7.7711e-03 (IC=2.650e-02, BC=6.580e-04, PDE=2.789e-01, Qg=2.657e+00) | k=4.95 mD, f=9.9 | Sw=[0.289,0.998] | 82.2s
2026-02-10 00:27:58 - M5Trainer - INFO - [Step  2300/4000] Stage C | L=5.9805e-03 (IC=2.448e-02, BC=2.816e-05, PDE=1.594e-01, Qg=2.216e+02) | k=4.95 mD, f=9.9 | Sw=[0.303,0.996] | 87.2s
2026-02-10 00:28:03 - M5Trainer - INFO - [Step  2400/4000] Stage C | L=5.4212e-03 (IC=2.051e-02, BC=7.242e-05, PDE=1.621e-01, Qg=1.763e+02) | k=4.95 mD, f=9.9 | Sw=[0.354,0.997] | 92.2s
2026-02-10 00:28:08 - M5Trainer - INFO - [Step  2500/4000] Stage C | L=5.6227e-03 (IC=1.642e-02, BC=1.094e-04, PDE=1.908e-01, Qg=1.996e+02) | k=4.95 mD, f=9.9 | Sw=[0.268,0.996] | 97.2s
2026-02-10 00:28:13 - M5Trainer - INFO - [Step  2600/4000] Stage C | L=8.5252e-02 (IC=2.647e-02, BC=2.942e-04, PDE=9.394e-01, Qg=1.165e+01) | k=4.95 mD, f=9.9 | Sw=[0.413,0.997] | 102.2s
2026-02-10 00:28:18 - M5Trainer - INFO - [Step  2700/4000] Stage C | L=6.5558e-03 (IC=1.472e-02, BC=5.040e-05, PDE=1.855e-01, Qg=9.063e+01) | k=4.95 mD, f=9.9 | Sw=[0.341,0.997] | 107.0s
2026-02-10 00:28:23 - M5Trainer - INFO - [Step  2800/4000] Stage C | L=6.9568e-01 (IC=1.916e-02, BC=1.352e-04, PDE=1.648e-01, Qg=1.863e+02) | k=4.95 mD, f=9.9 | Sw=[0.295,0.995] | 111.9s
2026-02-10 00:28:28 - M5Trainer - INFO - [Step  2900/4000] Stage C | L=7.9379e-03 (IC=1.343e-02, BC=2.419e-05, PDE=1.803e-01, Qg=1.248e+02) | k=4.94 mD, f=9.9 | Sw=[0.412,0.996] | 117.0s
2026-02-10 00:28:33 - M5Trainer - INFO - [Step  3000/4000] Stage C | L=1.0877e-02 (IC=1.620e-02, BC=5.622e-05, PDE=1.825e-01, Qg=1.518e+02) | k=4.94 mD, f=9.9 | Sw=[0.384,0.997] | 122.0s
2026-02-10 00:28:37 - M5Trainer - INFO - [Step  3100/4000] Stage C | L=1.2276e-02 (IC=1.539e-02, BC=3.856e-05, PDE=1.881e-01, Qg=9.478e+01) | k=4.94 mD, f=9.9 | Sw=[0.401,0.997] | 126.2s
2026-02-10 00:28:41 - M5Trainer - INFO - [Step  3200/4000] Stage D | L=9.2200e-03 (IC=1.005e-02, BC=2.190e-05, PDE=1.736e-01, Qg=1.477e+02) | k=4.94 mD, f=9.9 | Sw=[0.465,0.997] | 130.3s
2026-02-10 00:28:45 - M5Trainer - INFO - [Step  3300/4000] Stage D | L=1.1556e-02 (IC=1.417e-02, BC=5.382e-05, PDE=1.714e-01, Qg=4.353e+01) | k=4.94 mD, f=9.9 | Sw=[0.402,0.997] | 134.3s
2026-02-10 00:28:49 - M5Trainer - INFO - [Step  3400/4000] Stage D | L=1.2929e-02 (IC=1.181e-02, BC=3.549e-05, PDE=1.778e-01, Qg=1.506e+02) | k=4.94 mD, f=9.9 | Sw=[0.449,0.997] | 138.3s
2026-02-10 00:28:53 - M5Trainer - INFO - [Step  3500/4000] Stage D | L=1.4954e-02 (IC=9.113e-03, BC=3.055e-05, PDE=1.932e-01, Qg=8.572e+01) | k=4.94 mD, f=9.9 | Sw=[0.288,0.997] | 142.2s
2026-02-10 00:28:57 - M5Trainer - INFO - [Step  3600/4000] Stage D | L=1.6532e-02 (IC=1.163e-02, BC=3.348e-05, PDE=1.831e-01, Qg=8.131e+01) | k=4.94 mD, f=9.9 | Sw=[0.292,0.997] | 146.2s
2026-02-10 00:29:01 - M5Trainer - INFO - [Step  3700/4000] Stage D | L=1.7449e-02 (IC=8.963e-03, BC=4.662e-05, PDE=1.855e-01, Qg=8.068e+01) | k=4.94 mD, f=9.9 | Sw=[0.435,0.997] | 150.3s
2026-02-10 00:29:05 - M5Trainer - INFO - [Step  3800/4000] Stage D | L=1.9559e-02 (IC=1.037e-02, BC=4.276e-05, PDE=1.810e-01, Qg=8.738e+01) | k=4.94 mD, f=9.9 | Sw=[0.353,0.997] | 154.3s
2026-02-10 00:29:09 - M5Trainer - INFO - [Step  3900/4000] Stage D | L=2.7098e-02 (IC=1.380e-02, BC=4.932e-05, PDE=1.925e-01, Qg=1.268e+02) | k=4.94 mD, f=9.9 | Sw=[0.558,0.997] | 158.3s
2026-02-10 00:29:13 - M5Trainer - INFO - [Step  3999/4000] Stage D | L=3.6483e-02 (IC=2.112e-02, BC=4.334e-05, PDE=1.821e-01, Qg=8.746e+01) | k=4.94 mD, f=9.9 | Sw=[0.343,0.997] | 162.3s
2026-02-10 00:29:13 - M5Trainer - INFO - 
M5 训练完成! 耗时: 162.3s, 最佳损失: 3.5206e-07
2026-02-10 00:29:13 - M5Trainer - INFO - 配置快照已保存: C:\Users\16281\Desktop\cpedc_project\outputs\mk_pinn_dt_v2\resolved_config_m5.json
2026-02-10 00:29:13 - M5Trainer - INFO - 反演参数审计: C:\Users\16281\Desktop\cpedc_project\outputs\mk_pinn_dt_v2\reports\M5_inversion_params.json
2026-02-10 00:29:13 - M5Trainer - INFO -   井 SY9: 1025 条同化数据
2026-02-10 00:29:13 - M5Trainer - INFO -   M3 PVT cg(76.0, 141.39) = 0.009744
2026-02-10 00:29:13 - M5Trainer - INFO -   M3 PVT Bg(76.0, 141.39) = 0.002577
2026-02-10 00:29:13 - M5Trainer - INFO -   PDE 缩放: αx=1.017765, αy=2.546600
2026-02-10 00:29:13 - M5Trainer - INFO - M5Trainer 初始化完成: device=cuda, lr=0.001, max_steps=4000, relobralo=True, rar=True
2026-02-10 00:29:13 - M5Trainer - INFO - ============================================================
2026-02-10 00:29:13 - M5Trainer - INFO - M5 PINN 井—藏耦合同化训练开始
2026-02-10 00:29:13 - M5Trainer - INFO - ============================================================
2026-02-10 00:29:13 - M5Trainer - INFO - 训练阶段: A[0-800] B[800-2000] C[2000-3200] D[3200-4000]
2026-02-10 00:29:13 - M5Trainer - INFO - [Step     0/4000] Stage A | L=2.1732e+02 (IC=1.580e+01, BC=1.187e+01, PDE=0.000e+00, Qg=2.943e+08) | k=5.00 mD, f=10.0 | Sw=[0.290,0.909] | 0.0s
2026-02-10 00:29:15 - M5Trainer - INFO - [Step   100/4000] Stage A | L=4.4606e+00 (IC=3.112e-01, BC=2.698e-01, PDE=0.000e+00, Qg=1.435e+10) | k=5.00 mD, f=10.0 | Sw=[0.134,0.506] | 1.2s
2026-02-10 00:29:16 - M5Trainer - INFO - [Step   200/4000] Stage A | L=2.3624e-04 (IC=6.155e-02, BC=4.261e-02, PDE=0.000e+00, Qg=1.744e+10) | k=5.00 mD, f=10.0 | Sw=[0.148,0.328] | 2.4s
2026-02-10 00:29:17 - M5Trainer - INFO - [Step   300/4000] Stage A | L=1.8225e-05 (IC=9.280e-03, BC=4.580e-03, PDE=0.000e+00, Qg=1.633e+10) | k=5.00 mD, f=10.0 | Sw=[0.142,0.317] | 3.7s
2026-02-10 00:29:18 - M5Trainer - INFO - [Step   400/4000] Stage A | L=3.3933e-06 (IC=3.064e-03, BC=1.997e-03, PDE=0.000e+00, Qg=1.645e+10) | k=5.00 mD, f=10.0 | Sw=[0.152,0.331] | 4.9s
2026-02-10 00:29:19 - M5Trainer - INFO - [Step   500/4000] Stage A | L=6.7932e-06 (IC=4.071e-03, BC=1.295e-03, PDE=0.000e+00, Qg=1.651e+10) | k=5.00 mD, f=10.0 | Sw=[0.122,0.371] | 6.1s
2026-02-10 00:29:21 - M5Trainer - INFO - [Step   600/4000] Stage A | L=4.0735e-06 (IC=2.723e-03, BC=1.113e-03, PDE=0.000e+00, Qg=1.659e+10) | k=5.00 mD, f=10.0 | Sw=[0.167,0.330] | 7.3s
2026-02-10 00:29:22 - M5Trainer - INFO - [Step   700/4000] Stage A | L=7.3720e-05 (IC=5.325e-03, BC=1.163e-02, PDE=0.000e+00, Qg=1.701e+10) | k=5.00 mD, f=10.0 | Sw=[0.117,0.368] | 8.5s
2026-02-10 00:29:23 - M5Trainer - INFO - [Step   800/4000] Stage B | L=1.1972e+10 (IC=2.415e-03, BC=6.432e-04, PDE=0.000e+00, Qg=1.673e+10) | k=5.00 mD, f=10.0 | Sw=[0.201,0.585] | 9.7s
2026-02-10 00:29:27 - M5Trainer - INFO - [Step   900/4000] Stage B | L=2.2133e-02 (IC=2.515e-01, BC=2.571e-03, PDE=1.477e+00, Qg=3.524e+03) | k=4.97 mD, f=10.0 | Sw=[0.086,0.993] | 13.9s
2026-02-10 00:29:32 - M5Trainer - INFO - [Step  1000/4000] Stage B | L=5.5108e-03 (IC=5.618e-02, BC=4.770e-03, PDE=4.091e+00, Qg=1.825e+03) | k=4.96 mD, f=10.0 | Sw=[0.350,0.995] | 18.7s
2026-02-10 00:29:37 - M5Trainer - INFO - [Step  1100/4000] Stage B | L=1.3243e-03 (IC=2.892e-02, BC=3.622e-03, PDE=7.649e-01, Qg=7.241e+02) | k=4.96 mD, f=10.0 | Sw=[0.355,0.996] | 23.6s
2026-02-10 00:29:42 - M5Trainer - INFO - [Step  1200/4000] Stage B | L=1.3467e-03 (IC=2.389e-02, BC=1.390e-03, PDE=6.038e-01, Qg=5.014e+02) | k=4.96 mD, f=10.0 | Sw=[0.221,0.997] | 28.5s
2026-02-10 00:29:47 - M5Trainer - INFO - [Step  1300/4000] Stage B | L=8.3554e-02 (IC=1.759e-01, BC=9.150e-02, PDE=1.025e+00, Qg=4.109e+03) | k=4.96 mD, f=10.0 | Sw=[0.252,0.990] | 33.4s
2026-02-10 00:29:52 - M5Trainer - INFO - [Step  1400/4000] Stage B | L=1.0162e+00 (IC=3.571e-02, BC=4.994e-04, PDE=5.824e-01, Qg=1.008e+03) | k=4.95 mD, f=9.9 | Sw=[0.139,0.996] | 38.3s
2026-02-10 00:29:57 - M5Trainer - INFO - [Step  1500/4000] Stage B | L=1.0395e-03 (IC=1.583e-02, BC=5.111e-04, PDE=3.238e-01, Qg=3.150e+02) | k=4.95 mD, f=9.9 | Sw=[0.296,0.998] | 43.3s
2026-02-10 00:30:01 - M5Trainer - INFO - [Step  1600/4000] Stage B | L=3.7154e-02 (IC=8.902e-02, BC=5.149e-02, PDE=6.041e-01, Qg=1.018e+03) | k=4.95 mD, f=9.9 | Sw=[0.283,0.996] | 48.2s
2026-02-10 00:30:06 - M5Trainer - INFO - [Step  1700/4000] Stage B | L=9.1218e-03 (IC=4.410e-02, BC=1.059e-02, PDE=2.355e-01, Qg=6.286e+02) | k=4.95 mD, f=9.9 | Sw=[0.315,0.995] | 53.2s
2026-02-10 00:30:12 - M5Trainer - INFO - [Step  1800/4000] Stage B | L=2.0119e-03 (IC=1.881e-02, BC=3.502e-05, PDE=1.770e-01, Qg=2.324e+02) | k=4.94 mD, f=9.9 | Sw=[0.312,0.998] | 58.4s
2026-02-10 00:30:17 - M5Trainer - INFO - [Step  1900/4000] Stage B | L=2.2748e-03 (IC=1.819e-02, BC=3.853e-05, PDE=1.726e-01, Qg=1.982e+02) | k=4.94 mD, f=9.9 | Sw=[0.322,0.998] | 63.6s
2026-02-10 00:30:22 - M5Trainer - INFO - [Step  2000/4000] Stage C | L=1.7308e-02 (IC=4.573e-02, BC=1.614e-02, PDE=4.691e-01, Qg=1.102e+03) | k=4.94 mD, f=9.9 | Sw=[0.185,0.995] | 68.7s
2026-02-10 00:30:27 - M5Trainer - INFO - [Step  2100/4000] Stage C | L=2.5246e-03 (IC=2.067e-02, BC=1.982e-04, PDE=1.851e-01, Qg=1.214e+02) | k=4.94 mD, f=9.9 | Sw=[0.285,0.996] | 73.8s
2026-02-10 00:30:32 - M5Trainer - INFO - [Step  2200/4000] Stage C | L=2.2653e-03 (IC=1.728e-02, BC=1.096e-04, PDE=1.782e-01, Qg=1.100e+02) | k=4.94 mD, f=9.9 | Sw=[0.311,0.997] | 79.1s
2026-02-10 00:30:38 - M5Trainer - INFO - [Step  2300/4000] Stage C | L=3.7298e-03 (IC=2.166e-02, BC=2.029e-04, PDE=1.765e-01, Qg=9.564e+01) | k=4.94 mD, f=9.9 | Sw=[0.301,0.997] | 84.3s
2026-02-10 00:30:43 - M5Trainer - INFO - [Step  2400/4000] Stage C | L=1.5573e-02 (IC=4.385e-02, BC=2.728e-03, PDE=2.546e-01, Qg=8.121e+01) | k=4.94 mD, f=9.9 | Sw=[0.244,0.996] | 89.3s
2026-02-10 00:30:48 - M5Trainer - INFO - [Step  2500/4000] Stage C | L=4.8975e-02 (IC=1.661e-02, BC=4.462e-04, PDE=1.209e+00, Qg=5.180e+01) | k=4.94 mD, f=9.9 | Sw=[0.277,0.997] | 94.4s
2026-02-10 00:30:53 - M5Trainer - INFO - [Step  2600/4000] Stage C | L=3.7582e-03 (IC=1.640e-02, BC=8.480e-05, PDE=1.723e-01, Qg=1.006e+02) | k=4.94 mD, f=9.9 | Sw=[0.414,0.997] | 99.7s
2026-02-10 00:30:58 - M5Trainer - INFO - [Step  2700/4000] Stage C | L=3.5631e-03 (IC=1.468e-02, BC=4.880e-05, PDE=1.639e-01, Qg=7.466e+01) | k=4.93 mD, f=9.9 | Sw=[0.300,0.997] | 105.0s
2026-02-10 00:31:03 - M5Trainer - INFO - [Step  2800/4000] Stage C | L=3.9983e-02 (IC=3.305e-02, BC=4.831e-04, PDE=7.064e-01, Qg=8.517e+00) | k=4.93 mD, f=9.9 | Sw=[0.325,0.997] | 110.0s
2026-02-10 00:31:08 - M5Trainer - INFO - [Step  2900/4000] Stage C | L=4.1575e-03 (IC=1.329e-02, BC=7.672e-05, PDE=1.602e-01, Qg=7.471e+01) | k=4.93 mD, f=9.9 | Sw=[0.343,0.997] | 114.9s
2026-02-10 00:31:13 - M5Trainer - INFO - [Step  3000/4000] Stage C | L=7.6223e-03 (IC=1.620e-02, BC=1.792e-05, PDE=2.145e-01, Qg=7.609e+01) | k=4.93 mD, f=9.9 | Sw=[0.345,0.997] | 120.1s
2026-02-10 00:31:18 - M5Trainer - INFO - [Step  3100/4000] Stage C | L=7.7772e-03 (IC=1.666e-02, BC=1.830e-05, PDE=1.808e-01, Qg=6.918e+01) | k=4.93 mD, f=9.9 | Sw=[0.330,0.997] | 125.2s
2026-02-10 00:31:24 - M5Trainer - INFO - [Step  3200/4000] Stage D | L=4.8947e-03 (IC=1.048e-02, BC=4.409e-05, PDE=1.760e-01, Qg=7.319e+01) | k=4.93 mD, f=9.9 | Sw=[0.399,0.997] | 130.5s
2026-02-10 00:31:29 - M5Trainer - INFO - [Step  3300/4000] Stage D | L=5.6705e-03 (IC=1.242e-02, BC=1.652e-05, PDE=1.682e-01, Qg=3.689e+01) | k=4.93 mD, f=9.9 | Sw=[0.327,0.997] | 135.3s
2026-02-10 00:31:33 - M5Trainer - INFO - [Step  3400/4000] Stage D | L=7.4742e-03 (IC=1.325e-02, BC=1.888e-05, PDE=1.799e-01, Qg=7.341e+01) | k=4.93 mD, f=9.9 | Sw=[0.390,0.997] | 139.5s
2026-02-10 00:31:37 - M5Trainer - INFO - [Step  3500/4000] Stage D | L=7.2578e-03 (IC=8.759e-03, BC=1.001e-05, PDE=1.928e-01, Qg=5.449e+01) | k=4.93 mD, f=9.9 | Sw=[0.286,0.997] | 143.7s
2026-02-10 00:31:41 - M5Trainer - INFO - [Step  3600/4000] Stage D | L=8.8552e-03 (IC=1.155e-02, BC=1.159e-05, PDE=1.864e-01, Qg=5.425e+01) | k=4.93 mD, f=9.9 | Sw=[0.282,0.997] | 147.9s
2026-02-10 00:31:45 - M5Trainer - INFO - [Step  3700/4000] Stage D | L=8.4968e-03 (IC=9.001e-03, BC=1.063e-05, PDE=1.825e-01, Qg=5.384e+01) | k=4.93 mD, f=9.9 | Sw=[0.410,0.997] | 152.0s
2026-02-10 00:31:49 - M5Trainer - INFO - [Step  3800/4000] Stage D | L=1.0065e-02 (IC=1.029e-02, BC=9.505e-06, PDE=1.819e-01, Qg=5.286e+01) | k=4.93 mD, f=9.9 | Sw=[0.309,0.997] | 156.2s
2026-02-10 00:31:54 - M5Trainer - INFO - [Step  3900/4000] Stage D | L=1.5150e-02 (IC=1.395e-02, BC=1.791e-05, PDE=1.971e-01, Qg=6.232e+01) | k=4.93 mD, f=9.9 | Sw=[0.467,0.997] | 160.3s
2026-02-10 00:31:58 - M5Trainer - INFO - [Step  3999/4000] Stage D | L=2.3189e-02 (IC=2.142e-02, BC=2.300e-05, PDE=1.825e-01, Qg=5.476e+01) | k=4.93 mD, f=9.9 | Sw=[0.311,0.998] | 164.3s
2026-02-10 00:31:58 - M5Trainer - INFO - 
M5 训练完成! 耗时: 164.3s, 最佳损失: 2.9730e-06
2026-02-10 00:31:58 - M5Trainer - INFO - 配置快照已保存: C:\Users\16281\Desktop\cpedc_project\outputs\mk_pinn_dt_v2\resolved_config_m5.json
2026-02-10 00:31:58 - M5Trainer - INFO - 反演参数审计: C:\Users\16281\Desktop\cpedc_project\outputs\mk_pinn_dt_v2\reports\M5_inversion_params.json
2026-02-10 00:31:58 - M5Trainer - INFO -   井 SY9: 1025 条同化数据
2026-02-10 00:31:58 - M5Trainer - INFO -   M3 PVT cg(76.0, 141.39) = 0.009744
2026-02-10 00:31:58 - M5Trainer - INFO -   M3 PVT Bg(76.0, 141.39) = 0.002577
2026-02-10 00:31:58 - M5Trainer - INFO -   PDE 缩放: αx=1.017765, αy=2.546600
2026-02-10 00:31:58 - M5Trainer - INFO - M5Trainer 初始化完成: device=cuda, lr=0.001, max_steps=4000, relobralo=True, rar=True
2026-02-10 00:31:58 - M5Trainer - INFO - ============================================================
2026-02-10 00:31:58 - M5Trainer - INFO - M5 PINN 井—藏耦合同化训练开始
2026-02-10 00:31:58 - M5Trainer - INFO - ============================================================
2026-02-10 00:31:58 - M5Trainer - INFO - 训练阶段: A[0-800] B[800-2000] C[2000-3200] D[3200-4000]
2026-02-10 00:31:58 - M5Trainer - INFO - [Step     0/4000] Stage A | L=2.4627e+02 (IC=1.874e+01, BC=1.177e+01, PDE=0.000e+00, Qg=1.541e+10) | k=5.00 mD, f=10.0 | Sw=[0.216,0.760] | 0.0s
2026-02-10 00:31:59 - M5Trainer - INFO - [Step   100/4000] Stage A | L=6.8547e-02 (IC=5.718e-03, BC=2.272e-03, PDE=0.000e+00, Qg=1.220e+10) | k=5.00 mD, f=10.0 | Sw=[0.101,0.375] | 1.3s
2026-02-10 00:32:00 - M5Trainer - INFO - [Step   200/4000] Stage A | L=1.1088e-02 (IC=1.436e-01, BC=1.229e-01, PDE=0.000e+00, Qg=1.283e+10) | k=5.00 mD, f=10.0 | Sw=[0.133,0.324] | 2.5s
2026-02-10 00:32:02 - M5Trainer - INFO - [Step   300/4000] Stage A | L=1.5034e-06 (IC=2.064e-03, BC=3.524e-04, PDE=0.000e+00, Qg=1.348e+10) | k=5.00 mD, f=10.0 | Sw=[0.150,0.343] | 3.8s
2026-02-10 00:32:03 - M5Trainer - INFO - [Step   400/4000] Stage A | L=5.7839e-07 (IC=1.177e-03, BC=2.072e-04, PDE=0.000e+00, Qg=1.347e+10) | k=5.00 mD, f=10.0 | Sw=[0.157,0.331] | 5.0s
2026-02-10 00:32:04 - M5Trainer - INFO - [Step   500/4000] Stage A | L=1.7765e-06 (IC=1.892e-03, BC=1.998e-04, PDE=0.000e+00, Qg=1.348e+10) | k=5.00 mD, f=10.0 | Sw=[0.124,0.335] | 6.2s
2026-02-10 00:32:05 - M5Trainer - INFO - [Step   600/4000] Stage A | L=1.6179e-06 (IC=1.650e-03, BC=1.972e-04, PDE=0.000e+00, Qg=1.348e+10) | k=5.00 mD, f=10.0 | Sw=[0.157,0.334] | 7.4s
2026-02-10 00:32:06 - M5Trainer - INFO - [Step   700/4000] Stage A | L=1.5573e-06 (IC=1.486e-03, BC=2.054e-04, PDE=0.000e+00, Qg=1.350e+10) | k=5.00 mD, f=10.0 | Sw=[0.144,0.339] | 8.6s
2026-02-10 00:32:08 - M5Trainer - INFO - [Step   800/4000] Stage B | L=7.6065e+09 (IC=3.308e-03, BC=2.286e-03, PDE=0.000e+00, Qg=1.652e+10) | k=5.00 mD, f=10.0 | Sw=[0.147,0.568] | 9.7s
2026-02-10 00:32:12 - M5Trainer - INFO - [Step   900/4000] Stage B | L=2.1621e-02 (IC=2.637e-01, BC=3.624e-03, PDE=1.496e+00, Qg=5.112e+02) | k=4.97 mD, f=10.0 | Sw=[0.034,0.998] | 13.7s
2026-02-10 00:32:16 - M5Trainer - INFO - [Step  1000/4000] Stage B | L=2.9677e-02 (IC=2.188e-01, BC=2.547e-03, PDE=1.338e+00, Qg=3.074e+03) | k=4.97 mD, f=10.0 | Sw=[0.199,0.998] | 17.8s
2026-02-10 00:32:20 - M5Trainer - INFO - [Step  1100/4000] Stage B | L=2.6269e-02 (IC=1.706e-01, BC=2.821e-03, PDE=4.824e-01, Qg=2.420e+03) | k=4.96 mD, f=10.0 | Sw=[0.420,0.998] | 21.8s
2026-02-10 00:32:24 - M5Trainer - INFO - [Step  1200/4000] Stage B | L=1.2107e-02 (IC=1.016e-01, BC=1.005e-03, PDE=4.994e-01, Qg=3.084e+03) | k=4.96 mD, f=10.0 | Sw=[0.277,0.995] | 26.2s
2026-02-10 00:32:29 - M5Trainer - INFO - [Step  1300/4000] Stage B | L=2.8492e-03 (IC=4.372e-02, BC=1.091e-03, PDE=2.865e-01, Qg=5.300e+02) | k=4.95 mD, f=10.0 | Sw=[0.120,0.996] | 30.9s
2026-02-10 00:32:34 - M5Trainer - INFO - [Step  1400/4000] Stage B | L=2.2970e-03 (IC=3.308e-02, BC=1.112e-03, PDE=2.753e-01, Qg=1.005e+01) | k=4.95 mD, f=9.9 | Sw=[0.061,0.998] | 36.0s
2026-02-10 00:32:39 - M5Trainer - INFO - [Step  1500/4000] Stage B | L=1.2754e-03 (IC=1.630e-02, BC=1.148e-03, PDE=3.011e-01, Qg=3.489e+02) | k=4.95 mD, f=9.9 | Sw=[0.301,0.998] | 41.1s
2026-02-10 00:32:44 - M5Trainer - INFO - [Step  1600/4000] Stage B | L=1.2782e-03 (IC=1.789e-02, BC=8.431e-04, PDE=1.821e-01, Qg=5.049e+02) | k=4.95 mD, f=9.9 | Sw=[0.261,0.996] | 46.3s
2026-02-10 00:32:49 - M5Trainer - INFO - [Step  1700/4000] Stage B | L=2.0490e-03 (IC=2.185e-02, BC=3.943e-04, PDE=1.729e-01, Qg=3.557e+02) | k=4.94 mD, f=9.9 | Sw=[0.312,0.998] | 51.5s
2026-02-10 00:32:54 - M5Trainer - INFO - [Step  1800/4000] Stage B | L=3.6791e-03 (IC=2.949e-02, BC=4.537e-04, PDE=1.829e-01, Qg=2.051e+02) | k=4.94 mD, f=9.9 | Sw=[0.131,0.996] | 56.4s
2026-02-10 00:32:59 - M5Trainer - INFO - [Step  1900/4000] Stage B | L=2.5777e-03 (IC=2.149e-02, BC=9.168e-05, PDE=1.480e-01, Qg=3.200e+02) | k=4.94 mD, f=9.9 | Sw=[0.313,0.998] | 61.3s
2026-02-10 00:33:04 - M5Trainer - INFO - [Step  2000/4000] Stage C | L=1.4028e-03 (IC=1.016e-02, BC=1.457e-04, PDE=1.836e-01, Qg=3.479e+02) | k=4.94 mD, f=9.9 | Sw=[0.365,0.998] | 66.3s
2026-02-10 00:33:09 - M5Trainer - INFO - [Step  2100/4000] Stage C | L=3.4269e-03 (IC=2.577e-02, BC=7.777e-05, PDE=1.692e-01, Qg=1.552e+02) | k=4.94 mD, f=9.9 | Sw=[0.236,0.996] | 70.9s
2026-02-10 00:33:13 - M5Trainer - INFO - [Step  2200/4000] Stage C | L=2.4325e-03 (IC=1.810e-02, BC=1.403e-04, PDE=1.508e-01, Qg=1.899e+02) | k=4.94 mD, f=9.9 | Sw=[0.308,0.997] | 75.0s
2026-02-10 00:33:17 - M5Trainer - INFO - [Step  2300/4000] Stage C | L=5.8252e-02 (IC=1.013e-01, BC=1.437e-03, PDE=3.717e-01, Qg=2.069e+00) | k=4.94 mD, f=9.9 | Sw=[0.421,0.998] | 79.1s
2026-02-10 00:33:21 - M5Trainer - INFO - [Step  2400/4000] Stage C | L=4.8686e-03 (IC=2.479e-02, BC=5.019e-05, PDE=1.515e-01, Qg=1.548e+02) | k=4.93 mD, f=9.9 | Sw=[0.347,0.997] | 83.1s
2026-02-10 00:33:25 - M5Trainer - INFO - [Step  2500/4000] Stage C | L=3.6849e-03 (IC=1.529e-02, BC=9.213e-05, PDE=1.750e-01, Qg=1.154e+02) | k=4.93 mD, f=9.9 | Sw=[0.289,0.997] | 87.1s
2026-02-10 00:33:29 - M5Trainer - INFO - [Step  2600/4000] Stage C | L=4.7507e-03 (IC=1.768e-02, BC=7.831e-05, PDE=1.670e-01, Qg=1.469e+02) | k=4.93 mD, f=9.9 | Sw=[0.449,0.997] | 91.1s
2026-02-10 00:33:33 - M5Trainer - INFO - [Step  2700/4000] Stage C | L=5.1625e-03 (IC=1.728e-02, BC=5.592e-05, PDE=1.583e-01, Qg=1.422e+02) | k=4.93 mD, f=9.9 | Sw=[0.326,0.996] | 95.1s
2026-02-10 00:33:37 - M5Trainer - INFO - [Step  2800/4000] Stage C | L=1.3489e-01 (IC=2.103e-02, BC=3.374e-04, PDE=1.064e+00, Qg=3.636e+01) | k=4.93 mD, f=9.9 | Sw=[0.320,0.997] | 99.1s
2026-02-10 00:33:41 - M5Trainer - INFO - [Step  2900/4000] Stage C | L=6.0953e-03 (IC=1.446e-02, BC=9.176e-05, PDE=1.626e-01, Qg=1.162e+02) | k=4.93 mD, f=9.9 | Sw=[0.352,0.996] | 103.3s
2026-02-10 00:33:45 - M5Trainer - INFO - [Step  3000/4000] Stage C | L=1.5483e-02 (IC=2.444e-02, BC=8.689e-05, PDE=2.180e-01, Qg=1.711e+02) | k=4.93 mD, f=9.9 | Sw=[0.335,0.995] | 107.5s
2026-02-10 00:33:49 - M5Trainer - INFO - [Step  3100/4000] Stage C | L=9.9770e-03 (IC=1.771e-02, BC=4.169e-05, PDE=1.700e-01, Qg=1.015e+02) | k=4.93 mD, f=9.9 | Sw=[0.369,0.996] | 111.5s
2026-02-10 00:33:53 - M5Trainer - INFO - [Step  3200/4000] Stage D | L=8.2802e-03 (IC=1.243e-02, BC=4.887e-05, PDE=1.691e-01, Qg=1.116e+02) | k=4.93 mD, f=9.9 | Sw=[0.413,0.996] | 115.5s
2026-02-10 00:33:57 - M5Trainer - INFO - [Step  3300/4000] Stage D | L=8.9706e-03 (IC=1.392e-02, BC=3.255e-05, PDE=1.614e-01, Qg=6.466e+01) | k=4.93 mD, f=9.9 | Sw=[0.370,0.996] | 119.5s
2026-02-10 00:34:01 - M5Trainer - INFO - [Step  3400/4000] Stage D | L=1.0841e-02 (IC=1.417e-02, BC=4.958e-05, PDE=1.669e-01, Qg=9.789e+01) | k=4.93 mD, f=9.9 | Sw=[0.414,0.996] | 123.5s
2026-02-10 00:34:05 - M5Trainer - INFO - [Step  3500/4000] Stage D | L=1.2595e-02 (IC=9.791e-03, BC=3.778e-05, PDE=1.851e-01, Qg=6.600e+01) | k=4.93 mD, f=9.9 | Sw=[0.293,0.996] | 127.5s
2026-02-10 00:34:09 - M5Trainer - INFO - [Step  3600/4000] Stage D | L=1.4255e-02 (IC=1.304e-02, BC=7.328e-05, PDE=1.767e-01, Qg=7.159e+01) | k=4.93 mD, f=9.9 | Sw=[0.278,0.996] | 131.5s
2026-02-10 00:34:13 - M5Trainer - INFO - [Step  3700/4000] Stage D | L=1.3892e-02 (IC=1.036e-02, BC=4.910e-05, PDE=1.695e-01, Qg=7.988e+01) | k=4.93 mD, f=9.9 | Sw=[0.408,0.995] | 135.6s
2026-02-10 00:34:18 - M5Trainer - INFO - [Step  3800/4000] Stage D | L=1.6248e-02 (IC=1.167e-02, BC=5.087e-05, PDE=1.706e-01, Qg=7.859e+01) | k=4.92 mD, f=9.9 | Sw=[0.320,0.995] | 139.7s
2026-02-10 00:34:22 - M5Trainer - INFO - [Step  3900/4000] Stage D | L=2.1954e-02 (IC=1.495e-02, BC=4.139e-05, PDE=1.813e-01, Qg=9.004e+01) | k=4.92 mD, f=9.9 | Sw=[0.476,0.996] | 143.8s
2026-02-10 00:34:26 - M5Trainer - INFO - [Step  3999/4000] Stage D | L=3.0075e-02 (IC=2.355e-02, BC=5.134e-05, PDE=1.704e-01, Qg=8.379e+01) | k=4.92 mD, f=9.9 | Sw=[0.314,0.995] | 147.8s
2026-02-10 00:34:26 - M5Trainer - INFO - 
M5 训练完成! 耗时: 147.8s, 最佳损失: 3.6314e-07
2026-02-10 00:34:26 - M5Trainer - INFO - 配置快照已保存: C:\Users\16281\Desktop\cpedc_project\outputs\mk_pinn_dt_v2\resolved_config_m5.json
2026-02-10 00:34:26 - M5Trainer - INFO - 反演参数审计: C:\Users\16281\Desktop\cpedc_project\outputs\mk_pinn_dt_v2\reports\M5_inversion_params.json
