2026-02-09 23:56:57 - M5Trainer - INFO -   井 SY9: 1025 条同化数据
2026-02-09 23:56:57 - M5Trainer - INFO -   M3 PVT cg(76.0, 141.39) = 0.009744
2026-02-09 23:56:57 - M5Trainer - INFO -   M3 PVT Bg(76.0, 141.39) = 0.002577
2026-02-09 23:56:57 - M5Trainer - INFO -   PDE 缩放: αx=1.017765, αy=2.546600
2026-02-09 23:56:57 - M5Trainer - INFO - M5Trainer 初始化完成: device=cuda, lr=0.001, max_steps=4000, relobralo=True, rar=True
2026-02-09 23:56:57 - M5Trainer - INFO - ============================================================
2026-02-09 23:56:57 - M5Trainer - INFO - M5 PINN 井—藏耦合同化训练开始
2026-02-09 23:56:57 - M5Trainer - INFO - ============================================================
2026-02-09 23:56:57 - M5Trainer - INFO - 训练阶段: A[0-800] B[800-2000] C[2000-3200] D[3200-4000]
2026-02-09 23:56:58 - M5Trainer - INFO - [Step     0/4000] Stage A | L=1.5445e+02 (IC=1.128e+01, BC=8.338e+00, PDE=0.000e+00, Qg=1.942e+09) | k=5.00 mD, f=10.0 | Sw=[0.239,0.775] | 0.6s
2026-02-09 23:56:59 - M5Trainer - INFO - [Step   100/4000] Stage A | L=4.4629e+00 (IC=2.783e-01, BC=3.360e-01, PDE=0.000e+00, Qg=9.281e+09) | k=5.00 mD, f=10.0 | Sw=[0.111,0.651] | 2.1s
2026-02-09 23:57:00 - M5Trainer - INFO - [Step   200/4000] Stage A | L=1.4940e-04 (IC=1.411e-02, BC=1.521e-02, PDE=0.000e+00, Qg=9.006e+09) | k=5.00 mD, f=10.0 | Sw=[0.237,0.610] | 3.4s
2026-02-09 23:57:02 - M5Trainer - INFO - [Step   300/4000] Stage A | L=2.5232e-06 (IC=2.214e-03, BC=8.222e-04, PDE=0.000e+00, Qg=9.196e+09) | k=5.00 mD, f=10.0 | Sw=[0.170,0.653] | 4.9s
2026-02-09 23:57:03 - M5Trainer - INFO - [Step   400/4000] Stage A | L=2.4715e-05 (IC=2.388e-03, BC=7.440e-03, PDE=0.000e+00, Qg=9.604e+09) | k=5.00 mD, f=10.0 | Sw=[0.251,0.538] | 6.3s
2026-02-09 23:57:05 - M5Trainer - INFO - [Step   500/4000] Stage A | L=4.3745e-05 (IC=7.027e-03, BC=4.218e-03, PDE=0.000e+00, Qg=9.284e+09) | k=5.00 mD, f=10.0 | Sw=[0.220,0.510] | 7.7s
2026-02-09 23:57:06 - M5Trainer - INFO - [Step   600/4000] Stage A | L=2.5025e-06 (IC=1.647e-03, BC=5.142e-04, PDE=0.000e+00, Qg=9.272e+09) | k=5.00 mD, f=10.0 | Sw=[0.219,0.616] | 9.0s
2026-02-09 23:57:07 - M5Trainer - INFO - [Step   700/4000] Stage A | L=2.7039e-06 (IC=1.559e-03, BC=5.099e-04, PDE=0.000e+00, Qg=9.274e+09) | k=5.00 mD, f=10.0 | Sw=[0.180,0.594] | 10.3s
2026-02-09 23:57:08 - M5Trainer - INFO - [Step   800/4000] Stage B | L=6.2707e+09 (IC=1.344e-03, BC=4.476e-04, PDE=0.000e+00, Qg=9.325e+09) | k=5.00 mD, f=10.0 | Sw=[0.228,0.812] | 11.5s
2026-02-09 23:57:13 - M5Trainer - INFO - [Step   900/4000] Stage B | L=3.8273e-02 (IC=2.749e-01, BC=9.885e-04, PDE=1.555e+00, Qg=1.080e+00) | k=4.97 mD, f=10.0 | Sw=[0.028,0.999] | 16.0s
2026-02-09 23:57:18 - M5Trainer - INFO - [Step  1000/4000] Stage B | L=4.2962e-02 (IC=1.978e-01, BC=2.314e-03, PDE=2.615e+00, Qg=2.009e+03) | k=4.96 mD, f=10.0 | Sw=[0.207,0.997] | 20.9s
2026-02-09 23:57:23 - M5Trainer - INFO - [Step  1100/4000] Stage B | L=1.7845e-03 (IC=3.244e-02, BC=1.718e-03, PDE=5.331e-01, Qg=9.256e+02) | k=4.95 mD, f=10.0 | Sw=[0.381,0.995] | 26.2s
2026-02-09 23:57:28 - M5Trainer - INFO - [Step  1200/4000] Stage B | L=1.2934e-03 (IC=2.259e-02, BC=5.805e-04, PDE=3.195e-01, Qg=4.760e+02) | k=4.95 mD, f=10.0 | Sw=[0.249,0.996] | 30.9s
2026-02-09 23:57:33 - M5Trainer - INFO - [Step  1300/4000] Stage B | L=7.4508e-02 (IC=1.859e-01, BC=8.899e-02, PDE=1.829e+00, Qg=4.803e+00) | k=4.94 mD, f=9.9 | Sw=[0.258,0.999] | 35.6s
2026-02-09 23:57:37 - M5Trainer - INFO - [Step  1400/4000] Stage B | L=2.2501e-03 (IC=2.762e-02, BC=4.465e-04, PDE=2.390e-01, Qg=3.892e+02) | k=4.93 mD, f=9.9 | Sw=[0.143,0.998] | 40.6s
2026-02-09 23:57:43 - M5Trainer - INFO - [Step  1500/4000] Stage B | L=1.7020e-03 (IC=1.592e-02, BC=4.190e-04, PDE=3.097e-01, Qg=3.133e+02) | k=4.93 mD, f=9.9 | Sw=[0.258,0.998] | 46.0s
2026-02-09 23:57:48 - M5Trainer - INFO - [Step  1600/4000] Stage B | L=2.4049e-03 (IC=2.026e-02, BC=4.473e-04, PDE=2.207e-01, Qg=2.683e+02) | k=4.93 mD, f=9.9 | Sw=[0.229,0.997] | 51.5s
2026-02-09 23:57:54 - M5Trainer - INFO - [Step  1700/4000] Stage B | L=4.9011e-03 (IC=2.754e-02, BC=1.223e-03, PDE=2.349e-01, Qg=4.340e+02) | k=4.93 mD, f=9.9 | Sw=[0.252,0.996] | 57.0s
2026-02-09 23:57:59 - M5Trainer - INFO - [Step  1800/4000] Stage B | L=2.7270e-03 (IC=1.889e-02, BC=1.780e-04, PDE=1.605e-01, Qg=1.840e+02) | k=4.92 mD, f=9.9 | Sw=[0.298,0.997] | 62.5s
2026-02-09 23:58:05 - M5Trainer - INFO - [Step  1900/4000] Stage B | L=2.0123e-02 (IC=3.450e-02, BC=1.327e-03, PDE=6.699e-01, Qg=1.024e+01) | k=4.92 mD, f=9.9 | Sw=[0.388,0.997] | 68.5s
2026-02-09 23:58:10 - M5Trainer - INFO - [Step  2000/4000] Stage C | L=2.2792e-03 (IC=1.404e-02, BC=3.542e-04, PDE=1.907e-01, Qg=1.685e+02) | k=4.92 mD, f=9.9 | Sw=[0.340,0.996] | 73.5s
2026-02-09 23:58:15 - M5Trainer - INFO - [Step  2100/4000] Stage C | L=2.9527e-03 (IC=1.758e-02, BC=1.209e-04, PDE=1.575e-01, Qg=1.569e+02) | k=4.92 mD, f=9.9 | Sw=[0.285,0.996] | 78.2s
2026-02-09 23:58:19 - M5Trainer - INFO - [Step  2200/4000] Stage C | L=3.0300e-03 (IC=1.533e-02, BC=5.993e-05, PDE=1.589e-01, Qg=1.194e+02) | k=4.92 mD, f=9.9 | Sw=[0.305,0.997] | 82.4s
2026-02-09 23:58:24 - M5Trainer - INFO - [Step  2300/4000] Stage C | L=7.1349e-03 (IC=2.628e-02, BC=1.012e-04, PDE=1.649e-01, Qg=8.691e+01) | k=4.91 mD, f=9.9 | Sw=[0.270,0.995] | 86.7s
2026-02-09 23:58:28 - M5Trainer - INFO - [Step  2400/4000] Stage C | L=7.0973e-03 (IC=2.159e-02, BC=1.650e-04, PDE=1.893e-01, Qg=9.603e+01) | k=4.91 mD, f=9.9 | Sw=[0.318,0.996] | 90.8s
2026-02-09 23:58:32 - M5Trainer - INFO - [Step  2500/4000] Stage C | L=6.6269e-03 (IC=1.672e-02, BC=2.126e-04, PDE=1.960e-01, Qg=1.046e+02) | k=4.91 mD, f=9.9 | Sw=[0.269,0.994] | 95.2s
2026-02-09 23:58:37 - M5Trainer - INFO - [Step  2600/4000] Stage C | L=5.4871e-03 (IC=1.254e-02, BC=1.380e-04, PDE=1.756e-01, Qg=8.896e+01) | k=4.91 mD, f=9.9 | Sw=[0.397,0.995] | 99.6s
2026-02-09 23:58:41 - M5Trainer - INFO - [Step  2700/4000] Stage C | L=6.6814e-03 (IC=1.264e-02, BC=3.480e-05, PDE=1.808e-01, Qg=2.001e+01) | k=4.91 mD, f=9.9 | Sw=[0.302,0.993] | 104.1s
2026-02-09 23:58:46 - M5Trainer - INFO - [Step  2800/4000] Stage C | L=6.4681e-03 (IC=1.150e-02, BC=3.974e-05, PDE=1.552e-01, Qg=1.449e+02) | k=4.91 mD, f=9.9 | Sw=[0.315,0.993] | 108.7s
2026-02-09 23:58:50 - M5Trainer - INFO - [Step  2900/4000] Stage C | L=2.8589e-02 (IC=2.578e-02, BC=1.168e-03, PDE=3.022e-01, Qg=5.657e+00) | k=4.90 mD, f=9.9 | Sw=[0.394,0.993] | 113.1s
2026-02-09 23:58:55 - M5Trainer - INFO - [Step  3000/4000] Stage C | L=8.6888e-03 (IC=7.021e-03, BC=3.081e-05, PDE=1.826e-01, Qg=1.139e+01) | k=4.90 mD, f=9.9 | Sw=[0.334,0.991] | 117.8s
2026-02-09 23:58:59 - M5Trainer - INFO - [Step  3100/4000] Stage C | L=9.0167e-03 (IC=6.143e-03, BC=1.708e-05, PDE=1.712e-01, Qg=5.567e+00) | k=4.90 mD, f=9.9 | Sw=[0.352,0.991] | 122.5s
2026-02-09 23:59:04 - M5Trainer - INFO - [Step  3200/4000] Stage D | L=1.2684e-02 (IC=1.488e-02, BC=1.975e-03, PDE=1.639e-01, Qg=4.707e+01) | k=4.90 mD, f=9.9 | Sw=[0.442,0.991] | 127.3s
2026-02-09 23:59:09 - M5Trainer - INFO - [Step  3300/4000] Stage D | L=1.0676e-02 (IC=6.895e-03, BC=1.238e-05, PDE=1.616e-01, Qg=8.909e+00) | k=4.90 mD, f=9.9 | Sw=[0.357,0.989] | 131.9s
2026-02-09 23:59:13 - M5Trainer - INFO - [Step  3400/4000] Stage D | L=1.2557e-02 (IC=6.534e-03, BC=2.602e-05, PDE=1.661e-01, Qg=1.548e+01) | k=4.90 mD, f=9.9 | Sw=[0.366,0.988] | 136.3s
2026-02-09 23:59:18 - M5Trainer - INFO - [Step  3500/4000] Stage D | L=1.5644e-02 (IC=5.505e-03, BC=2.966e-05, PDE=1.774e-01, Qg=2.311e+01) | k=4.90 mD, f=9.9 | Sw=[0.299,0.988] | 140.6s
2026-02-09 23:59:22 - M5Trainer - INFO - [Step  3600/4000] Stage D | L=1.6628e-02 (IC=6.417e-03, BC=1.810e-05, PDE=1.708e-01, Qg=1.363e+01) | k=4.90 mD, f=9.9 | Sw=[0.306,0.987] | 144.8s
2026-02-09 23:59:26 - M5Trainer - INFO - [Step  3700/4000] Stage D | L=1.7791e-02 (IC=5.912e-03, BC=1.240e-05, PDE=1.674e-01, Qg=9.560e+00) | k=4.90 mD, f=9.9 | Sw=[0.368,0.986] | 149.1s
2026-02-09 23:59:32 - M5Trainer - INFO - [Step  3800/4000] Stage D | L=1.9992e-02 (IC=6.614e-03, BC=1.498e-05, PDE=1.666e-01, Qg=7.561e+00) | k=4.90 mD, f=9.9 | Sw=[0.310,0.984] | 154.6s
2026-02-09 23:59:36 - M5Trainer - INFO - [Step  3900/4000] Stage D | L=2.5261e-02 (IC=7.138e-03, BC=1.736e-05, PDE=1.773e-01, Qg=7.292e+00) | k=4.90 mD, f=9.9 | Sw=[0.387,0.983] | 159.4s
2026-02-09 23:59:41 - M5Trainer - INFO - [Step  3999/4000] Stage D | L=2.6542e-02 (IC=9.901e-03, BC=2.106e-05, PDE=1.657e-01, Qg=1.211e+01) | k=4.90 mD, f=9.9 | Sw=[0.316,0.983] | 164.0s
2026-02-09 23:59:41 - M5Trainer - INFO - 
M5 训练完成! 耗时: 164.0s, 最佳损失: 3.6114e-07
2026-02-09 23:59:41 - M5Trainer - INFO - 配置快照已保存: C:\Users\16281\Desktop\cpedc_project\outputs\mk_pinn_dt_v2\resolved_config_m5.json
2026-02-09 23:59:41 - M5Trainer - INFO - 反演参数审计: C:\Users\16281\Desktop\cpedc_project\outputs\mk_pinn_dt_v2\reports\M5_inversion_params.json
2026-02-09 23:59:42 - M5Trainer - INFO -   井 SY9: 1025 条同化数据
2026-02-09 23:59:42 - M5Trainer - INFO -   M3 PVT cg(76.0, 141.39) = 0.009744
2026-02-09 23:59:42 - M5Trainer - INFO -   M3 PVT Bg(76.0, 141.39) = 0.002577
2026-02-09 23:59:42 - M5Trainer - INFO -   PDE 缩放: αx=1.017765, αy=2.546600
2026-02-09 23:59:42 - M5Trainer - INFO - M5Trainer 初始化完成: device=cuda, lr=0.001, max_steps=4000, relobralo=True, rar=True
2026-02-09 23:59:42 - M5Trainer - INFO - ============================================================
2026-02-09 23:59:42 - M5Trainer - INFO - M5 PINN 井—藏耦合同化训练开始
2026-02-09 23:59:42 - M5Trainer - INFO - ============================================================
2026-02-09 23:59:42 - M5Trainer - INFO - 训练阶段: A[0-800] B[800-2000] C[2000-3200] D[3200-4000]
2026-02-09 23:59:42 - M5Trainer - INFO - [Step     0/4000] Stage A | L=3.2856e+02 (IC=2.403e+01, BC=1.765e+01, PDE=0.000e+00, Qg=1.447e+10) | k=5.00 mD, f=10.0 | Sw=[0.202,0.678] | 0.0s
2026-02-09 23:59:43 - M5Trainer - INFO - [Step   100/4000] Stage A | L=8.2253e-01 (IC=5.892e-02, BC=4.667e-02, PDE=0.000e+00, Qg=2.235e+10) | k=5.00 mD, f=10.0 | Sw=[0.085,0.313] | 1.4s
2026-02-09 23:59:45 - M5Trainer - INFO - [Step   200/4000] Stage A | L=3.5078e-05 (IC=9.862e-03, BC=7.025e-03, PDE=0.000e+00, Qg=2.150e+10) | k=5.00 mD, f=10.0 | Sw=[0.139,0.333] | 2.8s
2026-02-09 23:59:46 - M5Trainer - INFO - [Step   300/4000] Stage A | L=2.5769e-06 (IC=2.921e-03, BC=1.142e-03, PDE=0.000e+00, Qg=2.184e+10) | k=5.00 mD, f=10.0 | Sw=[0.153,0.282] | 4.3s
2026-02-09 23:59:48 - M5Trainer - INFO - [Step   400/4000] Stage A | L=4.7189e-05 (IC=8.960e-03, BC=9.722e-03, PDE=0.000e+00, Qg=2.126e+10) | k=5.00 mD, f=10.0 | Sw=[0.135,0.319] | 5.6s
2026-02-09 23:59:49 - M5Trainer - INFO - [Step   500/4000] Stage A | L=3.3764e-04 (IC=2.587e-02, BC=1.585e-02, PDE=0.000e+00, Qg=1.976e+10) | k=5.00 mD, f=10.0 | Sw=[0.148,0.310] | 6.9s
2026-02-09 23:59:50 - M5Trainer - INFO - [Step   600/4000] Stage A | L=2.3189e-06 (IC=1.790e-03, BC=1.528e-03, PDE=0.000e+00, Qg=1.948e+10) | k=5.00 mD, f=10.0 | Sw=[0.171,0.313] | 8.2s
2026-02-09 23:59:51 - M5Trainer - INFO - [Step   700/4000] Stage A | L=2.8290e-06 (IC=1.681e-03, BC=1.757e-03, PDE=0.000e+00, Qg=1.950e+10) | k=5.00 mD, f=10.0 | Sw=[0.133,0.303] | 9.4s
2026-02-09 23:59:53 - M5Trainer - INFO - [Step   800/4000] Stage B | L=1.1459e+10 (IC=8.543e-03, BC=7.202e-03, PDE=0.000e+00, Qg=2.112e+10) | k=5.00 mD, f=10.0 | Sw=[0.143,0.449] | 10.6s
2026-02-09 23:59:57 - M5Trainer - INFO - [Step   900/4000] Stage B | L=1.5638e-02 (IC=2.534e-01, BC=8.066e-03, PDE=2.073e+00, Qg=3.644e+03) | k=4.97 mD, f=10.0 | Sw=[0.055,0.999] | 15.0s
2026-02-10 00:00:01 - M5Trainer - INFO - [Step  1000/4000] Stage B | L=2.4735e-02 (IC=2.157e-01, BC=4.768e-03, PDE=2.130e+00, Qg=2.707e+03) | k=4.96 mD, f=10.0 | Sw=[0.206,0.999] | 19.3s
2026-02-10 00:00:06 - M5Trainer - INFO - [Step  1100/4000] Stage B | L=2.9357e-03 (IC=5.322e-02, BC=4.920e-03, PDE=1.089e+00, Qg=1.566e+03) | k=4.96 mD, f=10.0 | Sw=[0.349,0.994] | 23.8s
2026-02-10 00:00:10 - M5Trainer - INFO - [Step  1200/4000] Stage B | L=1.4106e-03 (IC=3.163e-02, BC=2.457e-03, PDE=4.918e-01, Qg=8.082e+02) | k=4.96 mD, f=10.0 | Sw=[0.209,0.996] | 27.7s
2026-02-10 00:00:14 - M5Trainer - INFO - [Step  1300/4000] Stage B | L=2.1674e-01 (IC=3.938e-01, BC=5.274e-02, PDE=1.677e+00, Qg=9.349e+00) | k=4.96 mD, f=10.0 | Sw=[0.055,0.998] | 31.8s
2026-02-10 00:00:19 - M5Trainer - INFO - [Step  1400/4000] Stage B | L=4.8662e-02 (IC=1.823e-01, BC=1.978e-03, PDE=2.884e-01, Qg=2.147e+03) | k=4.95 mD, f=10.0 | Sw=[0.216,0.997] | 36.6s
2026-02-10 00:00:23 - M5Trainer - INFO - [Step  1500/4000] Stage B | L=4.1392e-03 (IC=3.988e-02, BC=2.234e-03, PDE=7.827e-01, Qg=7.594e+02) | k=4.95 mD, f=9.9 | Sw=[0.151,0.996] | 41.4s
2026-02-10 00:00:28 - M5Trainer - INFO - [Step  1600/4000] Stage B | L=1.2765e-03 (IC=2.132e-02, BC=2.025e-04, PDE=2.477e-01, Qg=5.255e+02) | k=4.95 mD, f=9.9 | Sw=[0.217,0.997] | 46.0s
2026-02-10 00:00:33 - M5Trainer - INFO - [Step  1700/4000] Stage B | L=6.2371e-03 (IC=4.951e-02, BC=1.928e-03, PDE=2.565e-01, Qg=8.463e+02) | k=4.94 mD, f=9.9 | Sw=[0.067,0.997] | 50.6s
2026-02-10 00:00:37 - M5Trainer - INFO - [Step  1800/4000] Stage B | L=3.0905e-03 (IC=3.073e-02, BC=7.783e-04, PDE=2.054e-01, Qg=5.701e+02) | k=4.94 mD, f=9.9 | Sw=[0.196,0.998] | 54.9s
2026-02-10 00:00:41 - M5Trainer - INFO - [Step  1900/4000] Stage B | L=1.5174e-02 (IC=3.346e-02, BC=3.461e-04, PDE=1.197e+00, Qg=1.986e+02) | k=4.94 mD, f=9.9 | Sw=[0.322,0.998] | 58.6s
2026-02-10 00:00:44 - M5Trainer - INFO - [Step  2000/4000] Stage C | L=2.6405e-03 (IC=2.892e-02, BC=1.234e-03, PDE=2.541e-01, Qg=2.385e+02) | k=4.93 mD, f=9.9 | Sw=[0.026,0.998] | 62.4s
2026-02-10 00:00:48 - M5Trainer - INFO - [Step  2100/4000] Stage C | L=3.5060e-03 (IC=3.276e-02, BC=7.377e-04, PDE=1.547e-01, Qg=3.104e+02) | k=4.93 mD, f=9.9 | Sw=[0.253,0.997] | 66.1s
2026-02-10 00:00:52 - M5Trainer - INFO - [Step  2200/4000] Stage C | L=2.3613e-03 (IC=2.356e-02, BC=5.424e-05, PDE=1.532e-01, Qg=2.308e+02) | k=4.93 mD, f=9.9 | Sw=[0.280,0.998] | 70.5s
2026-02-10 00:00:57 - M5Trainer - INFO - [Step  2300/4000] Stage C | L=3.6195e-03 (IC=2.778e-02, BC=6.293e-05, PDE=1.567e-01, Qg=1.966e+02) | k=4.93 mD, f=9.9 | Sw=[0.287,0.998] | 74.6s
2026-02-10 00:01:01 - M5Trainer - INFO - [Step  2400/4000] Stage C | L=3.7377e-03 (IC=2.568e-02, BC=4.832e-05, PDE=1.579e-01, Qg=1.716e+02) | k=4.93 mD, f=9.9 | Sw=[0.279,0.999] | 78.8s
2026-02-10 00:01:05 - M5Trainer - INFO - [Step  2500/4000] Stage C | L=2.6375e-03 (IC=1.728e-02, BC=7.975e-05, PDE=1.840e-01, Qg=7.229e+01) | k=4.93 mD, f=9.9 | Sw=[0.244,0.999] | 83.1s
2026-02-10 00:01:09 - M5Trainer - INFO - [Step  2600/4000] Stage C | L=5.6174e-03 (IC=2.733e-02, BC=1.250e-04, PDE=1.627e-01, Qg=2.264e+02) | k=4.93 mD, f=9.9 | Sw=[0.292,0.998] | 87.5s
2026-02-10 00:01:13 - M5Trainer - INFO - [Step  2700/4000] Stage C | L=3.6732e-03 (IC=1.914e-02, BC=4.204e-05, PDE=1.586e-01, Qg=1.348e+02) | k=4.93 mD, f=9.9 | Sw=[0.302,0.998] | 91.2s
2026-02-10 00:01:17 - M5Trainer - INFO - [Step  2800/4000] Stage C | L=4.2597e-03 (IC=1.850e-02, BC=4.861e-05, PDE=1.649e-01, Qg=1.576e+02) | k=4.93 mD, f=9.9 | Sw=[0.286,0.998] | 95.1s
2026-02-10 00:01:21 - M5Trainer - INFO - [Step  2900/4000] Stage C | L=1.2620e-02 (IC=2.653e-02, BC=2.545e-04, PDE=3.200e-01, Qg=9.962e+00) | k=4.93 mD, f=9.9 | Sw=[0.327,0.999] | 98.9s
2026-02-10 00:01:25 - M5Trainer - INFO - [Step  3000/4000] Stage C | L=7.0657e-03 (IC=2.202e-02, BC=3.600e-05, PDE=1.675e-01, Qg=1.282e+02) | k=4.93 mD, f=9.9 | Sw=[0.301,0.998] | 102.7s
2026-02-10 00:01:29 - M5Trainer - INFO - [Step  3100/4000] Stage C | L=6.4766e-03 (IC=1.849e-02, BC=3.075e-05, PDE=1.684e-01, Qg=1.019e+02) | k=4.93 mD, f=9.9 | Sw=[0.312,0.999] | 107.0s
2026-02-10 00:01:34 - M5Trainer - INFO - [Step  3200/4000] Stage D | L=4.8909e-03 (IC=1.387e-02, BC=3.226e-05, PDE=1.687e-01, Qg=1.189e+02) | k=4.93 mD, f=9.9 | Sw=[0.324,0.999] | 111.7s
2026-02-10 00:01:38 - M5Trainer - INFO - [Step  3300/4000] Stage D | L=5.2115e-03 (IC=1.407e-02, BC=3.541e-05, PDE=1.627e-01, Qg=8.401e+01) | k=4.92 mD, f=9.9 | Sw=[0.297,0.999] | 116.1s
2026-02-10 00:01:42 - M5Trainer - INFO - [Step  3400/4000] Stage D | L=9.3833e-03 (IC=2.008e-02, BC=6.946e-05, PDE=1.941e-01, Qg=1.287e+01) | k=4.92 mD, f=9.9 | Sw=[0.320,0.998] | 120.3s
2026-02-10 00:01:46 - M5Trainer - INFO - [Step  3500/4000] Stage D | L=6.8182e-03 (IC=1.126e-02, BC=3.414e-05, PDE=1.839e-01, Qg=5.324e+01) | k=4.92 mD, f=9.9 | Sw=[0.261,0.999] | 124.2s
2026-02-10 00:01:50 - M5Trainer - INFO - [Step  3600/4000] Stage D | L=7.9983e-03 (IC=1.347e-02, BC=4.226e-05, PDE=1.759e-01, Qg=8.480e+01) | k=4.92 mD, f=9.9 | Sw=[0.286,0.999] | 128.2s
2026-02-10 00:01:55 - M5Trainer - INFO - [Step  3700/4000] Stage D | L=7.8086e-03 (IC=1.068e-02, BC=4.555e-05, PDE=1.733e-01, Qg=8.406e+01) | k=4.92 mD, f=9.9 | Sw=[0.295,0.999] | 133.1s
2026-02-10 00:02:00 - M5Trainer - INFO - [Step  3800/4000] Stage D | L=9.6913e-03 (IC=1.323e-02, BC=5.004e-05, PDE=1.729e-01, Qg=8.273e+01) | k=4.92 mD, f=9.9 | Sw=[0.282,0.998] | 137.8s
2026-02-10 00:02:05 - M5Trainer - INFO - [Step  3900/4000] Stage D | L=1.2869e-02 (IC=1.602e-02, BC=5.211e-05, PDE=1.785e-01, Qg=9.714e+01) | k=4.92 mD, f=9.9 | Sw=[0.358,0.998] | 142.7s
2026-02-10 00:02:10 - M5Trainer - INFO - [Step  3999/4000] Stage D | L=2.1781e-02 (IC=2.594e-02, BC=5.399e-05, PDE=1.712e-01, Qg=8.522e+01) | k=4.92 mD, f=9.9 | Sw=[0.289,0.998] | 147.6s
2026-02-10 00:02:10 - M5Trainer - INFO - 
M5 训练完成! 耗时: 147.6s, 最佳损失: 2.0917e-07
2026-02-10 00:02:10 - M5Trainer - INFO - 配置快照已保存: C:\Users\16281\Desktop\cpedc_project\outputs\mk_pinn_dt_v2\resolved_config_m5.json
2026-02-10 00:02:10 - M5Trainer - INFO - 反演参数审计: C:\Users\16281\Desktop\cpedc_project\outputs\mk_pinn_dt_v2\reports\M5_inversion_params.json
2026-02-10 00:02:10 - M5Trainer - INFO -   井 SY9: 1025 条同化数据
2026-02-10 00:02:10 - M5Trainer - INFO -   M3 PVT cg(76.0, 141.39) = 0.009744
2026-02-10 00:02:10 - M5Trainer - INFO -   M3 PVT Bg(76.0, 141.39) = 0.002577
2026-02-10 00:02:10 - M5Trainer - INFO -   PDE 缩放: αx=1.017765, αy=2.546600
2026-02-10 00:02:10 - M5Trainer - INFO - M5Trainer 初始化完成: device=cuda, lr=0.001, max_steps=4000, relobralo=True, rar=True
2026-02-10 00:02:10 - M5Trainer - INFO - ============================================================
2026-02-10 00:02:10 - M5Trainer - INFO - M5 PINN 井—藏耦合同化训练开始
2026-02-10 00:02:10 - M5Trainer - INFO - ============================================================
2026-02-10 00:02:10 - M5Trainer - INFO - 训练阶段: A[0-800] B[800-2000] C[2000-3200] D[3200-4000]
2026-02-10 00:02:11 - M5Trainer - INFO - [Step     0/4000] Stage A | L=3.2856e+02 (IC=2.403e+01, BC=1.765e+01, PDE=0.000e+00, Qg=1.447e+10) | k=5.00 mD, f=10.0 | Sw=[0.202,0.678] | 0.0s
