2026-02-18 23:09:35 - M5Trainer - INFO -   torch.compile 已跳过 (Triton 不支持 Windows, 使用 eager 模式)
2026-02-18 23:09:35 - M5Trainer - INFO - k_frac 独立参数组: lr=3.00e-03 (factor=3.0)
2026-02-18 23:09:37 - M5Trainer - INFO - k_net 学习率: 1.00e-04 (factor=0.1, warmup=2000 steps)
2026-02-18 23:09:37 - M5Trainer - INFO -   井 SY9: 1332 条同化数据 (train=799, val=266, test=267)
    开井点数 (q>1): train=745, val=88, test=121
    有效压力点: val_p=109, test_p=121
2026-02-18 23:09:37 - M5Trainer - INFO -   train time window(norm): [0.0000, 0.5995]
2026-02-18 23:09:37 - M5Trainer - INFO -   M3 PVT cg(76.0, 140.32) = 0.009744
2026-02-18 23:09:37 - M5Trainer - INFO -   M3 PVT Bg(76.0, 140.32) = 0.002577
2026-02-18 23:09:37 - M5Trainer - INFO -   PDE 缩放: αx=0.029719, αy=0.074361
2026-02-18 23:09:37 - M5Trainer - INFO - M5Trainer 初始化完成: device=cuda, lr=0.001, max_steps=5000, relobralo=True, rar=True
2026-02-18 23:09:37 - M5Trainer - INFO - ============================================================
2026-02-18 23:09:37 - M5Trainer - INFO - M5 PINN 井—藏耦合同化训练开始
2026-02-18 23:09:37 - M5Trainer - INFO - ============================================================
2026-02-18 23:09:37 - M5Trainer - INFO - 训练阶段: A[0-500] B[500-1750] C[1750-3500] D[3500-5000]
2026-02-18 23:09:37 - M5Trainer - INFO -   qg_nearzero 权重: A=3.0, B=6.0->9.0, C=12.0, D=3.0, enable=True
2026-02-18 23:09:37 - M5Trainer - INFO - --- M5 单位/量纲诊断 (train 第 1 步前) ---
2026-02-18 23:09:37 - M5Trainer - INFO -   qg_obs 范围: 0.00e+00 ~ 8.39e+05 m³/d, 均值: 2.97e+05 m³/d
2026-02-18 23:09:37 - M5Trainer - INFO -   qg_pred 范围: 3.97e+05 ~ 4.11e+05
2026-02-18 23:09:37 - M5Trainer - INFO -   p_wf 范围: 7.43e+01 ~ 7.43e+01 MPa
2026-02-18 23:09:37 - M5Trainer - INFO -   p_field @ well: 7.50e+01 MPa
2026-02-18 23:09:37 - M5Trainer - INFO -   k_frac = 5.4020 mD
2026-02-18 23:09:37 - M5Trainer - INFO -   WI_raw = 4.309845e-13 [检查单位]
2026-02-18 23:09:37 - M5Trainer - INFO -   dp_wellbore = 12.00 MPa
2026-02-18 23:09:37 - M5Trainer - INFO -   Bg_ref = 2.576898e-03
2026-02-18 23:09:37 - M5Trainer - INFO -   qg_obs 范围: 0.00e+00 ~ 8.39e+05 m³/d
2026-02-18 23:09:37 - M5Trainer - INFO -   qg_obs 中位数 = 3.07e+05 m³/d
2026-02-18 23:09:37 - M5Trainer - INFO -   ✅ v9: PDE源项已升级为时变 source(x,y,t) = qg_obs(t) * kernel(x,y)
2026-02-18 23:09:37 - M5Trainer - INFO -   ✅ 每个PDE配点使用其时刻对应的真实观测产量（线性插值）
2026-02-18 23:09:37 - M5Trainer - INFO - --- 诊断结束 ---
2026-02-18 23:09:37 - M5Trainer - INFO -   [shape] SY9: qg pred=(1332, 1) vs obs=(1332, 1), p_wf pred=(1332, 1) vs p_obs=(1332, 1)
2026-02-18 23:09:37 - M5Trainer - INFO -   [Sw约束v9] Sw=[0.260, 0.260, 0.260], 权重=500, 惩罚=0.000000 (低=0.0000, 高=0.0000)
2026-02-18 23:09:37 - M5Trainer - INFO -   ✅ k_frac_mD.grad = -6.498781e-03 (PDE梯度贯通)
2026-02-18 23:09:37 - M5Trainer - INFO -   ✅ k_net: 18 组参数收到梯度
2026-02-18 23:09:37 - M5Trainer - INFO -   [梯度验收] SY9: qg_obs range=[0.0, 838700.0]
2026-02-18 23:09:37 - M5Trainer - INFO -   [Sw监控] SY9: Sw=[0.2600, 0.2600, 0.2600], krg_min=6.751000e-01
2026-02-18 23:09:37 - M5Trainer - INFO - [Step     0/5000] Stage A | L=5.9589e+02 (IC=0.000e+00, BC=0.000e+00, PDE=0.000e+00, Qg=2.892e-01, Qz=1.324e-01, Sd=3.823e-01, SwB=0.000e+00) | k_frac=5.4022 mD, dp=12.00 MPa | Sw=[0.260,0.260] | 0.8s
2026-02-18 23:09:37 - M5Trainer - INFO -   [k_frac诊断] grad=-6.4988e-03, k_frac=5.402157 mD
2026-02-18 23:09:46 - M5Trainer - INFO - [Step   100/5000] Stage A | L=1.0891e+02 (IC=0.000e+00, BC=0.000e+00, PDE=0.000e+00, Qg=2.887e-01, Qz=1.999e-01, Sd=6.906e-01, SwB=0.000e+00) | k_frac=5.3752 mD, dp=12.02 MPa | Sw=[0.260,0.260] | 9.7s
2026-02-18 23:09:55 - M5Trainer - INFO -   [梯度验收] SY9: qg_obs range=[0.0, 838700.0]
2026-02-18 23:09:55 - M5Trainer - INFO - [Step   200/5000] Stage A | L=2.6922e+01 (IC=0.000e+00, BC=0.000e+00, PDE=0.000e+00, Qg=3.361e-01, Qz=8.672e-01, Sd=3.271e+00, SwB=0.000e+00) | k_frac=5.0686 mD, dp=12.08 MPa | Sw=[0.260,0.260] | 18.0s
2026-02-18 23:10:03 - M5Trainer - INFO - [Step   300/5000] Stage A | L=3.2385e+01 (IC=0.000e+00, BC=0.000e+00, PDE=0.000e+00, Qg=2.450e-01, Qz=2.097e-01, Sd=8.325e-01, SwB=0.000e+00) | k_frac=4.8344 mD, dp=12.14 MPa | Sw=[0.260,0.260] | 26.5s
2026-02-18 23:10:12 - M5Trainer - INFO -   [梯度验收] SY9: qg_obs range=[0.0, 838700.0]
2026-02-18 23:10:12 - M5Trainer - INFO - [Step   400/5000] Stage A | L=2.5731e+01 (IC=0.000e+00, BC=0.000e+00, PDE=0.000e+00, Qg=2.311e-01, Qz=9.481e-02, Sd=1.506e+00, SwB=0.000e+00) | k_frac=4.7462 mD, dp=12.18 MPa | Sw=[0.218,0.351] | 35.0s
2026-02-18 23:10:20 - M5Trainer - INFO -   [Sw约束v9] Sw=[0.156, 0.297, 0.578], 权重=300, 惩罚=0.000000 (低=0.0000, 高=0.0000)
2026-02-18 23:10:20 - M5Trainer - INFO -   [Sw监控] SY9: Sw=[0.2153, 0.4410, 0.5781], krg_min=1.902466e-01
2026-02-18 23:10:20 - M5Trainer - INFO - [Step   500/5000] Stage B | L=1.6996e+02 (IC=0.000e+00, BC=0.000e+00, PDE=0.000e+00, Qg=2.104e-01, Qz=9.472e-02, Sd=5.082e+00, SwB=0.000e+00) | k_frac=4.7060 mD, dp=12.21 MPa | Sw=[0.190,0.513] | 43.7s
2026-02-18 23:10:20 - M5Trainer - INFO -   [k_frac诊断] grad=-8.9749e-02, k_frac=4.705978 mD
2026-02-18 23:10:30 - M5Trainer - INFO -   [梯度验收] SY9: qg_obs range=[0.0, 838700.0]
2026-02-18 23:10:30 - M5Trainer - INFO - [Step   600/5000] Stage B | L=1.2367e+02 (IC=0.000e+00, BC=0.000e+00, PDE=0.000e+00, Qg=2.085e-01, Qz=2.276e-02, Sd=2.208e-01, SwB=0.000e+00) | k_frac=4.6737 mD, dp=12.25 MPa | Sw=[0.185,0.430] | 53.3s
2026-02-18 23:10:40 - M5Trainer - INFO - [Step   700/5000] Stage B | L=1.3337e+02 (IC=0.000e+00, BC=0.000e+00, PDE=0.000e+00, Qg=2.302e-01, Qz=1.669e-02, Sd=2.501e-01, SwB=0.000e+00) | k_frac=4.6155 mD, dp=12.29 MPa | Sw=[0.189,0.441] | 63.0s
2026-02-18 23:10:49 - M5Trainer - INFO -   [梯度验收] SY9: qg_obs range=[0.0, 838700.0]
2026-02-18 23:10:49 - M5Trainer - INFO - [Step   800/5000] Stage B | L=1.4601e+02 (IC=0.000e+00, BC=0.000e+00, PDE=0.000e+00, Qg=2.485e-01, Qz=9.158e-03, Sd=2.469e-01, SwB=0.000e+00) | k_frac=4.5466 mD, dp=12.33 MPa | Sw=[0.161,0.493] | 72.6s
2026-02-18 23:10:59 - M5Trainer - INFO - [Step   900/5000] Stage B | L=1.3367e+02 (IC=0.000e+00, BC=0.000e+00, PDE=0.000e+00, Qg=2.240e-01, Qz=4.398e-03, Sd=1.854e-01, SwB=0.000e+00) | k_frac=4.4881 mD, dp=12.37 MPa | Sw=[0.157,0.540] | 82.1s
2026-02-18 23:11:08 - M5Trainer - INFO -   [Sw约束v9] Sw=[0.146, 0.316, 0.577], 权重=300, 惩罚=0.000000 (低=0.0000, 高=0.0000)
2026-02-18 23:11:08 - M5Trainer - INFO -   [梯度验收] SY9: qg_obs range=[0.0, 838700.0]
2026-02-18 23:11:08 - M5Trainer - INFO -   [Sw监控] SY9: Sw=[0.1710, 0.4436, 0.5768], krg_min=1.916643e-01
2026-02-18 23:11:08 - M5Trainer - INFO - [Step  1000/5000] Stage B | L=1.4038e+02 (IC=0.000e+00, BC=0.000e+00, PDE=0.000e+00, Qg=2.263e-01, Qz=4.066e-03, Sd=1.891e-01, SwB=0.000e+00) | k_frac=4.4315 mD, dp=12.40 MPa | Sw=[0.157,0.549] | 91.4s
2026-02-18 23:11:08 - M5Trainer - INFO -   [k_frac诊断] grad=-1.5951e-01, k_frac=4.431511 mD
2026-02-18 23:11:17 - M5Trainer - INFO - [Step  1100/5000] Stage B | L=1.4780e+02 (IC=0.000e+00, BC=0.000e+00, PDE=0.000e+00, Qg=2.198e-01, Qz=3.364e-03, Sd=1.426e-01, SwB=0.000e+00) | k_frac=4.3860 mD, dp=12.43 MPa | Sw=[0.153,0.542] | 100.1s
2026-02-18 23:11:26 - M5Trainer - INFO -   [梯度验收] SY9: qg_obs range=[0.0, 838700.0]
2026-02-18 23:11:26 - M5Trainer - INFO - [Step  1200/5000] Stage B | L=2.0612e+02 (IC=0.000e+00, BC=0.000e+00, PDE=0.000e+00, Qg=2.742e-01, Qz=4.404e-03, Sd=1.294e-01, SwB=0.000e+00) | k_frac=4.3118 mD, dp=12.47 MPa | Sw=[0.159,0.530] | 108.8s
2026-02-18 23:11:33 - M5Trainer - INFO - [Step  1300/5000] Stage B | L=1.7857e+02 (IC=0.000e+00, BC=0.000e+00, PDE=0.000e+00, Qg=2.362e-01, Qz=3.232e-03, Sd=1.147e-01, SwB=0.000e+00) | k_frac=4.2261 mD, dp=12.52 MPa | Sw=[0.157,0.539] | 116.7s
2026-02-18 23:11:41 - M5Trainer - INFO -   [梯度验收] SY9: qg_obs range=[0.0, 838700.0]
2026-02-18 23:11:41 - M5Trainer - INFO - [Step  1400/5000] Stage B | L=1.7022e+02 (IC=0.000e+00, BC=0.000e+00, PDE=0.000e+00, Qg=2.208e-01, Qz=2.978e-03, Sd=1.336e-01, SwB=0.000e+00) | k_frac=4.1689 mD, dp=12.57 MPa | Sw=[0.152,0.564] | 124.5s
2026-02-18 23:11:49 - M5Trainer - INFO -   [Sw约束v9] Sw=[0.142, 0.327, 0.617], 权重=300, 惩罚=0.000000 (低=0.0000, 高=0.0000)
2026-02-18 23:11:49 - M5Trainer - INFO -   [Sw监控] SY9: Sw=[0.1888, 0.4698, 0.6186], krg_min=1.498740e-01
2026-02-18 23:11:49 - M5Trainer - INFO - [Step  1500/5000] Stage B | L=1.9264e+02 (IC=0.000e+00, BC=0.000e+00, PDE=0.000e+00, Qg=2.310e-01, Qz=1.392e-03, Sd=9.743e-02, SwB=0.000e+00) | k_frac=4.1219 mD, dp=12.62 MPa | Sw=[0.146,0.576] | 132.5s
2026-02-18 23:11:49 - M5Trainer - INFO -   [k_frac诊断] grad=-2.6942e-01, k_frac=4.121852 mD
2026-02-18 23:11:57 - M5Trainer - INFO -   [梯度验收] SY9: qg_obs range=[0.0, 838700.0]
2026-02-18 23:11:57 - M5Trainer - INFO - [Step  1600/5000] Stage B | L=2.1806e+02 (IC=0.000e+00, BC=0.000e+00, PDE=0.000e+00, Qg=2.530e-01, Qz=2.448e-03, Sd=1.200e-01, SwB=0.000e+00) | k_frac=4.0894 mD, dp=12.66 MPa | Sw=[0.148,0.567] | 140.2s
2026-02-18 23:12:05 - M5Trainer - INFO - [Step  1700/5000] Stage B | L=2.0237e+02 (IC=0.000e+00, BC=0.000e+00, PDE=0.000e+00, Qg=2.247e-01, Qz=1.464e-03, Sd=9.002e-02, SwB=0.000e+00) | k_frac=4.0561 mD, dp=12.69 MPa | Sw=[0.147,0.603] | 148.0s
2026-02-18 23:12:12 - M5Trainer - INFO -   [梯度验收] SY9: qg_obs range=[0.0, 838700.0]
2026-02-18 23:12:12 - M5Trainer - INFO - [Step  1800/5000] Stage C | L=2.6793e+02 (IC=0.000e+00, BC=0.000e+00, PDE=0.000e+00, Qg=2.033e-01, Qz=2.158e-03, Sd=9.655e-02, SwB=0.000e+00) | k_frac=4.0223 mD, dp=12.73 MPa | Sw=[0.150,0.576] | 155.7s
2026-02-18 23:12:20 - M5Trainer - INFO - [Step  1900/5000] Stage C | L=2.8351e+02 (IC=0.000e+00, BC=0.000e+00, PDE=0.000e+00, Qg=2.087e-01, Qz=1.714e-03, Sd=9.231e-02, SwB=0.000e+00) | k_frac=4.0011 mD, dp=12.75 MPa | Sw=[0.148,0.573] | 163.7s
2026-02-18 23:12:28 - M5Trainer - INFO -   [Sw约束v9] Sw=[0.143, 0.376, 0.601], 权重=200, 惩罚=0.000000 (低=0.0000, 高=0.0000)
2026-02-18 23:12:28 - M5Trainer - INFO -   [Sw监控] SY9: Sw=[0.3735, 0.5274, 0.5972], krg_min=1.706586e-01
2026-02-18 23:12:28 - M5Trainer - INFO - [Step  2000/5000] Stage C | L=3.1515e+02 (IC=0.000e+00, BC=0.000e+00, PDE=0.000e+00, Qg=2.236e-01, Qz=1.427e-03, Sd=9.173e-02, SwB=0.000e+00) | k_frac=3.9743 mD, dp=12.77 MPa | Sw=[0.145,0.594] | 171.7s
2026-02-18 23:12:28 - M5Trainer - INFO -   [k_frac诊断] grad=1.6877e-01, k_frac=3.974282 mD
2026-02-18 23:12:37 - M5Trainer - INFO - [Step  2100/5000] Stage C | L=3.3061e+02 (IC=0.000e+00, BC=0.000e+00, PDE=0.000e+00, Qg=2.193e-01, Qz=1.954e-03, Sd=1.003e-01, SwB=0.000e+00) | k_frac=3.9541 mD, dp=12.79 MPa | Sw=[0.149,0.583] | 179.9s
2026-02-18 23:12:45 - M5Trainer - INFO - [Step  2200/5000] Stage C | L=3.5325e+02 (IC=0.000e+00, BC=0.000e+00, PDE=0.000e+00, Qg=2.261e-01, Qz=1.729e-03, Sd=9.658e-02, SwB=0.000e+00) | k_frac=3.9282 mD, dp=12.82 MPa | Sw=[0.146,0.586] | 188.0s
2026-02-18 23:12:52 - M5Trainer - INFO - [Step  2300/5000] Stage C | L=3.9950e+02 (IC=0.000e+00, BC=0.000e+00, PDE=0.000e+00, Qg=2.469e-01, Qz=2.038e-03, Sd=1.102e-01, SwB=0.000e+00) | k_frac=3.9088 mD, dp=12.85 MPa | Sw=[0.148,0.576] | 195.8s
2026-02-18 23:13:01 - M5Trainer - INFO - [Step  2400/5000] Stage C | L=3.9089e+02 (IC=0.000e+00, BC=0.000e+00, PDE=0.000e+00, Qg=2.393e-01, Qz=1.685e-03, Sd=1.034e-01, SwB=0.000e+00) | k_frac=3.8930 mD, dp=12.88 MPa | Sw=[0.148,0.570] | 204.0s
2026-02-18 23:13:09 - M5Trainer - INFO -   [Sw约束v9] Sw=[0.144, 0.382, 0.599], 权重=200, 惩罚=0.000000 (低=0.0000, 高=0.0000)
2026-02-18 23:13:09 - M5Trainer - INFO -   [Sw监控] SY9: Sw=[0.4090, 0.5499, 0.5884], krg_min=1.795648e-01
2026-02-18 23:13:09 - M5Trainer - INFO - [Step  2500/5000] Stage C | L=3.1837e+02 (IC=0.000e+00, BC=0.000e+00, PDE=0.000e+00, Qg=1.991e-01, Qz=1.469e-03, Sd=1.000e-01, SwB=0.000e+00) | k_frac=3.8768 mD, dp=12.90 MPa | Sw=[0.145,0.591] | 211.9s
2026-02-18 23:13:09 - M5Trainer - INFO -   [k_frac诊断] grad=1.9135e-01, k_frac=3.876792 mD
2026-02-18 23:13:17 - M5Trainer - INFO - [Step  2600/5000] Stage C | L=3.4477e+02 (IC=0.000e+00, BC=0.000e+00, PDE=0.000e+00, Qg=2.132e-01, Qz=1.567e-03, Sd=1.203e-01, SwB=0.000e+00) | k_frac=3.8617 mD, dp=12.93 MPa | Sw=[0.143,0.607] | 219.9s
2026-02-18 23:13:25 - M5Trainer - INFO - [Step  2700/5000] Stage C | L=3.4821e+02 (IC=0.000e+00, BC=0.000e+00, PDE=0.000e+00, Qg=2.097e-01, Qz=1.435e-03, Sd=1.040e-01, SwB=0.000e+00) | k_frac=3.8494 mD, dp=12.95 MPa | Sw=[0.145,0.598] | 228.0s
2026-02-18 23:13:33 - M5Trainer - INFO - [Step  2800/5000] Stage C | L=3.2981e+02 (IC=0.000e+00, BC=0.000e+00, PDE=0.000e+00, Qg=1.959e-01, Qz=1.494e-03, Sd=8.486e-02, SwB=0.000e+00) | k_frac=3.8411 mD, dp=12.98 MPa | Sw=[0.147,0.576] | 236.3s
2026-02-18 23:13:41 - M5Trainer - INFO - [Step  2900/5000] Stage C | L=3.5604e+02 (IC=0.000e+00, BC=0.000e+00, PDE=0.000e+00, Qg=2.072e-01, Qz=1.572e-03, Sd=9.766e-02, SwB=0.000e+00) | k_frac=3.8353 mD, dp=13.00 MPa | Sw=[0.148,0.572] | 244.1s
2026-02-18 23:13:48 - M5Trainer - INFO -   [Sw约束v9] Sw=[0.145, 0.374, 0.589], 权重=200, 惩罚=0.000000 (低=0.0000, 高=0.0000)
2026-02-18 23:13:48 - M5Trainer - INFO -   [Sw监控] SY9: Sw=[0.3912, 0.5334, 0.5850], krg_min=1.830612e-01
2026-02-18 23:13:48 - M5Trainer - INFO - [Step  3000/5000] Stage C | L=3.2030e+02 (IC=0.000e+00, BC=0.000e+00, PDE=0.000e+00, Qg=1.866e-01, Qz=1.266e-03, Sd=8.402e-02, SwB=0.000e+00) | k_frac=3.8289 mD, dp=13.02 MPa | Sw=[0.145,0.589] | 251.7s
2026-02-18 23:13:48 - M5Trainer - INFO -   [k_frac诊断] grad=3.3103e-01, k_frac=3.828937 mD
2026-02-18 23:13:56 - M5Trainer - INFO - [Step  3100/5000] Stage C | L=3.4663e+02 (IC=0.000e+00, BC=0.000e+00, PDE=0.000e+00, Qg=1.976e-01, Qz=1.461e-03, Sd=8.163e-02, SwB=0.000e+00) | k_frac=3.8236 mD, dp=13.05 MPa | Sw=[0.145,0.589] | 259.5s
2026-02-18 23:14:04 - M5Trainer - INFO - [Step  3200/5000] Stage C | L=3.2752e+02 (IC=0.000e+00, BC=0.000e+00, PDE=0.000e+00, Qg=1.845e-01, Qz=1.282e-03, Sd=8.307e-02, SwB=0.000e+00) | k_frac=3.8183 mD, dp=13.07 MPa | Sw=[0.145,0.581] | 267.2s
2026-02-18 23:14:12 - M5Trainer - INFO - [Step  3300/5000] Stage C | L=3.9486e+02 (IC=0.000e+00, BC=0.000e+00, PDE=0.000e+00, Qg=2.140e-01, Qz=1.488e-03, Sd=8.104e-02, SwB=0.000e+00) | k_frac=3.8148 mD, dp=13.08 MPa | Sw=[0.146,0.589] | 274.9s
2026-02-18 23:14:20 - M5Trainer - INFO - [Step  3400/5000] Stage C | L=3.3679e+02 (IC=0.000e+00, BC=0.000e+00, PDE=0.000e+00, Qg=1.868e-01, Qz=1.307e-03, Sd=8.335e-02, SwB=0.000e+00) | k_frac=3.8103 mD, dp=13.10 MPa | Sw=[0.146,0.575] | 282.8s
2026-02-18 23:14:28 - M5Trainer - INFO -   [Sw约束v9] Sw=[0.145, 0.372, 0.589], 权重=100, 惩罚=0.000000 (低=0.0000, 高=0.0000)
2026-02-18 23:14:28 - M5Trainer - INFO -   [Sw监控] SY9: Sw=[0.3703, 0.5294, 0.5842], krg_min=1.839364e-01
2026-02-18 23:14:28 - M5Trainer - INFO - [Step  3500/5000] Stage D | L=4.5804e+02 (IC=0.000e+00, BC=0.000e+00, PDE=0.000e+00, Qg=1.787e-01, Qz=1.325e-03, Sd=8.503e-02, SwB=0.000e+00) | k_frac=3.8083 mD, dp=13.12 MPa | Sw=[0.147,0.579] | 291.2s
2026-02-18 23:14:28 - M5Trainer - INFO -   [k_frac诊断] grad=1.9467e-01, k_frac=3.808346 mD
2026-02-18 23:14:36 - M5Trainer - INFO - [Step  3600/5000] Stage D | L=4.5931e+02 (IC=0.000e+00, BC=0.000e+00, PDE=0.000e+00, Qg=1.804e-01, Qz=1.403e-03, Sd=9.155e-02, SwB=0.000e+00) | k_frac=3.8085 mD, dp=13.13 MPa | Sw=[0.147,0.585] | 299.0s
2026-02-18 23:14:49 - M5Trainer - INFO - [Step  3700/5000] Stage D | L=4.4139e+02 (IC=0.000e+00, BC=0.000e+00, PDE=0.000e+00, Qg=1.752e-01, Qz=1.380e-03, Sd=9.689e-02, SwB=0.000e+00) | k_frac=3.8087 mD, dp=13.13 MPa | Sw=[0.146,0.586] | 312.2s
2026-02-18 23:24:56 - M5Trainer - INFO - [Step  3800/5000] Stage D | L=4.7595e+02 (IC=0.000e+00, BC=0.000e+00, PDE=0.000e+00, Qg=1.804e-01, Qz=1.425e-03, Sd=9.646e-02, SwB=0.000e+00) | k_frac=3.8092 mD, dp=13.13 MPa | Sw=[0.144,0.596] | 919.5s
2026-02-18 23:25:15 - M5Trainer - INFO - [Step  3900/5000] Stage D | L=4.3756e+02 (IC=0.000e+00, BC=0.000e+00, PDE=0.000e+00, Qg=1.718e-01, Qz=1.384e-03, Sd=9.747e-02, SwB=0.000e+00) | k_frac=3.8085 mD, dp=13.14 MPa | Sw=[0.145,0.596] | 938.7s
2026-02-18 23:25:30 - M5Trainer - INFO -   [Sw约束v9] Sw=[0.144, 0.364, 0.601], 权重=100, 惩罚=0.000000 (低=0.0000, 高=0.0000)
2026-02-18 23:25:30 - M5Trainer - INFO -   [Sw监控] SY9: Sw=[0.3609, 0.5273, 0.5959], krg_min=1.719523e-01
2026-02-18 23:25:30 - M5Trainer - INFO - [Step  4000/5000] Stage D | L=4.5093e+02 (IC=0.000e+00, BC=0.000e+00, PDE=0.000e+00, Qg=1.786e-01, Qz=1.416e-03, Sd=1.011e-01, SwB=0.000e+00) | k_frac=3.8091 mD, dp=13.14 MPa | Sw=[0.145,0.589] | 953.6s
2026-02-18 23:25:30 - M5Trainer - INFO -   [k_frac诊断] grad=3.1616e-01, k_frac=3.809138 mD
2026-02-18 23:25:43 - M5Trainer - INFO - [Step  4100/5000] Stage D | L=4.6741e+02 (IC=0.000e+00, BC=0.000e+00, PDE=0.000e+00, Qg=1.825e-01, Qz=1.350e-03, Sd=9.585e-02, SwB=0.000e+00) | k_frac=3.8077 mD, dp=13.14 MPa | Sw=[0.145,0.596] | 966.7s
2026-02-18 23:25:53 - M5Trainer - INFO - [Step  4200/5000] Stage D | L=4.4761e+02 (IC=0.000e+00, BC=0.000e+00, PDE=0.000e+00, Qg=1.781e-01, Qz=1.452e-03, Sd=1.031e-01, SwB=0.000e+00) | k_frac=3.8087 mD, dp=13.14 MPa | Sw=[0.144,0.595] | 976.6s
2026-02-18 23:26:01 - M5Trainer - INFO - [Step  4300/5000] Stage D | L=4.2297e+02 (IC=0.000e+00, BC=0.000e+00, PDE=0.000e+00, Qg=1.703e-01, Qz=1.396e-03, Sd=1.010e-01, SwB=0.000e+00) | k_frac=3.8081 mD, dp=13.15 MPa | Sw=[0.144,0.598] | 984.0s
2026-02-18 23:26:08 - M5Trainer - INFO - [Step  4400/5000] Stage D | L=4.2463e+02 (IC=0.000e+00, BC=0.000e+00, PDE=0.000e+00, Qg=1.706e-01, Qz=1.394e-03, Sd=1.003e-01, SwB=0.000e+00) | k_frac=3.8081 mD, dp=13.15 MPa | Sw=[0.144,0.599] | 991.6s
2026-02-18 23:26:16 - M5Trainer - INFO -   [Sw约束v9] Sw=[0.143, 0.364, 0.605], 权重=100, 惩罚=0.000000 (低=0.0000, 高=0.0000)
2026-02-18 23:26:16 - M5Trainer - INFO -   [Sw监控] SY9: Sw=[0.3639, 0.5295, 0.5999], krg_min=1.679998e-01
2026-02-18 23:26:16 - M5Trainer - INFO - [Step  4500/5000] Stage D | L=4.1568e+02 (IC=0.000e+00, BC=0.000e+00, PDE=0.000e+00, Qg=1.682e-01, Qz=1.397e-03, Sd=1.012e-01, SwB=0.000e+00) | k_frac=3.8082 mD, dp=13.15 MPa | Sw=[0.144,0.592] | 999.2s
2026-02-18 23:26:16 - M5Trainer - INFO -   [k_frac诊断] grad=-2.9397e-01, k_frac=3.808236 mD
2026-02-18 23:26:24 - M5Trainer - INFO - [Step  4600/5000] Stage D | L=4.0804e+02 (IC=0.000e+00, BC=0.000e+00, PDE=0.000e+00, Qg=1.654e-01, Qz=1.403e-03, Sd=1.014e-01, SwB=0.000e+00) | k_frac=3.8082 mD, dp=13.15 MPa | Sw=[0.145,0.595] | 1006.9s
2026-02-18 23:26:31 - M5Trainer - INFO - [Step  4700/5000] Stage D | L=4.0832e+02 (IC=0.000e+00, BC=0.000e+00, PDE=0.000e+00, Qg=1.653e-01, Qz=1.413e-03, Sd=1.018e-01, SwB=0.000e+00) | k_frac=3.8083 mD, dp=13.15 MPa | Sw=[0.144,0.592] | 1014.5s
2026-02-18 23:26:39 - M5Trainer - INFO - [Step  4800/5000] Stage D | L=4.0394e+02 (IC=0.000e+00, BC=0.000e+00, PDE=0.000e+00, Qg=1.638e-01, Qz=1.408e-03, Sd=1.016e-01, SwB=0.000e+00) | k_frac=3.8083 mD, dp=13.15 MPa | Sw=[0.144,0.596] | 1021.9s
2026-02-18 23:26:46 - M5Trainer - INFO - [Step  4900/5000] Stage D | L=4.0366e+02 (IC=0.000e+00, BC=0.000e+00, PDE=0.000e+00, Qg=1.633e-01, Qz=1.407e-03, Sd=1.015e-01, SwB=0.000e+00) | k_frac=3.8083 mD, dp=13.15 MPa | Sw=[0.146,0.597] | 1029.5s
2026-02-18 23:26:54 - M5Trainer - INFO - [Step  4999/5000] Stage D | L=4.0183e+02 (IC=0.000e+00, BC=0.000e+00, PDE=0.000e+00, Qg=1.628e-01, Qz=1.406e-03, Sd=1.015e-01, SwB=0.000e+00) | k_frac=3.8083 mD, dp=13.15 MPa | Sw=[0.144,0.591] | 1036.9s
2026-02-18 23:26:54 - M5Trainer - INFO - 
M5 训练完成! 耗时: 1036.9s, 最佳验证分数(val_score): 15.9729
2026-02-18 23:26:54 - M5Trainer - INFO - 配置快照已保存: C:\Users\16281\Desktop\cpedc_project\outputs\mk_pinn_dt_v2\M6_ablation\pure_ml\resolved_config_m5.json
2026-02-18 23:26:54 - M5Trainer - INFO - 反演参数审计: C:\Users\16281\Desktop\cpedc_project\outputs\mk_pinn_dt_v2\M6_ablation\pure_ml\reports\M5_inversion_params.json
2026-02-18 23:26:55 - M5Trainer - INFO -   torch.compile 已跳过 (Triton 不支持 Windows, 使用 eager 模式)
2026-02-18 23:26:55 - M5Trainer - INFO - k_frac 独立参数组: lr=3.00e-03 (factor=3.0)
2026-02-18 23:26:55 - M5Trainer - INFO -   井 SY9: 1332 条同化数据 (train=799, val=266, test=267)
    开井点数 (q>1): train=745, val=88, test=121
    有效压力点: val_p=109, test_p=121
2026-02-18 23:26:55 - M5Trainer - INFO -   train time window(norm): [0.0000, 0.5995]
2026-02-18 23:26:55 - M5Trainer - INFO -   M3 PVT cg(76.0, 140.32) = 0.009744
2026-02-18 23:26:55 - M5Trainer - INFO -   M3 PVT Bg(76.0, 140.32) = 0.002577
2026-02-18 23:26:55 - M5Trainer - INFO -   PDE 缩放: αx=0.029719, αy=0.074361
2026-02-18 23:26:55 - M5Trainer - INFO - M5Trainer 初始化完成: device=cuda, lr=0.001, max_steps=5000, relobralo=True, rar=True
2026-02-18 23:26:55 - M5Trainer - INFO - ============================================================
2026-02-18 23:26:55 - M5Trainer - INFO - M5 PINN 井—藏耦合同化训练开始
2026-02-18 23:26:55 - M5Trainer - INFO - ============================================================
2026-02-18 23:26:55 - M5Trainer - INFO - 训练阶段: A[0-500] B[500-1750] C[1750-3500] D[3500-5000]
2026-02-18 23:26:55 - M5Trainer - INFO -   qg_nearzero 权重: A=3.0, B=6.0->9.0, C=12.0, D=3.0, enable=True
2026-02-18 23:26:55 - M5Trainer - INFO - --- M5 单位/量纲诊断 (train 第 1 步前) ---
2026-02-18 23:26:55 - M5Trainer - INFO -   qg_obs 范围: 0.00e+00 ~ 8.39e+05 m³/d, 均值: 2.97e+05 m³/d
2026-02-18 23:26:55 - M5Trainer - INFO -   qg_pred 范围: 3.92e+05 ~ 4.12e+05
2026-02-18 23:26:55 - M5Trainer - INFO -   p_wf 范围: 7.43e+01 ~ 7.43e+01 MPa
2026-02-18 23:26:55 - M5Trainer - INFO -   p_field @ well: 7.50e+01 MPa
2026-02-18 23:26:55 - M5Trainer - INFO -   k_frac = 5.4020 mD
2026-02-18 23:26:55 - M5Trainer - INFO -   WI_raw = 4.309845e-13 [检查单位]
2026-02-18 23:26:55 - M5Trainer - INFO -   dp_wellbore = 12.00 MPa
2026-02-18 23:26:55 - M5Trainer - INFO -   Bg_ref = 2.576898e-03
2026-02-18 23:26:55 - M5Trainer - INFO -   qg_obs 范围: 0.00e+00 ~ 8.39e+05 m³/d
2026-02-18 23:26:55 - M5Trainer - INFO -   qg_obs 中位数 = 3.07e+05 m³/d
2026-02-18 23:26:55 - M5Trainer - INFO -   ✅ v9: PDE源项已升级为时变 source(x,y,t) = qg_obs(t) * kernel(x,y)
2026-02-18 23:26:55 - M5Trainer - INFO -   ✅ 每个PDE配点使用其时刻对应的真实观测产量（线性插值）
2026-02-18 23:26:55 - M5Trainer - INFO - --- 诊断结束 ---
2026-02-18 23:26:55 - M5Trainer - INFO -   [shape] SY9: qg pred=(1332, 1) vs obs=(1332, 1), p_wf pred=(1332, 1) vs p_obs=(1332, 1)
2026-02-18 23:26:55 - M5Trainer - INFO -   [Sw约束v9] Sw=[0.260, 0.260, 0.260], 权重=500, 惩罚=0.000000 (低=0.0000, 高=0.0000)
2026-02-18 23:26:55 - M5Trainer - INFO -   ✅ k_frac_mD.grad = -8.620303e-03 (PDE梯度贯通)
2026-02-18 23:26:55 - M5Trainer - INFO -   [梯度验收] SY9: qg_obs range=[0.0, 838700.0]
2026-02-18 23:26:55 - M5Trainer - INFO -   [Sw监控] SY9: Sw=[0.2600, 0.2600, 0.2600], krg_min=6.751000e-01
2026-02-18 23:26:55 - M5Trainer - INFO - [Step     0/5000] Stage A | L=7.8154e+02 (IC=1.000e+00, BC=1.000e+00, PDE=1.611e+06, Qg=2.877e-01, Qz=1.269e-01, Sd=3.650e-01, SwB=0.000e+00) | k_frac=5.4022 mD, dp=12.00 MPa | Sw=[0.260,0.260] | 0.2s
2026-02-18 23:26:55 - M5Trainer - INFO -   [k_frac诊断] grad=-8.6203e-03, k_frac=5.402157 mD
2026-02-18 23:27:08 - M5Trainer - INFO - [Step   100/5000] Stage A | L=3.0321e+02 (IC=1.281e-02, BC=1.481e-02, PDE=1.989e+06, Qg=2.364e-01, Qz=7.622e-02, Sd=7.013e-01, SwB=0.000e+00) | k_frac=5.3939 mD, dp=12.02 MPa | Sw=[0.203,0.491] | 12.9s
2026-02-18 23:27:21 - M5Trainer - INFO -   [梯度验收] SY9: qg_obs range=[0.0, 838700.0]
2026-02-18 23:27:21 - M5Trainer - INFO - [Step   200/5000] Stage A | L=1.7484e+02 (IC=6.890e-02, BC=2.850e-02, PDE=1.739e+06, Qg=2.525e-01, Qz=3.139e-02, Sd=1.773e+01, SwB=0.000e+00) | k_frac=5.2710 mD, dp=12.05 MPa | Sw=[0.137,0.717] | 25.4s
2026-02-18 23:27:33 - M5Trainer - INFO - [Step   300/5000] Stage A | L=3.4186e+02 (IC=5.104e-02, BC=2.626e-02, PDE=1.922e+06, Qg=2.041e-01, Qz=1.962e-02, Sd=1.823e+01, SwB=0.000e+00) | k_frac=5.2581 mD, dp=12.05 MPa | Sw=[0.143,0.706] | 38.1s
2026-02-18 23:27:46 - M5Trainer - INFO -   [梯度验收] SY9: qg_obs range=[0.0, 838700.0]
2026-02-18 23:27:46 - M5Trainer - INFO - [Step   400/5000] Stage A | L=3.4841e+02 (IC=5.388e-02, BC=3.517e-02, PDE=1.875e+06, Qg=2.068e-01, Qz=1.919e-02, Sd=1.841e+01, SwB=0.000e+00) | k_frac=5.2464 mD, dp=12.06 MPa | Sw=[0.138,0.686] | 50.8s
2026-02-18 23:27:59 - M5Trainer - INFO -   [Sw约束v9] Sw=[0.139, 0.339, 0.754], 权重=300, 惩罚=0.000000 (低=0.0000, 高=0.0000)
2026-02-18 23:27:59 - M5Trainer - INFO -   [Sw监控] SY9: Sw=[0.6098, 0.6803, 0.7561], krg_min=4.869206e-02
2026-02-18 23:27:59 - M5Trainer - INFO - [Step   500/5000] Stage B | L=1.2190e+03 (IC=1.331e-01, BC=1.095e-01, PDE=1.255e+06, Qg=2.484e-01, Qz=2.770e-02, Sd=2.090e+01, SwB=0.000e+00) | k_frac=5.2418 mD, dp=12.06 MPa | Sw=[0.139,0.696] | 63.6s
2026-02-18 23:27:59 - M5Trainer - INFO -   [k_frac诊断] grad=1.9268e-01, k_frac=5.241830 mD
2026-02-18 23:28:12 - M5Trainer - INFO -   [梯度验收] SY9: qg_obs range=[0.0, 838700.0]
2026-02-18 23:28:12 - M5Trainer - INFO - [Step   600/5000] Stage B | L=1.2381e+03 (IC=7.018e-02, BC=3.406e-02, PDE=1.230e+06, Qg=2.137e-01, Qz=2.729e-03, Sd=5.240e-01, SwB=0.000e+00) | k_frac=5.2370 mD, dp=12.11 MPa | Sw=[0.143,0.622] | 76.4s
2026-02-18 23:28:24 - M5Trainer - INFO - [Step   700/5000] Stage B | L=1.6415e+03 (IC=1.004e-01, BC=4.760e-02, PDE=1.419e+06, Qg=2.158e-01, Qz=1.226e-03, Sd=3.463e-01, SwB=0.000e+00) | k_frac=5.1966 mD, dp=12.14 MPa | Sw=[0.138,0.714] | 89.1s
2026-02-18 23:28:37 - M5Trainer - INFO -   [梯度验收] SY9: qg_obs range=[0.0, 838700.0]
2026-02-18 23:28:37 - M5Trainer - INFO - [Step   800/5000] Stage B | L=1.4629e+03 (IC=2.367e-01, BC=2.442e-01, PDE=1.326e+06, Qg=2.126e-01, Qz=7.462e-04, Sd=2.414e-01, SwB=0.000e+00) | k_frac=5.1678 mD, dp=12.17 MPa | Sw=[0.137,0.707] | 101.9s
2026-02-18 23:28:50 - M5Trainer - INFO - [Step   900/5000] Stage B | L=1.3931e+03 (IC=6.301e-02, BC=9.304e-02, PDE=1.157e+06, Qg=2.029e-01, Qz=1.005e-03, Sd=2.120e-01, SwB=0.000e+00) | k_frac=5.1507 mD, dp=12.20 MPa | Sw=[0.136,0.676] | 114.4s
2026-02-18 23:29:02 - M5Trainer - INFO -   [Sw约束v9] Sw=[0.136, 0.364, 0.688], 权重=300, 惩罚=0.000000 (低=0.0000, 高=0.0000)
2026-02-18 23:29:02 - M5Trainer - INFO -   [梯度验收] SY9: qg_obs range=[0.0, 838700.0]
2026-02-18 23:29:02 - M5Trainer - INFO -   [Sw监控] SY9: Sw=[0.5611, 0.6411, 0.6879], krg_min=9.195580e-02
2026-02-18 23:29:02 - M5Trainer - INFO - [Step  1000/5000] Stage B | L=1.2812e+03 (IC=5.966e-02, BC=4.768e-02, PDE=1.048e+06, Qg=2.405e-01, Qz=1.648e-03, Sd=2.595e-01, SwB=0.000e+00) | k_frac=5.1251 mD, dp=12.24 MPa | Sw=[0.136,0.678] | 127.1s
2026-02-18 23:29:02 - M5Trainer - INFO -   [k_frac诊断] grad=2.2964e-01, k_frac=5.125110 mD
2026-02-18 23:29:16 - M5Trainer - INFO - [Step  1100/5000] Stage B | L=1.5127e+03 (IC=1.773e-01, BC=1.563e-01, PDE=1.192e+06, Qg=1.961e-01, Qz=2.368e-03, Sd=2.088e-01, SwB=0.000e+00) | k_frac=5.0961 mD, dp=12.29 MPa | Sw=[0.138,0.674] | 140.4s
2026-02-18 23:29:29 - M5Trainer - INFO -   [梯度验收] SY9: qg_obs range=[0.0, 838700.0]
2026-02-18 23:29:29 - M5Trainer - INFO - [Step  1200/5000] Stage B | L=2.0432e+03 (IC=8.559e-02, BC=4.887e-02, PDE=1.321e+06, Qg=2.022e-01, Qz=1.326e-03, Sd=1.716e-01, SwB=0.000e+00) | k_frac=5.0815 mD, dp=12.34 MPa | Sw=[0.137,0.678] | 153.7s
2026-02-18 23:29:44 - M5Trainer - INFO - [Step  1300/5000] Stage B | L=1.5845e+03 (IC=7.052e-02, BC=5.858e-02, PDE=1.084e+06, Qg=2.325e-01, Qz=1.033e-03, Sd=1.815e-01, SwB=0.000e+00) | k_frac=5.0567 mD, dp=12.39 MPa | Sw=[0.138,0.667] | 169.3s
2026-02-18 23:29:59 - M5Trainer - INFO -   [梯度验收] SY9: qg_obs range=[0.0, 838700.0]
2026-02-18 23:29:59 - M5Trainer - INFO - [Step  1400/5000] Stage B | L=1.6346e+03 (IC=1.615e-01, BC=1.275e-01, PDE=1.125e+06, Qg=2.108e-01, Qz=1.578e-03, Sd=2.075e-01, SwB=0.000e+00) | k_frac=5.0393 mD, dp=12.44 MPa | Sw=[0.143,0.631] | 183.9s
2026-02-18 23:30:16 - M5Trainer - INFO -   [Sw约束v9] Sw=[0.139, 0.374, 0.656], 权重=300, 惩罚=0.000000 (低=0.0000, 高=0.0000)
2026-02-18 23:30:16 - M5Trainer - INFO -   [Sw监控] SY9: Sw=[0.5576, 0.6196, 0.6556], krg_min=1.172215e-01
2026-02-18 23:30:16 - M5Trainer - INFO - [Step  1500/5000] Stage B | L=1.8083e+03 (IC=5.467e-02, BC=4.284e-02, PDE=1.093e+06, Qg=2.351e-01, Qz=2.448e-03, Sd=2.208e-01, SwB=0.000e+00) | k_frac=5.0282 mD, dp=12.50 MPa | Sw=[0.145,0.640] | 200.9s
2026-02-18 23:30:16 - M5Trainer - INFO -   [k_frac诊断] grad=2.3435e-01, k_frac=5.028173 mD
2026-02-18 23:30:33 - M5Trainer - INFO -   [梯度验收] SY9: qg_obs range=[0.0, 838700.0]
2026-02-18 23:30:33 - M5Trainer - INFO - [Step  1600/5000] Stage B | L=1.8941e+03 (IC=6.540e-02, BC=5.744e-02, PDE=1.085e+06, Qg=2.360e-01, Qz=1.463e-03, Sd=1.578e-01, SwB=0.000e+00) | k_frac=5.0038 mD, dp=12.56 MPa | Sw=[0.136,0.682] | 218.0s
2026-02-18 23:30:51 - M5Trainer - INFO - [Step  1700/5000] Stage B | L=1.6835e+03 (IC=1.692e-01, BC=1.322e-01, PDE=1.045e+06, Qg=2.130e-01, Qz=1.240e-03, Sd=1.628e-01, SwB=0.000e+00) | k_frac=4.9822 mD, dp=12.63 MPa | Sw=[0.146,0.671] | 236.0s
2026-02-18 23:31:06 - M5Trainer - INFO -   [梯度验收] SY9: qg_obs range=[0.0, 838700.0]
2026-02-18 23:31:06 - M5Trainer - INFO - [Step  1800/5000] Stage C | L=9.5165e+03 (IC=1.166e-01, BC=1.110e-01, PDE=1.122e+06, Qg=2.340e-01, Qz=1.271e-03, Sd=1.325e-01, SwB=0.000e+00) | k_frac=4.9480 mD, dp=12.69 MPa | Sw=[0.140,0.653] | 250.7s
2026-02-18 23:31:21 - M5Trainer - INFO - [Step  1900/5000] Stage C | L=9.8029e+03 (IC=1.747e-01, BC=2.417e-01, PDE=1.171e+06, Qg=2.129e-01, Qz=1.286e-03, Sd=1.256e-01, SwB=0.000e+00) | k_frac=4.9223 mD, dp=12.72 MPa | Sw=[0.142,0.636] | 266.0s
2026-02-18 23:31:38 - M5Trainer - INFO -   [Sw约束v9] Sw=[0.138, 0.368, 0.673], 权重=200, 惩罚=0.000000 (低=0.0000, 高=0.0000)
2026-02-18 23:31:38 - M5Trainer - INFO -   [Sw监控] SY9: Sw=[0.5193, 0.6180, 0.6689], krg_min=1.064068e-01
2026-02-18 23:31:38 - M5Trainer - INFO - [Step  2000/5000] Stage C | L=1.2919e+04 (IC=6.966e-02, BC=5.416e-02, PDE=1.205e+06, Qg=2.023e-01, Qz=9.203e-04, Sd=1.114e-01, SwB=0.000e+00) | k_frac=4.9012 mD, dp=12.76 MPa | Sw=[0.142,0.646] | 282.9s
2026-02-18 23:31:38 - M5Trainer - INFO -   [k_frac诊断] grad=-2.4483e-01, k_frac=4.901213 mD
2026-02-18 23:32:03 - M5Trainer - INFO - [Step  2100/5000] Stage C | L=9.7650e+03 (IC=1.079e-01, BC=6.834e-02, PDE=1.021e+06, Qg=2.055e-01, Qz=1.218e-03, Sd=1.528e-01, SwB=0.000e+00) | k_frac=4.8856 mD, dp=12.80 MPa | Sw=[0.143,0.658] | 308.2s
2026-02-18 23:32:33 - M5Trainer - INFO - [Step  2200/5000] Stage C | L=1.0956e+04 (IC=1.363e-01, BC=8.576e-02, PDE=1.083e+06, Qg=2.077e-01, Qz=1.289e-03, Sd=1.407e-01, SwB=0.000e+00) | k_frac=4.8649 mD, dp=12.84 MPa | Sw=[0.141,0.632] | 337.8s
2026-02-18 23:33:08 - M5Trainer - INFO - [Step  2300/5000] Stage C | L=1.1931e+04 (IC=1.678e-01, BC=7.070e-02, PDE=1.145e+06, Qg=2.484e-01, Qz=2.056e-03, Sd=2.552e-01, SwB=0.000e+00) | k_frac=4.8455 mD, dp=12.88 MPa | Sw=[0.144,0.650] | 372.4s
2026-02-18 23:33:46 - M5Trainer - INFO - [Step  2400/5000] Stage C | L=1.1186e+04 (IC=1.464e-01, BC=8.815e-02, PDE=1.056e+06, Qg=2.158e-01, Qz=9.122e-04, Sd=1.439e-01, SwB=0.000e+00) | k_frac=4.8118 mD, dp=12.92 MPa | Sw=[0.136,0.673] | 410.5s
2026-02-18 23:34:16 - M5Trainer - INFO -   [Sw约束v9] Sw=[0.140, 0.358, 0.655], 权重=200, 惩罚=0.000000 (低=0.0000, 高=0.0000)
2026-02-18 23:34:16 - M5Trainer - INFO -   [Sw监控] SY9: Sw=[0.4730, 0.5955, 0.6561], krg_min=1.167860e-01
2026-02-18 23:34:16 - M5Trainer - INFO - [Step  2500/5000] Stage C | L=1.1811e+04 (IC=8.763e-02, BC=7.231e-02, PDE=1.025e+06, Qg=1.888e-01, Qz=1.272e-03, Sd=1.529e-01, SwB=0.000e+00) | k_frac=4.7980 mD, dp=12.96 MPa | Sw=[0.144,0.620] | 441.4s
2026-02-18 23:34:17 - M5Trainer - INFO -   [k_frac诊断] grad=-1.9283e-01, k_frac=4.797978 mD
2026-02-18 23:34:54 - M5Trainer - INFO - [Step  2600/5000] Stage C | L=1.1557e+04 (IC=1.006e-01, BC=8.505e-02, PDE=1.007e+06, Qg=2.050e-01, Qz=7.051e-04, Sd=1.362e-01, SwB=0.000e+00) | k_frac=4.7794 mD, dp=13.01 MPa | Sw=[0.138,0.638] | 478.6s
2026-02-18 23:35:37 - M5Trainer - INFO - [Step  2700/5000] Stage C | L=1.1800e+04 (IC=8.153e-02, BC=5.224e-02, PDE=9.908e+05, Qg=2.337e-01, Qz=1.710e-03, Sd=2.103e-01, SwB=0.000e+00) | k_frac=4.7714 mD, dp=13.05 MPa | Sw=[0.147,0.657] | 521.6s
2026-02-18 23:36:21 - M5Trainer - INFO - [Step  2800/5000] Stage C | L=1.2801e+04 (IC=6.753e-02, BC=4.970e-02, PDE=1.005e+06, Qg=2.252e-01, Qz=1.814e-03, Sd=1.855e-01, SwB=0.000e+00) | k_frac=4.7521 mD, dp=13.10 MPa | Sw=[0.144,0.608] | 566.3s
2026-02-18 23:36:59 - M5Trainer - INFO - [Step  2900/5000] Stage C | L=1.4083e+04 (IC=1.540e-01, BC=1.304e-01, PDE=1.124e+06, Qg=2.042e-01, Qz=1.132e-03, Sd=1.519e-01, SwB=0.000e+00) | k_frac=4.7375 mD, dp=13.14 MPa | Sw=[0.144,0.638] | 604.0s
2026-02-18 23:37:40 - M5Trainer - INFO -   [Sw约束v9] Sw=[0.141, 0.327, 0.650], 权重=200, 惩罚=0.000000 (低=0.0000, 高=0.0000)
2026-02-18 23:37:41 - M5Trainer - INFO -   [Sw监控] SY9: Sw=[0.4340, 0.5715, 0.6505], krg_min=1.214430e-01
2026-02-18 23:37:41 - M5Trainer - INFO - [Step  3000/5000] Stage C | L=1.2980e+04 (IC=6.896e-02, BC=8.060e-02, PDE=9.793e+05, Qg=2.022e-01, Qz=1.050e-03, Sd=1.196e-01, SwB=0.000e+00) | k_frac=4.7181 mD, dp=13.18 MPa | Sw=[0.143,0.588] | 645.5s
2026-02-18 23:37:41 - M5Trainer - INFO -   [k_frac诊断] grad=-2.6148e-01, k_frac=4.718131 mD
2026-02-18 23:38:29 - M5Trainer - INFO - [Step  3100/5000] Stage C | L=1.2773e+04 (IC=8.216e-02, BC=6.756e-02, PDE=9.581e+05, Qg=2.028e-01, Qz=1.420e-03, Sd=1.524e-01, SwB=0.000e+00) | k_frac=4.7066 mD, dp=13.23 MPa | Sw=[0.142,0.595] | 693.5s
2026-02-18 23:39:13 - M5Trainer - INFO - [Step  3200/5000] Stage C | L=1.5721e+04 (IC=8.806e-02, BC=4.995e-02, PDE=1.054e+06, Qg=2.027e-01, Qz=1.390e-03, Sd=1.280e-01, SwB=0.000e+00) | k_frac=4.6967 mD, dp=13.26 MPa | Sw=[0.142,0.584] | 737.8s
2026-02-18 23:40:04 - M5Trainer - INFO - [Step  3300/5000] Stage C | L=1.0443e+04 (IC=1.630e-01, BC=6.823e-02, PDE=8.594e+05, Qg=2.191e-01, Qz=1.028e-03, Sd=1.374e-01, SwB=0.000e+00) | k_frac=4.6902 mD, dp=13.30 MPa | Sw=[0.143,0.622] | 789.0s
2026-02-18 23:41:01 - M5Trainer - INFO - [Step  3400/5000] Stage C | L=1.1825e+04 (IC=8.375e-02, BC=6.284e-02, PDE=8.672e+05, Qg=1.852e-01, Qz=1.263e-03, Sd=1.471e-01, SwB=0.000e+00) | k_frac=4.6889 mD, dp=13.32 MPa | Sw=[0.142,0.606] | 846.1s
2026-02-18 23:41:53 - M5Trainer - INFO -   [Sw约束v9] Sw=[0.138, 0.323, 0.661], 权重=100, 惩罚=0.000000 (低=0.0000, 高=0.0000)
2026-02-18 23:41:53 - M5Trainer - INFO -   [Sw监控] SY9: Sw=[0.1435, 0.5594, 0.6584], krg_min=1.149304e-01
2026-02-18 23:41:53 - M5Trainer - INFO - [Step  3500/5000] Stage D | L=1.2322e+04 (IC=7.708e-02, BC=9.004e-02, PDE=8.880e+05, Qg=2.101e-01, Qz=1.095e-03, Sd=1.350e-01, SwB=0.000e+00) | k_frac=4.6850 mD, dp=13.35 MPa | Sw=[0.143,0.635] | 897.7s
2026-02-18 23:41:53 - M5Trainer - INFO -   [k_frac诊断] grad=-2.8176e-01, k_frac=4.685012 mD
2026-02-18 23:42:59 - M5Trainer - INFO - [Step  3600/5000] Stage D | L=1.1347e+04 (IC=1.204e-01, BC=6.548e-02, PDE=8.556e+05, Qg=2.065e-01, Qz=1.318e-03, Sd=1.493e-01, SwB=0.000e+00) | k_frac=4.6866 mD, dp=13.36 MPa | Sw=[0.141,0.612] | 963.8s
2026-02-18 23:43:46 - M5Trainer - INFO - [Step  3700/5000] Stage D | L=1.3653e+04 (IC=9.509e-02, BC=6.135e-02, PDE=9.404e+05, Qg=1.849e-01, Qz=1.143e-03, Sd=1.631e-01, SwB=0.000e+00) | k_frac=4.6854 mD, dp=13.36 MPa | Sw=[0.141,0.638] | 1010.6s
2026-02-18 23:44:20 - M5Trainer - INFO - [Step  3800/5000] Stage D | L=1.5670e+04 (IC=8.492e-02, BC=4.845e-02, PDE=1.010e+06, Qg=1.838e-01, Qz=1.066e-03, Sd=1.600e-01, SwB=0.000e+00) | k_frac=4.6851 mD, dp=13.37 MPa | Sw=[0.140,0.639] | 1045.0s
2026-02-18 23:44:46 - M5Trainer - INFO - [Step  3900/5000] Stage D | L=1.3600e+04 (IC=1.143e-01, BC=6.206e-02, PDE=9.560e+05, Qg=1.755e-01, Qz=1.165e-03, Sd=1.661e-01, SwB=0.000e+00) | k_frac=4.6852 mD, dp=13.37 MPa | Sw=[0.141,0.666] | 1071.1s
2026-02-18 23:45:14 - M5Trainer - INFO -   [Sw约束v9] Sw=[0.137, 0.312, 0.664], 权重=100, 惩罚=0.000000 (低=0.0000, 高=0.0000)
2026-02-18 23:45:14 - M5Trainer - INFO -   [Sw监控] SY9: Sw=[0.1391, 0.5568, 0.6640], krg_min=1.103404e-01
2026-02-18 23:45:14 - M5Trainer - INFO - [Step  4000/5000] Stage D | L=1.1265e+04 (IC=1.181e-01, BC=8.363e-02, PDE=8.741e+05, Qg=1.757e-01, Qz=1.181e-03, Sd=1.752e-01, SwB=0.000e+00) | k_frac=4.6858 mD, dp=13.38 MPa | Sw=[0.144,0.614] | 1099.0s
2026-02-18 23:45:14 - M5Trainer - INFO -   [k_frac诊断] grad=-1.1384e-01, k_frac=4.685802 mD
2026-02-18 23:45:41 - M5Trainer - INFO - [Step  4100/5000] Stage D | L=9.8097e+03 (IC=1.456e-01, BC=6.905e-02, PDE=8.093e+05, Qg=1.735e-01, Qz=1.196e-03, Sd=1.818e-01, SwB=0.000e+00) | k_frac=4.6863 mD, dp=13.38 MPa | Sw=[0.137,0.613] | 1125.4s
2026-02-18 23:46:09 - M5Trainer - INFO - [Step  4200/5000] Stage D | L=1.1264e+04 (IC=7.824e-02, BC=6.303e-02, PDE=8.410e+05, Qg=1.740e-01, Qz=1.266e-03, Sd=1.809e-01, SwB=0.000e+00) | k_frac=4.6865 mD, dp=13.38 MPa | Sw=[0.138,0.643] | 1153.5s
2026-02-18 23:46:46 - M5Trainer - INFO - [Step  4300/5000] Stage D | L=9.6168e+03 (IC=9.526e-02, BC=6.208e-02, PDE=7.753e+05, Qg=1.766e-01, Qz=1.286e-03, Sd=1.869e-01, SwB=0.000e+00) | k_frac=4.6870 mD, dp=13.39 MPa | Sw=[0.137,0.646] | 1190.4s
2026-02-18 23:47:12 - M5Trainer - INFO - [Step  4400/5000] Stage D | L=1.0607e+04 (IC=1.460e-01, BC=5.370e-02, PDE=8.412e+05, Qg=1.732e-01, Qz=1.255e-03, Sd=1.901e-01, SwB=0.000e+00) | k_frac=4.6870 mD, dp=13.39 MPa | Sw=[0.136,0.628] | 1216.5s
2026-02-18 23:47:35 - M5Trainer - INFO -   [Sw约束v9] Sw=[0.136, 0.317, 0.667], 权重=100, 惩罚=0.000000 (低=0.0000, 高=0.0000)
2026-02-18 23:47:35 - M5Trainer - INFO -   [Sw监控] SY9: Sw=[0.1389, 0.5601, 0.6687], krg_min=1.066169e-01
2026-02-18 23:47:35 - M5Trainer - INFO - [Step  4500/5000] Stage D | L=9.8730e+03 (IC=1.147e-01, BC=6.799e-02, PDE=8.018e+05, Qg=1.724e-01, Qz=1.238e-03, Sd=1.906e-01, SwB=0.000e+00) | k_frac=4.6874 mD, dp=13.39 MPa | Sw=[0.137,0.618] | 1240.3s
2026-02-18 23:47:35 - M5Trainer - INFO -   [k_frac诊断] grad=-2.2946e-01, k_frac=4.687434 mD
2026-02-18 23:48:01 - M5Trainer - INFO - [Step  4600/5000] Stage D | L=1.1063e+04 (IC=1.073e-01, BC=8.465e-02, PDE=8.652e+05, Qg=1.708e-01, Qz=1.241e-03, Sd=1.941e-01, SwB=0.000e+00) | k_frac=4.6880 mD, dp=13.39 MPa | Sw=[0.142,0.635] | 1265.9s
2026-02-18 23:48:38 - M5Trainer - INFO - [Step  4700/5000] Stage D | L=8.6327e+03 (IC=1.163e-01, BC=9.668e-02, PDE=7.558e+05, Qg=1.710e-01, Qz=1.259e-03, Sd=1.938e-01, SwB=0.000e+00) | k_frac=4.6881 mD, dp=13.39 MPa | Sw=[0.137,0.624] | 1303.1s
2026-02-18 23:49:21 - M5Trainer - INFO - [Step  4800/5000] Stage D | L=9.1198e+03 (IC=9.454e-02, BC=8.323e-02, PDE=7.612e+05, Qg=1.698e-01, Qz=1.253e-03, Sd=1.947e-01, SwB=0.000e+00) | k_frac=4.6882 mD, dp=13.39 MPa | Sw=[0.140,0.635] | 1346.3s
2026-02-18 23:50:03 - M5Trainer - INFO - [Step  4900/5000] Stage D | L=8.2059e+03 (IC=1.168e-01, BC=9.570e-02, PDE=7.296e+05, Qg=1.689e-01, Qz=1.254e-03, Sd=1.950e-01, SwB=0.000e+00) | k_frac=4.6883 mD, dp=13.39 MPa | Sw=[0.141,0.654] | 1387.6s
2026-02-18 23:50:31 - M5Trainer - INFO - [Step  4999/5000] Stage D | L=9.5705e+03 (IC=1.064e-01, BC=8.599e-02, PDE=7.870e+05, Qg=1.689e-01, Qz=1.254e-03, Sd=1.950e-01, SwB=0.000e+00) | k_frac=4.6883 mD, dp=13.39 MPa | Sw=[0.136,0.652] | 1415.6s
2026-02-18 23:50:31 - M5Trainer - INFO - 
M5 训练完成! 耗时: 1415.6s, 最佳验证分数(val_score): 18.7165
2026-02-18 23:50:31 - M5Trainer - INFO - 配置快照已保存: C:\Users\16281\Desktop\cpedc_project\outputs\mk_pinn_dt_v2\M6_ablation\pinn_const_k\resolved_config_m5.json
2026-02-18 23:50:31 - M5Trainer - INFO - 反演参数审计: C:\Users\16281\Desktop\cpedc_project\outputs\mk_pinn_dt_v2\M6_ablation\pinn_const_k\reports\M5_inversion_params.json
2026-02-18 23:50:33 - M5Trainer - INFO -   torch.compile 已跳过 (Triton 不支持 Windows, 使用 eager 模式)
2026-02-18 23:50:33 - M5Trainer - INFO - k_frac 独立参数组: lr=3.00e-03 (factor=3.0)
2026-02-18 23:50:33 - M5Trainer - INFO - k_net 学习率: 1.00e-04 (factor=0.1, warmup=2000 steps)
2026-02-18 23:50:33 - M5Trainer - INFO -   井 SY9: 1332 条同化数据 (train=799, val=266, test=267)
    开井点数 (q>1): train=745, val=88, test=121
    有效压力点: val_p=109, test_p=121
2026-02-18 23:50:33 - M5Trainer - INFO -   train time window(norm): [0.0000, 0.5995]
2026-02-18 23:50:33 - M5Trainer - INFO -   M3 PVT cg(76.0, 140.32) = 0.009744
2026-02-18 23:50:33 - M5Trainer - INFO -   M3 PVT Bg(76.0, 140.32) = 0.002577
2026-02-18 23:50:33 - M5Trainer - INFO -   PDE 缩放: αx=0.029719, αy=0.074361
2026-02-18 23:50:33 - M5Trainer - INFO - M5Trainer 初始化完成: device=cuda, lr=0.001, max_steps=5000, relobralo=True, rar=True
2026-02-18 23:50:33 - M5Trainer - INFO - ============================================================
2026-02-18 23:50:33 - M5Trainer - INFO - M5 PINN 井—藏耦合同化训练开始
2026-02-18 23:50:33 - M5Trainer - INFO - ============================================================
2026-02-18 23:50:33 - M5Trainer - INFO - 训练阶段: A[0-500] B[500-1750] C[1750-3500] D[3500-5000]
2026-02-18 23:50:33 - M5Trainer - INFO -   qg_nearzero 权重: A=3.0, B=6.0->9.0, C=12.0, D=3.0, enable=True
2026-02-18 23:50:33 - M5Trainer - INFO - --- M5 单位/量纲诊断 (train 第 1 步前) ---
2026-02-18 23:50:33 - M5Trainer - INFO -   qg_obs 范围: 0.00e+00 ~ 8.39e+05 m³/d, 均值: 2.97e+05 m³/d
2026-02-18 23:50:33 - M5Trainer - INFO -   qg_pred 范围: 3.90e+05 ~ 3.99e+05
2026-02-18 23:50:33 - M5Trainer - INFO -   p_wf 范围: 7.43e+01 ~ 7.43e+01 MPa
2026-02-18 23:50:33 - M5Trainer - INFO -   p_field @ well: 7.50e+01 MPa
2026-02-18 23:50:33 - M5Trainer - INFO -   k_frac = 5.4020 mD
2026-02-18 23:50:33 - M5Trainer - INFO -   WI_raw = 4.309845e-13 [检查单位]
2026-02-18 23:50:33 - M5Trainer - INFO -   dp_wellbore = 12.00 MPa
2026-02-18 23:50:33 - M5Trainer - INFO -   Bg_ref = 2.576898e-03
2026-02-18 23:50:33 - M5Trainer - INFO -   qg_obs 范围: 0.00e+00 ~ 8.39e+05 m³/d
2026-02-18 23:50:33 - M5Trainer - INFO -   qg_obs 中位数 = 3.07e+05 m³/d
2026-02-18 23:50:33 - M5Trainer - INFO -   ✅ v9: PDE源项已升级为时变 source(x,y,t) = qg_obs(t) * kernel(x,y)
2026-02-18 23:50:33 - M5Trainer - INFO -   ✅ 每个PDE配点使用其时刻对应的真实观测产量（线性插值）
2026-02-18 23:50:34 - M5Trainer - INFO - --- 诊断结束 ---
2026-02-18 23:50:34 - M5Trainer - INFO -   [shape] SY9: qg pred=(1332, 1) vs obs=(1332, 1), p_wf pred=(1332, 1) vs p_obs=(1332, 1)
2026-02-18 23:50:34 - M5Trainer - INFO -   [Sw约束v9] Sw=[0.260, 0.260, 0.260], 权重=500, 惩罚=0.000000 (低=0.0000, 高=0.0000)
2026-02-18 23:50:34 - M5Trainer - INFO -   ✅ k_frac_mD.grad = -6.792066e-03 (PDE梯度贯通)
2026-02-18 23:50:34 - M5Trainer - INFO -   ✅ k_net: 18 组参数收到梯度
2026-02-18 23:50:34 - M5Trainer - INFO -   [梯度验收] SY9: qg_obs range=[0.0, 838700.0]
2026-02-18 23:50:34 - M5Trainer - INFO -   [Sw监控] SY9: Sw=[0.2600, 0.2600, 0.2600], krg_min=6.751000e-01
2026-02-18 23:50:34 - M5Trainer - INFO - [Step     0/5000] Stage A | L=9.7059e+02 (IC=1.000e+00, BC=1.000e+00, PDE=1.611e+06, Qg=2.959e-01, Qz=1.259e-01, Sd=3.631e-01, SwB=0.000e+00) | k_frac=5.4022 mD, dp=12.00 MPa | Sw=[0.260,0.260] | 0.5s
2026-02-18 23:50:34 - M5Trainer - INFO -   [k_frac诊断] grad=-6.7921e-03, k_frac=5.402157 mD
2026-02-18 23:51:10 - M5Trainer - INFO - [Step   100/5000] Stage A | L=5.0613e+02 (IC=8.161e-03, BC=1.060e-02, PDE=1.988e+06, Qg=2.709e-01, Qz=1.267e-01, Sd=6.542e-01, SwB=0.000e+00) | k_frac=5.3985 mD, dp=12.02 MPa | Sw=[0.240,0.286] | 36.6s
2026-02-18 23:51:49 - M5Trainer - INFO -   [梯度验收] SY9: qg_obs range=[0.0, 838700.0]
2026-02-18 23:51:49 - M5Trainer - INFO - [Step   200/5000] Stage A | L=2.3189e+02 (IC=2.976e-02, BC=2.312e-02, PDE=1.738e+06, Qg=3.737e-01, Qz=4.386e-02, Sd=1.010e+01, SwB=0.000e+00) | k_frac=5.1857 mD, dp=12.06 MPa | Sw=[0.151,0.647] | 75.2s
2026-02-18 23:52:35 - M5Trainer - INFO - [Step   300/5000] Stage A | L=4.9437e+02 (IC=7.677e-02, BC=6.033e-02, PDE=1.921e+06, Qg=2.437e-01, Qz=5.937e-02, Sd=1.197e+01, SwB=0.000e+00) | k_frac=5.0639 mD, dp=12.07 MPa | Sw=[0.176,0.485] | 121.8s
2026-02-18 23:53:45 - M5Trainer - INFO -   [梯度验收] SY9: qg_obs range=[0.0, 838700.0]
2026-02-18 23:53:45 - M5Trainer - INFO - [Step   400/5000] Stage A | L=5.8288e+02 (IC=5.100e-02, BC=5.651e-02, PDE=1.873e+06, Qg=2.186e-01, Qz=4.555e-02, Sd=1.969e+01, SwB=0.000e+00) | k_frac=4.9994 mD, dp=12.08 MPa | Sw=[0.160,0.523] | 191.2s
2026-02-18 23:54:38 - M5Trainer - INFO -   [Sw约束v9] Sw=[0.149, 0.289, 0.745], 权重=300, 惩罚=0.000000 (低=0.0000, 高=0.0000)
2026-02-18 23:54:39 - M5Trainer - INFO -   [Sw监控] SY9: Sw=[0.1613, 0.5466, 0.7473], krg_min=5.347541e-02
2026-02-18 23:54:39 - M5Trainer - INFO - [Step   500/5000] Stage B | L=2.3821e+03 (IC=8.683e-02, BC=9.045e-02, PDE=1.582e+06, Qg=2.072e-01, Qz=3.686e-02, Sd=2.273e+01, SwB=0.000e+00) | k_frac=4.9448 mD, dp=12.09 MPa | Sw=[0.152,0.613] | 245.3s
2026-02-18 23:54:39 - M5Trainer - INFO -   [k_frac诊断] grad=-1.9582e-01, k_frac=4.944751 mD
2026-02-18 23:55:55 - M5Trainer - INFO -   [梯度验收] SY9: qg_obs range=[0.0, 838700.0]
2026-02-18 23:55:55 - M5Trainer - INFO - [Step   600/5000] Stage B | L=2.7539e+03 (IC=1.031e-01, BC=1.237e-01, PDE=1.562e+06, Qg=2.173e-01, Qz=1.012e-02, Sd=4.753e-01, SwB=0.000e+00) | k_frac=4.8843 mD, dp=12.19 MPa | Sw=[0.186,0.501] | 321.4s
2026-02-18 23:57:12 - M5Trainer - INFO - [Step   700/5000] Stage B | L=4.3143e+03 (IC=1.032e-01, BC=1.353e-01, PDE=1.877e+06, Qg=2.372e-01, Qz=4.779e-03, Sd=3.974e-01, SwB=0.000e+00) | k_frac=4.7985 mD, dp=12.25 MPa | Sw=[0.167,0.475] | 398.7s
2026-02-18 23:58:40 - M5Trainer - INFO -   [梯度验收] SY9: qg_obs range=[0.0, 838700.0]
2026-02-18 23:58:40 - M5Trainer - INFO - [Step   800/5000] Stage B | L=3.7091e+03 (IC=5.589e-02, BC=4.870e-02, PDE=1.706e+06, Qg=2.146e-01, Qz=3.433e-03, Sd=3.037e-01, SwB=0.000e+00) | k_frac=4.7293 mD, dp=12.30 MPa | Sw=[0.151,0.511] | 486.5s
2026-02-19 00:00:41 - M5Trainer - INFO - [Step   900/5000] Stage B | L=2.7071e+03 (IC=3.143e-01, BC=3.065e-01, PDE=1.452e+06, Qg=2.132e-01, Qz=4.837e-03, Sd=2.476e-01, SwB=0.000e+00) | k_frac=4.6652 mD, dp=12.35 MPa | Sw=[0.157,0.516] | 607.4s
2026-02-19 00:02:27 - M5Trainer - INFO -   [Sw约束v9] Sw=[0.147, 0.281, 0.586], 权重=300, 惩罚=0.000000 (低=0.0000, 高=0.0000)
2026-02-19 00:02:28 - M5Trainer - INFO -   [梯度验收] SY9: qg_obs range=[0.0, 838700.0]
2026-02-19 00:02:28 - M5Trainer - INFO -   [Sw监控] SY9: Sw=[0.1548, 0.4599, 0.6011], krg_min=1.668126e-01
2026-02-19 00:02:28 - M5Trainer - INFO - [Step  1000/5000] Stage B | L=2.9533e+03 (IC=4.026e-02, BC=2.761e-02, PDE=1.347e+06, Qg=2.410e-01, Qz=7.243e-03, Sd=2.508e-01, SwB=0.000e+00) | k_frac=4.6240 mD, dp=12.40 MPa | Sw=[0.157,0.565] | 714.5s
2026-02-19 00:02:28 - M5Trainer - INFO -   [k_frac诊断] grad=3.2934e-01, k_frac=4.623993 mD
2026-02-19 00:04:32 - M5Trainer - INFO - [Step  1100/5000] Stage B | L=3.6159e+03 (IC=3.029e-01, BC=2.816e-01, PDE=1.570e+06, Qg=2.044e-01, Qz=3.717e-03, Sd=2.014e-01, SwB=0.000e+00) | k_frac=4.5555 mD, dp=12.45 MPa | Sw=[0.149,0.571] | 838.5s
2026-02-19 00:06:34 - M5Trainer - INFO -   [梯度验收] SY9: qg_obs range=[0.0, 838700.0]
2026-02-19 00:06:34 - M5Trainer - INFO - [Step  1200/5000] Stage B | L=4.7910e+03 (IC=1.187e-01, BC=6.545e-02, PDE=1.772e+06, Qg=2.369e-01, Qz=9.644e-03, Sd=2.367e-01, SwB=0.000e+00) | k_frac=4.5103 mD, dp=12.50 MPa | Sw=[0.149,0.553] | 960.6s
2026-02-19 00:07:37 - M5Trainer - INFO - [Step  1300/5000] Stage B | L=4.0585e+03 (IC=1.204e-01, BC=1.206e-01, PDE=1.429e+06, Qg=2.176e-01, Qz=9.938e-03, Sd=2.196e-01, SwB=0.000e+00) | k_frac=4.4657 mD, dp=12.56 MPa | Sw=[0.153,0.595] | 1023.2s
2026-02-19 00:09:04 - M5Trainer - INFO -   [梯度验收] SY9: qg_obs range=[0.0, 838700.0]
2026-02-19 00:09:04 - M5Trainer - INFO - [Step  1400/5000] Stage B | L=4.4805e+03 (IC=4.859e-02, BC=4.842e-02, PDE=1.472e+06, Qg=2.367e-01, Qz=3.711e-03, Sd=2.415e-01, SwB=0.000e+00) | k_frac=4.4227 mD, dp=12.61 MPa | Sw=[0.142,0.549] | 1110.6s
2026-02-19 00:10:29 - M5Trainer - INFO -   [Sw约束v9] Sw=[0.144, 0.288, 0.609], 权重=300, 惩罚=0.000000 (低=0.0000, 高=0.0000)
2026-02-19 00:10:29 - M5Trainer - INFO -   [Sw监控] SY9: Sw=[0.3211, 0.5007, 0.6077], krg_min=1.602585e-01
2026-02-19 00:10:29 - M5Trainer - INFO - [Step  1500/5000] Stage B | L=4.3749e+03 (IC=9.265e-02, BC=8.892e-02, PDE=1.447e+06, Qg=2.156e-01, Qz=4.003e-03, Sd=2.024e-01, SwB=0.000e+00) | k_frac=4.3750 mD, dp=12.68 MPa | Sw=[0.148,0.588] | 1195.9s
2026-02-19 00:10:29 - M5Trainer - INFO -   [k_frac诊断] grad=2.5507e-01, k_frac=4.374985 mD
2026-02-19 00:12:06 - M5Trainer - INFO -   [梯度验收] SY9: qg_obs range=[0.0, 838700.0]
2026-02-19 00:12:06 - M5Trainer - INFO - [Step  1600/5000] Stage B | L=4.8140e+03 (IC=4.051e-02, BC=7.149e-02, PDE=1.435e+06, Qg=1.989e-01, Qz=2.412e-03, Sd=1.876e-01, SwB=0.000e+00) | k_frac=4.3376 mD, dp=12.74 MPa | Sw=[0.145,0.587] | 1292.8s
2026-02-19 00:13:27 - M5Trainer - INFO - [Step  1700/5000] Stage B | L=4.5771e+03 (IC=3.091e-02, BC=3.671e-02, PDE=1.373e+06, Qg=2.141e-01, Qz=2.500e-03, Sd=1.754e-01, SwB=0.000e+00) | k_frac=4.3130 mD, dp=12.81 MPa | Sw=[0.142,0.590] | 1373.1s
2026-02-19 00:14:12 - M5Trainer - INFO -   [梯度验收] SY9: qg_obs range=[0.0, 838700.0]
2026-02-19 00:14:12 - M5Trainer - INFO - [Step  1800/5000] Stage C | L=2.4304e+04 (IC=1.764e-01, BC=1.295e-01, PDE=1.505e+06, Qg=2.053e-01, Qz=4.165e-03, Sd=1.614e-01, SwB=0.000e+00) | k_frac=4.2910 mD, dp=12.86 MPa | Sw=[0.151,0.565] | 1418.3s
2026-02-19 10:17:50 - M5Trainer - INFO - [Step  1900/5000] Stage C | L=2.4053e+04 (IC=2.242e-01, BC=2.265e-01, PDE=1.580e+06, Qg=2.594e-01, Qz=2.141e-03, Sd=1.601e-01, SwB=0.000e+00) | k_frac=4.2441 mD, dp=12.91 MPa | Sw=[0.144,0.596] | 37636.7s
2026-02-19 10:18:39 - M5Trainer - INFO -   [Sw约束v9] Sw=[0.137, 0.292, 0.649], 权重=200, 惩罚=0.000000 (低=0.0000, 高=0.0000)
2026-02-19 10:18:39 - M5Trainer - INFO -   [Sw监控] SY9: Sw=[0.1392, 0.5229, 0.6435], krg_min=1.274843e-01
2026-02-19 10:18:39 - M5Trainer - INFO - [Step  2000/5000] Stage C | L=2.3395e+04 (IC=3.245e-01, BC=2.787e-01, PDE=1.613e+06, Qg=3.717e-01, Qz=1.550e-03, Sd=1.150e-01, SwB=0.000e+00) | k_frac=4.1995 mD, dp=12.98 MPa | Sw=[0.139,0.627] | 37685.5s
2026-02-19 10:18:39 - M5Trainer - INFO -   [k_frac诊断] grad=-2.9795e-01, k_frac=4.199544 mD
2026-02-19 10:19:34 - M5Trainer - INFO - [Step  2100/5000] Stage C | L=2.5357e+04 (IC=9.309e-02, BC=9.391e-02, PDE=1.337e+06, Qg=2.425e-01, Qz=3.767e-03, Sd=1.408e-01, SwB=0.000e+00) | k_frac=4.1811 mD, dp=13.03 MPa | Sw=[0.142,0.579] | 37740.8s
2026-02-19 10:20:29 - M5Trainer - INFO - [Step  2200/5000] Stage C | L=3.1268e+04 (IC=5.645e-02, BC=9.280e-02, PDE=1.421e+06, Qg=2.147e-01, Qz=2.839e-03, Sd=1.305e-01, SwB=0.000e+00) | k_frac=4.1438 mD, dp=13.10 MPa | Sw=[0.140,0.579] | 37796.0s
2026-02-19 10:21:24 - M5Trainer - INFO - [Step  2300/5000] Stage C | L=3.3047e+04 (IC=1.428e-01, BC=1.450e-01, PDE=1.531e+06, Qg=2.564e-01, Qz=1.036e-03, Sd=1.584e-01, SwB=0.000e+00) | k_frac=4.1339 mD, dp=13.16 MPa | Sw=[0.135,0.665] | 37850.6s
2026-02-19 10:22:18 - M5Trainer - INFO - [Step  2400/5000] Stage C | L=3.0600e+04 (IC=1.098e-01, BC=1.224e-01, PDE=1.397e+06, Qg=2.179e-01, Qz=1.374e-03, Sd=2.074e-01, SwB=0.000e+00) | k_frac=4.1367 mD, dp=13.21 MPa | Sw=[0.135,0.638] | 37904.5s
2026-02-19 10:23:12 - M5Trainer - INFO -   [Sw约束v9] Sw=[0.134, 0.257, 0.673], 权重=200, 惩罚=0.000000 (低=0.0000, 高=0.0000)
2026-02-19 10:23:12 - M5Trainer - INFO -   [Sw监控] SY9: Sw=[0.1367, 0.4768, 0.6719], krg_min=1.040526e-01
2026-02-19 10:23:12 - M5Trainer - INFO - [Step  2500/5000] Stage C | L=3.0702e+04 (IC=1.053e-01, BC=1.088e-01, PDE=1.325e+06, Qg=2.287e-01, Qz=1.327e-03, Sd=1.966e-01, SwB=0.000e+00) | k_frac=4.1174 mD, dp=13.27 MPa | Sw=[0.135,0.607] | 37959.0s
2026-02-19 10:23:12 - M5Trainer - INFO -   [k_frac诊断] grad=-8.0041e-02, k_frac=4.117416 mD
2026-02-19 10:24:06 - M5Trainer - INFO - [Step  2600/5000] Stage C | L=2.8920e+04 (IC=1.756e-01, BC=2.029e-01, PDE=1.310e+06, Qg=1.908e-01, Qz=1.365e-03, Sd=1.446e-01, SwB=0.000e+00) | k_frac=4.0942 mD, dp=13.32 MPa | Sw=[0.136,0.552] | 38012.3s
2026-02-19 10:25:00 - M5Trainer - INFO - [Step  2700/5000] Stage C | L=3.0090e+04 (IC=1.002e-01, BC=1.507e-01, PDE=1.288e+06, Qg=2.426e-01, Qz=7.510e-04, Sd=1.237e-01, SwB=0.000e+00) | k_frac=4.0822 mD, dp=13.37 MPa | Sw=[0.134,0.671] | 38066.1s
2026-02-19 10:25:53 - M5Trainer - INFO - [Step  2800/5000] Stage C | L=2.9053e+04 (IC=1.227e-01, BC=1.324e-01, PDE=1.297e+06, Qg=2.311e-01, Qz=2.613e-03, Sd=2.075e-01, SwB=0.000e+00) | k_frac=4.0916 mD, dp=13.41 MPa | Sw=[0.138,0.587] | 38119.6s
2026-02-19 10:26:47 - M5Trainer - INFO - [Step  2900/5000] Stage C | L=4.1714e+04 (IC=1.010e-01, BC=1.071e-01, PDE=1.476e+06, Qg=2.267e-01, Qz=1.913e-03, Sd=1.596e-01, SwB=0.000e+00) | k_frac=4.0868 mD, dp=13.46 MPa | Sw=[0.137,0.619] | 38173.1s
2026-02-19 10:27:40 - M5Trainer - INFO -   [Sw约束v9] Sw=[0.135, 0.242, 0.652], 权重=200, 惩罚=0.000000 (低=0.0000, 高=0.0000)
2026-02-19 10:27:40 - M5Trainer - INFO -   [Sw监控] SY9: Sw=[0.1382, 0.4431, 0.6480], krg_min=1.236276e-01
2026-02-19 10:27:40 - M5Trainer - INFO - [Step  3000/5000] Stage C | L=3.0079e+04 (IC=9.382e-02, BC=1.062e-01, PDE=1.216e+06, Qg=2.329e-01, Qz=6.251e-03, Sd=1.747e-01, SwB=0.000e+00) | k_frac=4.0940 mD, dp=13.50 MPa | Sw=[0.137,0.604] | 38226.7s
2026-02-19 10:27:40 - M5Trainer - INFO -   [k_frac诊断] grad=2.3067e-01, k_frac=4.093952 mD
2026-02-19 11:13:34 - M5Trainer - INFO - [Step  3100/5000] Stage C | L=2.8330e+04 (IC=8.698e-02, BC=9.077e-02, PDE=1.187e+06, Qg=2.216e-01, Qz=2.326e-03, Sd=2.078e-01, SwB=0.000e+00) | k_frac=4.0965 mD, dp=13.54 MPa | Sw=[0.133,0.607] | 40980.5s
2026-02-19 11:14:24 - M5Trainer - INFO - [Step  3200/5000] Stage C | L=4.0004e+04 (IC=9.701e-02, BC=9.667e-02, PDE=1.325e+06, Qg=2.127e-01, Qz=1.764e-03, Sd=1.719e-01, SwB=0.000e+00) | k_frac=4.0946 mD, dp=13.58 MPa | Sw=[0.134,0.619] | 41030.3s
2026-02-19 11:15:12 - M5Trainer - INFO - [Step  3300/5000] Stage C | L=2.8780e+04 (IC=9.082e-02, BC=5.254e-02, PDE=1.062e+06, Qg=2.183e-01, Qz=1.959e-03, Sd=1.596e-01, SwB=0.000e+00) | k_frac=4.1040 mD, dp=13.60 MPa | Sw=[0.134,0.658] | 41078.6s
2026-02-19 11:15:48 - M5Trainer - INFO - [Step  3400/5000] Stage C | L=3.0385e+04 (IC=7.706e-02, BC=6.518e-02, PDE=1.079e+06, Qg=2.202e-01, Qz=1.743e-03, Sd=1.769e-01, SwB=0.000e+00) | k_frac=4.1103 mD, dp=13.62 MPa | Sw=[0.136,0.642] | 41114.7s
2026-02-19 11:16:24 - M5Trainer - INFO -   [Sw约束v9] Sw=[0.134, 0.231, 0.673], 权重=100, 惩罚=0.000000 (低=0.0000, 高=0.0000)
2026-02-19 11:16:24 - M5Trainer - INFO -   [Sw监控] SY9: Sw=[0.1365, 0.4318, 0.6676], krg_min=1.074486e-01
2026-02-19 11:16:24 - M5Trainer - INFO - [Step  3500/5000] Stage D | L=3.2278e+04 (IC=5.966e-02, BC=6.198e-02, PDE=1.093e+06, Qg=2.150e-01, Qz=1.374e-03, Sd=1.654e-01, SwB=0.000e+00) | k_frac=4.1176 mD, dp=13.64 MPa | Sw=[0.135,0.619] | 41150.9s
2026-02-19 11:16:24 - M5Trainer - INFO -   [k_frac诊断] grad=2.4225e-01, k_frac=4.117591 mD
2026-02-19 11:17:01 - M5Trainer - INFO - [Step  3600/5000] Stage D | L=2.8726e+04 (IC=7.624e-02, BC=8.113e-02, PDE=1.043e+06, Qg=1.976e-01, Qz=1.284e-03, Sd=1.645e-01, SwB=0.000e+00) | k_frac=4.1183 mD, dp=13.65 MPa | Sw=[0.136,0.625] | 41187.4s
2026-02-19 11:17:37 - M5Trainer - INFO - [Step  3700/5000] Stage D | L=3.3062e+04 (IC=7.816e-02, BC=6.975e-02, PDE=1.150e+06, Qg=1.989e-01, Qz=1.202e-03, Sd=1.952e-01, SwB=0.000e+00) | k_frac=4.1232 mD, dp=13.65 MPa | Sw=[0.134,0.676] | 41223.9s
2026-02-19 11:18:14 - M5Trainer - INFO - [Step  3800/5000] Stage D | L=3.7705e+04 (IC=8.235e-02, BC=7.885e-02, PDE=1.262e+06, Qg=1.969e-01, Qz=1.087e-03, Sd=2.003e-01, SwB=0.000e+00) | k_frac=4.1235 mD, dp=13.66 MPa | Sw=[0.134,0.600] | 41260.9s
2026-02-19 11:18:51 - M5Trainer - INFO - [Step  3900/5000] Stage D | L=3.4082e+04 (IC=9.211e-02, BC=6.834e-02, PDE=1.198e+06, Qg=1.928e-01, Qz=1.018e-03, Sd=2.082e-01, SwB=0.000e+00) | k_frac=4.1250 mD, dp=13.66 MPa | Sw=[0.133,0.686] | 41297.5s
2026-02-19 11:19:28 - M5Trainer - INFO -   [Sw约束v9] Sw=[0.133, 0.240, 0.693], 权重=100, 惩罚=0.000000 (低=0.0000, 高=0.0000)
2026-02-19 11:19:28 - M5Trainer - INFO -   [Sw监控] SY9: Sw=[0.1341, 0.4580, 0.6860], krg_min=9.335380e-02
2026-02-19 11:19:28 - M5Trainer - INFO - [Step  4000/5000] Stage D | L=2.9701e+04 (IC=7.963e-02, BC=7.886e-02, PDE=1.102e+06, Qg=1.968e-01, Qz=9.210e-04, Sd=2.030e-01, SwB=0.000e+00) | k_frac=4.1255 mD, dp=13.67 MPa | Sw=[0.133,0.680] | 41334.4s
2026-02-19 11:19:28 - M5Trainer - INFO -   [k_frac诊断] grad=-2.6211e-01, k_frac=4.125533 mD
2026-02-19 11:20:05 - M5Trainer - INFO - [Step  4100/5000] Stage D | L=2.4280e+04 (IC=1.141e-01, BC=6.271e-02, PDE=9.914e+05, Qg=1.943e-01, Qz=9.116e-04, Sd=2.111e-01, SwB=0.000e+00) | k_frac=4.1267 mD, dp=13.67 MPa | Sw=[0.133,0.655] | 41371.7s
2026-02-19 11:20:42 - M5Trainer - INFO - [Step  4200/5000] Stage D | L=2.7011e+04 (IC=7.428e-02, BC=5.284e-02, PDE=1.032e+06, Qg=1.961e-01, Qz=8.954e-04, Sd=2.130e-01, SwB=0.000e+00) | k_frac=4.1274 mD, dp=13.67 MPa | Sw=[0.132,0.681] | 41408.8s
2026-02-19 11:21:20 - M5Trainer - INFO - [Step  4300/5000] Stage D | L=2.1575e+04 (IC=7.772e-02, BC=6.420e-02, PDE=9.345e+05, Qg=1.971e-01, Qz=8.724e-04, Sd=2.168e-01, SwB=0.000e+00) | k_frac=4.1281 mD, dp=13.67 MPa | Sw=[0.133,0.692] | 41446.1s
2026-02-19 11:21:57 - M5Trainer - INFO - [Step  4400/5000] Stage D | L=2.5755e+04 (IC=8.386e-02, BC=7.084e-02, PDE=1.042e+06, Qg=1.940e-01, Qz=8.612e-04, Sd=2.171e-01, SwB=0.000e+00) | k_frac=4.1284 mD, dp=13.67 MPa | Sw=[0.133,0.653] | 41483.5s
2026-02-19 11:22:34 - M5Trainer - INFO -   [Sw约束v9] Sw=[0.132, 0.241, 0.704], 权重=100, 惩罚=0.000000 (低=0.0000, 高=0.0000)
2026-02-19 11:22:34 - M5Trainer - INFO -   [Sw监控] SY9: Sw=[0.1339, 0.4657, 0.6916], krg_min=8.924603e-02
2026-02-19 11:22:34 - M5Trainer - INFO - [Step  4500/5000] Stage D | L=2.2714e+04 (IC=8.068e-02, BC=8.219e-02, PDE=9.752e+05, Qg=1.950e-01, Qz=8.519e-04, Sd=2.180e-01, SwB=0.000e+00) | k_frac=4.1285 mD, dp=13.67 MPa | Sw=[0.133,0.678] | 41520.9s
2026-02-19 11:22:34 - M5Trainer - INFO -   [k_frac诊断] grad=-1.5942e-01, k_frac=4.128547 mD
2026-02-19 11:23:13 - M5Trainer - INFO - [Step  4600/5000] Stage D | L=2.5000e+04 (IC=8.821e-02, BC=9.285e-02, PDE=1.056e+06, Qg=1.954e-01, Qz=8.635e-04, Sd=2.177e-01, SwB=0.000e+00) | k_frac=4.1287 mD, dp=13.67 MPa | Sw=[0.133,0.689] | 41560.0s
2026-02-19 11:23:52 - M5Trainer - INFO - [Step  4700/5000] Stage D | L=2.0043e+04 (IC=8.052e-02, BC=8.882e-02, PDE=9.166e+05, Qg=1.950e-01, Qz=8.622e-04, Sd=2.178e-01, SwB=0.000e+00) | k_frac=4.1286 mD, dp=13.67 MPa | Sw=[0.133,0.694] | 41598.6s
2026-02-19 11:24:31 - M5Trainer - INFO - [Step  4800/5000] Stage D | L=2.1040e+04 (IC=7.353e-02, BC=7.841e-02, PDE=9.281e+05, Qg=1.945e-01, Qz=8.578e-04, Sd=2.165e-01, SwB=0.000e+00) | k_frac=4.1286 mD, dp=13.67 MPa | Sw=[0.133,0.678] | 41637.7s
2026-02-19 11:25:09 - M5Trainer - INFO - [Step  4900/5000] Stage D | L=1.9094e+04 (IC=8.148e-02, BC=7.744e-02, PDE=8.796e+05, Qg=1.940e-01, Qz=8.591e-04, Sd=2.161e-01, SwB=0.000e+00) | k_frac=4.1286 mD, dp=13.67 MPa | Sw=[0.133,0.703] | 41675.3s
2026-02-19 11:25:46 - M5Trainer - INFO - [Step  4999/5000] Stage D | L=2.1960e+04 (IC=8.315e-02, BC=8.605e-02, PDE=9.608e+05, Qg=1.936e-01, Qz=8.595e-04, Sd=2.164e-01, SwB=0.000e+00) | k_frac=4.1286 mD, dp=13.67 MPa | Sw=[0.133,0.693] | 41712.9s
2026-02-19 11:25:46 - M5Trainer - INFO - 
M5 训练完成! 耗时: 41712.9s, 最佳验证分数(val_score): 17.5722
2026-02-19 11:25:46 - M5Trainer - INFO - 配置快照已保存: C:\Users\16281\Desktop\cpedc_project\outputs\mk_pinn_dt_v2\M6_ablation\pinn_knet\resolved_config_m5.json
2026-02-19 11:25:46 - M5Trainer - INFO - 反演参数审计: C:\Users\16281\Desktop\cpedc_project\outputs\mk_pinn_dt_v2\M6_ablation\pinn_knet\reports\M5_inversion_params.json
