2026-02-12 16:42:21 - M5Trainer - INFO -   torch.compile 已跳过 (Triton 不支持 Windows, 使用 eager 模式)
2026-02-12 16:42:22 - M5Trainer - INFO - k_net 学习率: 3.00e-04 (factor=0.3, warmup=2000 steps)
2026-02-12 16:42:22 - M5Trainer - INFO -   井 SY9: 1025 条同化数据
2026-02-12 16:42:22 - M5Trainer - INFO -   M3 PVT cg(76.0, 140.32) = 0.009744
2026-02-12 16:42:22 - M5Trainer - INFO -   M3 PVT Bg(76.0, 140.32) = 0.002577
2026-02-12 16:42:22 - M5Trainer - INFO -   PDE 缩放: αx=0.029719, αy=0.074361
2026-02-12 16:42:22 - M5Trainer - INFO - M5Trainer 初始化完成: device=cuda, lr=0.001, max_steps=50000, relobralo=True, rar=True
2026-02-12 16:42:22 - M5Trainer - INFO - ============================================================
2026-02-12 16:42:22 - M5Trainer - INFO - M5 PINN 井—藏耦合同化训练开始
2026-02-12 16:42:22 - M5Trainer - INFO - ============================================================
2026-02-12 16:42:22 - M5Trainer - INFO - 训练阶段: A[0-7500] B[7500-20000] C[20000-35000] D[35000-50000]
2026-02-12 16:42:22 - M5Trainer - INFO - --- M5 单位/量纲诊断 (train 第 1 步前) ---
2026-02-12 16:42:22 - M5Trainer - INFO -   qg_obs 范围: 0.00e+00 ~ 8.39e+05 m³/d, 均值: 3.86e+05 m³/d
2026-02-12 16:42:22 - M5Trainer - INFO -   qg_pred 范围: 4.12e+06 ~ 4.27e+06
2026-02-12 16:42:22 - M5Trainer - INFO -   p_wf 范围: 4.47e+01 ~ 4.50e+01 MPa
2026-02-12 16:42:22 - M5Trainer - INFO -   p_field @ well: 5.25e+01 MPa
2026-02-12 16:42:22 - M5Trainer - INFO -   k_eff = 0.1460 mD, f_frac = 37.00
2026-02-12 16:42:22 - M5Trainer - INFO -   WI_raw = 4.309845e-13 [检查单位]
2026-02-12 16:42:22 - M5Trainer - INFO -   dp_wellbore = 5.00 MPa
2026-02-12 16:42:22 - M5Trainer - INFO -   Bg_ref = 2.576898e-03
2026-02-12 16:42:22 - M5Trainer - INFO - --- 诊断结束 ---
2026-02-12 16:42:23 - M5Trainer - INFO -   ✅ k_eff_mD.grad = 5.920414e-16 (PDE梯度贯通)
2026-02-12 16:42:23 - M5Trainer - INFO -   ✅ k_net: 18 组参数收到梯度
2026-02-12 16:42:23 - M5Trainer - INFO -   ✅ f_frac.grad = 3.051004e-04
2026-02-12 16:42:23 - M5Trainer - INFO -   [梯度验收] SY9: qg_obs range=[0.0, 838700.0]
2026-02-12 16:42:23 - M5Trainer - INFO -   [Sw监控] SY9: Sw=[0.2600, 0.2600, 0.2600], krg_min=6.751000e-01
2026-02-12 16:42:23 - M5Trainer - INFO - [Step     0/50000] Stage A | L=1.3902e+04 (IC=5.522e+02, BC=5.522e+02, PDE=1.580e+01, Qg=9.526e+01, SwB=0.000e+00) | k=0.15 mD, f=37.0 | Sw=[0.260,0.260] | 0.7s
2026-02-12 16:42:37 - M5Trainer - INFO - [Step   100/50000] Stage A | L=9.5183e+00 (IC=1.990e-01, BC=1.763e-01, PDE=2.074e+01, Qg=3.766e+00, SwB=7.623e-03) | k=0.15 mD, f=37.0 | Sw=[0.077,0.607] | 14.6s
2026-02-12 16:42:51 - M5Trainer - INFO -   [梯度验收] SY9: qg_obs range=[0.0, 838700.0]
2026-02-12 16:42:51 - M5Trainer - INFO - [Step   200/50000] Stage A | L=4.2226e-01 (IC=1.869e-02, BC=5.850e-03, PDE=1.831e+01, Qg=2.356e-01, SwB=4.394e-03) | k=0.15 mD, f=37.0 | Sw=[0.113,0.710] | 29.3s
2026-02-12 16:43:07 - M5Trainer - INFO - [Step   300/50000] Stage A | L=9.2774e-01 (IC=3.366e-01, BC=1.023e-01, PDE=1.924e+01, Qg=1.284e+00, SwB=1.800e-02) | k=0.15 mD, f=37.0 | Sw=[0.125,0.772] | 44.9s
2026-02-12 16:43:22 - M5Trainer - INFO -   [梯度验收] SY9: qg_obs range=[0.0, 838700.0]
2026-02-12 16:43:22 - M5Trainer - INFO - [Step   400/50000] Stage A | L=9.0048e-01 (IC=8.499e-01, BC=5.133e-01, PDE=1.917e+01, Qg=1.139e+00, SwB=1.318e-02) | k=0.15 mD, f=37.0 | Sw=[0.050,0.763] | 60.3s
2026-02-12 16:43:38 - M5Trainer - INFO -   [Sw监控] SY9: Sw=[0.5300, 0.6269, 0.8653], krg_min=7.871271e-03
2026-02-12 16:43:38 - M5Trainer - INFO - [Step   500/50000] Stage A | L=4.1652e-01 (IC=8.609e-02, BC=5.206e-02, PDE=1.671e+01, Qg=9.933e-01, SwB=9.057e-04) | k=0.15 mD, f=36.9 | Sw=[0.082,0.622] | 76.0s
2026-02-12 16:43:53 - M5Trainer - INFO -   [梯度验收] SY9: qg_obs range=[0.0, 838700.0]
2026-02-12 16:43:53 - M5Trainer - INFO - [Step   600/50000] Stage A | L=7.7177e-01 (IC=1.329e-01, BC=4.244e-02, PDE=1.791e+01, Qg=1.320e+00, SwB=1.410e-02) | k=0.15 mD, f=36.9 | Sw=[0.191,0.759] | 91.5s
2026-02-12 16:44:09 - M5Trainer - INFO - [Step   700/50000] Stage A | L=7.9193e-01 (IC=1.748e-01, BC=6.690e-01, PDE=1.935e+01, Qg=1.302e+00, SwB=1.398e-02) | k=0.15 mD, f=36.9 | Sw=[0.057,0.883] | 106.9s
2026-02-12 16:44:24 - M5Trainer - INFO -   [梯度验收] SY9: qg_obs range=[0.0, 838700.0]
2026-02-12 16:44:24 - M5Trainer - INFO - [Step   800/50000] Stage A | L=1.2577e+00 (IC=2.609e-01, BC=5.749e-01, PDE=1.800e+01, Qg=2.706e+00, SwB=2.433e-02) | k=0.15 mD, f=36.8 | Sw=[0.130,0.896] | 122.2s
2026-02-12 16:44:39 - M5Trainer - INFO - [Step   900/50000] Stage A | L=1.3008e+00 (IC=2.298e-01, BC=9.839e-02, PDE=1.076e+01, Qg=1.345e+00, SwB=4.950e-02) | k=0.15 mD, f=36.7 | Sw=[0.169,0.747] | 137.3s
2026-02-12 16:44:55 - M5Trainer - INFO -   [梯度验收] SY9: qg_obs range=[0.0, 838700.0]
2026-02-12 16:44:55 - M5Trainer - INFO -   [Sw监控] SY9: Sw=[0.8721, 0.8912, 0.8989], krg_min=2.343109e-03
2026-02-12 16:44:55 - M5Trainer - INFO - [Step  1000/50000] Stage A | L=1.4580e+00 (IC=1.645e-01, BC=1.976e-01, PDE=1.468e+01, Qg=1.346e+00, SwB=4.724e-02) | k=0.15 mD, f=36.6 | Sw=[0.170,0.664] | 153.3s
2026-02-12 16:45:11 - M5Trainer - INFO - [Step  1100/50000] Stage A | L=5.2880e-01 (IC=7.165e-02, BC=2.127e-02, PDE=1.198e+01, Qg=1.352e+00, SwB=8.082e-03) | k=0.15 mD, f=36.5 | Sw=[0.207,0.374] | 169.2s
2026-02-12 16:45:27 - M5Trainer - INFO -   [梯度验收] SY9: qg_obs range=[0.0, 838700.0]
2026-02-12 16:45:27 - M5Trainer - INFO - [Step  1200/50000] Stage A | L=9.5041e-01 (IC=2.632e-01, BC=3.308e-01, PDE=1.519e+01, Qg=1.332e+00, SwB=2.327e-02) | k=0.15 mD, f=36.5 | Sw=[0.259,0.896] | 185.0s
2026-02-12 16:45:43 - M5Trainer - INFO - [Step  1300/50000] Stage A | L=6.2445e-01 (IC=1.810e-01, BC=6.398e-02, PDE=1.224e+01, Qg=1.341e+00, SwB=1.240e-02) | k=0.15 mD, f=36.4 | Sw=[0.126,0.781] | 200.8s
2026-02-12 16:45:59 - M5Trainer - INFO -   [梯度验收] SY9: qg_obs range=[0.0, 838700.0]
2026-02-12 16:45:59 - M5Trainer - INFO - [Step  1400/50000] Stage A | L=5.5430e-01 (IC=4.158e-01, BC=3.435e-01, PDE=1.150e+01, Qg=1.388e+00, SwB=2.347e-03) | k=0.15 mD, f=36.3 | Sw=[0.244,0.694] | 216.7s
2026-02-12 16:46:14 - M5Trainer - INFO -   [Sw监控] SY9: Sw=[0.0706, 0.1582, 0.6689], krg_min=1.064200e-01
2026-02-12 16:46:14 - M5Trainer - INFO - [Step  1500/50000] Stage A | L=7.4389e-01 (IC=1.109e+00, BC=1.001e+00, PDE=1.156e+01, Qg=1.040e+00, SwB=1.540e-03) | k=0.15 mD, f=36.3 | Sw=[0.075,0.220] | 232.4s
2026-02-12 16:46:30 - M5Trainer - INFO -   [梯度验收] SY9: qg_obs range=[0.0, 838700.0]
2026-02-12 16:46:30 - M5Trainer - INFO - [Step  1600/50000] Stage A | L=4.5317e-01 (IC=2.620e-01, BC=2.224e-01, PDE=9.420e+00, Qg=1.330e+00, SwB=1.952e-03) | k=0.15 mD, f=36.2 | Sw=[0.217,0.729] | 248.1s
2026-02-12 16:46:46 - M5Trainer - INFO - [Step  1700/50000] Stage A | L=6.7929e-01 (IC=5.460e-01, BC=8.716e-01, PDE=1.205e+01, Qg=1.365e+00, SwB=3.824e-03) | k=0.15 mD, f=36.1 | Sw=[0.243,0.411] | 264.1s
2026-02-12 16:47:02 - M5Trainer - INFO -   [梯度验收] SY9: qg_obs range=[0.0, 838700.0]
2026-02-12 16:47:02 - M5Trainer - INFO - [Step  1800/50000] Stage A | L=8.6789e-01 (IC=1.150e-01, BC=3.601e-02, PDE=1.243e+01, Qg=1.338e+00, SwB=1.428e-02) | k=0.15 mD, f=36.1 | Sw=[0.111,0.578] | 280.2s
2026-02-12 16:47:18 - M5Trainer - INFO - [Step  1900/50000] Stage A | L=3.6436e-01 (IC=1.001e-02, BC=1.770e-02, PDE=7.531e+00, Qg=1.334e+00, SwB=8.277e-04) | k=0.15 mD, f=36.0 | Sw=[0.232,0.375] | 295.9s
2026-02-12 16:47:34 - M5Trainer - INFO -   [Sw监控] SY9: Sw=[0.3429, 0.6627, 0.8985], krg_min=2.388407e-03
2026-02-12 16:47:34 - M5Trainer - INFO - [Step  2000/50000] Stage A | L=3.5457e-01 (IC=3.452e-01, BC=3.729e-01, PDE=1.088e+01, Qg=1.417e+00, SwB=4.196e-04) | k=0.15 mD, f=36.0 | Sw=[0.152,0.807] | 311.8s
2026-02-12 16:47:49 - M5Trainer - INFO - [Step  2100/50000] Stage A | L=2.5156e-01 (IC=7.684e-02, BC=2.226e-02, PDE=3.146e+00, Qg=1.334e+00, SwB=2.966e-04) | k=0.15 mD, f=35.9 | Sw=[0.217,0.295] | 327.4s
2026-02-12 16:48:05 - M5Trainer - INFO - [Step  2200/50000] Stage A | L=2.1961e-01 (IC=7.917e-02, BC=7.474e-02, PDE=2.478e+00, Qg=1.333e+00, SwB=6.910e-05) | k=0.15 mD, f=35.8 | Sw=[0.246,0.361] | 342.8s
2026-02-12 16:48:20 - M5Trainer - INFO - [Step  2300/50000] Stage A | L=3.7929e-01 (IC=3.057e-01, BC=3.766e-01, PDE=5.876e+00, Qg=1.340e+00, SwB=2.277e-03) | k=0.15 mD, f=35.7 | Sw=[0.031,0.167] | 358.5s
2026-02-12 16:48:36 - M5Trainer - INFO - [Step  2400/50000] Stage A | L=3.2172e-01 (IC=1.284e-01, BC=1.345e-01, PDE=4.919e+00, Qg=1.334e+00, SwB=5.975e-04) | k=0.15 mD, f=35.7 | Sw=[0.328,0.354] | 373.8s
2026-02-12 16:48:51 - M5Trainer - INFO -   [Sw监控] SY9: Sw=[0.2597, 0.2614, 0.2694], krg_min=6.564672e-01
2026-02-12 16:48:51 - M5Trainer - INFO - [Step  2500/50000] Stage A | L=3.2545e-01 (IC=7.790e-02, BC=6.050e-02, PDE=3.374e+00, Qg=1.337e+00, SwB=4.261e-07) | k=0.15 mD, f=35.6 | Sw=[0.251,0.265] | 389.4s
2026-02-12 16:49:07 - M5Trainer - INFO - [Step  2600/50000] Stage A | L=5.5209e-01 (IC=3.637e-01, BC=1.032e-01, PDE=7.396e+00, Qg=1.340e+00, SwB=2.088e-04) | k=0.15 mD, f=35.6 | Sw=[0.286,0.308] | 405.1s
2026-02-12 16:49:23 - M5Trainer - INFO - [Step  2700/50000] Stage A | L=4.0168e-01 (IC=1.071e-01, BC=9.486e-02, PDE=1.952e+00, Qg=1.338e+00, SwB=9.303e-06) | k=0.15 mD, f=35.5 | Sw=[0.272,0.274] | 421.0s
2026-02-12 16:49:39 - M5Trainer - INFO - [Step  2800/50000] Stage A | L=4.5566e-01 (IC=9.101e-03, BC=5.253e-03, PDE=1.645e+00, Qg=1.338e+00, SwB=8.502e-07) | k=0.15 mD, f=35.5 | Sw=[0.261,0.265] | 436.9s
2026-02-12 16:49:55 - M5Trainer - INFO - [Step  2900/50000] Stage A | L=2.0269e+00 (IC=9.835e-01, BC=9.618e-01, PDE=2.272e+00, Qg=1.336e+00, SwB=2.921e-05) | k=0.15 mD, f=35.5 | Sw=[0.276,0.289] | 453.3s
2026-02-12 16:50:11 - M5Trainer - INFO -   [Sw监控] SY9: Sw=[0.2458, 0.2483, 0.2518], krg_min=6.751000e-01
2026-02-12 16:50:11 - M5Trainer - INFO - [Step  3000/50000] Stage A | L=6.1378e-01 (IC=1.560e-01, BC=1.215e-01, PDE=4.917e+00, Qg=1.340e+00, SwB=9.144e-06) | k=0.15 mD, f=35.4 | Sw=[0.247,0.253] | 469.1s
2026-02-12 16:50:27 - M5Trainer - INFO - [Step  3100/50000] Stage A | L=6.7820e-01 (IC=2.103e-02, BC=1.670e-02, PDE=1.391e+00, Qg=1.336e+00, SwB=9.455e-06) | k=0.15 mD, f=35.4 | Sw=[0.244,0.249] | 485.0s
2026-02-12 16:50:43 - M5Trainer - INFO - [Step  3200/50000] Stage A | L=7.3300e-01 (IC=1.550e-02, BC=3.299e-03, PDE=1.619e+00, Qg=1.337e+00, SwB=1.780e-05) | k=0.15 mD, f=35.4 | Sw=[0.246,0.250] | 500.8s
2026-02-12 16:50:59 - M5Trainer - INFO - [Step  3300/50000] Stage A | L=8.4493e-01 (IC=1.697e-02, BC=9.538e-03, PDE=1.159e+00, Qg=1.337e+00, SwB=1.204e-05) | k=0.15 mD, f=35.4 | Sw=[0.239,0.272] | 517.3s
2026-02-12 16:51:16 - M5Trainer - INFO - [Step  3400/50000] Stage A | L=8.4962e-01 (IC=8.367e-02, BC=7.352e-02, PDE=1.178e+00, Qg=1.337e+00, SwB=1.077e-05) | k=0.15 mD, f=35.3 | Sw=[0.250,0.252] | 534.3s
2026-02-12 16:51:33 - M5Trainer - INFO -   [Sw监控] SY9: Sw=[0.2492, 0.2511, 0.2523], krg_min=6.751000e-01
2026-02-12 16:51:33 - M5Trainer - INFO - [Step  3500/50000] Stage A | L=9.2855e-01 (IC=1.233e-02, BC=1.108e-02, PDE=1.508e+00, Qg=1.337e+00, SwB=1.292e-05) | k=0.15 mD, f=35.3 | Sw=[0.250,0.252] | 551.2s
2026-02-12 16:51:51 - M5Trainer - INFO - [Step  3600/50000] Stage A | L=1.0122e+00 (IC=2.840e-02, BC=2.124e-02, PDE=1.177e+00, Qg=1.336e+00, SwB=1.029e-05) | k=0.15 mD, f=35.3 | Sw=[0.247,0.251] | 568.9s
2026-02-12 16:52:08 - M5Trainer - INFO - [Step  3700/50000] Stage A | L=1.1426e+01 (IC=1.772e+00, BC=1.739e+00, PDE=2.456e+00, Qg=1.332e+00, SwB=7.230e-06) | k=0.15 mD, f=35.2 | Sw=[0.250,0.255] | 586.4s
2026-02-12 16:52:26 - M5Trainer - INFO - [Step  3800/50000] Stage A | L=1.1423e+00 (IC=1.537e-01, BC=1.696e-01, PDE=3.427e+00, Qg=1.337e+00, SwB=8.127e-05) | k=0.15 mD, f=35.2 | Sw=[0.215,0.260] | 603.7s
2026-02-12 16:52:43 - M5Trainer - INFO - [Step  3900/50000] Stage A | L=1.1781e+00 (IC=6.359e-02, BC=6.392e-02, PDE=1.676e+00, Qg=1.334e+00, SwB=4.403e-06) | k=0.15 mD, f=35.2 | Sw=[0.252,0.254] | 621.3s
2026-02-12 16:53:00 - M5Trainer - INFO -   [Sw监控] SY9: Sw=[0.2470, 0.2478, 0.2500], krg_min=6.751000e-01
2026-02-12 16:53:00 - M5Trainer - INFO - [Step  4000/50000] Stage A | L=1.2704e+00 (IC=2.412e-03, BC=1.380e-03, PDE=1.062e+00, Qg=1.335e+00, SwB=9.311e-06) | k=0.15 mD, f=35.2 | Sw=[0.247,0.253] | 638.4s
2026-02-12 16:53:18 - M5Trainer - INFO - [Step  4100/50000] Stage A | L=1.2798e+00 (IC=2.043e-01, BC=1.667e-01, PDE=3.900e+00, Qg=1.324e+00, SwB=2.736e-05) | k=0.15 mD, f=35.1 | Sw=[0.282,0.286] | 656.0s
2026-02-12 16:53:36 - M5Trainer - INFO - [Step  4200/50000] Stage A | L=1.3808e+00 (IC=3.838e-03, BC=1.359e-03, PDE=2.824e+00, Qg=1.333e+00, SwB=3.508e-05) | k=0.15 mD, f=35.1 | Sw=[0.240,0.242] | 673.9s
2026-02-12 16:53:54 - M5Trainer - INFO - [Step  4300/50000] Stage A | L=1.5392e+00 (IC=5.003e-02, BC=5.157e-02, PDE=1.645e+00, Qg=1.335e+00, SwB=1.153e-05) | k=0.15 mD, f=35.1 | Sw=[0.246,0.252] | 691.7s
2026-02-12 16:54:11 - M5Trainer - INFO - [Step  4400/50000] Stage A | L=2.0721e+00 (IC=2.599e-01, BC=2.382e-01, PDE=1.798e+00, Qg=1.335e+00, SwB=2.373e-06) | k=0.15 mD, f=35.0 | Sw=[0.256,0.258] | 709.3s
2026-02-12 16:54:29 - M5Trainer - INFO -   [Sw监控] SY9: Sw=[0.2398, 0.2399, 0.2401], krg_min=6.751000e-01
2026-02-12 16:54:29 - M5Trainer - INFO - [Step  4500/50000] Stage A | L=2.1400e+00 (IC=2.903e-01, BC=2.794e-01, PDE=2.789e+00, Qg=1.335e+00, SwB=4.015e-05) | k=0.15 mD, f=35.0 | Sw=[0.240,0.241] | 726.9s
2026-02-12 16:54:47 - M5Trainer - INFO - [Step  4600/50000] Stage A | L=1.5602e+00 (IC=1.441e-01, BC=1.632e-01, PDE=3.493e+00, Qg=1.332e+00, SwB=1.762e-05) | k=0.15 mD, f=35.0 | Sw=[0.246,0.247] | 745.2s
2026-02-12 16:55:05 - M5Trainer - INFO - [Step  4700/50000] Stage A | L=1.5802e+00 (IC=1.554e-02, BC=8.316e-03, PDE=9.074e+00, Qg=1.336e+00, SwB=6.340e-05) | k=0.15 mD, f=34.9 | Sw=[0.226,0.246] | 763.5s
2026-02-12 16:55:24 - M5Trainer - INFO - [Step  4800/50000] Stage A | L=1.0081e+00 (IC=5.926e-03, BC=1.615e-03, PDE=1.218e+00, Qg=1.335e+00, SwB=1.931e-05) | k=0.15 mD, f=34.9 | Sw=[0.246,0.246] | 781.7s
2026-02-12 16:55:42 - M5Trainer - INFO - [Step  4900/50000] Stage A | L=1.8823e+00 (IC=1.031e-02, BC=2.105e-03, PDE=1.255e+00, Qg=1.335e+00, SwB=1.179e-05) | k=0.15 mD, f=34.9 | Sw=[0.249,0.249] | 800.0s
2026-02-12 16:56:00 - M5Trainer - INFO -   [Sw监控] SY9: Sw=[0.2376, 0.2377, 0.2378], krg_min=6.751000e-01
2026-02-12 16:56:00 - M5Trainer - INFO - [Step  5000/50000] Stage A | L=5.4255e-01 (IC=2.661e-02, BC=2.623e-02, PDE=2.488e+00, Qg=1.334e+00, SwB=5.102e-05) | k=0.15 mD, f=34.8 | Sw=[0.238,0.238] | 818.2s
2026-02-12 16:56:18 - M5Trainer - INFO - [Step  5100/50000] Stage A | L=1.9144e+00 (IC=1.076e-01, BC=1.068e-01, PDE=2.258e+00, Qg=1.334e+00, SwB=1.375e-05) | k=0.15 mD, f=34.8 | Sw=[0.246,0.250] | 836.2s
2026-02-12 16:56:36 - M5Trainer - INFO - [Step  5200/50000] Stage A | L=1.5625e+00 (IC=7.121e-02, BC=6.832e-02, PDE=2.582e+00, Qg=1.335e+00, SwB=3.396e-05) | k=0.15 mD, f=34.7 | Sw=[0.242,0.243] | 853.7s
2026-02-12 16:56:53 - M5Trainer - INFO - [Step  5300/50000] Stage A | L=1.7827e+00 (IC=6.357e-02, BC=6.271e-02, PDE=1.811e+00, Qg=1.334e+00, SwB=2.036e-05) | k=0.15 mD, f=34.7 | Sw=[0.246,0.246] | 871.2s
2026-02-12 16:57:12 - M5Trainer - INFO - [Step  5400/50000] Stage A | L=1.9826e+00 (IC=1.651e-01, BC=1.554e-01, PDE=3.515e+00, Qg=1.333e+00, SwB=4.723e-05) | k=0.15 mD, f=34.7 | Sw=[0.289,0.294] | 889.7s
2026-02-12 16:57:30 - M5Trainer - INFO -   [Sw监控] SY9: Sw=[0.2984, 0.2996, 0.3013], krg_min=5.953650e-01
2026-02-12 16:57:30 - M5Trainer - INFO - [Step  5500/50000] Stage A | L=1.9634e+00 (IC=1.851e-01, BC=1.849e-01, PDE=2.731e+00, Qg=1.334e+00, SwB=1.712e-04) | k=0.15 mD, f=34.6 | Sw=[0.301,0.305] | 908.4s
2026-02-12 16:57:49 - M5Trainer - INFO - [Step  5600/50000] Stage A | L=1.6996e+00 (IC=3.432e-03, BC=1.167e-03, PDE=2.412e+00, Qg=1.334e+00, SwB=3.648e-05) | k=0.15 mD, f=34.6 | Sw=[0.241,0.242] | 926.6s
2026-02-12 16:58:05 - M5Trainer - INFO - [Step  5700/50000] Stage A | L=1.8229e+01 (IC=1.144e+00, BC=1.152e+00, PDE=2.309e+00, Qg=1.334e+00, SwB=3.117e-05) | k=0.15 mD, f=34.5 | Sw=[0.242,0.244] | 943.3s
2026-02-12 16:58:22 - M5Trainer - INFO - [Step  5800/50000] Stage A | L=4.6231e+00 (IC=4.303e-01, BC=4.227e-01, PDE=3.675e+00, Qg=1.332e+00, SwB=1.477e-05) | k=0.15 mD, f=34.5 | Sw=[0.247,0.248] | 960.5s
2026-02-12 16:58:42 - M5Trainer - INFO - [Step  5900/50000] Stage A | L=6.6869e+00 (IC=5.315e-01, BC=5.403e-01, PDE=3.512e+00, Qg=1.333e+00, SwB=1.295e-05) | k=0.15 mD, f=34.5 | Sw=[0.246,0.250] | 979.8s
2026-02-12 16:58:59 - M5Trainer - INFO -   [Sw监控] SY9: Sw=[0.2239, 0.2242, 0.2243], krg_min=6.751000e-01
2026-02-12 16:58:59 - M5Trainer - INFO - [Step  6000/50000] Stage A | L=6.6039e+00 (IC=5.245e-01, BC=4.988e-01, PDE=4.166e+00, Qg=1.336e+00, SwB=1.284e-04) | k=0.15 mD, f=34.5 | Sw=[0.222,0.225] | 997.0s
2026-02-12 16:59:18 - M5Trainer - INFO - [Step  6100/50000] Stage A | L=8.6293e-01 (IC=2.138e-02, BC=1.959e-02, PDE=3.901e+00, Qg=1.335e+00, SwB=1.133e-05) | k=0.15 mD, f=34.4 | Sw=[0.247,0.251] | 1016.3s
2026-02-12 16:59:37 - M5Trainer - INFO - [Step  6200/50000] Stage A | L=2.0720e+00 (IC=9.566e-02, BC=9.280e-02, PDE=3.834e+00, Qg=1.336e+00, SwB=3.553e-05) | k=0.15 mD, f=34.4 | Sw=[0.241,0.241] | 1035.5s
2026-02-12 16:59:57 - M5Trainer - INFO - [Step  6300/50000] Stage A | L=1.3250e+01 (IC=7.150e-01, BC=7.190e-01, PDE=4.064e+00, Qg=1.336e+00, SwB=4.739e-05) | k=0.15 mD, f=34.4 | Sw=[0.237,0.239] | 1054.7s
2026-02-12 17:00:16 - M5Trainer - INFO - [Step  6400/50000] Stage A | L=1.9251e+00 (IC=9.650e-03, BC=9.989e-03, PDE=3.762e+00, Qg=1.335e+00, SwB=3.242e-05) | k=0.15 mD, f=34.3 | Sw=[0.240,0.242] | 1074.0s
2026-02-12 17:00:35 - M5Trainer - INFO -   [Sw监控] SY9: Sw=[0.2476, 0.2476, 0.2476], krg_min=6.751000e-01
2026-02-12 17:00:35 - M5Trainer - INFO - [Step  6500/50000] Stage A | L=9.2173e+00 (IC=5.186e-01, BC=5.183e-01, PDE=3.622e+00, Qg=1.336e+00, SwB=1.525e-05) | k=0.15 mD, f=34.3 | Sw=[0.248,0.248] | 1093.4s
2026-02-12 17:00:56 - M5Trainer - INFO - [Step  6600/50000] Stage A | L=9.2609e-01 (IC=9.811e-04, BC=3.335e-04, PDE=3.818e+00, Qg=1.336e+00, SwB=5.936e-05) | k=0.15 mD, f=34.2 | Sw=[0.234,0.234] | 1113.7s
2026-02-12 17:01:15 - M5Trainer - INFO - [Step  6700/50000] Stage A | L=7.0564e+00 (IC=3.988e-01, BC=4.044e-01, PDE=3.736e+00, Qg=1.335e+00, SwB=3.197e-05) | k=0.15 mD, f=34.2 | Sw=[0.242,0.242] | 1132.7s
2026-02-12 17:01:34 - M5Trainer - INFO - [Step  6800/50000] Stage A | L=1.4194e+00 (IC=7.124e-02, BC=7.161e-02, PDE=3.183e+00, Qg=1.334e+00, SwB=3.362e-05) | k=0.15 mD, f=34.1 | Sw=[0.242,0.242] | 1151.7s
2026-02-12 17:01:54 - M5Trainer - INFO - [Step  6900/50000] Stage A | L=2.1458e+00 (IC=1.106e-02, BC=1.073e-02, PDE=3.467e+00, Qg=1.334e+00, SwB=3.218e-06) | k=0.15 mD, f=34.1 | Sw=[0.254,0.254] | 1172.2s
2026-02-12 17:02:14 - M5Trainer - INFO -   [Sw监控] SY9: Sw=[0.2505, 0.2505, 0.2505], krg_min=6.751000e-01
2026-02-12 17:02:14 - M5Trainer - INFO - [Step  7000/50000] Stage A | L=2.2242e+00 (IC=5.015e-02, BC=5.006e-02, PDE=3.834e+00, Qg=1.334e+00, SwB=9.051e-06) | k=0.15 mD, f=34.1 | Sw=[0.250,0.250] | 1192.5s
2026-02-12 17:02:35 - M5Trainer - INFO - [Step  7100/50000] Stage A | L=2.1083e+01 (IC=7.025e-01, BC=6.917e-01, PDE=3.561e+00, Qg=1.332e+00, SwB=3.739e-05) | k=0.15 mD, f=34.0 | Sw=[0.241,0.241] | 1213.1s
2026-02-12 17:02:56 - M5Trainer - INFO - [Step  7200/50000] Stage A | L=1.7644e+00 (IC=1.365e-01, BC=1.327e-01, PDE=3.535e+00, Qg=1.333e+00, SwB=2.427e-05) | k=0.15 mD, f=33.9 | Sw=[0.244,0.244] | 1234.5s
2026-02-12 17:03:19 - M5Trainer - INFO - [Step  7300/50000] Stage A | L=6.5777e+00 (IC=3.088e-01, BC=3.160e-01, PDE=3.561e+00, Qg=1.336e+00, SwB=1.232e-05) | k=0.15 mD, f=33.8 | Sw=[0.249,0.249] | 1256.6s
2026-02-12 17:03:40 - M5Trainer - INFO - [Step  7400/50000] Stage A | L=7.6401e+00 (IC=3.173e-01, BC=3.236e-01, PDE=3.646e+00, Qg=1.335e+00, SwB=2.506e-06) | k=0.15 mD, f=33.8 | Sw=[0.255,0.255] | 1278.5s
2026-02-12 17:04:02 - M5Trainer - INFO -   [Sw监控] SY9: Sw=[0.2440, 0.2441, 0.2441], krg_min=6.751000e-01
2026-02-12 17:04:02 - M5Trainer - INFO - [Step  7500/50000] Stage B | L=3.3370e+02 (IC=7.383e-02, BC=7.582e-02, PDE=3.356e+00, Qg=1.336e+00, SwB=2.541e-05) | k=0.15 mD, f=33.8 | Sw=[0.245,0.245] | 1300.4s
2026-02-12 17:04:25 - M5Trainer - INFO - [Step  7600/50000] Stage B | L=3.6075e+00 (IC=1.259e-01, BC=5.998e-02, PDE=2.611e+00, Qg=1.309e+00, SwB=6.750e-03) | k=0.15 mD, f=33.6 | Sw=[0.000,0.000] | 1323.0s
2026-02-12 17:04:47 - M5Trainer - INFO - [Step  7700/50000] Stage B | L=3.7341e+00 (IC=1.025e-01, BC=3.465e-02, PDE=2.588e+00, Qg=1.308e+00, SwB=6.750e-03) | k=0.15 mD, f=33.4 | Sw=[0.000,0.000] | 1344.8s
2026-02-12 17:05:05 - M5Trainer - INFO - [Step  7800/50000] Stage B | L=3.8625e+00 (IC=8.535e-02, BC=1.875e-02, PDE=2.603e+00, Qg=1.308e+00, SwB=6.752e-03) | k=0.15 mD, f=33.3 | Sw=[0.000,0.000] | 1363.4s
2026-02-12 17:05:24 - M5Trainer - INFO - [Step  7900/50000] Stage B | L=3.1280e+00 (IC=8.514e-02, BC=1.758e-02, PDE=2.572e+00, Qg=1.310e+00, SwB=6.756e-03) | k=0.15 mD, f=33.1 | Sw=[0.000,0.000] | 1381.9s
2026-02-12 17:05:42 - M5Trainer - INFO -   [Sw监控] SY9: Sw=[0.0000, 0.0000, 0.0000], krg_min=6.751000e-01
2026-02-12 17:05:42 - M5Trainer - INFO - [Step  8000/50000] Stage B | L=4.3790e+00 (IC=1.874e-01, BC=1.306e-01, PDE=1.705e+00, Qg=1.327e+00, SwB=6.760e-03) | k=0.15 mD, f=33.0 | Sw=[0.000,0.000] | 1400.3s
2026-02-12 17:06:00 - M5Trainer - INFO - [Step  8100/50000] Stage B | L=4.6262e+00 (IC=1.462e-01, BC=8.126e-02, PDE=2.435e-01, Qg=1.331e+00, SwB=6.760e-03) | k=0.15 mD, f=33.0 | Sw=[0.000,0.000] | 1418.6s
2026-02-12 17:06:19 - M5Trainer - INFO - [Step  8200/50000] Stage B | L=4.4420e+00 (IC=1.086e-01, BC=3.889e-02, PDE=2.466e-01, Qg=1.330e+00, SwB=6.760e-03) | k=0.15 mD, f=33.0 | Sw=[0.000,0.000] | 1437.0s
2026-02-12 17:06:40 - M5Trainer - INFO - [Step  8300/50000] Stage B | L=4.7682e+00 (IC=1.723e-01, BC=1.030e-01, PDE=1.923e-01, Qg=1.330e+00, SwB=6.760e-03) | k=0.15 mD, f=33.0 | Sw=[0.000,0.000] | 1458.6s
2026-02-12 17:07:02 - M5Trainer - INFO - [Step  8400/50000] Stage B | L=5.5425e+00 (IC=7.820e-02, BC=9.475e-03, PDE=2.885e-01, Qg=1.330e+00, SwB=6.760e-03) | k=0.15 mD, f=32.9 | Sw=[0.000,0.000] | 1480.0s
2026-02-12 17:07:23 - M5Trainer - INFO -   [Sw监控] SY9: Sw=[0.0000, 0.0000, 0.0000], krg_min=6.751000e-01
2026-02-12 17:07:23 - M5Trainer - INFO - [Step  8500/50000] Stage B | L=5.1267e+00 (IC=7.984e-02, BC=1.143e-02, PDE=1.121e-01, Qg=1.331e+00, SwB=6.760e-03) | k=0.15 mD, f=32.9 | Sw=[0.000,0.000] | 1501.4s
2026-02-12 17:07:42 - M5Trainer - INFO - [Step  8600/50000] Stage B | L=5.2444e+00 (IC=8.479e-02, BC=1.567e-02, PDE=1.384e-01, Qg=1.330e+00, SwB=6.760e-03) | k=0.15 mD, f=32.9 | Sw=[0.000,0.000] | 1519.9s
2026-02-12 17:08:03 - M5Trainer - INFO - [Step  8700/50000] Stage B | L=5.4329e+00 (IC=8.764e-02, BC=1.805e-02, PDE=1.254e-01, Qg=1.330e+00, SwB=6.760e-03) | k=0.15 mD, f=32.9 | Sw=[0.000,0.000] | 1541.2s
2026-02-12 17:08:23 - M5Trainer - INFO - [Step  8800/50000] Stage B | L=5.7459e+00 (IC=7.703e-02, BC=1.032e-02, PDE=8.117e-02, Qg=1.331e+00, SwB=6.760e-03) | k=0.15 mD, f=32.9 | Sw=[0.000,0.000] | 1561.6s
2026-02-12 17:08:44 - M5Trainer - INFO - [Step  8900/50000] Stage B | L=5.8683e+00 (IC=7.482e-02, BC=7.828e-03, PDE=7.797e-02, Qg=1.331e+00, SwB=6.760e-03) | k=0.15 mD, f=32.9 | Sw=[0.000,0.000] | 1581.7s
2026-02-12 17:09:04 - M5Trainer - INFO -   [Sw监控] SY9: Sw=[0.0000, 0.0000, 0.0000], krg_min=6.751000e-01
2026-02-12 17:09:04 - M5Trainer - INFO - [Step  9000/50000] Stage B | L=6.0938e+00 (IC=7.350e-02, BC=6.488e-03, PDE=6.774e-02, Qg=1.331e+00, SwB=6.760e-03) | k=0.15 mD, f=32.9 | Sw=[0.000,0.000] | 1602.1s
2026-02-12 17:09:25 - M5Trainer - INFO - [Step  9100/50000] Stage B | L=6.3178e+00 (IC=7.183e-02, BC=4.804e-03, PDE=7.006e-02, Qg=1.330e+00, SwB=6.760e-03) | k=0.15 mD, f=32.9 | Sw=[0.000,0.000] | 1622.6s
2026-02-12 17:09:45 - M5Trainer - INFO - [Step  9200/50000] Stage B | L=6.5442e+00 (IC=7.119e-02, BC=4.419e-03, PDE=6.787e-02, Qg=1.330e+00, SwB=6.760e-03) | k=0.15 mD, f=32.9 | Sw=[0.000,0.000] | 1643.3s
2026-02-12 17:10:06 - M5Trainer - INFO - [Step  9300/50000] Stage B | L=6.7762e+00 (IC=7.073e-02, BC=3.925e-03, PDE=6.237e-02, Qg=1.330e+00, SwB=6.760e-03) | k=0.15 mD, f=32.9 | Sw=[0.000,0.000] | 1664.0s
2026-02-12 17:10:26 - M5Trainer - INFO - [Step  9400/50000] Stage B | L=7.0158e+00 (IC=7.046e-02, BC=3.832e-03, PDE=5.480e-02, Qg=1.331e+00, SwB=6.760e-03) | k=0.15 mD, f=32.9 | Sw=[0.000,0.000] | 1684.4s
2026-02-12 17:10:47 - M5Trainer - INFO -   [Sw监控] SY9: Sw=[0.0000, 0.0000, 0.0000], krg_min=6.751000e-01
2026-02-12 17:10:47 - M5Trainer - INFO - [Step  9500/50000] Stage B | L=7.2538e+00 (IC=7.026e-02, BC=3.822e-03, PDE=4.681e-02, Qg=1.331e+00, SwB=6.760e-03) | k=0.15 mD, f=32.9 | Sw=[0.000,0.000] | 1705.3s
2026-02-12 17:11:08 - M5Trainer - INFO - [Step  9600/50000] Stage B | L=7.4762e+00 (IC=6.991e-02, BC=3.517e-03, PDE=5.091e-02, Qg=1.330e+00, SwB=6.760e-03) | k=0.15 mD, f=32.9 | Sw=[0.000,0.000] | 1726.2s
2026-02-12 17:11:29 - M5Trainer - INFO - [Step  9700/50000] Stage B | L=7.6930e+00 (IC=6.995e-02, BC=3.726e-03, PDE=5.234e-02, Qg=1.330e+00, SwB=6.760e-03) | k=0.15 mD, f=32.9 | Sw=[0.000,0.000] | 1747.0s
2026-02-12 17:11:50 - M5Trainer - INFO - [Step  9800/50000] Stage B | L=7.9219e+00 (IC=7.004e-02, BC=3.797e-03, PDE=4.647e-02, Qg=1.330e+00, SwB=6.760e-03) | k=0.15 mD, f=32.9 | Sw=[0.000,0.000] | 1768.0s
2026-02-12 17:12:11 - M5Trainer - INFO - [Step  9900/50000] Stage B | L=8.1418e+00 (IC=7.011e-02, BC=4.164e-03, PDE=4.086e-02, Qg=1.330e+00, SwB=6.760e-03) | k=0.15 mD, f=32.9 | Sw=[0.000,0.000] | 1788.7s
2026-02-12 17:12:31 - M5Trainer - INFO -   [Sw监控] SY9: Sw=[0.0000, 0.0000, 0.0000], krg_min=6.751000e-01
2026-02-12 17:12:31 - M5Trainer - INFO - [Step 10000/50000] Stage B | L=8.3490e+00 (IC=7.025e-02, BC=4.402e-03, PDE=3.928e-02, Qg=1.330e+00, SwB=6.760e-03) | k=0.15 mD, f=32.9 | Sw=[0.000,0.000] | 1809.6s
2026-02-12 17:12:53 - M5Trainer - INFO - [Step 10100/50000] Stage B | L=8.5606e+00 (IC=7.024e-02, BC=4.322e-03, PDE=3.617e-02, Qg=1.330e+00, SwB=6.760e-03) | k=0.15 mD, f=32.9 | Sw=[0.000,0.000] | 1830.6s
2026-02-12 17:13:14 - M5Trainer - INFO - [Step 10200/50000] Stage B | L=8.7521e+00 (IC=7.064e-02, BC=4.646e-03, PDE=3.362e-02, Qg=1.330e+00, SwB=6.760e-03) | k=0.15 mD, f=32.9 | Sw=[0.000,0.000] | 1851.8s
2026-02-12 17:13:35 - M5Trainer - INFO - [Step 10300/50000] Stage B | L=8.9326e+00 (IC=7.092e-02, BC=5.069e-03, PDE=3.252e-02, Qg=1.330e+00, SwB=6.760e-03) | k=0.15 mD, f=32.9 | Sw=[0.000,0.000] | 1872.8s
2026-02-12 17:13:56 - M5Trainer - INFO - [Step 10400/50000] Stage B | L=9.1234e+00 (IC=7.130e-02, BC=5.207e-03, PDE=2.819e-02, Qg=1.330e+00, SwB=6.760e-03) | k=0.15 mD, f=32.9 | Sw=[0.000,0.000] | 1893.7s
2026-02-12 17:14:17 - M5Trainer - INFO -   [Sw监控] SY9: Sw=[0.0000, 0.0000, 0.0000], krg_min=6.751000e-01
2026-02-12 17:14:17 - M5Trainer - INFO - [Step 10500/50000] Stage B | L=9.2905e+00 (IC=7.166e-02, BC=5.556e-03, PDE=2.623e-02, Qg=1.330e+00, SwB=6.760e-03) | k=0.15 mD, f=32.9 | Sw=[0.000,0.000] | 1914.9s
2026-02-12 17:14:39 - M5Trainer - INFO - [Step 10600/50000] Stage B | L=9.4248e+00 (IC=7.199e-02, BC=5.784e-03, PDE=2.969e-02, Qg=1.330e+00, SwB=6.760e-03) | k=0.15 mD, f=32.9 | Sw=[0.000,0.000] | 1936.8s
2026-02-12 17:15:00 - M5Trainer - INFO - [Step 10700/50000] Stage B | L=9.5677e+00 (IC=7.266e-02, BC=6.250e-03, PDE=2.689e-02, Qg=1.330e+00, SwB=6.760e-03) | k=0.15 mD, f=32.9 | Sw=[0.000,0.000] | 1958.3s
2026-02-12 17:15:22 - M5Trainer - INFO - [Step 10800/50000] Stage B | L=9.7169e+00 (IC=7.347e-02, BC=6.823e-03, PDE=2.141e-02, Qg=1.330e+00, SwB=6.760e-03) | k=0.15 mD, f=32.9 | Sw=[0.000,0.000] | 1979.7s
2026-02-12 17:15:44 - M5Trainer - INFO - [Step 10900/50000] Stage B | L=9.8306e+00 (IC=7.427e-02, BC=7.354e-03, PDE=2.020e-02, Qg=1.330e+00, SwB=6.760e-03) | k=0.15 mD, f=32.9 | Sw=[0.000,0.000] | 2001.6s
2026-02-12 17:16:05 - M5Trainer - INFO -   [Sw监控] SY9: Sw=[0.0000, 0.0000, 0.0000], krg_min=6.751000e-01
2026-02-12 17:16:05 - M5Trainer - INFO - [Step 11000/50000] Stage B | L=9.8985e+00 (IC=7.516e-02, BC=7.933e-03, PDE=2.351e-02, Qg=1.330e+00, SwB=6.760e-03) | k=0.15 mD, f=32.9 | Sw=[0.000,0.000] | 2023.6s
2026-02-12 17:16:28 - M5Trainer - INFO - [Step 11100/50000] Stage B | L=1.0978e+01 (IC=6.973e-02, BC=2.084e-03, PDE=2.560e-02, Qg=1.329e+00, SwB=6.760e-03) | k=0.15 mD, f=32.9 | Sw=[0.000,0.000] | 2046.4s
2026-02-12 17:16:51 - M5Trainer - INFO - [Step 11200/50000] Stage B | L=8.5980e+00 (IC=1.137e-01, BC=4.610e-02, PDE=2.416e-01, Qg=1.329e+00, SwB=6.760e-03) | k=0.15 mD, f=32.9 | Sw=[0.000,0.000] | 2069.2s
2026-02-12 17:17:13 - M5Trainer - INFO - [Step 11300/50000] Stage B | L=9.9720e+00 (IC=9.538e-02, BC=2.680e-02, PDE=5.362e-02, Qg=1.330e+00, SwB=6.760e-03) | k=0.15 mD, f=32.9 | Sw=[0.000,0.000] | 2090.9s
2026-02-12 17:17:35 - M5Trainer - INFO - [Step 11400/50000] Stage B | L=9.6437e+00 (IC=1.196e-01, BC=4.786e-02, PDE=4.663e-02, Qg=1.330e+00, SwB=6.760e-03) | k=0.15 mD, f=32.9 | Sw=[0.000,0.000] | 2112.6s
2026-02-12 17:17:57 - M5Trainer - INFO -   [Sw监控] SY9: Sw=[0.0000, 0.0000, 0.0000], krg_min=6.751000e-01
2026-02-12 17:17:57 - M5Trainer - INFO - [Step 11500/50000] Stage B | L=9.8811e+00 (IC=1.071e-01, BC=4.215e-02, PDE=3.525e-02, Qg=1.329e+00, SwB=6.760e-03) | k=0.15 mD, f=32.9 | Sw=[0.000,0.000] | 2134.9s
2026-02-12 17:18:19 - M5Trainer - INFO - [Step 11600/50000] Stage B | L=1.0969e+01 (IC=8.063e-02, BC=1.221e-02, PDE=2.583e-02, Qg=1.330e+00, SwB=6.760e-03) | k=0.15 mD, f=32.9 | Sw=[0.000,0.000] | 2157.3s
2026-02-12 17:18:42 - M5Trainer - INFO - [Step 11700/50000] Stage B | L=1.0596e+01 (IC=9.274e-02, BC=2.375e-02, PDE=2.649e-02, Qg=1.330e+00, SwB=6.760e-03) | k=0.15 mD, f=32.9 | Sw=[0.000,0.000] | 2179.7s
2026-02-12 17:19:03 - M5Trainer - INFO - [Step 11800/50000] Stage B | L=1.0453e+01 (IC=9.388e-02, BC=2.867e-02, PDE=3.133e-02, Qg=1.329e+00, SwB=6.760e-03) | k=0.15 mD, f=32.9 | Sw=[0.000,0.000] | 2201.5s
2026-02-12 17:19:26 - M5Trainer - INFO - [Step 11900/50000] Stage B | L=1.1002e+01 (IC=8.977e-02, BC=1.918e-02, PDE=1.961e-02, Qg=1.330e+00, SwB=6.760e-03) | k=0.15 mD, f=32.9 | Sw=[0.000,0.000] | 2223.9s
2026-02-12 17:19:48 - M5Trainer - INFO -   [Sw监控] SY9: Sw=[0.0000, 0.0000, 0.0000], krg_min=6.751000e-01
2026-02-12 17:19:48 - M5Trainer - INFO - [Step 12000/50000] Stage B | L=1.0409e+01 (IC=1.070e-01, BC=3.363e-02, PDE=3.041e-02, Qg=1.330e+00, SwB=6.760e-03) | k=0.15 mD, f=32.9 | Sw=[0.000,0.000] | 2246.0s
2026-02-12 17:20:10 - M5Trainer - INFO - [Step 12100/50000] Stage B | L=1.1188e+01 (IC=8.107e-02, BC=1.820e-02, PDE=2.299e-02, Qg=1.329e+00, SwB=6.760e-03) | k=0.15 mD, f=32.9 | Sw=[0.000,0.000] | 2268.5s
2026-02-12 17:20:34 - M5Trainer - INFO - [Step 12200/50000] Stage B | L=1.2234e+01 (IC=6.906e-02, BC=1.464e-03, PDE=2.207e-02, Qg=1.329e+00, SwB=6.760e-03) | k=0.15 mD, f=32.8 | Sw=[0.000,0.000] | 2291.7s
2026-02-12 17:20:56 - M5Trainer - INFO - [Step 12300/50000] Stage B | L=1.2100e+01 (IC=7.167e-02, BC=5.606e-03, PDE=1.960e-02, Qg=1.329e+00, SwB=6.760e-03) | k=0.15 mD, f=32.8 | Sw=[0.000,0.000] | 2314.5s
2026-02-12 17:21:20 - M5Trainer - INFO - [Step 12400/50000] Stage B | L=1.2041e+01 (IC=7.310e-02, BC=8.220e-03, PDE=1.838e-02, Qg=1.329e+00, SwB=6.760e-03) | k=0.15 mD, f=32.8 | Sw=[0.000,0.000] | 2337.8s
2026-02-12 17:21:44 - M5Trainer - INFO -   [Sw监控] SY9: Sw=[0.0000, 0.0000, 0.0000], krg_min=6.751000e-01
2026-02-12 17:21:44 - M5Trainer - INFO - [Step 12500/50000] Stage B | L=1.0222e+01 (IC=1.388e-01, BC=5.765e-02, PDE=1.255e-02, Qg=1.329e+00, SwB=6.760e-03) | k=0.15 mD, f=32.8 | Sw=[0.000,0.000] | 2362.0s
2026-02-12 17:22:08 - M5Trainer - INFO - [Step 12600/50000] Stage B | L=9.2435e+00 (IC=1.092e-01, BC=4.507e-02, PDE=1.275e-01, Qg=1.328e+00, SwB=6.760e-03) | k=0.15 mD, f=32.8 | Sw=[0.000,0.000] | 2386.1s
2026-02-12 17:22:32 - M5Trainer - INFO - [Step 12700/50000] Stage B | L=1.2485e+01 (IC=7.462e-02, BC=5.789e-03, PDE=2.195e-02, Qg=1.329e+00, SwB=6.760e-03) | k=0.15 mD, f=32.8 | Sw=[0.000,0.000] | 2410.5s
2026-02-12 17:22:59 - M5Trainer - INFO - [Step 12800/50000] Stage B | L=1.2061e+01 (IC=8.732e-02, BC=1.734e-02, PDE=1.430e-02, Qg=1.329e+00, SwB=6.760e-03) | k=0.15 mD, f=32.8 | Sw=[0.000,0.000] | 2437.0s
2026-02-12 17:23:23 - M5Trainer - INFO - [Step 12900/50000] Stage B | L=1.2931e+01 (IC=7.207e-02, BC=4.227e-03, PDE=1.764e-02, Qg=1.329e+00, SwB=6.760e-03) | k=0.15 mD, f=32.8 | Sw=[0.000,0.000] | 2461.5s
2026-02-12 17:23:47 - M5Trainer - INFO -   [Sw监控] SY9: Sw=[0.0000, 0.0000, 0.0000], krg_min=6.751000e-01
2026-02-12 17:23:47 - M5Trainer - INFO - [Step 13000/50000] Stage B | L=1.1516e+01 (IC=1.472e-01, BC=8.170e-02, PDE=2.187e-02, Qg=1.328e+00, SwB=6.760e-03) | k=0.15 mD, f=32.8 | Sw=[0.000,0.000] | 2484.7s
2026-02-12 17:24:10 - M5Trainer - INFO - [Step 13100/50000] Stage B | L=1.0094e+01 (IC=2.076e-01, BC=1.319e-01, PDE=2.639e-02, Qg=1.329e+00, SwB=6.760e-03) | k=0.15 mD, f=32.8 | Sw=[0.000,0.000] | 2508.3s
2026-02-12 17:24:34 - M5Trainer - INFO - [Step 13200/50000] Stage B | L=9.8861e+00 (IC=1.783e-01, BC=1.188e-01, PDE=4.762e-02, Qg=1.328e+00, SwB=6.760e-03) | k=0.15 mD, f=32.8 | Sw=[0.000,0.000] | 2532.0s
2026-02-12 17:24:58 - M5Trainer - INFO - [Step 13300/50000] Stage B | L=1.0450e+01 (IC=1.798e-01, BC=1.062e-01, PDE=2.338e-02, Qg=1.329e+00, SwB=6.760e-03) | k=0.15 mD, f=32.8 | Sw=[0.000,0.000] | 2555.9s
2026-02-12 17:25:22 - M5Trainer - INFO - [Step 13400/50000] Stage B | L=1.1318e+01 (IC=1.104e-01, BC=5.124e-02, PDE=2.285e-02, Qg=1.328e+00, SwB=6.760e-03) | k=0.15 mD, f=32.8 | Sw=[0.000,0.000] | 2580.2s
2026-02-12 17:25:47 - M5Trainer - INFO -   [Sw监控] SY9: Sw=[0.0000, 0.0000, 0.0000], krg_min=6.751000e-01
2026-02-12 17:25:47 - M5Trainer - INFO - [Step 13500/50000] Stage B | L=1.1014e+01 (IC=1.580e-01, BC=8.475e-02, PDE=1.640e-02, Qg=1.329e+00, SwB=6.760e-03) | k=0.15 mD, f=32.7 | Sw=[0.000,0.000] | 2604.9s
2026-02-12 17:26:11 - M5Trainer - INFO - [Step 13600/50000] Stage B | L=1.1352e+01 (IC=1.238e-01, BC=6.177e-02, PDE=2.107e-02, Qg=1.328e+00, SwB=6.760e-03) | k=0.15 mD, f=32.7 | Sw=[0.000,0.000] | 2629.0s
2026-02-12 17:26:36 - M5Trainer - INFO - [Step 13700/50000] Stage B | L=1.0970e+01 (IC=1.821e-01, BC=1.016e-01, PDE=2.811e-02, Qg=1.328e+00, SwB=6.760e-03) | k=0.15 mD, f=32.7 | Sw=[0.000,0.000] | 2653.8s
2026-02-12 17:27:00 - M5Trainer - INFO - [Step 13800/50000] Stage B | L=1.3529e+01 (IC=8.479e-02, BC=1.524e-02, PDE=1.081e-02, Qg=1.329e+00, SwB=6.760e-03) | k=0.15 mD, f=32.7 | Sw=[0.000,0.000] | 2678.3s
2026-02-12 17:27:25 - M5Trainer - INFO - [Step 13900/50000] Stage B | L=1.3229e+01 (IC=8.182e-02, BC=1.827e-02, PDE=1.359e-02, Qg=1.328e+00, SwB=6.760e-03) | k=0.15 mD, f=32.7 | Sw=[0.000,0.000] | 2702.9s
2026-02-12 17:27:50 - M5Trainer - INFO -   [Sw监控] SY9: Sw=[0.0000, 0.0000, 0.0000], krg_min=6.751000e-01
2026-02-12 17:27:50 - M5Trainer - INFO - [Step 14000/50000] Stage B | L=1.3248e+01 (IC=9.273e-02, BC=1.735e-02, PDE=1.266e-02, Qg=1.329e+00, SwB=6.760e-03) | k=0.15 mD, f=32.7 | Sw=[0.000,0.000] | 2727.6s
2026-02-12 17:28:16 - M5Trainer - INFO - [Step 14100/50000] Stage B | L=1.4060e+01 (IC=7.747e-02, BC=9.903e-03, PDE=7.455e-03, Qg=1.329e+00, SwB=6.760e-03) | k=0.15 mD, f=32.7 | Sw=[0.000,0.000] | 2753.8s
2026-02-12 17:28:43 - M5Trainer - INFO - [Step 14200/50000] Stage B | L=1.2966e+01 (IC=8.879e-02, BC=2.323e-02, PDE=1.213e-02, Qg=1.328e+00, SwB=6.760e-03) | k=0.15 mD, f=32.7 | Sw=[0.000,0.000] | 2780.8s
2026-02-12 17:29:08 - M5Trainer - INFO - [Step 14300/50000] Stage B | L=1.3976e+01 (IC=8.300e-02, BC=1.166e-02, PDE=6.908e-03, Qg=1.329e+00, SwB=6.760e-03) | k=0.15 mD, f=32.7 | Sw=[0.000,0.000] | 2806.0s
2026-02-12 17:29:33 - M5Trainer - INFO - [Step 14400/50000] Stage B | L=1.3108e+01 (IC=9.962e-02, BC=2.314e-02, PDE=7.815e-03, Qg=1.329e+00, SwB=6.760e-03) | k=0.15 mD, f=32.7 | Sw=[0.000,0.000] | 2830.6s
2026-02-12 17:29:58 - M5Trainer - INFO -   [Sw监控] SY9: Sw=[0.0000, 0.0000, 0.0000], krg_min=6.751000e-01
2026-02-12 17:29:58 - M5Trainer - INFO - [Step 14500/50000] Stage B | L=1.2476e+01 (IC=1.075e-01, BC=3.389e-02, PDE=8.302e-03, Qg=1.328e+00, SwB=6.760e-03) | k=0.15 mD, f=32.7 | Sw=[0.000,0.000] | 2856.0s
2026-02-12 17:30:24 - M5Trainer - INFO - [Step 14600/50000] Stage B | L=1.4846e+01 (IC=7.138e-02, BC=4.806e-03, PDE=5.443e-03, Qg=1.328e+00, SwB=6.760e-03) | k=0.15 mD, f=32.7 | Sw=[0.000,0.000] | 2882.5s
2026-02-12 17:30:50 - M5Trainer - INFO - [Step 14700/50000] Stage B | L=1.4141e+01 (IC=8.067e-02, BC=1.199e-02, PDE=5.734e-03, Qg=1.328e+00, SwB=6.760e-03) | k=0.15 mD, f=32.7 | Sw=[0.000,0.000] | 2908.3s
2026-02-12 17:31:15 - M5Trainer - INFO - [Step 14800/50000] Stage B | L=1.3428e+01 (IC=8.138e-02, BC=1.789e-02, PDE=8.985e-03, Qg=1.328e+00, SwB=6.760e-03) | k=0.15 mD, f=32.7 | Sw=[0.000,0.000] | 2933.4s
2026-02-12 17:31:41 - M5Trainer - INFO - [Step 14900/50000] Stage B | L=1.4074e+01 (IC=8.764e-02, BC=1.286e-02, PDE=5.247e-03, Qg=1.328e+00, SwB=6.760e-03) | k=0.15 mD, f=32.7 | Sw=[0.000,0.000] | 2959.0s
2026-02-12 17:32:07 - M5Trainer - INFO -   [Sw监控] SY9: Sw=[0.0000, 0.0000, 0.0000], krg_min=6.751000e-01
2026-02-12 17:32:07 - M5Trainer - INFO - [Step 15000/50000] Stage B | L=1.2518e+01 (IC=8.474e-02, BC=1.371e-02, PDE=2.474e-02, Qg=1.329e+00, SwB=6.760e-03) | k=0.15 mD, f=32.7 | Sw=[0.000,0.000] | 2985.0s
2026-02-12 17:32:33 - M5Trainer - INFO - [Step 15100/50000] Stage B | L=1.3871e+01 (IC=7.652e-02, BC=1.473e-02, PDE=7.255e-03, Qg=1.328e+00, SwB=6.760e-03) | k=0.15 mD, f=32.7 | Sw=[0.000,0.000] | 3011.2s
2026-02-12 17:33:00 - M5Trainer - INFO - [Step 15200/50000] Stage B | L=7.4105e+00 (IC=1.428e-01, BC=7.119e-02, PDE=1.810e-01, Qg=1.329e+00, SwB=6.760e-03) | k=0.15 mD, f=32.7 | Sw=[0.000,0.000] | 3038.2s
2026-02-12 17:33:27 - M5Trainer - INFO - [Step 15300/50000] Stage B | L=1.3380e+01 (IC=6.851e-02, BC=1.657e-04, PDE=5.266e-02, Qg=1.327e+00, SwB=6.760e-03) | k=0.15 mD, f=32.6 | Sw=[0.000,0.000] | 3065.4s
2026-02-12 17:33:53 - M5Trainer - INFO - [Step 15400/50000] Stage B | L=1.5868e+01 (IC=6.846e-02, BC=9.027e-04, PDE=1.069e-02, Qg=1.328e+00, SwB=6.760e-03) | k=0.15 mD, f=32.6 | Sw=[0.000,0.000] | 3090.9s
2026-02-12 17:34:19 - M5Trainer - INFO -   [Sw监控] SY9: Sw=[0.0000, 0.0000, 0.0000], krg_min=6.751000e-01
2026-02-12 17:34:19 - M5Trainer - INFO - [Step 15500/50000] Stage B | L=1.6027e+01 (IC=6.861e-02, BC=9.143e-04, PDE=8.159e-03, Qg=1.328e+00, SwB=6.760e-03) | k=0.15 mD, f=32.6 | Sw=[0.000,0.000] | 3117.5s
2026-02-12 17:34:46 - M5Trainer - INFO - [Step 15600/50000] Stage B | L=1.6065e+01 (IC=6.871e-02, BC=9.997e-04, PDE=6.556e-03, Qg=1.328e+00, SwB=6.760e-03) | k=0.15 mD, f=32.6 | Sw=[0.000,0.000] | 3143.8s
2026-02-12 17:35:12 - M5Trainer - INFO - [Step 15700/50000] Stage B | L=1.6145e+01 (IC=6.850e-02, BC=7.243e-04, PDE=5.848e-03, Qg=1.328e+00, SwB=6.760e-03) | k=0.15 mD, f=32.6 | Sw=[0.000,0.000] | 3170.2s
2026-02-12 17:35:39 - M5Trainer - INFO - [Step 15800/50000] Stage B | L=1.6068e+01 (IC=6.871e-02, BC=9.161e-04, PDE=5.919e-03, Qg=1.328e+00, SwB=6.760e-03) | k=0.15 mD, f=32.6 | Sw=[0.000,0.000] | 3197.2s
2026-02-12 17:36:06 - M5Trainer - INFO - [Step 15900/50000] Stage B | L=1.6199e+01 (IC=6.854e-02, BC=8.811e-04, PDE=4.964e-03, Qg=1.328e+00, SwB=6.760e-03) | k=0.15 mD, f=32.6 | Sw=[0.000,0.000] | 3223.8s
2026-02-12 17:36:32 - M5Trainer - INFO -   [Sw监控] SY9: Sw=[0.0000, 0.0000, 0.0000], krg_min=6.751000e-01
2026-02-12 17:36:32 - M5Trainer - INFO - [Step 16000/50000] Stage B | L=1.6209e+01 (IC=6.886e-02, BC=1.044e-03, PDE=4.888e-03, Qg=1.328e+00, SwB=6.760e-03) | k=0.15 mD, f=32.6 | Sw=[0.000,0.000] | 3250.3s
2026-02-12 17:36:59 - M5Trainer - INFO - [Step 16100/50000] Stage B | L=1.6310e+01 (IC=6.902e-02, BC=1.058e-03, PDE=4.285e-03, Qg=1.328e+00, SwB=6.760e-03) | k=0.15 mD, f=32.6 | Sw=[0.000,0.000] | 3277.1s
2026-02-12 17:37:27 - M5Trainer - INFO - [Step 16200/50000] Stage B | L=1.6390e+01 (IC=6.861e-02, BC=8.378e-04, PDE=4.187e-03, Qg=1.328e+00, SwB=6.760e-03) | k=0.15 mD, f=32.6 | Sw=[0.000,0.000] | 3305.0s
2026-02-12 17:37:54 - M5Trainer - INFO - [Step 16300/50000] Stage B | L=1.6371e+01 (IC=6.897e-02, BC=1.005e-03, PDE=4.196e-03, Qg=1.328e+00, SwB=6.760e-03) | k=0.15 mD, f=32.6 | Sw=[0.000,0.000] | 3332.2s
2026-02-12 17:38:23 - M5Trainer - INFO - [Step 16400/50000] Stage B | L=1.6474e+01 (IC=6.899e-02, BC=1.020e-03, PDE=3.665e-03, Qg=1.328e+00, SwB=6.760e-03) | k=0.15 mD, f=32.6 | Sw=[0.000,0.000] | 3360.6s
2026-02-12 17:38:52 - M5Trainer - INFO -   [Sw监控] SY9: Sw=[0.0000, 0.0000, 0.0000], krg_min=6.751000e-01
2026-02-12 17:38:52 - M5Trainer - INFO - [Step 16500/50000] Stage B | L=1.6524e+01 (IC=6.881e-02, BC=9.044e-04, PDE=3.625e-03, Qg=1.328e+00, SwB=6.760e-03) | k=0.15 mD, f=32.6 | Sw=[0.000,0.000] | 3389.8s
2026-02-12 17:39:19 - M5Trainer - INFO - [Step 16600/50000] Stage B | L=1.6532e+01 (IC=6.893e-02, BC=1.004e-03, PDE=3.538e-03, Qg=1.327e+00, SwB=6.760e-03) | k=0.15 mD, f=32.6 | Sw=[0.000,0.000] | 3416.9s
2026-02-12 17:39:46 - M5Trainer - INFO - [Step 16700/50000] Stage B | L=1.6622e+01 (IC=6.899e-02, BC=9.956e-04, PDE=3.174e-03, Qg=1.327e+00, SwB=6.760e-03) | k=0.15 mD, f=32.6 | Sw=[0.000,0.000] | 3444.3s
2026-02-12 17:40:14 - M5Trainer - INFO - [Step 16800/50000] Stage B | L=8.1658e+00 (IC=1.294e-01, BC=5.864e-02, PDE=1.707e-02, Qg=1.328e+00, SwB=6.760e-03) | k=0.15 mD, f=32.6 | Sw=[0.000,0.000] | 3471.9s
2026-02-12 17:40:41 - M5Trainer - INFO - [Step 16900/50000] Stage B | L=9.7714e+00 (IC=8.164e-02, BC=1.110e-02, PDE=5.741e-02, Qg=1.327e+00, SwB=6.760e-03) | k=0.15 mD, f=32.6 | Sw=[0.000,0.000] | 3499.0s
2026-02-12 17:41:08 - M5Trainer - INFO -   [Sw监控] SY9: Sw=[0.0000, 0.0000, 0.0000], krg_min=6.751000e-01
2026-02-12 17:41:08 - M5Trainer - INFO - [Step 17000/50000] Stage B | L=1.3770e+01 (IC=7.881e-02, BC=1.041e-02, PDE=1.272e-02, Qg=1.327e+00, SwB=6.760e-03) | k=0.15 mD, f=32.6 | Sw=[0.000,0.000] | 3526.3s
2026-02-12 17:41:36 - M5Trainer - INFO - [Step 17100/50000] Stage B | L=1.2648e+01 (IC=8.680e-02, BC=1.887e-02, PDE=1.014e-02, Qg=1.327e+00, SwB=6.760e-03) | k=0.15 mD, f=32.6 | Sw=[0.000,0.000] | 3554.3s
2026-02-12 17:42:05 - M5Trainer - INFO - [Step 17200/50000] Stage B | L=1.6313e+01 (IC=6.902e-02, BC=2.464e-03, PDE=7.801e-03, Qg=1.327e+00, SwB=6.760e-03) | k=0.15 mD, f=32.6 | Sw=[0.000,0.000] | 3583.4s
2026-02-12 17:42:34 - M5Trainer - INFO - [Step 17300/50000] Stage B | L=1.6395e+01 (IC=6.866e-02, BC=3.303e-03, PDE=6.183e-03, Qg=1.327e+00, SwB=6.760e-03) | k=0.15 mD, f=32.6 | Sw=[0.000,0.000] | 3612.4s
2026-02-12 17:43:03 - M5Trainer - INFO - [Step 17400/50000] Stage B | L=1.4085e+01 (IC=8.111e-02, BC=1.472e-02, PDE=4.689e-03, Qg=1.327e+00, SwB=6.760e-03) | k=0.15 mD, f=32.6 | Sw=[0.000,0.000] | 3641.2s
2026-02-12 17:43:32 - M5Trainer - INFO -   [Sw监控] SY9: Sw=[0.0000, 0.0000, 0.0000], krg_min=6.751000e-01
2026-02-12 17:43:32 - M5Trainer - INFO - [Step 17500/50000] Stage B | L=1.6733e+01 (IC=7.046e-02, BC=3.597e-03, PDE=4.172e-03, Qg=1.327e+00, SwB=6.760e-03) | k=0.15 mD, f=32.6 | Sw=[0.000,0.000] | 3670.3s
2026-02-12 17:44:02 - M5Trainer - INFO - [Step 17600/50000] Stage B | L=1.6494e+01 (IC=7.000e-02, BC=4.496e-03, PDE=4.567e-03, Qg=1.327e+00, SwB=6.760e-03) | k=0.15 mD, f=32.6 | Sw=[0.000,0.000] | 3699.9s
2026-02-12 17:44:31 - M5Trainer - INFO - [Step 17700/50000] Stage B | L=1.3534e+01 (IC=8.949e-02, BC=1.873e-02, PDE=4.513e-03, Qg=1.327e+00, SwB=6.760e-03) | k=0.15 mD, f=32.6 | Sw=[0.000,0.000] | 3729.4s
2026-02-12 17:45:01 - M5Trainer - INFO - [Step 17800/50000] Stage B | L=1.6049e+01 (IC=7.520e-02, BC=6.189e-03, PDE=4.661e-03, Qg=1.327e+00, SwB=6.760e-03) | k=0.15 mD, f=32.6 | Sw=[0.000,0.000] | 3758.9s
2026-02-12 17:45:30 - M5Trainer - INFO - [Step 17900/50000] Stage B | L=1.6033e+01 (IC=7.359e-02, BC=6.637e-03, PDE=4.614e-03, Qg=1.327e+00, SwB=6.760e-03) | k=0.15 mD, f=32.6 | Sw=[0.000,0.000] | 3788.4s
2026-02-12 17:46:00 - M5Trainer - INFO -   [Sw监控] SY9: Sw=[0.0000, 0.0000, 0.0000], krg_min=6.751000e-01
2026-02-12 17:46:00 - M5Trainer - INFO - [Step 18000/50000] Stage B | L=1.2608e+01 (IC=9.572e-02, BC=2.207e-02, PDE=8.398e-03, Qg=1.327e+00, SwB=6.760e-03) | k=0.15 mD, f=32.6 | Sw=[0.000,0.000] | 3818.0s
2026-02-12 17:46:30 - M5Trainer - INFO - [Step 18100/50000] Stage B | L=1.4990e+01 (IC=7.474e-02, BC=5.726e-03, PDE=1.096e-02, Qg=1.326e+00, SwB=6.760e-03) | k=0.15 mD, f=32.6 | Sw=[0.000,0.000] | 3848.0s
2026-02-12 17:47:00 - M5Trainer - INFO - [Step 18200/50000] Stage B | L=1.6041e+01 (IC=7.422e-02, BC=6.958e-03, PDE=4.628e-03, Qg=1.327e+00, SwB=6.760e-03) | k=0.15 mD, f=32.6 | Sw=[0.000,0.000] | 3878.1s
2026-02-12 17:47:30 - M5Trainer - INFO - [Step 18300/50000] Stage B | L=1.3772e+01 (IC=9.099e-02, BC=1.961e-02, PDE=3.327e-03, Qg=1.327e+00, SwB=6.760e-03) | k=0.15 mD, f=32.6 | Sw=[0.000,0.000] | 3908.5s
2026-02-12 17:48:01 - M5Trainer - INFO - [Step 18400/50000] Stage B | L=1.6592e+01 (IC=6.886e-02, BC=2.715e-03, PDE=6.349e-03, Qg=1.326e+00, SwB=6.760e-03) | k=0.15 mD, f=32.6 | Sw=[0.000,0.000] | 3938.6s
2026-02-12 17:48:31 - M5Trainer - INFO -   [Sw监控] SY9: Sw=[0.0000, 0.0000, 0.0000], krg_min=6.751000e-01
2026-02-12 17:48:31 - M5Trainer - INFO - [Step 18500/50000] Stage B | L=1.6773e+01 (IC=7.428e-02, BC=6.856e-03, PDE=2.363e-03, Qg=1.327e+00, SwB=6.760e-03) | k=0.15 mD, f=32.6 | Sw=[0.000,0.000] | 3968.6s
2026-02-12 17:49:01 - M5Trainer - INFO - [Step 18600/50000] Stage B | L=1.4222e+01 (IC=8.925e-02, BC=1.780e-02, PDE=2.942e-03, Qg=1.327e+00, SwB=6.760e-03) | k=0.15 mD, f=32.6 | Sw=[0.000,0.000] | 3999.3s
2026-02-12 17:49:31 - M5Trainer - INFO - [Step 18700/50000] Stage B | L=1.7488e+01 (IC=6.873e-02, BC=1.965e-03, PDE=4.234e-03, Qg=1.327e+00, SwB=6.760e-03) | k=0.15 mD, f=32.6 | Sw=[0.000,0.000] | 4029.1s
2026-02-12 17:50:02 - M5Trainer - INFO - [Step 18800/50000] Stage B | L=1.6937e+01 (IC=7.161e-02, BC=5.372e-03, PDE=3.645e-03, Qg=1.327e+00, SwB=6.760e-03) | k=0.15 mD, f=32.6 | Sw=[0.000,0.000] | 4059.8s
2026-02-12 17:50:32 - M5Trainer - INFO - [Step 18900/50000] Stage B | L=1.3880e+01 (IC=9.326e-02, BC=1.944e-02, PDE=3.539e-03, Qg=1.327e+00, SwB=6.760e-03) | k=0.15 mD, f=32.6 | Sw=[0.000,0.000] | 4090.4s
2026-02-12 17:51:04 - M5Trainer - INFO -   [Sw监控] SY9: Sw=[0.0000, 0.0000, 0.0000], krg_min=6.751000e-01
2026-02-12 17:51:04 - M5Trainer - INFO - [Step 19000/50000] Stage B | L=1.8390e+01 (IC=6.993e-02, BC=2.842e-03, PDE=2.139e-03, Qg=1.327e+00, SwB=6.760e-03) | k=0.15 mD, f=32.5 | Sw=[0.000,0.000] | 4122.0s
2026-02-12 17:51:36 - M5Trainer - INFO - [Step 19100/50000] Stage B | L=1.7688e+01 (IC=6.973e-02, BC=4.078e-03, PDE=2.946e-03, Qg=1.326e+00, SwB=6.760e-03) | k=0.15 mD, f=32.6 | Sw=[0.000,0.000] | 4154.0s
2026-02-12 17:52:07 - M5Trainer - INFO - [Step 19200/50000] Stage B | L=1.4933e+01 (IC=7.983e-02, BC=1.174e-02, PDE=5.347e-03, Qg=1.327e+00, SwB=6.760e-03) | k=0.15 mD, f=32.5 | Sw=[0.000,0.000] | 4185.5s
2026-02-12 17:52:39 - M5Trainer - INFO - [Step 19300/50000] Stage B | L=1.2624e+01 (IC=7.325e-02, BC=5.002e-03, PDE=2.692e-02, Qg=1.325e+00, SwB=6.760e-03) | k=0.15 mD, f=32.5 | Sw=[0.000,0.000] | 4217.4s
2026-02-12 17:53:11 - M5Trainer - INFO - [Step 19400/50000] Stage B | L=1.6327e+01 (IC=7.893e-02, BC=1.191e-02, PDE=2.521e-03, Qg=1.327e+00, SwB=6.760e-03) | k=0.15 mD, f=32.5 | Sw=[0.000,0.000] | 4249.3s
2026-02-12 17:53:43 - M5Trainer - INFO -   [Sw监控] SY9: Sw=[0.0000, 0.0000, 0.0000], krg_min=6.751000e-01
2026-02-12 17:53:43 - M5Trainer - INFO - [Step 19500/50000] Stage B | L=1.9134e+01 (IC=6.913e-02, BC=2.186e-03, PDE=2.089e-03, Qg=1.326e+00, SwB=6.760e-03) | k=0.15 mD, f=32.5 | Sw=[0.000,0.000] | 4281.2s
2026-02-12 17:54:15 - M5Trainer - INFO - [Step 19600/50000] Stage B | L=1.8632e+01 (IC=6.879e-02, BC=3.021e-03, PDE=2.698e-03, Qg=1.326e+00, SwB=6.760e-03) | k=0.15 mD, f=32.5 | Sw=[0.000,0.000] | 4313.1s
2026-02-12 17:54:47 - M5Trainer - INFO - [Step 19700/50000] Stage B | L=1.5478e+01 (IC=8.723e-02, BC=1.542e-02, PDE=2.291e-03, Qg=1.327e+00, SwB=6.760e-03) | k=0.15 mD, f=32.5 | Sw=[0.000,0.000] | 4345.5s
2026-02-12 17:55:19 - M5Trainer - INFO - [Step 19800/50000] Stage B | L=1.4551e+01 (IC=7.058e-02, BC=3.908e-03, PDE=1.302e-02, Qg=1.326e+00, SwB=6.760e-03) | k=0.15 mD, f=32.5 | Sw=[0.000,0.000] | 4377.2s
2026-02-12 17:55:52 - M5Trainer - INFO - [Step 19900/50000] Stage B | L=1.7683e+01 (IC=7.358e-02, BC=5.775e-03, PDE=2.820e-03, Qg=1.326e+00, SwB=6.760e-03) | k=0.15 mD, f=32.5 | Sw=[0.000,0.000] | 4410.5s
2026-02-12 17:56:27 - M5Trainer - INFO -   [Sw监控] SY9: Sw=[0.0000, 0.0000, 0.0000], krg_min=6.751000e-01
2026-02-12 17:56:27 - M5Trainer - INFO - [Step 20000/50000] Stage C | L=1.8157e+01 (IC=8.320e-02, BC=1.326e-02, PDE=4.036e-03, Qg=1.327e+00, SwB=6.760e-03) | k=0.15 mD, f=32.5 | Sw=[0.000,0.000] | 4445.4s
2026-02-12 17:56:40 - M5Trainer - INFO - 训练已暂停 (Ctrl+C)。检查点已保存为 m5_pinn_last.pt，使用 --resume 可继续训练。
2026-02-12 17:56:41 - M5Trainer - INFO - qg 对比图已保存: C:\Users\16281\Desktop\cpedc_project\outputs\mk_pinn_dt_v2\figs\M5_qg_comparison_SY9.png
2026-02-12 17:56:41 - M5Trainer - INFO - p_wf 反演图已保存: C:\Users\16281\Desktop\cpedc_project\outputs\mk_pinn_dt_v2\figs\M5_pwf_inversion_SY9.png
2026-02-12 17:56:42 - M5Trainer - INFO - 训练曲线图已保存: C:\Users\16281\Desktop\cpedc_project\outputs\mk_pinn_dt_v2\figs\M5_training_history.png
2026-02-12 17:56:42 - M5Trainer - INFO - 残差热力图已保存: C:\Users\16281\Desktop\cpedc_project\outputs\mk_pinn_dt_v2\figs\M5_pde_residual_map.png
2026-02-12 17:56:44 - M5Trainer - INFO - M6 连通性分析完成
2026-02-12 17:56:45 - M5Trainer - INFO - M7 水侵预警分析完成
2026-02-12 17:56:45 - M5Trainer - INFO - M5 验收报告已保存: C:\Users\16281\Desktop\cpedc_project\outputs\mk_pinn_dt_v2\reports\M5_validation_report.md
