2026-02-22 23:50:36 - M5Trainer - INFO -   torch.compile 已跳过 (Triton 不支持 Windows, 使用 eager 模式)
2026-02-22 23:50:36 - M5Trainer - INFO - k_frac 独立参数组: lr=2.00e-03 (factor=2.0)
2026-02-22 23:50:36 - M5Trainer - INFO -   [v3.14] Corey 指数可学习: ng₀=1.0846, nw₀=4.4071 (SY13 拟合先验, lr_factor=1.0)
2026-02-22 23:50:37 - M5Trainer - INFO - k_net 学习率: 1.00e-04 (factor=0.1, warmup=2000 steps)
2026-02-22 23:50:37 - M5Trainer - INFO -   井 SY9: 1332 条同化数据 (train=799, val=266, test=267)
    开井点数 (q>1): train=745, val=88, test=121
    有效压力点: val_p=109, test_p=121
2026-02-22 23:50:37 - M5Trainer - INFO -   train time window(norm): [0.0000, 0.5995]
2026-02-22 23:50:37 - M5Trainer - INFO -   well_h[SY9] = 48.4 m (有效储厚)
2026-02-22 23:50:37 - M5Trainer - INFO -   well_h[SY13] = 41.6 m (有效储厚)
2026-02-22 23:50:37 - M5Trainer - INFO -   well_h[SY201] = 37.9 m (有效储厚)
2026-02-22 23:50:37 - M5Trainer - INFO -   well_h[SY101] = 41.7 m (有效储厚)
2026-02-22 23:50:37 - M5Trainer - INFO -   well_h[SY102] = 45.4 m (有效储厚)
2026-02-22 23:50:37 - M5Trainer - INFO -   well_h[SY116] = 39.3 m (有效储厚)
2026-02-22 23:50:37 - M5Trainer - INFO -   well_h[SYX211] = 6.0 m (有效储厚)
2026-02-22 23:50:37 - M5Trainer - INFO -   M3 PVT cg(76.0, 140.32) = 0.009744
2026-02-22 23:50:37 - M5Trainer - INFO -   M3 PVT Bg(76.0, 140.32) = 0.002577
2026-02-22 23:50:37 - M5Trainer - INFO -   PDE 缩放: αx=0.101777, αy=0.254660
2026-02-22 23:50:37 - M5Trainer - INFO - M5Trainer 初始化完成: device=cuda, lr=0.001, max_steps=20000, relobralo=True, rar=True
2026-02-22 23:50:37 - M5Trainer - INFO - ============================================================
2026-02-22 23:50:37 - M5Trainer - INFO - M5 PINN 井—藏耦合同化训练开始
2026-02-22 23:50:37 - M5Trainer - INFO - ============================================================
2026-02-22 23:50:37 - M5Trainer - INFO -   阶段权重已被 config 覆盖 (train.stages 或 training_stages.stage_*.weights)
2026-02-22 23:50:37 - M5Trainer - INFO - 训练阶段: A[0-2000] B[2000-9600] C[9600-15600] D[15600-20000]
2026-02-22 23:50:37 - M5Trainer - INFO -   qg_nearzero 权重: A=3.0, B=6.0->9.0, C=12.0, D=3.0, enable=True
2026-02-22 23:50:37 - M5Trainer - INFO - --- M5 单位/量纲诊断 (train 第 1 步前) ---
2026-02-22 23:50:37 - M5Trainer - INFO -   qg_obs 范围: 0.00e+00 ~ 8.39e+05 m³/d, 均值: 2.97e+05 m³/d
2026-02-22 23:50:37 - M5Trainer - INFO -   qg_pred 范围: 1.51e+05 ~ 1.54e+05
2026-02-22 23:50:37 - M5Trainer - INFO -   p_wf 范围: 7.43e+01 ~ 7.43e+01 MPa
2026-02-22 23:50:37 - M5Trainer - INFO -   p_field @ well: 7.50e+01 MPa
2026-02-22 23:50:37 - M5Trainer - INFO -   k_frac = 8.0000 mD
2026-02-22 23:50:37 - M5Trainer - INFO -   WI_raw = 3.352697e-13 [检查单位]
2026-02-22 23:50:37 - M5Trainer - INFO -   dp_wellbore = 13.30 MPa
2026-02-22 23:50:37 - M5Trainer - INFO -   Bg_ref = 2.576898e-03
2026-02-22 23:50:37 - M5Trainer - INFO -   qg_obs 范围: 0.00e+00 ~ 8.39e+05 m³/d
2026-02-22 23:50:37 - M5Trainer - INFO -   qg_obs 中位数 = 3.07e+05 m³/d
2026-02-22 23:50:37 - M5Trainer - INFO -   ✅ v9: PDE源项已升级为时变 source(x,y,t) = qg_obs(t) * kernel(x,y)
2026-02-22 23:50:37 - M5Trainer - INFO -   ✅ 每个PDE配点使用其时刻对应的真实观测产量（线性插值）
2026-02-22 23:50:37 - M5Trainer - INFO - --- 诊断结束 ---
2026-02-22 23:50:37 - M5Trainer - INFO -   [v3.13] Stage A+B 冻结 k_frac=8.0000 mD (Stage C 解冻)
2026-02-22 23:50:37 - M5Trainer - INFO -   [shape] SY9: qg pred=(1332, 1) vs obs=(1332, 1), p_wf pred=(1332, 1) vs p_obs=(1332, 1)
2026-02-22 23:50:38 - M5Trainer - WARNING -   ⚠️ k_eff_mD.grad 为 None 或零! 可辨识性可能受损
2026-02-22 23:50:38 - M5Trainer - INFO -   ✅ k_net: 18 组参数收到梯度
2026-02-22 23:50:38 - M5Trainer - INFO -   [梯度验收] SY9: qg_obs range=[0.0, 838700.0]
2026-02-22 23:50:38 - M5Trainer - INFO -   [Sw监控] SY9: Sw=[0.2600, 0.2600, 0.2600], krg_min=6.751000e-01
2026-02-22 23:50:38 - M5Trainer - INFO - [Step     0/20000] Stage A | L=4.7990e+02 (IC=1.000e+00, BC=1.000e+00, PDE=1.611e+06, Qg=1.292e+00, Qz=1.954e-02, Sd=3.750e-01, SQg=9.782e-09, SwB=0.000e+00) | k_frac=8.0000 mD, dp=13.30 MPa | ng=1.085, nw=4.407 | Sw=[0.260,0.260] | 0.8s
2026-02-22 23:50:38 - M5Trainer - INFO -   [k_frac诊断] grad=None, k_frac=8.000001 mD
2026-02-22 23:50:52 - M5Trainer - INFO - [Step   100/20000] Stage A | L=3.2854e+02 (IC=1.233e-02, BC=3.270e-02, PDE=1.989e+06, Qg=1.183e+00, Qz=2.121e-02, Sd=4.237e-01, SQg=6.726e-06, SwB=0.000e+00) | k_frac=8.0000 mD, dp=13.30 MPa | ng=1.085, nw=4.407 | Sw=[0.260,0.260] | 14.6s
2026-02-22 23:51:05 - M5Trainer - INFO -   [梯度验收] SY9: qg_obs range=[0.0, 838700.0]
2026-02-22 23:51:05 - M5Trainer - INFO - [Step   200/20000] Stage A | L=1.5110e+02 (IC=3.411e-02, BC=1.172e-02, PDE=1.739e+06, Qg=4.843e-01, Qz=5.263e-02, Sd=1.149e+00, SQg=8.768e-04, SwB=0.000e+00) | k_frac=8.0000 mD, dp=13.30 MPa | ng=1.085, nw=4.407 | Sw=[0.260,0.260] | 27.7s
2026-02-22 23:51:18 - M5Trainer - INFO - [Step   300/20000] Stage A | L=2.3212e+02 (IC=2.396e-02, BC=1.036e-02, PDE=1.922e+06, Qg=3.728e-01, Qz=8.407e-02, Sd=1.889e+00, SQg=1.311e-03, SwB=0.000e+00) | k_frac=8.0000 mD, dp=13.30 MPa | ng=1.085, nw=4.407 | Sw=[0.260,0.323] | 41.2s
2026-02-22 23:51:32 - M5Trainer - INFO -   [梯度验收] SY9: qg_obs range=[0.0, 838700.0]
2026-02-22 23:51:32 - M5Trainer - INFO - [Step   400/20000] Stage A | L=2.5869e+02 (IC=7.675e-02, BC=1.262e-01, PDE=1.875e+06, Qg=3.478e-01, Qz=9.908e-02, Sd=2.192e+00, SQg=1.212e-03, SwB=0.000e+00) | k_frac=8.0000 mD, dp=13.30 MPa | ng=1.085, nw=4.407 | Sw=[0.260,0.317] | 54.4s
2026-02-22 23:51:45 - M5Trainer - INFO -   [Sw监控] SY9: Sw=[0.2600, 0.2811, 0.4077], krg_min=5.172037e-01
2026-02-22 23:51:45 - M5Trainer - INFO - [Step   500/20000] Stage A | L=1.8912e+02 (IC=5.471e-02, BC=4.185e-02, PDE=1.439e+06, Qg=3.490e-01, Qz=5.953e-02, Sd=2.462e+00, SQg=1.572e-03, SwB=0.000e+00) | k_frac=8.0000 mD, dp=13.30 MPa | ng=1.085, nw=4.407 | Sw=[0.260,0.338] | 67.5s
2026-02-22 23:51:45 - M5Trainer - INFO -   [k_frac诊断] grad=None, k_frac=8.000001 mD
2026-02-22 23:51:58 - M5Trainer - INFO -   [梯度验收] SY9: qg_obs range=[0.0, 838700.0]
2026-02-22 23:51:58 - M5Trainer - INFO - [Step   600/20000] Stage A | L=2.3218e+02 (IC=4.454e-02, BC=3.080e-02, PDE=1.419e+06, Qg=2.946e-01, Qz=3.521e-02, Sd=2.336e+00, SQg=1.710e-03, SwB=0.000e+00) | k_frac=8.0000 mD, dp=13.30 MPa | ng=1.085, nw=4.407 | Sw=[0.260,0.382] | 81.3s
2026-02-22 23:52:12 - M5Trainer - INFO - [Step   700/20000] Stage A | L=3.1834e+02 (IC=5.234e-02, BC=5.270e-02, PDE=1.673e+06, Qg=2.479e-01, Qz=1.906e-02, Sd=1.445e+00, SQg=2.471e-03, SwB=0.000e+00) | k_frac=8.0000 mD, dp=13.30 MPa | ng=1.085, nw=4.407 | Sw=[0.260,0.427] | 94.8s
2026-02-22 23:52:29 - M5Trainer - INFO -   [梯度验收] SY9: qg_obs range=[0.0, 838700.0]
2026-02-22 23:52:29 - M5Trainer - INFO - [Step   800/20000] Stage A | L=3.2056e+02 (IC=5.165e-02, BC=2.924e-02, PDE=1.538e+06, Qg=2.300e-01, Qz=1.355e-02, Sd=1.025e+00, SQg=2.974e-03, SwB=0.000e+00) | k_frac=8.0000 mD, dp=13.30 MPa | ng=1.085, nw=4.407 | Sw=[0.260,0.455] | 111.6s
2026-02-22 23:52:43 - M5Trainer - INFO - [Step   900/20000] Stage A | L=2.6569e+02 (IC=4.273e-02, BC=3.133e-02, PDE=1.326e+06, Qg=2.238e-01, Qz=1.003e-02, Sd=7.290e-01, SQg=3.563e-03, SwB=0.000e+00) | k_frac=8.0000 mD, dp=13.30 MPa | ng=1.085, nw=4.407 | Sw=[0.260,0.413] | 126.2s
2026-02-22 23:52:58 - M5Trainer - INFO -   [梯度验收] SY9: qg_obs range=[0.0, 838700.0]
2026-02-22 23:52:58 - M5Trainer - INFO -   [Sw监控] SY9: Sw=[0.2600, 0.3196, 0.4579], krg_min=4.643034e-01
2026-02-22 23:52:58 - M5Trainer - INFO - [Step  1000/20000] Stage A | L=1.7574e+02 (IC=9.483e-02, BC=8.716e-02, PDE=1.118e+06, Qg=2.266e-01, Qz=8.435e-03, Sd=5.894e-01, SQg=4.081e-03, SwB=0.000e+00) | k_frac=8.0000 mD, dp=13.30 MPa | ng=1.085, nw=4.407 | Sw=[0.260,0.419] | 141.3s
2026-02-22 23:52:58 - M5Trainer - INFO -   [k_frac诊断] grad=None, k_frac=8.000001 mD
2026-02-22 23:53:12 - M5Trainer - INFO - [Step  1100/20000] Stage A | L=2.4295e+02 (IC=3.816e-02, BC=2.996e-02, PDE=1.276e+06, Qg=2.276e-01, Qz=5.560e-03, Sd=3.510e-01, SQg=4.730e-03, SwB=0.000e+00) | k_frac=8.0000 mD, dp=13.30 MPa | ng=1.085, nw=4.407 | Sw=[0.260,0.409] | 154.9s
2026-02-22 23:53:27 - M5Trainer - INFO -   [梯度验收] SY9: qg_obs range=[0.0, 838700.0]
2026-02-22 23:53:27 - M5Trainer - INFO - [Step  1200/20000] Stage A | L=2.7874e+02 (IC=8.365e-02, BC=9.323e-02, PDE=1.418e+06, Qg=2.187e-01, Qz=4.251e-03, Sd=2.563e-01, SQg=5.863e-03, SwB=0.000e+00) | k_frac=8.0000 mD, dp=13.30 MPa | ng=1.085, nw=4.407 | Sw=[0.260,0.458] | 170.0s
2026-02-22 23:53:41 - M5Trainer - INFO - [Step  1300/20000] Stage A | L=2.4725e+02 (IC=2.108e-02, BC=3.630e-02, PDE=1.165e+06, Qg=2.190e-01, Qz=2.961e-03, Sd=1.446e-01, SQg=7.103e-03, SwB=0.000e+00) | k_frac=8.0000 mD, dp=13.30 MPa | ng=1.085, nw=4.407 | Sw=[0.260,0.458] | 184.1s
2026-02-22 23:53:55 - M5Trainer - INFO -   [梯度验收] SY9: qg_obs range=[0.0, 838700.0]
2026-02-22 23:53:55 - M5Trainer - INFO - [Step  1400/20000] Stage A | L=2.5145e+02 (IC=1.054e-01, BC=7.173e-02, PDE=1.205e+06, Qg=2.299e-01, Qz=3.513e-03, Sd=9.451e-02, SQg=8.303e-03, SwB=0.000e+00) | k_frac=8.0000 mD, dp=13.30 MPa | ng=1.085, nw=4.407 | Sw=[0.260,0.435] | 197.9s
2026-02-22 23:54:09 - M5Trainer - INFO -   [Sw监控] SY9: Sw=[0.2600, 0.3300, 0.4589], krg_min=4.632348e-01
2026-02-22 23:54:09 - M5Trainer - INFO - [Step  1500/20000] Stage A | L=2.1444e+02 (IC=4.628e-02, BC=4.086e-02, PDE=1.078e+06, Qg=2.423e-01, Qz=1.401e-03, Sd=5.800e-02, SQg=7.438e-03, SwB=0.000e+00) | k_frac=8.0000 mD, dp=13.30 MPa | ng=1.085, nw=4.407 | Sw=[0.260,0.459] | 211.9s
2026-02-22 23:54:09 - M5Trainer - INFO -   [k_frac诊断] grad=None, k_frac=8.000001 mD
2026-02-22 23:54:25 - M5Trainer - INFO -   [梯度验收] SY9: qg_obs range=[0.0, 838700.0]
2026-02-22 23:54:25 - M5Trainer - INFO - [Step  1600/20000] Stage A | L=2.2273e+02 (IC=1.258e-02, BC=1.537e-02, PDE=1.069e+06, Qg=2.250e-01, Qz=1.942e-03, Sd=5.287e-02, SQg=8.753e-03, SwB=0.000e+00) | k_frac=8.0000 mD, dp=13.30 MPa | ng=1.085, nw=4.407 | Sw=[0.260,0.457] | 227.5s
2026-02-22 23:54:40 - M5Trainer - INFO - [Step  1700/20000] Stage A | L=2.2532e+02 (IC=8.769e-02, BC=7.591e-02, PDE=1.032e+06, Qg=2.242e-01, Qz=1.547e-03, Sd=4.855e-02, SQg=8.168e-03, SwB=0.000e+00) | k_frac=8.0000 mD, dp=13.30 MPa | ng=1.085, nw=4.407 | Sw=[0.260,0.433] | 242.9s
2026-02-22 23:54:55 - M5Trainer - INFO -   [梯度验收] SY9: qg_obs range=[0.0, 838700.0]
2026-02-22 23:54:55 - M5Trainer - INFO - [Step  1800/20000] Stage A | L=1.9475e+02 (IC=7.332e-02, BC=7.296e-02, PDE=1.106e+06, Qg=2.243e-01, Qz=1.251e-03, Sd=4.090e-02, SQg=7.952e-03, SwB=0.000e+00) | k_frac=8.0000 mD, dp=13.30 MPa | ng=1.085, nw=4.407 | Sw=[0.260,0.394] | 258.1s
2026-02-22 23:55:10 - M5Trainer - INFO - [Step  1900/20000] Stage A | L=2.6519e+02 (IC=4.126e-02, BC=3.733e-02, PDE=1.153e+06, Qg=2.140e-01, Qz=2.498e-03, Sd=3.561e-02, SQg=8.666e-03, SwB=0.000e+00) | k_frac=8.0000 mD, dp=13.30 MPa | ng=1.085, nw=4.407 | Sw=[0.260,0.408] | 273.1s
2026-02-22 23:55:24 - M5Trainer - INFO -   [Sw监控] SY9: Sw=[0.2600, 0.3119, 0.4592], krg_min=4.629398e-01
2026-02-22 23:55:24 - M5Trainer - INFO - [Step  2000/20000] Stage B | L=5.2712e+02 (IC=5.075e-02, BC=3.779e-02, PDE=1.126e+06, Qg=2.201e-01, Qz=2.262e-03, Sd=4.830e-02, SQg=8.580e-03, SwB=0.000e+00) | k_frac=8.0000 mD, dp=13.30 MPa | ng=1.085, nw=4.407 | Sw=[0.260,0.428] | 286.9s
2026-02-22 23:55:24 - M5Trainer - INFO -   [k_frac诊断] grad=None, k_frac=8.000001 mD
2026-02-22 23:55:38 - M5Trainer - INFO - [Step  2100/20000] Stage B | L=3.0841e+02 (IC=1.806e-01, BC=3.098e-01, PDE=9.613e+05, Qg=2.255e-01, Qz=2.686e-03, Sd=2.310e-02, SQg=8.786e-03, SwB=0.000e+00) | k_frac=8.0000 mD, dp=13.30 MPa | ng=1.147, nw=4.407 | Sw=[0.260,0.459] | 300.6s
2026-02-22 23:55:52 - M5Trainer - INFO - [Step  2200/20000] Stage B | L=4.9002e+02 (IC=3.768e-02, BC=2.900e-02, PDE=1.018e+06, Qg=2.157e-01, Qz=2.609e-03, Sd=2.209e-02, SQg=9.328e-03, SwB=0.000e+00) | k_frac=8.0000 mD, dp=13.30 MPa | ng=1.132, nw=4.407 | Sw=[0.260,0.459] | 314.6s
2026-02-22 23:56:05 - M5Trainer - INFO - [Step  2300/20000] Stage B | L=5.2572e+02 (IC=4.701e-02, BC=5.425e-02, PDE=1.072e+06, Qg=2.228e-01, Qz=2.547e-03, Sd=2.143e-02, SQg=9.285e-03, SwB=0.000e+00) | k_frac=8.0000 mD, dp=13.30 MPa | ng=1.126, nw=4.407 | Sw=[0.260,0.458] | 328.3s
2026-02-22 23:56:20 - M5Trainer - INFO - [Step  2400/20000] Stage B | L=4.9173e+02 (IC=4.712e-02, BC=2.336e-02, PDE=9.924e+05, Qg=2.253e-01, Qz=2.675e-03, Sd=2.301e-02, SQg=8.997e-03, SwB=0.000e+00) | k_frac=8.0000 mD, dp=13.30 MPa | ng=1.147, nw=4.407 | Sw=[0.260,0.458] | 342.4s
2026-02-22 23:56:34 - M5Trainer - INFO -   [Sw监控] SY9: Sw=[0.2600, 0.2996, 0.4596], krg_min=4.625766e-01
2026-02-22 23:56:34 - M5Trainer - INFO - [Step  2500/20000] Stage B | L=3.7323e+02 (IC=6.082e-02, BC=7.526e-02, PDE=9.168e+05, Qg=2.173e-01, Qz=2.884e-03, Sd=2.562e-02, SQg=9.223e-03, SwB=0.000e+00) | k_frac=8.0000 mD, dp=13.30 MPa | ng=1.178, nw=4.407 | Sw=[0.260,0.458] | 356.7s
2026-02-22 23:56:34 - M5Trainer - INFO -   [k_frac诊断] grad=None, k_frac=8.000001 mD
2026-02-22 23:56:48 - M5Trainer - INFO - [Step  2600/20000] Stage B | L=3.4159e+02 (IC=1.122e-01, BC=9.070e-02, PDE=9.005e+05, Qg=2.175e-01, Qz=2.627e-03, Sd=2.210e-02, SQg=8.921e-03, SwB=0.000e+00) | k_frac=8.0000 mD, dp=13.30 MPa | ng=1.252, nw=4.407 | Sw=[0.260,0.459] | 371.3s
2026-02-22 23:57:04 - M5Trainer - INFO - [Step  2700/20000] Stage B | L=3.9281e+02 (IC=5.251e-02, BC=5.636e-02, PDE=8.867e+05, Qg=2.168e-01, Qz=2.710e-03, Sd=2.318e-02, SQg=9.091e-03, SwB=0.000e+00) | k_frac=8.0000 mD, dp=13.30 MPa | ng=1.283, nw=4.407 | Sw=[0.260,0.460] | 386.5s
2026-02-22 23:57:19 - M5Trainer - INFO - [Step  2800/20000] Stage B | L=3.4532e+02 (IC=8.337e-02, BC=8.178e-02, PDE=9.007e+05, Qg=2.194e-01, Qz=2.894e-03, Sd=2.550e-02, SQg=9.476e-03, SwB=0.000e+00) | k_frac=8.0000 mD, dp=13.30 MPa | ng=1.266, nw=4.407 | Sw=[0.260,0.458] | 401.6s
2026-02-22 23:57:35 - M5Trainer - INFO - [Step  2900/20000] Stage B | L=4.5495e+02 (IC=7.476e-02, BC=3.709e-02, PDE=9.993e+05, Qg=2.256e-01, Qz=2.002e-03, Sd=2.277e-02, SQg=9.281e-03, SwB=0.000e+00) | k_frac=8.0000 mD, dp=13.30 MPa | ng=1.249, nw=4.407 | Sw=[0.260,0.419] | 417.6s
2026-02-22 23:57:50 - M5Trainer - INFO -   [Sw监控] SY9: Sw=[0.2600, 0.3064, 0.4597], krg_min=4.624791e-01
2026-02-22 23:57:50 - M5Trainer - INFO - [Step  3000/20000] Stage B | L=3.1538e+02 (IC=6.583e-02, BC=4.508e-02, PDE=8.455e+05, Qg=2.132e-01, Qz=1.753e-03, Sd=2.347e-02, SQg=9.323e-03, SwB=0.000e+00) | k_frac=8.0000 mD, dp=13.30 MPa | ng=1.237, nw=4.407 | Sw=[0.260,0.459] | 432.9s
2026-02-22 23:57:50 - M5Trainer - INFO -   [k_frac诊断] grad=None, k_frac=8.000001 mD
2026-02-22 23:58:05 - M5Trainer - INFO - [Step  3100/20000] Stage B | L=2.8936e+02 (IC=4.668e-02, BC=6.326e-02, PDE=8.282e+05, Qg=2.123e-01, Qz=1.935e-03, Sd=2.204e-02, SQg=8.803e-03, SwB=0.000e+00) | k_frac=8.0000 mD, dp=13.30 MPa | ng=1.240, nw=4.407 | Sw=[0.260,0.460] | 447.6s
2026-02-22 23:58:20 - M5Trainer - INFO - [Step  3200/20000] Stage B | L=4.1754e+02 (IC=3.274e-02, BC=2.245e-02, PDE=9.022e+05, Qg=2.172e-01, Qz=1.898e-03, Sd=2.456e-02, SQg=9.182e-03, SwB=0.000e+00) | k_frac=8.0000 mD, dp=13.30 MPa | ng=1.208, nw=4.407 | Sw=[0.260,0.460] | 463.0s
2026-02-22 23:58:36 - M5Trainer - INFO - [Step  3300/20000] Stage B | L=2.9636e+02 (IC=5.266e-02, BC=4.536e-02, PDE=7.508e+05, Qg=2.157e-01, Qz=1.784e-03, Sd=2.654e-02, SQg=9.089e-03, SwB=0.000e+00) | k_frac=8.0000 mD, dp=13.30 MPa | ng=1.202, nw=4.407 | Sw=[0.260,0.460] | 479.3s
2026-02-22 23:58:53 - M5Trainer - INFO - [Step  3400/20000] Stage B | L=3.2795e+02 (IC=3.720e-02, BC=3.305e-02, PDE=7.557e+05, Qg=2.220e-01, Qz=1.381e-03, Sd=2.090e-02, SQg=9.289e-03, SwB=0.000e+00) | k_frac=8.0000 mD, dp=13.30 MPa | ng=1.190, nw=4.407 | Sw=[0.260,0.458] | 495.6s
2026-02-22 23:59:09 - M5Trainer - INFO -   [Sw监控] SY9: Sw=[0.2600, 0.3097, 0.4597], krg_min=4.624667e-01
2026-02-22 23:59:09 - M5Trainer - INFO - [Step  3500/20000] Stage B | L=3.1622e+02 (IC=3.206e-02, BC=3.253e-02, PDE=7.269e+05, Qg=2.174e-01, Qz=1.766e-03, Sd=1.980e-02, SQg=9.324e-03, SwB=0.000e+00) | k_frac=8.0000 mD, dp=13.30 MPa | ng=1.177, nw=4.407 | Sw=[0.260,0.460] | 511.7s
2026-02-22 23:59:09 - M5Trainer - INFO -   [k_frac诊断] grad=None, k_frac=8.000001 mD
2026-02-22 23:59:24 - M5Trainer - INFO - [Step  3600/20000] Stage B | L=3.2278e+02 (IC=4.676e-02, BC=3.140e-02, PDE=7.065e+05, Qg=2.230e-01, Qz=2.275e-03, Sd=2.392e-02, SQg=9.578e-03, SwB=0.000e+00) | k_frac=8.0000 mD, dp=13.30 MPa | ng=1.163, nw=4.407 | Sw=[0.260,0.460] | 526.6s
2026-02-22 23:59:39 - M5Trainer - INFO - [Step  3700/20000] Stage B | L=2.9030e+02 (IC=8.073e-02, BC=7.626e-02, PDE=7.694e+05, Qg=2.187e-01, Qz=2.486e-03, Sd=2.166e-02, SQg=9.514e-03, SwB=0.000e+00) | k_frac=8.0000 mD, dp=13.30 MPa | ng=1.193, nw=4.407 | Sw=[0.260,0.458] | 541.6s
2026-02-22 23:59:54 - M5Trainer - INFO - [Step  3800/20000] Stage B | L=3.4594e+02 (IC=3.180e-02, BC=3.864e-02, PDE=8.122e+05, Qg=2.101e-01, Qz=1.743e-03, Sd=1.855e-02, SQg=9.417e-03, SwB=0.000e+00) | k_frac=8.0000 mD, dp=13.30 MPa | ng=1.222, nw=4.407 | Sw=[0.260,0.459] | 556.7s
2026-02-23 00:00:09 - M5Trainer - INFO - [Step  3900/20000] Stage B | L=3.4933e+02 (IC=5.680e-02, BC=2.830e-02, PDE=7.726e+05, Qg=2.265e-01, Qz=1.481e-03, Sd=1.989e-02, SQg=8.116e-03, SwB=0.000e+00) | k_frac=8.0000 mD, dp=13.30 MPa | ng=1.293, nw=4.407 | Sw=[0.260,0.459] | 571.9s
2026-02-23 00:00:27 - M5Trainer - INFO -   [Sw监控] SY9: Sw=[0.2600, 0.3007, 0.4597], krg_min=4.624033e-01
2026-02-23 00:00:27 - M5Trainer - INFO - [Step  4000/20000] Stage B | L=3.0363e+02 (IC=2.917e-02, BC=2.879e-02, PDE=6.624e+05, Qg=2.202e-01, Qz=1.914e-03, Sd=2.119e-02, SQg=9.847e-03, SwB=0.000e+00) | k_frac=8.0000 mD, dp=13.30 MPa | ng=1.253, nw=4.407 | Sw=[0.260,0.459] | 589.4s
2026-02-23 00:00:27 - M5Trainer - INFO -   [k_frac诊断] grad=None, k_frac=8.000001 mD
2026-02-23 00:00:42 - M5Trainer - INFO - [Step  4100/20000] Stage B | L=2.3231e+02 (IC=1.020e-01, BC=3.209e-02, PDE=6.282e+05, Qg=2.160e-01, Qz=1.293e-03, Sd=2.001e-02, SQg=8.516e-03, SwB=0.000e+00) | k_frac=8.0000 mD, dp=13.30 MPa | ng=1.232, nw=4.407 | Sw=[0.260,0.459] | 604.9s
2026-02-23 00:00:58 - M5Trainer - INFO - [Step  4200/20000] Stage B | L=2.5036e+02 (IC=7.409e-02, BC=8.755e-02, PDE=6.477e+05, Qg=2.109e-01, Qz=1.754e-03, Sd=2.184e-02, SQg=8.900e-03, SwB=0.000e+00) | k_frac=8.0000 mD, dp=13.30 MPa | ng=1.252, nw=4.407 | Sw=[0.260,0.451] | 621.0s
2026-02-23 00:01:14 - M5Trainer - INFO - [Step  4300/20000] Stage B | L=2.9113e+02 (IC=2.797e-02, BC=2.064e-02, PDE=6.062e+05, Qg=2.140e-01, Qz=1.585e-03, Sd=2.079e-02, SQg=9.369e-03, SwB=0.000e+00) | k_frac=8.0000 mD, dp=13.30 MPa | ng=1.297, nw=4.407 | Sw=[0.260,0.460] | 636.9s
2026-02-23 00:01:32 - M5Trainer - INFO - [Step  4400/20000] Stage B | L=2.3784e+02 (IC=6.450e-02, BC=3.448e-02, PDE=6.458e+05, Qg=2.147e-01, Qz=1.654e-03, Sd=2.218e-02, SQg=8.734e-03, SwB=0.000e+00) | k_frac=8.0000 mD, dp=13.30 MPa | ng=1.323, nw=4.407 | Sw=[0.260,0.460] | 655.1s
2026-02-23 00:01:51 - M5Trainer - INFO -   [Sw监控] SY9: Sw=[0.2600, 0.3131, 0.4598], krg_min=4.623735e-01
2026-02-23 00:01:51 - M5Trainer - INFO - [Step  4500/20000] Stage B | L=2.5609e+02 (IC=7.289e-02, BC=4.657e-02, PDE=6.059e+05, Qg=2.232e-01, Qz=1.633e-03, Sd=2.214e-02, SQg=9.155e-03, SwB=0.000e+00) | k_frac=8.0000 mD, dp=13.30 MPa | ng=1.420, nw=4.407 | Sw=[0.260,0.460] | 673.5s
2026-02-23 00:01:51 - M5Trainer - INFO -   [k_frac诊断] grad=None, k_frac=8.000001 mD
2026-02-23 00:02:08 - M5Trainer - INFO - [Step  4600/20000] Stage B | L=2.0447e+02 (IC=1.370e-01, BC=1.465e-01, PDE=6.467e+05, Qg=2.123e-01, Qz=1.487e-03, Sd=1.959e-02, SQg=9.732e-03, SwB=0.000e+00) | k_frac=8.0000 mD, dp=13.30 MPa | ng=1.516, nw=4.407 | Sw=[0.260,0.460] | 691.1s
2026-02-23 00:02:26 - M5Trainer - INFO - [Step  4700/20000] Stage B | L=1.9411e+02 (IC=1.054e-01, BC=1.317e-01, PDE=5.786e+05, Qg=2.191e-01, Qz=1.525e-03, Sd=2.107e-02, SQg=9.583e-03, SwB=0.000e+00) | k_frac=8.0000 mD, dp=13.30 MPa | ng=1.535, nw=4.407 | Sw=[0.260,0.460] | 708.6s
2026-02-23 00:02:43 - M5Trainer - INFO - [Step  4800/20000] Stage B | L=2.8836e+02 (IC=1.512e-02, BC=8.715e-03, PDE=5.809e+05, Qg=2.115e-01, Qz=1.444e-03, Sd=2.022e-02, SQg=8.755e-03, SwB=0.000e+00) | k_frac=8.0000 mD, dp=13.30 MPa | ng=1.609, nw=4.407 | Sw=[0.260,0.460] | 726.3s
2026-02-23 00:03:01 - M5Trainer - INFO - [Step  4900/20000] Stage B | L=2.1642e+02 (IC=7.493e-02, BC=5.802e-02, PDE=5.639e+05, Qg=2.125e-01, Qz=1.679e-03, Sd=2.309e-02, SQg=9.535e-03, SwB=0.000e+00) | k_frac=8.0000 mD, dp=13.30 MPa | ng=1.548, nw=4.407 | Sw=[0.260,0.450] | 743.8s
2026-02-23 00:03:17 - M5Trainer - INFO -   [Sw监控] SY9: Sw=[0.2600, 0.3152, 0.4598], krg_min=4.623540e-01
2026-02-23 00:03:17 - M5Trainer - INFO - [Step  5000/20000] Stage B | L=2.3792e+02 (IC=2.913e-02, BC=3.225e-02, PDE=5.479e+05, Qg=2.172e-01, Qz=1.424e-03, Sd=2.076e-02, SQg=9.615e-03, SwB=0.000e+00) | k_frac=8.0000 mD, dp=13.30 MPa | ng=1.488, nw=4.407 | Sw=[0.260,0.456] | 759.6s
2026-02-23 00:03:17 - M5Trainer - INFO -   [k_frac诊断] grad=None, k_frac=8.000001 mD
2026-02-23 00:03:33 - M5Trainer - INFO - [Step  5100/20000] Stage B | L=2.6024e+02 (IC=2.115e-02, BC=2.822e-02, PDE=5.495e+05, Qg=2.319e-01, Qz=1.299e-03, Sd=1.837e-02, SQg=9.973e-03, SwB=0.000e+00) | k_frac=8.0000 mD, dp=13.30 MPa | ng=1.597, nw=4.407 | Sw=[0.260,0.460] | 775.7s
2026-02-23 00:03:50 - M5Trainer - INFO - [Step  5200/20000] Stage B | L=2.4747e+02 (IC=4.836e-02, BC=4.883e-02, PDE=5.815e+05, Qg=2.095e-01, Qz=1.571e-03, Sd=1.875e-02, SQg=9.571e-03, SwB=0.000e+00) | k_frac=8.0000 mD, dp=13.30 MPa | ng=1.681, nw=4.407 | Sw=[0.260,0.449] | 793.0s
2026-02-23 00:04:08 - M5Trainer - INFO - [Step  5300/20000] Stage B | L=2.9431e+02 (IC=2.755e-02, BC=2.021e-02, PDE=6.081e+05, Qg=2.287e-01, Qz=1.471e-03, Sd=2.072e-02, SQg=9.836e-03, SwB=0.000e+00) | k_frac=8.0000 mD, dp=13.30 MPa | ng=1.756, nw=4.407 | Sw=[0.260,0.460] | 810.7s
2026-02-23 00:04:24 - M5Trainer - INFO - [Step  5400/20000] Stage B | L=2.5202e+02 (IC=2.325e-02, BC=2.803e-02, PDE=5.552e+05, Qg=2.109e-01, Qz=1.521e-03, Sd=2.111e-02, SQg=8.820e-03, SwB=0.000e+00) | k_frac=8.0000 mD, dp=13.30 MPa | ng=1.807, nw=4.407 | Sw=[0.260,0.460] | 827.3s
2026-02-23 00:04:41 - M5Trainer - INFO -   [Sw监控] SY9: Sw=[0.2600, 0.3094, 0.4598], krg_min=4.623382e-01
2026-02-23 00:04:41 - M5Trainer - INFO - [Step  5500/20000] Stage B | L=2.5050e+02 (IC=2.147e-02, BC=1.154e-02, PDE=4.960e+05, Qg=2.121e-01, Qz=1.352e-03, Sd=1.850e-02, SQg=9.274e-03, SwB=0.000e+00) | k_frac=8.0000 mD, dp=13.30 MPa | ng=1.842, nw=4.407 | Sw=[0.260,0.456] | 843.7s
2026-02-23 00:04:41 - M5Trainer - INFO -   [k_frac诊断] grad=None, k_frac=8.000001 mD
2026-02-23 00:04:58 - M5Trainer - INFO - [Step  5600/20000] Stage B | L=2.5927e+02 (IC=3.227e-02, BC=4.549e-02, PDE=5.752e+05, Qg=2.090e-01, Qz=1.248e-03, Sd=1.894e-02, SQg=9.110e-03, SwB=0.000e+00) | k_frac=8.0000 mD, dp=13.30 MPa | ng=1.911, nw=4.407 | Sw=[0.260,0.459] | 860.8s
2026-02-23 00:05:16 - M5Trainer - INFO - [Step  5700/20000] Stage B | L=1.8703e+02 (IC=5.787e-02, BC=6.632e-02, PDE=5.034e+05, Qg=2.074e-01, Qz=1.441e-03, Sd=2.026e-02, SQg=9.016e-03, SwB=0.000e+00) | k_frac=8.0000 mD, dp=13.30 MPa | ng=1.917, nw=4.407 | Sw=[0.260,0.449] | 878.5s
2026-02-23 00:05:33 - M5Trainer - INFO - [Step  5800/20000] Stage B | L=2.3722e+02 (IC=3.881e-02, BC=2.979e-02, PDE=5.322e+05, Qg=2.020e-01, Qz=1.586e-03, Sd=2.134e-02, SQg=8.959e-03, SwB=0.000e+00) | k_frac=8.0000 mD, dp=13.30 MPa | ng=1.941, nw=4.407 | Sw=[0.260,0.459] | 895.5s
2026-02-23 00:05:50 - M5Trainer - INFO - [Step  5900/20000] Stage B | L=2.6111e+02 (IC=1.485e-02, BC=1.593e-02, PDE=5.257e+05, Qg=2.086e-01, Qz=1.423e-03, Sd=2.147e-02, SQg=9.218e-03, SwB=0.000e+00) | k_frac=8.0000 mD, dp=13.30 MPa | ng=1.959, nw=4.407 | Sw=[0.260,0.448] | 912.4s
2026-02-23 00:06:06 - M5Trainer - INFO -   [Sw监控] SY9: Sw=[0.2600, 0.3140, 0.4599], krg_min=4.622715e-01
2026-02-23 00:06:06 - M5Trainer - INFO -   [best更新] val_score=18.1861 (step 6000)
2026-02-23 00:06:06 - M5Trainer - INFO - [Step  6000/20000] Stage B | L=2.4615e+02 (IC=1.350e-02, BC=1.640e-02, PDE=4.852e+05, Qg=2.076e-01, Qz=1.568e-03, Sd=2.237e-02, SQg=9.284e-03, SwB=0.000e+00) | k_frac=8.0000 mD, dp=13.30 MPa | ng=2.230, nw=4.407 | Sw=[0.260,0.460] | 929.3s
2026-02-23 00:06:06 - M5Trainer - INFO -   [k_frac诊断] grad=None, k_frac=8.000001 mD
2026-02-23 00:06:27 - M5Trainer - INFO - [Step  6100/20000] Stage B | L=2.0987e+02 (IC=5.588e-02, BC=6.475e-02, PDE=4.810e+05, Qg=2.283e-01, Qz=1.477e-03, Sd=1.859e-02, SQg=9.349e-03, SwB=0.000e+00) | k_frac=8.0000 mD, dp=13.30 MPa | ng=2.593, nw=4.407 | Sw=[0.260,0.459] | 949.7s
2026-02-23 00:06:50 - M5Trainer - INFO - [Step  6200/20000] Stage B | L=2.6017e+02 (IC=1.400e-02, BC=1.191e-02, PDE=5.134e+05, Qg=2.121e-01, Qz=1.515e-03, Sd=2.133e-02, SQg=9.594e-03, SwB=0.000e+00) | k_frac=8.0000 mD, dp=13.30 MPa | ng=2.646, nw=4.407 | Sw=[0.260,0.460] | 972.5s
2026-02-23 00:07:09 - M5Trainer - INFO - [Step  6300/20000] Stage B | L=2.6597e+02 (IC=2.623e-02, BC=2.114e-02, PDE=5.093e+05, Qg=2.022e-01, Qz=1.448e-03, Sd=2.243e-02, SQg=9.286e-03, SwB=0.000e+00) | k_frac=8.0000 mD, dp=13.30 MPa | ng=2.788, nw=4.407 | Sw=[0.260,0.460] | 991.6s
2026-02-23 00:07:28 - M5Trainer - INFO - [Step  6400/20000] Stage B | L=1.9242e+02 (IC=6.544e-02, BC=5.988e-02, PDE=5.034e+05, Qg=2.037e-01, Qz=1.399e-03, Sd=2.208e-02, SQg=9.378e-03, SwB=0.000e+00) | k_frac=8.0000 mD, dp=13.30 MPa | ng=2.819, nw=4.407 | Sw=[0.260,0.459] | 1010.6s
2026-02-23 00:07:46 - M5Trainer - INFO -   [Sw监控] SY9: Sw=[0.2600, 0.3135, 0.4599], krg_min=4.622685e-01
2026-02-23 00:07:46 - M5Trainer - INFO - [Step  6500/20000] Stage B | L=2.6010e+02 (IC=1.144e-02, BC=8.161e-03, PDE=5.000e+05, Qg=2.033e-01, Qz=1.319e-03, Sd=1.938e-02, SQg=9.047e-03, SwB=0.000e+00) | k_frac=8.0000 mD, dp=13.30 MPa | ng=2.819, nw=4.407 | Sw=[0.260,0.460] | 1029.1s
2026-02-23 00:07:46 - M5Trainer - INFO -   [k_frac诊断] grad=None, k_frac=8.000001 mD
2026-02-23 00:08:05 - M5Trainer - INFO - [Step  6600/20000] Stage B | L=2.4314e+02 (IC=1.670e-02, BC=2.325e-02, PDE=5.144e+05, Qg=2.034e-01, Qz=1.354e-03, Sd=1.909e-02, SQg=9.277e-03, SwB=0.000e+00) | k_frac=8.0000 mD, dp=13.30 MPa | ng=2.793, nw=4.407 | Sw=[0.260,0.459] | 1048.3s
2026-02-23 00:08:25 - M5Trainer - INFO - [Step  6700/20000] Stage B | L=2.3435e+02 (IC=3.329e-02, BC=2.606e-02, PDE=4.939e+05, Qg=2.048e-01, Qz=1.274e-03, Sd=2.067e-02, SQg=8.606e-03, SwB=0.000e+00) | k_frac=8.0000 mD, dp=13.30 MPa | ng=2.808, nw=4.407 | Sw=[0.260,0.459] | 1067.7s
2026-02-23 00:08:45 - M5Trainer - INFO - [Step  6800/20000] Stage B | L=2.5773e+02 (IC=1.508e-02, BC=1.311e-02, PDE=5.176e+05, Qg=2.050e-01, Qz=1.230e-03, Sd=2.107e-02, SQg=8.450e-03, SwB=0.000e+00) | k_frac=8.0000 mD, dp=13.30 MPa | ng=2.745, nw=4.407 | Sw=[0.260,0.460] | 1087.5s
2026-02-23 00:09:05 - M5Trainer - INFO - [Step  6900/20000] Stage B | L=2.5403e+02 (IC=8.179e-03, BC=8.481e-03, PDE=4.660e+05, Qg=1.978e-01, Qz=1.104e-03, Sd=1.990e-02, SQg=9.280e-03, SwB=0.000e+00) | k_frac=8.0000 mD, dp=13.30 MPa | ng=2.712, nw=4.407 | Sw=[0.260,0.460] | 1108.3s
2026-02-23 00:09:25 - M5Trainer - INFO -   [Sw监控] SY9: Sw=[0.2600, 0.3163, 0.4599], krg_min=4.622571e-01
2026-02-23 00:09:25 - M5Trainer - INFO - [Step  7000/20000] Stage B | L=1.8108e+02 (IC=1.332e-02, BC=9.520e-03, PDE=4.125e+05, Qg=2.082e-01, Qz=9.646e-04, Sd=2.003e-02, SQg=1.007e-02, SwB=0.000e+00) | k_frac=8.0000 mD, dp=13.30 MPa | ng=2.684, nw=4.407 | Sw=[0.260,0.458] | 1127.8s
2026-02-23 00:09:25 - M5Trainer - INFO -   [k_frac诊断] grad=None, k_frac=8.000001 mD
2026-02-23 00:09:46 - M5Trainer - INFO - [Step  7100/20000] Stage B | L=1.0207e+02 (IC=1.444e-01, BC=1.271e-01, PDE=4.362e+05, Qg=2.038e-01, Qz=1.195e-03, Sd=2.039e-02, SQg=9.097e-03, SwB=0.000e+00) | k_frac=8.0000 mD, dp=13.30 MPa | ng=2.734, nw=4.407 | Sw=[0.260,0.459] | 1149.0s
2026-02-23 00:10:07 - M5Trainer - INFO - [Step  7200/20000] Stage B | L=2.2210e+02 (IC=1.762e-02, BC=1.841e-02, PDE=4.556e+05, Qg=2.115e-01, Qz=7.780e-04, Sd=2.070e-02, SQg=8.544e-03, SwB=0.000e+00) | k_frac=8.0000 mD, dp=13.30 MPa | ng=2.724, nw=4.407 | Sw=[0.260,0.460] | 1169.8s
2026-02-23 00:10:27 - M5Trainer - INFO - [Step  7300/20000] Stage B | L=2.4109e+02 (IC=1.021e-02, BC=9.772e-03, PDE=4.567e+05, Qg=2.011e-01, Qz=1.347e-03, Sd=1.904e-02, SQg=9.319e-03, SwB=0.000e+00) | k_frac=8.0000 mD, dp=13.30 MPa | ng=2.680, nw=4.407 | Sw=[0.260,0.460] | 1190.3s
2026-02-23 00:10:48 - M5Trainer - INFO - [Step  7400/20000] Stage B | L=1.9274e+02 (IC=6.147e-02, BC=5.311e-02, PDE=5.051e+05, Qg=2.036e-01, Qz=1.047e-03, Sd=1.770e-02, SQg=9.259e-03, SwB=0.000e+00) | k_frac=8.0000 mD, dp=13.30 MPa | ng=2.574, nw=4.407 | Sw=[0.260,0.460] | 1210.8s
2026-02-23 00:11:09 - M5Trainer - INFO -   [Sw监控] SY9: Sw=[0.2600, 0.3159, 0.4598], krg_min=4.622831e-01
2026-02-23 00:11:09 - M5Trainer - INFO - [Step  7500/20000] Stage B | L=2.1486e+02 (IC=2.624e-02, BC=1.418e-02, PDE=4.356e+05, Qg=1.982e-01, Qz=1.363e-03, Sd=1.870e-02, SQg=9.287e-03, SwB=0.000e+00) | k_frac=8.0000 mD, dp=13.30 MPa | ng=2.447, nw=4.407 | Sw=[0.260,0.458] | 1231.4s
2026-02-23 00:11:09 - M5Trainer - INFO -   [k_frac诊断] grad=None, k_frac=8.000001 mD
2026-02-23 00:11:31 - M5Trainer - INFO - [Step  7600/20000] Stage B | L=1.9531e+02 (IC=1.779e-02, BC=2.043e-02, PDE=4.174e+05, Qg=2.107e-01, Qz=1.373e-03, Sd=2.247e-02, SQg=9.253e-03, SwB=0.000e+00) | k_frac=8.0000 mD, dp=13.30 MPa | ng=2.414, nw=4.407 | Sw=[0.260,0.459] | 1253.5s
2026-02-23 00:11:53 - M5Trainer - INFO - [Step  7700/20000] Stage B | L=1.8631e+02 (IC=4.163e-02, BC=4.146e-02, PDE=4.295e+05, Qg=2.027e-01, Qz=1.435e-03, Sd=1.951e-02, SQg=9.605e-03, SwB=0.000e+00) | k_frac=8.0000 mD, dp=13.30 MPa | ng=2.368, nw=4.407 | Sw=[0.260,0.458] | 1276.0s
2026-02-23 00:12:15 - M5Trainer - INFO - [Step  7800/20000] Stage B | L=2.1743e+02 (IC=1.392e-02, BC=1.868e-02, PDE=4.175e+05, Qg=2.008e-01, Qz=1.631e-03, Sd=1.973e-02, SQg=9.603e-03, SwB=0.000e+00) | k_frac=8.0000 mD, dp=13.30 MPa | ng=2.296, nw=4.407 | Sw=[0.260,0.460] | 1297.7s
2026-02-23 00:12:36 - M5Trainer - INFO - [Step  7900/20000] Stage B | L=1.9735e+02 (IC=3.804e-02, BC=3.633e-02, PDE=4.399e+05, Qg=1.982e-01, Qz=1.241e-03, Sd=1.819e-02, SQg=9.340e-03, SwB=0.000e+00) | k_frac=8.0000 mD, dp=13.30 MPa | ng=2.282, nw=4.407 | Sw=[0.260,0.460] | 1318.6s
2026-02-23 00:12:57 - M5Trainer - INFO -   [Sw监控] SY9: Sw=[0.2600, 0.3260, 0.4599], krg_min=4.622657e-01
2026-02-23 00:12:57 - M5Trainer - INFO - [Step  8000/20000] Stage B | L=1.9779e+02 (IC=1.859e-02, BC=2.564e-02, PDE=3.716e+05, Qg=2.081e-01, Qz=1.099e-03, Sd=1.960e-02, SQg=9.139e-03, SwB=0.000e+00) | k_frac=8.0000 mD, dp=13.30 MPa | ng=2.262, nw=4.407 | Sw=[0.260,0.455] | 1339.7s
2026-02-23 00:12:57 - M5Trainer - INFO -   [k_frac诊断] grad=None, k_frac=8.000001 mD
2026-02-23 00:13:17 - M5Trainer - INFO - [Step  8100/20000] Stage B | L=2.2264e+02 (IC=9.516e-03, BC=8.387e-03, PDE=3.757e+05, Qg=2.031e-01, Qz=1.339e-03, Sd=1.718e-02, SQg=9.207e-03, SwB=0.000e+00) | k_frac=8.0000 mD, dp=13.30 MPa | ng=2.204, nw=4.407 | Sw=[0.260,0.460] | 1360.3s
2026-02-23 00:13:36 - M5Trainer - INFO - [Step  8200/20000] Stage B | L=2.0417e+02 (IC=1.797e-02, BC=1.358e-02, PDE=3.849e+05, Qg=1.968e-01, Qz=1.355e-03, Sd=1.968e-02, SQg=9.046e-03, SwB=0.000e+00) | k_frac=8.0000 mD, dp=13.30 MPa | ng=2.118, nw=4.407 | Sw=[0.260,0.460] | 1379.3s
2026-02-23 00:13:56 - M5Trainer - INFO - [Step  8300/20000] Stage B | L=2.0335e+02 (IC=1.606e-02, BC=1.119e-02, PDE=3.781e+05, Qg=1.991e-01, Qz=1.290e-03, Sd=1.921e-02, SQg=9.479e-03, SwB=0.000e+00) | k_frac=8.0000 mD, dp=13.30 MPa | ng=2.063, nw=4.407 | Sw=[0.260,0.456] | 1399.3s
2026-02-23 00:14:15 - M5Trainer - INFO - [Step  8400/20000] Stage B | L=1.9232e+02 (IC=1.982e-02, BC=1.888e-02, PDE=3.634e+05, Qg=2.096e-01, Qz=1.212e-03, Sd=1.926e-02, SQg=9.622e-03, SwB=0.000e+00) | k_frac=8.0000 mD, dp=13.30 MPa | ng=2.015, nw=4.407 | Sw=[0.260,0.460] | 1417.8s
