2026-02-19 20:55:22 - M5Trainer - INFO -   torch.compile 已跳过 (Triton 不支持 Windows, 使用 eager 模式)
2026-02-19 20:55:22 - M5Trainer - INFO - k_frac 独立参数组: lr=3.00e-03 (factor=3.0)
2026-02-19 20:55:23 - M5Trainer - INFO - k_net 学习率: 1.00e-04 (factor=0.1, warmup=2000 steps)
2026-02-19 20:55:23 - M5Trainer - INFO -   井 SY9: 1332 条同化数据 (train=799, val=266, test=267)
    开井点数 (q>1): train=745, val=88, test=121
    有效压力点: val_p=109, test_p=121
2026-02-19 20:55:23 - M5Trainer - INFO -   train time window(norm): [0.0000, 0.5995]
2026-02-19 20:55:23 - M5Trainer - INFO -   M3 PVT cg(73.50320553023063, 140.32) = 0.009749
2026-02-19 20:55:23 - M5Trainer - INFO -   M3 PVT Bg(73.50320553023063, 140.32) = 0.002623
2026-02-19 20:55:23 - M5Trainer - INFO -   PDE 缩放: αx=0.827820, αy=2.071330
2026-02-19 20:55:23 - M5Trainer - INFO - M5Trainer 初始化完成: device=cuda, lr=0.001, max_steps=25000, relobralo=True, rar=True
2026-02-19 20:55:23 - M5Trainer - INFO - ============================================================
2026-02-19 20:55:23 - M5Trainer - INFO - M5 PINN 井—藏耦合同化训练开始
2026-02-19 20:55:23 - M5Trainer - INFO - ============================================================
2026-02-19 20:55:23 - M5Trainer - INFO - 训练阶段: A[0-2500] B[2500-8750] C[8750-17500] D[17500-25000]
2026-02-19 20:55:23 - M5Trainer - INFO -   qg_nearzero 权重: A=3.0, B=6.0->9.0, C=12.0, D=3.0, enable=True
2026-02-19 20:55:23 - M5Trainer - INFO - --- M5 单位/量纲诊断 (train 第 1 步前) ---
2026-02-19 20:55:23 - M5Trainer - INFO -   qg_obs 范围: 0.00e+00 ~ 8.39e+05 m³/d, 均值: 2.97e+05 m³/d
2026-02-19 20:55:23 - M5Trainer - INFO -   qg_pred 范围: 2.30e+06 ~ 2.35e+06
2026-02-19 20:55:23 - M5Trainer - INFO -   p_wf 范围: 7.43e+01 ~ 7.43e+01 MPa
2026-02-19 20:55:23 - M5Trainer - INFO -   p_field @ well: 7.50e+01 MPa
2026-02-19 20:55:23 - M5Trainer - INFO -   k_frac = 31.7805 mD
2026-02-19 20:55:23 - M5Trainer - INFO -   WI_raw = 2.535521e-12 [检查单位]
2026-02-19 20:55:23 - M5Trainer - INFO -   dp_wellbore = 12.00 MPa
2026-02-19 20:55:23 - M5Trainer - INFO -   Bg_ref = 2.622580e-03
2026-02-19 20:55:23 - M5Trainer - INFO -   qg_obs 范围: 0.00e+00 ~ 8.39e+05 m³/d
2026-02-19 20:55:23 - M5Trainer - INFO -   qg_obs 中位数 = 3.07e+05 m³/d
2026-02-19 20:55:23 - M5Trainer - INFO -   ✅ v9: PDE源项已升级为时变 source(x,y,t) = qg_obs(t) * kernel(x,y)
2026-02-19 20:55:23 - M5Trainer - INFO -   ✅ 每个PDE配点使用其时刻对应的真实观测产量（线性插值）
2026-02-19 20:55:23 - M5Trainer - INFO - --- 诊断结束 ---
2026-02-19 20:55:23 - M5Trainer - INFO -   [shape] SY9: qg pred=(1332, 1) vs obs=(1332, 1), p_wf pred=(1332, 1) vs p_obs=(1332, 1)
2026-02-19 20:55:24 - M5Trainer - INFO -   [Sw约束v9] Sw=[0.260, 0.260, 0.260], 权重=500, 惩罚=0.000000 (低=0.0000, 高=0.0000)
2026-02-19 20:55:24 - M5Trainer - INFO -   ✅ k_frac_mD.grad = 4.488718e-01 (PDE梯度贯通)
2026-02-19 20:55:24 - M5Trainer - INFO -   ✅ k_net: 18 组参数收到梯度
2026-02-19 20:55:24 - M5Trainer - INFO -   [梯度验收] SY9: qg_obs range=[0.0, 838700.0]
2026-02-19 20:55:24 - M5Trainer - INFO -   [Sw监控] SY9: Sw=[0.2600, 0.2600, 0.2600], krg_min=6.751000e-01
2026-02-19 20:55:24 - M5Trainer - INFO - [Step     0/25000] Stage A | L=1.0863e+03 (IC=2.240e+00, BC=2.240e+00, PDE=1.611e+06, Qg=5.457e+00, Qz=4.359e+00, Sd=3.631e-01, SwB=0.000e+00) | k_frac=31.7796 mD, dp=12.00 MPa | Sw=[0.260,0.260] | 0.6s
2026-02-19 20:55:24 - M5Trainer - INFO -   [k_frac诊断] grad=4.4887e-01, k_frac=31.779566 mD
