2026-02-12 01:21:05 - M5Trainer - INFO -   torch.compile 已跳过 (Triton 不支持 Windows, 使用 eager 模式)
2026-02-12 01:21:06 - M5Trainer - INFO - k_net 学习率: 3.00e-04 (factor=0.3, warmup=2000 steps)
2026-02-12 01:21:06 - M5Trainer - INFO -   井 SY9: 1025 条同化数据
2026-02-12 01:21:06 - M5Trainer - INFO -   M3 PVT cg(76.0, 140.32) = 0.009744
2026-02-12 01:21:06 - M5Trainer - INFO -   M3 PVT Bg(76.0, 140.32) = 0.002577
2026-02-12 01:21:06 - M5Trainer - INFO -   PDE 缩放: αx=0.029719, αy=0.074361
2026-02-12 01:21:06 - M5Trainer - INFO - M5Trainer 初始化完成: device=cuda, lr=0.001, max_steps=50000, relobralo=True, rar=True
2026-02-12 01:21:06 - M5Trainer - INFO - ============================================================
2026-02-12 01:21:06 - M5Trainer - INFO - M5 PINN 井—藏耦合同化训练开始
2026-02-12 01:21:06 - M5Trainer - INFO - ============================================================
2026-02-12 01:21:06 - M5Trainer - INFO - 训练阶段: A[0-7500] B[7500-20000] C[20000-35000] D[35000-50000]
2026-02-12 01:21:06 - M5Trainer - INFO - --- M5 单位/量纲诊断 (train 第 1 步前) ---
2026-02-12 01:21:06 - M5Trainer - INFO -   qg_obs 范围: 0.00e+00 ~ 8.39e+05 m³/d, 均值: 3.86e+05 m³/d
2026-02-12 01:21:06 - M5Trainer - INFO -   qg_pred 范围: 3.76e+06 ~ 3.90e+06
2026-02-12 01:21:06 - M5Trainer - INFO -   p_wf 范围: 4.50e+01 ~ 4.53e+01 MPa
2026-02-12 01:21:06 - M5Trainer - INFO -   p_field @ well: 5.25e+01 MPa
2026-02-12 01:21:06 - M5Trainer - INFO -   k_eff = 0.1460 mD, f_frac = 37.00
2026-02-12 01:21:06 - M5Trainer - INFO -   WI_raw = 4.309845e-13 [检查单位]
2026-02-12 01:21:06 - M5Trainer - INFO -   dp_wellbore = 5.00 MPa
2026-02-12 01:21:06 - M5Trainer - INFO -   Bg_ref = 2.576898e-03
2026-02-12 01:21:06 - M5Trainer - INFO - --- 诊断结束 ---
2026-02-12 01:21:07 - M5Trainer - INFO -   ✅ k_eff_mD.grad = 9.861826e-16 (PDE梯度贯通)
2026-02-12 01:21:07 - M5Trainer - INFO -   ✅ k_net: 18 组参数收到梯度
2026-02-12 01:21:07 - M5Trainer - INFO -   ✅ f_frac.grad = 4.257586e-05
2026-02-12 01:21:07 - M5Trainer - INFO -   [梯度验收] SY9: qg_obs range=[0.0, 838700.0]
2026-02-12 01:21:07 - M5Trainer - INFO -   [Sw监控] SY9: Sw=[0.2600, 0.2600, 0.2600], krg_min=6.750000e-01
2026-02-12 01:21:07 - M5Trainer - INFO - [Step     0/50000] Stage A | L=8.2917e+03 (IC=5.522e+02, BC=5.522e+02, PDE=1.580e+01, Qg=7.909e+01) | k=0.15 mD, f=37.0 | Sw=[0.260,0.260] | 0.8s
2026-02-12 01:21:20 - M5Trainer - INFO - [Step   100/50000] Stage A | L=9.3074e+00 (IC=2.207e-01, BC=2.034e-01, PDE=1.950e+01, Qg=6.035e+01) | k=0.15 mD, f=37.0 | Sw=[0.161,0.408] | 14.1s
