2026-02-19 13:41:41 - M5Trainer - INFO -   torch.compile 已跳过 (Triton 不支持 Windows, 使用 eager 模式)
2026-02-19 13:41:41 - M5Trainer - INFO - k_frac 独立参数组: lr=3.00e-03 (factor=3.0)
2026-02-19 13:41:42 - M5Trainer - INFO - k_net 学习率: 1.00e-04 (factor=0.1, warmup=2000 steps)
2026-02-19 13:41:42 - M5Trainer - INFO -   井 SY9: 1332 条同化数据 (train=799, val=266, test=267)
    开井点数 (q>1): train=745, val=88, test=121
    有效压力点: val_p=109, test_p=121
2026-02-19 13:41:42 - M5Trainer - INFO -   train time window(norm): [0.0000, 0.5995]
2026-02-19 13:41:42 - M5Trainer - INFO -   M3 PVT cg(76.0, 140.32) = 0.009744
2026-02-19 13:41:42 - M5Trainer - INFO -   M3 PVT Bg(76.0, 140.32) = 0.002577
2026-02-19 13:41:42 - M5Trainer - INFO -   PDE 缩放: αx=0.029719, αy=0.074361
2026-02-19 13:41:42 - M5Trainer - INFO - M5Trainer 初始化完成: device=cuda, lr=0.001, max_steps=5000, relobralo=True, rar=True
2026-02-19 13:41:42 - M5Trainer - INFO - ============================================================
2026-02-19 13:41:42 - M5Trainer - INFO - M5 PINN 井—藏耦合同化训练开始
2026-02-19 13:41:42 - M5Trainer - INFO - ============================================================
2026-02-19 13:41:42 - M5Trainer - INFO - 训练阶段: A[0-500] B[500-1750] C[1750-3500] D[3500-5000]
2026-02-19 13:41:42 - M5Trainer - INFO -   qg_nearzero 权重: A=3.0, B=6.0->9.0, C=12.0, D=3.0, enable=True
2026-02-19 13:41:42 - M5Trainer - INFO - --- M5 单位/量纲诊断 (train 第 1 步前) ---
2026-02-19 13:41:43 - M5Trainer - INFO -   qg_obs 范围: 0.00e+00 ~ 8.39e+05 m³/d, 均值: 2.97e+05 m³/d
2026-02-19 13:41:43 - M5Trainer - INFO -   qg_pred 范围: 3.46e+05 ~ 3.83e+05
2026-02-19 13:41:43 - M5Trainer - INFO -   p_wf 范围: 7.43e+01 ~ 7.44e+01 MPa
2026-02-19 13:41:43 - M5Trainer - INFO -   p_field @ well: 7.50e+01 MPa
2026-02-19 13:41:43 - M5Trainer - INFO -   k_frac = 5.4020 mD
2026-02-19 13:41:43 - M5Trainer - INFO -   WI_raw = 4.309845e-13 [检查单位]
2026-02-19 13:41:43 - M5Trainer - INFO -   dp_wellbore = 12.00 MPa
2026-02-19 13:41:43 - M5Trainer - INFO -   Bg_ref = 2.576898e-03
2026-02-19 13:41:43 - M5Trainer - INFO -   qg_obs 范围: 0.00e+00 ~ 8.39e+05 m³/d
2026-02-19 13:41:43 - M5Trainer - INFO -   qg_obs 中位数 = 3.07e+05 m³/d
2026-02-19 13:41:43 - M5Trainer - INFO -   ✅ v9: PDE源项已升级为时变 source(x,y,t) = qg_obs(t) * kernel(x,y)
2026-02-19 13:41:43 - M5Trainer - INFO -   ✅ 每个PDE配点使用其时刻对应的真实观测产量（线性插值）
2026-02-19 13:41:43 - M5Trainer - INFO - --- 诊断结束 ---
2026-02-19 13:41:43 - M5Trainer - INFO -   [shape] SY9: qg pred=(1332, 1) vs obs=(1332, 1), p_wf pred=(1332, 1) vs p_obs=(1332, 1)
2026-02-19 13:41:43 - M5Trainer - INFO -   [Sw约束v9] Sw=[0.260, 0.260, 0.260], 权重=500, 惩罚=0.000000 (低=0.0000, 高=0.0000)
2026-02-19 13:41:44 - M5Trainer - INFO -   ✅ k_frac_mD.grad = -5.699900e-03 (PDE梯度贯通)
2026-02-19 13:41:44 - M5Trainer - INFO -   ✅ k_net: 18 组参数收到梯度
2026-02-19 13:41:44 - M5Trainer - INFO -   [梯度验收] SY9: qg_obs range=[0.0, 838700.0]
2026-02-19 13:41:44 - M5Trainer - INFO -   [Sw监控] SY9: Sw=[0.2600, 0.2600, 0.2600], krg_min=6.751000e-01
2026-02-19 13:41:44 - M5Trainer - INFO - [Step     0/5000] Stage A | L=7.9429e+02 (IC=1.000e+00, BC=1.000e+00, PDE=1.611e+06, Qg=3.217e-01, Qz=1.205e-01, Sd=3.393e-01, SwB=0.000e+00) | k_frac=5.4022 mD, dp=12.00 MPa | Sw=[0.260,0.260] | 1.3s
2026-02-19 13:41:44 - M5Trainer - INFO -   [k_frac诊断] grad=-5.6999e-03, k_frac=5.402157 mD
2026-02-19 13:42:21 - M5Trainer - INFO - [Step   100/5000] Stage A | L=3.1041e+02 (IC=9.215e-03, BC=9.941e-03, PDE=1.988e+06, Qg=3.160e-01, Qz=2.110e-01, Sd=7.198e-01, SwB=0.000e+00) | k_frac=5.4336 mD, dp=12.02 MPa | Sw=[0.241,0.273] | 38.8s
2026-02-19 13:43:00 - M5Trainer - INFO -   [梯度验收] SY9: qg_obs range=[0.0, 838700.0]
2026-02-19 13:43:00 - M5Trainer - INFO - [Step   200/5000] Stage A | L=1.6615e+02 (IC=3.541e-02, BC=1.946e-02, PDE=1.739e+06, Qg=3.081e-01, Qz=9.193e-02, Sd=1.679e+01, SwB=0.000e+00) | k_frac=5.2033 mD, dp=12.06 MPa | Sw=[0.151,0.647] | 77.8s
2026-02-19 13:43:39 - M5Trainer - INFO - [Step   300/5000] Stage A | L=3.2569e+02 (IC=7.937e-02, BC=3.546e-02, PDE=1.922e+06, Qg=2.082e-01, Qz=3.896e-02, Sd=1.886e+01, SwB=0.000e+00) | k_frac=5.1833 mD, dp=12.06 MPa | Sw=[0.151,0.672] | 116.3s
2026-02-19 13:44:14 - M5Trainer - INFO -   [梯度验收] SY9: qg_obs range=[0.0, 838700.0]
2026-02-19 13:44:14 - M5Trainer - INFO - [Step   400/5000] Stage A | L=3.3673e+02 (IC=3.618e-02, BC=4.535e-02, PDE=1.875e+06, Qg=2.216e-01, Qz=5.651e-02, Sd=2.033e+01, SwB=0.000e+00) | k_frac=5.1697 mD, dp=12.07 MPa | Sw=[0.146,0.641] | 151.4s
2026-02-19 13:44:50 - M5Trainer - INFO -   [Sw约束v9] Sw=[0.139, 0.293, 0.741], 权重=300, 惩罚=0.000000 (低=0.0000, 高=0.0000)
2026-02-19 13:44:50 - M5Trainer - INFO -   [Sw监控] SY9: Sw=[0.5906, 0.6604, 0.7428], krg_min=5.607570e-02
2026-02-19 13:44:50 - M5Trainer - INFO - [Step   500/5000] Stage B | L=1.5347e+03 (IC=1.589e-01, BC=9.174e-02, PDE=1.561e+06, Qg=2.124e-01, Qz=3.839e-02, Sd=2.161e+01, SwB=0.000e+00) | k_frac=5.1591 mD, dp=12.07 MPa | Sw=[0.157,0.660] | 187.4s
2026-02-19 13:44:50 - M5Trainer - INFO -   [k_frac诊断] grad=-1.1255e-01, k_frac=5.159127 mD
