2026-02-21 10:40:58 - M5Trainer - INFO -   torch.compile 已跳过 (Triton 不支持 Windows, 使用 eager 模式)
2026-02-21 10:40:58 - M5Trainer - INFO - k_frac 独立参数组: lr=3.00e-03 (factor=3.0)
2026-02-21 10:40:59 - M5Trainer - INFO - k_net 学习率: 1.00e-04 (factor=0.1, warmup=2000 steps)
2026-02-21 10:40:59 - M5Trainer - INFO -   井 SY9: 1332 条同化数据 (train=799, val=266, test=267)
    开井点数 (q>1): train=745, val=88, test=121
    有效压力点: val_p=109, test_p=121
2026-02-21 10:40:59 - M5Trainer - INFO -   train time window(norm): [0.0000, 0.5995]
2026-02-21 10:40:59 - M5Trainer - INFO -   M3 PVT cg(76.0, 140.32) = 0.009744
2026-02-21 10:40:59 - M5Trainer - INFO -   M3 PVT Bg(76.0, 140.32) = 0.002577
2026-02-21 10:40:59 - M5Trainer - INFO -   PDE 缩放: αx=1.017765, αy=2.546600
2026-02-21 10:40:59 - M5Trainer - INFO - M5Trainer 初始化完成: device=cuda, lr=0.001, max_steps=10000, relobralo=True, rar=True
2026-02-21 10:40:59 - M5Trainer - INFO - ============================================================
2026-02-21 10:40:59 - M5Trainer - INFO - M5 PINN 井—藏耦合同化训练开始
2026-02-21 10:40:59 - M5Trainer - INFO - ============================================================
2026-02-21 10:40:59 - M5Trainer - INFO -   阶段权重已被 config 覆盖 (train.stages 或 training_stages.stage_*.weights)
2026-02-21 10:40:59 - M5Trainer - INFO - 训练阶段: A[0-1000] B[1000-4800] C[4800-7800] D[7800-10000]
2026-02-21 10:40:59 - M5Trainer - INFO -   qg_nearzero 权重: A=3.0, B=6.0->9.0, C=12.0, D=3.0, enable=True
2026-02-21 10:40:59 - M5Trainer - INFO - --- M5 单位/量纲诊断 (train 第 1 步前) ---
2026-02-21 10:40:59 - M5Trainer - INFO -   qg_obs 范围: 0.00e+00 ~ 8.39e+05 m³/d, 均值: 2.97e+05 m³/d
2026-02-21 10:40:59 - M5Trainer - INFO -   qg_pred 范围: 2.79e+06 ~ 2.93e+06
2026-02-21 10:40:59 - M5Trainer - INFO -   p_wf 范围: 7.43e+01 ~ 7.43e+01 MPa
2026-02-21 10:40:59 - M5Trainer - INFO -   p_field @ well: 7.50e+01 MPa
2026-02-21 10:40:59 - M5Trainer - INFO -   k_frac = 40.0000 mD
2026-02-21 10:40:59 - M5Trainer - INFO -   WI_raw = 3.191296e-12 [检查单位]
2026-02-21 10:40:59 - M5Trainer - INFO -   dp_wellbore = 13.30 MPa
2026-02-21 10:40:59 - M5Trainer - INFO -   Bg_ref = 2.576898e-03
2026-02-21 10:40:59 - M5Trainer - INFO -   qg_obs 范围: 0.00e+00 ~ 8.39e+05 m³/d
2026-02-21 10:40:59 - M5Trainer - INFO -   qg_obs 中位数 = 3.07e+05 m³/d
2026-02-21 10:40:59 - M5Trainer - INFO -   ✅ v9: PDE源项已升级为时变 source(x,y,t) = qg_obs(t) * kernel(x,y)
2026-02-21 10:40:59 - M5Trainer - INFO -   ✅ 每个PDE配点使用其时刻对应的真实观测产量（线性插值）
2026-02-21 10:40:59 - M5Trainer - INFO - --- 诊断结束 ---
2026-02-21 10:40:59 - M5Trainer - INFO -   [shape] SY9: qg pred=(1332, 1) vs obs=(1332, 1), p_wf pred=(1332, 1) vs p_obs=(1332, 1)
2026-02-21 10:41:00 - M5Trainer - INFO -   ✅ k_frac_mD.grad = 5.262991e-01 (PDE梯度贯通)
2026-02-21 10:41:00 - M5Trainer - INFO -   ✅ k_net: 18 组参数收到梯度
2026-02-21 10:41:00 - M5Trainer - INFO -   [梯度验收] SY9: qg_obs range=[0.0, 838700.0]
2026-02-21 10:41:00 - M5Trainer - INFO -   [Sw监控] SY9: Sw=[0.2600, 0.2600, 0.2600], krg_min=6.751000e-01
2026-02-21 10:41:00 - M5Trainer - INFO - [Step     0/10000] Stage A | L=1.6915e+04 (IC=1.000e+00, BC=1.000e+00, PDE=1.611e+06, Qg=6.064e+00, Qz=7.103e+00, Sd=3.717e-01, SwB=0.000e+00) | k_frac=39.9989 mD, dp=13.30 MPa | Sw=[0.260,0.260] | 0.7s
2026-02-21 10:41:00 - M5Trainer - INFO -   [k_frac诊断] grad=5.2630e-01, k_frac=39.998894 mD
2026-02-21 10:41:12 - M5Trainer - INFO - [Step   100/10000] Stage A | L=1.9996e+04 (IC=2.413e-02, BC=2.251e-02, PDE=1.987e+06, Qg=6.638e-01, Qz=8.482e-02, Sd=2.387e-01, SwB=3.399e-05) | k_frac=39.5475 mD, dp=13.32 MPa | Sw=[0.260,0.506] | 12.9s
2026-02-21 10:41:24 - M5Trainer - INFO -   [梯度验收] SY9: qg_obs range=[0.0, 838700.0]
2026-02-21 10:41:24 - M5Trainer - INFO - [Step   200/10000] Stage A | L=1.4831e+04 (IC=3.649e-02, BC=4.804e-02, PDE=1.739e+06, Qg=1.826e-01, Qz=1.808e-01, Sd=1.817e-01, SwB=0.000e+00) | k_frac=38.9015 mD, dp=13.39 MPa | Sw=[0.260,0.532] | 25.2s
2026-02-21 10:41:36 - M5Trainer - INFO - [Step   300/10000] Stage A | L=2.3302e+04 (IC=1.403e-01, BC=1.016e-01, PDE=1.921e+06, Qg=2.322e-01, Qz=1.364e-02, Sd=5.202e-01, SwB=1.329e-04) | k_frac=38.3088 mD, dp=13.48 MPa | Sw=[0.260,0.593] | 37.4s
2026-02-21 10:41:49 - M5Trainer - INFO -   [梯度验收] SY9: qg_obs range=[0.0, 838700.0]
2026-02-21 10:41:49 - M5Trainer - INFO - [Step   400/10000] Stage A | L=1.9237e+04 (IC=2.237e-01, BC=9.701e-02, PDE=1.875e+06, Qg=3.715e-01, Qz=1.569e-02, Sd=4.094e+00, SwB=1.046e-03) | k_frac=37.3280 mD, dp=13.53 MPa | Sw=[0.260,0.652] | 49.7s
2026-02-21 10:42:01 - M5Trainer - INFO -   [Sw监控] SY9: Sw=[0.2600, 0.4694, 0.8691], krg_min=7.077711e-03
2026-02-21 10:42:01 - M5Trainer - INFO - [Step   500/10000] Stage A | L=1.7796e+04 (IC=2.543e-01, BC=2.927e-01, PDE=1.638e+06, Qg=5.332e-01, Qz=1.223e-02, Sd=7.740e+00, SwB=1.914e-02) | k_frac=36.6328 mD, dp=13.56 MPa | Sw=[0.260,0.798] | 62.0s
2026-02-21 10:42:01 - M5Trainer - INFO -   [k_frac诊断] grad=7.4266e-03, k_frac=36.632778 mD
2026-02-21 10:42:14 - M5Trainer - INFO -   [梯度验收] SY9: qg_obs range=[0.0, 838700.0]
2026-02-21 10:42:14 - M5Trainer - INFO - [Step   600/10000] Stage A | L=2.0130e+04 (IC=6.245e-02, BC=7.859e-02, PDE=1.620e+06, Qg=5.412e-01, Qz=9.250e-03, Sd=6.089e+00, SwB=8.344e-04) | k_frac=36.3254 mD, dp=13.59 MPa | Sw=[0.260,0.811] | 74.6s
2026-02-21 10:42:26 - M5Trainer - INFO - [Step   700/10000] Stage A | L=3.4580e+04 (IC=7.911e-02, BC=7.898e-02, PDE=1.958e+06, Qg=5.550e-01, Qz=3.083e-03, Sd=2.066e+00, SwB=4.608e-04) | k_frac=37.1205 mD, dp=13.64 MPa | Sw=[0.260,0.618] | 87.3s
2026-02-21 10:42:40 - M5Trainer - INFO -   [梯度验收] SY9: qg_obs range=[0.0, 838700.0]
2026-02-21 10:42:40 - M5Trainer - INFO - [Step   800/10000] Stage A | L=2.8815e+04 (IC=1.396e-01, BC=1.252e-01, PDE=1.771e+06, Qg=5.191e-01, Qz=5.174e-03, Sd=1.987e+00, SwB=1.126e-03) | k_frac=38.0297 mD, dp=13.68 MPa | Sw=[0.260,0.450] | 100.7s
2026-02-21 10:42:56 - M5Trainer - INFO - [Step   900/10000] Stage A | L=2.2324e+04 (IC=1.450e-01, BC=1.400e-01, PDE=1.501e+06, Qg=3.500e-01, Qz=4.252e-03, Sd=1.641e+00, SwB=1.674e-03) | k_frac=38.1726 mD, dp=13.70 MPa | Sw=[0.260,0.348] | 116.8s
2026-02-21 10:43:12 - M5Trainer - INFO -   [梯度验收] SY9: qg_obs range=[0.0, 838700.0]
2026-02-21 10:43:12 - M5Trainer - INFO -   [Sw监控] SY9: Sw=[0.2600, 0.3924, 0.8448], krg_min=1.284914e-02
2026-02-21 10:43:12 - M5Trainer - INFO - [Step  1000/10000] Stage B | L=2.0728e+04 (IC=8.254e-02, BC=5.275e-02, PDE=1.426e+06, Qg=1.985e-01, Qz=1.703e-02, Sd=2.676e+00, SwB=1.769e-02) | k_frac=37.5695 mD, dp=13.73 MPa | Sw=[0.260,0.824] | 133.1s
2026-02-21 10:43:12 - M5Trainer - INFO -   [k_frac诊断] grad=5.0882e-03, k_frac=37.569504 mD
2026-02-21 10:43:28 - M5Trainer - INFO - [Step  1100/10000] Stage B | L=3.4194e+04 (IC=9.109e-02, BC=5.765e-02, PDE=1.671e+06, Qg=2.391e-01, Qz=1.975e-04, Sd=6.230e-03, SwB=4.357e-04) | k_frac=36.6105 mD, dp=13.77 MPa | Sw=[0.260,0.414] | 148.7s
2026-02-21 10:43:43 - M5Trainer - INFO -   [梯度验收] SY9: qg_obs range=[0.0, 838700.0]
2026-02-21 10:43:43 - M5Trainer - INFO - [Step  1200/10000] Stage B | L=5.2427e+04 (IC=5.100e-02, BC=2.931e-02, PDE=1.895e+06, Qg=2.202e-01, Qz=1.646e-03, Sd=7.964e-04, SwB=0.000e+00) | k_frac=36.4786 mD, dp=13.76 MPa | Sw=[0.260,0.484] | 164.3s
2026-02-21 10:43:59 - M5Trainer - INFO - [Step  1300/10000] Stage B | L=3.1163e+04 (IC=6.887e-02, BC=6.171e-02, PDE=1.521e+06, Qg=1.652e-01, Qz=5.486e-05, Sd=2.618e-04, SwB=2.253e-04) | k_frac=36.0955 mD, dp=13.77 MPa | Sw=[0.260,0.479] | 180.0s
2026-02-21 10:44:15 - M5Trainer - INFO -   [梯度验收] SY9: qg_obs range=[0.0, 838700.0]
2026-02-21 10:44:15 - M5Trainer - INFO - [Step  1400/10000] Stage B | L=3.2309e+04 (IC=1.342e-01, BC=7.785e-02, PDE=1.565e+06, Qg=1.790e-01, Qz=8.842e-06, Sd=1.097e-04, SwB=2.057e-04) | k_frac=35.7736 mD, dp=13.76 MPa | Sw=[0.260,0.349] | 195.6s
2026-02-21 10:44:30 - M5Trainer - INFO -   [Sw监控] SY9: Sw=[0.2600, 0.4002, 0.8377], krg_min=1.487315e-02
2026-02-21 10:44:30 - M5Trainer - INFO - [Step  1500/10000] Stage B | L=3.1890e+04 (IC=8.810e-02, BC=8.494e-02, PDE=1.526e+06, Qg=1.616e-01, Qz=1.284e-05, Sd=4.295e-05, SwB=2.860e-04) | k_frac=35.6342 mD, dp=13.76 MPa | Sw=[0.260,0.481] | 211.0s
2026-02-21 10:44:30 - M5Trainer - INFO -   [k_frac诊断] grad=1.1849e-01, k_frac=35.634197 mD
2026-02-21 10:44:43 - M5Trainer - INFO -   [梯度验收] SY9: qg_obs range=[0.0, 838700.0]
2026-02-21 10:44:43 - M5Trainer - INFO - [Step  1600/10000] Stage B | L=3.2830e+04 (IC=5.833e-02, BC=4.322e-02, PDE=1.514e+06, Qg=1.561e-01, Qz=1.263e-05, Sd=2.090e-05, SwB=4.895e-04) | k_frac=35.5548 mD, dp=13.76 MPa | Sw=[0.260,0.405] | 224.5s
2026-02-21 10:44:57 - M5Trainer - INFO - [Step  1700/10000] Stage B | L=3.0942e+04 (IC=8.839e-02, BC=7.021e-02, PDE=1.445e+06, Qg=1.813e-01, Qz=4.908e-05, Sd=1.376e-05, SwB=1.131e-04) | k_frac=35.4638 mD, dp=13.75 MPa | Sw=[0.260,0.410] | 237.9s
2026-02-21 10:45:11 - M5Trainer - INFO -   [梯度验收] SY9: qg_obs range=[0.0, 838700.0]
2026-02-21 10:45:11 - M5Trainer - INFO - [Step  1800/10000] Stage B | L=3.4224e+04 (IC=1.029e-01, BC=1.539e-01, PDE=1.592e+06, Qg=1.854e-01, Qz=9.197e-06, Sd=0.000e+00, SwB=5.308e-04) | k_frac=35.5050 mD, dp=13.77 MPa | Sw=[0.260,0.509] | 252.2s
2026-02-21 10:45:27 - M5Trainer - INFO - [Step  1900/10000] Stage B | L=4.0589e+04 (IC=5.358e-02, BC=1.139e-01, PDE=1.674e+06, Qg=1.561e-01, Qz=6.901e-06, Sd=6.814e-07, SwB=1.008e-04) | k_frac=35.7763 mD, dp=13.80 MPa | Sw=[0.260,0.260] | 267.6s
2026-02-21 10:45:42 - M5Trainer - INFO -   [Sw监控] SY9: Sw=[0.2600, 0.4033, 0.8352], krg_min=1.563259e-02
2026-02-21 10:45:42 - M5Trainer - INFO -   [best更新] val_score=42.1544 (step 2000)
2026-02-21 10:45:42 - M5Trainer - INFO - [Step  2000/10000] Stage B | L=4.4021e+04 (IC=5.807e-02, BC=6.247e-02, PDE=1.732e+06, Qg=1.687e-01, Qz=2.616e-06, Sd=1.262e-06, SwB=1.026e-03) | k_frac=35.8268 mD, dp=13.80 MPa | Sw=[0.260,0.542] | 282.9s
2026-02-21 10:45:42 - M5Trainer - INFO -   [k_frac诊断] grad=9.7346e-02, k_frac=35.826782 mD
2026-02-21 10:45:57 - M5Trainer - INFO - [Step  2100/10000] Stage B | L=3.6444e+04 (IC=8.650e-02, BC=8.383e-02, PDE=1.428e+06, Qg=1.530e-01, Qz=1.434e-05, Sd=3.129e-08, SwB=1.899e-04) | k_frac=35.6957 mD, dp=13.80 MPa | Sw=[0.260,0.706] | 298.2s
2026-02-21 10:46:12 - M5Trainer - INFO - [Step  2200/10000] Stage B | L=3.9436e+04 (IC=1.396e-01, BC=1.038e-01, PDE=1.518e+06, Qg=1.538e-01, Qz=1.540e-05, Sd=1.393e-08, SwB=1.654e-04) | k_frac=35.7559 mD, dp=13.79 MPa | Sw=[0.260,0.455] | 313.5s
2026-02-21 10:46:27 - M5Trainer - INFO - [Step  2300/10000] Stage B | L=5.0317e+04 (IC=7.355e-02, BC=5.114e-02, PDE=1.645e+06, Qg=1.615e-01, Qz=1.798e-05, Sd=6.181e-07, SwB=1.471e-04) | k_frac=35.9922 mD, dp=13.78 MPa | Sw=[0.260,0.410] | 327.6s
2026-02-21 10:46:40 - M5Trainer - INFO - [Step  2400/10000] Stage B | L=4.1447e+04 (IC=9.809e-02, BC=8.549e-02, PDE=1.496e+06, Qg=1.749e-01, Qz=3.660e-04, Sd=0.000e+00, SwB=1.490e-04) | k_frac=36.0148 mD, dp=13.76 MPa | Sw=[0.260,0.260] | 341.5s
2026-02-21 10:46:54 - M5Trainer - INFO -   [Sw监控] SY9: Sw=[0.2600, 0.3588, 0.8433], krg_min=1.327124e-02
2026-02-21 10:46:54 - M5Trainer - INFO - [Step  2500/10000] Stage B | L=4.1372e+04 (IC=6.180e-02, BC=4.060e-02, PDE=1.433e+06, Qg=1.703e-01, Qz=1.346e-03, Sd=0.000e+00, SwB=1.334e-04) | k_frac=36.2654 mD, dp=13.74 MPa | Sw=[0.260,0.260] | 355.2s
2026-02-21 10:46:54 - M5Trainer - INFO -   [k_frac诊断] grad=9.6001e-02, k_frac=36.265369 mD
2026-02-21 10:47:08 - M5Trainer - INFO - [Step  2600/10000] Stage B | L=3.0209e+04 (IC=1.997e-01, BC=2.426e-01, PDE=1.418e+06, Qg=2.092e-01, Qz=5.536e-05, Sd=0.000e+00, SwB=6.944e-04) | k_frac=36.3354 mD, dp=13.76 MPa | Sw=[0.260,0.260] | 369.1s
2026-02-21 10:47:22 - M5Trainer - INFO - [Step  2700/10000] Stage B | L=3.8757e+04 (IC=6.088e-02, BC=8.427e-02, PDE=1.394e+06, Qg=1.631e-01, Qz=5.273e-06, Sd=0.000e+00, SwB=1.226e-03) | k_frac=36.4193 mD, dp=13.78 MPa | Sw=[0.260,0.260] | 382.8s
2026-02-21 10:47:35 - M5Trainer - INFO - [Step  2800/10000] Stage B | L=3.8680e+04 (IC=8.152e-02, BC=7.330e-02, PDE=1.401e+06, Qg=1.707e-01, Qz=3.134e-06, Sd=2.911e-05, SwB=1.012e-03) | k_frac=36.6049 mD, dp=13.79 MPa | Sw=[0.260,0.837] | 396.5s
2026-02-21 10:47:49 - M5Trainer - INFO - [Step  2900/10000] Stage B | L=5.3197e+04 (IC=3.777e-02, BC=3.811e-02, PDE=1.605e+06, Qg=1.631e-01, Qz=2.564e-06, Sd=1.879e-06, SwB=1.356e-03) | k_frac=36.5781 mD, dp=13.77 MPa | Sw=[0.260,0.775] | 410.2s
2026-02-21 10:48:03 - M5Trainer - INFO -   [Sw监控] SY9: Sw=[0.2600, 0.4312, 0.8442], krg_min=1.300960e-02
2026-02-21 10:48:03 - M5Trainer - INFO -   [best更新] val_score=25.5869 (step 3000)
2026-02-21 10:48:03 - M5Trainer - INFO - [Step  3000/10000] Stage B | L=4.0992e+04 (IC=3.426e-02, BC=5.278e-02, PDE=1.355e+06, Qg=1.494e-01, Qz=2.287e-06, Sd=0.000e+00, SwB=9.541e-04) | k_frac=36.7046 mD, dp=13.74 MPa | Sw=[0.260,0.331] | 424.0s
2026-02-21 10:48:03 - M5Trainer - INFO -   [k_frac诊断] grad=1.5041e-01, k_frac=36.704620 mD
2026-02-21 10:48:17 - M5Trainer - INFO - [Step  3100/10000] Stage B | L=3.7893e+04 (IC=4.161e-02, BC=4.341e-02, PDE=1.323e+06, Qg=1.541e-01, Qz=3.836e-06, Sd=0.000e+00, SwB=9.210e-04) | k_frac=36.7002 mD, dp=13.74 MPa | Sw=[0.260,0.260] | 438.0s
2026-02-21 10:48:31 - M5Trainer - INFO - [Step  3200/10000] Stage B | L=4.4861e+04 (IC=3.645e-02, BC=4.731e-02, PDE=1.487e+06, Qg=1.451e-01, Qz=3.496e-06, Sd=0.000e+00, SwB=8.870e-04) | k_frac=36.7123 mD, dp=13.74 MPa | Sw=[0.260,0.340] | 452.1s
2026-02-21 10:48:45 - M5Trainer - INFO - [Step  3300/10000] Stage B | L=3.3276e+04 (IC=3.211e-02, BC=3.378e-02, PDE=1.180e+06, Qg=1.510e-01, Qz=2.569e-06, Sd=0.000e+00, SwB=1.560e-03) | k_frac=36.7713 mD, dp=13.73 MPa | Sw=[0.260,0.275] | 466.2s
2026-02-21 10:48:59 - M5Trainer - INFO - [Step  3400/10000] Stage B | L=2.9602e+04 (IC=7.675e-02, BC=1.168e-01, PDE=1.207e+06, Qg=1.594e-01, Qz=8.405e-06, Sd=1.221e-04, SwB=6.527e-04) | k_frac=36.7487 mD, dp=13.72 MPa | Sw=[0.260,0.260] | 480.2s
2026-02-21 10:49:13 - M5Trainer - INFO -   [Sw监控] SY9: Sw=[0.2600, 0.4188, 0.8376], krg_min=1.489532e-02
2026-02-21 10:49:13 - M5Trainer - INFO - [Step  3500/10000] Stage B | L=3.3309e+04 (IC=8.041e-02, BC=6.759e-02, PDE=1.244e+06, Qg=1.526e-01, Qz=3.194e-06, Sd=1.250e-05, SwB=7.083e-04) | k_frac=36.9044 mD, dp=13.74 MPa | Sw=[0.260,0.435] | 494.4s
2026-02-21 10:49:13 - M5Trainer - INFO -   [k_frac诊断] grad=7.2915e-02, k_frac=36.904419 mD
2026-02-21 10:49:28 - M5Trainer - INFO - [Step  3600/10000] Stage B | L=3.5815e+04 (IC=2.157e-02, BC=2.583e-02, PDE=1.179e+06, Qg=1.589e-01, Qz=1.612e-06, Sd=0.000e+00, SwB=6.806e-04) | k_frac=36.9081 mD, dp=13.73 MPa | Sw=[0.260,0.260] | 508.7s
2026-02-21 10:49:42 - M5Trainer - INFO - [Step  3700/10000] Stage B | L=3.9405e+04 (IC=3.305e-02, BC=2.698e-02, PDE=1.305e+06, Qg=1.652e-01, Qz=1.493e-06, Sd=2.053e-03, SwB=8.955e-04) | k_frac=36.9808 mD, dp=13.72 MPa | Sw=[0.260,0.260] | 523.1s
2026-02-21 10:49:56 - M5Trainer - INFO - [Step  3800/10000] Stage B | L=4.9443e+04 (IC=4.092e-02, BC=5.132e-02, PDE=1.454e+06, Qg=1.464e-01, Qz=1.977e-06, Sd=0.000e+00, SwB=3.513e-04) | k_frac=37.1076 mD, dp=13.71 MPa | Sw=[0.260,0.260] | 537.4s
2026-02-21 10:50:11 - M5Trainer - INFO - [Step  3900/10000] Stage B | L=4.7670e+04 (IC=2.174e-02, BC=2.048e-02, PDE=1.381e+06, Qg=1.476e-01, Qz=1.730e-06, Sd=0.000e+00, SwB=9.031e-04) | k_frac=37.1828 mD, dp=13.70 MPa | Sw=[0.260,0.830] | 551.8s
2026-02-21 10:50:25 - M5Trainer - INFO -   [Sw监控] SY9: Sw=[0.2600, 0.4095, 0.8494], krg_min=1.162862e-02
2026-02-21 10:50:25 - M5Trainer - INFO -   [best更新] val_score=20.5375 (step 4000)
2026-02-21 10:50:25 - M5Trainer - INFO - [Step  4000/10000] Stage B | L=3.9178e+04 (IC=6.302e-02, BC=4.986e-02, PDE=1.300e+06, Qg=1.476e-01, Qz=2.007e-06, Sd=0.000e+00, SwB=3.946e-04) | k_frac=37.2298 mD, dp=13.69 MPa | Sw=[0.260,0.260] | 566.1s
2026-02-21 10:50:25 - M5Trainer - INFO -   [k_frac诊断] grad=-2.6803e-01, k_frac=37.229774 mD
2026-02-21 10:50:40 - M5Trainer - INFO - [Step  4100/10000] Stage B | L=3.0319e+04 (IC=3.130e-02, BC=3.421e-02, PDE=1.144e+06, Qg=1.570e-01, Qz=2.605e-06, Sd=0.000e+00, SwB=6.661e-04) | k_frac=37.1381 mD, dp=13.69 MPa | Sw=[0.260,0.260] | 580.8s
2026-02-21 10:50:54 - M5Trainer - INFO - [Step  4200/10000] Stage B | L=3.6571e+04 (IC=3.306e-02, BC=3.373e-02, PDE=1.195e+06, Qg=1.593e-01, Qz=6.003e-06, Sd=0.000e+00, SwB=8.439e-04) | k_frac=37.2336 mD, dp=13.68 MPa | Sw=[0.260,0.311] | 595.5s
2026-02-21 10:51:09 - M5Trainer - INFO - [Step  4300/10000] Stage B | L=2.7945e+04 (IC=3.554e-02, BC=4.348e-02, PDE=1.076e+06, Qg=1.547e-01, Qz=9.897e-06, Sd=0.000e+00, SwB=3.982e-04) | k_frac=37.4005 mD, dp=13.68 MPa | Sw=[0.260,0.260] | 610.1s
2026-02-21 10:51:24 - M5Trainer - INFO - [Step  4400/10000] Stage B | L=3.6389e+04 (IC=2.883e-02, BC=3.929e-02, PDE=1.220e+06, Qg=1.539e-01, Qz=6.226e-05, Sd=0.000e+00, SwB=3.934e-04) | k_frac=37.4101 mD, dp=13.66 MPa | Sw=[0.260,0.260] | 624.7s
2026-02-21 10:51:38 - M5Trainer - INFO -   [Sw监控] SY9: Sw=[0.2600, 0.3966, 0.8516], krg_min=1.105500e-02
2026-02-21 10:51:38 - M5Trainer - INFO - [Step  4500/10000] Stage B | L=2.3319e+04 (IC=8.727e-02, BC=8.984e-02, PDE=1.100e+06, Qg=1.448e-01, Qz=1.546e-05, Sd=0.000e+00, SwB=5.128e-04) | k_frac=37.4398 mD, dp=13.66 MPa | Sw=[0.260,0.260] | 639.4s
2026-02-21 10:51:38 - M5Trainer - INFO -   [k_frac诊断] grad=-4.0763e-01, k_frac=37.439831 mD
2026-02-21 10:51:53 - M5Trainer - INFO - [Step  4600/10000] Stage B | L=2.8799e+04 (IC=5.555e-02, BC=4.872e-02, PDE=1.195e+06, Qg=1.464e-01, Qz=5.458e-06, Sd=0.000e+00, SwB=4.867e-04) | k_frac=37.4142 mD, dp=13.66 MPa | Sw=[0.260,0.260] | 654.4s
2026-02-21 10:52:08 - M5Trainer - INFO - [Step  4700/10000] Stage B | L=2.4469e+04 (IC=2.461e-02, BC=3.854e-02, PDE=1.030e+06, Qg=1.507e-01, Qz=1.108e-04, Sd=0.000e+00, SwB=2.564e-04) | k_frac=37.4282 mD, dp=13.67 MPa | Sw=[0.260,0.260] | 669.4s
2026-02-21 10:52:23 - M5Trainer - INFO - [Step  4800/10000] Stage C | L=2.6137e+03 (IC=5.205e-02, BC=6.918e-02, PDE=1.048e+06, Qg=1.514e-01, Qz=1.660e-04, Sd=0.000e+00, SwB=3.178e-04) | k_frac=37.4605 mD, dp=13.67 MPa | Sw=[0.260,0.331] | 684.4s
2026-02-21 10:52:38 - M5Trainer - INFO - [Step  4900/10000] Stage C | L=2.6191e+03 (IC=3.479e-02, BC=4.227e-02, PDE=9.839e+05, Qg=1.548e-01, Qz=3.578e-05, Sd=0.000e+00, SwB=5.090e-04) | k_frac=37.5903 mD, dp=13.68 MPa | Sw=[0.260,0.260] | 699.4s
2026-02-21 10:52:53 - M5Trainer - INFO -   [Sw监控] SY9: Sw=[0.2600, 0.3959, 0.8403], krg_min=1.410801e-02
2026-02-21 10:52:53 - M5Trainer - INFO -   [best更新] val_score=18.4270 (step 5000)
2026-02-21 10:52:53 - M5Trainer - INFO - [Step  5000/10000] Stage C | L=3.0183e+03 (IC=2.057e-02, BC=2.900e-02, PDE=1.053e+06, Qg=1.453e-01, Qz=2.395e-05, Sd=0.000e+00, SwB=2.030e-04) | k_frac=37.5583 mD, dp=13.68 MPa | Sw=[0.260,0.260] | 714.5s
2026-02-21 10:52:53 - M5Trainer - INFO -   [k_frac诊断] grad=-4.2186e-01, k_frac=37.558300 mD
2026-02-21 10:53:09 - M5Trainer - INFO - [Step  5100/10000] Stage C | L=2.6533e+03 (IC=4.586e-02, BC=5.763e-02, PDE=1.029e+06, Qg=1.463e-01, Qz=1.272e-04, Sd=0.000e+00, SwB=2.889e-04) | k_frac=37.6341 mD, dp=13.69 MPa | Sw=[0.260,0.281] | 730.0s
2026-02-21 10:53:24 - M5Trainer - INFO - [Step  5200/10000] Stage C | L=2.9256e+03 (IC=2.894e-02, BC=3.400e-02, PDE=1.070e+06, Qg=1.416e-01, Qz=9.978e-06, Sd=0.000e+00, SwB=2.573e-04) | k_frac=37.6035 mD, dp=13.69 MPa | Sw=[0.260,0.355] | 745.4s
2026-02-21 10:53:40 - M5Trainer - INFO - [Step  5300/10000] Stage C | L=3.1892e+03 (IC=3.813e-02, BC=4.587e-02, PDE=1.158e+06, Qg=1.493e-01, Qz=3.392e-05, Sd=0.000e+00, SwB=3.444e-04) | k_frac=37.5902 mD, dp=13.70 MPa | Sw=[0.260,0.260] | 760.9s
2026-02-21 10:53:55 - M5Trainer - INFO - [Step  5400/10000] Stage C | L=2.6330e+03 (IC=3.834e-02, BC=3.266e-02, PDE=1.012e+06, Qg=1.375e-01, Qz=1.539e-05, Sd=0.000e+00, SwB=3.769e-04) | k_frac=37.7072 mD, dp=13.70 MPa | Sw=[0.260,0.260] | 776.4s
2026-02-21 10:54:11 - M5Trainer - INFO -   [Sw监控] SY9: Sw=[0.2600, 0.3883, 0.8472], krg_min=1.220846e-02
2026-02-21 10:54:11 - M5Trainer - INFO - [Step  5500/10000] Stage C | L=2.2652e+03 (IC=2.147e-02, BC=3.304e-02, PDE=8.977e+05, Qg=1.441e-01, Qz=3.258e-05, Sd=0.000e+00, SwB=3.901e-04) | k_frac=37.7419 mD, dp=13.70 MPa | Sw=[0.260,0.260] | 792.0s
2026-02-21 10:54:11 - M5Trainer - INFO -   [k_frac诊断] grad=4.3037e-01, k_frac=37.741890 mD
2026-02-21 10:54:27 - M5Trainer - INFO - [Step  5600/10000] Stage C | L=3.2036e+03 (IC=2.677e-02, BC=3.434e-02, PDE=1.108e+06, Qg=1.462e-01, Qz=2.782e-05, Sd=0.000e+00, SwB=6.825e-05) | k_frac=37.8381 mD, dp=13.70 MPa | Sw=[0.260,0.260] | 807.8s
2026-02-21 10:54:43 - M5Trainer - INFO - [Step  5700/10000] Stage C | L=2.2581e+03 (IC=2.095e-02, BC=2.462e-02, PDE=8.904e+05, Qg=1.412e-01, Qz=9.241e-06, Sd=0.000e+00, SwB=2.717e-04) | k_frac=37.8065 mD, dp=13.70 MPa | Sw=[0.260,0.260] | 823.6s
2026-02-21 10:54:58 - M5Trainer - INFO - [Step  5800/10000] Stage C | L=2.5119e+03 (IC=3.081e-02, BC=2.984e-02, PDE=9.730e+05, Qg=1.374e-01, Qz=2.301e-05, Sd=0.000e+00, SwB=4.199e-04) | k_frac=37.8395 mD, dp=13.70 MPa | Sw=[0.260,0.260] | 839.5s
2026-02-21 10:55:14 - M5Trainer - INFO - [Step  5900/10000] Stage C | L=2.4852e+03 (IC=3.429e-02, BC=3.808e-02, PDE=9.766e+05, Qg=1.391e-01, Qz=1.137e-05, Sd=0.000e+00, SwB=1.662e-04) | k_frac=37.8436 mD, dp=13.70 MPa | Sw=[0.260,0.260] | 855.2s
2026-02-21 10:55:30 - M5Trainer - INFO -   [Sw监控] SY9: Sw=[0.2600, 0.3972, 0.8474], krg_min=1.214034e-02
2026-02-21 10:55:30 - M5Trainer - INFO - [Step  6000/10000] Stage C | L=2.3028e+03 (IC=2.237e-02, BC=3.220e-02, PDE=9.136e+05, Qg=1.383e-01, Qz=1.166e-05, Sd=0.000e+00, SwB=2.580e-04) | k_frac=37.8415 mD, dp=13.70 MPa | Sw=[0.260,0.260] | 871.0s
2026-02-21 10:55:30 - M5Trainer - INFO -   [k_frac诊断] grad=-8.5219e-01, k_frac=37.841511 mD
2026-02-21 10:55:46 - M5Trainer - INFO - [Step  6100/10000] Stage C | L=2.0750e+03 (IC=3.637e-02, BC=2.887e-02, PDE=8.628e+05, Qg=1.384e-01, Qz=5.699e-05, Sd=0.000e+00, SwB=8.792e-05) | k_frac=37.8183 mD, dp=13.70 MPa | Sw=[0.260,0.260] | 887.1s
2026-02-21 10:56:02 - M5Trainer - INFO - [Step  6200/10000] Stage C | L=2.5832e+03 (IC=3.151e-02, BC=3.066e-02, PDE=9.939e+05, Qg=1.374e-01, Qz=1.645e-05, Sd=0.000e+00, SwB=3.049e-04) | k_frac=37.8697 mD, dp=13.69 MPa | Sw=[0.260,0.260] | 903.2s
2026-02-21 10:56:18 - M5Trainer - INFO - [Step  6300/10000] Stage C | L=2.2448e+03 (IC=3.485e-02, BC=5.541e-02, PDE=9.358e+05, Qg=1.380e-01, Qz=7.964e-05, Sd=0.000e+00, SwB=7.087e-06) | k_frac=37.8647 mD, dp=13.69 MPa | Sw=[0.260,0.260] | 919.3s
2026-02-21 10:56:34 - M5Trainer - INFO - [Step  6400/10000] Stage C | L=2.5198e+03 (IC=1.817e-02, BC=2.255e-02, PDE=9.332e+05, Qg=1.392e-01, Qz=4.830e-05, Sd=0.000e+00, SwB=2.097e-04) | k_frac=37.8851 mD, dp=13.69 MPa | Sw=[0.260,0.260] | 935.3s
2026-02-21 10:56:50 - M5Trainer - INFO -   [Sw监控] SY9: Sw=[0.2600, 0.3936, 0.8477], krg_min=1.207427e-02
2026-02-21 10:56:50 - M5Trainer - INFO - [Step  6500/10000] Stage C | L=2.4551e+03 (IC=2.561e-02, BC=2.248e-02, PDE=9.268e+05, Qg=1.391e-01, Qz=1.119e-05, Sd=0.000e+00, SwB=2.447e-04) | k_frac=37.8862 mD, dp=13.69 MPa | Sw=[0.260,0.260] | 951.4s
2026-02-21 10:56:50 - M5Trainer - INFO -   [k_frac诊断] grad=2.3874e-01, k_frac=37.886192 mD
2026-02-21 10:57:07 - M5Trainer - INFO - [Step  6600/10000] Stage C | L=2.7320e+03 (IC=1.868e-02, BC=2.238e-02, PDE=9.775e+05, Qg=1.393e-01, Qz=1.133e-05, Sd=0.000e+00, SwB=2.316e-04) | k_frac=37.8839 mD, dp=13.69 MPa | Sw=[0.260,0.740] | 967.9s
2026-02-21 10:57:23 - M5Trainer - INFO - [Step  6700/10000] Stage C | L=2.4404e+03 (IC=2.883e-02, BC=2.121e-02, PDE=9.289e+05, Qg=1.379e-01, Qz=2.039e-05, Sd=0.000e+00, SwB=2.062e-04) | k_frac=37.8993 mD, dp=13.69 MPa | Sw=[0.260,0.260] | 984.4s
2026-02-21 10:57:40 - M5Trainer - INFO - [Step  6800/10000] Stage C | L=2.7860e+03 (IC=1.419e-02, BC=2.299e-02, PDE=9.730e+05, Qg=1.364e-01, Qz=1.400e-05, Sd=0.000e+00, SwB=2.223e-04) | k_frac=37.9115 mD, dp=13.68 MPa | Sw=[0.260,0.366] | 1000.8s
2026-02-21 10:57:56 - M5Trainer - INFO - [Step  6900/10000] Stage C | L=1.9031e+03 (IC=3.521e-02, BC=3.411e-02, PDE=8.272e+05, Qg=1.347e-01, Qz=2.949e-05, Sd=0.000e+00, SwB=2.448e-04) | k_frac=37.9252 mD, dp=13.68 MPa | Sw=[0.260,0.351] | 1017.3s
2026-02-21 10:58:13 - M5Trainer - INFO -   [Sw监控] SY9: Sw=[0.2600, 0.3880, 0.8475], krg_min=1.212963e-02
2026-02-21 10:58:13 - M5Trainer - INFO - [Step  7000/10000] Stage C | L=1.7104e+03 (IC=1.876e-02, BC=2.482e-02, PDE=7.325e+05, Qg=1.354e-01, Qz=2.150e-05, Sd=0.000e+00, SwB=2.846e-04) | k_frac=37.9219 mD, dp=13.69 MPa | Sw=[0.260,0.260] | 1033.8s
2026-02-21 10:58:13 - M5Trainer - INFO -   [k_frac诊断] grad=-5.7925e-01, k_frac=37.921860 mD
2026-02-21 10:58:30 - M5Trainer - INFO - [Step  7100/10000] Stage C | L=1.7799e+03 (IC=3.916e-02, BC=5.110e-02, PDE=8.267e+05, Qg=1.373e-01, Qz=1.216e-05, Sd=0.000e+00, SwB=2.152e-04) | k_frac=37.9096 mD, dp=13.68 MPa | Sw=[0.260,0.452] | 1050.8s
2026-02-21 10:58:47 - M5Trainer - INFO - [Step  7200/10000] Stage C | L=2.1485e+03 (IC=2.142e-02, BC=2.227e-02, PDE=8.427e+05, Qg=1.363e-01, Qz=1.657e-05, Sd=0.000e+00, SwB=1.710e-04) | k_frac=37.9340 mD, dp=13.68 MPa | Sw=[0.260,0.260] | 1067.7s
2026-02-21 10:59:03 - M5Trainer - INFO - [Step  7300/10000] Stage C | L=2.0705e+03 (IC=2.252e-02, BC=3.323e-02, PDE=8.431e+05, Qg=1.393e-01, Qz=1.680e-05, Sd=0.000e+00, SwB=2.045e-04) | k_frac=37.9043 mD, dp=13.68 MPa | Sw=[0.260,0.260] | 1084.5s
2026-02-21 10:59:20 - M5Trainer - INFO - [Step  7400/10000] Stage C | L=2.7095e+03 (IC=2.007e-02, BC=2.387e-02, PDE=9.650e+05, Qg=1.381e-01, Qz=6.760e-06, Sd=0.000e+00, SwB=3.701e-04) | k_frac=37.9197 mD, dp=13.68 MPa | Sw=[0.260,0.260] | 1101.5s
2026-02-21 10:59:37 - M5Trainer - INFO -   [Sw监控] SY9: Sw=[0.2600, 0.3935, 0.8468], krg_min=1.230823e-02
2026-02-21 10:59:37 - M5Trainer - INFO - [Step  7500/10000] Stage C | L=1.8891e+03 (IC=2.549e-02, BC=2.521e-02, PDE=7.968e+05, Qg=1.370e-01, Qz=1.475e-05, Sd=0.000e+00, SwB=2.515e-04) | k_frac=37.9388 mD, dp=13.68 MPa | Sw=[0.260,0.260] | 1118.4s
2026-02-21 10:59:37 - M5Trainer - INFO -   [k_frac诊断] grad=3.0809e-01, k_frac=37.938759 mD
2026-02-21 10:59:55 - M5Trainer - INFO - [Step  7600/10000] Stage C | L=1.4159e+03 (IC=4.150e-02, BC=8.269e-02, PDE=7.508e+05, Qg=1.367e-01, Qz=2.417e-05, Sd=0.000e+00, SwB=5.576e-04) | k_frac=37.9283 mD, dp=13.68 MPa | Sw=[0.260,0.260] | 1135.7s
2026-02-21 11:00:12 - M5Trainer - INFO - [Step  7700/10000] Stage C | L=1.9570e+03 (IC=2.575e-02, BC=3.316e-02, PDE=8.158e+05, Qg=1.335e-01, Qz=1.312e-05, Sd=0.000e+00, SwB=5.489e-04) | k_frac=37.9408 mD, dp=13.68 MPa | Sw=[0.260,0.260] | 1152.9s
2026-02-21 11:00:29 - M5Trainer - INFO - [Step  7800/10000] Stage D | L=2.4724e+06 (IC=2.155e-02, BC=2.946e-02, PDE=7.501e+05, Qg=1.360e-01, Qz=1.377e-05, Sd=0.000e+00, SwB=4.815e-04) | k_frac=37.9504 mD, dp=13.68 MPa | Sw=[0.260,0.260] | 1170.2s
2026-02-21 11:00:46 - M5Trainer - INFO - [Step  7900/10000] Stage D | L=1.5802e+06 (IC=1.448e-01, BC=1.184e-01, PDE=7.852e+05, Qg=1.383e-01, Qz=2.110e-05, Sd=0.000e+00, SwB=1.741e-04) | k_frac=37.9586 mD, dp=13.68 MPa | Sw=[0.260,0.260] | 1187.5s
2026-02-21 11:01:04 - M5Trainer - INFO -   [Sw监控] SY9: Sw=[0.2600, 0.3968, 0.8474], krg_min=1.215241e-02
2026-02-21 11:01:04 - M5Trainer - INFO - [Step  8000/10000] Stage D | L=1.1672e+06 (IC=2.120e-01, BC=1.603e-01, PDE=6.657e+05, Qg=1.378e-01, Qz=1.288e-05, Sd=0.000e+00, SwB=1.040e-04) | k_frac=37.9585 mD, dp=13.68 MPa | Sw=[0.260,0.260] | 1204.8s
2026-02-21 11:01:04 - M5Trainer - INFO -   [k_frac诊断] grad=5.4061e-05, k_frac=37.958500 mD
2026-02-21 11:01:21 - M5Trainer - INFO - [Step  8100/10000] Stage D | L=1.2325e+06 (IC=3.162e-01, BC=2.244e-01, PDE=6.873e+05, Qg=1.374e-01, Qz=1.114e-05, Sd=0.000e+00, SwB=1.159e-04) | k_frac=37.9585 mD, dp=13.68 MPa | Sw=[0.260,0.418] | 1222.4s
2026-02-21 11:01:39 - M5Trainer - INFO - [Step  8200/10000] Stage D | L=1.1622e+06 (IC=5.869e-01, BC=4.724e-01, PDE=7.181e+05, Qg=1.370e-01, Qz=8.770e-06, Sd=0.000e+00, SwB=2.247e-04) | k_frac=37.9583 mD, dp=13.68 MPa | Sw=[0.260,0.260] | 1240.1s
2026-02-21 11:01:57 - M5Trainer - INFO - [Step  8300/10000] Stage D | L=1.1607e+06 (IC=9.207e-01, BC=7.676e-01, PDE=7.001e+05, Qg=1.361e-01, Qz=7.419e-06, Sd=0.000e+00, SwB=3.021e-04) | k_frac=37.9576 mD, dp=13.68 MPa | Sw=[0.260,0.260] | 1257.7s
2026-02-21 11:02:14 - M5Trainer - INFO - [Step  8400/10000] Stage D | L=1.0531e+06 (IC=1.466e+00, BC=1.210e+00, PDE=6.577e+05, Qg=1.353e-01, Qz=8.001e-06, Sd=0.000e+00, SwB=4.374e-04) | k_frac=37.9568 mD, dp=13.68 MPa | Sw=[0.260,0.260] | 1275.4s
2026-02-21 11:02:32 - M5Trainer - INFO -   [Sw监控] SY9: Sw=[0.2600, 0.4042, 0.8473], krg_min=1.217805e-02
2026-02-21 11:02:32 - M5Trainer - INFO - [Step  8500/10000] Stage D | L=1.4047e+06 (IC=2.440e+00, BC=1.812e+00, PDE=7.151e+05, Qg=1.346e-01, Qz=6.191e-06, Sd=0.000e+00, SwB=3.339e-04) | k_frac=37.9563 mD, dp=13.68 MPa | Sw=[0.260,0.260] | 1293.1s
2026-02-21 11:02:32 - M5Trainer - INFO -   [k_frac诊断] grad=-7.0667e-04, k_frac=37.956318 mD
2026-02-21 11:02:50 - M5Trainer - INFO - [Step  8600/10000] Stage D | L=1.1768e+06 (IC=3.577e+00, BC=2.658e+00, PDE=6.255e+05, Qg=1.342e-01, Qz=5.771e-06, Sd=0.000e+00, SwB=3.789e-04) | k_frac=37.9553 mD, dp=13.68 MPa | Sw=[0.260,0.260] | 1311.2s
2026-02-21 11:03:08 - M5Trainer - INFO - [Step  8700/10000] Stage D | L=1.3023e+06 (IC=4.032e+00, BC=3.135e+00, PDE=6.365e+05, Qg=1.342e-01, Qz=5.708e-06, Sd=0.000e+00, SwB=3.833e-04) | k_frac=37.9544 mD, dp=13.68 MPa | Sw=[0.260,0.424] | 1329.3s
2026-02-21 11:03:26 - M5Trainer - INFO - [Step  8800/10000] Stage D | L=1.1842e+06 (IC=4.726e+00, BC=3.398e+00, PDE=5.920e+05, Qg=1.341e-01, Qz=6.263e-06, Sd=0.000e+00, SwB=1.877e-04) | k_frac=37.9536 mD, dp=13.68 MPa | Sw=[0.260,0.260] | 1347.4s
2026-02-21 11:03:45 - M5Trainer - INFO - [Step  8900/10000] Stage D | L=1.5693e+06 (IC=5.221e+00, BC=3.494e+00, PDE=6.765e+05, Qg=1.346e-01, Qz=7.562e-06, Sd=0.000e+00, SwB=1.816e-04) | k_frac=37.9530 mD, dp=13.68 MPa | Sw=[0.260,0.260] | 1365.6s
2026-02-21 11:04:03 - M5Trainer - INFO -   [Sw监控] SY9: Sw=[0.2600, 0.4025, 0.8463], krg_min=1.244649e-02
2026-02-21 11:04:03 - M5Trainer - INFO - [Step  9000/10000] Stage D | L=1.3266e+06 (IC=5.980e+00, BC=4.215e+00, PDE=6.118e+05, Qg=1.351e-01, Qz=7.568e-06, Sd=0.000e+00, SwB=4.418e-04) | k_frac=37.9522 mD, dp=13.68 MPa | Sw=[0.260,0.260] | 1383.7s
2026-02-21 11:04:03 - M5Trainer - INFO -   [k_frac诊断] grad=2.7368e-04, k_frac=37.952152 mD
2026-02-21 11:04:21 - M5Trainer - INFO - [Step  9100/10000] Stage D | L=1.4185e+06 (IC=5.730e+00, BC=4.549e+00, PDE=6.240e+05, Qg=1.350e-01, Qz=8.624e-06, Sd=0.000e+00, SwB=3.143e-04) | k_frac=37.9517 mD, dp=13.68 MPa | Sw=[0.260,0.260] | 1402.2s
2026-02-21 11:04:40 - M5Trainer - INFO - [Step  9200/10000] Stage D | L=1.6282e+06 (IC=5.643e+00, BC=4.436e+00, PDE=6.419e+05, Qg=1.350e-01, Qz=8.623e-06, Sd=0.000e+00, SwB=2.245e-04) | k_frac=37.9513 mD, dp=13.68 MPa | Sw=[0.260,0.260] | 1420.7s
2026-02-21 11:04:58 - M5Trainer - INFO - [Step  9300/10000] Stage D | L=1.4999e+06 (IC=5.821e+00, BC=4.811e+00, PDE=6.103e+05, Qg=1.348e-01, Qz=8.903e-06, Sd=0.000e+00, SwB=1.619e-04) | k_frac=37.9508 mD, dp=13.68 MPa | Sw=[0.260,0.293] | 1439.2s
2026-02-21 11:05:17 - M5Trainer - INFO - [Step  9400/10000] Stage D | L=1.3754e+06 (IC=4.797e+00, BC=4.966e+00, PDE=5.858e+05, Qg=1.348e-01, Qz=8.645e-06, Sd=0.000e+00, SwB=5.616e-04) | k_frac=37.9509 mD, dp=13.68 MPa | Sw=[0.260,0.260] | 1457.7s
2026-02-21 11:05:35 - M5Trainer - INFO -   [Sw监控] SY9: Sw=[0.2600, 0.4021, 0.8463], krg_min=1.244428e-02
2026-02-21 11:05:35 - M5Trainer - INFO - [Step  9500/10000] Stage D | L=1.4755e+06 (IC=5.227e+00, BC=5.208e+00, PDE=5.731e+05, Qg=1.347e-01, Qz=7.942e-06, Sd=0.000e+00, SwB=1.202e-04) | k_frac=37.9509 mD, dp=13.68 MPa | Sw=[0.260,0.260] | 1476.3s
2026-02-21 11:05:35 - M5Trainer - INFO -   [k_frac诊断] grad=3.2314e-04, k_frac=37.950867 mD
2026-02-21 11:05:54 - M5Trainer - INFO - [Step  9600/10000] Stage D | L=1.5475e+06 (IC=5.619e+00, BC=5.097e+00, PDE=5.861e+05, Qg=1.333e-01, Qz=7.274e-06, Sd=0.000e+00, SwB=1.627e-04) | k_frac=37.9507 mD, dp=13.68 MPa | Sw=[0.260,0.832] | 1495.1s
2026-02-21 11:06:13 - M5Trainer - INFO - [Step  9700/10000] Stage D | L=2.0149e+06 (IC=5.377e+00, BC=4.720e+00, PDE=6.698e+05, Qg=1.331e-01, Qz=7.184e-06, Sd=0.000e+00, SwB=1.090e-04) | k_frac=37.9507 mD, dp=13.68 MPa | Sw=[0.260,0.260] | 1513.8s
2026-02-21 11:06:32 - M5Trainer - INFO - [Step  9800/10000] Stage D | L=1.5575e+06 (IC=5.322e+00, BC=5.168e+00, PDE=5.765e+05, Qg=1.334e-01, Qz=7.246e-06, Sd=0.000e+00, SwB=2.004e-04) | k_frac=37.9507 mD, dp=13.68 MPa | Sw=[0.260,0.260] | 1532.6s
2026-02-21 11:06:50 - M5Trainer - INFO - [Step  9900/10000] Stage D | L=1.4179e+06 (IC=5.045e+00, BC=5.364e+00, PDE=5.400e+05, Qg=1.335e-01, Qz=7.275e-06, Sd=0.000e+00, SwB=3.579e-04) | k_frac=37.9507 mD, dp=13.68 MPa | Sw=[0.260,0.260] | 1551.4s
2026-02-21 11:07:09 - M5Trainer - INFO - [Step  9999/10000] Stage D | L=1.8040e+06 (IC=4.991e+00, BC=5.142e+00, PDE=6.116e+05, Qg=1.336e-01, Qz=7.293e-06, Sd=0.000e+00, SwB=1.501e-04) | k_frac=37.9507 mD, dp=13.68 MPa | Sw=[0.260,0.260] | 1570.0s
2026-02-21 11:07:09 - M5Trainer - INFO - 
M5 训练完成! 耗时: 1570.0s, 最佳验证分数(val_score): 18.4270
2026-02-21 11:07:09 - M5Trainer - INFO - 配置快照已保存: C:\Users\16281\Desktop\cpedc_project\outputs\mk_pinn_dt_v2\resolved_config_m5.json
2026-02-21 11:07:09 - M5Trainer - INFO - 反演参数审计: C:\Users\16281\Desktop\cpedc_project\outputs\mk_pinn_dt_v2\reports\M5_inversion_params.json
2026-02-21 11:07:09 - M5Trainer - INFO -   history 已恢复 (5001 步)
2026-02-21 11:07:09 - M5Trainer - INFO -   best_step=5000
2026-02-21 11:07:09 - M5Trainer - INFO - 已加载 M5 检查点: C:\Users\16281\Desktop\cpedc_project\outputs\mk_pinn_dt_v2\ckpt\m5_pinn_best.pt
2026-02-21 11:07:09 - M5Trainer - INFO -   history 已恢复 (10000 步)
2026-02-21 11:07:09 - M5Trainer - INFO - 已加载 M5 检查点: C:\Users\16281\Desktop\cpedc_project\outputs\mk_pinn_dt_v2\ckpt\m5_pinn_final.pt
2026-02-21 11:07:09 - M5Trainer - INFO -   history 已恢复 (10000 步)
2026-02-21 11:07:09 - M5Trainer - INFO - 已加载 M5 检查点: C:\Users\16281\Desktop\cpedc_project\outputs\mk_pinn_dt_v2\ckpt\m5_pinn_final.pt
2026-02-21 11:07:09 - M5Trainer - INFO - generate_report: 自动择优采用 final checkpoint, qg_score=14.5387
2026-02-21 11:07:09 - M5Trainer - INFO - 反演参数审计: C:\Users\16281\Desktop\cpedc_project\outputs\mk_pinn_dt_v2\reports\M5_inversion_params.json
2026-02-21 11:07:09 - M5Trainer - INFO - qg 对比图已保存: C:\Users\16281\Desktop\cpedc_project\outputs\mk_pinn_dt_v2\figs\M5_qg_comparison_SY9.png
2026-02-21 11:07:10 - M5Trainer - INFO - p_wf 反演图已保存: C:\Users\16281\Desktop\cpedc_project\outputs\mk_pinn_dt_v2\figs\M5_pwf_inversion_SY9.png
2026-02-21 11:07:11 - M5Trainer - INFO - 训练曲线图已保存: C:\Users\16281\Desktop\cpedc_project\outputs\mk_pinn_dt_v2\figs\M5_training_history.png
2026-02-21 11:07:11 - M5Trainer - INFO - 残差热力图已保存: C:\Users\16281\Desktop\cpedc_project\outputs\mk_pinn_dt_v2\figs\M5_pde_residual_map.png
2026-02-21 11:07:12 - M5Trainer - INFO - M6 连通性分析完成
2026-02-21 11:07:13 - M5Trainer - INFO - M7 水侵预警分析完成
2026-02-21 11:07:13 - M5Trainer - INFO -   history 已恢复 (5001 步)
2026-02-21 11:07:13 - M5Trainer - INFO -   best_step=5000
2026-02-21 11:07:13 - M5Trainer - INFO - 已加载 M5 检查点: C:\Users\16281\Desktop\cpedc_project\outputs\mk_pinn_dt_v2\ckpt\m5_pinn_best.pt
2026-02-21 11:07:13 - M5Trainer - INFO -   history 已恢复 (10000 步)
2026-02-21 11:07:13 - M5Trainer - INFO - 已加载 M5 检查点: C:\Users\16281\Desktop\cpedc_project\outputs\mk_pinn_dt_v2\ckpt\m5_pinn_final.pt
2026-02-21 11:07:13 - M5Trainer - INFO - M5 验收报告已保存: C:\Users\16281\Desktop\cpedc_project\outputs\mk_pinn_dt_v2\reports\M5_validation_report.md
