2026-02-27 20:37:19 - M5Trainer - INFO -   torch.compile 已跳过 (Triton 不支持 Windows, 使用 eager 模式)
2026-02-27 20:37:19 - M5Trainer - INFO - k_frac 独立参数组: lr=2.00e-03 (factor=2.0)
2026-02-27 20:37:19 - M5Trainer - INFO -   [v3.17] well_singularity 参数组: 1153 params, lr=1.00e-03
2026-02-27 20:37:19 - M5Trainer - INFO -   [v3.14] Corey 指数可学习: ng₀=1.0846, nw₀=4.4071 (SY13 拟合先验, lr_factor=3.0)
2026-02-27 20:37:19 - M5Trainer - INFO -   [v3.14] well_model.relperm = loss_fn.relperm (共享实例)
2026-02-27 20:37:19 - M5Trainer - INFO - k_net 学习率: 1.00e-04 (factor=0.1, warmup=2000 steps)
2026-02-27 20:37:19 - M5Trainer - INFO -   井 SY9: 1332 条同化数据 (train=865, val=199, test=268)
    开井点数 (q>1): train=801, val=32, test=121
    有效压力点: val_p=43, test_p=121
2026-02-27 20:37:19 - M5Trainer - INFO -   train time window(norm): [0.0000, 0.6491]
2026-02-27 20:37:19 - M5Trainer - INFO -   well_h[SY9] = 48.4 m (有效储厚)
2026-02-27 20:37:19 - M5Trainer - INFO -   well_h[SY13] = 41.6 m (有效储厚)
2026-02-27 20:37:19 - M5Trainer - INFO -   well_h[SY201] = 37.9 m (有效储厚)
2026-02-27 20:37:19 - M5Trainer - INFO -   well_h[SY101] = 41.7 m (有效储厚)
2026-02-27 20:37:19 - M5Trainer - INFO -   well_h[SY102] = 45.4 m (有效储厚)
2026-02-27 20:37:19 - M5Trainer - INFO -   well_h[SY116] = 39.3 m (有效储厚)
2026-02-27 20:37:19 - M5Trainer - INFO -   well_h[SYX211] = 6.0 m (有效储厚)
2026-02-27 20:37:19 - M5Trainer - INFO -   M3 PVT cg(76.0, 140.32) = 0.009744
2026-02-27 20:37:19 - M5Trainer - INFO -   M3 PVT Bg(76.0, 140.32) = 0.002577
2026-02-27 20:37:19 - M5Trainer - INFO -   PDE 缩放: αx=0.101777, αy=0.254660
2026-02-27 20:37:19 - M5Trainer - INFO - M5Trainer 初始化完成: device=cuda, lr=0.001, max_steps=80000, relobralo=True, rar=True
2026-02-27 20:37:19 - M5Trainer - INFO - ============================================================
2026-02-27 20:37:19 - M5Trainer - INFO - M5 PINN 井—藏耦合同化训练开始
2026-02-27 20:37:19 - M5Trainer - INFO - ============================================================
2026-02-27 20:37:19 - M5Trainer - INFO -   阶段权重已被 config 覆盖 (train.stages 或 training_stages.stage_*.weights)
2026-02-27 20:37:19 - M5Trainer - INFO - 训练阶段: A[0-6400] B[6400-22400] C[22400-44800] D[44800-80000]
2026-02-27 20:37:19 - M5Trainer - INFO -   qg_nearzero 权重: A=3.0, B=6.0->9.0, C=12.0, D=7.0, enable=True
2026-02-27 20:37:19 - M5Trainer - INFO - --- M5 单位/量纲诊断 (train 第 1 步前) ---
2026-02-27 20:37:19 - M5Trainer - INFO -   qg_obs 范围: 0.00e+00 ~ 8.39e+05 m³/d, 均值: 2.97e+05 m³/d
2026-02-27 20:37:19 - M5Trainer - INFO -   qg_pred 范围: 1.53e+05 ~ 1.55e+05
2026-02-27 20:37:19 - M5Trainer - INFO -   p_wf 范围: 7.43e+01 ~ 7.43e+01 MPa
2026-02-27 20:37:19 - M5Trainer - INFO -   p_field @ well: 7.50e+01 MPa
2026-02-27 20:37:19 - M5Trainer - INFO -   k_frac = 8.0000 mD
2026-02-27 20:37:19 - M5Trainer - INFO -   WI_raw = 3.352697e-13 [检查单位]
2026-02-27 20:37:19 - M5Trainer - INFO -   dp_wellbore = 13.30 MPa
2026-02-27 20:37:19 - M5Trainer - INFO -   Bg_ref = 2.576898e-03
2026-02-27 20:37:19 - M5Trainer - INFO -   qg_obs 范围: 0.00e+00 ~ 8.39e+05 m³/d
2026-02-27 20:37:19 - M5Trainer - INFO -   qg_obs 中位数 = 3.07e+05 m³/d
2026-02-27 20:37:19 - M5Trainer - INFO -   ✅ v9: PDE源项已升级为时变 source(x,y,t) = qg_obs(t) * kernel(x,y)
2026-02-27 20:37:19 - M5Trainer - INFO -   ✅ 每个PDE配点使用其时刻对应的真实观测产量（线性插值）
2026-02-27 20:37:19 - M5Trainer - INFO - --- 诊断结束 ---
2026-02-27 20:37:19 - M5Trainer - INFO -   [v3.13] Stage A+B 冻结 k_frac=8.0000 mD (Stage C 解冻)
2026-02-27 20:37:19 - M5Trainer - INFO -   [v3.14] Stage A+B 冻结 ng=1.0846, nw=4.4071 (Stage C 解冻)
2026-02-27 20:37:19 - M5Trainer - INFO -   [shape] SY9: qg pred=(1332, 1) vs obs=(1332, 1), p_wf pred=(1332, 1) vs p_obs=(1332, 1)
2026-02-27 20:37:19 - M5Trainer - WARNING -   ⚠️ k_eff_mD.grad 为 None 或零! 可辨识性可能受损
2026-02-27 20:37:19 - M5Trainer - INFO -   ✅ k_net: 18 组参数收到梯度
2026-02-27 20:37:19 - M5Trainer - INFO -   [梯度验收] SY9: qg_obs range=[0.0, 838700.0]
2026-02-27 20:37:19 - M5Trainer - INFO -   [Sw监控] SY9: Sw=[0.1500, 0.1500, 0.1500], krg_min=6.751000e-01
2026-02-27 20:37:19 - M5Trainer - INFO - [Step     0/80000] Stage A | L=3.3842e+02 (IC=1.000e+00, BC=1.000e+00, PDE=1.668e+02, Qg=1.671e+00, Qz=1.930e-02, Sd=3.576e-01, SQg=4.333e-08, SwB=0.000e+00) | k_frac=8.0000 mD, dp=13.30 MPa | ng=1.085, nw=4.407 | Sw=[0.150,0.150] | A(t)=[-0.00,-0.00,-0.00] | 0.7s
2026-02-27 20:37:19 - M5Trainer - INFO -   [k_frac诊断] grad=None, k_frac=8.000001 mD
2026-02-27 20:37:35 - M5Trainer - INFO - [Step   100/80000] Stage A | L=2.0038e+02 (IC=5.072e-02, BC=1.715e-01, PDE=1.481e+02, Qg=1.604e+00, Qz=2.031e-02, Sd=3.771e-01, SQg=1.490e-06, SwB=0.000e+00) | k_frac=8.0000 mD, dp=13.30 MPa | ng=1.085, nw=4.407 | Sw=[0.148,0.155] | A(t)=[-0.00,-0.00,-0.00] | 16.6s
2026-02-27 20:37:51 - M5Trainer - INFO -   [梯度验收] SY9: qg_obs range=[0.0, 838700.0]
2026-02-27 20:37:51 - M5Trainer - INFO - [Step   200/80000] Stage A | L=3.5690e+01 (IC=4.695e-03, BC=1.840e-02, PDE=1.660e+02, Qg=1.187e+00, Qz=2.769e-02, Sd=5.270e-01, SQg=7.679e-05, SwB=0.000e+00) | k_frac=8.0000 mD, dp=13.30 MPa | ng=1.085, nw=4.407 | Sw=[0.139,0.165] | A(t)=[-0.01,-0.01,-0.01] | 32.4s
2026-02-27 20:38:07 - M5Trainer - INFO - [Step   300/80000] Stage A | L=2.0394e+01 (IC=1.848e-02, BC=2.560e-02, PDE=1.609e+02, Qg=4.915e-01, Qz=6.059e-02, Sd=1.218e+00, SQg=1.068e-03, SwB=0.000e+00) | k_frac=8.0000 mD, dp=13.30 MPa | ng=1.085, nw=4.407 | Sw=[0.135,0.184] | A(t)=[-0.04,-0.04,-0.05] | 48.4s
2026-02-27 20:38:24 - M5Trainer - INFO -   [梯度验收] SY9: qg_obs range=[0.0, 838700.0]
2026-02-27 20:38:24 - M5Trainer - INFO - [Step   400/80000] Stage A | L=1.8735e+01 (IC=3.733e-02, BC=3.405e-02, PDE=1.514e+02, Qg=4.346e-01, Qz=7.950e-02, Sd=1.609e+00, SQg=1.463e-03, SwB=0.000e+00) | k_frac=8.0000 mD, dp=13.30 MPa | ng=1.085, nw=4.407 | Sw=[0.137,0.175] | A(t)=[-0.11,-0.13,-0.16] | 64.8s
2026-02-27 20:38:42 - M5Trainer - INFO -   [Sw监控] SY9: Sw=[0.1209, 0.1588, 0.1960], krg_min=6.751000e-01
2026-02-27 20:38:42 - M5Trainer - INFO - [Step   500/80000] Stage A | L=1.8921e+01 (IC=7.818e-03, BC=1.564e-02, PDE=2.159e+02, Qg=4.183e-01, Qz=8.897e-02, Sd=1.789e+00, SQg=1.336e-03, SwB=0.000e+00) | k_frac=8.0000 mD, dp=13.30 MPa | ng=1.085, nw=4.407 | Sw=[0.135,0.195] | A(t)=[-0.32,-0.42,-0.52] | 83.0s
2026-02-27 20:38:42 - M5Trainer - INFO -   [k_frac诊断] grad=None, k_frac=8.000001 mD
2026-02-27 20:39:00 - M5Trainer - INFO -   [梯度验收] SY9: qg_obs range=[0.0, 838700.0]
2026-02-27 20:39:00 - M5Trainer - INFO - [Step   600/80000] Stage A | L=1.7980e+01 (IC=7.893e-02, BC=3.357e-02, PDE=2.050e+02, Qg=3.916e-01, Qz=1.094e-01, Sd=2.177e+00, SQg=1.254e-03, SwB=0.000e+00) | k_frac=8.0000 mD, dp=13.30 MPa | ng=1.085, nw=4.407 | Sw=[0.131,0.178] | A(t)=[-0.92,-1.23,-1.51] | 100.9s
2026-02-27 20:39:16 - M5Trainer - INFO - [Step   700/80000] Stage A | L=1.8550e+01 (IC=1.360e-01, BC=9.773e-02, PDE=1.905e+02, Qg=3.789e-01, Qz=1.132e-01, Sd=2.230e+00, SQg=1.150e-03, SwB=0.000e+00) | k_frac=8.0000 mD, dp=13.30 MPa | ng=1.085, nw=4.407 | Sw=[0.136,0.183] | A(t)=[-1.29,-1.72,-2.08] | 117.1s
2026-02-27 20:39:32 - M5Trainer - INFO -   [梯度验收] SY9: qg_obs range=[0.0, 838700.0]
2026-02-27 20:39:32 - M5Trainer - INFO - [Step   800/80000] Stage A | L=2.0001e+01 (IC=1.867e-02, BC=1.935e-02, PDE=2.047e+02, Qg=3.724e-01, Qz=1.083e-01, Sd=2.110e+00, SQg=1.206e-03, SwB=0.000e+00) | k_frac=8.0000 mD, dp=13.30 MPa | ng=1.085, nw=4.407 | Sw=[0.133,0.199] | A(t)=[-1.67,-2.21,-2.62] | 133.3s
2026-02-27 20:39:48 - M5Trainer - INFO - [Step   900/80000] Stage A | L=2.0470e+01 (IC=5.302e-03, BC=1.534e-02, PDE=2.105e+02, Qg=3.699e-01, Qz=8.984e-02, Sd=1.715e+00, SQg=1.549e-03, SwB=0.000e+00) | k_frac=8.0000 mD, dp=13.30 MPa | ng=1.085, nw=4.407 | Sw=[0.135,0.203] | A(t)=[-2.15,-2.76,-3.21] | 149.4s
2026-02-27 20:40:04 - M5Trainer - INFO -   [梯度验收] SY9: qg_obs range=[0.0, 838700.0]
2026-02-27 20:40:04 - M5Trainer - INFO -   [Sw监控] SY9: Sw=[0.1350, 0.1644, 0.1939], krg_min=6.751000e-01
2026-02-27 20:40:04 - M5Trainer - INFO - [Step  1000/80000] Stage A | L=2.5839e+01 (IC=2.420e-02, BC=3.054e-02, PDE=2.587e+02, Qg=3.623e-01, Qz=6.832e-02, Sd=1.267e+00, SQg=2.392e-03, SwB=0.000e+00) | k_frac=8.0000 mD, dp=13.30 MPa | ng=1.085, nw=4.407 | Sw=[0.138,0.191] | A(t)=[-2.58,-3.23,-3.68] | 165.6s
2026-02-27 20:40:04 - M5Trainer - INFO -   [k_frac诊断] grad=None, k_frac=8.000001 mD
2026-02-27 20:40:21 - M5Trainer - INFO - [Step  1100/80000] Stage A | L=2.3516e+01 (IC=2.717e-02, BC=4.563e-02, PDE=2.504e+02, Qg=3.611e-01, Qz=5.583e-02, Sd=1.009e+00, SQg=3.486e-03, SwB=0.000e+00) | k_frac=8.0000 mD, dp=13.30 MPa | ng=1.085, nw=4.407 | Sw=[0.135,0.193] | A(t)=[-2.66,-3.34,-3.79] | 181.9s
2026-02-27 20:40:37 - M5Trainer - INFO -   [梯度验收] SY9: qg_obs range=[0.0, 838700.0]
2026-02-27 20:40:37 - M5Trainer - INFO - [Step  1200/80000] Stage A | L=2.7483e+01 (IC=3.330e-03, BC=1.178e-02, PDE=2.522e+02, Qg=3.555e-01, Qz=4.046e-02, Sd=7.049e-01, SQg=4.172e-03, SwB=0.000e+00) | k_frac=8.0000 mD, dp=13.30 MPa | ng=1.085, nw=4.407 | Sw=[0.135,0.212] | A(t)=[-2.87,-3.55,-3.99] | 198.3s
2026-02-27 20:40:53 - M5Trainer - INFO - [Step  1300/80000] Stage A | L=3.1328e+01 (IC=2.667e-03, BC=7.890e-03, PDE=2.461e+02, Qg=3.499e-01, Qz=2.622e-02, Sd=4.277e-01, SQg=4.843e-03, SwB=0.000e+00) | k_frac=8.0000 mD, dp=13.30 MPa | ng=1.085, nw=4.407 | Sw=[0.132,0.204] | A(t)=[-3.17,-3.84,-4.26] | 214.7s
2026-02-27 20:41:10 - M5Trainer - INFO -   [梯度验收] SY9: qg_obs range=[0.0, 838700.0]
2026-02-27 20:41:10 - M5Trainer - INFO - [Step  1400/80000] Stage A | L=2.9177e+01 (IC=2.057e-02, BC=2.613e-02, PDE=2.613e+02, Qg=3.457e-01, Qz=1.463e-02, Sd=2.136e-01, SQg=6.207e-03, SwB=0.000e+00) | k_frac=8.0000 mD, dp=13.30 MPa | ng=1.085, nw=4.407 | Sw=[0.133,0.192] | A(t)=[-3.19,-3.87,-4.29] | 230.8s
2026-02-27 20:41:26 - M5Trainer - INFO -   [Sw监控] SY9: Sw=[0.1355, 0.1669, 0.2005], krg_min=6.751000e-01
2026-02-27 20:41:26 - M5Trainer - INFO - [Step  1500/80000] Stage A | L=3.1269e+01 (IC=2.278e-02, BC=2.303e-02, PDE=3.239e+02, Qg=3.427e-01, Qz=1.158e-02, Sd=1.602e-01, SQg=7.285e-03, SwB=0.000e+00) | k_frac=8.0000 mD, dp=13.30 MPa | ng=1.085, nw=4.407 | Sw=[0.140,0.201] | A(t)=[-3.35,-4.03,-4.44] | 247.2s
2026-02-27 20:41:26 - M5Trainer - INFO -   [k_frac诊断] grad=None, k_frac=8.000001 mD
2026-02-27 20:41:43 - M5Trainer - INFO -   [梯度验收] SY9: qg_obs range=[0.0, 838700.0]
2026-02-27 20:41:43 - M5Trainer - INFO - [Step  1600/80000] Stage A | L=3.5930e+01 (IC=1.184e-02, BC=1.997e-02, PDE=3.144e+02, Qg=3.409e-01, Qz=6.074e-03, Sd=6.894e-02, SQg=8.260e-03, SwB=0.000e+00) | k_frac=8.0000 mD, dp=13.30 MPa | ng=1.085, nw=4.407 | Sw=[0.141,0.196] | A(t)=[-3.25,-3.98,-4.42] | 263.8s
2026-02-27 20:41:59 - M5Trainer - INFO - [Step  1700/80000] Stage A | L=3.6588e+01 (IC=2.009e-02, BC=1.765e-02, PDE=3.271e+02, Qg=3.391e-01, Qz=4.600e-03, Sd=4.670e-02, SQg=9.143e-03, SwB=0.000e+00) | k_frac=8.0000 mD, dp=13.30 MPa | ng=1.085, nw=4.407 | Sw=[0.133,0.191] | A(t)=[-3.27,-4.01,-4.45] | 280.1s
2026-02-27 20:42:15 - M5Trainer - INFO -   [梯度验收] SY9: qg_obs range=[0.0, 838700.0]
2026-02-27 20:42:15 - M5Trainer - INFO - [Step  1800/80000] Stage A | L=3.5514e+01 (IC=5.712e-02, BC=6.106e-02, PDE=3.070e+02, Qg=3.383e-01, Qz=3.790e-03, Sd=3.505e-02, SQg=1.015e-02, SwB=0.000e+00) | k_frac=8.0000 mD, dp=13.30 MPa | ng=1.085, nw=4.407 | Sw=[0.131,0.205] | A(t)=[-3.23,-3.98,-4.43] | 296.3s
2026-02-27 20:42:31 - M5Trainer - INFO - [Step  1900/80000] Stage A | L=4.1284e+01 (IC=1.782e-02, BC=2.772e-02, PDE=3.074e+02, Qg=3.397e-01, Qz=3.083e-03, Sd=2.543e-02, SQg=9.703e-03, SwB=0.000e+00) | k_frac=8.0000 mD, dp=13.30 MPa | ng=1.085, nw=4.407 | Sw=[0.129,0.194] | A(t)=[-3.30,-4.06,-4.51] | 312.3s
2026-02-27 20:42:47 - M5Trainer - INFO -   [Sw监控] SY9: Sw=[0.1287, 0.1763, 0.2223], krg_min=6.751000e-01
2026-02-27 20:42:47 - M5Trainer - INFO - [Step  2000/80000] Stage A | L=4.0200e+01 (IC=2.002e-02, BC=3.422e-02, PDE=3.464e+02, Qg=3.344e-01, Qz=2.736e-03, Sd=2.095e-02, SQg=1.064e-02, SwB=0.000e+00) | k_frac=8.0000 mD, dp=13.30 MPa | ng=1.085, nw=4.407 | Sw=[0.137,0.194] | A(t)=[-3.33,-4.11,-4.56] | 328.0s
2026-02-27 20:42:47 - M5Trainer - INFO -   [k_frac诊断] grad=None, k_frac=8.000001 mD
2026-02-27 20:43:03 - M5Trainer - INFO - [Step  2100/80000] Stage A | L=3.8590e+01 (IC=4.547e-02, BC=5.497e-02, PDE=3.520e+02, Qg=3.356e-01, Qz=2.799e-03, Sd=2.168e-02, SQg=1.004e-02, SwB=0.000e+00) | k_frac=8.0000 mD, dp=13.30 MPa | ng=1.085, nw=4.407 | Sw=[0.133,0.220] | A(t)=[-3.38,-4.17,-4.62] | 344.0s
2026-02-27 20:43:19 - M5Trainer - INFO - [Step  2200/80000] Stage A | L=4.2409e+01 (IC=3.634e-02, BC=5.100e-02, PDE=3.581e+02, Qg=3.311e-01, Qz=2.773e-03, Sd=2.132e-02, SQg=1.047e-02, SwB=0.000e+00) | k_frac=8.0000 mD, dp=13.30 MPa | ng=1.085, nw=4.407 | Sw=[0.132,0.241] | A(t)=[-3.45,-4.24,-4.68] | 360.2s
2026-02-27 20:43:35 - M5Trainer - INFO - [Step  2300/80000] Stage A | L=3.8528e+01 (IC=1.832e-02, BC=2.165e-02, PDE=3.443e+02, Qg=3.258e-01, Qz=2.799e-03, Sd=2.154e-02, SQg=1.080e-02, SwB=0.000e+00) | k_frac=8.0000 mD, dp=13.30 MPa | ng=1.085, nw=4.407 | Sw=[0.112,0.175] | A(t)=[-3.48,-4.28,-4.72] | 376.2s
2026-02-27 20:43:51 - M5Trainer - INFO - [Step  2400/80000] Stage A | L=4.4553e+01 (IC=4.159e-02, BC=3.144e-02, PDE=3.517e+02, Qg=3.166e-01, Qz=2.994e-03, Sd=2.380e-02, SQg=1.138e-02, SwB=0.000e+00) | k_frac=8.0000 mD, dp=13.30 MPa | ng=1.085, nw=4.407 | Sw=[0.133,0.192] | A(t)=[-3.59,-4.39,-4.83] | 392.4s
2026-02-27 20:44:07 - M5Trainer - INFO -   [Sw监控] SY9: Sw=[0.1181, 0.1736, 0.2253], krg_min=6.751000e-01
2026-02-27 20:44:07 - M5Trainer - INFO - [Step  2500/80000] Stage A | L=3.7283e+01 (IC=1.123e-02, BC=1.908e-02, PDE=3.890e+02, Qg=3.114e-01, Qz=3.689e-03, Sd=3.270e-02, SQg=1.135e-02, SwB=0.000e+00) | k_frac=8.0000 mD, dp=13.30 MPa | ng=1.085, nw=4.407 | Sw=[0.131,0.233] | A(t)=[-3.64,-4.45,-4.88] | 408.5s
2026-02-27 20:44:07 - M5Trainer - INFO -   [k_frac诊断] grad=None, k_frac=8.000001 mD
2026-02-27 20:44:24 - M5Trainer - INFO - [Step  2600/80000] Stage A | L=3.5933e+01 (IC=3.039e-02, BC=2.678e-02, PDE=3.833e+02, Qg=3.094e-01, Qz=4.543e-03, Sd=4.431e-02, SQg=1.149e-02, SwB=0.000e+00) | k_frac=8.0000 mD, dp=13.30 MPa | ng=1.085, nw=4.407 | Sw=[0.127,0.211] | A(t)=[-3.63,-4.44,-4.88] | 425.7s
2026-02-27 20:44:44 - M5Trainer - INFO - [Step  2700/80000] Stage A | L=4.1187e+01 (IC=3.101e-02, BC=3.265e-02, PDE=3.845e+02, Qg=3.095e-01, Qz=5.095e-03, Sd=5.210e-02, SQg=1.004e-02, SwB=0.000e+00) | k_frac=8.0000 mD, dp=13.30 MPa | ng=1.085, nw=4.407 | Sw=[0.126,0.210] | A(t)=[-3.70,-4.52,-4.95] | 445.5s
2026-02-27 20:45:03 - M5Trainer - INFO - [Step  2800/80000] Stage A | L=4.1283e+01 (IC=6.239e-02, BC=2.936e-02, PDE=3.865e+02, Qg=3.242e-01, Qz=4.955e-03, Sd=5.035e-02, SQg=9.292e-03, SwB=0.000e+00) | k_frac=8.0000 mD, dp=13.30 MPa | ng=1.085, nw=4.407 | Sw=[0.128,0.239] | A(t)=[-3.68,-4.51,-4.95] | 464.3s
2026-02-27 20:45:21 - M5Trainer - INFO - [Step  2900/80000] Stage A | L=4.2395e+01 (IC=5.420e-02, BC=6.905e-02, PDE=3.877e+02, Qg=3.034e-01, Qz=5.523e-03, Sd=5.848e-02, SQg=1.048e-02, SwB=0.000e+00) | k_frac=8.0000 mD, dp=13.30 MPa | ng=1.085, nw=4.407 | Sw=[0.127,0.187] | A(t)=[-3.59,-4.45,-4.91] | 482.3s
2026-02-27 20:45:39 - M5Trainer - INFO -   [Sw监控] SY9: Sw=[0.1165, 0.1760, 0.2254], krg_min=6.751000e-01
2026-02-27 20:45:39 - M5Trainer - INFO - [Step  3000/80000] Stage A | L=4.5345e+01 (IC=2.186e-02, BC=2.618e-02, PDE=4.196e+02, Qg=3.075e-01, Qz=5.768e-03, Sd=6.221e-02, SQg=1.109e-02, SwB=0.000e+00) | k_frac=8.0000 mD, dp=13.30 MPa | ng=1.085, nw=4.407 | Sw=[0.135,0.219] | A(t)=[-3.71,-4.58,-5.02] | 500.1s
2026-02-27 20:45:39 - M5Trainer - INFO -   [k_frac诊断] grad=None, k_frac=8.000001 mD
2026-02-27 20:45:55 - M5Trainer - INFO - [Step  3100/80000] Stage A | L=4.8128e+01 (IC=4.065e-02, BC=2.315e-02, PDE=4.212e+02, Qg=3.027e-01, Qz=5.103e-03, Sd=5.263e-02, SQg=1.039e-02, SwB=0.000e+00) | k_frac=8.0000 mD, dp=13.30 MPa | ng=1.085, nw=4.407 | Sw=[0.117,0.168] | A(t)=[-3.77,-4.63,-5.07] | 516.4s
2026-02-27 20:46:11 - M5Trainer - INFO - [Step  3200/80000] Stage A | L=4.9818e+01 (IC=2.489e-02, BC=2.693e-02, PDE=4.087e+02, Qg=3.012e-01, Qz=5.054e-03, Sd=5.217e-02, SQg=1.041e-02, SwB=0.000e+00) | k_frac=8.0000 mD, dp=13.30 MPa | ng=1.085, nw=4.407 | Sw=[0.135,0.194] | A(t)=[-3.78,-4.65,-5.09] | 532.6s
2026-02-27 20:46:27 - M5Trainer - INFO - [Step  3300/80000] Stage A | L=5.1088e+01 (IC=8.222e-03, BC=7.524e-03, PDE=4.094e+02, Qg=3.009e-01, Qz=5.960e-03, Sd=6.549e-02, SQg=9.974e-03, SwB=0.000e+00) | k_frac=8.0000 mD, dp=13.30 MPa | ng=1.085, nw=4.407 | Sw=[0.129,0.225] | A(t)=[-3.66,-4.58,-5.04] | 548.4s
2026-02-27 20:46:44 - M5Trainer - INFO - [Step  3400/80000] Stage A | L=4.3385e+01 (IC=2.683e-02, BC=1.471e-02, PDE=4.056e+02, Qg=2.985e-01, Qz=5.116e-03, Sd=5.337e-02, SQg=1.022e-02, SwB=0.000e+00) | k_frac=8.0000 mD, dp=13.30 MPa | ng=1.085, nw=4.407 | Sw=[0.132,0.200] | A(t)=[-3.25,-4.29,-4.83] | 565.6s
2026-02-27 20:47:02 - M5Trainer - INFO -   [Sw监控] SY9: Sw=[0.1222, 0.1680, 0.2230], krg_min=6.751000e-01
2026-02-27 20:47:02 - M5Trainer - INFO - [Step  3500/80000] Stage A | L=4.1104e+01 (IC=1.173e-02, BC=2.490e-02, PDE=4.454e+02, Qg=2.986e-01, Qz=4.668e-03, Sd=4.689e-02, SQg=1.083e-02, SwB=0.000e+00) | k_frac=8.0000 mD, dp=13.30 MPa | ng=1.085, nw=4.407 | Sw=[0.136,0.214] | A(t)=[-3.43,-4.45,-4.97] | 583.0s
2026-02-27 20:47:02 - M5Trainer - INFO -   [k_frac诊断] grad=None, k_frac=8.000001 mD
2026-02-27 20:47:20 - M5Trainer - INFO - [Step  3600/80000] Stage A | L=4.8972e+01 (IC=3.710e-02, BC=1.079e-02, PDE=4.500e+02, Qg=2.962e-01, Qz=4.242e-03, Sd=4.115e-02, SQg=1.054e-02, SwB=4.564e-04) | k_frac=8.0000 mD, dp=13.30 MPa | ng=1.085, nw=4.407 | Sw=[0.079,0.225] | A(t)=[-3.20,-4.28,-4.84] | 600.7s
2026-02-27 20:47:39 - M5Trainer - INFO - [Step  3700/80000] Stage A | L=4.6656e+01 (IC=1.294e-02, BC=1.794e-02, PDE=4.457e+02, Qg=2.972e-01, Qz=3.966e-03, Sd=3.723e-02, SQg=1.013e-02, SwB=9.525e-06) | k_frac=8.0000 mD, dp=13.30 MPa | ng=1.085, nw=4.407 | Sw=[0.105,0.178] | A(t)=[-3.21,-4.33,-4.91] | 619.9s
2026-02-27 20:47:57 - M5Trainer - INFO - [Step  3800/80000] Stage A | L=4.1549e+01 (IC=5.290e-02, BC=5.178e-02, PDE=4.366e+02, Qg=2.930e-01, Qz=4.631e-03, Sd=4.675e-02, SQg=1.008e-02, SwB=0.000e+00) | k_frac=8.0000 mD, dp=13.30 MPa | ng=1.085, nw=4.407 | Sw=[0.114,0.172] | A(t)=[-3.21,-4.32,-4.89] | 638.5s
