2026-02-20 23:21:51 - Main - INFO - 构建 PVT 插值器...
2026-02-20 23:21:51 - Main - INFO - 构建相渗插值器...
2026-02-20 23:21:51 - Main - INFO - 功能测试: 查询 p=50 MPa, T=120 ℃
2026-02-20 23:21:51 - Main - INFO -   Z = 1.18037
2026-02-20 23:21:51 - Main - INFO -   Bg = 0.0031967
2026-02-20 23:21:51 - Main - INFO -   cg = 0.0135004
2026-02-20 23:21:51 - Main - INFO -   rho = 218.688
2026-02-20 23:21:51 - Main - INFO -   alphaT = 0.002077
2026-02-20 23:21:51 - Main - INFO - 功能测试: 查询 Sw=0.5
2026-02-20 23:21:51 - Main - INFO -   krw(0.5) = 0.028500, krg(0.5) = 0.441160
2026-02-20 23:21:51 - Main - INFO -   端点: Swr=0.2600, Sgr=0.0620, krw_max=0.4800, krg_max=0.6750
2026-02-20 23:21:56 - Main - INFO - M4 PINN 训练设备: cuda
2026-02-20 23:21:56 - Main - INFO -   GPU: NVIDIA GeForce RTX 5060 Laptop GPU (8.0 GB)
2026-02-20 23:21:56 - Main - INFO - 初始化采样器...
2026-02-20 23:21:57 - Main - INFO - 初始化网络...
2026-02-20 23:21:57 - Main - INFO -   模型参数量: 416,258
2026-02-20 23:21:57 - Main - INFO - 初始化损失函数...
2026-02-20 23:21:57 - Main - INFO - 初始化训练器...
2026-02-20 23:21:58 - Main - INFO - 开始分阶段训练...
2026-02-20 23:54:11 - Main - INFO - M4 PINN 基线训练完成!
2026-02-20 23:54:13 - Main - INFO - M5 训练设备: cuda
2026-02-20 23:54:13 - Main - INFO - M5 主井: SY9
2026-02-20 23:54:14 - Main - INFO -   M5 参数量: {'field_net': 416258, 'well_model': 4418, 'k_net': 15297, 'dp_wellbore': 1, 'total': 435974}
2026-02-21 01:03:09 - Main - INFO -   反演 k_eff: 41.0977 mD
2026-02-21 01:03:09 - Main - ERROR - 执行失败: Unknown format code 'f' for object of type 'str'
Traceback (most recent call last):
  File "C:\Users\16281\Desktop\cpedc_project\src\main.py", line 463, in main
    m5_ok = run_m5(config, logger)
            ^^^^^^^^^^^^^^^^^^^^^^
  File "C:\Users\16281\Desktop\cpedc_project\src\main.py", line 176, in run_m5
    logger.info(f"  反演 f_frac: {inv.get('f_frac', 'N/A'):.2f}")
                                 ^^^^^^^^^^^^^^^^^^^^^^^^^^^^^^
ValueError: Unknown format code 'f' for object of type 'str'
