2026-02-09 23:25:38 - Main - INFO - 构建 PVT 插值器...
2026-02-09 23:25:38 - Main - INFO - 构建相渗插值器...
2026-02-09 23:25:38 - Main - INFO - 功能测试: 查询 p=50 MPa, T=120 ℃
2026-02-09 23:25:38 - Main - INFO -   Z = 1.18037
2026-02-09 23:25:38 - Main - INFO -   Bg = 0.0031967
2026-02-09 23:25:38 - Main - INFO -   cg = 0.0135004
2026-02-09 23:25:38 - Main - INFO -   rho = 218.688
2026-02-09 23:25:38 - Main - INFO -   alphaT = 0.002077
2026-02-09 23:25:38 - Main - INFO - 功能测试: 查询 Sw=0.5
2026-02-09 23:25:38 - Main - INFO -   krw(0.5) = 0.028500, krg(0.5) = 0.441160
2026-02-09 23:25:38 - Main - INFO -   端点: Swr=0.2600, Sgr=0.0620, krw_max=0.4800, krg_max=0.6750
2026-02-09 23:25:44 - Main - INFO - M4 PINN 训练设备: cuda
2026-02-09 23:25:44 - Main - INFO -   GPU: NVIDIA GeForce RTX 5060 Laptop GPU (8.0 GB)
2026-02-09 23:25:44 - Main - INFO - 初始化采样器...
2026-02-09 23:25:44 - Main - INFO - 初始化网络...
2026-02-09 23:25:44 - Main - INFO -   模型参数量: 51,330
2026-02-09 23:25:44 - Main - INFO - 初始化损失函数...
2026-02-09 23:25:44 - Main - INFO - 初始化训练器...
2026-02-09 23:25:45 - Main - INFO - 开始分阶段训练...
2026-02-09 23:29:50 - Main - INFO - M4 PINN 基线训练完成!
2026-02-09 23:29:51 - Main - WARNING - M4验收未完全通过（基线可接受，后续迭代改进）
