2026-03-02 01:08:07 - PINNSampler - INFO -   使用M2等弧长边界采样点: 512 个
2026-03-02 01:08:07 - PINNSampler - INFO -   生产数据时间范围: 0 ~ 1331 天, 共 1332 条记录
2026-03-02 01:08:10 - PINNSampler - INFO -   厚度场: h ∈ [83.0, 95.4] m, mean=89.6 m, nan_ratio=0.5089, 网格=23124 点
2026-03-02 01:08:10 - PINNSampler - INFO -   配点处: h ∈ [83.1, 95.4] m, |gx|_max=0.1736, |gy|_max=0.1567
2026-03-02 01:08:10 - PINNSampler - INFO - PINNSampler 初始化完成: x=[18537918, 18555318], y=[3346342, 3357342], t=[0, 1331] days, 域内点=3259, 边界点=512
2026-03-02 01:08:11 - PINNSampler - INFO -   SY9 压力观测: total_points=1332, valid_points=1025, nan_ratio=0.2305
2026-03-02 01:08:11 - PINNSampler - INFO -   最长缺失段: 2015-11-04 ~ 2016-09-01, length_days=303
2026-03-02 01:08:11 - PINNSampler - INFO -   井 SY9: 1332 条有效数据, p=[nan, nan] MPa
2026-03-02 01:54:51 - PINNSampler - INFO -   使用M2等弧长边界采样点: 512 个
2026-03-02 01:54:51 - PINNSampler - INFO -   生产数据时间范围: 0 ~ 1331 天, 共 1332 条记录
2026-03-02 01:54:54 - PINNSampler - INFO -   厚度场: h ∈ [83.0, 95.4] m, mean=89.6 m, nan_ratio=0.5089, 网格=23124 点
2026-03-02 01:54:54 - PINNSampler - INFO -   配点处: h ∈ [83.1, 95.4] m, |gx|_max=0.1736, |gy|_max=0.1567
2026-03-02 01:54:54 - PINNSampler - INFO - PINNSampler 初始化完成: x=[18537918, 18555318], y=[3346342, 3357342], t=[0, 1331] days, 域内点=3259, 边界点=512
2026-03-02 01:54:54 - PINNSampler - INFO -   SY9 压力观测: total_points=1332, valid_points=1025, nan_ratio=0.2305
2026-03-02 01:54:54 - PINNSampler - INFO -   最长缺失段: 2015-11-04 ~ 2016-09-01, length_days=303
2026-03-02 01:54:54 - PINNSampler - INFO -   井 SY9: 1332 条有效数据, p=[nan, nan] MPa
2026-03-02 03:11:15 - PINNSampler - INFO -   使用M2等弧长边界采样点: 512 个
2026-03-02 03:11:15 - PINNSampler - INFO -   生产数据时间范围: 0 ~ 1331 天, 共 1332 条记录
2026-03-02 03:11:17 - PINNSampler - INFO -   厚度场: h ∈ [83.0, 95.4] m, mean=89.6 m, nan_ratio=0.5089, 网格=23124 点
2026-03-02 03:11:17 - PINNSampler - INFO -   配点处: h ∈ [83.1, 95.4] m, |gx|_max=0.1736, |gy|_max=0.1567
2026-03-02 03:11:17 - PINNSampler - INFO - PINNSampler 初始化完成: x=[18537918, 18555318], y=[3346342, 3357342], t=[0, 1331] days, 域内点=3259, 边界点=512
2026-03-02 03:11:17 - PINNSampler - INFO -   SY9 压力观测: total_points=1332, valid_points=1025, nan_ratio=0.2305
2026-03-02 03:11:17 - PINNSampler - INFO -   最长缺失段: 2015-11-04 ~ 2016-09-01, length_days=303
2026-03-02 03:11:17 - PINNSampler - INFO -   井 SY9: 1332 条有效数据, p=[nan, nan] MPa
2026-03-02 04:22:58 - PINNSampler - INFO -   使用M2等弧长边界采样点: 512 个
2026-03-02 04:22:58 - PINNSampler - INFO -   生产数据时间范围: 0 ~ 1331 天, 共 1332 条记录
2026-03-02 04:23:00 - PINNSampler - INFO -   厚度场: h ∈ [83.0, 95.4] m, mean=89.6 m, nan_ratio=0.5089, 网格=23124 点
2026-03-02 04:23:00 - PINNSampler - INFO -   配点处: h ∈ [83.1, 95.4] m, |gx|_max=0.1736, |gy|_max=0.1567
2026-03-02 04:23:00 - PINNSampler - INFO - PINNSampler 初始化完成: x=[18537918, 18555318], y=[3346342, 3357342], t=[0, 1331] days, 域内点=3259, 边界点=512
2026-03-02 04:23:00 - PINNSampler - INFO -   SY9 压力观测: total_points=1332, valid_points=1025, nan_ratio=0.2305
2026-03-02 04:23:00 - PINNSampler - INFO -   最长缺失段: 2015-11-04 ~ 2016-09-01, length_days=303
2026-03-02 04:23:00 - PINNSampler - INFO -   井 SY9: 1332 条有效数据, p=[nan, nan] MPa
2026-03-02 06:03:52 - PINNSampler - INFO -   使用M2等弧长边界采样点: 512 个
2026-03-02 06:03:52 - PINNSampler - INFO -   生产数据时间范围: 0 ~ 1331 天, 共 1332 条记录
2026-03-02 06:03:54 - PINNSampler - INFO -   厚度场: h ∈ [83.0, 95.4] m, mean=89.6 m, nan_ratio=0.5089, 网格=23124 点
2026-03-02 06:03:54 - PINNSampler - INFO -   配点处: h ∈ [83.1, 95.4] m, |gx|_max=0.1736, |gy|_max=0.1567
2026-03-02 06:03:54 - PINNSampler - INFO - PINNSampler 初始化完成: x=[18537918, 18555318], y=[3346342, 3357342], t=[0, 1331] days, 域内点=3259, 边界点=512
2026-03-02 06:03:54 - PINNSampler - INFO -   SY9 压力观测: total_points=1332, valid_points=1025, nan_ratio=0.2305
2026-03-02 06:03:54 - PINNSampler - INFO -   最长缺失段: 2015-11-04 ~ 2016-09-01, length_days=303
2026-03-02 06:03:54 - PINNSampler - INFO -   井 SY9: 1332 条有效数据, p=[nan, nan] MPa
2026-03-02 07:43:44 - PINNSampler - INFO -   使用M2等弧长边界采样点: 512 个
2026-03-02 07:43:44 - PINNSampler - INFO -   生产数据时间范围: 0 ~ 1331 天, 共 1332 条记录
2026-03-02 07:43:46 - PINNSampler - INFO -   厚度场: h ∈ [83.0, 95.4] m, mean=89.6 m, nan_ratio=0.5089, 网格=23124 点
2026-03-02 07:43:46 - PINNSampler - INFO -   配点处: h ∈ [83.1, 95.4] m, |gx|_max=0.1736, |gy|_max=0.1567
2026-03-02 07:43:46 - PINNSampler - INFO - PINNSampler 初始化完成: x=[18537918, 18555318], y=[3346342, 3357342], t=[0, 1331] days, 域内点=3259, 边界点=512
2026-03-02 07:43:47 - PINNSampler - INFO -   SY9 压力观测: total_points=1332, valid_points=1025, nan_ratio=0.2305
2026-03-02 07:43:47 - PINNSampler - INFO -   最长缺失段: 2015-11-04 ~ 2016-09-01, length_days=303
2026-03-02 07:43:47 - PINNSampler - INFO -   井 SY9: 1332 条有效数据, p=[nan, nan] MPa
