2026-02-09 22:47:27 - PINNTrainer - INFO -   CUDA: deterministic 模式（cudnn.benchmark=False）
2026-02-09 22:47:28 - PINNTrainer - INFO -   Mixed Precision (AMP) 已启用
2026-02-09 22:47:28 - PINNTrainer - INFO -   SY9 数据锚点: 1025 条
2026-02-09 22:47:28 - PINNTrainer - INFO -   M3 PVT 查询 cg(76.0 MPa, 141.39 ℃) = 0.009744 1/MPa → 覆盖先验 0.0130
2026-02-09 22:47:28 - PINNTrainer - INFO - ============================================================
2026-02-09 22:47:28 - PINNTrainer - INFO - PDE 物理缩放参数（答辩核心）
2026-02-09 22:47:28 - PINNTrainer - INFO - ============================================================
2026-02-09 22:47:28 - PINNTrainer - INFO -   域: Δx = 17400 m, Δy = 11000 m, t_max = 1331 d = 114998400 s
2026-02-09 22:47:28 - PINNTrainer - INFO -   sx = (2/Δx)² = 1.321178e-08 1/m², sy = (2/Δy)² = 3.305785e-08 1/m²
2026-02-09 22:47:28 - PINNTrainer - INFO -   p_ref = 76.0 MPa, T_ref = 141.39 ℃
2026-02-09 22:47:28 - PINNTrainer - INFO -   k = 5.0 mD = 4.934617e-15 m²
2026-02-09 22:47:28 - PINNTrainer - INFO -   φ = 0.0216
2026-02-09 22:47:28 - PINNTrainer - INFO -   μ_ref = 0.035 mPa·s = 3.500000e-05 Pa·s
2026-02-09 22:47:28 - PINNTrainer - INFO -   c_g_ref = 0.009744 1/MPa = 9.744000e-09 1/Pa  (来源: M3 PVT @ (p=76.0, T=141.39))
2026-02-09 22:47:28 - PINNTrainer - INFO -   c_r = 0.0 1/MPa = 0.000000e+00 1/Pa
2026-02-09 22:47:28 - PINNTrainer - INFO -   c_t = c_g + c_r = 9.744000e-09 1/Pa
2026-02-09 22:47:28 - PINNTrainer - INFO -   α_phys = k/(φ·μ·c_t) = 0.669876 m²/s
2026-02-09 22:47:28 - PINNTrainer - INFO -   αx = α_phys·t_max_s·sx = 1.017765
2026-02-09 22:47:28 - PINNTrainer - INFO -   αy = α_phys·t_max_s·sy = 2.546600
2026-02-09 22:47:28 - PINNTrainer - INFO -   near_well_ratio = 0.3
2026-02-09 22:47:28 - PINNTrainer - INFO - ------------------------------------------------------------
2026-02-09 22:47:28 - PINNTrainer - INFO - 敏感性分析 (μ_ref × cg_ref 区间端点):
2026-02-09 22:47:28 - PINNTrainer - INFO -   μ_ref ∈ [0.02, 0.06] mPa·s
2026-02-09 22:47:28 - PINNTrainer - INFO -   cg_ref ∈ [0.008, 0.02] 1/MPa
2026-02-09 22:47:28 - PINNTrainer - INFO -   α_phys ∈ [0.190379, 1.427840] m²/s
2026-02-09 22:47:28 - PINNTrainer - INFO -   αx ∈ [0.289249, 2.169367]
2026-02-09 22:47:28 - PINNTrainer - INFO -   αy ∈ [0.723744, 5.428078]
2026-02-09 22:47:28 - PINNTrainer - INFO - ------------------------------------------------------------
2026-02-09 22:47:28 - PINNTrainer - INFO - 2.5D 厚度场审计:
2026-02-09 22:47:28 - PINNTrainer - INFO -   h_min = 82.70 m, h_max = 93.96 m, h_mean = 89.75 m
2026-02-09 22:47:28 - PINNTrainer - INFO -   log-thickness gradient |gx|_max = 1.2676, |gy|_max = 0.4678
2026-02-09 22:47:28 - PINNTrainer - INFO -   PDE 残差形式: dp/dt_n = αx(d²p/dx_n² + gx·dp/dx_n) + αy(d²p/dy_n² + gy·dp/dy_n)
2026-02-09 22:47:28 - PINNTrainer - INFO - ============================================================
2026-02-09 22:47:28 - PINNTrainer - INFO - PINNTrainer 初始化: device=cuda, lr=0.001, max_steps=8000, batch_size=2048, params=51330
2026-02-09 22:47:28 - PINNTrainer - INFO - ============================================================
2026-02-09 22:47:28 - PINNTrainer - INFO - M4 PINN 基线训练开始
2026-02-09 22:47:28 - PINNTrainer - INFO - ============================================================
2026-02-09 22:47:28 - PINNTrainer - INFO - 训练阶段: A[0-1600] B[1600-4000] C[4000-6400] D[6400-8000]
2026-02-09 22:47:29 - PINNTrainer - INFO - [Step     0/8000] Stage A | Loss: 3.2794e+02 (IC=2.680e+01, BC=1.198e+01, PDE=0.000e+00, Data=0.000e+00) | Sw=[0.3542, 0.7975] | lr=1.00e-03 | 0.3s
2026-02-09 22:47:29 - PINNTrainer - INFO - [Step   100/8000] Stage A | Loss: 3.2917e+00 (IC=2.137e-01, BC=2.310e-01, PDE=0.000e+00, Data=0.000e+00) | Sw=[0.1866, 0.4714] | lr=1.00e-03 | 1.2s
2026-02-09 22:47:30 - PINNTrainer - INFO - [Step   200/8000] Stage A | Loss: 8.1220e-01 (IC=5.309e-02, BC=5.625e-02, PDE=0.000e+00, Data=0.000e+00) | Sw=[0.1299, 0.3861] | lr=9.98e-04 | 1.9s
2026-02-09 22:47:31 - PINNTrainer - INFO - [Step   300/8000] Stage A | Loss: 1.8511e-01 (IC=1.547e-02, BC=6.073e-03, PDE=0.000e+00, Data=0.000e+00) | Sw=[0.0886, 0.3769] | lr=9.97e-04 | 2.5s
2026-02-09 22:47:31 - PINNTrainer - INFO - [Step   400/8000] Stage A | Loss: 7.2031e-01 (IC=4.710e-02, BC=4.986e-02, PDE=0.000e+00, Data=0.000e+00) | Sw=[0.0713, 0.3667] | lr=9.94e-04 | 3.2s
2026-02-09 22:47:32 - PINNTrainer - INFO - [Step   500/8000] Stage A | Loss: 6.9314e-01 (IC=4.565e-02, BC=4.733e-02, PDE=0.000e+00, Data=0.000e+00) | Sw=[0.1115, 0.3871] | lr=9.90e-04 | 3.8s
2026-02-09 22:47:33 - PINNTrainer - INFO - [Step   600/8000] Stage A | Loss: 2.2868e-01 (IC=1.500e-02, BC=1.574e-02, PDE=0.000e+00, Data=0.000e+00) | Sw=[0.0634, 0.3932] | lr=9.86e-04 | 4.5s
2026-02-09 22:47:33 - PINNTrainer - INFO - [Step   700/8000] Stage A | Loss: 2.6793e-01 (IC=1.806e-02, BC=1.747e-02, PDE=0.000e+00, Data=0.000e+00) | Sw=[0.0683, 0.3783] | lr=9.81e-04 | 5.1s
2026-02-09 22:47:34 - PINNTrainer - INFO - [Step   800/8000] Stage A | Loss: 1.0380e+00 (IC=6.753e-02, BC=7.254e-02, PDE=0.000e+00, Data=0.000e+00) | Sw=[0.0946, 0.4056] | lr=9.76e-04 | 5.9s
2026-02-09 22:47:35 - PINNTrainer - INFO - [Step   900/8000] Stage A | Loss: 3.3247e-01 (IC=2.217e-02, BC=2.215e-02, PDE=0.000e+00, Data=0.000e+00) | Sw=[0.1226, 0.3735] | lr=9.69e-04 | 6.6s
2026-02-09 22:47:36 - PINNTrainer - INFO - [Step  1000/8000] Stage A | Loss: 5.0858e-01 (IC=3.323e-02, BC=3.526e-02, PDE=0.000e+00, Data=0.000e+00) | Sw=[0.1349, 0.3791] | lr=9.62e-04 | 7.4s
2026-02-09 22:47:36 - PINNTrainer - INFO - [Step  1100/8000] Stage A | Loss: 2.1983e-01 (IC=1.419e-02, BC=1.558e-02, PDE=0.000e+00, Data=0.000e+00) | Sw=[0.1909, 0.3123] | lr=9.54e-04 | 8.1s
2026-02-09 22:47:37 - PINNTrainer - INFO - [Step  1200/8000] Stage A | Loss: 2.7310e-01 (IC=1.918e-02, BC=1.626e-02, PDE=0.000e+00, Data=0.000e+00) | Sw=[0.1139, 0.3595] | lr=9.46e-04 | 8.9s
2026-02-09 22:47:38 - PINNTrainer - INFO - [Step  1300/8000] Stage A | Loss: 2.3261e-01 (IC=1.545e-02, BC=1.562e-02, PDE=0.000e+00, Data=0.000e+00) | Sw=[0.1618, 0.3195] | lr=9.37e-04 | 9.7s
2026-02-09 22:47:39 - PINNTrainer - INFO - [Step  1400/8000] Stage A | Loss: 5.7595e-02 (IC=3.806e-03, BC=3.906e-03, PDE=0.000e+00, Data=0.000e+00) | Sw=[0.1541, 0.3179] | lr=9.27e-04 | 10.6s
2026-02-09 22:47:40 - PINNTrainer - INFO - [Step  1500/8000] Stage A | Loss: 1.6097e-01 (IC=1.065e-02, BC=1.089e-02, PDE=0.000e+00, Data=0.000e+00) | Sw=[0.2289, 0.3504] | lr=9.16e-04 | 11.3s
2026-02-09 22:47:40 - PINNTrainer - INFO - [Step  1600/8000] Stage B | Loss: 1.1984e-01 (IC=1.466e-02, BC=1.551e-02, PDE=0.000e+00, Data=0.000e+00) | Sw=[0.1943, 0.3221] | lr=9.05e-04 | 12.2s
2026-02-09 22:47:44 - PINNTrainer - INFO - [Step  1700/8000] Stage B | Loss: 3.9544e-01 (IC=3.911e-02, BC=6.347e-02, PDE=2.277e-01, Data=0.000e+00) | Sw=[0.2454, 0.2810] | lr=8.94e-04 | 15.9s
2026-02-09 22:47:48 - PINNTrainer - INFO - [Step  1800/8000] Stage B | Loss: 2.3315e-01 (IC=2.304e-02, BC=3.463e-02, PDE=1.689e-01, Data=0.000e+00) | Sw=[0.2384, 0.2783] | lr=8.81e-04 | 19.4s
2026-02-09 22:47:51 - PINNTrainer - INFO - [Step  1900/8000] Stage B | Loss: 5.3974e-02 (IC=4.849e-03, BC=7.584e-03, PDE=5.581e-02, Data=0.000e+00) | Sw=[0.2407, 0.2778] | lr=8.68e-04 | 22.8s
2026-02-09 22:47:55 - PINNTrainer - INFO - [Step  2000/8000] Stage B | Loss: 6.4871e-03 (IC=4.039e-04, BC=1.190e-03, PDE=5.382e-03, Data=0.000e+00) | Sw=[0.2398, 0.2762] | lr=8.55e-04 | 26.3s
2026-02-09 22:47:58 - PINNTrainer - INFO - [Step  2100/8000] Stage B | Loss: 2.1652e-01 (IC=2.467e-02, BC=2.993e-02, PDE=1.616e-02, Data=0.000e+00) | Sw=[0.2403, 0.2700] | lr=8.41e-04 | 29.9s
2026-02-09 22:48:02 - PINNTrainer - INFO - [Step  2200/8000] Stage B | Loss: 1.6755e-01 (IC=1.922e-02, BC=2.295e-02, PDE=1.037e-02, Data=0.000e+00) | Sw=[0.2436, 0.2730] | lr=8.26e-04 | 33.4s
2026-02-09 22:48:05 - PINNTrainer - INFO - [Step  2300/8000] Stage B | Loss: 1.4874e-01 (IC=1.800e-02, BC=1.902e-02, PDE=5.819e-03, Data=0.000e+00) | Sw=[0.2473, 0.2705] | lr=8.11e-04 | 37.1s
2026-02-09 22:48:09 - PINNTrainer - INFO - [Step  2400/8000] Stage B | Loss: 1.2681e-01 (IC=1.563e-02, BC=1.562e-02, PDE=5.339e-03, Data=0.000e+00) | Sw=[0.2464, 0.2696] | lr=7.96e-04 | 40.8s
2026-02-09 22:48:13 - PINNTrainer - INFO - [Step  2500/8000] Stage B | Loss: 1.2695e-01 (IC=1.563e-02, BC=1.562e-02, PDE=5.135e-03, Data=0.000e+00) | Sw=[0.2467, 0.2700] | lr=7.80e-04 | 44.5s
2026-02-09 22:48:17 - PINNTrainer - INFO - [Step  2600/8000] Stage B | Loss: 1.2172e-01 (IC=1.563e-02, BC=1.443e-02, PDE=6.626e-04, Data=0.000e+00) | Sw=[0.2455, 0.2680] | lr=7.63e-04 | 48.5s
2026-02-09 22:48:21 - PINNTrainer - INFO - [Step  2700/8000] Stage B | Loss: 1.2253e-01 (IC=1.531e-02, BC=1.505e-02, PDE=1.809e-03, Data=0.000e+00) | Sw=[0.2452, 0.2668] | lr=7.47e-04 | 52.5s
2026-02-09 22:48:24 - PINNTrainer - INFO - [Step  2800/8000] Stage B | Loss: 1.2134e-01 (IC=1.563e-02, BC=1.425e-02, PDE=9.026e-04, Data=0.000e+00) | Sw=[0.2489, 0.2670] | lr=7.30e-04 | 56.2s
2026-02-09 22:48:29 - PINNTrainer - INFO - [Step  2900/8000] Stage B | Loss: 1.9441e-02 (IC=2.718e-03, BC=1.709e-03, PDE=1.337e-03, Data=0.000e+00) | Sw=[0.2494, 0.2647] | lr=7.12e-04 | 60.3s
2026-02-09 22:48:33 - PINNTrainer - INFO - [Step  3000/8000] Stage B | Loss: 1.2563e-01 (IC=1.563e-02, BC=1.562e-02, PDE=1.077e-03, Data=0.000e+00) | Sw=[0.2515, 0.2650] | lr=6.94e-04 | 64.4s
2026-02-09 22:48:37 - PINNTrainer - INFO - [Step  3100/8000] Stage B | Loss: 2.9351e-02 (IC=3.594e-03, BC=3.616e-03, PDE=8.487e-04, Data=0.000e+00) | Sw=[0.2501, 0.2637] | lr=6.76e-04 | 69.1s
2026-02-09 22:48:41 - PINNTrainer - INFO - [Step  3200/8000] Stage B | Loss: 2.2737e-02 (IC=2.389e-03, BC=3.578e-03, PDE=8.513e-05, Data=0.000e+00) | Sw=[0.2501, 0.2628] | lr=6.58e-04 | 73.1s
2026-02-09 22:48:45 - PINNTrainer - INFO - [Step  3300/8000] Stage B | Loss: 3.0967e-02 (IC=3.846e-03, BC=3.891e-03, PDE=8.748e-05, Data=0.000e+00) | Sw=[0.2525, 0.2623] | lr=6.39e-04 | 77.2s
2026-02-09 22:48:50 - PINNTrainer - INFO - [Step  3400/8000] Stage B | Loss: 3.0941e-02 (IC=3.839e-03, BC=3.906e-03, PDE=3.880e-05, Data=0.000e+00) | Sw=[0.2516, 0.2621] | lr=6.20e-04 | 81.5s
2026-02-09 22:48:54 - PINNTrainer - INFO - [Step  3500/8000] Stage B | Loss: 3.1395e-02 (IC=3.922e-03, BC=3.906e-03, PDE=8.282e-05, Data=0.000e+00) | Sw=[0.2555, 0.2664] | lr=6.01e-04 | 85.4s
2026-02-09 22:48:58 - PINNTrainer - INFO - [Step  3600/8000] Stage B | Loss: 1.2040e-05 (IC=4.958e-07, BC=0.000e+00, PDE=1.147e-05, Data=0.000e+00) | Sw=[0.2516, 0.2617] | lr=5.82e-04 | 89.9s
2026-02-09 22:49:03 - PINNTrainer - INFO - [Step  3700/8000] Stage B | Loss: 7.7776e-06 (IC=3.843e-07, BC=0.000e+00, PDE=6.693e-06, Data=0.000e+00) | Sw=[0.2508, 0.2621] | lr=5.63e-04 | 94.3s
2026-02-09 22:49:07 - PINNTrainer - INFO - [Step  3800/8000] Stage B | Loss: 6.8508e-06 (IC=3.239e-07, BC=0.000e+00, PDE=5.707e-06, Data=0.000e+00) | Sw=[0.2511, 0.2622] | lr=5.44e-04 | 98.5s
2026-02-09 22:49:11 - PINNTrainer - INFO - [Step  3900/8000] Stage B | Loss: 5.3389e-06 (IC=2.554e-07, BC=0.000e+00, PDE=4.238e-06, Data=0.000e+00) | Sw=[0.2522, 0.2621] | lr=5.24e-04 | 102.7s
2026-02-09 22:49:15 - PINNTrainer - INFO - [Step  4000/8000] Stage C | Loss: 4.7542e-06 (IC=2.752e-07, BC=0.000e+00, PDE=3.929e-06, Data=0.000e+00) | Sw=[0.2523, 0.2623] | lr=5.05e-04 | 106.8s
2026-02-09 22:49:19 - PINNTrainer - INFO - [Step  4100/8000] Stage C | Loss: 5.7583e+01 (IC=3.060e-01, BC=1.557e+00, PDE=1.891e+00, Data=2.480e+02) | Sw=[0.2293, 0.3087] | lr=4.85e-04 | 111.1s
2026-02-09 22:49:24 - PINNTrainer - INFO - [Step  4200/8000] Stage C | Loss: 9.7030e+01 (IC=5.088e-01, BC=3.648e+00, PDE=3.552e+00, Data=2.032e+02) | Sw=[0.2185, 0.3063] | lr=4.66e-04 | 115.3s
2026-02-09 22:49:28 - PINNTrainer - INFO - [Step  4300/8000] Stage C | Loss: 1.2390e+02 (IC=8.887e-01, BC=3.099e+00, PDE=1.773e+01, Data=1.557e+02) | Sw=[0.2206, 0.3246] | lr=4.47e-04 | 119.6s
2026-02-09 22:49:33 - PINNTrainer - INFO - [Step  4400/8000] Stage C | Loss: 1.4204e+02 (IC=1.328e+00, BC=4.347e+00, PDE=1.203e+01, Data=1.408e+02) | Sw=[0.1884, 0.4471] | lr=4.27e-04 | 124.3s
2026-02-09 22:49:37 - PINNTrainer - INFO - [Step  4500/8000] Stage C | Loss: 1.6805e+02 (IC=1.239e+00, BC=3.877e+00, PDE=1.615e+01, Data=1.348e+02) | Sw=[0.1852, 0.3616] | lr=4.08e-04 | 129.1s
2026-02-09 22:49:42 - PINNTrainer - INFO - [Step  4600/8000] Stage C | Loss: 1.8579e+02 (IC=1.872e+00, BC=4.691e+00, PDE=9.390e+00, Data=1.291e+02) | Sw=[0.1684, 0.4378] | lr=3.89e-04 | 133.7s
2026-02-09 22:49:46 - PINNTrainer - INFO - [Step  4700/8000] Stage C | Loss: 2.2087e+02 (IC=1.765e+00, BC=7.196e+00, PDE=1.792e+01, Data=1.257e+02) | Sw=[0.1509, 0.5004] | lr=3.70e-04 | 138.2s
2026-02-09 22:49:52 - PINNTrainer - INFO - [Step  4800/8000] Stage C | Loss: 2.5708e+02 (IC=2.324e+00, BC=5.650e+00, PDE=3.539e+01, Data=1.220e+02) | Sw=[0.1180, 0.6618] | lr=3.52e-04 | 143.4s
2026-02-09 22:49:56 - PINNTrainer - INFO - [Step  4900/8000] Stage C | Loss: 2.7959e+02 (IC=2.905e+00, BC=7.929e+00, PDE=2.375e+01, Data=1.233e+02) | Sw=[0.1111, 0.3431] | lr=3.33e-04 | 147.8s
2026-02-09 22:50:00 - PINNTrainer - INFO - [Step  5000/8000] Stage C | Loss: 3.0519e+02 (IC=2.547e+00, BC=6.716e+00, PDE=3.431e+01, Data=1.199e+02) | Sw=[0.0989, 0.4361] | lr=3.15e-04 | 152.2s
2026-02-09 22:50:05 - PINNTrainer - INFO - [Step  5100/8000] Stage C | Loss: 3.2572e+02 (IC=4.184e+00, BC=8.808e+00, PDE=2.621e+01, Data=1.175e+02) | Sw=[0.0810, 0.3017] | lr=2.98e-04 | 156.7s
2026-02-09 22:50:09 - PINNTrainer - INFO - [Step  5200/8000] Stage C | Loss: 3.6172e+02 (IC=3.699e+00, BC=1.078e+01, PDE=4.424e+01, Data=1.139e+02) | Sw=[0.1229, 0.4822] | lr=2.80e-04 | 161.0s
2026-02-09 22:50:14 - PINNTrainer - INFO - [Step  5300/8000] Stage C | Loss: 3.7516e+02 (IC=3.742e+00, BC=1.073e+01, PDE=2.515e+01, Data=1.172e+02) | Sw=[0.1082, 0.3257] | lr=2.63e-04 | 165.4s
2026-02-09 22:50:18 - PINNTrainer - INFO - [Step  5400/8000] Stage C | Loss: 3.8907e+02 (IC=3.955e+00, BC=9.240e+00, PDE=1.822e+01, Data=1.167e+02) | Sw=[0.1231, 0.3614] | lr=2.46e-04 | 169.8s
2026-02-09 22:50:23 - PINNTrainer - INFO - [Step  5500/8000] Stage C | Loss: 4.1364e+02 (IC=4.438e+00, BC=7.925e+00, PDE=2.638e+01, Data=1.146e+02) | Sw=[0.1098, 0.3638] | lr=2.30e-04 | 174.4s
2026-02-09 22:50:27 - PINNTrainer - INFO - [Step  5600/8000] Stage C | Loss: 4.5070e+02 (IC=5.268e+00, BC=1.030e+01, PDE=4.340e+01, Data=1.113e+02) | Sw=[0.1262, 0.4281] | lr=2.14e-04 | 179.0s
2026-02-09 22:50:32 - PINNTrainer - INFO - [Step  5700/8000] Stage C | Loss: 4.6063e+02 (IC=5.545e+00, BC=1.158e+01, PDE=2.363e+01, Data=1.121e+02) | Sw=[0.1134, 0.4011] | lr=1.98e-04 | 183.6s
2026-02-09 22:50:36 - PINNTrainer - INFO - [Step  5800/8000] Stage C | Loss: 4.8656e+02 (IC=5.885e+00, BC=9.736e+00, PDE=3.114e+01, Data=1.115e+02) | Sw=[0.0875, 0.3975] | lr=1.83e-04 | 188.2s
2026-02-09 22:50:41 - PINNTrainer - INFO - [Step  5900/8000] Stage C | Loss: 5.2845e+02 (IC=5.573e+00, BC=1.052e+01, PDE=6.026e+01, Data=1.087e+02) | Sw=[0.0864, 0.4356] | lr=1.69e-04 | 192.8s
2026-02-09 22:50:46 - PINNTrainer - INFO - [Step  6000/8000] Stage C | Loss: 5.3484e+02 (IC=6.381e+00, BC=1.303e+01, PDE=3.272e+01, Data=1.097e+02) | Sw=[0.0948, 0.6713] | lr=1.55e-04 | 197.3s
2026-02-09 22:50:50 - PINNTrainer - INFO - [Step  6100/8000] Stage C | Loss: 5.5486e+02 (IC=6.355e+00, BC=1.148e+01, PDE=4.022e+01, Data=1.080e+02) | Sw=[0.0762, 0.6945] | lr=1.41e-04 | 201.8s
2026-02-09 22:50:54 - PINNTrainer - INFO - [Step  6200/8000] Stage C | Loss: 5.7638e+02 (IC=6.447e+00, BC=1.188e+01, PDE=3.766e+01, Data=1.081e+02) | Sw=[0.0829, 0.7013] | lr=1.28e-04 | 206.2s
2026-02-09 22:50:59 - PINNTrainer - INFO - [Step  6300/8000] Stage C | Loss: 6.0810e+02 (IC=7.807e+00, BC=1.158e+01, PDE=5.213e+01, Data=1.063e+02) | Sw=[0.0938, 0.5081] | lr=1.16e-04 | 210.4s
2026-02-09 22:51:03 - PINNTrainer - INFO - [Step  6400/8000] Stage D | Loss: 6.0803e+02 (IC=8.769e+00, BC=1.403e+01, PDE=4.616e+01, Data=1.061e+02) | Sw=[0.1083, 0.7058] | lr=1.04e-04 | 214.8s
2026-02-09 22:51:08 - PINNTrainer - INFO - [Step  6500/8000] Stage D | Loss: 6.1380e+02 (IC=1.450e+01, BC=2.521e+01, PDE=4.591e+01, Data=1.027e+02) | Sw=[0.1185, 0.5796] | lr=9.33e-05 | 219.3s
2026-02-09 22:51:12 - PINNTrainer - INFO - [Step  6600/8000] Stage D | Loss: 6.0757e+02 (IC=1.523e+01, BC=2.342e+01, PDE=3.588e+01, Data=1.036e+02) | Sw=[0.0795, 0.6214] | lr=8.28e-05 | 223.8s
2026-02-09 22:51:17 - PINNTrainer - INFO - [Step  6700/8000] Stage D | Loss: 6.0072e+02 (IC=1.556e+01, BC=2.199e+01, PDE=3.340e+01, Data=1.028e+02) | Sw=[0.1072, 0.6171] | lr=7.30e-05 | 228.5s
2026-02-09 22:51:21 - PINNTrainer - INFO - [Step  6800/8000] Stage D | Loss: 6.0465e+02 (IC=1.499e+01, BC=2.662e+01, PDE=3.617e+01, Data=1.024e+02) | Sw=[0.1002, 0.4262] | lr=6.39e-05 | 233.0s
2026-02-09 22:51:26 - PINNTrainer - INFO - [Step  6900/8000] Stage D | Loss: 6.0047e+02 (IC=1.419e+01, BC=2.457e+01, PDE=3.438e+01, Data=1.026e+02) | Sw=[0.1177, 0.6594] | lr=5.54e-05 | 237.5s
2026-02-09 22:51:30 - PINNTrainer - INFO - [Step  7000/8000] Stage D | Loss: 6.0672e+02 (IC=1.302e+01, BC=2.469e+01, PDE=3.820e+01, Data=1.036e+02) | Sw=[0.1095, 0.5597] | lr=4.76e-05 | 241.8s
2026-02-09 22:51:34 - PINNTrainer - INFO - [Step  7100/8000] Stage D | Loss: 6.0564e+02 (IC=1.376e+01, BC=2.416e+01, PDE=4.065e+01, Data=1.027e+02) | Sw=[0.1263, 0.6712] | lr=4.05e-05 | 246.2s
2026-02-09 22:51:39 - PINNTrainer - INFO - [Step  7200/8000] Stage D | Loss: 6.0417e+02 (IC=1.278e+01, BC=2.286e+01, PDE=3.972e+01, Data=1.032e+02) | Sw=[0.0893, 0.6251] | lr=3.42e-05 | 250.6s
2026-02-09 22:51:43 - PINNTrainer - INFO - [Step  7300/8000] Stage D | Loss: 6.0485e+02 (IC=1.418e+01, BC=2.406e+01, PDE=3.661e+01, Data=1.032e+02) | Sw=[0.1224, 0.5231] | lr=2.85e-05 | 255.0s
2026-02-09 22:51:48 - PINNTrainer - INFO - [Step  7400/8000] Stage D | Loss: 6.0036e+02 (IC=1.254e+01, BC=2.175e+01, PDE=3.691e+01, Data=1.033e+02) | Sw=[0.0758, 0.6600] | lr=2.36e-05 | 259.5s
2026-02-09 22:51:52 - PINNTrainer - INFO - [Step  7500/8000] Stage D | Loss: 6.0401e+02 (IC=1.399e+01, BC=2.361e+01, PDE=3.499e+01, Data=1.035e+02) | Sw=[0.0998, 0.5999] | lr=1.95e-05 | 264.0s
2026-02-09 22:51:57 - PINNTrainer - INFO - [Step  7600/8000] Stage D | Loss: 6.0141e+02 (IC=1.281e+01, BC=2.413e+01, PDE=3.528e+01, Data=1.033e+02) | Sw=[0.0971, 0.6198] | lr=1.61e-05 | 268.4s
2026-02-09 22:52:01 - PINNTrainer - INFO - [Step  7700/8000] Stage D | Loss: 5.9798e+02 (IC=1.399e+01, BC=2.513e+01, PDE=3.089e+01, Data=1.028e+02) | Sw=[0.0937, 0.6563] | lr=1.34e-05 | 272.8s
2026-02-09 22:52:05 - PINNTrainer - INFO - [Step  7800/8000] Stage D | Loss: 5.9844e+02 (IC=1.360e+01, BC=2.396e+01, PDE=3.203e+01, Data=1.031e+02) | Sw=[0.0777, 0.5607] | lr=1.15e-05 | 277.1s
2026-02-09 22:52:10 - PINNTrainer - INFO - [Step  7900/8000] Stage D | Loss: 6.0163e+02 (IC=1.211e+01, BC=2.315e+01, PDE=3.779e+01, Data=1.033e+02) | Sw=[0.0866, 0.6745] | lr=1.04e-05 | 281.5s
2026-02-09 22:52:14 - PINNTrainer - INFO - [Step  7999/8000] Stage D | Loss: 6.0642e+02 (IC=1.355e+01, BC=2.392e+01, PDE=3.852e+01, Data=1.034e+02) | Sw=[0.0999, 0.6538] | lr=1.00e-05 | 285.8s
2026-02-09 22:52:14 - PINNTrainer - INFO - 
训练完成! 总耗时: 285.8s, 最佳损失: 4.7542e-06
2026-02-09 22:52:14 - PINNTrainer - INFO - 生成训练曲线图...
2026-02-09 22:52:15 - PINNTrainer - INFO - 训练曲线图已保存: C:\Users\16281\Desktop\cpedc_project\outputs\mk_pinn_dt_v2\M4_training_history.png
2026-02-09 22:52:15 - PINNTrainer - INFO - 生成 SY9 压力对比图...
2026-02-09 22:52:15 - PINNTrainer - INFO - 压力对比图已保存: C:\Users\16281\Desktop\cpedc_project\outputs\mk_pinn_dt_v2\M4_pressure_comparison.png
