2026-02-21 19:39:36 - PINNTrainer - INFO -   学习率: warmup 2000 步, 然后 Cosine 至 min_lr=1e-06
2026-02-21 19:39:36 - PINNTrainer - INFO -   SY9 数据锚点（压力有效）: 1025 条
2026-02-21 19:39:36 - PINNTrainer - INFO -   M3 PVT 查询 cg(76.0 MPa, 140.32 ℃) = 0.009744 1/MPa → 覆盖先验 0.0130
2026-02-21 19:39:36 - PINNTrainer - INFO - ============================================================
2026-02-21 19:39:36 - PINNTrainer - INFO - PDE 物理缩放参数（诊断参数）
2026-02-21 19:39:36 - PINNTrainer - INFO - ============================================================
2026-02-21 19:39:36 - PINNTrainer - INFO -   域: Δx = 17400 m, Δy = 11000 m, t_max = 1331 d = 114998400 s
2026-02-21 19:39:36 - PINNTrainer - INFO -   sx = (2/Δx)² = 1.321178e-08 1/m², sy = (2/Δy)² = 3.305785e-08 1/m²
2026-02-21 19:39:36 - PINNTrainer - INFO -   p_ref = 76.0 MPa, T_ref = 140.32 ℃
2026-02-21 19:39:36 - PINNTrainer - INFO -   k = 0.5 mD = 4.934617e-16 m²
2026-02-21 19:39:36 - PINNTrainer - INFO -   φ = 0.0216
2026-02-21 19:39:36 - PINNTrainer - INFO -   μ_ref = 0.035 mPa·s = 3.500000e-05 Pa·s
2026-02-21 19:39:36 - PINNTrainer - INFO -   c_g_ref = 0.009744 1/MPa = 9.744000e-09 1/Pa  (来源: M3 PVT @ (p=76.0, T=140.32))
2026-02-21 19:39:36 - PINNTrainer - INFO -   c_r = 0.0 1/MPa = 0.000000e+00 1/Pa
2026-02-21 19:39:36 - PINNTrainer - INFO -   c_t = c_g + c_r = 9.744000e-09 1/Pa
2026-02-21 19:39:36 - PINNTrainer - INFO -   α_phys = k/(φ·μ·c_t) = 0.066988 m²/s
2026-02-21 19:39:36 - PINNTrainer - INFO -   αx = α_phys·t_max_s·sx = 0.101777
2026-02-21 19:39:36 - PINNTrainer - INFO -   αy = α_phys·t_max_s·sy = 0.254660
2026-02-21 19:39:36 - PINNTrainer - INFO -   near_well_ratio = 0.3
2026-02-21 19:39:36 - PINNTrainer - INFO -   h_mean 已从 sampler 注入 loss_fn: 89.62 m
2026-02-21 19:39:36 - PINNTrainer - INFO - ------------------------------------------------------------
2026-02-21 19:39:36 - PINNTrainer - INFO - 敏感性分析 (μ_ref × cg_ref 区间端点):
2026-02-21 19:39:36 - PINNTrainer - INFO -   μ_ref ∈ [0.02, 0.06] mPa·s
2026-02-21 19:39:36 - PINNTrainer - INFO -   cg_ref ∈ [0.008, 0.02] 1/MPa
2026-02-21 19:39:36 - PINNTrainer - INFO -   α_phys ∈ [0.019038, 0.142784] m²/s
2026-02-21 19:39:36 - PINNTrainer - INFO -   αx ∈ [0.028925, 0.216937]
2026-02-21 19:39:36 - PINNTrainer - INFO -   αy ∈ [0.072374, 0.542808]
2026-02-21 19:39:36 - PINNTrainer - INFO - ------------------------------------------------------------
2026-02-21 19:39:36 - PINNTrainer - INFO - 2.5D 厚度场审计:
2026-02-21 19:39:36 - PINNTrainer - INFO -   h_min = 82.73 m, h_max = 93.95 m, h_mean = 89.62 m
2026-02-21 19:39:36 - PINNTrainer - INFO -   log-thickness gradient |gx|_max = 0.2993, |gy|_max = 0.3913
2026-02-21 19:39:36 - PINNTrainer - INFO -   PDE 残差形式: dp/dt_n = αx(d²p/dx_n² + gx·dp/dx_n) + αy(d²p/dy_n² + gy·dp/dy_n)
2026-02-21 19:39:36 - PINNTrainer - INFO - ============================================================
2026-02-21 19:39:36 - PINNTrainer - INFO - PINNTrainer 初始化: device=cpu, lr=0.001, max_steps=20000, batch_size=4096, params=416258
2026-02-21 19:39:36 - PINNTrainer - INFO - ============================================================
2026-02-21 19:39:36 - PINNTrainer - INFO - M4 PINN 基线训练开始
2026-02-21 19:39:36 - PINNTrainer - INFO - ============================================================
2026-02-21 19:39:36 - PINNTrainer - INFO - 训练阶段: A[0-2000] B[2000-7000] C[7000-14000] D[14000-20000]
2026-02-21 19:39:38 - PINNTrainer - INFO - [Step     0/20000] Stage A | Loss: 2.3111e+01 (IC=1.000e+00, BC=1.000e+00, PDE=0.000e+00, Data=3.111e+01, sw_phys=4.441e-15) | Sw=[0.2600, 0.2600] | lr=1.05e-05 | 1.3s
2026-02-21 19:41:23 - PINNTrainer - INFO - [Step   100/20000] Stage A | Loss: 1.3099e+00 (IC=1.545e-03, BC=1.838e-03, PDE=6.550e+00, Data=1.211e+01, sw_phys=5.517e-04) | Sw=[0.2600, 0.2744] | lr=6.00e-05 | 107.1s
2026-02-21 19:43:00 - PINNTrainer - INFO - [Step   200/20000] Stage A | Loss: 7.5091e-01 (IC=4.910e-03, BC=1.609e-03, PDE=6.084e+00, Data=6.052e+00, sw_phys=1.565e-03) | Sw=[0.2600, 0.3090] | lr=1.09e-04 | 203.9s
2026-02-21 19:44:42 - PINNTrainer - INFO - [Step   300/20000] Stage A | Loss: 5.7672e-01 (IC=1.642e-03, BC=1.473e-03, PDE=4.165e+00, Data=5.004e+00, sw_phys=1.326e-03) | Sw=[0.2600, 0.3030] | lr=1.59e-04 | 305.6s
2026-02-21 19:46:21 - PINNTrainer - INFO - [Step   400/20000] Stage A | Loss: 6.0262e-01 (IC=3.941e-03, BC=5.316e-03, PDE=2.968e+00, Data=4.848e+00, sw_phys=1.200e-03) | Sw=[0.2600, 0.3001] | lr=2.08e-04 | 404.9s
2026-02-21 19:48:07 - PINNTrainer - INFO - [Step   500/20000] Stage A | Loss: 5.1349e-01 (IC=2.396e-03, BC=2.106e-03, PDE=2.723e+00, Data=4.376e+00, sw_phys=1.098e-03) | Sw=[0.2600, 0.3027] | lr=2.58e-04 | 510.6s
2026-02-21 19:49:47 - PINNTrainer - INFO - [Step   600/20000] Stage A | Loss: 5.5301e-01 (IC=5.661e-03, BC=2.117e-03, PDE=2.935e+00, Data=4.263e+00, sw_phys=9.461e-04) | Sw=[0.2600, 0.2989] | lr=3.07e-04 | 610.4s
2026-02-21 19:51:21 - PINNTrainer - INFO - [Step   700/20000] Stage A | Loss: 5.4399e-01 (IC=5.099e-03, BC=4.795e-03, PDE=2.495e+00, Data=4.171e+00, sw_phys=7.537e-04) | Sw=[0.2600, 0.2937] | lr=3.57e-04 | 704.7s
2026-02-21 19:52:56 - PINNTrainer - INFO - [Step   800/20000] Stage A | Loss: 5.6259e-01 (IC=5.893e-03, BC=4.249e-03, PDE=2.655e+00, Data=4.246e+00, sw_phys=9.039e-04) | Sw=[0.2600, 0.2986] | lr=4.06e-04 | 800.2s
2026-02-21 19:54:45 - PINNTrainer - INFO - [Step   900/20000] Stage A | Loss: 5.3992e-01 (IC=3.773e-03, BC=4.605e-03, PDE=2.209e+00, Data=4.366e+00, sw_phys=8.095e-04) | Sw=[0.2600, 0.3129] | lr=4.56e-04 | 908.5s
2026-02-21 19:57:40 - PINNTrainer - INFO - [Step  1000/20000] Stage A | Loss: 5.2885e-01 (IC=4.148e-03, BC=3.610e-03, PDE=2.233e+00, Data=4.250e+00, sw_phys=6.280e-04) | Sw=[0.2600, 0.2981] | lr=5.05e-04 | 1084.1s
2026-02-21 20:00:41 - PINNTrainer - INFO - [Step  1100/20000] Stage A | Loss: 5.9866e-01 (IC=8.622e-03, BC=2.197e-03, PDE=1.970e+00, Data=4.370e+00, sw_phys=8.414e-04) | Sw=[0.2600, 0.3149] | lr=5.55e-04 | 1265.2s
2026-02-21 20:03:37 - PINNTrainer - INFO - [Step  1200/20000] Stage A | Loss: 5.6953e-01 (IC=4.334e-03, BC=8.345e-03, PDE=2.988e+00, Data=4.320e+00, sw_phys=4.582e-04) | Sw=[0.2600, 0.2933] | lr=6.04e-04 | 1441.0s
2026-02-21 20:06:23 - PINNTrainer - INFO - [Step  1300/20000] Stage A | Loss: 5.6908e-01 (IC=7.297e-03, BC=5.515e-03, PDE=2.796e+00, Data=4.032e+00, sw_phys=4.510e-04) | Sw=[0.2600, 0.2939] | lr=6.54e-04 | 1606.2s
2026-02-21 20:09:08 - PINNTrainer - INFO - [Step  1400/20000] Stage A | Loss: 5.5415e-01 (IC=7.577e-03, BC=4.454e-03, PDE=2.571e+00, Data=3.916e+00, sw_phys=4.724e-04) | Sw=[0.2600, 0.2962] | lr=7.03e-04 | 1772.0s
2026-02-21 20:11:58 - PINNTrainer - INFO - [Step  1500/20000] Stage A | Loss: 6.8622e-01 (IC=1.169e-02, BC=8.972e-03, PDE=1.980e+00, Data=4.454e+00, sw_phys=4.482e-04) | Sw=[0.2600, 0.2894] | lr=7.53e-04 | 1941.2s
2026-02-21 20:15:10 - PINNTrainer - INFO - [Step  1600/20000] Stage A | Loss: 5.7650e-01 (IC=2.994e-03, BC=4.825e-03, PDE=3.070e+00, Data=4.751e+00, sw_phys=8.544e-04) | Sw=[0.2600, 0.3088] | lr=8.02e-04 | 2133.9s
2026-02-21 20:18:11 - PINNTrainer - INFO - [Step  1700/20000] Stage A | Loss: 5.8479e-01 (IC=7.149e-03, BC=8.393e-03, PDE=1.706e+00, Data=4.182e+00, sw_phys=1.887e-04) | Sw=[0.2600, 0.2866] | lr=8.52e-04 | 2314.8s
2026-02-21 20:21:14 - PINNTrainer - INFO - [Step  1800/20000] Stage A | Loss: 6.4504e-01 (IC=9.224e-03, BC=1.007e-02, PDE=1.985e+00, Data=4.362e+00, sw_phys=1.444e-04) | Sw=[0.2600, 0.2835] | lr=9.01e-04 | 2498.1s
2026-02-21 20:24:04 - PINNTrainer - INFO - [Step  1900/20000] Stage A | Loss: 5.3111e-01 (IC=5.890e-03, BC=5.718e-03, PDE=1.716e+00, Data=3.967e+00, sw_phys=1.314e-04) | Sw=[0.2600, 0.2834] | lr=9.51e-04 | 2667.3s
2026-02-21 20:25:48 - PINNTrainer - INFO - [Step  2000/20000] Stage B | Loss: 9.7032e+00 (IC=6.211e-03, BC=5.281e-03, PDE=2.259e+00, Data=4.263e+00, sw_phys=2.015e-04) | Sw=[0.2600, 0.3196] | lr=1.00e-03 | 2771.7s
2026-02-21 20:27:20 - PINNTrainer - INFO - [Step  2100/20000] Stage B | Loss: 9.8756e+00 (IC=1.133e-01, BC=8.839e-02, PDE=3.948e-01, Data=4.302e+00, sw_phys=1.923e-01) | Sw=[0.3871, 0.4597] | lr=1.00e-03 | 2863.8s
2026-02-21 20:28:52 - PINNTrainer - INFO - [Step  2200/20000] Stage B | Loss: 8.3181e+00 (IC=6.854e-02, BC=3.492e-02, PDE=3.739e-01, Data=3.674e+00, sw_phys=6.132e-02) | Sw=[0.2686, 0.4514] | lr=1.00e-03 | 2955.6s
2026-02-21 20:30:22 - PINNTrainer - INFO - [Step  2300/20000] Stage B | Loss: 8.1722e+00 (IC=3.559e-02, BC=1.744e-02, PDE=2.564e-01, Data=3.669e+00, sw_phys=3.853e-02) | Sw=[0.2600, 0.4466] | lr=9.99e-04 | 3046.1s
2026-02-21 20:31:41 - PINNTrainer - INFO - [Step  2400/20000] Stage B | Loss: 8.1677e+00 (IC=5.316e-02, BC=2.570e-02, PDE=1.727e-01, Data=3.567e+00, sw_phys=3.685e-02) | Sw=[0.2600, 0.4533] | lr=9.99e-04 | 3124.9s
2026-02-21 20:32:54 - PINNTrainer - INFO - [Step  2500/20000] Stage B | Loss: 8.6164e+00 (IC=3.075e-02, BC=2.703e-02, PDE=2.987e-01, Data=3.715e+00, sw_phys=3.852e-02) | Sw=[0.2607, 0.4519] | lr=9.98e-04 | 3197.9s
2026-02-21 20:34:15 - PINNTrainer - INFO - [Step  2600/20000] Stage B | Loss: 8.4679e+00 (IC=3.352e-02, BC=1.747e-02, PDE=2.115e-01, Data=3.612e+00, sw_phys=3.440e-02) | Sw=[0.2600, 0.4504] | lr=9.97e-04 | 3278.8s
2026-02-21 20:35:44 - PINNTrainer - INFO - [Step  2700/20000] Stage B | Loss: 8.9956e+00 (IC=3.732e-02, BC=5.021e-02, PDE=4.642e-01, Data=3.645e+00, sw_phys=4.785e-02) | Sw=[0.2600, 0.4554] | lr=9.96e-04 | 3367.2s
2026-02-21 20:37:11 - PINNTrainer - INFO - [Step  2800/20000] Stage B | Loss: 1.3548e+01 (IC=6.102e-01, BC=5.048e-01, PDE=1.401e-01, Data=3.822e+00, sw_phys=3.304e-02) | Sw=[0.2600, 0.4438] | lr=9.95e-04 | 3454.9s
2026-02-21 20:38:35 - PINNTrainer - INFO - [Step  2900/20000] Stage B | Loss: 9.6610e+00 (IC=5.400e-02, BC=3.823e-02, PDE=3.643e-01, Data=3.805e+00, sw_phys=4.096e-02) | Sw=[0.2710, 0.4507] | lr=9.94e-04 | 3538.3s
2026-02-21 20:39:59 - PINNTrainer - INFO - [Step  3000/20000] Stage B | Loss: 9.7170e+00 (IC=5.382e-02, BC=4.227e-02, PDE=1.624e-01, Data=3.824e+00, sw_phys=3.150e-02) | Sw=[0.2600, 0.4432] | lr=9.92e-04 | 3623.1s
2026-02-21 20:41:21 - PINNTrainer - INFO - [Step  3100/20000] Stage B | Loss: 9.0008e+00 (IC=6.126e-02, BC=4.382e-02, PDE=9.576e-02, Data=3.472e+00, sw_phys=3.081e-02) | Sw=[0.2600, 0.4492] | lr=9.91e-04 | 3705.1s
2026-02-21 20:42:41 - PINNTrainer - INFO - [Step  3200/20000] Stage B | Loss: 9.5097e+00 (IC=8.688e-02, BC=6.365e-02, PDE=1.209e-01, Data=3.535e+00, sw_phys=2.954e-02) | Sw=[0.2600, 0.4505] | lr=9.89e-04 | 3784.4s
2026-02-21 20:44:13 - PINNTrainer - INFO - [Step  3300/20000] Stage B | Loss: 9.4644e+00 (IC=4.493e-02, BC=2.799e-02, PDE=2.550e-01, Data=3.538e+00, sw_phys=3.074e-02) | Sw=[0.2600, 0.4501] | lr=9.87e-04 | 3877.1s
2026-02-21 20:45:49 - PINNTrainer - INFO - [Step  3400/20000] Stage B | Loss: 9.1474e+00 (IC=6.440e-02, BC=5.007e-02, PDE=9.502e-02, Data=3.350e+00, sw_phys=2.900e-02) | Sw=[0.2600, 0.4406] | lr=9.85e-04 | 3972.9s
2026-02-21 20:47:24 - PINNTrainer - INFO - [Step  3500/20000] Stage B | Loss: 9.8061e+00 (IC=5.912e-02, BC=4.962e-02, PDE=1.818e-01, Data=3.529e+00, sw_phys=3.037e-02) | Sw=[0.2600, 0.4444] | lr=9.83e-04 | 4067.6s
2026-02-21 20:48:59 - PINNTrainer - INFO - [Step  3600/20000] Stage B | Loss: 9.3788e+00 (IC=1.344e-02, BC=8.465e-03, PDE=2.134e-01, Data=3.432e+00, sw_phys=3.453e-02) | Sw=[0.2600, 0.4473] | lr=9.81e-04 | 4162.6s
2026-02-21 20:50:39 - PINNTrainer - INFO - [Step  3700/20000] Stage B | Loss: 9.0701e+00 (IC=3.139e-02, BC=9.928e-03, PDE=1.343e-01, Data=3.257e+00, sw_phys=4.017e-02) | Sw=[0.2683, 0.4521] | lr=9.78e-04 | 4262.2s
2026-02-21 20:52:15 - PINNTrainer - INFO - [Step  3800/20000] Stage B | Loss: 1.0848e+01 (IC=3.005e-02, BC=2.867e-02, PDE=1.351e-01, Data=3.844e+00, sw_phys=3.019e-02) | Sw=[0.2600, 0.4456] | lr=9.76e-04 | 4358.8s
2026-02-21 20:53:49 - PINNTrainer - INFO - [Step  3900/20000] Stage B | Loss: 1.0170e+01 (IC=5.064e-03, BC=6.178e-02, PDE=1.266e-01, Data=3.555e+00, sw_phys=2.686e-02) | Sw=[0.2600, 0.4466] | lr=9.73e-04 | 4452.3s
2026-02-21 20:55:25 - PINNTrainer - INFO - [Step  4000/20000] Stage B | Loss: 1.0197e+01 (IC=6.564e-02, BC=3.591e-02, PDE=7.965e-02, Data=3.450e+00, sw_phys=2.947e-02) | Sw=[0.2600, 0.4438] | lr=9.70e-04 | 4548.3s
2026-02-21 20:57:06 - PINNTrainer - INFO - [Step  4100/20000] Stage B | Loss: 1.0190e+01 (IC=5.036e-02, BC=3.458e-02, PDE=9.146e-02, Data=3.420e+00, sw_phys=3.385e-02) | Sw=[0.2600, 0.4428] | lr=9.67e-04 | 4649.9s
2026-02-21 20:58:43 - PINNTrainer - INFO - [Step  4200/20000] Stage B | Loss: 1.1100e+01 (IC=1.305e-02, BC=1.313e-02, PDE=1.691e-01, Data=3.744e+00, sw_phys=2.892e-02) | Sw=[0.2600, 0.4450] | lr=9.64e-04 | 4746.7s
2026-02-21 21:00:20 - PINNTrainer - INFO - [Step  4300/20000] Stage B | Loss: 9.9175e+00 (IC=1.378e-02, BC=3.283e-03, PDE=1.531e-01, Data=3.299e+00, sw_phys=4.224e-02) | Sw=[0.2637, 0.4473] | lr=9.60e-04 | 4843.9s
2026-02-21 21:01:56 - PINNTrainer - INFO - [Step  4400/20000] Stage B | Loss: 1.1110e+01 (IC=1.263e-02, BC=1.551e-02, PDE=2.330e-01, Data=3.610e+00, sw_phys=5.508e-02) | Sw=[0.2857, 0.4479] | lr=9.57e-04 | 4939.9s
2026-02-21 21:03:33 - PINNTrainer - INFO - [Step  4500/20000] Stage B | Loss: 1.1291e+01 (IC=8.487e-02, BC=4.300e-02, PDE=1.444e-01, Data=3.512e+00, sw_phys=4.019e-02) | Sw=[0.2826, 0.4507] | lr=9.53e-04 | 5036.5s
2026-02-21 21:05:09 - PINNTrainer - INFO - [Step  4600/20000] Stage B | Loss: 1.0766e+01 (IC=9.342e-02, BC=4.825e-02, PDE=1.662e-01, Data=3.263e+00, sw_phys=3.613e-02) | Sw=[0.2666, 0.4495] | lr=9.49e-04 | 5132.4s
2026-02-21 21:06:39 - PINNTrainer - INFO - [Step  4700/20000] Stage B | Loss: 1.1096e+01 (IC=2.895e-02, BC=3.349e-03, PDE=2.710e-01, Data=3.422e+00, sw_phys=8.327e-02) | Sw=[0.3168, 0.4571] | lr=9.46e-04 | 5222.3s
2026-02-21 21:08:03 - PINNTrainer - INFO - [Step  4800/20000] Stage B | Loss: 1.0828e+01 (IC=1.819e-02, BC=1.198e-02, PDE=1.084e-01, Data=3.377e+00, sw_phys=3.287e-02) | Sw=[0.2632, 0.4472] | lr=9.41e-04 | 5306.8s
2026-02-21 21:09:29 - PINNTrainer - INFO - [Step  4900/20000] Stage B | Loss: 1.0953e+01 (IC=1.111e-02, BC=6.478e-03, PDE=8.647e-02, Data=3.398e+00, sw_phys=3.852e-02) | Sw=[0.2714, 0.4417] | lr=9.37e-04 | 5392.9s
2026-02-21 21:10:47 - PINNTrainer - INFO - [Step  5000/20000] Stage B | Loss: 1.1251e+01 (IC=6.483e-02, BC=2.795e-02, PDE=1.884e-01, Data=3.298e+00, sw_phys=4.399e-02) | Sw=[0.2910, 0.4505] | lr=9.33e-04 | 5470.4s
2026-02-21 21:12:07 - PINNTrainer - INFO - [Step  5100/20000] Stage B | Loss: 1.0983e+01 (IC=4.773e-02, BC=1.563e-02, PDE=1.247e-01, Data=3.233e+00, sw_phys=7.031e-02) | Sw=[0.3178, 0.4484] | lr=9.29e-04 | 5551.0s
2026-02-21 21:13:22 - PINNTrainer - INFO - [Step  5200/20000] Stage B | Loss: 1.0486e+01 (IC=6.332e-02, BC=3.243e-02, PDE=2.686e-01, Data=2.930e+00, sw_phys=1.102e-01) | Sw=[0.2824, 0.4469] | lr=9.24e-04 | 5625.8s
2026-02-21 21:14:43 - PINNTrainer - INFO - [Step  5300/20000] Stage B | Loss: 1.1674e+01 (IC=2.587e-02, BC=2.208e-02, PDE=1.193e-01, Data=3.397e+00, sw_phys=3.785e-02) | Sw=[0.2742, 0.4515] | lr=9.19e-04 | 5707.1s
2026-02-21 21:16:10 - PINNTrainer - INFO - [Step  5400/20000] Stage B | Loss: 1.1013e+01 (IC=6.713e-02, BC=5.254e-02, PDE=2.123e-01, Data=3.026e+00, sw_phys=4.436e-02) | Sw=[0.2754, 0.4485] | lr=9.15e-04 | 5793.3s
2026-02-21 21:17:32 - PINNTrainer - INFO - [Step  5500/20000] Stage B | Loss: 1.2056e+01 (IC=4.310e-02, BC=9.730e-03, PDE=1.678e-01, Data=3.389e+00, sw_phys=4.575e-02) | Sw=[0.2895, 0.4495] | lr=9.10e-04 | 5875.6s
2026-02-21 21:18:58 - PINNTrainer - INFO - [Step  5600/20000] Stage B | Loss: 1.2630e+01 (IC=4.004e-02, BC=3.639e-02, PDE=9.810e-02, Data=3.530e+00, sw_phys=3.124e-02) | Sw=[0.2682, 0.4415] | lr=9.05e-04 | 5961.6s
2026-02-21 21:20:24 - PINNTrainer - INFO - [Step  5700/20000] Stage B | Loss: 1.2030e+01 (IC=7.279e-02, BC=1.914e-02, PDE=3.476e-01, Data=3.166e+00, sw_phys=4.605e-02) | Sw=[0.2977, 0.4500] | lr=8.99e-04 | 6047.6s
2026-02-21 21:21:47 - PINNTrainer - INFO - [Step  5800/20000] Stage B | Loss: 1.1932e+01 (IC=6.127e-03, BC=4.959e-02, PDE=1.124e-01, Data=3.280e+00, sw_phys=3.414e-02) | Sw=[0.2619, 0.4376] | lr=8.94e-04 | 6131.0s
2026-02-21 21:23:17 - PINNTrainer - INFO - [Step  5900/20000] Stage B | Loss: 1.2655e+01 (IC=3.486e-02, BC=1.204e-02, PDE=1.455e-01, Data=3.415e+00, sw_phys=6.231e-02) | Sw=[0.3143, 0.4508] | lr=8.89e-04 | 6220.7s
2026-02-21 21:24:52 - PINNTrainer - INFO - [Step  6000/20000] Stage B | Loss: 1.1272e+01 (IC=2.344e-02, BC=2.540e-03, PDE=1.154e-01, Data=3.032e+00, sw_phys=4.979e-02) | Sw=[0.2880, 0.4484] | lr=8.83e-04 | 6315.3s
2026-02-21 21:26:25 - PINNTrainer - INFO - [Step  6100/20000] Stage B | Loss: 1.1066e+01 (IC=1.717e-02, BC=6.736e-03, PDE=2.046e-01, Data=2.899e+00, sw_phys=7.724e-02) | Sw=[0.2798, 0.4523] | lr=8.77e-04 | 6409.0s
2026-02-21 21:27:58 - PINNTrainer - INFO - [Step  6200/20000] Stage B | Loss: 1.2760e+01 (IC=7.762e-03, BC=7.915e-03, PDE=8.331e-02, Data=3.403e+00, sw_phys=3.774e-02) | Sw=[0.2802, 0.4510] | lr=8.72e-04 | 6502.1s
2026-02-21 21:29:32 - PINNTrainer - INFO - [Step  6300/20000] Stage B | Loss: 1.1866e+01 (IC=2.573e-02, BC=1.816e-02, PDE=1.816e-01, Data=3.040e+00, sw_phys=6.525e-02) | Sw=[0.3099, 0.4539] | lr=8.66e-04 | 6595.7s
2026-02-21 21:31:06 - PINNTrainer - INFO - [Step  6400/20000] Stage B | Loss: 1.3294e+01 (IC=2.400e-02, BC=3.823e-02, PDE=1.171e-01, Data=3.408e+00, sw_phys=4.222e-02) | Sw=[0.2786, 0.4507] | lr=8.60e-04 | 6689.4s
2026-02-21 21:32:39 - PINNTrainer - INFO - [Step  6500/20000] Stage B | Loss: 1.3624e+01 (IC=1.049e-02, BC=4.087e-03, PDE=1.796e-01, Data=3.471e+00, sw_phys=4.938e-02) | Sw=[0.3043, 0.4466] | lr=8.54e-04 | 6782.6s
2026-02-21 21:34:12 - PINNTrainer - INFO - [Step  6600/20000] Stage B | Loss: 1.2440e+01 (IC=3.338e-02, BC=3.623e-02, PDE=1.312e-01, Data=3.095e+00, sw_phys=4.548e-02) | Sw=[0.2805, 0.4504] | lr=8.47e-04 | 6875.6s
2026-02-21 21:35:45 - PINNTrainer - INFO - [Step  6700/20000] Stage B | Loss: 1.2130e+01 (IC=5.695e-03, BC=3.299e-03, PDE=1.662e-01, Data=3.026e+00, sw_phys=4.574e-02) | Sw=[0.2827, 0.4481] | lr=8.41e-04 | 6968.6s
2026-02-21 21:37:17 - PINNTrainer - INFO - [Step  6800/20000] Stage B | Loss: 1.2763e+01 (IC=1.105e-02, BC=9.219e-03, PDE=1.913e-01, Data=3.127e+00, sw_phys=6.334e-02) | Sw=[0.3089, 0.4537] | lr=8.35e-04 | 7060.6s
2026-02-21 21:38:48 - PINNTrainer - INFO - [Step  6900/20000] Stage B | Loss: 1.0633e+01 (IC=9.777e-02, BC=6.599e-02, PDE=1.092e-01, Data=2.444e+00, sw_phys=6.574e-02) | Sw=[0.2828, 0.4545] | lr=8.28e-04 | 7151.8s
2026-02-21 21:40:20 - PINNTrainer - INFO - [Step  7000/20000] Stage C | Loss: 1.9938e+01 (IC=1.766e-02, BC=2.991e-02, PDE=8.226e-02, Data=3.269e+00, sw_phys=4.741e-02) | Sw=[0.2917, 0.4489] | lr=8.22e-04 | 7243.9s
2026-02-21 21:41:53 - PINNTrainer - INFO - [Step  7100/20000] Stage C | Loss: 1.7569e+01 (IC=4.019e-02, BC=7.048e-03, PDE=1.948e-01, Data=2.835e+00, sw_phys=3.686e-02) | Sw=[0.2820, 0.4498] | lr=8.15e-04 | 7336.7s
2026-02-21 21:43:26 - PINNTrainer - INFO - [Step  7200/20000] Stage C | Loss: 2.0955e+01 (IC=1.790e-02, BC=2.490e-02, PDE=1.431e-01, Data=3.420e+00, sw_phys=4.450e-02) | Sw=[0.2852, 0.4525] | lr=8.08e-04 | 7429.4s
2026-02-21 21:44:58 - PINNTrainer - INFO - [Step  7300/20000] Stage C | Loss: 2.1613e+01 (IC=2.789e-02, BC=2.145e-02, PDE=1.536e+00, Data=3.014e+00, sw_phys=3.266e-01) | Sw=[0.3001, 0.4527] | lr=8.01e-04 | 7521.5s
2026-02-21 21:46:30 - PINNTrainer - INFO - [Step  7400/20000] Stage C | Loss: 2.1163e+01 (IC=3.480e-02, BC=7.693e-03, PDE=3.533e-01, Data=3.378e+00, sw_phys=6.555e-02) | Sw=[0.3099, 0.4492] | lr=7.94e-04 | 7613.6s
2026-02-21 21:48:01 - PINNTrainer - INFO - [Step  7500/20000] Stage C | Loss: 1.9614e+01 (IC=7.946e-02, BC=9.350e-03, PDE=1.394e-01, Data=3.171e+00, sw_phys=5.066e-02) | Sw=[0.2864, 0.4502] | lr=7.87e-04 | 7704.9s
2026-02-21 21:49:32 - PINNTrainer - INFO - [Step  7600/20000] Stage C | Loss: 1.7783e+01 (IC=3.705e-02, BC=1.594e-02, PDE=1.821e-01, Data=2.870e+00, sw_phys=5.220e-02) | Sw=[0.2882, 0.4509] | lr=7.80e-04 | 7795.4s
2026-02-21 21:51:02 - PINNTrainer - INFO - [Step  7700/20000] Stage C | Loss: 1.5800e+01 (IC=3.382e-02, BC=1.437e-02, PDE=7.700e-01, Data=2.327e+00, sw_phys=1.611e-01) | Sw=[0.2791, 0.4494] | lr=7.72e-04 | 7885.7s
2026-02-21 21:52:33 - PINNTrainer - INFO - [Step  7800/20000] Stage C | Loss: 2.5154e+01 (IC=2.851e-02, BC=2.023e-02, PDE=1.943e+00, Data=3.512e+00, sw_phys=6.383e-02) | Sw=[0.3112, 0.4543] | lr=7.65e-04 | 7976.3s
2026-02-21 21:54:03 - PINNTrainer - INFO - [Step  7900/20000] Stage C | Loss: 1.8405e+01 (IC=1.176e-02, BC=2.782e-03, PDE=1.165e-01, Data=3.012e+00, sw_phys=5.298e-02) | Sw=[0.2989, 0.4526] | lr=7.58e-04 | 8066.4s
2026-02-21 21:55:33 - PINNTrainer - INFO - [Step  8000/20000] Stage C | Loss: 1.9138e+01 (IC=5.524e-02, BC=2.231e-02, PDE=1.736e-01, Data=3.088e+00, sw_phys=4.706e-02) | Sw=[0.2898, 0.4522] | lr=7.50e-04 | 8156.7s
2026-02-21 21:57:03 - PINNTrainer - INFO - [Step  8100/20000] Stage C | Loss: 2.0970e+01 (IC=7.394e-02, BC=6.014e-03, PDE=2.163e-01, Data=3.373e+00, sw_phys=5.927e-02) | Sw=[0.3084, 0.4503] | lr=7.43e-04 | 8246.6s
2026-02-21 21:58:33 - PINNTrainer - INFO - [Step  8200/20000] Stage C | Loss: 1.5818e+01 (IC=4.874e-02, BC=7.009e-02, PDE=6.609e-01, Data=2.360e+00, sw_phys=4.392e-02) | Sw=[0.2696, 0.4422] | lr=7.35e-04 | 8336.2s
2026-02-21 22:00:02 - PINNTrainer - INFO - [Step  8300/20000] Stage C | Loss: 1.7853e+01 (IC=1.556e-01, BC=1.083e-01, PDE=1.552e+00, Data=2.336e+00, sw_phys=4.495e-02) | Sw=[0.2828, 0.4504] | lr=7.27e-04 | 8425.6s
2026-02-21 22:01:31 - PINNTrainer - INFO - [Step  8400/20000] Stage C | Loss: 1.2240e+01 (IC=4.150e-02, BC=4.040e-02, PDE=1.152e-01, Data=1.958e+00, sw_phys=4.874e-02) | Sw=[0.2901, 0.4527] | lr=7.19e-04 | 8515.0s
2026-02-21 22:03:01 - PINNTrainer - INFO - [Step  8500/20000] Stage C | Loss: 2.0199e+01 (IC=4.774e-02, BC=9.281e-03, PDE=8.522e-02, Data=3.303e+00, sw_phys=4.471e-02) | Sw=[0.2752, 0.4548] | lr=7.12e-04 | 8604.2s
2026-02-21 22:04:29 - PINNTrainer - INFO - [Step  8600/20000] Stage C | Loss: 1.5347e+01 (IC=7.390e-02, BC=2.504e-02, PDE=9.259e-01, Data=2.195e+00, sw_phys=4.993e-02) | Sw=[0.2843, 0.4554] | lr=7.04e-04 | 8693.0s
2026-02-21 22:05:58 - PINNTrainer - INFO - [Step  8700/20000] Stage C | Loss: 1.8843e+01 (IC=2.402e-02, BC=1.351e-02, PDE=1.500e-01, Data=3.065e+00, sw_phys=4.552e-02) | Sw=[0.2798, 0.4563] | lr=6.96e-04 | 8781.6s
2026-02-21 22:07:26 - PINNTrainer - INFO - [Step  8800/20000] Stage C | Loss: 1.4182e+01 (IC=2.207e-02, BC=4.544e-03, PDE=8.776e-01, Data=2.048e+00, sw_phys=5.615e-02) | Sw=[0.2977, 0.4557] | lr=6.88e-04 | 8870.1s
2026-02-21 22:08:55 - PINNTrainer - INFO - [Step  8900/20000] Stage C | Loss: 2.0531e+01 (IC=1.684e-02, BC=1.096e-02, PDE=1.530e-01, Data=3.351e+00, sw_phys=3.875e-02) | Sw=[0.2745, 0.4537] | lr=6.79e-04 | 8958.7s
2026-02-21 22:10:23 - PINNTrainer - INFO - [Step  9000/20000] Stage C | Loss: 1.8379e+01 (IC=5.100e-02, BC=3.174e-02, PDE=1.501e-01, Data=2.967e+00, sw_phys=5.467e-02) | Sw=[0.2931, 0.4525] | lr=6.71e-04 | 9046.5s
2026-02-21 22:11:51 - PINNTrainer - INFO - [Step  9100/20000] Stage C | Loss: 1.4068e+01 (IC=1.060e-01, BC=4.463e-02, PDE=7.697e-01, Data=2.005e+00, sw_phys=8.008e-02) | Sw=[0.2980, 0.4560] | lr=6.63e-04 | 9134.5s
2026-02-21 22:13:19 - PINNTrainer - INFO - [Step  9200/20000] Stage C | Loss: 1.8435e+01 (IC=5.184e-02, BC=1.947e-02, PDE=1.246e-01, Data=2.982e+00, sw_phys=8.742e-02) | Sw=[0.3379, 0.4557] | lr=6.55e-04 | 9222.9s
2026-02-21 22:14:48 - PINNTrainer - INFO - [Step  9300/20000] Stage C | Loss: 1.9283e+01 (IC=4.967e-02, BC=6.502e-03, PDE=1.161e+00, Data=2.787e+00, sw_phys=6.683e-02) | Sw=[0.3095, 0.4571] | lr=6.46e-04 | 9311.2s
2026-02-21 22:16:16 - PINNTrainer - INFO - [Step  9400/20000] Stage C | Loss: 1.2035e+01 (IC=2.310e-02, BC=2.318e-03, PDE=9.571e-02, Data=1.952e+00, sw_phys=4.797e-02) | Sw=[0.2799, 0.4551] | lr=6.38e-04 | 9399.4s
2026-02-21 22:17:44 - PINNTrainer - INFO - [Step  9500/20000] Stage C | Loss: 1.5278e+01 (IC=3.949e-02, BC=1.792e-02, PDE=1.332e+00, Data=2.066e+00, sw_phys=5.228e-02) | Sw=[0.2698, 0.4559] | lr=6.30e-04 | 9487.3s
2026-02-21 22:19:12 - PINNTrainer - INFO - [Step  9600/20000] Stage C | Loss: 1.9593e+01 (IC=1.844e-02, BC=4.447e-03, PDE=1.146e-01, Data=3.209e+00, sw_phys=3.794e-02) | Sw=[0.2600, 0.4523] | lr=6.21e-04 | 9575.3s
2026-02-21 22:20:39 - PINNTrainer - INFO - [Step  9700/20000] Stage C | Loss: 1.3337e+01 (IC=4.808e-02, BC=6.394e-03, PDE=7.110e-01, Data=1.951e+00, sw_phys=4.505e-02) | Sw=[0.2696, 0.4554] | lr=6.13e-04 | 9663.0s
2026-02-21 22:22:07 - PINNTrainer - INFO - [Step  9800/20000] Stage C | Loss: 1.4970e+01 (IC=1.829e-02, BC=8.931e-03, PDE=1.332e+00, Data=2.025e+00, sw_phys=7.034e-02) | Sw=[0.3144, 0.4567] | lr=6.04e-04 | 9750.9s
2026-02-21 22:23:35 - PINNTrainer - INFO - [Step  9900/20000] Stage C | Loss: 2.3472e+01 (IC=3.011e-02, BC=3.175e-02, PDE=7.915e-01, Data=3.614e+00, sw_phys=4.417e-02) | Sw=[0.2667, 0.4553] | lr=5.96e-04 | 9838.9s
2026-02-21 22:25:04 - PINNTrainer - INFO - [Step 10000/20000] Stage C | Loss: 1.8276e+01 (IC=6.151e-02, BC=9.199e-03, PDE=4.721e-01, Data=2.847e+00, sw_phys=3.767e-02) | Sw=[0.2619, 0.4480] | lr=5.87e-04 | 9928.1s
2026-02-21 22:26:33 - PINNTrainer - INFO - [Step 10100/20000] Stage C | Loss: 1.2191e+01 (IC=3.048e-02, BC=1.905e-02, PDE=9.487e-02, Data=1.967e+00, sw_phys=5.666e-02) | Sw=[0.2695, 0.4555] | lr=5.79e-04 | 10016.5s
2026-02-21 22:28:01 - PINNTrainer - INFO - [Step 10200/20000] Stage C | Loss: 1.1912e+01 (IC=4.413e-02, BC=5.215e-03, PDE=8.251e-02, Data=1.924e+00, sw_phys=4.787e-02) | Sw=[0.2600, 0.4559] | lr=5.70e-04 | 10104.4s
2026-02-21 22:29:28 - PINNTrainer - INFO - [Step 10300/20000] Stage C | Loss: 2.2006e+01 (IC=3.598e-02, BC=1.867e-02, PDE=2.161e-01, Data=3.563e+00, sw_phys=4.239e-02) | Sw=[0.2632, 0.4553] | lr=5.61e-04 | 10191.3s
2026-02-21 22:30:56 - PINNTrainer - INFO - [Step 10400/20000] Stage C | Loss: 2.2296e+01 (IC=1.188e-02, BC=5.151e-03, PDE=2.897e-01, Data=3.602e+00, sw_phys=4.821e-02) | Sw=[0.2688, 0.4558] | lr=5.53e-04 | 10279.7s
2026-02-21 22:32:31 - PINNTrainer - INFO - [Step 10500/20000] Stage C | Loss: 1.3319e+01 (IC=1.670e-02, BC=2.464e-02, PDE=1.580e-01, Data=2.142e+00, sw_phys=3.993e-02) | Sw=[0.2600, 0.4545] | lr=5.44e-04 | 10374.6s
2026-02-21 22:34:00 - PINNTrainer - INFO - [Step 10600/20000] Stage C | Loss: 1.1878e+01 (IC=5.848e-02, BC=2.648e-03, PDE=9.708e-02, Data=1.909e+00, sw_phys=4.080e-02) | Sw=[0.2600, 0.4557] | lr=5.35e-04 | 10463.9s
2026-02-21 22:35:29 - PINNTrainer - INFO - [Step 10700/20000] Stage C | Loss: 2.2616e+01 (IC=1.038e-01, BC=9.470e-02, PDE=1.471e-01, Data=3.628e+00, sw_phys=4.217e-02) | Sw=[0.2600, 0.4572] | lr=5.27e-04 | 10553.2s
2026-02-21 22:37:01 - PINNTrainer - INFO - [Step 10800/20000] Stage C | Loss: 1.1912e+01 (IC=1.883e-02, BC=3.935e-03, PDE=1.335e-01, Data=1.920e+00, sw_phys=4.755e-02) | Sw=[0.2600, 0.4535] | lr=5.18e-04 | 10644.9s
2026-02-21 22:38:28 - PINNTrainer - INFO - [Step 10900/20000] Stage C | Loss: 1.7358e+01 (IC=5.480e-02, BC=1.825e-02, PDE=1.078e-01, Data=2.815e+00, sw_phys=4.037e-02) | Sw=[0.2668, 0.4569] | lr=5.09e-04 | 10731.4s
2026-02-21 22:39:55 - PINNTrainer - INFO - [Step 11000/20000] Stage C | Loss: 1.3292e+01 (IC=2.171e-02, BC=2.256e-03, PDE=7.654e-02, Data=2.170e+00, sw_phys=3.721e-02) | Sw=[0.2600, 0.4500] | lr=5.00e-04 | 10818.4s
2026-02-21 22:41:25 - PINNTrainer - INFO - [Step 11100/20000] Stage C | Loss: 1.1874e+01 (IC=2.859e-02, BC=2.686e-02, PDE=7.881e-02, Data=1.920e+00, sw_phys=4.210e-02) | Sw=[0.2600, 0.4518] | lr=4.92e-04 | 10908.2s
2026-02-21 22:42:53 - PINNTrainer - INFO - [Step 11200/20000] Stage C | Loss: 1.2108e+01 (IC=6.169e-02, BC=3.548e-02, PDE=1.204e-01, Data=1.926e+00, sw_phys=4.139e-02) | Sw=[0.2600, 0.4551] | lr=4.83e-04 | 10997.2s
2026-02-21 22:44:23 - PINNTrainer - INFO - [Step 11300/20000] Stage C | Loss: 2.2627e+01 (IC=5.777e-02, BC=1.931e-02, PDE=7.015e-01, Data=3.494e+00, sw_phys=3.831e-02) | Sw=[0.2600, 0.4527] | lr=4.74e-04 | 11086.5s
2026-02-21 22:45:52 - PINNTrainer - INFO - [Step 11400/20000] Stage C | Loss: 1.4493e+01 (IC=1.824e-02, BC=9.893e-03, PDE=1.099e+00, Data=2.020e+00, sw_phys=7.747e-02) | Sw=[0.2600, 0.4567] | lr=4.66e-04 | 11175.4s
2026-02-21 22:47:17 - PINNTrainer - INFO - [Step 11500/20000] Stage C | Loss: 1.2932e+01 (IC=1.870e-02, BC=7.337e-03, PDE=6.894e-01, Data=1.905e+00, sw_phys=4.128e-02) | Sw=[0.2600, 0.4566] | lr=4.57e-04 | 11260.8s
2026-02-21 22:48:41 - PINNTrainer - INFO - [Step 11600/20000] Stage C | Loss: 1.2474e+01 (IC=1.773e-01, BC=3.087e-02, PDE=1.235e-01, Data=1.930e+00, sw_phys=3.870e-02) | Sw=[0.2600, 0.4564] | lr=4.48e-04 | 11345.1s
2026-02-21 22:50:06 - PINNTrainer - INFO - [Step 11700/20000] Stage C | Loss: 1.3837e+01 (IC=1.322e-02, BC=3.638e-03, PDE=3.588e-01, Data=2.170e+00, sw_phys=3.796e-02) | Sw=[0.2632, 0.4567] | lr=4.40e-04 | 11429.6s
2026-02-21 22:51:28 - PINNTrainer - INFO - [Step 11800/20000] Stage C | Loss: 2.2127e+01 (IC=1.221e-02, BC=1.617e-02, PDE=7.606e-02, Data=3.641e+00, sw_phys=4.500e-02) | Sw=[0.2622, 0.4561] | lr=4.31e-04 | 11511.6s
2026-02-21 22:52:57 - PINNTrainer - INFO - [Step 11900/20000] Stage C | Loss: 1.1847e+01 (IC=4.616e-03, BC=2.734e-03, PDE=1.428e-01, Data=1.916e+00, sw_phys=3.486e-02) | Sw=[0.2627, 0.4447] | lr=4.22e-04 | 11600.4s
2026-02-21 22:54:31 - PINNTrainer - INFO - [Step 12000/20000] Stage C | Loss: 1.3859e+01 (IC=1.247e-02, BC=8.881e-03, PDE=2.997e-01, Data=2.191e+00, sw_phys=4.156e-02) | Sw=[0.2600, 0.4546] | lr=4.14e-04 | 11694.9s
2026-02-21 22:56:05 - PINNTrainer - INFO - [Step 12100/20000] Stage C | Loss: 1.2109e+01 (IC=2.813e-02, BC=3.285e-02, PDE=2.127e-01, Data=1.914e+00, sw_phys=3.593e-02) | Sw=[0.2600, 0.4566] | lr=4.05e-04 | 11788.9s
2026-02-21 22:57:42 - PINNTrainer - INFO - [Step 12200/20000] Stage C | Loss: 1.1496e+01 (IC=2.586e-02, BC=8.961e-04, PDE=5.312e-02, Data=1.877e+00, sw_phys=3.409e-02) | Sw=[0.2600, 0.4538] | lr=3.97e-04 | 11885.6s
2026-02-21 22:59:20 - PINNTrainer - INFO - [Step 12300/20000] Stage C | Loss: 1.1763e+01 (IC=2.039e-02, BC=1.832e-02, PDE=5.973e-02, Data=1.917e+00, sw_phys=3.415e-02) | Sw=[0.2600, 0.4552] | lr=3.88e-04 | 11983.7s
2026-02-21 23:00:53 - PINNTrainer - INFO - [Step 12400/20000] Stage C | Loss: 2.0365e+01 (IC=1.456e-01, BC=2.728e-02, PDE=7.244e-02, Data=3.280e+00, sw_phys=3.353e-02) | Sw=[0.2600, 0.4531] | lr=3.80e-04 | 12077.0s
2026-02-21 23:02:26 - PINNTrainer - INFO - [Step 12500/20000] Stage C | Loss: 1.1934e+01 (IC=1.587e-01, BC=2.415e-03, PDE=6.504e-02, Data=1.880e+00, sw_phys=3.319e-02) | Sw=[0.2601, 0.4546] | lr=3.71e-04 | 12169.9s
2026-02-21 23:03:59 - PINNTrainer - INFO - [Step 12600/20000] Stage C | Loss: 1.2457e+01 (IC=7.632e-02, BC=1.239e-02, PDE=6.971e-02, Data=2.003e+00, sw_phys=3.303e-02) | Sw=[0.2600, 0.4550] | lr=3.63e-04 | 12262.9s
2026-02-21 23:05:32 - PINNTrainer - INFO - [Step 12700/20000] Stage C | Loss: 1.1573e+01 (IC=3.080e-03, BC=1.063e-03, PDE=5.763e-02, Data=1.901e+00, sw_phys=2.869e-02) | Sw=[0.2600, 0.4551] | lr=3.54e-04 | 12355.8s
2026-02-21 23:07:05 - PINNTrainer - INFO - [Step 12800/20000] Stage C | Loss: 1.1582e+01 (IC=1.638e-02, BC=1.074e-02, PDE=5.509e-02, Data=1.893e+00, sw_phys=3.128e-02) | Sw=[0.2600, 0.4543] | lr=3.46e-04 | 12448.6s
2026-02-21 23:08:37 - PINNTrainer - INFO - [Step 12900/20000] Stage C | Loss: 1.1925e+01 (IC=4.639e-02, BC=3.687e-02, PDE=9.656e-02, Data=1.913e+00, sw_phys=2.772e-02) | Sw=[0.2600, 0.4552] | lr=3.38e-04 | 12540.2s
2026-02-21 23:10:08 - PINNTrainer - INFO - [Step 13000/20000] Stage C | Loss: 1.1679e+01 (IC=1.152e-02, BC=3.046e-03, PDE=1.564e-01, Data=1.881e+00, sw_phys=2.960e-02) | Sw=[0.2600, 0.4505] | lr=3.30e-04 | 12632.0s
2026-02-21 23:11:40 - PINNTrainer - INFO - [Step 13100/20000] Stage C | Loss: 1.2052e+01 (IC=6.161e-02, BC=2.637e-02, PDE=9.997e-02, Data=1.929e+00, sw_phys=2.695e-02) | Sw=[0.2600, 0.4548] | lr=3.21e-04 | 12723.7s
2026-02-21 23:13:11 - PINNTrainer - INFO - [Step 13200/20000] Stage C | Loss: 1.1794e+01 (IC=1.679e-02, BC=1.660e-02, PDE=1.105e-01, Data=1.907e+00, sw_phys=3.370e-02) | Sw=[0.2600, 0.4514] | lr=3.13e-04 | 12815.0s
2026-02-21 23:14:44 - PINNTrainer - INFO - [Step 13300/20000] Stage C | Loss: 1.3263e+01 (IC=8.023e-03, BC=5.444e-03, PDE=7.843e-02, Data=2.171e+00, sw_phys=3.185e-02) | Sw=[0.2619, 0.4557] | lr=3.05e-04 | 12907.3s
2026-02-21 23:16:28 - PINNTrainer - INFO - [Step 13400/20000] Stage C | Loss: 1.1472e+01 (IC=9.042e-03, BC=1.595e-03, PDE=6.345e-02, Data=1.878e+00, sw_phys=3.061e-02) | Sw=[0.2600, 0.4530] | lr=2.97e-04 | 13011.6s
2026-02-21 23:18:07 - PINNTrainer - INFO - [Step 13500/20000] Stage C | Loss: 2.0646e+01 (IC=2.893e-03, BC=1.881e-03, PDE=7.781e-01, Data=3.172e+00, sw_phys=3.038e-02) | Sw=[0.2600, 0.4531] | lr=2.89e-04 | 13110.6s
2026-02-21 23:19:44 - PINNTrainer - INFO - [Step 13600/20000] Stage C | Loss: 1.1890e+01 (IC=9.954e-03, BC=1.024e-02, PDE=5.969e-02, Data=1.946e+00, sw_phys=2.929e-02) | Sw=[0.2600, 0.4527] | lr=2.81e-04 | 13207.9s
2026-02-21 23:21:16 - PINNTrainer - INFO - [Step 13700/20000] Stage C | Loss: 1.1535e+01 (IC=8.424e-03, BC=9.202e-04, PDE=9.027e-02, Data=1.882e+00, sw_phys=2.577e-02) | Sw=[0.2600, 0.4546] | lr=2.74e-04 | 13299.3s
2026-02-21 23:22:51 - PINNTrainer - INFO - [Step 13800/20000] Stage C | Loss: 1.1676e+01 (IC=1.687e-02, BC=3.126e-02, PDE=5.804e-02, Data=1.901e+00, sw_phys=2.883e-02) | Sw=[0.2600, 0.4515] | lr=2.66e-04 | 13395.0s
2026-02-21 23:24:29 - PINNTrainer - INFO - [Step 13900/20000] Stage C | Loss: 1.1626e+01 (IC=7.436e-03, BC=2.641e-03, PDE=7.659e-02, Data=1.900e+00, sw_phys=2.964e-02) | Sw=[0.2600, 0.4562] | lr=2.58e-04 | 13492.7s
2026-02-21 23:26:07 - PINNTrainer - INFO - [Step 14000/20000] Stage D | Loss: 1.2782e+01 (IC=5.121e-02, BC=1.563e-02, PDE=1.632e-01, Data=1.873e+00, sw_phys=2.604e-02) | Sw=[0.2600, 0.4535] | lr=2.51e-04 | 13590.5s
2026-02-21 23:27:46 - PINNTrainer - INFO - [Step 14100/20000] Stage D | Loss: 1.2433e+01 (IC=4.142e-02, BC=1.474e-02, PDE=4.350e-02, Data=1.875e+00, sw_phys=2.865e-02) | Sw=[0.2600, 0.4543] | lr=2.43e-04 | 13689.3s
2026-02-21 23:29:22 - PINNTrainer - INFO - [Step 14200/20000] Stage D | Loss: 1.2445e+01 (IC=1.485e-01, BC=2.908e-03, PDE=4.279e-02, Data=1.863e+00, sw_phys=2.925e-02) | Sw=[0.2600, 0.4481] | lr=2.36e-04 | 13785.6s
2026-02-21 23:30:53 - PINNTrainer - INFO - [Step 14300/20000] Stage D | Loss: 1.2855e+01 (IC=1.091e-01, BC=7.420e-03, PDE=1.892e-01, Data=1.863e+00, sw_phys=2.921e-02) | Sw=[0.2600, 0.4557] | lr=2.28e-04 | 13876.6s
2026-02-21 23:32:18 - PINNTrainer - INFO - [Step 14400/20000] Stage D | Loss: 1.2359e+01 (IC=4.616e-02, BC=6.039e-03, PDE=5.105e-02, Data=1.861e+00, sw_phys=2.846e-02) | Sw=[0.2600, 0.4394] | lr=2.21e-04 | 13962.2s
2026-02-21 23:33:39 - PINNTrainer - INFO - [Step 14500/20000] Stage D | Loss: 1.2465e+01 (IC=3.519e-02, BC=4.009e-03, PDE=7.484e-02, Data=1.869e+00, sw_phys=2.745e-02) | Sw=[0.2600, 0.4534] | lr=2.14e-04 | 14042.3s
2026-02-21 23:35:03 - PINNTrainer - INFO - [Step 14600/20000] Stage D | Loss: 1.2342e+01 (IC=1.188e-02, BC=1.464e-03, PDE=4.859e-02, Data=1.866e+00, sw_phys=2.656e-02) | Sw=[0.2600, 0.4462] | lr=2.07e-04 | 14126.5s
2026-02-21 23:36:21 - PINNTrainer - INFO - [Step 14700/20000] Stage D | Loss: 1.2562e+01 (IC=1.892e-01, BC=3.501e-03, PDE=5.191e-02, Data=1.871e+00, sw_phys=2.717e-02) | Sw=[0.2600, 0.4553] | lr=2.00e-04 | 14204.5s
2026-02-21 23:37:43 - PINNTrainer - INFO - [Step 14800/20000] Stage D | Loss: 2.4630e+01 (IC=7.505e-02, BC=6.561e-02, PDE=8.600e-01, Data=3.358e+00, sw_phys=4.173e-02) | Sw=[0.2600, 0.4542] | lr=1.93e-04 | 14286.3s
2026-02-21 23:39:07 - PINNTrainer - INFO - [Step 14900/20000] Stage D | Loss: 1.2461e+01 (IC=2.456e-02, BC=9.890e-03, PDE=5.164e-02, Data=1.879e+00, sw_phys=2.839e-02) | Sw=[0.2600, 0.4490] | lr=1.86e-04 | 14371.0s
2026-02-21 23:40:41 - PINNTrainer - INFO - [Step 15000/20000] Stage D | Loss: 1.2383e+01 (IC=3.044e-02, BC=1.098e-02, PDE=4.120e-02, Data=1.871e+00, sw_phys=2.873e-02) | Sw=[0.2600, 0.4533] | lr=1.79e-04 | 14464.7s
2026-02-21 23:42:15 - PINNTrainer - INFO - [Step 15100/20000] Stage D | Loss: 1.3219e+01 (IC=6.138e-02, BC=9.679e-03, PDE=2.447e-01, Data=1.901e+00, sw_phys=2.724e-02) | Sw=[0.2600, 0.4560] | lr=1.73e-04 | 14559.2s
2026-02-21 23:43:50 - PINNTrainer - INFO - [Step 15200/20000] Stage D | Loss: 1.3042e+01 (IC=7.043e-02, BC=6.310e-02, PDE=1.125e-01, Data=1.924e+00, sw_phys=3.144e-02) | Sw=[0.2604, 0.4312] | lr=1.66e-04 | 14653.4s
2026-02-21 23:45:23 - PINNTrainer - INFO - [Step 15300/20000] Stage D | Loss: 1.2978e+01 (IC=2.844e-02, BC=6.237e-03, PDE=2.612e-01, Data=1.862e+00, sw_phys=2.750e-02) | Sw=[0.2600, 0.4437] | lr=1.60e-04 | 14746.9s
2026-02-21 23:46:57 - PINNTrainer - INFO - [Step 15400/20000] Stage D | Loss: 1.2314e+01 (IC=7.999e-02, BC=1.774e-03, PDE=3.596e-02, Data=1.857e+00, sw_phys=2.651e-02) | Sw=[0.2600, 0.4474] | lr=1.53e-04 | 14840.3s
2026-02-21 23:48:30 - PINNTrainer - INFO - [Step 15500/20000] Stage D | Loss: 1.2396e+01 (IC=3.006e-02, BC=1.361e-03, PDE=7.021e-02, Data=1.861e+00, sw_phys=2.764e-02) | Sw=[0.2600, 0.4478] | lr=1.47e-04 | 14934.1s
2026-02-21 23:50:04 - PINNTrainer - INFO - [Step 15600/20000] Stage D | Loss: 1.4189e+01 (IC=6.367e-02, BC=6.612e-03, PDE=6.639e-01, Data=1.857e+00, sw_phys=2.699e-02) | Sw=[0.2600, 0.4514] | lr=1.41e-04 | 15027.9s
2026-02-21 23:51:36 - PINNTrainer - INFO - [Step 15700/20000] Stage D | Loss: 1.4157e+01 (IC=1.025e-01, BC=3.236e-03, PDE=6.509e-01, Data=1.853e+00, sw_phys=2.685e-02) | Sw=[0.2600, 0.4485] | lr=1.35e-04 | 15120.2s
2026-02-21 23:53:09 - PINNTrainer - INFO - [Step 15800/20000] Stage D | Loss: 1.2524e+01 (IC=3.823e-02, BC=1.314e-03, PDE=1.174e-01, Data=1.859e+00, sw_phys=2.459e-02) | Sw=[0.2600, 0.4490] | lr=1.29e-04 | 15212.5s
2026-02-21 23:54:41 - PINNTrainer - INFO - [Step 15900/20000] Stage D | Loss: 1.2436e+01 (IC=1.014e-01, BC=5.035e-03, PDE=8.383e-02, Data=1.851e+00, sw_phys=2.380e-02) | Sw=[0.2600, 0.4550] | lr=1.23e-04 | 15304.5s
2026-02-21 23:56:13 - PINNTrainer - INFO - [Step 16000/20000] Stage D | Loss: 1.2308e+01 (IC=7.547e-02, BC=4.112e-03, PDE=4.603e-02, Data=1.852e+00, sw_phys=2.594e-02) | Sw=[0.2600, 0.4535] | lr=1.18e-04 | 15396.3s
2026-02-21 23:57:44 - PINNTrainer - INFO - [Step 16100/20000] Stage D | Loss: 1.2251e+01 (IC=5.239e-02, BC=1.470e-03, PDE=3.247e-02, Data=1.854e+00, sw_phys=2.384e-02) | Sw=[0.2600, 0.4532] | lr=1.12e-04 | 15487.8s
2026-02-21 23:59:16 - PINNTrainer - INFO - [Step 16200/20000] Stage D | Loss: 1.2342e+01 (IC=7.362e-02, BC=3.932e-03, PDE=4.861e-02, Data=1.856e+00, sw_phys=2.582e-02) | Sw=[0.2600, 0.4558] | lr=1.07e-04 | 15579.8s
2026-02-22 00:00:47 - PINNTrainer - INFO - [Step 16300/20000] Stage D | Loss: 1.2259e+01 (IC=6.633e-02, BC=1.732e-03, PDE=3.509e-02, Data=1.852e+00, sw_phys=2.245e-02) | Sw=[0.2600, 0.3843] | lr=1.02e-04 | 15670.8s
2026-02-22 00:02:18 - PINNTrainer - INFO - [Step 16400/20000] Stage D | Loss: 1.2236e+01 (IC=2.604e-02, BC=1.125e-03, PDE=4.246e-02, Data=1.852e+00, sw_phys=2.318e-02) | Sw=[0.2600, 0.4519] | lr=9.63e-05 | 15761.9s
2026-02-22 00:03:51 - PINNTrainer - INFO - [Step 16500/20000] Stage D | Loss: 1.2242e+01 (IC=5.027e-02, BC=1.910e-03, PDE=3.591e-02, Data=1.851e+00, sw_phys=2.577e-02) | Sw=[0.2600, 0.4493] | lr=9.13e-05 | 15854.8s
2026-02-22 00:05:23 - PINNTrainer - INFO - [Step 16600/20000] Stage D | Loss: 1.2247e+01 (IC=6.933e-02, BC=1.210e-03, PDE=3.501e-02, Data=1.850e+00, sw_phys=2.288e-02) | Sw=[0.2600, 0.4425] | lr=8.63e-05 | 15946.7s
2026-02-22 00:06:58 - PINNTrainer - INFO - [Step 16700/20000] Stage D | Loss: 1.2224e+01 (IC=1.576e-02, BC=1.650e-03, PDE=4.191e-02, Data=1.851e+00, sw_phys=2.405e-02) | Sw=[0.2600, 0.4559] | lr=8.15e-05 | 16042.1s
2026-02-22 00:08:29 - PINNTrainer - INFO - [Step 16800/20000] Stage D | Loss: 1.2935e+01 (IC=1.672e-02, BC=1.260e-03, PDE=2.833e-01, Data=1.849e+00, sw_phys=2.329e-02) | Sw=[0.2600, 0.4417] | lr=7.69e-05 | 16132.6s
2026-02-22 00:10:07 - PINNTrainer - INFO - [Step 16900/20000] Stage D | Loss: 1.2783e+01 (IC=4.450e-02, BC=1.195e-03, PDE=2.072e-01, Data=1.846e+00, sw_phys=5.963e-02) | Sw=[0.2600, 0.4547] | lr=7.23e-05 | 16230.5s
2026-02-22 00:11:36 - PINNTrainer - INFO - [Step 17000/20000] Stage D | Loss: 1.2332e+01 (IC=8.186e-02, BC=1.379e-03, PDE=7.142e-02, Data=1.844e+00, sw_phys=2.344e-02) | Sw=[0.2600, 0.4375] | lr=6.79e-05 | 16320.1s
2026-02-22 00:13:12 - PINNTrainer - INFO - [Step 17100/20000] Stage D | Loss: 1.2124e+01 (IC=8.251e-03, BC=1.263e-03, PDE=2.901e-02, Data=1.843e+00, sw_phys=2.294e-02) | Sw=[0.2600, 0.4510] | lr=6.36e-05 | 16416.0s
2026-02-22 00:14:36 - PINNTrainer - INFO - [Step 17200/20000] Stage D | Loss: 1.3973e+01 (IC=4.793e-02, BC=1.316e-03, PDE=6.368e-01, Data=1.842e+00, sw_phys=2.085e-02) | Sw=[0.2600, 0.4199] | lr=5.94e-05 | 16499.4s
2026-02-22 00:16:13 - PINNTrainer - INFO - [Step 17300/20000] Stage D | Loss: 1.2181e+01 (IC=6.394e-03, BC=1.804e-03, PDE=3.151e-02, Data=1.852e+00, sw_phys=2.115e-02) | Sw=[0.2600, 0.4445] | lr=5.54e-05 | 16596.4s
2026-02-22 00:18:00 - PINNTrainer - INFO - [Step 17400/20000] Stage D | Loss: 1.4882e+01 (IC=1.160e-02, BC=7.554e-04, PDE=9.499e-01, Data=1.843e+00, sw_phys=2.071e-02) | Sw=[0.2600, 0.4499] | lr=5.15e-05 | 16703.9s
2026-02-22 00:19:41 - PINNTrainer - INFO - [Step 17500/20000] Stage D | Loss: 1.2183e+01 (IC=1.493e-02, BC=1.135e-03, PDE=4.099e-02, Data=1.847e+00, sw_phys=2.002e-02) | Sw=[0.2600, 0.4403] | lr=4.78e-05 | 16804.3s
2026-02-22 00:21:19 - PINNTrainer - INFO - [Step 17600/20000] Stage D | Loss: 1.4246e+01 (IC=4.083e-02, BC=1.173e-03, PDE=7.348e-01, Data=1.839e+00, sw_phys=2.431e-02) | Sw=[0.2600, 0.4487] | lr=4.41e-05 | 16902.7s
2026-02-22 00:23:11 - PINNTrainer - INFO - [Step 17700/20000] Stage D | Loss: 1.6734e+01 (IC=1.010e-02, BC=8.825e-04, PDE=1.563e+00, Data=1.842e+00, sw_phys=3.079e-02) | Sw=[0.2600, 0.4540] | lr=4.07e-05 | 17014.5s
2026-02-22 00:25:16 - PINNTrainer - INFO - [Step 17800/20000] Stage D | Loss: 1.2123e+01 (IC=6.913e-03, BC=1.223e-03, PDE=3.157e-02, Data=1.843e+00, sw_phys=2.133e-02) | Sw=[0.2600, 0.4459] | lr=3.73e-05 | 17140.0s
2026-02-22 00:27:26 - PINNTrainer - INFO - [Step 17900/20000] Stage D | Loss: 1.2141e+01 (IC=7.022e-02, BC=1.158e-03, PDE=2.570e-02, Data=1.838e+00, sw_phys=2.304e-02) | Sw=[0.2600, 0.4454] | lr=3.41e-05 | 17269.6s
2026-02-22 00:29:14 - PINNTrainer - INFO - [Step 18000/20000] Stage D | Loss: 1.2136e+01 (IC=4.837e-02, BC=1.105e-03, PDE=2.945e-02, Data=1.838e+00, sw_phys=2.544e-02) | Sw=[0.2600, 0.4499] | lr=3.11e-05 | 17377.2s
2026-02-22 00:31:17 - PINNTrainer - INFO - [Step 18100/20000] Stage D | Loss: 1.2159e+01 (IC=6.861e-02, BC=9.660e-04, PDE=3.469e-02, Data=1.837e+00, sw_phys=2.221e-02) | Sw=[0.2600, 0.4406] | lr=2.82e-05 | 17500.8s
2026-02-22 00:33:23 - PINNTrainer - INFO - [Step 18200/20000] Stage D | Loss: 1.2364e+01 (IC=3.695e-02, BC=1.440e-03, PDE=1.130e-01, Data=1.838e+00, sw_phys=2.011e-02) | Sw=[0.2600, 0.4546] | lr=2.54e-05 | 17627.1s
2026-02-22 00:35:29 - PINNTrainer - INFO - [Step 18300/20000] Stage D | Loss: 1.2119e+01 (IC=4.361e-02, BC=1.653e-03, PDE=2.892e-02, Data=1.838e+00, sw_phys=2.060e-02) | Sw=[0.2600, 0.4362] | lr=2.28e-05 | 17752.9s
2026-02-22 00:37:35 - PINNTrainer - INFO - [Step 18400/20000] Stage D | Loss: 1.2112e+01 (IC=1.306e-02, BC=8.518e-04, PDE=3.818e-02, Data=1.837e+00, sw_phys=2.246e-02) | Sw=[0.2600, 0.4390] | lr=2.03e-05 | 17878.3s
2026-02-22 00:39:40 - PINNTrainer - INFO - [Step 18500/20000] Stage D | Loss: 1.4861e+01 (IC=3.278e-02, BC=8.121e-04, PDE=9.496e-01, Data=1.836e+00, sw_phys=2.239e-02) | Sw=[0.2600, 0.4411] | lr=1.80e-05 | 18003.8s
2026-02-22 00:41:50 - PINNTrainer - INFO - [Step 18600/20000] Stage D | Loss: 1.2149e+01 (IC=2.274e-02, BC=9.717e-04, PDE=4.342e-02, Data=1.837e+00, sw_phys=2.700e-02) | Sw=[0.2600, 0.4420] | lr=1.58e-05 | 18133.3s
2026-02-22 00:43:58 - PINNTrainer - INFO - [Step 18700/20000] Stage D | Loss: 1.2199e+01 (IC=7.711e-02, BC=9.674e-04, PDE=4.440e-02, Data=1.836e+00, sw_phys=2.743e-02) | Sw=[0.2600, 0.4472] | lr=1.38e-05 | 18261.4s
2026-02-22 00:46:05 - PINNTrainer - INFO - [Step 18800/20000] Stage D | Loss: 1.3961e+01 (IC=7.047e-03, BC=7.996e-04, PDE=6.467e-01, Data=1.841e+00, sw_phys=2.242e-02) | Sw=[0.2600, 0.4413] | lr=1.19e-05 | 18388.4s
2026-02-22 00:48:08 - PINNTrainer - INFO - [Step 18900/20000] Stage D | Loss: 1.2060e+01 (IC=1.177e-03, BC=1.220e-03, PDE=2.788e-02, Data=1.835e+00, sw_phys=2.251e-02) | Sw=[0.2600, 0.4458] | lr=1.02e-05 | 18511.2s
2026-02-22 00:50:08 - PINNTrainer - INFO - [Step 19000/20000] Stage D | Loss: 1.2114e+01 (IC=3.139e-02, BC=9.353e-04, PDE=3.506e-02, Data=1.835e+00, sw_phys=2.563e-02) | Sw=[0.2600, 0.4359] | lr=8.57e-06 | 18631.8s
2026-02-22 00:51:58 - PINNTrainer - INFO - [Step 19100/20000] Stage D | Loss: 1.2092e+01 (IC=2.041e-02, BC=1.237e-03, PDE=3.270e-02, Data=1.835e+00, sw_phys=2.230e-02) | Sw=[0.2600, 0.4543] | lr=7.14e-06 | 18741.9s
2026-02-22 00:53:40 - PINNTrainer - INFO - [Step 19200/20000] Stage D | Loss: 1.2066e+01 (IC=3.489e-03, BC=8.284e-04, PDE=2.971e-02, Data=1.835e+00, sw_phys=2.234e-02) | Sw=[0.2600, 0.4545] | lr=5.85e-06 | 18843.6s
2026-02-22 00:55:19 - PINNTrainer - INFO - [Step 19300/20000] Stage D | Loss: 1.2060e+01 (IC=1.949e-03, BC=7.426e-04, PDE=3.003e-02, Data=1.835e+00, sw_phys=2.022e-02) | Sw=[0.2600, 0.4547] | lr=4.71e-06 | 18942.9s
2026-02-22 00:56:58 - PINNTrainer - INFO - [Step 19400/20000] Stage D | Loss: 1.2077e+01 (IC=2.462e-03, BC=1.033e-03, PDE=3.410e-02, Data=1.834e+00, sw_phys=2.393e-02) | Sw=[0.2600, 0.4439] | lr=3.73e-06 | 19041.5s
2026-02-22 00:58:39 - PINNTrainer - INFO - [Step 19500/20000] Stage D | Loss: 1.2062e+01 (IC=2.464e-02, BC=8.549e-04, PDE=2.331e-02, Data=1.834e+00, sw_phys=2.170e-02) | Sw=[0.2600, 0.4431] | lr=2.89e-06 | 19143.0s
2026-02-22 01:00:13 - PINNTrainer - INFO - [Step 19600/20000] Stage D | Loss: 1.2178e+01 (IC=8.750e-02, BC=9.847e-04, PDE=3.957e-02, Data=1.834e+00, sw_phys=2.419e-02) | Sw=[0.2600, 0.4457] | lr=2.21e-06 | 19237.1s
2026-02-22 01:01:53 - PINNTrainer - INFO - [Step 19700/20000] Stage D | Loss: 1.2062e+01 (IC=1.420e-03, BC=1.081e-03, PDE=3.006e-02, Data=1.835e+00, sw_phys=2.179e-02) | Sw=[0.2600, 0.4460] | lr=1.68e-06 | 19337.1s
2026-02-22 01:03:29 - PINNTrainer - INFO - [Step 19800/20000] Stage D | Loss: 1.4403e+01 (IC=1.016e-03, BC=9.045e-04, PDE=8.104e-01, Data=1.834e+00, sw_phys=2.454e-02) | Sw=[0.2600, 0.4232] | lr=1.30e-06 | 19432.3s
2026-02-22 01:05:02 - PINNTrainer - INFO - [Step 19900/20000] Stage D | Loss: 1.2055e+01 (IC=1.331e-03, BC=1.388e-03, PDE=2.893e-02, Data=1.834e+00, sw_phys=2.194e-02) | Sw=[0.2600, 0.4433] | lr=1.07e-06 | 19525.7s
2026-02-22 01:06:34 - PINNTrainer - INFO - [Step 19999/20000] Stage D | Loss: 1.2067e+01 (IC=1.768e-03, BC=9.085e-04, PDE=3.227e-02, Data=1.834e+00, sw_phys=2.245e-02) | Sw=[0.2600, 0.4533] | lr=1.00e-06 | 19618.1s
2026-02-22 01:06:34 - PINNTrainer - INFO - 
训练完成! 总耗时: 19618.1s, 最佳损失: 1.2033e+01
2026-02-22 01:06:34 - PINNTrainer - INFO - 生成训练曲线图...
2026-02-22 01:06:36 - PINNTrainer - INFO - 训练曲线图已保存: C:\Users\16281\Desktop\cpedc_project\outputs\mk_pinn_dt_v2\figs\M4_training_history.png
2026-02-22 01:06:36 - PINNTrainer - INFO - 生成 SY9 压力对比图...
2026-02-22 01:06:36 - PINNTrainer - INFO - 压力对比图已保存: C:\Users\16281\Desktop\cpedc_project\outputs\mk_pinn_dt_v2\figs\M4_pressure_comparison.png
