2026-02-09 23:25:45 - PINNTrainer - INFO -   CUDA: deterministic 模式（cudnn.benchmark=False）
2026-02-09 23:25:45 - PINNTrainer - INFO -   Mixed Precision (AMP) 已启用
2026-02-09 23:25:45 - PINNTrainer - INFO -   SY9 数据锚点: 1025 条
2026-02-09 23:25:45 - PINNTrainer - INFO -   M3 PVT 查询 cg(76.0 MPa, 141.39 ℃) = 0.009744 1/MPa → 覆盖先验 0.0130
2026-02-09 23:25:45 - PINNTrainer - INFO - ============================================================
2026-02-09 23:25:45 - PINNTrainer - INFO - PDE 物理缩放参数（答辩核心）
2026-02-09 23:25:45 - PINNTrainer - INFO - ============================================================
2026-02-09 23:25:45 - PINNTrainer - INFO -   域: Δx = 17400 m, Δy = 11000 m, t_max = 1331 d = 114998400 s
2026-02-09 23:25:45 - PINNTrainer - INFO -   sx = (2/Δx)² = 1.321178e-08 1/m², sy = (2/Δy)² = 3.305785e-08 1/m²
2026-02-09 23:25:45 - PINNTrainer - INFO -   p_ref = 76.0 MPa, T_ref = 141.39 ℃
2026-02-09 23:25:45 - PINNTrainer - INFO -   k = 5.0 mD = 4.934617e-15 m²
2026-02-09 23:25:45 - PINNTrainer - INFO -   φ = 0.0216
2026-02-09 23:25:45 - PINNTrainer - INFO -   μ_ref = 0.035 mPa·s = 3.500000e-05 Pa·s
2026-02-09 23:25:45 - PINNTrainer - INFO -   c_g_ref = 0.009744 1/MPa = 9.744000e-09 1/Pa  (来源: M3 PVT @ (p=76.0, T=141.39))
2026-02-09 23:25:45 - PINNTrainer - INFO -   c_r = 0.0 1/MPa = 0.000000e+00 1/Pa
2026-02-09 23:25:45 - PINNTrainer - INFO -   c_t = c_g + c_r = 9.744000e-09 1/Pa
2026-02-09 23:25:45 - PINNTrainer - INFO -   α_phys = k/(φ·μ·c_t) = 0.669876 m²/s
2026-02-09 23:25:45 - PINNTrainer - INFO -   αx = α_phys·t_max_s·sx = 1.017765
2026-02-09 23:25:45 - PINNTrainer - INFO -   αy = α_phys·t_max_s·sy = 2.546600
2026-02-09 23:25:45 - PINNTrainer - INFO -   near_well_ratio = 0.3
2026-02-09 23:25:45 - PINNTrainer - INFO - ------------------------------------------------------------
2026-02-09 23:25:45 - PINNTrainer - INFO - 敏感性分析 (μ_ref × cg_ref 区间端点):
2026-02-09 23:25:45 - PINNTrainer - INFO -   μ_ref ∈ [0.02, 0.06] mPa·s
2026-02-09 23:25:45 - PINNTrainer - INFO -   cg_ref ∈ [0.008, 0.02] 1/MPa
2026-02-09 23:25:45 - PINNTrainer - INFO -   α_phys ∈ [0.190379, 1.427840] m²/s
2026-02-09 23:25:45 - PINNTrainer - INFO -   αx ∈ [0.289249, 2.169367]
2026-02-09 23:25:45 - PINNTrainer - INFO -   αy ∈ [0.723744, 5.428078]
2026-02-09 23:25:45 - PINNTrainer - INFO - ------------------------------------------------------------
2026-02-09 23:25:45 - PINNTrainer - INFO - 2.5D 厚度场审计:
2026-02-09 23:25:45 - PINNTrainer - INFO -   h_min = 82.70 m, h_max = 93.96 m, h_mean = 89.75 m
2026-02-09 23:25:45 - PINNTrainer - INFO -   log-thickness gradient |gx|_max = 1.2676, |gy|_max = 0.4678
2026-02-09 23:25:45 - PINNTrainer - INFO -   PDE 残差形式: dp/dt_n = αx(d²p/dx_n² + gx·dp/dx_n) + αy(d²p/dy_n² + gy·dp/dy_n)
2026-02-09 23:25:45 - PINNTrainer - INFO - ============================================================
2026-02-09 23:25:45 - PINNTrainer - INFO - PINNTrainer 初始化: device=cuda, lr=0.001, max_steps=8000, batch_size=2048, params=51330
2026-02-09 23:25:45 - PINNTrainer - INFO - ============================================================
2026-02-09 23:25:45 - PINNTrainer - INFO - M4 PINN 基线训练开始
2026-02-09 23:25:45 - PINNTrainer - INFO - ============================================================
2026-02-09 23:25:45 - PINNTrainer - INFO - 训练阶段: A[0-1600] B[1600-4000] C[4000-6400] D[6400-8000]
2026-02-09 23:25:46 - PINNTrainer - INFO - [Step     0/8000] Stage A | Loss: 1.7289e+02 (IC=1.255e+01, BC=9.469e+00, PDE=0.000e+00, Data=0.000e+00) | Sw=[0.1576, 0.7139] | lr=1.00e-03 | 0.3s
2026-02-09 23:25:47 - PINNTrainer - INFO - [Step   100/8000] Stage A | Loss: 3.0314e+00 (IC=2.025e-01, BC=2.013e-01, PDE=0.000e+00, Data=0.000e+00) | Sw=[0.0481, 0.3291] | lr=1.00e-03 | 1.1s
2026-02-09 23:25:47 - PINNTrainer - INFO - [Step   200/8000] Stage A | Loss: 2.3215e-01 (IC=1.639e-02, BC=1.365e-02, PDE=0.000e+00, Data=0.000e+00) | Sw=[0.0419, 0.2968] | lr=9.98e-04 | 1.8s
2026-02-09 23:25:48 - PINNTrainer - INFO - [Step   300/8000] Stage A | Loss: 1.8149e-01 (IC=1.305e-02, BC=1.020e-02, PDE=0.000e+00, Data=0.000e+00) | Sw=[0.0351, 0.2665] | lr=9.97e-04 | 2.4s
2026-02-09 23:25:48 - PINNTrainer - INFO - [Step   400/8000] Stage A | Loss: 5.9991e-01 (IC=4.390e-02, BC=3.218e-02, PDE=0.000e+00, Data=0.000e+00) | Sw=[0.0394, 0.2792] | lr=9.94e-04 | 3.0s
2026-02-09 23:25:49 - PINNTrainer - INFO - [Step   500/8000] Stage A | Loss: 1.7643e-01 (IC=1.141e-02, BC=1.246e-02, PDE=0.000e+00, Data=0.000e+00) | Sw=[0.0661, 0.2667] | lr=9.90e-04 | 3.8s
2026-02-09 23:25:50 - PINNTrainer - INFO - [Step   600/8000] Stage A | Loss: 1.4264e-01 (IC=9.763e-03, BC=9.003e-03, PDE=0.000e+00, Data=0.000e+00) | Sw=[0.1015, 0.2640] | lr=9.86e-04 | 4.4s
2026-02-09 23:25:51 - PINNTrainer - INFO - [Step   700/8000] Stage A | Loss: 1.8518e-01 (IC=1.293e-02, BC=1.118e-02, PDE=0.000e+00, Data=0.000e+00) | Sw=[0.0772, 0.2679] | lr=9.81e-04 | 5.1s
2026-02-09 23:25:51 - PINNTrainer - INFO - [Step   800/8000] Stage A | Loss: 2.2859e-01 (IC=1.638e-02, BC=1.296e-02, PDE=0.000e+00, Data=0.000e+00) | Sw=[0.0461, 0.2693] | lr=9.76e-04 | 5.7s
2026-02-09 23:25:52 - PINNTrainer - INFO - [Step   900/8000] Stage A | Loss: 6.3860e-02 (IC=3.815e-03, BC=5.142e-03, PDE=0.000e+00, Data=0.000e+00) | Sw=[0.0830, 0.2670] | lr=9.69e-04 | 6.3s
2026-02-09 23:25:52 - PINNTrainer - INFO - [Step  1000/8000] Stage A | Loss: 5.6531e-02 (IC=4.322e-03, BC=2.663e-03, PDE=0.000e+00, Data=0.000e+00) | Sw=[0.1432, 0.2638] | lr=9.62e-04 | 7.0s
2026-02-09 23:25:53 - PINNTrainer - INFO - [Step  1100/8000] Stage A | Loss: 1.2148e-01 (IC=7.941e-03, BC=8.415e-03, PDE=0.000e+00, Data=0.000e+00) | Sw=[0.0358, 0.2645] | lr=9.54e-04 | 7.6s
2026-02-09 23:25:54 - PINNTrainer - INFO - [Step  1200/8000] Stage A | Loss: 5.7483e-02 (IC=4.486e-03, BC=2.525e-03, PDE=0.000e+00, Data=0.000e+00) | Sw=[0.0701, 0.2653] | lr=9.46e-04 | 8.2s
2026-02-09 23:25:54 - PINNTrainer - INFO - [Step  1300/8000] Stage A | Loss: 5.7103e-02 (IC=3.624e-03, BC=4.173e-03, PDE=0.000e+00, Data=0.000e+00) | Sw=[0.0642, 0.2640] | lr=9.37e-04 | 8.8s
2026-02-09 23:25:55 - PINNTrainer - INFO - [Step  1400/8000] Stage A | Loss: 4.6899e-02 (IC=3.000e-03, BC=3.380e-03, PDE=0.000e+00, Data=0.000e+00) | Sw=[0.0875, 0.2637] | lr=9.27e-04 | 9.5s
2026-02-09 23:25:56 - PINNTrainer - INFO - [Step  1500/8000] Stage A | Loss: 5.3363e-02 (IC=3.475e-03, BC=3.723e-03, PDE=0.000e+00, Data=0.000e+00) | Sw=[0.0551, 0.2627] | lr=9.16e-04 | 10.2s
2026-02-09 23:25:56 - PINNTrainer - INFO - [Step  1600/8000] Stage B | Loss: 2.4680e-02 (IC=3.018e-03, BC=3.197e-03, PDE=0.000e+00, Data=0.000e+00) | Sw=[0.1882, 0.2645] | lr=9.05e-04 | 10.8s
2026-02-09 23:26:00 - PINNTrainer - INFO - [Step  1700/8000] Stage B | Loss: 1.7103e-01 (IC=1.930e-02, BC=2.389e-02, PDE=6.846e-02, Data=0.000e+00) | Sw=[0.2451, 0.2688] | lr=8.94e-04 | 14.1s
2026-02-09 23:26:03 - PINNTrainer - INFO - [Step  1800/8000] Stage B | Loss: 1.2547e-01 (IC=1.553e-02, BC=1.562e-02, PDE=1.143e-02, Data=0.000e+00) | Sw=[0.2448, 0.2716] | lr=8.81e-04 | 17.3s
2026-02-09 23:26:06 - PINNTrainer - INFO - [Step  1900/8000] Stage B | Loss: 3.7492e-02 (IC=5.592e-03, BC=2.876e-03, PDE=7.216e-03, Data=0.000e+00) | Sw=[0.2446, 0.2679] | lr=8.68e-04 | 20.6s
2026-02-09 23:26:09 - PINNTrainer - INFO - [Step  2000/8000] Stage B | Loss: 3.1600e-02 (IC=3.917e-03, BC=3.906e-03, PDE=1.769e-03, Data=0.000e+00) | Sw=[0.2485, 0.2680] | lr=8.55e-04 | 23.8s
2026-02-09 23:26:12 - PINNTrainer - INFO - [Step  2100/8000] Stage B | Loss: 8.9807e-02 (IC=9.683e-03, BC=1.340e-02, PDE=5.651e-03, Data=0.000e+00) | Sw=[0.2489, 0.2657] | lr=8.41e-04 | 26.9s
2026-02-09 23:26:16 - PINNTrainer - INFO - [Step  2200/8000] Stage B | Loss: 3.0448e-02 (IC=3.730e-03, BC=3.876e-03, PDE=6.909e-04, Data=0.000e+00) | Sw=[0.2502, 0.2647] | lr=8.26e-04 | 30.2s
2026-02-09 23:26:19 - PINNTrainer - INFO - [Step  2300/8000] Stage B | Loss: 3.0535e-02 (IC=3.773e-03, BC=3.792e-03, PDE=1.004e-03, Data=0.000e+00) | Sw=[0.2518, 0.2647] | lr=8.11e-04 | 33.4s
2026-02-09 23:26:23 - PINNTrainer - INFO - [Step  2400/8000] Stage B | Loss: 6.0457e-02 (IC=7.185e-03, BC=8.072e-03, PDE=9.561e-04, Data=0.000e+00) | Sw=[0.2506, 0.2638] | lr=7.96e-04 | 37.1s
2026-02-09 23:26:26 - PINNTrainer - INFO - [Step  2500/8000] Stage B | Loss: 2.2137e-02 (IC=2.934e-03, BC=2.380e-03, PDE=8.723e-04, Data=0.000e+00) | Sw=[0.2524, 0.2631] | lr=7.80e-04 | 40.8s
2026-02-09 23:26:30 - PINNTrainer - INFO - [Step  2600/8000] Stage B | Loss: 3.1393e-02 (IC=3.909e-03, BC=3.906e-03, PDE=3.069e-04, Data=0.000e+00) | Sw=[0.2532, 0.2646] | lr=7.63e-04 | 44.5s
2026-02-09 23:26:33 - PINNTrainer - INFO - [Step  2700/8000] Stage B | Loss: 3.1405e-02 (IC=3.909e-03, BC=3.906e-03, PDE=3.046e-04, Data=0.000e+00) | Sw=[0.2517, 0.2623] | lr=7.47e-04 | 47.9s
2026-02-09 23:26:37 - PINNTrainer - INFO - [Step  2800/8000] Stage B | Loss: 9.9364e-02 (IC=1.119e-02, BC=1.437e-02, PDE=6.551e-04, Data=0.000e+00) | Sw=[0.2537, 0.2631] | lr=7.30e-04 | 51.2s
2026-02-09 23:26:40 - PINNTrainer - INFO - [Step  2900/8000] Stage B | Loss: 2.1034e-05 (IC=1.092e-06, BC=0.000e+00, PDE=2.876e-05, Data=0.000e+00) | Sw=[0.2540, 0.2624] | lr=7.12e-04 | 54.9s
2026-02-09 23:26:44 - PINNTrainer - INFO - [Step  3000/8000] Stage B | Loss: 1.3433e-05 (IC=8.302e-07, BC=0.000e+00, PDE=1.591e-05, Data=0.000e+00) | Sw=[0.2543, 0.2620] | lr=6.94e-04 | 58.5s
2026-02-09 23:26:48 - PINNTrainer - INFO - [Step  3100/8000] Stage B | Loss: 1.0682e-05 (IC=7.467e-07, BC=0.000e+00, PDE=1.112e-05, Data=0.000e+00) | Sw=[0.2543, 0.2619] | lr=6.76e-04 | 62.0s
2026-02-09 23:26:51 - PINNTrainer - INFO - [Step  3200/8000] Stage B | Loss: 1.0761e-05 (IC=6.622e-07, BC=0.000e+00, PDE=1.117e-05, Data=0.000e+00) | Sw=[0.2547, 0.2619] | lr=6.58e-04 | 65.3s
2026-02-09 23:26:55 - PINNTrainer - INFO - [Step  3300/8000] Stage B | Loss: 8.4950e-06 (IC=5.853e-07, BC=0.000e+00, PDE=7.861e-06, Data=0.000e+00) | Sw=[0.2546, 0.2616] | lr=6.39e-04 | 69.2s
2026-02-09 23:26:58 - PINNTrainer - INFO - [Step  3400/8000] Stage B | Loss: 9.7913e-06 (IC=4.808e-07, BC=0.000e+00, PDE=9.850e-06, Data=0.000e+00) | Sw=[0.2552, 0.2617] | lr=6.20e-04 | 72.8s
2026-02-09 23:27:02 - PINNTrainer - INFO - [Step  3500/8000] Stage B | Loss: 7.6808e-06 (IC=4.767e-07, BC=0.000e+00, PDE=6.691e-06, Data=0.000e+00) | Sw=[0.2553, 0.2616] | lr=6.01e-04 | 76.4s
2026-02-09 23:27:05 - PINNTrainer - INFO - [Step  3600/8000] Stage B | Loss: 7.4799e-06 (IC=3.933e-07, BC=0.000e+00, PDE=6.616e-06, Data=0.000e+00) | Sw=[0.2552, 0.2615] | lr=5.82e-04 | 79.7s
2026-02-09 23:27:09 - PINNTrainer - INFO - [Step  3700/8000] Stage B | Loss: 6.9632e-06 (IC=3.476e-07, BC=0.000e+00, PDE=5.972e-06, Data=0.000e+00) | Sw=[0.2554, 0.2616] | lr=5.63e-04 | 83.1s
2026-02-09 23:27:12 - PINNTrainer - INFO - [Step  3800/8000] Stage B | Loss: 6.3611e-06 (IC=3.331e-07, BC=0.000e+00, PDE=5.123e-06, Data=0.000e+00) | Sw=[0.2554, 0.2613] | lr=5.44e-04 | 86.4s
2026-02-09 23:27:15 - PINNTrainer - INFO - [Step  3900/8000] Stage B | Loss: 6.0935e-06 (IC=2.639e-07, BC=0.000e+00, PDE=4.981e-06, Data=0.000e+00) | Sw=[0.2556, 0.2616] | lr=5.24e-04 | 89.7s
2026-02-09 23:27:19 - PINNTrainer - INFO - [Step  4000/8000] Stage C | Loss: 4.9710e-06 (IC=3.122e-07, BC=0.000e+00, PDE=4.034e-06, Data=0.000e+00) | Sw=[0.2555, 0.2612] | lr=5.05e-04 | 93.0s
2026-02-09 23:27:22 - PINNTrainer - INFO - [Step  4100/8000] Stage C | Loss: 5.5136e+01 (IC=2.583e-01, BC=1.643e+00, PDE=2.678e+00, Data=2.323e+02) | Sw=[0.2555, 0.3642] | lr=4.85e-04 | 96.5s
2026-02-09 23:27:25 - PINNTrainer - INFO - [Step  4200/8000] Stage C | Loss: 8.0337e+01 (IC=3.658e-01, BC=1.468e+00, PDE=5.125e+00, Data=1.708e+02) | Sw=[0.2398, 0.3759] | lr=4.66e-04 | 100.0s
2026-02-09 23:27:29 - PINNTrainer - INFO - [Step  4300/8000] Stage C | Loss: 1.1809e+02 (IC=7.859e-01, BC=2.132e+00, PDE=1.963e+01, Data=1.469e+02) | Sw=[0.2076, 0.4320] | lr=4.47e-04 | 103.4s
2026-02-09 23:27:32 - PINNTrainer - INFO - [Step  4400/8000] Stage C | Loss: 1.4334e+02 (IC=1.525e+00, BC=3.765e+00, PDE=1.264e+01, Data=1.423e+02) | Sw=[0.1165, 0.4428] | lr=4.27e-04 | 107.0s
2026-02-09 23:27:36 - PINNTrainer - INFO - [Step  4500/8000] Stage C | Loss: 1.7051e+02 (IC=8.797e-01, BC=3.433e+00, PDE=1.541e+01, Data=1.398e+02) | Sw=[0.1556, 0.3870] | lr=4.08e-04 | 110.5s
2026-02-09 23:27:39 - PINNTrainer - INFO - [Step  4600/8000] Stage C | Loss: 2.0357e+02 (IC=9.622e-01, BC=4.709e+00, PDE=2.744e+01, Data=1.311e+02) | Sw=[0.1799, 0.5378] | lr=3.89e-04 | 113.9s
2026-02-09 23:27:43 - PINNTrainer - INFO - [Step  4700/8000] Stage C | Loss: 2.3793e+02 (IC=2.092e+00, BC=6.735e+00, PDE=3.790e+01, Data=1.236e+02) | Sw=[0.1830, 0.6187] | lr=3.70e-04 | 117.8s
2026-02-09 23:27:48 - PINNTrainer - INFO - [Step  4800/8000] Stage C | Loss: 2.4861e+02 (IC=2.671e+00, BC=8.068e+00, PDE=1.807e+01, Data=1.238e+02) | Sw=[0.1266, 0.5257] | lr=3.52e-04 | 122.2s
2026-02-09 23:27:52 - PINNTrainer - INFO - [Step  4900/8000] Stage C | Loss: 2.7774e+02 (IC=3.566e+00, BC=8.897e+00, PDE=1.793e+01, Data=1.234e+02) | Sw=[0.1729, 0.6018] | lr=3.33e-04 | 126.1s
2026-02-09 23:27:55 - PINNTrainer - INFO - [Step  5000/8000] Stage C | Loss: 3.3494e+02 (IC=2.138e+00, BC=6.489e+00, PDE=6.242e+01, Data=1.215e+02) | Sw=[0.1260, 0.7083] | lr=3.15e-04 | 129.8s
2026-02-09 23:27:59 - PINNTrainer - INFO - [Step  5100/8000] Stage C | Loss: 3.2789e+02 (IC=3.570e+00, BC=9.303e+00, PDE=2.790e+01, Data=1.181e+02) | Sw=[0.1307, 0.6280] | lr=2.98e-04 | 133.7s
2026-02-09 23:28:03 - PINNTrainer - INFO - [Step  5200/8000] Stage C | Loss: 3.4636e+02 (IC=3.464e+00, BC=8.189e+00, PDE=2.871e+01, Data=1.164e+02) | Sw=[0.1507, 0.6955] | lr=2.80e-04 | 137.2s
2026-02-09 23:28:06 - PINNTrainer - INFO - [Step  5300/8000] Stage C | Loss: 3.7914e+02 (IC=3.181e+00, BC=1.020e+01, PDE=3.410e+01, Data=1.163e+02) | Sw=[0.1619, 0.6470] | lr=2.63e-04 | 140.8s
2026-02-09 23:28:10 - PINNTrainer - INFO - [Step  5400/8000] Stage C | Loss: 4.1445e+02 (IC=1.937e+00, BC=4.901e+00, PDE=5.070e+01, Data=1.194e+02) | Sw=[0.1103, 0.5466] | lr=2.46e-04 | 144.6s
2026-02-09 23:28:14 - PINNTrainer - INFO - [Step  5500/8000] Stage C | Loss: 4.1728e+02 (IC=4.940e+00, BC=9.373e+00, PDE=2.098e+01, Data=1.161e+02) | Sw=[0.1746, 0.5571] | lr=2.30e-04 | 148.4s
2026-02-09 23:28:17 - PINNTrainer - INFO - [Step  5600/8000] Stage C | Loss: 4.4788e+02 (IC=5.227e+00, BC=9.547e+00, PDE=3.895e+01, Data=1.122e+02) | Sw=[0.1782, 0.6621] | lr=2.14e-04 | 151.8s
2026-02-09 23:28:21 - PINNTrainer - INFO - [Step  5700/8000] Stage C | Loss: 4.6186e+02 (IC=5.986e+00, BC=8.250e+00, PDE=3.905e+01, Data=1.097e+02) | Sw=[0.1183, 0.4202] | lr=1.98e-04 | 155.1s
2026-02-09 23:28:24 - PINNTrainer - INFO - [Step  5800/8000] Stage C | Loss: 4.9345e+02 (IC=6.756e+00, BC=1.178e+01, PDE=2.995e+01, Data=1.119e+02) | Sw=[0.1868, 0.4753] | lr=1.83e-04 | 158.5s
2026-02-09 23:28:27 - PINNTrainer - INFO - [Step  5900/8000] Stage C | Loss: 4.9986e+02 (IC=4.824e+00, BC=8.737e+00, PDE=2.747e+01, Data=1.113e+02) | Sw=[0.1986, 0.7135] | lr=1.69e-04 | 161.9s
2026-02-09 23:28:31 - PINNTrainer - INFO - [Step  6000/8000] Stage C | Loss: 5.3190e+02 (IC=5.835e+00, BC=1.061e+01, PDE=3.503e+01, Data=1.100e+02) | Sw=[0.1253, 0.4977] | lr=1.55e-04 | 165.5s
2026-02-09 23:28:35 - PINNTrainer - INFO - [Step  6100/8000] Stage C | Loss: 5.4956e+02 (IC=6.342e+00, BC=9.008e+00, PDE=3.480e+01, Data=1.092e+02) | Sw=[0.1897, 0.7611] | lr=1.41e-04 | 169.3s
2026-02-09 23:28:39 - PINNTrainer - INFO - [Step  6200/8000] Stage C | Loss: 5.7323e+02 (IC=7.367e+00, BC=1.396e+01, PDE=2.704e+01, Data=1.083e+02) | Sw=[0.2020, 0.7793] | lr=1.28e-04 | 173.8s
2026-02-09 23:28:44 - PINNTrainer - INFO - [Step  6300/8000] Stage C | Loss: 6.1372e+02 (IC=5.811e+00, BC=7.849e+00, PDE=6.224e+01, Data=1.082e+02) | Sw=[0.0796, 0.5663] | lr=1.16e-04 | 178.4s
2026-02-09 23:28:48 - PINNTrainer - INFO - [Step  6400/8000] Stage D | Loss: 5.9384e+02 (IC=7.435e+00, BC=9.465e+00, PDE=3.386e+01, Data=1.071e+02) | Sw=[0.1862, 0.4907] | lr=1.04e-04 | 182.7s
2026-02-09 23:28:53 - PINNTrainer - INFO - [Step  6500/8000] Stage D | Loss: 6.0259e+02 (IC=1.147e+01, BC=1.609e+01, PDE=4.106e+01, Data=1.045e+02) | Sw=[0.1815, 0.7601] | lr=9.33e-05 | 187.1s
2026-02-09 23:28:57 - PINNTrainer - INFO - [Step  6600/8000] Stage D | Loss: 5.8988e+02 (IC=1.105e+01, BC=1.473e+01, PDE=2.731e+01, Data=1.051e+02) | Sw=[0.2028, 0.8007] | lr=8.28e-05 | 191.5s
2026-02-09 23:29:02 - PINNTrainer - INFO - [Step  6700/8000] Stage D | Loss: 5.8820e+02 (IC=1.071e+01, BC=1.609e+01, PDE=2.877e+01, Data=1.044e+02) | Sw=[0.0935, 0.6960] | lr=7.30e-05 | 196.2s
2026-02-09 23:29:06 - PINNTrainer - INFO - [Step  6800/8000] Stage D | Loss: 5.8285e+02 (IC=1.042e+01, BC=1.498e+01, PDE=2.635e+01, Data=1.041e+02) | Sw=[0.1504, 0.7308] | lr=6.39e-05 | 200.0s
2026-02-09 23:29:09 - PINNTrainer - INFO - [Step  6900/8000] Stage D | Loss: 5.8587e+02 (IC=1.201e+01, BC=1.715e+01, PDE=2.573e+01, Data=1.038e+02) | Sw=[0.1501, 0.7784] | lr=5.54e-05 | 203.6s
2026-02-09 23:29:12 - PINNTrainer - INFO - [Step  7000/8000] Stage D | Loss: 5.8813e+02 (IC=1.071e+01, BC=1.745e+01, PDE=2.888e+01, Data=1.041e+02) | Sw=[0.0944, 0.7693] | lr=4.76e-05 | 206.9s
2026-02-09 23:29:16 - PINNTrainer - INFO - [Step  7100/8000] Stage D | Loss: 5.9111e+02 (IC=1.141e+01, BC=1.495e+01, PDE=3.373e+01, Data=1.039e+02) | Sw=[0.1469, 0.6027] | lr=4.05e-05 | 210.2s
2026-02-09 23:29:19 - PINNTrainer - INFO - [Step  7200/8000] Stage D | Loss: 5.8408e+02 (IC=1.114e+01, BC=1.598e+01, PDE=2.615e+01, Data=1.039e+02) | Sw=[0.1591, 0.7107] | lr=3.42e-05 | 213.5s
2026-02-09 23:29:22 - PINNTrainer - INFO - [Step  7300/8000] Stage D | Loss: 5.8489e+02 (IC=1.222e+01, BC=1.666e+01, PDE=2.467e+01, Data=1.038e+02) | Sw=[0.1611, 0.7464] | lr=2.85e-05 | 216.8s
2026-02-09 23:29:26 - PINNTrainer - INFO - [Step  7400/8000] Stage D | Loss: 5.8444e+02 (IC=1.077e+01, BC=1.495e+01, PDE=2.964e+01, Data=1.037e+02) | Sw=[0.1793, 0.6472] | lr=2.36e-05 | 220.8s
2026-02-09 23:29:30 - PINNTrainer - INFO - [Step  7500/8000] Stage D | Loss: 5.8854e+02 (IC=1.201e+01, BC=1.670e+01, PDE=2.910e+01, Data=1.037e+02) | Sw=[0.1471, 0.7005] | lr=1.95e-05 | 224.6s
2026-02-09 23:29:34 - PINNTrainer - INFO - [Step  7600/8000] Stage D | Loss: 5.8530e+02 (IC=1.088e+01, BC=1.694e+01, PDE=2.761e+01, Data=1.038e+02) | Sw=[0.1828, 0.5427] | lr=1.61e-05 | 228.2s
2026-02-09 23:29:37 - PINNTrainer - INFO - [Step  7700/8000] Stage D | Loss: 5.8528e+02 (IC=1.120e+01, BC=1.581e+01, PDE=2.937e+01, Data=1.035e+02) | Sw=[0.1340, 0.7557] | lr=1.34e-05 | 231.8s
2026-02-09 23:29:41 - PINNTrainer - INFO - [Step  7800/8000] Stage D | Loss: 5.8017e+02 (IC=1.115e+01, BC=1.520e+01, PDE=2.410e+01, Data=1.037e+02) | Sw=[0.1671, 0.7474] | lr=1.15e-05 | 235.6s
2026-02-09 23:29:45 - PINNTrainer - INFO - [Step  7900/8000] Stage D | Loss: 5.7983e+02 (IC=1.045e+01, BC=1.578e+01, PDE=2.524e+01, Data=1.036e+02) | Sw=[0.1543, 0.5790] | lr=1.04e-05 | 239.6s
2026-02-09 23:29:49 - PINNTrainer - INFO - [Step  7999/8000] Stage D | Loss: 5.8885e+02 (IC=1.176e+01, BC=1.645e+01, PDE=3.019e+01, Data=1.037e+02) | Sw=[0.1748, 0.7976] | lr=1.00e-05 | 243.5s
2026-02-09 23:29:49 - PINNTrainer - INFO - 
训练完成! 总耗时: 243.5s, 最佳损失: 4.8628e-06
2026-02-09 23:29:49 - PINNTrainer - INFO - 生成训练曲线图...
2026-02-09 23:29:50 - PINNTrainer - INFO - 训练曲线图已保存: C:\Users\16281\Desktop\cpedc_project\outputs\mk_pinn_dt_v2\M4_training_history.png
2026-02-09 23:29:50 - PINNTrainer - INFO - 生成 SY9 压力对比图...
2026-02-09 23:29:50 - PINNTrainer - INFO - 压力对比图已保存: C:\Users\16281\Desktop\cpedc_project\outputs\mk_pinn_dt_v2\M4_pressure_comparison.png
