2026-02-14 16:00:14 - PINNTrainer - INFO -   CUDA: deterministic 模式（cudnn.benchmark=False）
2026-02-14 16:00:15 - PINNTrainer - INFO -   Mixed Precision (AMP) 已启用
2026-02-14 16:00:15 - PINNTrainer - INFO -   学习率: warmup 1000 步, 然后 Cosine 至 min_lr=1e-06
2026-02-14 16:00:15 - PINNTrainer - INFO -   SY9 数据锚点: 1025 条
2026-02-14 16:00:15 - PINNTrainer - INFO -   M3 PVT 查询 cg(76.0 MPa, 141.39 ℃) = 0.009744 1/MPa → 覆盖先验 0.0130
2026-02-14 16:00:15 - PINNTrainer - INFO - ============================================================
2026-02-14 16:00:15 - PINNTrainer - INFO - PDE 物理缩放参数（诊断参数）
2026-02-14 16:00:15 - PINNTrainer - INFO - ============================================================
2026-02-14 16:00:15 - PINNTrainer - INFO -   域: Δx = 17400 m, Δy = 11000 m, t_max = 1331 d = 114998400 s
2026-02-14 16:00:15 - PINNTrainer - INFO -   sx = (2/Δx)² = 1.321178e-08 1/m², sy = (2/Δy)² = 3.305785e-08 1/m²
2026-02-14 16:00:15 - PINNTrainer - INFO -   p_ref = 76.0 MPa, T_ref = 141.39 ℃
2026-02-14 16:00:15 - PINNTrainer - INFO -   k = 0.146 mD = 1.440908e-16 m²
2026-02-14 16:00:15 - PINNTrainer - INFO -   φ = 0.0216
2026-02-14 16:00:15 - PINNTrainer - INFO -   μ_ref = 0.035 mPa·s = 3.500000e-05 Pa·s
2026-02-14 16:00:15 - PINNTrainer - INFO -   c_g_ref = 0.009744 1/MPa = 9.744000e-09 1/Pa  (来源: M3 PVT @ (p=76.0, T=141.39))
2026-02-14 16:00:15 - PINNTrainer - INFO -   c_r = 0.0 1/MPa = 0.000000e+00 1/Pa
2026-02-14 16:00:15 - PINNTrainer - INFO -   c_t = c_g + c_r = 9.744000e-09 1/Pa
2026-02-14 16:00:15 - PINNTrainer - INFO -   α_phys = k/(φ·μ·c_t) = 0.019560 m²/s
2026-02-14 16:00:15 - PINNTrainer - INFO -   αx = α_phys·t_max_s·sx = 0.029719
2026-02-14 16:00:15 - PINNTrainer - INFO -   αy = α_phys·t_max_s·sy = 0.074361
2026-02-14 16:00:15 - PINNTrainer - INFO -   near_well_ratio = 0.3
2026-02-14 16:00:15 - PINNTrainer - INFO - ------------------------------------------------------------
2026-02-14 16:00:15 - PINNTrainer - INFO - 敏感性分析 (μ_ref × cg_ref 区间端点):
2026-02-14 16:00:15 - PINNTrainer - INFO -   μ_ref ∈ [0.02, 0.06] mPa·s
2026-02-14 16:00:15 - PINNTrainer - INFO -   cg_ref ∈ [0.008, 0.02] 1/MPa
2026-02-14 16:00:15 - PINNTrainer - INFO -   α_phys ∈ [0.005559, 0.041693] m²/s
2026-02-14 16:00:15 - PINNTrainer - INFO -   αx ∈ [0.008446, 0.063346]
2026-02-14 16:00:15 - PINNTrainer - INFO -   αy ∈ [0.021133, 0.158500]
2026-02-14 16:00:15 - PINNTrainer - INFO - ------------------------------------------------------------
2026-02-14 16:00:15 - PINNTrainer - INFO - 2.5D 厚度场审计:
2026-02-14 16:00:15 - PINNTrainer - INFO -   h_min = nan m, h_max = nan m, h_mean = nan m
2026-02-14 16:00:15 - PINNTrainer - INFO -   log-thickness gradient |gx|_max = nan, |gy|_max = nan
2026-02-14 16:00:15 - PINNTrainer - INFO -   PDE 残差形式: dp/dt_n = αx(d²p/dx_n² + gx·dp/dx_n) + αy(d²p/dy_n² + gy·dp/dy_n)
2026-02-14 16:00:15 - PINNTrainer - INFO - ============================================================
2026-02-14 16:00:15 - PINNTrainer - INFO - PINNTrainer 初始化: device=cuda, lr=0.001, max_steps=50000, batch_size=4096, params=416258
2026-02-14 16:00:15 - PINNTrainer - INFO - ============================================================
2026-02-14 16:00:15 - PINNTrainer - INFO - M4 PINN 基线训练开始
2026-02-14 16:00:15 - PINNTrainer - INFO - ============================================================
2026-02-14 16:00:15 - PINNTrainer - INFO - 训练阶段: A[0-5000] B[5000-17500] C[17500-35000] D[35000-50000]
2026-02-14 16:00:16 - PINNTrainer - INFO - [Step     0/50000] Stage A | Loss: nan (IC=1.000e+00, BC=1.000e+00, PDE=nan, Data=3.111e+01, sw_phys=0.000e+00) | Sw=[0.2600, 0.2600] | lr=1.10e-05 | 0.5s
2026-02-14 16:00:24 - PINNTrainer - INFO - [Step   100/50000] Stage A | Loss: nan (IC=1.000e+00, BC=1.000e+00, PDE=nan, Data=3.111e+01, sw_phys=0.000e+00) | Sw=[0.2600, 0.2600] | lr=1.10e-04 | 9.1s
2026-02-14 16:00:33 - PINNTrainer - INFO - [Step   200/50000] Stage A | Loss: nan (IC=1.000e+00, BC=1.000e+00, PDE=nan, Data=3.111e+01, sw_phys=0.000e+00) | Sw=[0.2600, 0.2600] | lr=2.09e-04 | 17.4s
2026-02-14 16:00:41 - PINNTrainer - INFO - [Step   300/50000] Stage A | Loss: nan (IC=1.000e+00, BC=1.000e+00, PDE=nan, Data=3.111e+01, sw_phys=0.000e+00) | Sw=[0.2600, 0.2600] | lr=3.08e-04 | 25.8s
2026-02-14 16:00:50 - PINNTrainer - INFO - [Step   400/50000] Stage A | Loss: nan (IC=1.000e+00, BC=1.000e+00, PDE=nan, Data=3.111e+01, sw_phys=0.000e+00) | Sw=[0.2600, 0.2600] | lr=4.07e-04 | 34.8s
