2026-02-23 05:40:18 - PINNSampler - INFO -   生产数据时间范围: 0 ~ 1331 天, 共 1332 条记录
2026-02-23 05:40:19 - PINNSampler - INFO -   厚度场: h ∈ [82.7, 93.9] m, mean=89.6 m, nan_ratio=0.5089, 网格=23124 点
2026-02-23 05:40:19 - PINNSampler - INFO -   配点处: h ∈ [82.7, 93.9] m, |gx|_max=0.3074, |gy|_max=0.4088
2026-02-23 05:40:19 - PINNSampler - INFO - PINNSampler 初始化完成: x=[18537918, 18555318], y=[3346342, 3357342], t=[0, 1331] days, 域内点=3259, 边界点=69
2026-02-23 05:40:20 - PINNSampler - INFO -   SY9 压力观测: total_points=1332, valid_points=1025, nan_ratio=0.2305
2026-02-23 05:40:20 - PINNSampler - INFO -   最长缺失段: 2015-11-04 ~ 2016-09-01, length_days=303
2026-02-23 05:40:20 - PINNSampler - INFO -   井 SY9: 1332 条有效数据, p=[nan, nan] MPa
2026-02-23 07:45:12 - PINNSampler - INFO -   SY9 压力观测: total_points=1332, valid_points=1025, nan_ratio=0.2305
2026-02-23 07:45:12 - PINNSampler - INFO -   最长缺失段: 2015-11-04 ~ 2016-09-01, length_days=303
2026-02-23 07:45:12 - PINNSampler - INFO -   井 SY9: 1332 条有效数据, p=[nan, nan] MPa
2026-02-23 09:52:06 - PINNSampler - INFO -   SY9 压力观测: total_points=1332, valid_points=1025, nan_ratio=0.2305
2026-02-23 09:52:06 - PINNSampler - INFO -   最长缺失段: 2015-11-04 ~ 2016-09-01, length_days=303
2026-02-23 09:52:06 - PINNSampler - INFO -   井 SY9: 1332 条有效数据, p=[nan, nan] MPa
2026-02-23 12:02:10 - PINNSampler - INFO -   SY9 压力观测: total_points=1332, valid_points=1025, nan_ratio=0.2305
2026-02-23 12:02:10 - PINNSampler - INFO -   最长缺失段: 2015-11-04 ~ 2016-09-01, length_days=303
2026-02-23 12:02:10 - PINNSampler - INFO -   井 SY9: 1332 条有效数据, p=[nan, nan] MPa
2026-02-23 14:06:05 - PINNSampler - INFO -   SY9 压力观测: total_points=1332, valid_points=1025, nan_ratio=0.2305
2026-02-23 14:06:05 - PINNSampler - INFO -   最长缺失段: 2015-11-04 ~ 2016-09-01, length_days=303
2026-02-23 14:06:05 - PINNSampler - INFO -   井 SY9: 1332 条有效数据, p=[nan, nan] MPa
2026-02-23 16:06:59 - PINNSampler - INFO -   生产数据时间范围: 0 ~ 1331 天, 共 1332 条记录
2026-02-23 16:07:00 - PINNSampler - INFO -   厚度场: h ∈ [82.7, 93.9] m, mean=89.6 m, nan_ratio=0.5089, 网格=23124 点
2026-02-23 16:07:00 - PINNSampler - INFO -   配点处: h ∈ [82.7, 93.9] m, |gx|_max=0.3074, |gy|_max=0.4088
2026-02-23 16:07:00 - PINNSampler - INFO - PINNSampler 初始化完成: x=[18537918, 18555318], y=[3346342, 3357342], t=[0, 1331] days, 域内点=3259, 边界点=69
2026-02-23 16:07:00 - PINNSampler - INFO -   SY9 压力观测: total_points=1332, valid_points=1025, nan_ratio=0.2305
2026-02-23 16:07:00 - PINNSampler - INFO -   最长缺失段: 2015-11-04 ~ 2016-09-01, length_days=303
2026-02-23 16:07:00 - PINNSampler - INFO -   井 SY9: 1332 条有效数据, p=[nan, nan] MPa
