2026-02-09 19:26:40 - PINNTrainer - INFO -   CUDA: cudnn.benchmark = True
2026-02-09 19:26:40 - PINNTrainer - INFO -   Mixed Precision (AMP) 已启用
2026-02-09 19:26:41 - PINNTrainer - INFO -   SY9 数据锚点: 1025 条
2026-02-09 19:26:41 - PINNTrainer - INFO - PINNTrainer 初始化: device=cuda, lr=0.001, max_steps=8000, batch_size=2048, params=51330
2026-02-09 19:26:41 - PINNTrainer - INFO - ============================================================
2026-02-09 19:26:41 - PINNTrainer - INFO - M4 PINN 基线训练开始
2026-02-09 19:26:41 - PINNTrainer - INFO - ============================================================
2026-02-09 19:26:42 - PINNTrainer - INFO - [Step     0/8000] Stage A | Loss: 7.9277e+01 (IC=6.132e+00, BC=3.591e+00, PDE=0.000e+00, Data=0.000e+00) | Sw=[0.1452, 0.8906] | lr=1.00e-03 | 0.3s
2026-02-09 19:26:43 - PINNTrainer - INFO - [Step   200/8000] Stage A | Loss: 6.3495e-01 (IC=4.027e-02, BC=4.644e-02, PDE=0.000e+00, Data=0.000e+00) | Sw=[0.1313, 0.4080] | lr=9.98e-04 | 1.4s
2026-02-09 19:26:44 - PINNTrainer - INFO - [Step   400/8000] Stage A | Loss: 1.8371e-01 (IC=1.204e-02, BC=1.266e-02, PDE=0.000e+00, Data=0.000e+00) | Sw=[0.1651, 0.3454] | lr=9.94e-04 | 2.4s
2026-02-09 19:26:45 - PINNTrainer - INFO - [Step   600/8000] Stage A | Loss: 1.8074e-01 (IC=1.160e-02, BC=1.294e-02, PDE=0.000e+00, Data=0.000e+00) | Sw=[0.1405, 0.3222] | lr=9.86e-04 | 3.4s
2026-02-09 19:26:46 - PINNTrainer - INFO - [Step   800/8000] Stage A | Loss: 2.1479e+00 (IC=1.430e-01, BC=1.436e-01, PDE=0.000e+00, Data=0.000e+00) | Sw=[0.0764, 0.2925] | lr=9.76e-04 | 4.4s
2026-02-09 19:26:47 - PINNTrainer - INFO - [Step  1000/8000] Stage A | Loss: 2.1262e-01 (IC=1.478e-02, BC=1.295e-02, PDE=0.000e+00, Data=0.000e+00) | Sw=[0.1193, 0.2833] | lr=9.62e-04 | 5.4s
2026-02-09 19:26:48 - PINNTrainer - INFO - [Step  1200/8000] Stage A | Loss: 2.9439e-01 (IC=1.998e-02, BC=1.892e-02, PDE=0.000e+00, Data=0.000e+00) | Sw=[0.0578, 0.2749] | lr=9.46e-04 | 6.4s
2026-02-09 19:26:49 - PINNTrainer - INFO - [Step  1400/8000] Stage A | Loss: 8.0030e-02 (IC=5.253e-03, BC=5.501e-03, PDE=0.000e+00, Data=0.000e+00) | Sw=[0.0888, 0.2733] | lr=9.27e-04 | 7.4s
2026-02-09 19:26:50 - PINNTrainer - INFO - [Step  1600/8000] Stage B | Loss: 4.1089e-02 (IC=5.352e-03, BC=4.776e-03, PDE=0.000e+00, Data=0.000e+00) | Sw=[0.1208, 0.2693] | lr=9.05e-04 | 8.3s
2026-02-09 19:26:55 - PINNTrainer - INFO - [Step  1800/8000] Stage B | Loss: 5.0783e-02 (IC=6.549e-03, BC=5.449e-03, PDE=2.028e-02, Data=0.000e+00) | Sw=[0.2426, 0.2720] | lr=8.81e-04 | 14.0s
2026-02-09 19:27:01 - PINNTrainer - INFO - [Step  2000/8000] Stage B | Loss: 3.4109e-02 (IC=2.238e-03, BC=4.737e-03, PDE=5.227e-02, Data=0.000e+00) | Sw=[0.2500, 0.2770] | lr=8.55e-04 | 20.1s
2026-02-09 19:27:07 - PINNTrainer - INFO - [Step  2200/8000] Stage B | Loss: 1.6283e-01 (IC=1.810e-02, BC=2.271e-02, PDE=1.674e-02, Data=0.000e+00) | Sw=[0.2592, 0.2703] | lr=8.26e-04 | 26.1s
2026-02-09 19:27:13 - PINNTrainer - INFO - [Step  2400/8000] Stage B | Loss: 1.4502e-02 (IC=1.676e-03, BC=1.956e-03, PDE=7.649e-04, Data=0.000e+00) | Sw=[0.2547, 0.2704] | lr=7.96e-04 | 32.1s
2026-02-09 19:27:19 - PINNTrainer - INFO - [Step  2600/8000] Stage B | Loss: 9.9788e-03 (IC=1.060e-03, BC=1.307e-03, PDE=1.822e-03, Data=0.000e+00) | Sw=[0.2542, 0.2687] | lr=7.63e-04 | 38.1s
2026-02-09 19:27:25 - PINNTrainer - INFO - [Step  2800/8000] Stage B | Loss: 1.6888e-02 (IC=1.446e-03, BC=2.221e-03, PDE=5.991e-03, Data=0.000e+00) | Sw=[0.2543, 0.2701] | lr=7.30e-04 | 44.0s
2026-02-09 19:27:33 - PINNTrainer - INFO - [Step  3000/8000] Stage B | Loss: 1.0418e-02 (IC=1.108e-03, BC=1.338e-03, PDE=1.477e-03, Data=0.000e+00) | Sw=[0.2574, 0.2704] | lr=6.94e-04 | 51.6s
2026-02-09 19:27:42 - PINNTrainer - INFO - [Step  3200/8000] Stage B | Loss: 8.4236e-03 (IC=8.264e-04, BC=1.136e-03, PDE=1.325e-03, Data=0.000e+00) | Sw=[0.2563, 0.2674] | lr=6.58e-04 | 61.0s
2026-02-09 19:27:52 - PINNTrainer - INFO - [Step  3400/8000] Stage B | Loss: 6.3871e-02 (IC=7.247e-03, BC=8.672e-03, PDE=2.158e-03, Data=0.000e+00) | Sw=[0.2556, 0.2691] | lr=6.20e-04 | 70.3s
2026-02-09 19:27:59 - PINNTrainer - INFO - [Step  3600/8000] Stage B | Loss: 3.0471e-02 (IC=3.065e-03, BC=3.526e-03, PDE=5.483e-03, Data=0.000e+00) | Sw=[0.2570, 0.2674] | lr=5.82e-04 | 78.2s
2026-02-09 19:28:07 - PINNTrainer - INFO - [Step  3800/8000] Stage B | Loss: 1.8454e-02 (IC=2.034e-03, BC=2.472e-03, PDE=9.437e-04, Data=0.000e+00) | Sw=[0.2571, 0.2676] | lr=5.44e-04 | 85.4s
2026-02-09 19:28:16 - PINNTrainer - INFO - [Step  4000/8000] Stage C | Loss: 5.7307e-04 (IC=1.069e-04, BC=7.873e-05, PDE=9.483e-05, Data=0.000e+00) | Sw=[0.2548, 0.2661] | lr=5.05e-04 | 94.8s
2026-02-09 19:28:26 - PINNTrainer - INFO - [Step  4200/8000] Stage C | Loss: 9.5736e+01 (IC=7.289e-01, BC=2.837e+00, PDE=4.684e+00, Data=1.997e+02) | Sw=[0.2086, 0.4040] | lr=4.66e-04 | 105.1s
2026-02-09 19:28:36 - PINNTrainer - INFO - [Step  4400/8000] Stage C | Loss: 1.7118e+02 (IC=1.221e+00, BC=4.137e+00, PDE=2.258e+01, Data=1.640e+02) | Sw=[0.2384, 0.3897] | lr=4.27e-04 | 115.2s
2026-02-09 19:28:46 - PINNTrainer - INFO - [Step  4600/8000] Stage C | Loss: 2.2591e+02 (IC=4.008e+00, BC=1.026e+01, PDE=1.200e+01, Data=1.451e+02) | Sw=[0.2220, 0.3926] | lr=3.89e-04 | 124.4s
2026-02-09 19:28:52 - PINNTrainer - INFO - [Step  4800/8000] Stage C | Loss: 2.7492e+02 (IC=3.990e+00, BC=6.910e+00, PDE=1.975e+01, Data=1.376e+02) | Sw=[0.1070, 0.5881] | lr=3.52e-04 | 130.4s
2026-02-09 19:28:58 - PINNTrainer - INFO - [Step  5000/8000] Stage C | Loss: 3.4290e+02 (IC=7.503e+00, BC=1.205e+01, PDE=3.847e+01, Data=1.238e+02) | Sw=[0.1220, 0.6349] | lr=3.15e-04 | 136.7s
2026-02-09 19:29:04 - PINNTrainer - INFO - [Step  5200/8000] Stage C | Loss: 4.5483e+02 (IC=1.072e+01, BC=1.780e+01, PDE=1.002e+02, Data=1.147e+02) | Sw=[0.0532, 0.7804] | lr=2.80e-04 | 143.1s
2026-02-09 19:29:12 - PINNTrainer - INFO - [Step  5400/8000] Stage C | Loss: 5.5331e+02 (IC=2.297e+01, BC=2.469e+01, PDE=6.897e+01, Data=1.255e+02) | Sw=[0.2581, 0.7019] | lr=2.46e-04 | 151.3s
2026-02-09 19:29:21 - PINNTrainer - INFO - [Step  5600/8000] Stage C | Loss: 7.1400e+02 (IC=5.521e+01, BC=2.662e+01, PDE=1.477e+02, Data=1.042e+02) | Sw=[0.1152, 0.8415] | lr=2.14e-04 | 159.3s
2026-02-09 19:29:30 - PINNTrainer - INFO - [Step  5800/8000] Stage C | Loss: 8.1793e+02 (IC=7.225e+01, BC=6.071e+01, PDE=1.102e+02, Data=9.856e+01) | Sw=[0.1177, 0.8293] | lr=1.83e-04 | 168.5s
2026-02-09 19:29:38 - PINNTrainer - INFO - [Step  6000/8000] Stage C | Loss: 1.1380e+03 (IC=5.353e+01, BC=5.335e+01, PDE=3.760e+02, Data=1.187e+02) | Sw=[0.1431, 0.6078] | lr=1.55e-04 | 177.3s
2026-02-09 19:29:48 - PINNTrainer - INFO - [Step  6200/8000] Stage C | Loss: 9.8085e+02 (IC=5.559e+01, BC=5.898e+01, PDE=2.455e+02, Data=9.831e+01) | Sw=[0.0716, 0.8219] | lr=1.28e-04 | 186.3s
2026-02-09 19:29:56 - PINNTrainer - INFO - [Step  6400/8000] Stage D | Loss: 7.6157e+02 (IC=4.053e+01, BC=5.384e+01, PDE=1.206e+02, Data=1.012e+02) | Sw=[0.0292, 0.6520] | lr=1.04e-04 | 195.2s
2026-02-09 19:30:05 - PINNTrainer - INFO - [Step  6600/8000] Stage D | Loss: 7.7418e+02 (IC=5.685e+01, BC=6.123e+01, PDE=1.244e+02, Data=9.496e+01) | Sw=[0.0794, 0.8727] | lr=8.28e-05 | 203.5s
2026-02-09 19:30:13 - PINNTrainer - INFO - [Step  6800/8000] Stage D | Loss: 7.4004e+02 (IC=5.349e+01, BC=7.141e+01, PDE=6.371e+01, Data=9.959e+01) | Sw=[0.0379, 0.8621] | lr=6.39e-05 | 211.8s
2026-02-09 19:30:21 - PINNTrainer - INFO - [Step  7000/8000] Stage D | Loss: 7.4026e+02 (IC=6.440e+01, BC=7.517e+01, PDE=5.118e+01, Data=9.702e+01) | Sw=[0.0563, 0.7085] | lr=4.76e-05 | 220.2s
2026-02-09 19:30:30 - PINNTrainer - INFO - [Step  7200/8000] Stage D | Loss: 7.4838e+02 (IC=4.690e+01, BC=5.935e+01, PDE=7.299e+01, Data=1.044e+02) | Sw=[0.0803, 0.4832] | lr=3.42e-05 | 229.1s
2026-02-09 19:30:39 - PINNTrainer - INFO - [Step  7400/8000] Stage D | Loss: 7.9129e+02 (IC=6.527e+01, BC=8.030e+01, PDE=5.740e+01, Data=1.046e+02) | Sw=[0.0966, 0.7860] | lr=2.36e-05 | 237.6s
2026-02-09 19:30:45 - PINNTrainer - INFO - [Step  7600/8000] Stage D | Loss: 7.2668e+02 (IC=4.240e+01, BC=6.291e+01, PDE=6.591e+01, Data=1.026e+02) | Sw=[0.1240, 0.5284] | lr=1.61e-05 | 243.7s
2026-02-09 19:30:51 - PINNTrainer - INFO - [Step  7800/8000] Stage D | Loss: 7.4901e+02 (IC=4.357e+01, BC=6.720e+01, PDE=9.175e+01, Data=1.006e+02) | Sw=[0.0755, 0.7757] | lr=1.15e-05 | 250.0s
2026-02-09 19:30:57 - PINNTrainer - INFO - [Step  7999/8000] Stage D | Loss: 7.6656e+02 (IC=4.032e+01, BC=6.723e+01, PDE=1.000e+02, Data=1.037e+02) | Sw=[0.0909, 0.7870] | lr=1.00e-05 | 256.0s
2026-02-09 19:30:57 - PINNTrainer - INFO - 
训练完成! 总耗时: 256.0s, 最佳损失: 2.4148e-04
2026-02-09 19:30:57 - PINNTrainer - INFO - 生成训练曲线图...
2026-02-09 19:30:58 - PINNTrainer - INFO - 训练曲线图已保存: C:\Users\16281\Desktop\cpedc_project\outputs\mk_pinn_dt_v2\M4_training_history.png
2026-02-09 19:30:58 - PINNTrainer - INFO - 生成 SY9 压力对比图...
2026-02-09 19:30:58 - PINNTrainer - INFO - 压力对比图已保存: C:\Users\16281\Desktop\cpedc_project\outputs\mk_pinn_dt_v2\M4_pressure_comparison.png
