2026-02-10 13:11:58 - PINNTrainer - INFO -   CUDA: deterministic 模式（cudnn.benchmark=False）
2026-02-10 13:11:58 - PINNTrainer - INFO -   Mixed Precision (AMP) 已启用
2026-02-10 13:11:59 - PINNTrainer - INFO -   SY9 数据锚点: 1025 条
2026-02-10 13:11:59 - PINNTrainer - INFO -   M3 PVT 查询 cg(76.0 MPa, 141.39 ℃) = 0.009744 1/MPa → 覆盖先验 0.0130
2026-02-10 13:11:59 - PINNTrainer - INFO - ============================================================
2026-02-10 13:11:59 - PINNTrainer - INFO - PDE 物理缩放参数（答辩核心）
2026-02-10 13:11:59 - PINNTrainer - INFO - ============================================================
2026-02-10 13:11:59 - PINNTrainer - INFO -   域: Δx = 17400 m, Δy = 11000 m, t_max = 1331 d = 114998400 s
2026-02-10 13:11:59 - PINNTrainer - INFO -   sx = (2/Δx)² = 1.321178e-08 1/m², sy = (2/Δy)² = 3.305785e-08 1/m²
2026-02-10 13:11:59 - PINNTrainer - INFO -   p_ref = 76.0 MPa, T_ref = 141.39 ℃
2026-02-10 13:11:59 - PINNTrainer - INFO -   k = 5.0 mD = 4.934617e-15 m²
2026-02-10 13:11:59 - PINNTrainer - INFO -   φ = 0.0216
2026-02-10 13:11:59 - PINNTrainer - INFO -   μ_ref = 0.035 mPa·s = 3.500000e-05 Pa·s
2026-02-10 13:11:59 - PINNTrainer - INFO -   c_g_ref = 0.009744 1/MPa = 9.744000e-09 1/Pa  (来源: M3 PVT @ (p=76.0, T=141.39))
2026-02-10 13:11:59 - PINNTrainer - INFO -   c_r = 0.0 1/MPa = 0.000000e+00 1/Pa
2026-02-10 13:11:59 - PINNTrainer - INFO -   c_t = c_g + c_r = 9.744000e-09 1/Pa
2026-02-10 13:11:59 - PINNTrainer - INFO -   α_phys = k/(φ·μ·c_t) = 0.669876 m²/s
2026-02-10 13:11:59 - PINNTrainer - INFO -   αx = α_phys·t_max_s·sx = 1.017765
2026-02-10 13:11:59 - PINNTrainer - INFO -   αy = α_phys·t_max_s·sy = 2.546600
2026-02-10 13:11:59 - PINNTrainer - INFO -   near_well_ratio = 0.3
2026-02-10 13:11:59 - PINNTrainer - INFO - ------------------------------------------------------------
2026-02-10 13:11:59 - PINNTrainer - INFO - 敏感性分析 (μ_ref × cg_ref 区间端点):
2026-02-10 13:11:59 - PINNTrainer - INFO -   μ_ref ∈ [0.02, 0.06] mPa·s
2026-02-10 13:11:59 - PINNTrainer - INFO -   cg_ref ∈ [0.008, 0.02] 1/MPa
2026-02-10 13:11:59 - PINNTrainer - INFO -   α_phys ∈ [0.190379, 1.427840] m²/s
2026-02-10 13:11:59 - PINNTrainer - INFO -   αx ∈ [0.289249, 2.169367]
2026-02-10 13:11:59 - PINNTrainer - INFO -   αy ∈ [0.723744, 5.428078]
2026-02-10 13:11:59 - PINNTrainer - INFO - ------------------------------------------------------------
2026-02-10 13:11:59 - PINNTrainer - INFO - 2.5D 厚度场审计:
2026-02-10 13:11:59 - PINNTrainer - INFO -   h_min = 82.70 m, h_max = 93.96 m, h_mean = 89.75 m
2026-02-10 13:11:59 - PINNTrainer - INFO -   log-thickness gradient |gx|_max = 1.2676, |gy|_max = 0.4678
2026-02-10 13:11:59 - PINNTrainer - INFO -   PDE 残差形式: dp/dt_n = αx(d²p/dx_n² + gx·dp/dx_n) + αy(d²p/dy_n² + gy·dp/dy_n)
2026-02-10 13:11:59 - PINNTrainer - INFO - ============================================================
2026-02-10 13:11:59 - PINNTrainer - INFO - PINNTrainer 初始化: device=cuda, lr=0.001, max_steps=50000, batch_size=4096, params=449026
2026-02-10 13:11:59 - PINNTrainer - INFO - ============================================================
2026-02-10 13:11:59 - PINNTrainer - INFO - M4 PINN 基线训练开始
2026-02-10 13:11:59 - PINNTrainer - INFO - ============================================================
2026-02-10 13:11:59 - PINNTrainer - INFO - 训练阶段: A[0-5000] B[5000-17500] C[17500-35000] D[35000-50000]
