2026-02-11 17:00:19 - PINNTrainer - INFO -   学习率: warmup 1000 步, 然后 Cosine 至 min_lr=1e-06
2026-02-11 17:00:19 - PINNTrainer - INFO -   SY9 数据锚点: 1025 条
2026-02-11 17:00:19 - PINNTrainer - INFO -   M3 PVT 查询 cg(76.0 MPa, 141.39 ℃) = 0.009744 1/MPa → 覆盖先验 0.0130
2026-02-11 17:00:19 - PINNTrainer - INFO - ============================================================
2026-02-11 17:00:19 - PINNTrainer - INFO - PDE 物理缩放参数（答辩核心）
2026-02-11 17:00:19 - PINNTrainer - INFO - ============================================================
2026-02-11 17:00:19 - PINNTrainer - INFO -   域: Δx = 17400 m, Δy = 11000 m, t_max = 1331 d = 114998400 s
2026-02-11 17:00:19 - PINNTrainer - INFO -   sx = (2/Δx)² = 1.321178e-08 1/m², sy = (2/Δy)² = 3.305785e-08 1/m²
2026-02-11 17:00:19 - PINNTrainer - INFO -   p_ref = 76.0 MPa, T_ref = 141.39 ℃
2026-02-11 17:00:19 - PINNTrainer - INFO -   k = 0.146 mD = 1.440908e-16 m²
2026-02-11 17:00:19 - PINNTrainer - INFO -   φ = 0.0216
2026-02-11 17:00:19 - PINNTrainer - INFO -   μ_ref = 0.035 mPa·s = 3.500000e-05 Pa·s
2026-02-11 17:00:19 - PINNTrainer - INFO -   c_g_ref = 0.009744 1/MPa = 9.744000e-09 1/Pa  (来源: M3 PVT @ (p=76.0, T=141.39))
2026-02-11 17:00:19 - PINNTrainer - INFO -   c_r = 0.0 1/MPa = 0.000000e+00 1/Pa
2026-02-11 17:00:19 - PINNTrainer - INFO -   c_t = c_g + c_r = 9.744000e-09 1/Pa
2026-02-11 17:00:19 - PINNTrainer - INFO -   α_phys = k/(φ·μ·c_t) = 0.019560 m²/s
2026-02-11 17:00:19 - PINNTrainer - INFO -   αx = α_phys·t_max_s·sx = 0.029719
2026-02-11 17:00:19 - PINNTrainer - INFO -   αy = α_phys·t_max_s·sy = 0.074361
2026-02-11 17:00:19 - PINNTrainer - INFO -   near_well_ratio = 0.3
2026-02-11 17:00:19 - PINNTrainer - INFO - ------------------------------------------------------------
2026-02-11 17:00:19 - PINNTrainer - INFO - 敏感性分析 (μ_ref × cg_ref 区间端点):
2026-02-11 17:00:19 - PINNTrainer - INFO -   μ_ref ∈ [0.02, 0.06] mPa·s
2026-02-11 17:00:19 - PINNTrainer - INFO -   cg_ref ∈ [0.008, 0.02] 1/MPa
2026-02-11 17:00:19 - PINNTrainer - INFO -   α_phys ∈ [0.005559, 0.041693] m²/s
2026-02-11 17:00:19 - PINNTrainer - INFO -   αx ∈ [0.008446, 0.063346]
2026-02-11 17:00:19 - PINNTrainer - INFO -   αy ∈ [0.021133, 0.158500]
2026-02-11 17:00:19 - PINNTrainer - INFO - ------------------------------------------------------------
2026-02-11 17:00:19 - PINNTrainer - INFO - 2.5D 厚度场审计:
2026-02-11 17:00:19 - PINNTrainer - INFO -   h_min = 82.70 m, h_max = 93.96 m, h_mean = 89.75 m
2026-02-11 17:00:19 - PINNTrainer - INFO -   log-thickness gradient |gx|_max = 1.2676, |gy|_max = 0.4678
2026-02-11 17:00:19 - PINNTrainer - INFO -   PDE 残差形式: dp/dt_n = αx(d²p/dx_n² + gx·dp/dx_n) + αy(d²p/dy_n² + gy·dp/dy_n)
2026-02-11 17:00:19 - PINNTrainer - INFO - ============================================================
2026-02-11 17:00:19 - PINNTrainer - INFO - PINNTrainer 初始化: device=cpu, lr=0.001, max_steps=150, batch_size=4096, params=416258
2026-02-11 17:00:19 - PINNTrainer - INFO - ============================================================
2026-02-11 17:00:19 - PINNTrainer - INFO - M4 PINN 基线训练开始
2026-02-11 17:00:19 - PINNTrainer - INFO - ============================================================
2026-02-11 17:00:19 - PINNTrainer - INFO - 训练阶段: A[0-22] B[22-60] C[60-105] D[105-150]
2026-02-11 17:00:19 - PINNTrainer - INFO - [Step     0/150] Stage A | Loss: 8.2838e+03 (IC=5.522e+02, BC=5.522e+02, PDE=0.000e+00, Data=0.000e+00, sw_phys=0.000e+00) | Sw=[0.2600, 0.2600] | lr=1.10e-05 | 0.1s
2026-02-11 17:01:21 - PINNTrainer - INFO - [Step   100/150] Stage C | Loss: 1.3574e+01 (IC=4.310e-01, BC=1.175e-01, PDE=1.439e+00, Data=4.013e+00, sw_phys=1.244e-01) | Sw=[0.1357, 0.4744] | lr=1.10e-04 | 61.5s
2026-02-11 17:01:58 - PINNTrainer - INFO - [Step   149/150] Stage D | Loss: 1.7812e+01 (IC=5.202e-01, BC=4.994e-02, PDE=2.663e-01, Data=3.366e+00, sw_phys=7.180e-02) | Sw=[0.1286, 0.5007] | lr=1.58e-04 | 98.7s
2026-02-11 17:01:58 - PINNTrainer - INFO - 
训练完成! 总耗时: 98.7s, 最佳损失: 1.3574e+01
2026-02-11 17:01:58 - PINNTrainer - INFO - 生成训练曲线图...
2026-02-11 17:01:59 - PINNTrainer - INFO - 训练曲线图已保存: C:\Users\16281\Desktop\cpedc_project\outputs\mk_pinn_dt_v2\figs\M4_training_history.png
2026-02-11 17:01:59 - PINNTrainer - INFO - 生成 SY9 压力对比图...
2026-02-11 17:01:59 - PINNTrainer - INFO - 压力对比图已保存: C:\Users\16281\Desktop\cpedc_project\outputs\mk_pinn_dt_v2\figs\M4_pressure_comparison.png
