2026-02-09 20:19:49 - PINNTrainer - INFO -   CUDA: cudnn.benchmark = True
2026-02-09 20:19:49 - PINNTrainer - INFO -   Mixed Precision (AMP) 已启用
2026-02-09 20:19:50 - PINNTrainer - INFO -   SY9 数据锚点: 1025 条
2026-02-09 20:19:50 - PINNTrainer - INFO -   M3 PVT 查询 cg(76.0 MPa, 141.39 ℃) = 0.009744 1/MPa → 覆盖先验 0.0130
2026-02-09 20:19:50 - PINNTrainer - INFO - ============================================================
2026-02-09 20:19:50 - PINNTrainer - INFO - PDE 物理缩放参数（答辩核心）
2026-02-09 20:19:50 - PINNTrainer - INFO - ============================================================
2026-02-09 20:19:50 - PINNTrainer - INFO -   域: Δx = 17400 m, Δy = 11000 m, t_max = 1331 d = 114998400 s
2026-02-09 20:19:50 - PINNTrainer - INFO -   sx = (2/Δx)² = 1.321178e-08 1/m², sy = (2/Δy)² = 3.305785e-08 1/m²
2026-02-09 20:19:50 - PINNTrainer - INFO -   p_ref = 76.0 MPa, T_ref = 141.39 ℃
2026-02-09 20:19:50 - PINNTrainer - INFO -   k = 5.0 mD = 4.934617e-15 m²
2026-02-09 20:19:50 - PINNTrainer - INFO -   φ = 0.0216
2026-02-09 20:19:50 - PINNTrainer - INFO -   μ_ref = 0.035 mPa·s = 3.500000e-05 Pa·s
2026-02-09 20:19:50 - PINNTrainer - INFO -   c_g_ref = 0.009744 1/MPa = 9.744000e-09 1/Pa  (来源: M3 PVT @ (p=76.0, T=141.39))
2026-02-09 20:19:50 - PINNTrainer - INFO -   c_r = 0.0 1/MPa = 0.000000e+00 1/Pa
2026-02-09 20:19:50 - PINNTrainer - INFO -   c_t = c_g + c_r = 9.744000e-09 1/Pa
2026-02-09 20:19:50 - PINNTrainer - INFO -   α_phys = k/(φ·μ·c_t) = 0.669876 m²/s
2026-02-09 20:19:50 - PINNTrainer - INFO -   αx = α_phys·t_max_s·sx = 1.017765
2026-02-09 20:19:50 - PINNTrainer - INFO -   αy = α_phys·t_max_s·sy = 2.546600
2026-02-09 20:19:50 - PINNTrainer - INFO -   near_well_ratio = 0.3
2026-02-09 20:19:50 - PINNTrainer - INFO - ------------------------------------------------------------
2026-02-09 20:19:50 - PINNTrainer - INFO - 敏感性分析 (μ_ref × cg_ref 区间端点):
2026-02-09 20:19:50 - PINNTrainer - INFO -   μ_ref ∈ [0.02, 0.06] mPa·s
2026-02-09 20:19:50 - PINNTrainer - INFO -   cg_ref ∈ [0.008, 0.02] 1/MPa
2026-02-09 20:19:50 - PINNTrainer - INFO -   α_phys ∈ [0.190379, 1.427840] m²/s
2026-02-09 20:19:50 - PINNTrainer - INFO -   αx ∈ [0.289249, 2.169367]
2026-02-09 20:19:50 - PINNTrainer - INFO -   αy ∈ [0.723744, 5.428078]
2026-02-09 20:19:50 - PINNTrainer - INFO - ============================================================
2026-02-09 20:19:50 - PINNTrainer - INFO - PINNTrainer 初始化: device=cuda, lr=0.001, max_steps=8000, batch_size=2048, params=51330
2026-02-09 20:19:50 - PINNTrainer - INFO - ============================================================
2026-02-09 20:19:50 - PINNTrainer - INFO - M4 PINN 基线训练开始
2026-02-09 20:19:50 - PINNTrainer - INFO - ============================================================
2026-02-09 20:19:50 - PINNTrainer - INFO - [Step     0/8000] Stage A | Loss: 2.9017e+02 (IC=1.720e+01, BC=2.364e+01, PDE=0.000e+00, Data=0.000e+00) | Sw=[0.2605, 0.7138] | lr=1.00e-03 | 0.3s
2026-02-09 20:19:51 - PINNTrainer - INFO - [Step   100/8000] Stage A | Loss: 8.9300e-01 (IC=6.295e-02, BC=5.270e-02, PDE=0.000e+00, Data=0.000e+00) | Sw=[0.1573, 0.3197] | lr=1.00e-03 | 1.1s
2026-02-09 20:19:52 - PINNTrainer - INFO - [Step   200/8000] Stage A | Loss: 2.3879e-01 (IC=1.620e-02, BC=1.535e-02, PDE=0.000e+00, Data=0.000e+00) | Sw=[0.1173, 0.2863] | lr=9.98e-04 | 1.7s
2026-02-09 20:19:52 - PINNTrainer - INFO - [Step   300/8000] Stage A | Loss: 6.6463e-01 (IC=5.599e-02, BC=2.094e-02, PDE=0.000e+00, Data=0.000e+00) | Sw=[0.0905, 0.2721] | lr=9.97e-04 | 2.4s
2026-02-09 20:19:53 - PINNTrainer - INFO - [Step   400/8000] Stage A | Loss: 2.1042e-01 (IC=1.790e-02, BC=6.294e-03, PDE=0.000e+00, Data=0.000e+00) | Sw=[0.1168, 0.2818] | lr=9.94e-04 | 3.0s
2026-02-09 20:19:53 - PINNTrainer - INFO - [Step   500/8000] Stage A | Loss: 1.9106e-01 (IC=1.385e-02, BC=1.052e-02, PDE=0.000e+00, Data=0.000e+00) | Sw=[0.0819, 0.2652] | lr=9.90e-04 | 3.7s
2026-02-09 20:19:54 - PINNTrainer - INFO - [Step   600/8000] Stage A | Loss: 4.4581e-02 (IC=2.825e-03, BC=3.265e-03, PDE=0.000e+00, Data=0.000e+00) | Sw=[0.0916, 0.2731] | lr=9.86e-04 | 4.3s
2026-02-09 20:19:55 - PINNTrainer - INFO - [Step   700/8000] Stage A | Loss: 1.7586e-01 (IC=1.306e-02, BC=9.056e-03, PDE=0.000e+00, Data=0.000e+00) | Sw=[0.0860, 0.2721] | lr=9.81e-04 | 5.1s
2026-02-09 20:19:55 - PINNTrainer - INFO - [Step   800/8000] Stage A | Loss: 2.4914e-01 (IC=1.710e-02, BC=1.562e-02, PDE=0.000e+00, Data=0.000e+00) | Sw=[0.1014, 0.2639] | lr=9.76e-04 | 5.7s
2026-02-09 20:19:56 - PINNTrainer - INFO - [Step   900/8000] Stage A | Loss: 2.3422e-01 (IC=1.561e-02, BC=1.562e-02, PDE=0.000e+00, Data=0.000e+00) | Sw=[0.1140, 0.2663] | lr=9.69e-04 | 6.3s
2026-02-09 20:19:57 - PINNTrainer - INFO - [Step  1000/8000] Stage A | Loss: 1.3219e-01 (IC=9.091e-03, BC=8.255e-03, PDE=0.000e+00, Data=0.000e+00) | Sw=[0.0983, 0.2678] | lr=9.62e-04 | 6.9s
2026-02-09 20:19:57 - PINNTrainer - INFO - [Step  1100/8000] Stage A | Loss: 2.3142e-01 (IC=1.533e-02, BC=1.562e-02, PDE=0.000e+00, Data=0.000e+00) | Sw=[0.1297, 0.2641] | lr=9.54e-04 | 7.5s
2026-02-09 20:19:58 - PINNTrainer - INFO - [Step  1200/8000] Stage A | Loss: 2.2808e-01 (IC=1.500e-02, BC=1.562e-02, PDE=0.000e+00, Data=0.000e+00) | Sw=[0.1110, 0.2566] | lr=9.46e-04 | 8.1s
2026-02-09 20:19:59 - PINNTrainer - INFO - [Step  1300/8000] Stage A | Loss: 2.1615e-01 (IC=1.380e-02, BC=1.562e-02, PDE=0.000e+00, Data=0.000e+00) | Sw=[0.1031, 0.2664] | lr=9.37e-04 | 8.7s
2026-02-09 20:19:59 - PINNTrainer - INFO - [Step  1400/8000] Stage A | Loss: 2.2892e-01 (IC=1.508e-02, BC=1.562e-02, PDE=0.000e+00, Data=0.000e+00) | Sw=[0.0969, 0.2689] | lr=9.27e-04 | 9.3s
2026-02-09 20:20:00 - PINNTrainer - INFO - [Step  1500/8000] Stage A | Loss: 2.2700e-01 (IC=1.489e-02, BC=1.562e-02, PDE=0.000e+00, Data=0.000e+00) | Sw=[0.0873, 0.2724] | lr=9.16e-04 | 9.9s
2026-02-09 20:20:00 - PINNTrainer - INFO - [Step  1600/8000] Stage B | Loss: 5.0327e-02 (IC=6.362e-03, BC=6.172e-03, PDE=0.000e+00, Data=0.000e+00) | Sw=[0.0872, 0.2602] | lr=9.05e-04 | 10.5s
2026-02-09 20:20:04 - PINNTrainer - INFO - [Step  1700/8000] Stage B | Loss: 3.9325e-02 (IC=5.768e-03, BC=2.632e-03, PDE=6.211e-02, Data=0.000e+00) | Sw=[0.2593, 0.2815] | lr=8.94e-04 | 14.4s
2026-02-09 20:20:08 - PINNTrainer - INFO - [Step  1800/8000] Stage B | Loss: 6.6142e-02 (IC=7.213e-03, BC=9.857e-03, PDE=6.076e-03, Data=0.000e+00) | Sw=[0.2518, 0.2687] | lr=8.81e-04 | 18.5s
2026-02-09 20:20:13 - PINNTrainer - INFO - [Step  1900/8000] Stage B | Loss: 3.1761e-02 (IC=3.916e-03, BC=3.906e-03, PDE=3.707e-03, Data=0.000e+00) | Sw=[0.2508, 0.2678] | lr=8.68e-04 | 22.8s
2026-02-09 20:20:17 - PINNTrainer - INFO - [Step  2000/8000] Stage B | Loss: 3.1768e-02 (IC=3.915e-03, BC=3.899e-03, PDE=2.994e-03, Data=0.000e+00) | Sw=[0.2514, 0.2680] | lr=8.55e-04 | 26.9s
2026-02-09 20:20:21 - PINNTrainer - INFO - [Step  2100/8000] Stage B | Loss: 3.1838e-02 (IC=3.914e-03, BC=3.906e-03, PDE=2.648e-03, Data=0.000e+00) | Sw=[0.2525, 0.2681] | lr=8.41e-04 | 31.0s
2026-02-09 20:20:25 - PINNTrainer - INFO - [Step  2200/8000] Stage B | Loss: 3.1665e-02 (IC=3.916e-03, BC=3.906e-03, PDE=1.460e-03, Data=0.000e+00) | Sw=[0.2520, 0.2687] | lr=8.26e-04 | 35.0s
2026-02-09 20:20:29 - PINNTrainer - INFO - [Step  2300/8000] Stage B | Loss: 3.1647e-02 (IC=3.914e-03, BC=3.906e-03, PDE=1.229e-03, Data=0.000e+00) | Sw=[0.2524, 0.2687] | lr=8.11e-04 | 39.4s
2026-02-09 20:20:33 - PINNTrainer - INFO - [Step  2400/8000] Stage B | Loss: 2.5159e-02 (IC=2.768e-03, BC=3.632e-03, PDE=1.277e-03, Data=0.000e+00) | Sw=[0.2532, 0.2682] | lr=7.96e-04 | 42.8s
2026-02-09 20:20:36 - PINNTrainer - INFO - [Step  2500/8000] Stage B | Loss: 2.6179e-02 (IC=2.957e-03, BC=3.693e-03, PDE=8.374e-04, Data=0.000e+00) | Sw=[0.2539, 0.2686] | lr=7.80e-04 | 46.5s
2026-02-09 20:20:40 - PINNTrainer - INFO - [Step  2600/8000] Stage B | Loss: 2.6107e-02 (IC=3.019e-03, BC=3.441e-03, PDE=1.654e-03, Data=0.000e+00) | Sw=[0.2526, 0.2657] | lr=7.63e-04 | 50.5s
2026-02-09 20:20:45 - PINNTrainer - INFO - [Step  2700/8000] Stage B | Loss: 3.2477e-02 (IC=3.912e-03, BC=3.876e-03, PDE=2.813e-03, Data=0.000e+00) | Sw=[0.2493, 0.2596] | lr=7.47e-04 | 54.7s
2026-02-09 20:20:49 - PINNTrainer - INFO - [Step  2800/8000] Stage B | Loss: 3.1955e-02 (IC=3.909e-03, BC=3.906e-03, PDE=1.386e-03, Data=0.000e+00) | Sw=[0.2563, 0.2660] | lr=7.30e-04 | 58.8s
2026-02-09 20:20:53 - PINNTrainer - INFO - [Step  2900/8000] Stage B | Loss: 3.1480e-02 (IC=3.910e-03, BC=3.906e-03, PDE=3.895e-04, Data=0.000e+00) | Sw=[0.2557, 0.2660] | lr=7.12e-04 | 62.9s
2026-02-09 20:20:57 - PINNTrainer - INFO - [Step  3000/8000] Stage B | Loss: 3.8035e-04 (IC=1.639e-06, BC=0.000e+00, PDE=6.380e-04, Data=0.000e+00) | Sw=[0.2585, 0.2666] | lr=6.94e-04 | 67.1s
2026-02-09 20:21:01 - PINNTrainer - INFO - [Step  3100/8000] Stage B | Loss: 4.9561e-05 (IC=1.500e-06, BC=0.000e+00, PDE=6.729e-05, Data=0.000e+00) | Sw=[0.2579, 0.2660] | lr=6.76e-04 | 71.2s
2026-02-09 20:21:05 - PINNTrainer - INFO - [Step  3200/8000] Stage B | Loss: 2.2226e-05 (IC=9.247e-07, BC=0.000e+00, PDE=2.640e-05, Data=0.000e+00) | Sw=[0.2587, 0.2671] | lr=6.58e-04 | 75.3s
2026-02-09 20:21:08 - PINNTrainer - INFO - [Step  3300/8000] Stage B | Loss: 1.8254e-05 (IC=7.112e-07, BC=0.000e+00, PDE=2.075e-05, Data=0.000e+00) | Sw=[0.2585, 0.2667] | lr=6.39e-04 | 78.6s
2026-02-09 20:21:12 - PINNTrainer - INFO - [Step  3400/8000] Stage B | Loss: 1.8069e-05 (IC=5.992e-07, BC=0.000e+00, PDE=2.010e-05, Data=0.000e+00) | Sw=[0.2581, 0.2668] | lr=6.20e-04 | 82.5s
2026-02-09 20:21:16 - PINNTrainer - INFO - [Step  3500/8000] Stage B | Loss: 2.0686e-05 (IC=5.177e-07, BC=0.000e+00, PDE=2.286e-05, Data=0.000e+00) | Sw=[0.2592, 0.2670] | lr=6.01e-04 | 86.5s
2026-02-09 20:21:20 - PINNTrainer - INFO - [Step  3600/8000] Stage B | Loss: 1.2263e-05 (IC=4.506e-07, BC=0.000e+00, PDE=1.201e-05, Data=0.000e+00) | Sw=[0.2586, 0.2663] | lr=5.82e-04 | 90.3s
2026-02-09 20:21:24 - PINNTrainer - INFO - [Step  3700/8000] Stage B | Loss: 1.4056e-05 (IC=4.348e-07, BC=0.000e+00, PDE=1.358e-05, Data=0.000e+00) | Sw=[0.2588, 0.2671] | lr=5.63e-04 | 94.4s
2026-02-09 20:21:28 - PINNTrainer - INFO - [Step  3800/8000] Stage B | Loss: 1.6282e-05 (IC=4.413e-07, BC=0.000e+00, PDE=1.536e-05, Data=0.000e+00) | Sw=[0.2592, 0.2664] | lr=5.44e-04 | 98.6s
2026-02-09 20:21:32 - PINNTrainer - INFO - [Step  3900/8000] Stage B | Loss: 1.4803e-05 (IC=3.495e-07, BC=0.000e+00, PDE=1.362e-05, Data=0.000e+00) | Sw=[0.2592, 0.2664] | lr=5.24e-04 | 102.7s
2026-02-09 20:21:36 - PINNTrainer - INFO - [Step  4000/8000] Stage C | Loss: 9.8221e-06 (IC=3.128e-07, BC=0.000e+00, PDE=8.884e-06, Data=0.000e+00) | Sw=[0.2593, 0.2665] | lr=5.05e-04 | 106.6s
2026-02-09 20:21:41 - PINNTrainer - INFO - [Step  4100/8000] Stage C | Loss: 5.8989e+01 (IC=4.281e-01, BC=1.239e+00, PDE=4.415e+00, Data=2.439e+02) | Sw=[0.2349, 0.3639] | lr=4.85e-04 | 110.8s
2026-02-09 20:21:45 - PINNTrainer - INFO - [Step  4200/8000] Stage C | Loss: 7.8866e+01 (IC=5.723e-01, BC=1.917e+00, PDE=5.241e+00, Data=1.634e+02) | Sw=[0.2492, 0.4467] | lr=4.66e-04 | 114.8s
2026-02-09 20:21:49 - PINNTrainer - INFO - [Step  4300/8000] Stage C | Loss: 1.0971e+02 (IC=1.123e+00, BC=1.939e+00, PDE=8.064e+00, Data=1.510e+02) | Sw=[0.1290, 0.4126] | lr=4.47e-04 | 118.9s
2026-02-09 20:21:53 - PINNTrainer - INFO - [Step  4400/8000] Stage C | Loss: 1.4031e+02 (IC=9.051e-01, BC=2.628e+00, PDE=1.335e+01, Data=1.428e+02) | Sw=[0.1093, 0.4914] | lr=4.27e-04 | 123.1s
2026-02-09 20:21:57 - PINNTrainer - INFO - [Step  4500/8000] Stage C | Loss: 1.7548e+02 (IC=1.658e+00, BC=6.510e+00, PDE=1.186e+01, Data=1.398e+02) | Sw=[0.1450, 0.4484] | lr=4.08e-04 | 127.3s
2026-02-09 20:22:01 - PINNTrainer - INFO - [Step  4600/8000] Stage C | Loss: 2.0681e+02 (IC=1.714e+00, BC=4.152e+00, PDE=3.317e+01, Data=1.282e+02) | Sw=[0.1627, 0.7349] | lr=3.89e-04 | 131.5s
2026-02-09 20:22:05 - PINNTrainer - INFO - [Step  4700/8000] Stage C | Loss: 2.4221e+02 (IC=1.403e+00, BC=6.021e+00, PDE=4.245e+01, Data=1.258e+02) | Sw=[0.1057, 0.6415] | lr=3.70e-04 | 135.6s
2026-02-09 20:22:10 - PINNTrainer - INFO - [Step  4800/8000] Stage C | Loss: 2.6345e+02 (IC=2.157e+00, BC=7.903e+00, PDE=3.775e+01, Data=1.221e+02) | Sw=[0.0502, 0.6998] | lr=3.52e-04 | 139.8s
2026-02-09 20:22:14 - PINNTrainer - INFO - [Step  4900/8000] Stage C | Loss: 2.9516e+02 (IC=2.503e+00, BC=8.682e+00, PDE=4.709e+01, Data=1.190e+02) | Sw=[0.0369, 0.8037] | lr=3.33e-04 | 143.9s
2026-02-09 20:22:18 - PINNTrainer - INFO - [Step  5000/8000] Stage C | Loss: 3.0377e+02 (IC=3.093e+00, BC=8.797e+00, PDE=3.292e+01, Data=1.171e+02) | Sw=[0.0441, 0.7630] | lr=3.15e-04 | 148.1s
2026-02-09 20:22:22 - PINNTrainer - INFO - [Step  5100/8000] Stage C | Loss: 3.4308e+02 (IC=3.909e+00, BC=1.319e+01, PDE=4.229e+01, Data=1.146e+02) | Sw=[0.0838, 0.6365] | lr=2.98e-04 | 152.2s
2026-02-09 20:22:26 - PINNTrainer - INFO - [Step  5200/8000] Stage C | Loss: 3.5923e+02 (IC=5.087e+00, BC=1.197e+01, PDE=3.241e+01, Data=1.150e+02) | Sw=[0.0820, 0.5345] | lr=2.80e-04 | 156.4s
2026-02-09 20:22:30 - PINNTrainer - INFO - [Step  5300/8000] Stage C | Loss: 3.8208e+02 (IC=4.292e+00, BC=1.269e+01, PDE=3.223e+01, Data=1.151e+02) | Sw=[0.1726, 0.6161] | lr=2.63e-04 | 160.5s
2026-02-09 20:22:34 - PINNTrainer - INFO - [Step  5400/8000] Stage C | Loss: 4.6903e+02 (IC=7.114e+00, BC=1.666e+01, PDE=9.497e+01, Data=1.095e+02) | Sw=[0.0786, 0.7079] | lr=2.46e-04 | 164.7s
2026-02-09 20:22:39 - PINNTrainer - INFO - [Step  5500/8000] Stage C | Loss: 4.5043e+02 (IC=6.285e+00, BC=1.376e+01, PDE=6.443e+01, Data=1.087e+02) | Sw=[0.2066, 0.8457] | lr=2.30e-04 | 168.8s
2026-02-09 20:22:43 - PINNTrainer - INFO - [Step  5600/8000] Stage C | Loss: 4.7791e+02 (IC=6.549e+00, BC=1.991e+01, PDE=6.342e+01, Data=1.065e+02) | Sw=[0.0967, 0.7737] | lr=2.14e-04 | 172.8s
2026-02-09 20:22:47 - PINNTrainer - INFO - [Step  5700/8000] Stage C | Loss: 5.9260e+02 (IC=2.148e+01, BC=2.011e+01, PDE=1.249e+02, Data=1.025e+02) | Sw=[0.1028, 0.5489] | lr=1.98e-04 | 176.8s
2026-02-09 20:22:51 - PINNTrainer - INFO - [Step  5800/8000] Stage C | Loss: 6.9615e+02 (IC=3.634e+01, BC=2.199e+01, PDE=1.671e+02, Data=1.003e+02) | Sw=[0.0431, 0.4435] | lr=1.83e-04 | 180.9s
2026-02-09 20:22:55 - PINNTrainer - INFO - [Step  5900/8000] Stage C | Loss: 7.4527e+02 (IC=3.111e+01, BC=5.640e+01, PDE=1.478e+02, Data=9.887e+01) | Sw=[0.0508, 0.6304] | lr=1.69e-04 | 185.0s
2026-02-09 20:22:59 - PINNTrainer - INFO - [Step  6000/8000] Stage C | Loss: 7.4032e+02 (IC=4.607e+01, BC=4.637e+01, PDE=1.081e+02, Data=9.630e+01) | Sw=[0.0221, 0.6156] | lr=1.55e-04 | 189.2s
2026-02-09 20:23:03 - PINNTrainer - INFO - [Step  6100/8000] Stage C | Loss: 7.6142e+02 (IC=4.772e+01, BC=4.109e+01, PDE=1.113e+02, Data=9.709e+01) | Sw=[0.0516, 0.7733] | lr=1.41e-04 | 193.3s
2026-02-09 20:23:07 - PINNTrainer - INFO - [Step  6200/8000] Stage C | Loss: 8.4483e+02 (IC=4.166e+01, BC=4.152e+01, PDE=1.933e+02, Data=9.677e+01) | Sw=[0.0249, 0.8180] | lr=1.28e-04 | 197.4s
2026-02-09 20:23:11 - PINNTrainer - INFO - [Step  6300/8000] Stage C | Loss: 8.0872e+02 (IC=4.229e+01, BC=4.801e+01, PDE=1.035e+02, Data=1.007e+02) | Sw=[0.0362, 0.7802] | lr=1.16e-04 | 201.5s
2026-02-09 20:23:15 - PINNTrainer - INFO - [Step  6400/8000] Stage D | Loss: 8.5114e+02 (IC=2.397e+01, BC=3.353e+01, PDE=1.993e+02, Data=1.141e+02) | Sw=[0.0677, 0.5233] | lr=1.04e-04 | 205.7s
2026-02-09 20:23:20 - PINNTrainer - INFO - [Step  6500/8000] Stage D | Loss: 7.4179e+02 (IC=6.310e+01, BC=7.695e+01, PDE=3.742e+01, Data=1.002e+02) | Sw=[0.1950, 0.8801] | lr=9.33e-05 | 209.8s
2026-02-09 20:23:24 - PINNTrainer - INFO - [Step  6600/8000] Stage D | Loss: 7.3993e+02 (IC=5.978e+01, BC=7.940e+01, PDE=6.188e+01, Data=9.582e+01) | Sw=[0.0751, 0.5941] | lr=8.28e-05 | 213.9s
2026-02-09 20:23:28 - PINNTrainer - INFO - [Step  6700/8000] Stage D | Loss: 7.7711e+02 (IC=5.886e+01, BC=7.681e+01, PDE=9.896e+01, Data=9.673e+01) | Sw=[0.0360, 0.7340] | lr=7.30e-05 | 218.1s
2026-02-09 20:23:32 - PINNTrainer - INFO - [Step  6800/8000] Stage D | Loss: 7.5862e+02 (IC=4.180e+01, BC=5.303e+01, PDE=1.273e+02, Data=9.893e+01) | Sw=[0.0844, 0.9533] | lr=6.39e-05 | 222.2s
2026-02-09 20:23:36 - PINNTrainer - INFO - [Step  6900/8000] Stage D | Loss: 7.2231e+02 (IC=5.787e+01, BC=6.163e+01, PDE=5.612e+01, Data=9.776e+01) | Sw=[0.0765, 0.7989] | lr=5.54e-05 | 226.2s
2026-02-09 20:23:40 - PINNTrainer - INFO - [Step  7000/8000] Stage D | Loss: 7.3478e+02 (IC=6.819e+01, BC=6.977e+01, PDE=4.127e+01, Data=9.747e+01) | Sw=[0.0587, 0.6353] | lr=4.76e-05 | 230.2s
2026-02-09 20:23:44 - PINNTrainer - INFO - [Step  7100/8000] Stage D | Loss: 7.1679e+02 (IC=5.857e+01, BC=5.818e+01, PDE=5.256e+01, Data=9.778e+01) | Sw=[0.0268, 0.6354] | lr=4.05e-05 | 234.3s
2026-02-09 20:23:48 - PINNTrainer - INFO - [Step  7200/8000] Stage D | Loss: 7.0769e+02 (IC=4.646e+01, BC=5.741e+01, PDE=5.091e+01, Data=1.013e+02) | Sw=[0.0148, 0.6276] | lr=3.42e-05 | 238.5s
2026-02-09 20:23:52 - PINNTrainer - INFO - [Step  7300/8000] Stage D | Loss: 7.4978e+02 (IC=5.000e+01, BC=6.260e+01, PDE=8.813e+01, Data=9.981e+01) | Sw=[0.0104, 0.9203] | lr=2.85e-05 | 242.6s
2026-02-09 20:23:57 - PINNTrainer - INFO - [Step  7400/8000] Stage D | Loss: 7.5495e+02 (IC=5.369e+01, BC=6.969e+01, PDE=8.749e+01, Data=9.808e+01) | Sw=[0.0176, 0.9043] | lr=2.36e-05 | 246.7s
2026-02-09 20:24:01 - PINNTrainer - INFO - [Step  7500/8000] Stage D | Loss: 7.9395e+02 (IC=5.518e+01, BC=6.861e+01, PDE=1.284e+02, Data=9.732e+01) | Sw=[0.0298, 0.8796] | lr=1.95e-05 | 250.8s
2026-02-09 20:24:05 - PINNTrainer - INFO - [Step  7600/8000] Stage D | Loss: 8.0071e+02 (IC=4.696e+01, BC=6.348e+01, PDE=1.576e+02, Data=9.715e+01) | Sw=[0.0345, 0.8876] | lr=1.61e-05 | 255.0s
2026-02-09 20:24:09 - PINNTrainer - INFO - [Step  7700/8000] Stage D | Loss: 7.7983e+02 (IC=5.078e+01, BC=6.977e+01, PDE=1.209e+02, Data=9.752e+01) | Sw=[0.0663, 0.8433] | lr=1.34e-05 | 259.1s
2026-02-09 20:24:13 - PINNTrainer - INFO - [Step  7800/8000] Stage D | Loss: 7.7906e+02 (IC=5.097e+01, BC=6.986e+01, PDE=1.206e+02, Data=9.733e+01) | Sw=[0.0832, 0.8735] | lr=1.15e-05 | 263.2s
2026-02-09 20:24:17 - PINNTrainer - INFO - [Step  7900/8000] Stage D | Loss: 8.5128e+02 (IC=4.313e+01, BC=6.144e+01, PDE=2.129e+02, Data=9.814e+01) | Sw=[0.1628, 0.8114] | lr=1.04e-05 | 267.3s
2026-02-09 20:24:21 - PINNTrainer - INFO - [Step  7999/8000] Stage D | Loss: 7.9370e+02 (IC=4.599e+01, BC=6.043e+01, PDE=1.472e+02, Data=9.881e+01) | Sw=[0.1018, 0.8201] | lr=1.00e-05 | 271.3s
2026-02-09 20:24:21 - PINNTrainer - INFO - 
训练完成! 总耗时: 271.3s, 最佳损失: 8.4022e-06
2026-02-09 20:24:21 - PINNTrainer - INFO - 生成训练曲线图...
2026-02-09 20:24:22 - PINNTrainer - INFO - 训练曲线图已保存: C:\Users\16281\Desktop\cpedc_project\outputs\mk_pinn_dt_v2\M4_training_history.png
2026-02-09 20:24:22 - PINNTrainer - INFO - 生成 SY9 压力对比图...
2026-02-09 20:24:22 - PINNTrainer - INFO - 压力对比图已保存: C:\Users\16281\Desktop\cpedc_project\outputs\mk_pinn_dt_v2\M4_pressure_comparison.png
