2026-02-14 16:01:14 - PINNTrainer - INFO -   CUDA: deterministic 模式（cudnn.benchmark=False）
2026-02-14 16:01:14 - PINNTrainer - INFO -   Mixed Precision (AMP) 已启用
2026-02-14 16:01:15 - PINNTrainer - INFO -   学习率: warmup 1000 步, 然后 Cosine 至 min_lr=1e-06
2026-02-14 16:01:15 - PINNTrainer - INFO -   SY9 数据锚点: 1025 条
2026-02-14 16:01:15 - PINNTrainer - WARNING -   M3 PVT 查询 cg 失败 ([Errno 2] No such file or directory: 'data/raw/附表5-PVT数据__2油藏流体恒质膨胀数据表.csv')，使用先验 0.013
2026-02-14 16:01:15 - PINNTrainer - INFO - ============================================================
2026-02-14 16:01:15 - PINNTrainer - INFO - PDE 物理缩放参数（诊断参数）
2026-02-14 16:01:15 - PINNTrainer - INFO - ============================================================
2026-02-14 16:01:15 - PINNTrainer - INFO -   域: Δx = 17400 m, Δy = 11000 m, t_max = 1331 d = 114998400 s
2026-02-14 16:01:15 - PINNTrainer - INFO -   sx = (2/Δx)² = 1.321178e-08 1/m², sy = (2/Δy)² = 3.305785e-08 1/m²
2026-02-14 16:01:15 - PINNTrainer - INFO -   p_ref = 76.0 MPa, T_ref = 141.39 ℃
2026-02-14 16:01:15 - PINNTrainer - INFO -   k = 0.146 mD = 1.440908e-16 m²
2026-02-14 16:01:15 - PINNTrainer - INFO -   φ = 0.0216
2026-02-14 16:01:15 - PINNTrainer - INFO -   μ_ref = 0.035 mPa·s = 3.500000e-05 Pa·s
2026-02-14 16:01:15 - PINNTrainer - INFO -   c_g_ref = 0.013000 1/MPa = 1.300000e-08 1/Pa  (来源: prior)
2026-02-14 16:01:15 - PINNTrainer - INFO -   c_r = 0.0 1/MPa = 0.000000e+00 1/Pa
2026-02-14 16:01:15 - PINNTrainer - INFO -   c_t = c_g + c_r = 1.300000e-08 1/Pa
2026-02-14 16:01:15 - PINNTrainer - INFO -   α_phys = k/(φ·μ·c_t) = 0.014661 m²/s
2026-02-14 16:01:15 - PINNTrainer - INFO -   αx = α_phys·t_max_s·sx = 0.022275
2026-02-14 16:01:15 - PINNTrainer - INFO -   αy = α_phys·t_max_s·sy = 0.055736
2026-02-14 16:01:15 - PINNTrainer - INFO -   near_well_ratio = 0.3
2026-02-14 16:01:15 - PINNTrainer - INFO - ------------------------------------------------------------
2026-02-14 16:01:15 - PINNTrainer - INFO - 敏感性分析 (μ_ref × cg_ref 区间端点):
2026-02-14 16:01:15 - PINNTrainer - INFO -   μ_ref ∈ [0.02, 0.06] mPa·s
2026-02-14 16:01:15 - PINNTrainer - INFO -   cg_ref ∈ [0.008, 0.02] 1/MPa
2026-02-14 16:01:15 - PINNTrainer - INFO -   α_phys ∈ [0.005559, 0.041693] m²/s
2026-02-14 16:01:15 - PINNTrainer - INFO -   αx ∈ [0.008446, 0.063346]
2026-02-14 16:01:15 - PINNTrainer - INFO -   αy ∈ [0.021133, 0.158500]
2026-02-14 16:01:15 - PINNTrainer - INFO - ------------------------------------------------------------
2026-02-14 16:01:15 - PINNTrainer - INFO - 2.5D 厚度场审计:
2026-02-14 16:01:15 - PINNTrainer - INFO -   h_min = nan m, h_max = nan m, h_mean = nan m
2026-02-14 16:01:15 - PINNTrainer - INFO -   log-thickness gradient |gx|_max = nan, |gy|_max = nan
2026-02-14 16:01:15 - PINNTrainer - INFO -   PDE 残差形式: dp/dt_n = αx(d²p/dx_n² + gx·dp/dx_n) + αy(d²p/dy_n² + gy·dp/dy_n)
2026-02-14 16:01:15 - PINNTrainer - INFO - ============================================================
2026-02-14 16:01:15 - PINNTrainer - INFO - PINNTrainer 初始化: device=cuda, lr=0.001, max_steps=500, batch_size=4096, params=416258
2026-02-14 16:01:15 - PINNTrainer - INFO - ============================================================
2026-02-14 16:01:15 - PINNTrainer - INFO - M4 PINN 基线训练开始
2026-02-14 16:01:15 - PINNTrainer - INFO - ============================================================
2026-02-14 16:01:15 - PINNTrainer - INFO - 训练阶段: A[0-50] B[50-175] C[175-350] D[350-500]
