2026-02-22 13:39:21 - UQRunner - INFO - UQRunner 初始化: n_ensemble=5, base_seed=20260209
2026-02-22 13:39:21 - UQRunner - INFO - 
==================================================
2026-02-22 13:39:21 - UQRunner - INFO - Ensemble 1/5, seed=20260209
2026-02-22 13:39:21 - UQRunner - INFO - ==================================================
2026-02-22 13:39:21 - UQRunner - INFO -   扰动: k_frac_init=6.96 mD, p_init=73.5 MPa
2026-02-22 15:41:02 - UQRunner - INFO -   Ensemble 1 完成, k_frac=5.185 mD
2026-02-22 15:41:02 - UQRunner - INFO - 
==================================================
2026-02-22 15:41:02 - UQRunner - INFO - Ensemble 2/5, seed=20261209
2026-02-22 15:41:02 - UQRunner - INFO - ==================================================
2026-02-22 15:41:02 - UQRunner - INFO -   扰动: k_frac_init=5.87 mD, p_init=73.2 MPa
2026-02-22 17:40:51 - UQRunner - INFO -   Ensemble 2 完成, k_frac=4.394 mD
2026-02-22 17:40:51 - UQRunner - INFO - 
==================================================
2026-02-22 17:40:51 - UQRunner - INFO - Ensemble 3/5, seed=20262209
2026-02-22 17:40:51 - UQRunner - INFO - ==================================================
2026-02-22 17:40:51 - UQRunner - INFO -   扰动: k_frac_init=11.58 mD, p_init=77.9 MPa
2026-02-22 19:36:47 - UQRunner - INFO -   Ensemble 3 完成, k_frac=7.852 mD
2026-02-22 19:36:47 - UQRunner - INFO - 
==================================================
2026-02-22 19:36:47 - UQRunner - INFO - Ensemble 4/5, seed=20263209
2026-02-22 19:36:47 - UQRunner - INFO - ==================================================
2026-02-22 19:36:47 - UQRunner - INFO -   扰动: k_frac_init=6.68 mD, p_init=73.1 MPa
2026-02-22 21:31:49 - UQRunner - INFO -   Ensemble 4 完成, k_frac=7.155 mD
2026-02-22 21:31:49 - UQRunner - INFO - 
==================================================
2026-02-22 21:31:49 - UQRunner - INFO - Ensemble 5/5, seed=20264209
2026-02-22 21:31:49 - UQRunner - INFO - ==================================================
2026-02-22 21:31:49 - UQRunner - INFO -   扰动: k_frac_init=7.89 mD, p_init=78.2 MPa
