2026-03-01 23:10:42 - WaterInvasion - INFO - WaterInvasionAnalyzer v4.1 初始化: Swc=0.26, Sgr=0.05, 见水线Sw*=0.398 (R_w=0.2), train_frac=70%, M6连通性=未接入
2026-03-01 23:10:42 - WaterInvasion - INFO - 附表6-TDS时间序列加载: SYX211, 24个样本, t_day=[1630, 3518], TDS=[88991, 138138] mg/L
2026-03-01 23:10:42 - WaterInvasion - INFO - 附表6-TDS时间序列加载: SY102, 112个样本, t_day=[1825, 3488], TDS=[107, 120594] mg/L
2026-03-01 23:10:42 - WaterInvasion - INFO - 附表6-TDS时间序列加载: SY116, 173个样本, t_day=[2081, 3517], TDS=[31, 204893] mg/L
2026-03-01 23:10:42 - WaterInvasion - INFO - 附表6-TDS时间序列加载: SY101, 382个样本, t_day=[439, 3518], TDS=[62, 144753] mg/L
2026-03-01 23:10:42 - WaterInvasion - INFO - 附表6-TDS时间序列加载: SY13, 406个样本, t_day=[191, 3518], TDS=[52, 84797] mg/L
2026-03-01 23:10:42 - WaterInvasion - INFO - 附表6-TDS时间序列加载: SY9, 173个样本, t_day=[1, 3518], TDS=[55, 105158] mg/L
2026-03-01 23:10:42 - WaterInvasion - INFO - 附表6-TDS时间序列加载: SY201, 144个样本, t_day=[392, 3519], TDS=[31, 29586] mg/L
2026-03-01 23:10:42 - WaterInvasion - INFO -   SYX211: 已见水 (score=1.000, F_gwc=1.00, F_tds=1.00, F_wiri=1.00)
2026-03-01 23:10:42 - WaterInvasion - INFO -   SY116: 高风险 (score=0.886, F_gwc=1.00, F_tds=1.00, F_wiri=0.43)
2026-03-01 23:10:42 - WaterInvasion - INFO -   SY102: 高风险 (score=0.833, F_gwc=0.80, F_tds=1.00, F_wiri=0.57)
2026-03-01 23:10:42 - WaterInvasion - INFO -   SY101: 高风险 (score=0.756, F_gwc=0.76, F_tds=1.00, F_wiri=0.26)
2026-03-01 23:10:42 - WaterInvasion - INFO -   SY13: 高风险 (score=0.737, F_gwc=0.85, F_tds=0.81, F_wiri=0.36)
2026-03-01 23:10:42 - WaterInvasion - INFO -   SY9: 中风险 (score=0.550, F_gwc=0.26, F_tds=1.00, F_wiri=0.24)
2026-03-01 23:10:42 - WaterInvasion - INFO -   SY201: 低风险 (score=0.296, F_gwc=0.39, F_tds=0.28, F_wiri=0.15)
2026-03-01 23:10:42 - WaterInvasion - INFO - 附表6-TDS时间序列加载: SY9, 173个样本, t_day=[1, 3518], TDS=[55, 105158] mg/L
2026-03-01 23:10:42 - WaterInvasion - INFO - TDS标定[SY9]: Sw_0=0.2732, λ_BL=5.00e-03/天, f_brine@t_cut=0.019
2026-03-01 23:10:42 - WaterInvasion - INFO - 策略对比 (SY9): 稳产Gp=1070.8M > 阶梯Gp=790.9M > 控压Gp=835.3M m³, Sw末期: 0.260/0.273/0.273
2026-03-01 23:10:43 - WaterInvasion - INFO - 水侵预警仪表盘已保存: C:\Users\Administrator\Desktop\cpedc_project\outputs\mk_pinn_dt_v2\figs\M7_water_invasion_dashboard.png
2026-03-01 23:10:43 - WaterInvasion - INFO - 附表6-TDS时间序列加载: SY9, 173个样本, t_day=[1, 3518], TDS=[55, 105158] mg/L
2026-03-01 23:10:43 - WaterInvasion - INFO - TDS标定[SY9]: Sw_0=0.2732, λ_BL=5.00e-03/天, f_brine@t_cut=0.019
2026-03-01 23:10:43 - WaterInvasion - INFO - 策略对比 (SY9): 稳产Gp=1070.8M > 阶梯Gp=790.9M > 控压Gp=835.3M m³, Sw末期: 0.260/0.273/0.273
2026-03-01 23:10:44 - WaterInvasion - INFO - 制度优化对比图已保存: C:\Users\Administrator\Desktop\cpedc_project\outputs\mk_pinn_dt_v2\figs\M7_strategy_comparison.png
2026-03-01 23:10:44 - WaterInvasion - INFO - 附表6-TDS时间序列加载: SY9, 173个样本, t_day=[1, 3518], TDS=[55, 105158] mg/L
2026-03-01 23:10:46 - WaterInvasion - INFO - Sw-TDS验证图已保存: C:\Users\Administrator\Desktop\cpedc_project\outputs\mk_pinn_dt_v2\figs\M7_sw_vs_tds_validation.png
2026-03-01 23:10:46 - WaterInvasion - INFO - 附表6-TDS时间序列加载: SY9, 173个样本, t_day=[1, 3518], TDS=[55, 105158] mg/L
2026-03-01 23:10:46 - WaterInvasion - INFO - 附表6-TDS时间序列加载: SY13, 406个样本, t_day=[191, 3518], TDS=[52, 84797] mg/L
2026-03-01 23:10:46 - WaterInvasion - INFO - 附表6-TDS时间序列加载: SY101, 382个样本, t_day=[439, 3518], TDS=[62, 144753] mg/L
2026-03-01 23:10:46 - WaterInvasion - INFO - 附表6-TDS时间序列加载: SY102, 112个样本, t_day=[1825, 3488], TDS=[107, 120594] mg/L
2026-03-01 23:10:46 - WaterInvasion - INFO - 附表6-TDS时间序列加载: SY116, 173个样本, t_day=[2081, 3517], TDS=[31, 204893] mg/L
2026-03-01 23:10:46 - WaterInvasion - INFO - 附表6-TDS时间序列加载: SY201, 144个样本, t_day=[392, 3519], TDS=[31, 29586] mg/L
2026-03-01 23:10:46 - WaterInvasion - INFO - 附表6-TDS时间序列加载: SYX211, 24个样本, t_day=[1630, 3518], TDS=[88991, 138138] mg/L
2026-03-01 23:10:47 - WaterInvasion - INFO - 多井TDS仪表板已保存: C:\Users\Administrator\Desktop\cpedc_project\outputs\mk_pinn_dt_v2\figs\M7_multiwell_tds_dashboard.png
2026-03-01 23:10:47 - WaterInvasion - INFO - 附表6-TDS时间序列加载: SY9, 173个样本, t_day=[1, 3518], TDS=[55, 105158] mg/L
2026-03-01 23:10:47 - WaterInvasion - INFO - 附表6-TDS时间序列加载: SY13, 406个样本, t_day=[191, 3518], TDS=[52, 84797] mg/L
2026-03-01 23:10:47 - WaterInvasion - INFO - 附表6-TDS时间序列加载: SY101, 382个样本, t_day=[439, 3518], TDS=[62, 144753] mg/L
2026-03-01 23:10:47 - WaterInvasion - INFO - 附表6-TDS时间序列加载: SY102, 112个样本, t_day=[1825, 3488], TDS=[107, 120594] mg/L
2026-03-01 23:10:47 - WaterInvasion - INFO - 附表6-TDS时间序列加载: SY116, 173个样本, t_day=[2081, 3517], TDS=[31, 204893] mg/L
2026-03-01 23:10:47 - WaterInvasion - INFO - 附表6-TDS时间序列加载: SY201, 144个样本, t_day=[392, 3519], TDS=[31, 29586] mg/L
2026-03-01 23:10:47 - WaterInvasion - INFO - 附表6-TDS时间序列加载: SYX211, 24个样本, t_day=[1630, 3518], TDS=[88991, 138138] mg/L
2026-03-01 23:10:48 - WaterInvasion - INFO - TDS-WIRI交叉验证图已保存: C:\Users\Administrator\Desktop\cpedc_project\outputs\mk_pinn_dt_v2\figs\M7_tds_vs_wiri_crossvalidation.png
2026-03-01 23:10:50 - WaterInvasion - INFO - 水型演化图已保存: C:\Users\Administrator\Desktop\cpedc_project\outputs\mk_pinn_dt_v2\figs\M7_water_type_timeline.png
2026-03-01 23:10:50 - WaterInvasion - INFO - 附表6-TDS时间序列加载: SY9, 173个样本, t_day=[1, 3518], TDS=[55, 105158] mg/L
2026-03-01 23:10:50 - WaterInvasion - INFO - TDS标定[SY9]: Sw_0=0.2732, λ_BL=5.00e-03/天, f_brine@t_cut=0.019
2026-03-01 23:10:50 - WaterInvasion - INFO - Pareto扫描完成: 10种方案, 耗时0.1秒
2026-03-01 23:10:50 - WaterInvasion - INFO -   Pareto拐点: dp_boost=0.5 MPa, Gp=1039.2M m³, Sw_end=0.273
2026-03-01 23:10:50 - WaterInvasion - INFO - Pareto前沿图已保存: C:\Users\Administrator\Desktop\cpedc_project\outputs\mk_pinn_dt_v2\figs\M7_pareto_frontier.png
2026-03-01 23:10:50 - WaterInvasion - INFO - 敏感性分析完成: 5个参数, 耗时0.0秒
2026-03-01 23:10:51 - WaterInvasion - INFO - 敏感性Tornado图已保存: C:\Users\Administrator\Desktop\cpedc_project\outputs\mk_pinn_dt_v2\figs\M7_sensitivity_tornado.png
2026-03-01 23:10:51 - WaterInvasion - INFO - 碳减排量化: 传统30.0h/7.84kgCO₂ → PINN 0.33h/0.087kgCO₂, 减排98.9%, 加速90×
2026-03-01 23:10:51 - WaterInvasion - INFO - 附表6-TDS时间序列加载: SY9, 173个样本, t_day=[1, 3518], TDS=[55, 105158] mg/L
2026-03-01 23:10:51 - WaterInvasion - INFO - TDS标定[SY9]: Sw_0=0.2732, λ_BL=5.00e-03/天, f_brine@t_cut=0.019
2026-03-01 23:10:51 - WaterInvasion - INFO - 策略对比 (SY9): 稳产Gp=1070.8M > 阶梯Gp=790.9M > 控压Gp=835.3M m³, Sw末期: 0.260/0.273/0.273
2026-03-01 23:10:51 - WaterInvasion - INFO - 策略经济评价:
2026-03-01 23:10:51 - WaterInvasion - INFO -   稳产方案: 收入2677.1M元, 水处理6.30M元, NPV=2294.3M元
2026-03-01 23:10:51 - WaterInvasion - INFO -   阶梯降产: 收入1977.3M元, 水处理6.30M元, NPV=1746.9M元
2026-03-01 23:10:51 - WaterInvasion - INFO -   控压方案: 收入2088.2M元, 水处理6.30M元, NPV=1836.6M元
2026-03-01 23:10:51 - WaterInvasion - INFO - 附表6-TDS时间序列加载: SY9, 173个样本, t_day=[1, 3518], TDS=[55, 105158] mg/L
2026-03-01 23:10:51 - WaterInvasion - INFO - TDS滞后互相关: 最佳lag=132天, R=0.309, 零滞后R=-0.146
2026-03-01 23:10:51 - WaterInvasion - INFO - 策略验证通过: 稳产(1070.8M) > 阶梯(790.9M) > 控压(835.3M)
2026-03-01 23:10:51 - WaterInvasion - INFO - 附表6-TDS时间序列加载: SY9, 173个样本, t_day=[1, 3518], TDS=[55, 105158] mg/L
2026-03-01 23:10:51 - WaterInvasion - INFO - 附表6-TDS时间序列加载: SY13, 406个样本, t_day=[191, 3518], TDS=[52, 84797] mg/L
2026-03-01 23:10:51 - WaterInvasion - INFO - 附表6-TDS时间序列加载: SY101, 382个样本, t_day=[439, 3518], TDS=[62, 144753] mg/L
2026-03-01 23:10:51 - WaterInvasion - INFO - 附表6-TDS时间序列加载: SY102, 112个样本, t_day=[1825, 3488], TDS=[107, 120594] mg/L
2026-03-01 23:10:51 - WaterInvasion - INFO - 附表6-TDS时间序列加载: SY116, 173个样本, t_day=[2081, 3517], TDS=[31, 204893] mg/L
2026-03-01 23:10:51 - WaterInvasion - INFO - 附表6-TDS时间序列加载: SY201, 144个样本, t_day=[392, 3519], TDS=[31, 29586] mg/L
2026-03-01 23:10:51 - WaterInvasion - INFO - 附表6-TDS时间序列加载: SYX211, 24个样本, t_day=[1630, 3518], TDS=[88991, 138138] mg/L
2026-03-01 23:10:51 - WaterInvasion - INFO - 水侵预警报告已保存: C:\Users\Administrator\Desktop\cpedc_project\outputs\mk_pinn_dt_v2\reports\M7_water_invasion_report.md
2026-03-01 23:10:51 - WaterInvasion - INFO - M7全部输出生成完毕, 耗时9.5秒
