2026-03-01 22:03:30 - WaterInvasion - INFO - WaterInvasionAnalyzer v4.1 初始化: Swc=0.26, Sgr=0.05, 见水线Sw*=0.398 (R_w=0.2), train_frac=70%, M6连通性=未接入
2026-03-01 22:03:30 - WaterInvasion - INFO -   SYX211: 已见水 (score=1.000, 附表8实测确认, 高置信度)
2026-03-01 22:03:30 - WaterInvasion - INFO -   SY102: 高风险 (score=0.800, 附表3+构造图确认, 高置信度)
2026-03-01 22:03:30 - WaterInvasion - INFO -   SY9: 安全 (score=0.000, PINN直接推理, 高置信度)
2026-03-01 22:03:30 - WaterInvasion - INFO -   SY116: 未知 (score=0.000, M6未接入, 低置信度)
2026-03-01 22:03:30 - WaterInvasion - INFO -   SY101: 未知 (score=0.000, M6未接入, 低置信度)
2026-03-01 22:03:30 - WaterInvasion - INFO -   SY13: 未知 (score=0.000, M6未接入, 低置信度)
2026-03-01 22:03:30 - WaterInvasion - INFO -   SY201: 未知 (score=0.000, M6未接入, 低置信度)
2026-03-01 22:03:30 - WaterInvasion - INFO - 策略对比 (SY9): 稳产Gp=1089.5M > 阶梯Gp=790.9M > 控压Gp=837.3M m³, Sw末期: 0.260/0.260/0.260
2026-03-01 22:03:32 - WaterInvasion - INFO - 水侵预警仪表盘已保存: C:\Users\Administrator\Desktop\cpedc_project\outputs\mk_pinn_dt_v2\figs\M7_water_invasion_dashboard.png
2026-03-01 22:03:32 - WaterInvasion - INFO - 策略对比 (SY9): 稳产Gp=1089.5M > 阶梯Gp=790.9M > 控压Gp=837.3M m³, Sw末期: 0.260/0.260/0.260
2026-03-01 22:03:33 - WaterInvasion - INFO - 制度优化对比图已保存: C:\Users\Administrator\Desktop\cpedc_project\outputs\mk_pinn_dt_v2\figs\M7_strategy_comparison.png
2026-03-01 22:03:33 - WaterInvasion - INFO - 附表6-TDS时间序列加载: SY9, 173个样本, t_day=[1, 3518], TDS=[55, 105158] mg/L
2026-03-01 22:03:34 - WaterInvasion - INFO - Sw-TDS验证图已保存: C:\Users\Administrator\Desktop\cpedc_project\outputs\mk_pinn_dt_v2\figs\M7_sw_vs_tds_validation.png
2026-03-01 22:03:34 - WaterInvasion - INFO - 附表6-TDS时间序列加载: SY9, 173个样本, t_day=[1, 3518], TDS=[55, 105158] mg/L
2026-03-01 22:03:34 - WaterInvasion - INFO - 附表6-TDS时间序列加载: SY13, 406个样本, t_day=[191, 3518], TDS=[52, 84797] mg/L
2026-03-01 22:03:34 - WaterInvasion - INFO - 附表6-TDS时间序列加载: SY101, 382个样本, t_day=[439, 3518], TDS=[62, 144753] mg/L
2026-03-01 22:03:34 - WaterInvasion - INFO - 附表6-TDS时间序列加载: SY102, 112个样本, t_day=[1825, 3488], TDS=[107, 120594] mg/L
2026-03-01 22:03:35 - WaterInvasion - INFO - 附表6-TDS时间序列加载: SY116, 173个样本, t_day=[2081, 3517], TDS=[31, 204893] mg/L
2026-03-01 22:03:35 - WaterInvasion - INFO - 附表6-TDS时间序列加载: SY201, 144个样本, t_day=[392, 3519], TDS=[31, 29586] mg/L
2026-03-01 22:03:35 - WaterInvasion - INFO - 附表6-TDS时间序列加载: SYX211, 24个样本, t_day=[1630, 3518], TDS=[88991, 138138] mg/L
2026-03-01 22:03:36 - WaterInvasion - INFO - 多井TDS仪表板已保存: C:\Users\Administrator\Desktop\cpedc_project\outputs\mk_pinn_dt_v2\figs\M7_multiwell_tds_dashboard.png
2026-03-01 22:03:36 - WaterInvasion - WARNING - M6 WIRI未接入, 跳过交叉验证图
2026-03-01 22:03:36 - WaterInvasion - INFO - Pareto扫描完成: 10种方案, 耗时0.0秒
2026-03-01 22:03:36 - WaterInvasion - INFO -   Pareto拐点: dp_boost=0.5 MPa, Gp=1055.3M m³, Sw_end=0.260
2026-03-01 22:03:36 - WaterInvasion - INFO - Pareto前沿图已保存: C:\Users\Administrator\Desktop\cpedc_project\outputs\mk_pinn_dt_v2\figs\M7_pareto_frontier.png
2026-03-01 22:03:37 - WaterInvasion - INFO - 敏感性分析完成: 5个参数, 耗时0.0秒
2026-03-01 22:03:37 - WaterInvasion - INFO - 敏感性Tornado图已保存: C:\Users\Administrator\Desktop\cpedc_project\outputs\mk_pinn_dt_v2\figs\M7_sensitivity_tornado.png
2026-03-01 22:03:37 - WaterInvasion - INFO - 碳减排量化: 传统30.0h/7.84kgCO₂ → PINN 0.33h/0.087kgCO₂, 减排98.9%, 加速90×
2026-03-01 22:03:37 - WaterInvasion - INFO - 策略对比 (SY9): 稳产Gp=1089.5M > 阶梯Gp=790.9M > 控压Gp=837.3M m³, Sw末期: 0.260/0.260/0.260
2026-03-01 22:03:37 - WaterInvasion - INFO - 策略经济评价:
2026-03-01 22:03:37 - WaterInvasion - INFO -   稳产方案: 收入2723.8M元, 水处理0.00M元, NPV=2332.7M元
2026-03-01 22:03:37 - WaterInvasion - INFO -   阶梯降产: 收入1977.4M元, 水处理0.00M元, NPV=1748.7M元
2026-03-01 22:03:37 - WaterInvasion - INFO -   控压方案: 收入2093.2M元, 水处理0.00M元, NPV=1842.3M元
2026-03-01 22:03:37 - WaterInvasion - INFO - 附表6-TDS时间序列加载: SY9, 173个样本, t_day=[1, 3518], TDS=[55, 105158] mg/L
2026-03-01 22:03:37 - WaterInvasion - INFO - TDS滞后互相关: 最佳lag=-176天, R=0.000, 零滞后R=nan
2026-03-01 22:03:37 - WaterInvasion - INFO - 策略验证通过: 稳产(1089.5M) > 阶梯(790.9M) > 控压(837.3M)
2026-03-01 22:03:37 - WaterInvasion - INFO - 附表6-TDS时间序列加载: SY9, 173个样本, t_day=[1, 3518], TDS=[55, 105158] mg/L
2026-03-01 22:03:37 - WaterInvasion - INFO - 附表6-TDS时间序列加载: SY13, 406个样本, t_day=[191, 3518], TDS=[52, 84797] mg/L
2026-03-01 22:03:37 - WaterInvasion - INFO - 附表6-TDS时间序列加载: SY101, 382个样本, t_day=[439, 3518], TDS=[62, 144753] mg/L
2026-03-01 22:03:37 - WaterInvasion - INFO - 附表6-TDS时间序列加载: SY102, 112个样本, t_day=[1825, 3488], TDS=[107, 120594] mg/L
2026-03-01 22:03:37 - WaterInvasion - INFO - 附表6-TDS时间序列加载: SY116, 173个样本, t_day=[2081, 3517], TDS=[31, 204893] mg/L
2026-03-01 22:03:37 - WaterInvasion - INFO - 附表6-TDS时间序列加载: SY201, 144个样本, t_day=[392, 3519], TDS=[31, 29586] mg/L
2026-03-01 22:03:37 - WaterInvasion - INFO - 附表6-TDS时间序列加载: SYX211, 24个样本, t_day=[1630, 3518], TDS=[88991, 138138] mg/L
2026-03-01 22:03:37 - WaterInvasion - INFO - 水侵预警报告已保存: C:\Users\Administrator\Desktop\cpedc_project\outputs\mk_pinn_dt_v2\reports\M7_water_invasion_report.md
2026-03-01 22:03:37 - WaterInvasion - INFO - M7全部输出生成完毕, 耗时6.8秒
