2026-03-03 20:23:48 - WaterInvasion - INFO - WaterInvasionAnalyzer v6.0 初始化: Swc=0.26, Sgr=0.05, 见水线Sw*=0.398 (R_w=0.2), train_frac=70%, M6连通性=已接入
2026-03-03 20:23:48 - WaterInvasion - INFO - 附表6-TDS时间序列加载: SY9, 173个样本, t_day=[1, 3518], TDS=[55, 105158] mg/L
2026-03-03 20:23:48 - WaterInvasion - INFO - TDS→Sw经验模型[SY9]: 173个TDS点, Sw=[0.260, 0.860], t=[0, 1331]天
2026-03-03 20:23:48 - WaterInvasion - INFO - 附表6-TDS时间序列加载: SY13, 406个样本, t_day=[191, 3518], TDS=[52, 84797] mg/L
2026-03-03 20:23:48 - WaterInvasion - INFO - TDS→Sw经验模型[SY13]: 406个TDS点, Sw=[0.260, 0.410], t=[0, 1331]天
2026-03-03 20:23:48 - WaterInvasion - INFO - 附表6-TDS时间序列加载: SY201, 144个样本, t_day=[392, 3519], TDS=[31, 29586] mg/L
2026-03-03 20:23:48 - WaterInvasion - INFO - TDS→Sw经验模型[SY201]: 144个TDS点, Sw=[0.260, 0.290], t=[0, 1331]天
2026-03-03 20:23:48 - WaterInvasion - INFO - 附表6-TDS时间序列加载: SY101, 382个样本, t_day=[439, 3518], TDS=[62, 144753] mg/L
2026-03-03 20:23:48 - WaterInvasion - INFO - TDS→Sw经验模型[SY101]: 382个TDS点, Sw=[0.260, 0.823], t=[0, 1331]天
2026-03-03 20:23:48 - WaterInvasion - INFO - 附表6-TDS时间序列加载: SY102, 112个样本, t_day=[1825, 3488], TDS=[107, 120594] mg/L
2026-03-03 20:23:48 - WaterInvasion - INFO - TDS→Sw经验模型[SY102]: 112个TDS点, Sw=[0.260, 0.260], t=[0, 1331]天
2026-03-03 20:23:48 - WaterInvasion - INFO - 附表6-TDS时间序列加载: SY116, 173个样本, t_day=[2081, 3517], TDS=[31, 204893] mg/L
2026-03-03 20:23:48 - WaterInvasion - INFO - TDS→Sw经验模型[SY116]: 173个TDS点, Sw=[0.260, 0.260], t=[0, 1331]天
2026-03-03 20:23:48 - WaterInvasion - INFO - 附表6-TDS时间序列加载: SYX211, 24个样本, t_day=[1630, 3518], TDS=[88991, 138138] mg/L
2026-03-03 20:23:48 - WaterInvasion - INFO - TDS→Sw经验模型[SYX211]: 24个TDS点, Sw=[0.260, 0.260], t=[0, 1331]天
2026-03-03 20:23:48 - WaterInvasion - INFO - 附表6-TDS时间序列加载: SYX211, 24个样本, t_day=[1630, 3518], TDS=[88991, 138138] mg/L
2026-03-03 20:23:48 - WaterInvasion - INFO - 附表6-TDS时间序列加载: SY102, 112个样本, t_day=[1825, 3488], TDS=[107, 120594] mg/L
2026-03-03 20:23:48 - WaterInvasion - INFO - 附表6-TDS时间序列加载: SY116, 173个样本, t_day=[2081, 3517], TDS=[31, 204893] mg/L
2026-03-03 20:23:48 - WaterInvasion - INFO - 附表6-TDS时间序列加载: SY101, 382个样本, t_day=[439, 3518], TDS=[62, 144753] mg/L
2026-03-03 20:23:49 - WaterInvasion - INFO - 附表6-TDS时间序列加载: SY13, 406个样本, t_day=[191, 3518], TDS=[52, 84797] mg/L
2026-03-03 20:23:49 - WaterInvasion - INFO - 附表6-TDS时间序列加载: SY9, 173个样本, t_day=[1, 3518], TDS=[55, 105158] mg/L
2026-03-03 20:23:49 - WaterInvasion - INFO - 附表6-TDS时间序列加载: SY201, 144个样本, t_day=[392, 3519], TDS=[31, 29586] mg/L
2026-03-03 20:23:49 - WaterInvasion - INFO -   SYX211: 已见水 (score=1.000, F_gwc=1.00, F_tds=1.00[raw=1.000], F_wiri=1.00)
2026-03-03 20:23:49 - WaterInvasion - INFO -   SY102: 高风险 (score=0.811, F_gwc=0.80, F_tds=1.00[raw=1.000], F_wiri=0.57)
2026-03-03 20:23:49 - WaterInvasion - INFO -   SY116: 中风险 (score=0.526, F_gwc=1.00, F_tds=0.05[raw=0.054], F_wiri=0.43)
2026-03-03 20:23:49 - WaterInvasion - INFO -   SY13: 预警 (score=0.432, F_gwc=0.85, F_tds=0.00[raw=0.008], F_wiri=0.36)
2026-03-03 20:23:49 - WaterInvasion - INFO -   SY101: 预警 (score=0.373, F_gwc=0.76, F_tds=0.01[raw=0.012], F_wiri=0.26)
2026-03-03 20:23:49 - WaterInvasion - INFO -   SY201: 低风险 (score=0.192, F_gwc=0.39, F_tds=0.00[raw=0.004], F_wiri=0.15)
2026-03-03 20:23:49 - WaterInvasion - INFO -   SY9: 低风险 (score=0.166, F_gwc=0.26, F_tds=0.01[raw=0.012], F_wiri=0.24)
2026-03-03 20:23:49 - WaterInvasion - INFO - 附表6-TDS时间序列加载: SY9, 173个样本, t_day=[1, 3518], TDS=[55, 105158] mg/L
2026-03-03 20:23:49 - WaterInvasion - INFO - TDS标定[SY9]: Sw_0=0.3290(f0=0.100,forecast_median), λ_BL=8.00e-03/天
2026-03-03 20:23:49 - WaterInvasion - INFO - 附表6-TDS时间序列加载: SY9, 173个样本, t_day=[1, 3518], TDS=[55, 105158] mg/L
2026-03-03 20:23:49 - WaterInvasion - INFO - TDS→Sw经验模型[SY9]: 173个TDS点, Sw=[0.260, 0.919], t=[0, 1331]天
2026-03-03 20:23:49 - WaterInvasion - INFO - 策略对比 (SY9): 稳产Gp=1487.9M > 阶梯Gp=1192.4M > 控压Gp=1192.4M m³, Sw末期: 0.337/0.284/0.295
2026-03-03 20:23:50 - WaterInvasion - INFO - 水侵预警仪表盘已保存: C:\Users\16281\Desktop\cpedc_project\outputs\mk_pinn_dt_v2\figs\M7_water_invasion_dashboard.png
2026-03-03 20:23:50 - WaterInvasion - INFO - 附表6-TDS时间序列加载: SY9, 173个样本, t_day=[1, 3518], TDS=[55, 105158] mg/L
2026-03-03 20:23:50 - WaterInvasion - INFO - TDS标定[SY9]: Sw_0=0.3290(f0=0.100,forecast_median), λ_BL=8.00e-03/天
2026-03-03 20:23:50 - WaterInvasion - INFO - 附表6-TDS时间序列加载: SY9, 173个样本, t_day=[1, 3518], TDS=[55, 105158] mg/L
2026-03-03 20:23:50 - WaterInvasion - INFO - TDS→Sw经验模型[SY9]: 173个TDS点, Sw=[0.260, 0.919], t=[0, 1331]天
2026-03-03 20:23:50 - WaterInvasion - INFO - 策略对比 (SY9): 稳产Gp=1487.9M > 阶梯Gp=1192.4M > 控压Gp=1192.4M m³, Sw末期: 0.337/0.284/0.295
2026-03-03 20:23:51 - WaterInvasion - INFO - 制度优化对比图已保存: C:\Users\16281\Desktop\cpedc_project\outputs\mk_pinn_dt_v2\figs\M7_strategy_comparison.png
2026-03-03 20:23:51 - WaterInvasion - INFO - 附表6-TDS时间序列加载: SY9, 173个样本, t_day=[1, 3518], TDS=[55, 105158] mg/L
2026-03-03 20:23:51 - WaterInvasion - INFO - 附表6-TDS时间序列加载: SY9, 173个样本, t_day=[1, 3518], TDS=[55, 105158] mg/L
2026-03-03 20:23:51 - WaterInvasion - INFO - TDS→Sw经验模型[SY9]: 173个TDS点, Sw=[0.260, 0.892], t=[0, 1331]天
2026-03-03 20:23:52 - WaterInvasion - INFO - Sw-TDS验证图已保存: C:\Users\16281\Desktop\cpedc_project\outputs\mk_pinn_dt_v2\figs\M7_sw_vs_tds_validation.png
2026-03-03 20:23:52 - WaterInvasion - INFO - 附表6-TDS时间序列加载: SY9, 173个样本, t_day=[1, 3518], TDS=[55, 105158] mg/L
2026-03-03 20:23:52 - WaterInvasion - INFO - 附表6-TDS时间序列加载: SY13, 406个样本, t_day=[191, 3518], TDS=[52, 84797] mg/L
2026-03-03 20:23:52 - WaterInvasion - INFO - 附表6-TDS时间序列加载: SY101, 382个样本, t_day=[439, 3518], TDS=[62, 144753] mg/L
2026-03-03 20:23:52 - WaterInvasion - INFO - 附表6-TDS时间序列加载: SY102, 112个样本, t_day=[1825, 3488], TDS=[107, 120594] mg/L
2026-03-03 20:23:52 - WaterInvasion - INFO - 附表6-TDS时间序列加载: SY116, 173个样本, t_day=[2081, 3517], TDS=[31, 204893] mg/L
2026-03-03 20:23:52 - WaterInvasion - INFO - 附表6-TDS时间序列加载: SY201, 144个样本, t_day=[392, 3519], TDS=[31, 29586] mg/L
2026-03-03 20:23:52 - WaterInvasion - INFO - 附表6-TDS时间序列加载: SYX211, 24个样本, t_day=[1630, 3518], TDS=[88991, 138138] mg/L
2026-03-03 20:23:52 - WaterInvasion - INFO - 多井TDS仪表板已保存: C:\Users\16281\Desktop\cpedc_project\outputs\mk_pinn_dt_v2\figs\M7_multiwell_tds_dashboard.png
2026-03-03 20:23:52 - WaterInvasion - INFO - 附表6-TDS时间序列加载: SY9, 173个样本, t_day=[1, 3518], TDS=[55, 105158] mg/L
2026-03-03 20:23:52 - WaterInvasion - INFO - 附表6-TDS时间序列加载: SY13, 406个样本, t_day=[191, 3518], TDS=[52, 84797] mg/L
2026-03-03 20:23:52 - WaterInvasion - INFO - 附表6-TDS时间序列加载: SY101, 382个样本, t_day=[439, 3518], TDS=[62, 144753] mg/L
2026-03-03 20:23:52 - WaterInvasion - INFO - 附表6-TDS时间序列加载: SY102, 112个样本, t_day=[1825, 3488], TDS=[107, 120594] mg/L
2026-03-03 20:23:52 - WaterInvasion - INFO - 附表6-TDS时间序列加载: SY116, 173个样本, t_day=[2081, 3517], TDS=[31, 204893] mg/L
2026-03-03 20:23:53 - WaterInvasion - INFO - 附表6-TDS时间序列加载: SY201, 144个样本, t_day=[392, 3519], TDS=[31, 29586] mg/L
2026-03-03 20:23:53 - WaterInvasion - INFO - 附表6-TDS时间序列加载: SYX211, 24个样本, t_day=[1630, 3518], TDS=[88991, 138138] mg/L
2026-03-03 20:23:53 - WaterInvasion - INFO - TDS-WIRI交叉验证图已保存: C:\Users\16281\Desktop\cpedc_project\outputs\mk_pinn_dt_v2\figs\M7_tds_vs_wiri_crossvalidation.png
2026-03-03 20:23:54 - WaterInvasion - INFO - 水型演化图已保存: C:\Users\16281\Desktop\cpedc_project\outputs\mk_pinn_dt_v2\figs\M7_water_type_timeline.png
2026-03-03 20:23:54 - WaterInvasion - INFO - 附表6-TDS时间序列加载: SY9, 173个样本, t_day=[1, 3518], TDS=[55, 105158] mg/L
2026-03-03 20:23:54 - WaterInvasion - INFO - TDS标定[SY9]: Sw_0=0.3290(f0=0.100,forecast_median), λ_BL=8.00e-03/天
2026-03-03 20:23:54 - WaterInvasion - INFO - 附表6-TDS时间序列加载: SY9, 173个样本, t_day=[1, 3518], TDS=[55, 105158] mg/L
2026-03-03 20:23:54 - WaterInvasion - INFO - TDS→Sw经验模型[SY9]: 173个TDS点, Sw=[0.260, 0.860], t=[0, 1331]天
2026-03-03 20:23:54 - WaterInvasion - INFO - Pareto扫描完成: 10种方案, 耗时0.0秒
2026-03-03 20:23:54 - WaterInvasion - INFO -   Pareto拐点: dp_boost=0.5 MPa, Gp=2377.9M m³, Sw_end=0.410
2026-03-03 20:23:55 - WaterInvasion - INFO - Pareto前沿图已保存: C:\Users\16281\Desktop\cpedc_project\outputs\mk_pinn_dt_v2\figs\M7_pareto_frontier.png
2026-03-03 20:23:55 - WaterInvasion - INFO - 附表6-TDS时间序列加载: SY9, 173个样本, t_day=[1, 3518], TDS=[55, 105158] mg/L
2026-03-03 20:23:55 - WaterInvasion - INFO - TDS→Sw经验模型[SY9]: 173个TDS点, Sw=[0.260, 0.860], t=[0, 1331]天
2026-03-03 20:23:55 - WaterInvasion - INFO - 敏感性分析完成: 5个参数, 耗时0.0秒
2026-03-03 20:23:55 - WaterInvasion - INFO - 敏感性Tornado图已保存: C:\Users\16281\Desktop\cpedc_project\outputs\mk_pinn_dt_v2\figs\M7_sensitivity_tornado.png
2026-03-03 20:23:55 - WaterInvasion - INFO - 碳减排量化: 传统30.0h/7.84kgCO₂ → PINN 0.33h/0.087kgCO₂, 减排98.9%, 加速90×
2026-03-03 20:23:55 - WaterInvasion - INFO - 附表6-TDS时间序列加载: SY9, 173个样本, t_day=[1, 3518], TDS=[55, 105158] mg/L
2026-03-03 20:23:55 - WaterInvasion - INFO - TDS标定[SY9]: Sw_0=0.3290(f0=0.100,forecast_median), λ_BL=8.00e-03/天
2026-03-03 20:23:55 - WaterInvasion - INFO - 附表6-TDS时间序列加载: SY9, 173个样本, t_day=[1, 3518], TDS=[55, 105158] mg/L
2026-03-03 20:23:55 - WaterInvasion - INFO - TDS→Sw经验模型[SY9]: 173个TDS点, Sw=[0.260, 0.919], t=[0, 1331]天
2026-03-03 20:23:55 - WaterInvasion - INFO - 策略对比 (SY9): 稳产Gp=1487.9M > 阶梯Gp=1192.4M > 控压Gp=1192.4M m³, Sw末期: 0.337/0.284/0.295
2026-03-03 20:23:55 - WaterInvasion - INFO - 策略经济评价:
2026-03-03 20:23:55 - WaterInvasion - INFO -   稳产方案: 收入3719.8M元, 水处理3283.75M元, NPV=675.0M元
2026-03-03 20:23:55 - WaterInvasion - INFO -   阶梯降产: 收入2980.9M元, 水处理0.00M元, NPV=2652.7M元
2026-03-03 20:23:55 - WaterInvasion - INFO -   控压方案: 收入2980.9M元, 水处理0.01M元, NPV=2652.7M元
2026-03-03 20:23:55 - WaterInvasion - INFO - 附表6-TDS时间序列加载: SY9, 173个样本, t_day=[1, 3518], TDS=[55, 105158] mg/L
2026-03-03 20:23:55 - WaterInvasion - INFO - 附表6-TDS时间序列加载: SY9, 173个样本, t_day=[1, 3518], TDS=[55, 105158] mg/L
2026-03-03 20:23:55 - WaterInvasion - INFO - TDS→Sw经验模型[SY9]: 173个TDS点, Sw=[0.260, 0.860], t=[0, 1331]天
2026-03-03 20:23:55 - WaterInvasion - INFO - 附表6-TDS时间序列加载: SY13, 406个样本, t_day=[191, 3518], TDS=[52, 84797] mg/L
2026-03-03 20:23:55 - WaterInvasion - INFO - TDS→Sw经验模型[SY13]: 406个TDS点, Sw=[0.260, 0.410], t=[0, 1331]天
2026-03-03 20:23:55 - WaterInvasion - INFO - 附表6-TDS时间序列加载: SY201, 144个样本, t_day=[392, 3519], TDS=[31, 29586] mg/L
2026-03-03 20:23:55 - WaterInvasion - INFO - TDS→Sw经验模型[SY201]: 144个TDS点, Sw=[0.260, 0.290], t=[0, 1331]天
2026-03-03 20:23:55 - WaterInvasion - INFO - 附表6-TDS时间序列加载: SY101, 382个样本, t_day=[439, 3518], TDS=[62, 144753] mg/L
2026-03-03 20:23:55 - WaterInvasion - INFO - TDS→Sw经验模型[SY101]: 382个TDS点, Sw=[0.260, 0.823], t=[0, 1331]天
2026-03-03 20:23:55 - WaterInvasion - INFO - 附表6-TDS时间序列加载: SY102, 112个样本, t_day=[1825, 3488], TDS=[107, 120594] mg/L
2026-03-03 20:23:55 - WaterInvasion - INFO - TDS→Sw经验模型[SY102]: 112个TDS点, Sw=[0.260, 0.260], t=[0, 1331]天
2026-03-03 20:23:55 - WaterInvasion - INFO - 附表6-TDS时间序列加载: SY116, 173个样本, t_day=[2081, 3517], TDS=[31, 204893] mg/L
2026-03-03 20:23:55 - WaterInvasion - INFO - TDS→Sw经验模型[SY116]: 173个TDS点, Sw=[0.260, 0.260], t=[0, 1331]天
2026-03-03 20:23:55 - WaterInvasion - INFO - 附表6-TDS时间序列加载: SYX211, 24个样本, t_day=[1630, 3518], TDS=[88991, 138138] mg/L
2026-03-03 20:23:55 - WaterInvasion - INFO - TDS→Sw经验模型[SYX211]: 24个TDS点, Sw=[0.260, 0.260], t=[0, 1331]天
2026-03-03 20:23:55 - WaterInvasion - INFO - TDS滞后互相关: 最佳lag=0天, R=0.921, 零滞后R=0.921
2026-03-03 20:23:55 - WaterInvasion - INFO - 策略验证通过: 稳产(1487.9M) > 阶梯(1192.4M) > 控压(1192.4M)
2026-03-03 20:23:55 - WaterInvasion - INFO - 附表6-TDS时间序列加载: SY9, 173个样本, t_day=[1, 3518], TDS=[55, 105158] mg/L
2026-03-03 20:23:55 - WaterInvasion - INFO - 附表6-TDS时间序列加载: SY13, 406个样本, t_day=[191, 3518], TDS=[52, 84797] mg/L
2026-03-03 20:23:55 - WaterInvasion - INFO - 附表6-TDS时间序列加载: SY101, 382个样本, t_day=[439, 3518], TDS=[62, 144753] mg/L
2026-03-03 20:23:55 - WaterInvasion - INFO - 附表6-TDS时间序列加载: SY102, 112个样本, t_day=[1825, 3488], TDS=[107, 120594] mg/L
2026-03-03 20:23:55 - WaterInvasion - INFO - 附表6-TDS时间序列加载: SY116, 173个样本, t_day=[2081, 3517], TDS=[31, 204893] mg/L
2026-03-03 20:23:55 - WaterInvasion - INFO - 附表6-TDS时间序列加载: SY201, 144个样本, t_day=[392, 3519], TDS=[31, 29586] mg/L
2026-03-03 20:23:55 - WaterInvasion - INFO - 附表6-TDS时间序列加载: SYX211, 24个样本, t_day=[1630, 3518], TDS=[88991, 138138] mg/L
2026-03-03 20:23:55 - WaterInvasion - INFO - 附表6-TDS时间序列加载: SY9, 173个样本, t_day=[1, 3518], TDS=[55, 105158] mg/L
2026-03-03 20:23:55 - WaterInvasion - INFO - 水侵预警报告已保存: C:\Users\16281\Desktop\cpedc_project\outputs\mk_pinn_dt_v2\reports\M7_water_invasion_report.md
2026-03-03 20:23:55 - WaterInvasion - INFO - M7全部输出生成完毕, 耗时7.1秒
